[2021-09-14 18:32:07,666] {processor.py:162} INFO - Started process (PID=118) to work on /home/airflow/.local/lib/python3.8/site-packages/airflow/example_dags/example_python_operator.py
[2021-09-14 18:32:07,667] {processor.py:613} INFO - Processing file /home/airflow/.local/lib/python3.8/site-packages/airflow/example_dags/example_python_operator.py for tasks to queue
[2021-09-14 18:32:07,668] {logging_mixin.py:109} INFO - [2021-09-14 18:32:07,668] {dagbag.py:496} INFO - Filling up the DagBag from /home/airflow/.local/lib/python3.8/site-packages/airflow/example_dags/example_python_operator.py
[2021-09-14 18:32:07,682] {processor.py:623} INFO - DAG(s) dict_keys(['example_python_operator']) retrieved from /home/airflow/.local/lib/python3.8/site-packages/airflow/example_dags/example_python_operator.py
[2021-09-14 18:32:09,820] {logging_mixin.py:109} INFO - [2021-09-14 18:32:09,820] {dag.py:1833} INFO - Sync 1 DAGs
[2021-09-14 18:32:09,826] {logging_mixin.py:109} INFO - [2021-09-14 18:32:09,826] {dag.py:1852} INFO - Creating ORM DAG for example_python_operator
[2021-09-14 18:32:09,830] {logging_mixin.py:109} INFO - [2021-09-14 18:32:09,830] {dag.py:2306} INFO - Setting next_dagrun for example_python_operator to None
[2021-09-14 18:32:09,838] {processor.py:170} INFO - Processing /home/airflow/.local/lib/python3.8/site-packages/airflow/example_dags/example_python_operator.py took 2.175 seconds
[2021-09-14 18:32:40,101] {processor.py:162} INFO - Started process (PID=230) to work on /home/airflow/.local/lib/python3.8/site-packages/airflow/example_dags/example_python_operator.py
[2021-09-14 18:32:40,102] {processor.py:613} INFO - Processing file /home/airflow/.local/lib/python3.8/site-packages/airflow/example_dags/example_python_operator.py for tasks to queue
[2021-09-14 18:32:40,103] {logging_mixin.py:109} INFO - [2021-09-14 18:32:40,103] {dagbag.py:496} INFO - Filling up the DagBag from /home/airflow/.local/lib/python3.8/site-packages/airflow/example_dags/example_python_operator.py
[2021-09-14 18:32:40,113] {processor.py:623} INFO - DAG(s) dict_keys(['example_python_operator']) retrieved from /home/airflow/.local/lib/python3.8/site-packages/airflow/example_dags/example_python_operator.py
[2021-09-14 18:32:40,131] {logging_mixin.py:109} INFO - [2021-09-14 18:32:40,131] {dag.py:1833} INFO - Sync 1 DAGs
[2021-09-14 18:32:40,145] {logging_mixin.py:109} INFO - [2021-09-14 18:32:40,145] {dag.py:2306} INFO - Setting next_dagrun for example_python_operator to None
[2021-09-14 18:32:40,156] {processor.py:170} INFO - Processing /home/airflow/.local/lib/python3.8/site-packages/airflow/example_dags/example_python_operator.py took 0.057 seconds
[2021-09-14 18:33:10,860] {processor.py:162} INFO - Started process (PID=286) to work on /home/airflow/.local/lib/python3.8/site-packages/airflow/example_dags/example_python_operator.py
[2021-09-14 18:33:10,861] {processor.py:613} INFO - Processing file /home/airflow/.local/lib/python3.8/site-packages/airflow/example_dags/example_python_operator.py for tasks to queue
[2021-09-14 18:33:10,862] {logging_mixin.py:109} INFO - [2021-09-14 18:33:10,862] {dagbag.py:496} INFO - Filling up the DagBag from /home/airflow/.local/lib/python3.8/site-packages/airflow/example_dags/example_python_operator.py
[2021-09-14 18:33:10,872] {processor.py:623} INFO - DAG(s) dict_keys(['example_python_operator']) retrieved from /home/airflow/.local/lib/python3.8/site-packages/airflow/example_dags/example_python_operator.py
[2021-09-14 18:33:10,889] {logging_mixin.py:109} INFO - [2021-09-14 18:33:10,889] {dag.py:1833} INFO - Sync 1 DAGs
[2021-09-14 18:33:10,902] {logging_mixin.py:109} INFO - [2021-09-14 18:33:10,902] {dag.py:2306} INFO - Setting next_dagrun for example_python_operator to None
[2021-09-14 18:33:10,910] {processor.py:170} INFO - Processing /home/airflow/.local/lib/python3.8/site-packages/airflow/example_dags/example_python_operator.py took 0.053 seconds
[2021-09-14 18:33:41,950] {processor.py:162} INFO - Started process (PID=343) to work on /home/airflow/.local/lib/python3.8/site-packages/airflow/example_dags/example_python_operator.py
[2021-09-14 18:33:41,956] {processor.py:613} INFO - Processing file /home/airflow/.local/lib/python3.8/site-packages/airflow/example_dags/example_python_operator.py for tasks to queue
[2021-09-14 18:33:41,958] {logging_mixin.py:109} INFO - [2021-09-14 18:33:41,958] {dagbag.py:496} INFO - Filling up the DagBag from /home/airflow/.local/lib/python3.8/site-packages/airflow/example_dags/example_python_operator.py
[2021-09-14 18:33:41,976] {processor.py:623} INFO - DAG(s) dict_keys(['example_python_operator']) retrieved from /home/airflow/.local/lib/python3.8/site-packages/airflow/example_dags/example_python_operator.py
[2021-09-14 18:33:42,017] {logging_mixin.py:109} INFO - [2021-09-14 18:33:42,017] {dag.py:1833} INFO - Sync 1 DAGs
[2021-09-14 18:33:42,037] {logging_mixin.py:109} INFO - [2021-09-14 18:33:42,036] {dag.py:2306} INFO - Setting next_dagrun for example_python_operator to None
[2021-09-14 18:33:42,049] {processor.py:170} INFO - Processing /home/airflow/.local/lib/python3.8/site-packages/airflow/example_dags/example_python_operator.py took 0.102 seconds
[2021-09-14 18:34:12,180] {processor.py:162} INFO - Started process (PID=390) to work on /home/airflow/.local/lib/python3.8/site-packages/airflow/example_dags/example_python_operator.py
[2021-09-14 18:34:12,182] {processor.py:613} INFO - Processing file /home/airflow/.local/lib/python3.8/site-packages/airflow/example_dags/example_python_operator.py for tasks to queue
[2021-09-14 18:34:12,182] {logging_mixin.py:109} INFO - [2021-09-14 18:34:12,182] {dagbag.py:496} INFO - Filling up the DagBag from /home/airflow/.local/lib/python3.8/site-packages/airflow/example_dags/example_python_operator.py
[2021-09-14 18:34:12,193] {processor.py:623} INFO - DAG(s) dict_keys(['example_python_operator']) retrieved from /home/airflow/.local/lib/python3.8/site-packages/airflow/example_dags/example_python_operator.py
[2021-09-14 18:34:12,209] {logging_mixin.py:109} INFO - [2021-09-14 18:34:12,209] {dag.py:1833} INFO - Sync 1 DAGs
[2021-09-14 18:34:12,223] {logging_mixin.py:109} INFO - [2021-09-14 18:34:12,223] {dag.py:2306} INFO - Setting next_dagrun for example_python_operator to None
[2021-09-14 18:34:12,232] {processor.py:170} INFO - Processing /home/airflow/.local/lib/python3.8/site-packages/airflow/example_dags/example_python_operator.py took 0.054 seconds
[2021-09-14 18:34:42,343] {processor.py:162} INFO - Started process (PID=445) to work on /home/airflow/.local/lib/python3.8/site-packages/airflow/example_dags/example_python_operator.py
[2021-09-14 18:34:42,344] {processor.py:613} INFO - Processing file /home/airflow/.local/lib/python3.8/site-packages/airflow/example_dags/example_python_operator.py for tasks to queue
[2021-09-14 18:34:42,346] {logging_mixin.py:109} INFO - [2021-09-14 18:34:42,346] {dagbag.py:496} INFO - Filling up the DagBag from /home/airflow/.local/lib/python3.8/site-packages/airflow/example_dags/example_python_operator.py
[2021-09-14 18:34:42,356] {processor.py:623} INFO - DAG(s) dict_keys(['example_python_operator']) retrieved from /home/airflow/.local/lib/python3.8/site-packages/airflow/example_dags/example_python_operator.py
[2021-09-14 18:34:42,378] {logging_mixin.py:109} INFO - [2021-09-14 18:34:42,378] {dag.py:1833} INFO - Sync 1 DAGs
[2021-09-14 18:34:42,390] {logging_mixin.py:109} INFO - [2021-09-14 18:34:42,390] {dag.py:2306} INFO - Setting next_dagrun for example_python_operator to None
[2021-09-14 18:34:42,402] {processor.py:170} INFO - Processing /home/airflow/.local/lib/python3.8/site-packages/airflow/example_dags/example_python_operator.py took 0.062 seconds
[2021-09-14 18:35:12,704] {processor.py:162} INFO - Started process (PID=493) to work on /home/airflow/.local/lib/python3.8/site-packages/airflow/example_dags/example_python_operator.py
[2021-09-14 18:35:12,705] {processor.py:613} INFO - Processing file /home/airflow/.local/lib/python3.8/site-packages/airflow/example_dags/example_python_operator.py for tasks to queue
[2021-09-14 18:35:12,705] {logging_mixin.py:109} INFO - [2021-09-14 18:35:12,705] {dagbag.py:496} INFO - Filling up the DagBag from /home/airflow/.local/lib/python3.8/site-packages/airflow/example_dags/example_python_operator.py
[2021-09-14 18:35:12,714] {processor.py:623} INFO - DAG(s) dict_keys(['example_python_operator']) retrieved from /home/airflow/.local/lib/python3.8/site-packages/airflow/example_dags/example_python_operator.py
[2021-09-14 18:35:12,732] {logging_mixin.py:109} INFO - [2021-09-14 18:35:12,732] {dag.py:1833} INFO - Sync 1 DAGs
[2021-09-14 18:35:12,745] {logging_mixin.py:109} INFO - [2021-09-14 18:35:12,744] {dag.py:2306} INFO - Setting next_dagrun for example_python_operator to None
[2021-09-14 18:35:12,755] {processor.py:170} INFO - Processing /home/airflow/.local/lib/python3.8/site-packages/airflow/example_dags/example_python_operator.py took 0.054 seconds
[2021-09-14 18:35:43,555] {processor.py:162} INFO - Started process (PID=548) to work on /home/airflow/.local/lib/python3.8/site-packages/airflow/example_dags/example_python_operator.py
[2021-09-14 18:35:43,556] {processor.py:613} INFO - Processing file /home/airflow/.local/lib/python3.8/site-packages/airflow/example_dags/example_python_operator.py for tasks to queue
[2021-09-14 18:35:43,557] {logging_mixin.py:109} INFO - [2021-09-14 18:35:43,556] {dagbag.py:496} INFO - Filling up the DagBag from /home/airflow/.local/lib/python3.8/site-packages/airflow/example_dags/example_python_operator.py
[2021-09-14 18:35:43,566] {processor.py:623} INFO - DAG(s) dict_keys(['example_python_operator']) retrieved from /home/airflow/.local/lib/python3.8/site-packages/airflow/example_dags/example_python_operator.py
[2021-09-14 18:35:43,584] {logging_mixin.py:109} INFO - [2021-09-14 18:35:43,584] {dag.py:1833} INFO - Sync 1 DAGs
[2021-09-14 18:35:43,604] {logging_mixin.py:109} INFO - [2021-09-14 18:35:43,604] {dag.py:2306} INFO - Setting next_dagrun for example_python_operator to None
[2021-09-14 18:35:43,620] {processor.py:170} INFO - Processing /home/airflow/.local/lib/python3.8/site-packages/airflow/example_dags/example_python_operator.py took 0.068 seconds
[2021-09-14 18:36:14,190] {processor.py:162} INFO - Started process (PID=595) to work on /home/airflow/.local/lib/python3.8/site-packages/airflow/example_dags/example_python_operator.py
[2021-09-14 18:36:14,191] {processor.py:613} INFO - Processing file /home/airflow/.local/lib/python3.8/site-packages/airflow/example_dags/example_python_operator.py for tasks to queue
[2021-09-14 18:36:14,191] {logging_mixin.py:109} INFO - [2021-09-14 18:36:14,191] {dagbag.py:496} INFO - Filling up the DagBag from /home/airflow/.local/lib/python3.8/site-packages/airflow/example_dags/example_python_operator.py
[2021-09-14 18:36:14,201] {processor.py:623} INFO - DAG(s) dict_keys(['example_python_operator']) retrieved from /home/airflow/.local/lib/python3.8/site-packages/airflow/example_dags/example_python_operator.py
[2021-09-14 18:36:14,218] {logging_mixin.py:109} INFO - [2021-09-14 18:36:14,218] {dag.py:1833} INFO - Sync 1 DAGs
[2021-09-14 18:36:14,228] {logging_mixin.py:109} INFO - [2021-09-14 18:36:14,228] {dag.py:2306} INFO - Setting next_dagrun for example_python_operator to None
[2021-09-14 18:36:14,235] {processor.py:170} INFO - Processing /home/airflow/.local/lib/python3.8/site-packages/airflow/example_dags/example_python_operator.py took 0.049 seconds
[2021-09-14 18:36:44,837] {processor.py:162} INFO - Started process (PID=650) to work on /home/airflow/.local/lib/python3.8/site-packages/airflow/example_dags/example_python_operator.py
[2021-09-14 18:36:44,838] {processor.py:613} INFO - Processing file /home/airflow/.local/lib/python3.8/site-packages/airflow/example_dags/example_python_operator.py for tasks to queue
[2021-09-14 18:36:44,839] {logging_mixin.py:109} INFO - [2021-09-14 18:36:44,839] {dagbag.py:496} INFO - Filling up the DagBag from /home/airflow/.local/lib/python3.8/site-packages/airflow/example_dags/example_python_operator.py
[2021-09-14 18:36:44,847] {processor.py:623} INFO - DAG(s) dict_keys(['example_python_operator']) retrieved from /home/airflow/.local/lib/python3.8/site-packages/airflow/example_dags/example_python_operator.py
[2021-09-14 18:36:44,864] {logging_mixin.py:109} INFO - [2021-09-14 18:36:44,864] {dag.py:1833} INFO - Sync 1 DAGs
[2021-09-14 18:36:44,874] {logging_mixin.py:109} INFO - [2021-09-14 18:36:44,874] {dag.py:2306} INFO - Setting next_dagrun for example_python_operator to None
[2021-09-14 18:36:44,882] {processor.py:170} INFO - Processing /home/airflow/.local/lib/python3.8/site-packages/airflow/example_dags/example_python_operator.py took 0.048 seconds
[2021-09-14 18:37:15,180] {processor.py:162} INFO - Started process (PID=707) to work on /home/airflow/.local/lib/python3.8/site-packages/airflow/example_dags/example_python_operator.py
[2021-09-14 18:37:15,184] {processor.py:613} INFO - Processing file /home/airflow/.local/lib/python3.8/site-packages/airflow/example_dags/example_python_operator.py for tasks to queue
[2021-09-14 18:37:15,186] {logging_mixin.py:109} INFO - [2021-09-14 18:37:15,185] {dagbag.py:496} INFO - Filling up the DagBag from /home/airflow/.local/lib/python3.8/site-packages/airflow/example_dags/example_python_operator.py
[2021-09-14 18:37:15,215] {processor.py:623} INFO - DAG(s) dict_keys(['example_python_operator']) retrieved from /home/airflow/.local/lib/python3.8/site-packages/airflow/example_dags/example_python_operator.py
[2021-09-14 18:37:15,258] {logging_mixin.py:109} INFO - [2021-09-14 18:37:15,258] {dag.py:1833} INFO - Sync 1 DAGs
[2021-09-14 18:37:15,294] {logging_mixin.py:109} INFO - [2021-09-14 18:37:15,293] {dag.py:2306} INFO - Setting next_dagrun for example_python_operator to None
[2021-09-14 18:37:15,313] {processor.py:170} INFO - Processing /home/airflow/.local/lib/python3.8/site-packages/airflow/example_dags/example_python_operator.py took 0.136 seconds
[2021-09-14 18:37:45,747] {processor.py:162} INFO - Started process (PID=756) to work on /home/airflow/.local/lib/python3.8/site-packages/airflow/example_dags/example_python_operator.py
[2021-09-14 18:37:45,748] {processor.py:613} INFO - Processing file /home/airflow/.local/lib/python3.8/site-packages/airflow/example_dags/example_python_operator.py for tasks to queue
[2021-09-14 18:37:45,748] {logging_mixin.py:109} INFO - [2021-09-14 18:37:45,748] {dagbag.py:496} INFO - Filling up the DagBag from /home/airflow/.local/lib/python3.8/site-packages/airflow/example_dags/example_python_operator.py
[2021-09-14 18:37:45,761] {processor.py:623} INFO - DAG(s) dict_keys(['example_python_operator']) retrieved from /home/airflow/.local/lib/python3.8/site-packages/airflow/example_dags/example_python_operator.py
[2021-09-14 18:37:45,785] {logging_mixin.py:109} INFO - [2021-09-14 18:37:45,785] {dag.py:1833} INFO - Sync 1 DAGs
[2021-09-14 18:37:45,795] {logging_mixin.py:109} INFO - [2021-09-14 18:37:45,795] {dag.py:2306} INFO - Setting next_dagrun for example_python_operator to None
[2021-09-14 18:37:45,802] {processor.py:170} INFO - Processing /home/airflow/.local/lib/python3.8/site-packages/airflow/example_dags/example_python_operator.py took 0.059 seconds
[2021-09-14 18:38:16,474] {processor.py:162} INFO - Started process (PID=811) to work on /home/airflow/.local/lib/python3.8/site-packages/airflow/example_dags/example_python_operator.py
[2021-09-14 18:38:16,476] {processor.py:613} INFO - Processing file /home/airflow/.local/lib/python3.8/site-packages/airflow/example_dags/example_python_operator.py for tasks to queue
[2021-09-14 18:38:16,477] {logging_mixin.py:109} INFO - [2021-09-14 18:38:16,476] {dagbag.py:496} INFO - Filling up the DagBag from /home/airflow/.local/lib/python3.8/site-packages/airflow/example_dags/example_python_operator.py
[2021-09-14 18:38:16,489] {processor.py:623} INFO - DAG(s) dict_keys(['example_python_operator']) retrieved from /home/airflow/.local/lib/python3.8/site-packages/airflow/example_dags/example_python_operator.py
[2021-09-14 18:38:16,507] {logging_mixin.py:109} INFO - [2021-09-14 18:38:16,507] {dag.py:1833} INFO - Sync 1 DAGs
[2021-09-14 18:38:16,518] {logging_mixin.py:109} INFO - [2021-09-14 18:38:16,518] {dag.py:2306} INFO - Setting next_dagrun for example_python_operator to None
[2021-09-14 18:38:16,529] {processor.py:170} INFO - Processing /home/airflow/.local/lib/python3.8/site-packages/airflow/example_dags/example_python_operator.py took 0.059 seconds
[2021-09-14 18:38:46,718] {processor.py:162} INFO - Started process (PID=859) to work on /home/airflow/.local/lib/python3.8/site-packages/airflow/example_dags/example_python_operator.py
[2021-09-14 18:38:46,719] {processor.py:613} INFO - Processing file /home/airflow/.local/lib/python3.8/site-packages/airflow/example_dags/example_python_operator.py for tasks to queue
[2021-09-14 18:38:46,719] {logging_mixin.py:109} INFO - [2021-09-14 18:38:46,719] {dagbag.py:496} INFO - Filling up the DagBag from /home/airflow/.local/lib/python3.8/site-packages/airflow/example_dags/example_python_operator.py
[2021-09-14 18:38:46,728] {processor.py:623} INFO - DAG(s) dict_keys(['example_python_operator']) retrieved from /home/airflow/.local/lib/python3.8/site-packages/airflow/example_dags/example_python_operator.py
[2021-09-14 18:38:46,746] {logging_mixin.py:109} INFO - [2021-09-14 18:38:46,745] {dag.py:1833} INFO - Sync 1 DAGs
[2021-09-14 18:38:46,757] {logging_mixin.py:109} INFO - [2021-09-14 18:38:46,757] {dag.py:2306} INFO - Setting next_dagrun for example_python_operator to None
[2021-09-14 18:38:46,764] {processor.py:170} INFO - Processing /home/airflow/.local/lib/python3.8/site-packages/airflow/example_dags/example_python_operator.py took 0.049 seconds
[2021-09-14 18:39:17,276] {processor.py:162} INFO - Started process (PID=915) to work on /home/airflow/.local/lib/python3.8/site-packages/airflow/example_dags/example_python_operator.py
[2021-09-14 18:39:17,278] {processor.py:613} INFO - Processing file /home/airflow/.local/lib/python3.8/site-packages/airflow/example_dags/example_python_operator.py for tasks to queue
[2021-09-14 18:39:17,279] {logging_mixin.py:109} INFO - [2021-09-14 18:39:17,278] {dagbag.py:496} INFO - Filling up the DagBag from /home/airflow/.local/lib/python3.8/site-packages/airflow/example_dags/example_python_operator.py
[2021-09-14 18:39:17,291] {processor.py:623} INFO - DAG(s) dict_keys(['example_python_operator']) retrieved from /home/airflow/.local/lib/python3.8/site-packages/airflow/example_dags/example_python_operator.py
[2021-09-14 18:39:17,314] {logging_mixin.py:109} INFO - [2021-09-14 18:39:17,314] {dag.py:1833} INFO - Sync 1 DAGs
[2021-09-14 18:39:17,345] {logging_mixin.py:109} INFO - [2021-09-14 18:39:17,345] {dag.py:2306} INFO - Setting next_dagrun for example_python_operator to None
[2021-09-14 18:39:17,355] {processor.py:170} INFO - Processing /home/airflow/.local/lib/python3.8/site-packages/airflow/example_dags/example_python_operator.py took 0.084 seconds
[2021-09-14 18:39:47,544] {processor.py:162} INFO - Started process (PID=964) to work on /home/airflow/.local/lib/python3.8/site-packages/airflow/example_dags/example_python_operator.py
[2021-09-14 18:39:47,545] {processor.py:613} INFO - Processing file /home/airflow/.local/lib/python3.8/site-packages/airflow/example_dags/example_python_operator.py for tasks to queue
[2021-09-14 18:39:47,545] {logging_mixin.py:109} INFO - [2021-09-14 18:39:47,545] {dagbag.py:496} INFO - Filling up the DagBag from /home/airflow/.local/lib/python3.8/site-packages/airflow/example_dags/example_python_operator.py
[2021-09-14 18:39:47,554] {processor.py:623} INFO - DAG(s) dict_keys(['example_python_operator']) retrieved from /home/airflow/.local/lib/python3.8/site-packages/airflow/example_dags/example_python_operator.py
[2021-09-14 18:39:47,576] {logging_mixin.py:109} INFO - [2021-09-14 18:39:47,575] {dag.py:1833} INFO - Sync 1 DAGs
[2021-09-14 18:39:47,593] {logging_mixin.py:109} INFO - [2021-09-14 18:39:47,593] {dag.py:2306} INFO - Setting next_dagrun for example_python_operator to None
[2021-09-14 18:39:47,601] {processor.py:170} INFO - Processing /home/airflow/.local/lib/python3.8/site-packages/airflow/example_dags/example_python_operator.py took 0.061 seconds
[2021-09-14 18:40:18,628] {processor.py:162} INFO - Started process (PID=1021) to work on /home/airflow/.local/lib/python3.8/site-packages/airflow/example_dags/example_python_operator.py
[2021-09-14 18:40:18,631] {processor.py:613} INFO - Processing file /home/airflow/.local/lib/python3.8/site-packages/airflow/example_dags/example_python_operator.py for tasks to queue
[2021-09-14 18:40:18,632] {logging_mixin.py:109} INFO - [2021-09-14 18:40:18,632] {dagbag.py:496} INFO - Filling up the DagBag from /home/airflow/.local/lib/python3.8/site-packages/airflow/example_dags/example_python_operator.py
[2021-09-14 18:40:18,663] {processor.py:623} INFO - DAG(s) dict_keys(['example_python_operator']) retrieved from /home/airflow/.local/lib/python3.8/site-packages/airflow/example_dags/example_python_operator.py
[2021-09-14 18:40:18,705] {logging_mixin.py:109} INFO - [2021-09-14 18:40:18,705] {dag.py:1833} INFO - Sync 1 DAGs
[2021-09-14 18:40:18,749] {logging_mixin.py:109} INFO - [2021-09-14 18:40:18,749] {dag.py:2306} INFO - Setting next_dagrun for example_python_operator to None
[2021-09-14 18:40:18,766] {processor.py:170} INFO - Processing /home/airflow/.local/lib/python3.8/site-packages/airflow/example_dags/example_python_operator.py took 0.142 seconds
[2021-09-14 18:40:49,330] {processor.py:162} INFO - Started process (PID=1070) to work on /home/airflow/.local/lib/python3.8/site-packages/airflow/example_dags/example_python_operator.py
[2021-09-14 18:40:49,331] {processor.py:613} INFO - Processing file /home/airflow/.local/lib/python3.8/site-packages/airflow/example_dags/example_python_operator.py for tasks to queue
[2021-09-14 18:40:49,332] {logging_mixin.py:109} INFO - [2021-09-14 18:40:49,332] {dagbag.py:496} INFO - Filling up the DagBag from /home/airflow/.local/lib/python3.8/site-packages/airflow/example_dags/example_python_operator.py
[2021-09-14 18:40:49,341] {processor.py:623} INFO - DAG(s) dict_keys(['example_python_operator']) retrieved from /home/airflow/.local/lib/python3.8/site-packages/airflow/example_dags/example_python_operator.py
[2021-09-14 18:40:49,358] {logging_mixin.py:109} INFO - [2021-09-14 18:40:49,358] {dag.py:1833} INFO - Sync 1 DAGs
[2021-09-14 18:40:49,370] {logging_mixin.py:109} INFO - [2021-09-14 18:40:49,370] {dag.py:2306} INFO - Setting next_dagrun for example_python_operator to None
[2021-09-14 18:40:49,378] {processor.py:170} INFO - Processing /home/airflow/.local/lib/python3.8/site-packages/airflow/example_dags/example_python_operator.py took 0.051 seconds
[2021-09-14 18:41:19,716] {processor.py:162} INFO - Started process (PID=1128) to work on /home/airflow/.local/lib/python3.8/site-packages/airflow/example_dags/example_python_operator.py
[2021-09-14 18:41:19,717] {processor.py:613} INFO - Processing file /home/airflow/.local/lib/python3.8/site-packages/airflow/example_dags/example_python_operator.py for tasks to queue
[2021-09-14 18:41:19,717] {logging_mixin.py:109} INFO - [2021-09-14 18:41:19,717] {dagbag.py:496} INFO - Filling up the DagBag from /home/airflow/.local/lib/python3.8/site-packages/airflow/example_dags/example_python_operator.py
[2021-09-14 18:41:19,726] {processor.py:623} INFO - DAG(s) dict_keys(['example_python_operator']) retrieved from /home/airflow/.local/lib/python3.8/site-packages/airflow/example_dags/example_python_operator.py
[2021-09-14 18:41:19,748] {logging_mixin.py:109} INFO - [2021-09-14 18:41:19,748] {dag.py:1833} INFO - Sync 1 DAGs
[2021-09-14 18:41:19,760] {logging_mixin.py:109} INFO - [2021-09-14 18:41:19,760] {dag.py:2306} INFO - Setting next_dagrun for example_python_operator to None
[2021-09-14 18:41:19,769] {processor.py:170} INFO - Processing /home/airflow/.local/lib/python3.8/site-packages/airflow/example_dags/example_python_operator.py took 0.056 seconds
[2021-09-14 18:41:50,109] {processor.py:162} INFO - Started process (PID=1181) to work on /home/airflow/.local/lib/python3.8/site-packages/airflow/example_dags/example_python_operator.py
[2021-09-14 18:41:50,111] {processor.py:613} INFO - Processing file /home/airflow/.local/lib/python3.8/site-packages/airflow/example_dags/example_python_operator.py for tasks to queue
[2021-09-14 18:41:50,115] {logging_mixin.py:109} INFO - [2021-09-14 18:41:50,115] {dagbag.py:496} INFO - Filling up the DagBag from /home/airflow/.local/lib/python3.8/site-packages/airflow/example_dags/example_python_operator.py
[2021-09-14 18:41:50,147] {processor.py:623} INFO - DAG(s) dict_keys(['example_python_operator']) retrieved from /home/airflow/.local/lib/python3.8/site-packages/airflow/example_dags/example_python_operator.py
[2021-09-14 18:41:50,180] {logging_mixin.py:109} INFO - [2021-09-14 18:41:50,180] {dag.py:1833} INFO - Sync 1 DAGs
[2021-09-14 18:41:50,210] {logging_mixin.py:109} INFO - [2021-09-14 18:41:50,210] {dag.py:2306} INFO - Setting next_dagrun for example_python_operator to None
[2021-09-14 18:41:50,222] {processor.py:170} INFO - Processing /home/airflow/.local/lib/python3.8/site-packages/airflow/example_dags/example_python_operator.py took 0.117 seconds
[2021-09-14 18:42:20,388] {processor.py:162} INFO - Started process (PID=1231) to work on /home/airflow/.local/lib/python3.8/site-packages/airflow/example_dags/example_python_operator.py
[2021-09-14 18:42:20,389] {processor.py:613} INFO - Processing file /home/airflow/.local/lib/python3.8/site-packages/airflow/example_dags/example_python_operator.py for tasks to queue
[2021-09-14 18:42:20,389] {logging_mixin.py:109} INFO - [2021-09-14 18:42:20,389] {dagbag.py:496} INFO - Filling up the DagBag from /home/airflow/.local/lib/python3.8/site-packages/airflow/example_dags/example_python_operator.py
[2021-09-14 18:42:20,398] {processor.py:623} INFO - DAG(s) dict_keys(['example_python_operator']) retrieved from /home/airflow/.local/lib/python3.8/site-packages/airflow/example_dags/example_python_operator.py
[2021-09-14 18:42:20,413] {logging_mixin.py:109} INFO - [2021-09-14 18:42:20,413] {dag.py:1833} INFO - Sync 1 DAGs
[2021-09-14 18:42:20,421] {logging_mixin.py:109} INFO - [2021-09-14 18:42:20,421] {dag.py:2306} INFO - Setting next_dagrun for example_python_operator to None
[2021-09-14 18:42:20,431] {processor.py:170} INFO - Processing /home/airflow/.local/lib/python3.8/site-packages/airflow/example_dags/example_python_operator.py took 0.046 seconds
[2021-09-14 18:42:50,725] {processor.py:162} INFO - Started process (PID=1289) to work on /home/airflow/.local/lib/python3.8/site-packages/airflow/example_dags/example_python_operator.py
[2021-09-14 18:42:50,726] {processor.py:613} INFO - Processing file /home/airflow/.local/lib/python3.8/site-packages/airflow/example_dags/example_python_operator.py for tasks to queue
[2021-09-14 18:42:50,726] {logging_mixin.py:109} INFO - [2021-09-14 18:42:50,726] {dagbag.py:496} INFO - Filling up the DagBag from /home/airflow/.local/lib/python3.8/site-packages/airflow/example_dags/example_python_operator.py
[2021-09-14 18:42:50,735] {processor.py:623} INFO - DAG(s) dict_keys(['example_python_operator']) retrieved from /home/airflow/.local/lib/python3.8/site-packages/airflow/example_dags/example_python_operator.py
[2021-09-14 18:42:50,756] {logging_mixin.py:109} INFO - [2021-09-14 18:42:50,756] {dag.py:1833} INFO - Sync 1 DAGs
[2021-09-14 18:42:50,769] {logging_mixin.py:109} INFO - [2021-09-14 18:42:50,769] {dag.py:2306} INFO - Setting next_dagrun for example_python_operator to None
[2021-09-14 18:42:50,777] {processor.py:170} INFO - Processing /home/airflow/.local/lib/python3.8/site-packages/airflow/example_dags/example_python_operator.py took 0.056 seconds
[2021-09-14 18:43:21,103] {processor.py:162} INFO - Started process (PID=1338) to work on /home/airflow/.local/lib/python3.8/site-packages/airflow/example_dags/example_python_operator.py
[2021-09-14 18:43:21,106] {processor.py:613} INFO - Processing file /home/airflow/.local/lib/python3.8/site-packages/airflow/example_dags/example_python_operator.py for tasks to queue
[2021-09-14 18:43:21,107] {logging_mixin.py:109} INFO - [2021-09-14 18:43:21,107] {dagbag.py:496} INFO - Filling up the DagBag from /home/airflow/.local/lib/python3.8/site-packages/airflow/example_dags/example_python_operator.py
[2021-09-14 18:43:21,119] {processor.py:623} INFO - DAG(s) dict_keys(['example_python_operator']) retrieved from /home/airflow/.local/lib/python3.8/site-packages/airflow/example_dags/example_python_operator.py
[2021-09-14 18:43:21,150] {logging_mixin.py:109} INFO - [2021-09-14 18:43:21,150] {dag.py:1833} INFO - Sync 1 DAGs
[2021-09-14 18:43:21,181] {logging_mixin.py:109} INFO - [2021-09-14 18:43:21,181] {dag.py:2306} INFO - Setting next_dagrun for example_python_operator to None
[2021-09-14 18:43:21,195] {processor.py:170} INFO - Processing /home/airflow/.local/lib/python3.8/site-packages/airflow/example_dags/example_python_operator.py took 0.097 seconds
[2021-09-14 18:43:51,445] {processor.py:162} INFO - Started process (PID=1395) to work on /home/airflow/.local/lib/python3.8/site-packages/airflow/example_dags/example_python_operator.py
[2021-09-14 18:43:51,449] {processor.py:613} INFO - Processing file /home/airflow/.local/lib/python3.8/site-packages/airflow/example_dags/example_python_operator.py for tasks to queue
[2021-09-14 18:43:51,453] {logging_mixin.py:109} INFO - [2021-09-14 18:43:51,453] {dagbag.py:496} INFO - Filling up the DagBag from /home/airflow/.local/lib/python3.8/site-packages/airflow/example_dags/example_python_operator.py
[2021-09-14 18:43:51,480] {processor.py:623} INFO - DAG(s) dict_keys(['example_python_operator']) retrieved from /home/airflow/.local/lib/python3.8/site-packages/airflow/example_dags/example_python_operator.py
[2021-09-14 18:43:51,530] {logging_mixin.py:109} INFO - [2021-09-14 18:43:51,530] {dag.py:1833} INFO - Sync 1 DAGs
[2021-09-14 18:43:51,557] {logging_mixin.py:109} INFO - [2021-09-14 18:43:51,557] {dag.py:2306} INFO - Setting next_dagrun for example_python_operator to None
[2021-09-14 18:43:51,602] {processor.py:170} INFO - Processing /home/airflow/.local/lib/python3.8/site-packages/airflow/example_dags/example_python_operator.py took 0.160 seconds
[2021-09-14 18:44:22,227] {processor.py:162} INFO - Started process (PID=1451) to work on /home/airflow/.local/lib/python3.8/site-packages/airflow/example_dags/example_python_operator.py
[2021-09-14 18:44:22,228] {processor.py:613} INFO - Processing file /home/airflow/.local/lib/python3.8/site-packages/airflow/example_dags/example_python_operator.py for tasks to queue
[2021-09-14 18:44:22,229] {logging_mixin.py:109} INFO - [2021-09-14 18:44:22,229] {dagbag.py:496} INFO - Filling up the DagBag from /home/airflow/.local/lib/python3.8/site-packages/airflow/example_dags/example_python_operator.py
[2021-09-14 18:44:22,239] {processor.py:623} INFO - DAG(s) dict_keys(['example_python_operator']) retrieved from /home/airflow/.local/lib/python3.8/site-packages/airflow/example_dags/example_python_operator.py
[2021-09-14 18:44:22,258] {logging_mixin.py:109} INFO - [2021-09-14 18:44:22,258] {dag.py:1833} INFO - Sync 1 DAGs
[2021-09-14 18:44:22,275] {logging_mixin.py:109} INFO - [2021-09-14 18:44:22,275] {dag.py:2306} INFO - Setting next_dagrun for example_python_operator to None
[2021-09-14 18:44:22,286] {processor.py:170} INFO - Processing /home/airflow/.local/lib/python3.8/site-packages/airflow/example_dags/example_python_operator.py took 0.061 seconds
[2021-09-14 18:44:52,849] {processor.py:162} INFO - Started process (PID=1498) to work on /home/airflow/.local/lib/python3.8/site-packages/airflow/example_dags/example_python_operator.py
[2021-09-14 18:44:52,852] {processor.py:613} INFO - Processing file /home/airflow/.local/lib/python3.8/site-packages/airflow/example_dags/example_python_operator.py for tasks to queue
[2021-09-14 18:44:52,853] {logging_mixin.py:109} INFO - [2021-09-14 18:44:52,853] {dagbag.py:496} INFO - Filling up the DagBag from /home/airflow/.local/lib/python3.8/site-packages/airflow/example_dags/example_python_operator.py
[2021-09-14 18:44:52,866] {processor.py:623} INFO - DAG(s) dict_keys(['example_python_operator']) retrieved from /home/airflow/.local/lib/python3.8/site-packages/airflow/example_dags/example_python_operator.py
[2021-09-14 18:44:52,885] {logging_mixin.py:109} INFO - [2021-09-14 18:44:52,885] {dag.py:1833} INFO - Sync 1 DAGs
[2021-09-14 18:44:52,909] {logging_mixin.py:109} INFO - [2021-09-14 18:44:52,909] {dag.py:2306} INFO - Setting next_dagrun for example_python_operator to None
[2021-09-14 18:44:52,919] {processor.py:170} INFO - Processing /home/airflow/.local/lib/python3.8/site-packages/airflow/example_dags/example_python_operator.py took 0.074 seconds
[2021-09-14 18:45:23,092] {processor.py:162} INFO - Started process (PID=1554) to work on /home/airflow/.local/lib/python3.8/site-packages/airflow/example_dags/example_python_operator.py
[2021-09-14 18:45:23,093] {processor.py:613} INFO - Processing file /home/airflow/.local/lib/python3.8/site-packages/airflow/example_dags/example_python_operator.py for tasks to queue
[2021-09-14 18:45:23,093] {logging_mixin.py:109} INFO - [2021-09-14 18:45:23,093] {dagbag.py:496} INFO - Filling up the DagBag from /home/airflow/.local/lib/python3.8/site-packages/airflow/example_dags/example_python_operator.py
[2021-09-14 18:45:23,103] {processor.py:623} INFO - DAG(s) dict_keys(['example_python_operator']) retrieved from /home/airflow/.local/lib/python3.8/site-packages/airflow/example_dags/example_python_operator.py
[2021-09-14 18:45:23,121] {logging_mixin.py:109} INFO - [2021-09-14 18:45:23,120] {dag.py:1833} INFO - Sync 1 DAGs
[2021-09-14 18:45:23,135] {logging_mixin.py:109} INFO - [2021-09-14 18:45:23,135] {dag.py:2306} INFO - Setting next_dagrun for example_python_operator to None
[2021-09-14 18:45:23,146] {processor.py:170} INFO - Processing /home/airflow/.local/lib/python3.8/site-packages/airflow/example_dags/example_python_operator.py took 0.057 seconds
[2021-09-14 18:45:53,399] {processor.py:162} INFO - Started process (PID=1601) to work on /home/airflow/.local/lib/python3.8/site-packages/airflow/example_dags/example_python_operator.py
[2021-09-14 18:45:53,400] {processor.py:613} INFO - Processing file /home/airflow/.local/lib/python3.8/site-packages/airflow/example_dags/example_python_operator.py for tasks to queue
[2021-09-14 18:45:53,401] {logging_mixin.py:109} INFO - [2021-09-14 18:45:53,401] {dagbag.py:496} INFO - Filling up the DagBag from /home/airflow/.local/lib/python3.8/site-packages/airflow/example_dags/example_python_operator.py
[2021-09-14 18:45:53,414] {processor.py:623} INFO - DAG(s) dict_keys(['example_python_operator']) retrieved from /home/airflow/.local/lib/python3.8/site-packages/airflow/example_dags/example_python_operator.py
[2021-09-14 18:45:53,434] {logging_mixin.py:109} INFO - [2021-09-14 18:45:53,434] {dag.py:1833} INFO - Sync 1 DAGs
[2021-09-14 18:45:53,455] {logging_mixin.py:109} INFO - [2021-09-14 18:45:53,454] {dag.py:2306} INFO - Setting next_dagrun for example_python_operator to None
[2021-09-14 18:45:53,466] {processor.py:170} INFO - Processing /home/airflow/.local/lib/python3.8/site-packages/airflow/example_dags/example_python_operator.py took 0.070 seconds
[2021-09-14 18:46:24,444] {processor.py:162} INFO - Started process (PID=1656) to work on /home/airflow/.local/lib/python3.8/site-packages/airflow/example_dags/example_python_operator.py
[2021-09-14 18:46:24,446] {processor.py:613} INFO - Processing file /home/airflow/.local/lib/python3.8/site-packages/airflow/example_dags/example_python_operator.py for tasks to queue
[2021-09-14 18:46:24,446] {logging_mixin.py:109} INFO - [2021-09-14 18:46:24,446] {dagbag.py:496} INFO - Filling up the DagBag from /home/airflow/.local/lib/python3.8/site-packages/airflow/example_dags/example_python_operator.py
[2021-09-14 18:46:24,458] {processor.py:623} INFO - DAG(s) dict_keys(['example_python_operator']) retrieved from /home/airflow/.local/lib/python3.8/site-packages/airflow/example_dags/example_python_operator.py
[2021-09-14 18:46:24,478] {logging_mixin.py:109} INFO - [2021-09-14 18:46:24,478] {dag.py:1833} INFO - Sync 1 DAGs
[2021-09-14 18:46:24,493] {logging_mixin.py:109} INFO - [2021-09-14 18:46:24,493] {dag.py:2306} INFO - Setting next_dagrun for example_python_operator to None
[2021-09-14 18:46:24,505] {processor.py:170} INFO - Processing /home/airflow/.local/lib/python3.8/site-packages/airflow/example_dags/example_python_operator.py took 0.064 seconds
[2021-09-14 18:46:54,782] {processor.py:162} INFO - Started process (PID=1711) to work on /home/airflow/.local/lib/python3.8/site-packages/airflow/example_dags/example_python_operator.py
[2021-09-14 18:46:54,785] {processor.py:613} INFO - Processing file /home/airflow/.local/lib/python3.8/site-packages/airflow/example_dags/example_python_operator.py for tasks to queue
[2021-09-14 18:46:54,790] {logging_mixin.py:109} INFO - [2021-09-14 18:46:54,790] {dagbag.py:496} INFO - Filling up the DagBag from /home/airflow/.local/lib/python3.8/site-packages/airflow/example_dags/example_python_operator.py
[2021-09-14 18:46:54,837] {processor.py:623} INFO - DAG(s) dict_keys(['example_python_operator']) retrieved from /home/airflow/.local/lib/python3.8/site-packages/airflow/example_dags/example_python_operator.py
[2021-09-14 18:46:54,878] {logging_mixin.py:109} INFO - [2021-09-14 18:46:54,878] {dag.py:1833} INFO - Sync 1 DAGs
[2021-09-14 18:46:54,895] {logging_mixin.py:109} INFO - [2021-09-14 18:46:54,895] {dag.py:2306} INFO - Setting next_dagrun for example_python_operator to None
[2021-09-14 18:46:54,911] {processor.py:170} INFO - Processing /home/airflow/.local/lib/python3.8/site-packages/airflow/example_dags/example_python_operator.py took 0.136 seconds
[2021-09-14 18:47:25,353] {processor.py:162} INFO - Started process (PID=1758) to work on /home/airflow/.local/lib/python3.8/site-packages/airflow/example_dags/example_python_operator.py
[2021-09-14 18:47:25,354] {processor.py:613} INFO - Processing file /home/airflow/.local/lib/python3.8/site-packages/airflow/example_dags/example_python_operator.py for tasks to queue
[2021-09-14 18:47:25,354] {logging_mixin.py:109} INFO - [2021-09-14 18:47:25,354] {dagbag.py:496} INFO - Filling up the DagBag from /home/airflow/.local/lib/python3.8/site-packages/airflow/example_dags/example_python_operator.py
[2021-09-14 18:47:25,363] {processor.py:623} INFO - DAG(s) dict_keys(['example_python_operator']) retrieved from /home/airflow/.local/lib/python3.8/site-packages/airflow/example_dags/example_python_operator.py
[2021-09-14 18:47:25,382] {logging_mixin.py:109} INFO - [2021-09-14 18:47:25,382] {dag.py:1833} INFO - Sync 1 DAGs
[2021-09-14 18:47:25,396] {logging_mixin.py:109} INFO - [2021-09-14 18:47:25,396] {dag.py:2306} INFO - Setting next_dagrun for example_python_operator to None
[2021-09-14 18:47:25,404] {processor.py:170} INFO - Processing /home/airflow/.local/lib/python3.8/site-packages/airflow/example_dags/example_python_operator.py took 0.054 seconds
[2021-09-14 18:47:55,956] {processor.py:162} INFO - Started process (PID=1816) to work on /home/airflow/.local/lib/python3.8/site-packages/airflow/example_dags/example_python_operator.py
[2021-09-14 18:47:55,956] {processor.py:613} INFO - Processing file /home/airflow/.local/lib/python3.8/site-packages/airflow/example_dags/example_python_operator.py for tasks to queue
[2021-09-14 18:47:55,957] {logging_mixin.py:109} INFO - [2021-09-14 18:47:55,957] {dagbag.py:496} INFO - Filling up the DagBag from /home/airflow/.local/lib/python3.8/site-packages/airflow/example_dags/example_python_operator.py
[2021-09-14 18:47:55,966] {processor.py:623} INFO - DAG(s) dict_keys(['example_python_operator']) retrieved from /home/airflow/.local/lib/python3.8/site-packages/airflow/example_dags/example_python_operator.py
[2021-09-14 18:47:55,982] {logging_mixin.py:109} INFO - [2021-09-14 18:47:55,982] {dag.py:1833} INFO - Sync 1 DAGs
[2021-09-14 18:47:55,991] {logging_mixin.py:109} INFO - [2021-09-14 18:47:55,991] {dag.py:2306} INFO - Setting next_dagrun for example_python_operator to None
[2021-09-14 18:47:56,000] {processor.py:170} INFO - Processing /home/airflow/.local/lib/python3.8/site-packages/airflow/example_dags/example_python_operator.py took 0.047 seconds
[2021-09-14 18:48:27,032] {processor.py:162} INFO - Started process (PID=1864) to work on /home/airflow/.local/lib/python3.8/site-packages/airflow/example_dags/example_python_operator.py
[2021-09-14 18:48:27,033] {processor.py:613} INFO - Processing file /home/airflow/.local/lib/python3.8/site-packages/airflow/example_dags/example_python_operator.py for tasks to queue
[2021-09-14 18:48:27,033] {logging_mixin.py:109} INFO - [2021-09-14 18:48:27,033] {dagbag.py:496} INFO - Filling up the DagBag from /home/airflow/.local/lib/python3.8/site-packages/airflow/example_dags/example_python_operator.py
[2021-09-14 18:48:27,043] {processor.py:623} INFO - DAG(s) dict_keys(['example_python_operator']) retrieved from /home/airflow/.local/lib/python3.8/site-packages/airflow/example_dags/example_python_operator.py
[2021-09-14 18:48:27,059] {logging_mixin.py:109} INFO - [2021-09-14 18:48:27,059] {dag.py:1833} INFO - Sync 1 DAGs
[2021-09-14 18:48:27,069] {logging_mixin.py:109} INFO - [2021-09-14 18:48:27,068] {dag.py:2306} INFO - Setting next_dagrun for example_python_operator to None
[2021-09-14 18:48:27,076] {processor.py:170} INFO - Processing /home/airflow/.local/lib/python3.8/site-packages/airflow/example_dags/example_python_operator.py took 0.047 seconds
[2021-09-14 18:48:57,660] {processor.py:162} INFO - Started process (PID=1920) to work on /home/airflow/.local/lib/python3.8/site-packages/airflow/example_dags/example_python_operator.py
[2021-09-14 18:48:57,663] {processor.py:613} INFO - Processing file /home/airflow/.local/lib/python3.8/site-packages/airflow/example_dags/example_python_operator.py for tasks to queue
[2021-09-14 18:48:57,665] {logging_mixin.py:109} INFO - [2021-09-14 18:48:57,664] {dagbag.py:496} INFO - Filling up the DagBag from /home/airflow/.local/lib/python3.8/site-packages/airflow/example_dags/example_python_operator.py
[2021-09-14 18:48:57,679] {processor.py:623} INFO - DAG(s) dict_keys(['example_python_operator']) retrieved from /home/airflow/.local/lib/python3.8/site-packages/airflow/example_dags/example_python_operator.py
[2021-09-14 18:48:57,718] {logging_mixin.py:109} INFO - [2021-09-14 18:48:57,718] {dag.py:1833} INFO - Sync 1 DAGs
[2021-09-14 18:48:57,730] {logging_mixin.py:109} INFO - [2021-09-14 18:48:57,730] {dag.py:2306} INFO - Setting next_dagrun for example_python_operator to None
[2021-09-14 18:48:57,739] {processor.py:170} INFO - Processing /home/airflow/.local/lib/python3.8/site-packages/airflow/example_dags/example_python_operator.py took 0.087 seconds
[2021-09-14 18:49:28,297] {processor.py:162} INFO - Started process (PID=1976) to work on /home/airflow/.local/lib/python3.8/site-packages/airflow/example_dags/example_python_operator.py
[2021-09-14 18:49:28,298] {processor.py:613} INFO - Processing file /home/airflow/.local/lib/python3.8/site-packages/airflow/example_dags/example_python_operator.py for tasks to queue
[2021-09-14 18:49:28,300] {logging_mixin.py:109} INFO - [2021-09-14 18:49:28,300] {dagbag.py:496} INFO - Filling up the DagBag from /home/airflow/.local/lib/python3.8/site-packages/airflow/example_dags/example_python_operator.py
[2021-09-14 18:49:28,311] {processor.py:623} INFO - DAG(s) dict_keys(['example_python_operator']) retrieved from /home/airflow/.local/lib/python3.8/site-packages/airflow/example_dags/example_python_operator.py
[2021-09-14 18:49:28,339] {logging_mixin.py:109} INFO - [2021-09-14 18:49:28,339] {dag.py:1833} INFO - Sync 1 DAGs
[2021-09-14 18:49:28,355] {logging_mixin.py:109} INFO - [2021-09-14 18:49:28,355] {dag.py:2306} INFO - Setting next_dagrun for example_python_operator to None
[2021-09-14 18:49:28,368] {processor.py:170} INFO - Processing /home/airflow/.local/lib/python3.8/site-packages/airflow/example_dags/example_python_operator.py took 0.074 seconds
[2021-09-14 18:49:58,773] {processor.py:162} INFO - Started process (PID=2023) to work on /home/airflow/.local/lib/python3.8/site-packages/airflow/example_dags/example_python_operator.py
[2021-09-14 18:49:58,774] {processor.py:613} INFO - Processing file /home/airflow/.local/lib/python3.8/site-packages/airflow/example_dags/example_python_operator.py for tasks to queue
[2021-09-14 18:49:58,775] {logging_mixin.py:109} INFO - [2021-09-14 18:49:58,775] {dagbag.py:496} INFO - Filling up the DagBag from /home/airflow/.local/lib/python3.8/site-packages/airflow/example_dags/example_python_operator.py
[2021-09-14 18:49:58,784] {processor.py:623} INFO - DAG(s) dict_keys(['example_python_operator']) retrieved from /home/airflow/.local/lib/python3.8/site-packages/airflow/example_dags/example_python_operator.py
[2021-09-14 18:49:58,799] {logging_mixin.py:109} INFO - [2021-09-14 18:49:58,799] {dag.py:1833} INFO - Sync 1 DAGs
[2021-09-14 18:49:58,811] {logging_mixin.py:109} INFO - [2021-09-14 18:49:58,811] {dag.py:2306} INFO - Setting next_dagrun for example_python_operator to None
[2021-09-14 18:49:58,820] {processor.py:170} INFO - Processing /home/airflow/.local/lib/python3.8/site-packages/airflow/example_dags/example_python_operator.py took 0.049 seconds
[2021-09-14 18:50:29,079] {processor.py:162} INFO - Started process (PID=2078) to work on /home/airflow/.local/lib/python3.8/site-packages/airflow/example_dags/example_python_operator.py
[2021-09-14 18:50:29,080] {processor.py:613} INFO - Processing file /home/airflow/.local/lib/python3.8/site-packages/airflow/example_dags/example_python_operator.py for tasks to queue
[2021-09-14 18:50:29,082] {logging_mixin.py:109} INFO - [2021-09-14 18:50:29,082] {dagbag.py:496} INFO - Filling up the DagBag from /home/airflow/.local/lib/python3.8/site-packages/airflow/example_dags/example_python_operator.py
[2021-09-14 18:50:29,125] {processor.py:623} INFO - DAG(s) dict_keys(['example_python_operator']) retrieved from /home/airflow/.local/lib/python3.8/site-packages/airflow/example_dags/example_python_operator.py
[2021-09-14 18:50:29,202] {logging_mixin.py:109} INFO - [2021-09-14 18:50:29,202] {dag.py:1833} INFO - Sync 1 DAGs
[2021-09-14 18:50:29,221] {logging_mixin.py:109} INFO - [2021-09-14 18:50:29,221] {dag.py:2306} INFO - Setting next_dagrun for example_python_operator to None
[2021-09-14 18:50:29,230] {processor.py:170} INFO - Processing /home/airflow/.local/lib/python3.8/site-packages/airflow/example_dags/example_python_operator.py took 0.155 seconds
[2021-09-14 18:50:59,373] {processor.py:162} INFO - Started process (PID=2126) to work on /home/airflow/.local/lib/python3.8/site-packages/airflow/example_dags/example_python_operator.py
[2021-09-14 18:50:59,374] {processor.py:613} INFO - Processing file /home/airflow/.local/lib/python3.8/site-packages/airflow/example_dags/example_python_operator.py for tasks to queue
[2021-09-14 18:50:59,375] {logging_mixin.py:109} INFO - [2021-09-14 18:50:59,375] {dagbag.py:496} INFO - Filling up the DagBag from /home/airflow/.local/lib/python3.8/site-packages/airflow/example_dags/example_python_operator.py
[2021-09-14 18:50:59,389] {processor.py:623} INFO - DAG(s) dict_keys(['example_python_operator']) retrieved from /home/airflow/.local/lib/python3.8/site-packages/airflow/example_dags/example_python_operator.py
[2021-09-14 18:50:59,449] {logging_mixin.py:109} INFO - [2021-09-14 18:50:59,449] {dag.py:1833} INFO - Sync 1 DAGs
[2021-09-14 18:50:59,462] {logging_mixin.py:109} INFO - [2021-09-14 18:50:59,462] {dag.py:2306} INFO - Setting next_dagrun for example_python_operator to None
[2021-09-14 18:50:59,470] {processor.py:170} INFO - Processing /home/airflow/.local/lib/python3.8/site-packages/airflow/example_dags/example_python_operator.py took 0.100 seconds
[2021-09-14 18:51:29,870] {processor.py:162} INFO - Started process (PID=2187) to work on /home/airflow/.local/lib/python3.8/site-packages/airflow/example_dags/example_python_operator.py
[2021-09-14 18:51:29,871] {processor.py:613} INFO - Processing file /home/airflow/.local/lib/python3.8/site-packages/airflow/example_dags/example_python_operator.py for tasks to queue
[2021-09-14 18:51:29,872] {logging_mixin.py:109} INFO - [2021-09-14 18:51:29,872] {dagbag.py:496} INFO - Filling up the DagBag from /home/airflow/.local/lib/python3.8/site-packages/airflow/example_dags/example_python_operator.py
[2021-09-14 18:51:29,886] {processor.py:623} INFO - DAG(s) dict_keys(['example_python_operator']) retrieved from /home/airflow/.local/lib/python3.8/site-packages/airflow/example_dags/example_python_operator.py
[2021-09-14 18:51:29,912] {logging_mixin.py:109} INFO - [2021-09-14 18:51:29,912] {dag.py:1833} INFO - Sync 1 DAGs
[2021-09-14 18:51:29,926] {logging_mixin.py:109} INFO - [2021-09-14 18:51:29,926] {dag.py:2306} INFO - Setting next_dagrun for example_python_operator to None
[2021-09-14 18:51:29,934] {processor.py:170} INFO - Processing /home/airflow/.local/lib/python3.8/site-packages/airflow/example_dags/example_python_operator.py took 0.069 seconds
[2021-09-14 18:52:00,334] {processor.py:162} INFO - Started process (PID=2235) to work on /home/airflow/.local/lib/python3.8/site-packages/airflow/example_dags/example_python_operator.py
[2021-09-14 18:52:00,336] {processor.py:613} INFO - Processing file /home/airflow/.local/lib/python3.8/site-packages/airflow/example_dags/example_python_operator.py for tasks to queue
[2021-09-14 18:52:00,336] {logging_mixin.py:109} INFO - [2021-09-14 18:52:00,336] {dagbag.py:496} INFO - Filling up the DagBag from /home/airflow/.local/lib/python3.8/site-packages/airflow/example_dags/example_python_operator.py
[2021-09-14 18:52:00,349] {processor.py:623} INFO - DAG(s) dict_keys(['example_python_operator']) retrieved from /home/airflow/.local/lib/python3.8/site-packages/airflow/example_dags/example_python_operator.py
[2021-09-14 18:52:00,374] {logging_mixin.py:109} INFO - [2021-09-14 18:52:00,373] {dag.py:1833} INFO - Sync 1 DAGs
[2021-09-14 18:52:00,396] {logging_mixin.py:109} INFO - [2021-09-14 18:52:00,396] {dag.py:2306} INFO - Setting next_dagrun for example_python_operator to None
[2021-09-14 18:52:00,405] {processor.py:170} INFO - Processing /home/airflow/.local/lib/python3.8/site-packages/airflow/example_dags/example_python_operator.py took 0.075 seconds
[2021-09-14 18:52:30,561] {processor.py:162} INFO - Started process (PID=2293) to work on /home/airflow/.local/lib/python3.8/site-packages/airflow/example_dags/example_python_operator.py
[2021-09-14 18:52:30,562] {processor.py:613} INFO - Processing file /home/airflow/.local/lib/python3.8/site-packages/airflow/example_dags/example_python_operator.py for tasks to queue
[2021-09-14 18:52:30,563] {logging_mixin.py:109} INFO - [2021-09-14 18:52:30,563] {dagbag.py:496} INFO - Filling up the DagBag from /home/airflow/.local/lib/python3.8/site-packages/airflow/example_dags/example_python_operator.py
[2021-09-14 18:52:30,575] {processor.py:623} INFO - DAG(s) dict_keys(['example_python_operator']) retrieved from /home/airflow/.local/lib/python3.8/site-packages/airflow/example_dags/example_python_operator.py
[2021-09-14 18:52:30,595] {logging_mixin.py:109} INFO - [2021-09-14 18:52:30,595] {dag.py:1833} INFO - Sync 1 DAGs
[2021-09-14 18:52:30,611] {logging_mixin.py:109} INFO - [2021-09-14 18:52:30,611] {dag.py:2306} INFO - Setting next_dagrun for example_python_operator to None
[2021-09-14 18:52:30,653] {processor.py:170} INFO - Processing /home/airflow/.local/lib/python3.8/site-packages/airflow/example_dags/example_python_operator.py took 0.095 seconds
[2021-09-14 18:53:00,990] {processor.py:162} INFO - Started process (PID=2348) to work on /home/airflow/.local/lib/python3.8/site-packages/airflow/example_dags/example_python_operator.py
[2021-09-14 18:53:00,995] {processor.py:613} INFO - Processing file /home/airflow/.local/lib/python3.8/site-packages/airflow/example_dags/example_python_operator.py for tasks to queue
[2021-09-14 18:53:00,998] {logging_mixin.py:109} INFO - [2021-09-14 18:53:00,997] {dagbag.py:496} INFO - Filling up the DagBag from /home/airflow/.local/lib/python3.8/site-packages/airflow/example_dags/example_python_operator.py
[2021-09-14 18:53:01,015] {processor.py:623} INFO - DAG(s) dict_keys(['example_python_operator']) retrieved from /home/airflow/.local/lib/python3.8/site-packages/airflow/example_dags/example_python_operator.py
[2021-09-14 18:53:01,043] {logging_mixin.py:109} INFO - [2021-09-14 18:53:01,043] {dag.py:1833} INFO - Sync 1 DAGs
[2021-09-14 18:53:01,066] {logging_mixin.py:109} INFO - [2021-09-14 18:53:01,066] {dag.py:2306} INFO - Setting next_dagrun for example_python_operator to None
[2021-09-14 18:53:01,093] {processor.py:170} INFO - Processing /home/airflow/.local/lib/python3.8/site-packages/airflow/example_dags/example_python_operator.py took 0.107 seconds
[2021-09-14 18:53:31,447] {processor.py:162} INFO - Started process (PID=2395) to work on /home/airflow/.local/lib/python3.8/site-packages/airflow/example_dags/example_python_operator.py
[2021-09-14 18:53:31,450] {processor.py:613} INFO - Processing file /home/airflow/.local/lib/python3.8/site-packages/airflow/example_dags/example_python_operator.py for tasks to queue
[2021-09-14 18:53:31,451] {logging_mixin.py:109} INFO - [2021-09-14 18:53:31,451] {dagbag.py:496} INFO - Filling up the DagBag from /home/airflow/.local/lib/python3.8/site-packages/airflow/example_dags/example_python_operator.py
[2021-09-14 18:53:31,471] {processor.py:623} INFO - DAG(s) dict_keys(['example_python_operator']) retrieved from /home/airflow/.local/lib/python3.8/site-packages/airflow/example_dags/example_python_operator.py
[2021-09-14 18:53:31,526] {logging_mixin.py:109} INFO - [2021-09-14 18:53:31,526] {dag.py:1833} INFO - Sync 1 DAGs
[2021-09-14 18:53:31,554] {logging_mixin.py:109} INFO - [2021-09-14 18:53:31,554] {dag.py:2306} INFO - Setting next_dagrun for example_python_operator to None
[2021-09-14 18:53:31,570] {processor.py:170} INFO - Processing /home/airflow/.local/lib/python3.8/site-packages/airflow/example_dags/example_python_operator.py took 0.127 seconds
[2021-09-14 18:54:02,500] {processor.py:162} INFO - Started process (PID=2452) to work on /home/airflow/.local/lib/python3.8/site-packages/airflow/example_dags/example_python_operator.py
[2021-09-14 18:54:02,502] {processor.py:613} INFO - Processing file /home/airflow/.local/lib/python3.8/site-packages/airflow/example_dags/example_python_operator.py for tasks to queue
[2021-09-14 18:54:02,503] {logging_mixin.py:109} INFO - [2021-09-14 18:54:02,503] {dagbag.py:496} INFO - Filling up the DagBag from /home/airflow/.local/lib/python3.8/site-packages/airflow/example_dags/example_python_operator.py
[2021-09-14 18:54:02,565] {processor.py:623} INFO - DAG(s) dict_keys(['example_python_operator']) retrieved from /home/airflow/.local/lib/python3.8/site-packages/airflow/example_dags/example_python_operator.py
[2021-09-14 18:54:02,597] {logging_mixin.py:109} INFO - [2021-09-14 18:54:02,597] {dag.py:1833} INFO - Sync 1 DAGs
[2021-09-14 18:54:02,621] {logging_mixin.py:109} INFO - [2021-09-14 18:54:02,621] {dag.py:2306} INFO - Setting next_dagrun for example_python_operator to None
[2021-09-14 18:54:02,628] {processor.py:170} INFO - Processing /home/airflow/.local/lib/python3.8/site-packages/airflow/example_dags/example_python_operator.py took 0.135 seconds
[2021-09-14 18:54:33,160] {processor.py:162} INFO - Started process (PID=2499) to work on /home/airflow/.local/lib/python3.8/site-packages/airflow/example_dags/example_python_operator.py
[2021-09-14 18:54:33,161] {processor.py:613} INFO - Processing file /home/airflow/.local/lib/python3.8/site-packages/airflow/example_dags/example_python_operator.py for tasks to queue
[2021-09-14 18:54:33,162] {logging_mixin.py:109} INFO - [2021-09-14 18:54:33,161] {dagbag.py:496} INFO - Filling up the DagBag from /home/airflow/.local/lib/python3.8/site-packages/airflow/example_dags/example_python_operator.py
[2021-09-14 18:54:33,174] {processor.py:623} INFO - DAG(s) dict_keys(['example_python_operator']) retrieved from /home/airflow/.local/lib/python3.8/site-packages/airflow/example_dags/example_python_operator.py
[2021-09-14 18:54:33,194] {logging_mixin.py:109} INFO - [2021-09-14 18:54:33,194] {dag.py:1833} INFO - Sync 1 DAGs
[2021-09-14 18:54:33,208] {logging_mixin.py:109} INFO - [2021-09-14 18:54:33,208] {dag.py:2306} INFO - Setting next_dagrun for example_python_operator to None
[2021-09-14 18:54:33,217] {processor.py:170} INFO - Processing /home/airflow/.local/lib/python3.8/site-packages/airflow/example_dags/example_python_operator.py took 0.061 seconds
[2021-09-14 18:55:03,514] {processor.py:162} INFO - Started process (PID=2554) to work on /home/airflow/.local/lib/python3.8/site-packages/airflow/example_dags/example_python_operator.py
[2021-09-14 18:55:03,515] {processor.py:613} INFO - Processing file /home/airflow/.local/lib/python3.8/site-packages/airflow/example_dags/example_python_operator.py for tasks to queue
[2021-09-14 18:55:03,516] {logging_mixin.py:109} INFO - [2021-09-14 18:55:03,516] {dagbag.py:496} INFO - Filling up the DagBag from /home/airflow/.local/lib/python3.8/site-packages/airflow/example_dags/example_python_operator.py
[2021-09-14 18:55:03,524] {processor.py:623} INFO - DAG(s) dict_keys(['example_python_operator']) retrieved from /home/airflow/.local/lib/python3.8/site-packages/airflow/example_dags/example_python_operator.py
[2021-09-14 18:55:03,547] {logging_mixin.py:109} INFO - [2021-09-14 18:55:03,547] {dag.py:1833} INFO - Sync 1 DAGs
[2021-09-14 18:55:03,559] {logging_mixin.py:109} INFO - [2021-09-14 18:55:03,559] {dag.py:2306} INFO - Setting next_dagrun for example_python_operator to None
[2021-09-14 18:55:03,580] {processor.py:170} INFO - Processing /home/airflow/.local/lib/python3.8/site-packages/airflow/example_dags/example_python_operator.py took 0.070 seconds
[2021-09-14 18:55:34,050] {processor.py:162} INFO - Started process (PID=2609) to work on /home/airflow/.local/lib/python3.8/site-packages/airflow/example_dags/example_python_operator.py
[2021-09-14 18:55:34,058] {processor.py:613} INFO - Processing file /home/airflow/.local/lib/python3.8/site-packages/airflow/example_dags/example_python_operator.py for tasks to queue
[2021-09-14 18:55:34,058] {logging_mixin.py:109} INFO - [2021-09-14 18:55:34,058] {dagbag.py:496} INFO - Filling up the DagBag from /home/airflow/.local/lib/python3.8/site-packages/airflow/example_dags/example_python_operator.py
[2021-09-14 18:55:34,067] {processor.py:623} INFO - DAG(s) dict_keys(['example_python_operator']) retrieved from /home/airflow/.local/lib/python3.8/site-packages/airflow/example_dags/example_python_operator.py
[2021-09-14 18:55:34,083] {logging_mixin.py:109} INFO - [2021-09-14 18:55:34,083] {dag.py:1833} INFO - Sync 1 DAGs
[2021-09-14 18:55:34,093] {logging_mixin.py:109} INFO - [2021-09-14 18:55:34,093] {dag.py:2306} INFO - Setting next_dagrun for example_python_operator to None
[2021-09-14 18:55:34,100] {processor.py:170} INFO - Processing /home/airflow/.local/lib/python3.8/site-packages/airflow/example_dags/example_python_operator.py took 0.053 seconds
[2021-09-14 18:56:04,703] {processor.py:162} INFO - Started process (PID=2656) to work on /home/airflow/.local/lib/python3.8/site-packages/airflow/example_dags/example_python_operator.py
[2021-09-14 18:56:04,704] {processor.py:613} INFO - Processing file /home/airflow/.local/lib/python3.8/site-packages/airflow/example_dags/example_python_operator.py for tasks to queue
[2021-09-14 18:56:04,704] {logging_mixin.py:109} INFO - [2021-09-14 18:56:04,704] {dagbag.py:496} INFO - Filling up the DagBag from /home/airflow/.local/lib/python3.8/site-packages/airflow/example_dags/example_python_operator.py
[2021-09-14 18:56:04,714] {processor.py:623} INFO - DAG(s) dict_keys(['example_python_operator']) retrieved from /home/airflow/.local/lib/python3.8/site-packages/airflow/example_dags/example_python_operator.py
[2021-09-14 18:56:04,732] {logging_mixin.py:109} INFO - [2021-09-14 18:56:04,732] {dag.py:1833} INFO - Sync 1 DAGs
[2021-09-14 18:56:04,741] {logging_mixin.py:109} INFO - [2021-09-14 18:56:04,741] {dag.py:2306} INFO - Setting next_dagrun for example_python_operator to None
[2021-09-14 18:56:04,750] {processor.py:170} INFO - Processing /home/airflow/.local/lib/python3.8/site-packages/airflow/example_dags/example_python_operator.py took 0.050 seconds
[2021-09-14 18:56:35,227] {processor.py:162} INFO - Started process (PID=2713) to work on /home/airflow/.local/lib/python3.8/site-packages/airflow/example_dags/example_python_operator.py
[2021-09-14 18:56:35,250] {processor.py:613} INFO - Processing file /home/airflow/.local/lib/python3.8/site-packages/airflow/example_dags/example_python_operator.py for tasks to queue
[2021-09-14 18:56:35,251] {logging_mixin.py:109} INFO - [2021-09-14 18:56:35,250] {dagbag.py:496} INFO - Filling up the DagBag from /home/airflow/.local/lib/python3.8/site-packages/airflow/example_dags/example_python_operator.py
[2021-09-14 18:56:35,260] {processor.py:623} INFO - DAG(s) dict_keys(['example_python_operator']) retrieved from /home/airflow/.local/lib/python3.8/site-packages/airflow/example_dags/example_python_operator.py
[2021-09-14 18:56:35,274] {logging_mixin.py:109} INFO - [2021-09-14 18:56:35,274] {dag.py:1833} INFO - Sync 1 DAGs
[2021-09-14 18:56:35,283] {logging_mixin.py:109} INFO - [2021-09-14 18:56:35,283] {dag.py:2306} INFO - Setting next_dagrun for example_python_operator to None
[2021-09-14 18:56:35,289] {processor.py:170} INFO - Processing /home/airflow/.local/lib/python3.8/site-packages/airflow/example_dags/example_python_operator.py took 0.065 seconds
[2021-09-14 18:57:05,787] {processor.py:162} INFO - Started process (PID=2762) to work on /home/airflow/.local/lib/python3.8/site-packages/airflow/example_dags/example_python_operator.py
[2021-09-14 18:57:05,788] {processor.py:613} INFO - Processing file /home/airflow/.local/lib/python3.8/site-packages/airflow/example_dags/example_python_operator.py for tasks to queue
[2021-09-14 18:57:05,789] {logging_mixin.py:109} INFO - [2021-09-14 18:57:05,789] {dagbag.py:496} INFO - Filling up the DagBag from /home/airflow/.local/lib/python3.8/site-packages/airflow/example_dags/example_python_operator.py
[2021-09-14 18:57:05,799] {processor.py:623} INFO - DAG(s) dict_keys(['example_python_operator']) retrieved from /home/airflow/.local/lib/python3.8/site-packages/airflow/example_dags/example_python_operator.py
[2021-09-14 18:57:05,819] {logging_mixin.py:109} INFO - [2021-09-14 18:57:05,819] {dag.py:1833} INFO - Sync 1 DAGs
[2021-09-14 18:57:05,830] {logging_mixin.py:109} INFO - [2021-09-14 18:57:05,830] {dag.py:2306} INFO - Setting next_dagrun for example_python_operator to None
[2021-09-14 18:57:05,839] {processor.py:170} INFO - Processing /home/airflow/.local/lib/python3.8/site-packages/airflow/example_dags/example_python_operator.py took 0.055 seconds
[2021-09-14 18:57:36,020] {processor.py:162} INFO - Started process (PID=2817) to work on /home/airflow/.local/lib/python3.8/site-packages/airflow/example_dags/example_python_operator.py
[2021-09-14 18:57:36,022] {processor.py:613} INFO - Processing file /home/airflow/.local/lib/python3.8/site-packages/airflow/example_dags/example_python_operator.py for tasks to queue
[2021-09-14 18:57:36,023] {logging_mixin.py:109} INFO - [2021-09-14 18:57:36,023] {dagbag.py:496} INFO - Filling up the DagBag from /home/airflow/.local/lib/python3.8/site-packages/airflow/example_dags/example_python_operator.py
[2021-09-14 18:57:36,035] {processor.py:623} INFO - DAG(s) dict_keys(['example_python_operator']) retrieved from /home/airflow/.local/lib/python3.8/site-packages/airflow/example_dags/example_python_operator.py
[2021-09-14 18:57:36,060] {logging_mixin.py:109} INFO - [2021-09-14 18:57:36,060] {dag.py:1833} INFO - Sync 1 DAGs
[2021-09-14 18:57:36,073] {logging_mixin.py:109} INFO - [2021-09-14 18:57:36,073] {dag.py:2306} INFO - Setting next_dagrun for example_python_operator to None
[2021-09-14 18:57:36,083] {processor.py:170} INFO - Processing /home/airflow/.local/lib/python3.8/site-packages/airflow/example_dags/example_python_operator.py took 0.067 seconds
[2021-09-14 18:58:06,853] {processor.py:162} INFO - Started process (PID=2871) to work on /home/airflow/.local/lib/python3.8/site-packages/airflow/example_dags/example_python_operator.py
[2021-09-14 18:58:06,854] {processor.py:613} INFO - Processing file /home/airflow/.local/lib/python3.8/site-packages/airflow/example_dags/example_python_operator.py for tasks to queue
[2021-09-14 18:58:06,855] {logging_mixin.py:109} INFO - [2021-09-14 18:58:06,855] {dagbag.py:496} INFO - Filling up the DagBag from /home/airflow/.local/lib/python3.8/site-packages/airflow/example_dags/example_python_operator.py
[2021-09-14 18:58:06,864] {processor.py:623} INFO - DAG(s) dict_keys(['example_python_operator']) retrieved from /home/airflow/.local/lib/python3.8/site-packages/airflow/example_dags/example_python_operator.py
[2021-09-14 18:58:06,880] {logging_mixin.py:109} INFO - [2021-09-14 18:58:06,880] {dag.py:1833} INFO - Sync 1 DAGs
[2021-09-14 18:58:06,889] {logging_mixin.py:109} INFO - [2021-09-14 18:58:06,889] {dag.py:2306} INFO - Setting next_dagrun for example_python_operator to None
[2021-09-14 18:58:06,898] {processor.py:170} INFO - Processing /home/airflow/.local/lib/python3.8/site-packages/airflow/example_dags/example_python_operator.py took 0.047 seconds
[2021-09-14 18:58:37,347] {processor.py:162} INFO - Started process (PID=2921) to work on /home/airflow/.local/lib/python3.8/site-packages/airflow/example_dags/example_python_operator.py
[2021-09-14 18:58:37,348] {processor.py:613} INFO - Processing file /home/airflow/.local/lib/python3.8/site-packages/airflow/example_dags/example_python_operator.py for tasks to queue
[2021-09-14 18:58:37,349] {logging_mixin.py:109} INFO - [2021-09-14 18:58:37,349] {dagbag.py:496} INFO - Filling up the DagBag from /home/airflow/.local/lib/python3.8/site-packages/airflow/example_dags/example_python_operator.py
[2021-09-14 18:58:37,358] {processor.py:623} INFO - DAG(s) dict_keys(['example_python_operator']) retrieved from /home/airflow/.local/lib/python3.8/site-packages/airflow/example_dags/example_python_operator.py
[2021-09-14 18:58:37,376] {logging_mixin.py:109} INFO - [2021-09-14 18:58:37,376] {dag.py:1833} INFO - Sync 1 DAGs
[2021-09-14 18:58:37,386] {logging_mixin.py:109} INFO - [2021-09-14 18:58:37,386] {dag.py:2306} INFO - Setting next_dagrun for example_python_operator to None
[2021-09-14 18:58:37,393] {processor.py:170} INFO - Processing /home/airflow/.local/lib/python3.8/site-packages/airflow/example_dags/example_python_operator.py took 0.048 seconds
[2021-09-14 18:59:07,570] {processor.py:162} INFO - Started process (PID=2978) to work on /home/airflow/.local/lib/python3.8/site-packages/airflow/example_dags/example_python_operator.py
[2021-09-14 18:59:07,573] {processor.py:613} INFO - Processing file /home/airflow/.local/lib/python3.8/site-packages/airflow/example_dags/example_python_operator.py for tasks to queue
[2021-09-14 18:59:07,573] {logging_mixin.py:109} INFO - [2021-09-14 18:59:07,573] {dagbag.py:496} INFO - Filling up the DagBag from /home/airflow/.local/lib/python3.8/site-packages/airflow/example_dags/example_python_operator.py
[2021-09-14 18:59:07,586] {processor.py:623} INFO - DAG(s) dict_keys(['example_python_operator']) retrieved from /home/airflow/.local/lib/python3.8/site-packages/airflow/example_dags/example_python_operator.py
[2021-09-14 18:59:07,621] {logging_mixin.py:109} INFO - [2021-09-14 18:59:07,621] {dag.py:1833} INFO - Sync 1 DAGs
[2021-09-14 18:59:07,640] {logging_mixin.py:109} INFO - [2021-09-14 18:59:07,639] {dag.py:2306} INFO - Setting next_dagrun for example_python_operator to None
[2021-09-14 18:59:07,648] {processor.py:170} INFO - Processing /home/airflow/.local/lib/python3.8/site-packages/airflow/example_dags/example_python_operator.py took 0.082 seconds
[2021-09-14 18:59:37,860] {processor.py:162} INFO - Started process (PID=3023) to work on /home/airflow/.local/lib/python3.8/site-packages/airflow/example_dags/example_python_operator.py
[2021-09-14 18:59:37,861] {processor.py:613} INFO - Processing file /home/airflow/.local/lib/python3.8/site-packages/airflow/example_dags/example_python_operator.py for tasks to queue
[2021-09-14 18:59:37,862] {logging_mixin.py:109} INFO - [2021-09-14 18:59:37,862] {dagbag.py:496} INFO - Filling up the DagBag from /home/airflow/.local/lib/python3.8/site-packages/airflow/example_dags/example_python_operator.py
[2021-09-14 18:59:37,871] {processor.py:623} INFO - DAG(s) dict_keys(['example_python_operator']) retrieved from /home/airflow/.local/lib/python3.8/site-packages/airflow/example_dags/example_python_operator.py
[2021-09-14 18:59:37,886] {logging_mixin.py:109} INFO - [2021-09-14 18:59:37,886] {dag.py:1833} INFO - Sync 1 DAGs
[2021-09-14 18:59:37,895] {logging_mixin.py:109} INFO - [2021-09-14 18:59:37,895] {dag.py:2306} INFO - Setting next_dagrun for example_python_operator to None
[2021-09-14 18:59:37,902] {processor.py:170} INFO - Processing /home/airflow/.local/lib/python3.8/site-packages/airflow/example_dags/example_python_operator.py took 0.044 seconds
[2021-09-14 19:00:08,022] {processor.py:162} INFO - Started process (PID=3081) to work on /home/airflow/.local/lib/python3.8/site-packages/airflow/example_dags/example_python_operator.py
[2021-09-14 19:00:08,023] {processor.py:613} INFO - Processing file /home/airflow/.local/lib/python3.8/site-packages/airflow/example_dags/example_python_operator.py for tasks to queue
[2021-09-14 19:00:08,024] {logging_mixin.py:109} INFO - [2021-09-14 19:00:08,024] {dagbag.py:496} INFO - Filling up the DagBag from /home/airflow/.local/lib/python3.8/site-packages/airflow/example_dags/example_python_operator.py
[2021-09-14 19:00:08,033] {processor.py:623} INFO - DAG(s) dict_keys(['example_python_operator']) retrieved from /home/airflow/.local/lib/python3.8/site-packages/airflow/example_dags/example_python_operator.py
[2021-09-14 19:00:08,048] {logging_mixin.py:109} INFO - [2021-09-14 19:00:08,048] {dag.py:1833} INFO - Sync 1 DAGs
[2021-09-14 19:00:08,057] {logging_mixin.py:109} INFO - [2021-09-14 19:00:08,056] {dag.py:2306} INFO - Setting next_dagrun for example_python_operator to None
[2021-09-14 19:00:08,064] {processor.py:170} INFO - Processing /home/airflow/.local/lib/python3.8/site-packages/airflow/example_dags/example_python_operator.py took 0.044 seconds
[2021-09-14 19:00:38,402] {processor.py:162} INFO - Started process (PID=3130) to work on /home/airflow/.local/lib/python3.8/site-packages/airflow/example_dags/example_python_operator.py
[2021-09-14 19:00:38,406] {processor.py:613} INFO - Processing file /home/airflow/.local/lib/python3.8/site-packages/airflow/example_dags/example_python_operator.py for tasks to queue
[2021-09-14 19:00:38,410] {logging_mixin.py:109} INFO - [2021-09-14 19:00:38,410] {dagbag.py:496} INFO - Filling up the DagBag from /home/airflow/.local/lib/python3.8/site-packages/airflow/example_dags/example_python_operator.py
[2021-09-14 19:00:38,442] {processor.py:623} INFO - DAG(s) dict_keys(['example_python_operator']) retrieved from /home/airflow/.local/lib/python3.8/site-packages/airflow/example_dags/example_python_operator.py
[2021-09-14 19:00:38,492] {logging_mixin.py:109} INFO - [2021-09-14 19:00:38,492] {dag.py:1833} INFO - Sync 1 DAGs
[2021-09-14 19:00:38,545] {logging_mixin.py:109} INFO - [2021-09-14 19:00:38,545] {dag.py:2306} INFO - Setting next_dagrun for example_python_operator to None
[2021-09-14 19:00:38,573] {processor.py:170} INFO - Processing /home/airflow/.local/lib/python3.8/site-packages/airflow/example_dags/example_python_operator.py took 0.174 seconds
[2021-09-14 19:01:09,216] {processor.py:162} INFO - Started process (PID=3186) to work on /home/airflow/.local/lib/python3.8/site-packages/airflow/example_dags/example_python_operator.py
[2021-09-14 19:01:09,217] {processor.py:613} INFO - Processing file /home/airflow/.local/lib/python3.8/site-packages/airflow/example_dags/example_python_operator.py for tasks to queue
[2021-09-14 19:01:09,217] {logging_mixin.py:109} INFO - [2021-09-14 19:01:09,217] {dagbag.py:496} INFO - Filling up the DagBag from /home/airflow/.local/lib/python3.8/site-packages/airflow/example_dags/example_python_operator.py
[2021-09-14 19:01:09,227] {processor.py:623} INFO - DAG(s) dict_keys(['example_python_operator']) retrieved from /home/airflow/.local/lib/python3.8/site-packages/airflow/example_dags/example_python_operator.py
[2021-09-14 19:01:09,267] {logging_mixin.py:109} INFO - [2021-09-14 19:01:09,267] {dag.py:1833} INFO - Sync 1 DAGs
[2021-09-14 19:01:09,276] {logging_mixin.py:109} INFO - [2021-09-14 19:01:09,276] {dag.py:2306} INFO - Setting next_dagrun for example_python_operator to None
[2021-09-14 19:01:09,282] {processor.py:170} INFO - Processing /home/airflow/.local/lib/python3.8/site-packages/airflow/example_dags/example_python_operator.py took 0.070 seconds
[2021-09-14 19:01:39,461] {processor.py:162} INFO - Started process (PID=3242) to work on /home/airflow/.local/lib/python3.8/site-packages/airflow/example_dags/example_python_operator.py
[2021-09-14 19:01:39,462] {processor.py:613} INFO - Processing file /home/airflow/.local/lib/python3.8/site-packages/airflow/example_dags/example_python_operator.py for tasks to queue
[2021-09-14 19:01:39,463] {logging_mixin.py:109} INFO - [2021-09-14 19:01:39,463] {dagbag.py:496} INFO - Filling up the DagBag from /home/airflow/.local/lib/python3.8/site-packages/airflow/example_dags/example_python_operator.py
[2021-09-14 19:01:39,473] {processor.py:623} INFO - DAG(s) dict_keys(['example_python_operator']) retrieved from /home/airflow/.local/lib/python3.8/site-packages/airflow/example_dags/example_python_operator.py
[2021-09-14 19:01:39,489] {logging_mixin.py:109} INFO - [2021-09-14 19:01:39,488] {dag.py:1833} INFO - Sync 1 DAGs
[2021-09-14 19:01:39,516] {logging_mixin.py:109} INFO - [2021-09-14 19:01:39,516] {dag.py:2306} INFO - Setting next_dagrun for example_python_operator to None
[2021-09-14 19:01:39,522] {processor.py:170} INFO - Processing /home/airflow/.local/lib/python3.8/site-packages/airflow/example_dags/example_python_operator.py took 0.064 seconds
[2021-09-14 19:02:09,749] {processor.py:162} INFO - Started process (PID=3292) to work on /home/airflow/.local/lib/python3.8/site-packages/airflow/example_dags/example_python_operator.py
[2021-09-14 19:02:09,750] {processor.py:613} INFO - Processing file /home/airflow/.local/lib/python3.8/site-packages/airflow/example_dags/example_python_operator.py for tasks to queue
[2021-09-14 19:02:09,751] {logging_mixin.py:109} INFO - [2021-09-14 19:02:09,751] {dagbag.py:496} INFO - Filling up the DagBag from /home/airflow/.local/lib/python3.8/site-packages/airflow/example_dags/example_python_operator.py
[2021-09-14 19:02:09,760] {processor.py:623} INFO - DAG(s) dict_keys(['example_python_operator']) retrieved from /home/airflow/.local/lib/python3.8/site-packages/airflow/example_dags/example_python_operator.py
[2021-09-14 19:02:09,775] {logging_mixin.py:109} INFO - [2021-09-14 19:02:09,774] {dag.py:1833} INFO - Sync 1 DAGs
[2021-09-14 19:02:09,783] {logging_mixin.py:109} INFO - [2021-09-14 19:02:09,783] {dag.py:2306} INFO - Setting next_dagrun for example_python_operator to None
[2021-09-14 19:02:09,789] {processor.py:170} INFO - Processing /home/airflow/.local/lib/python3.8/site-packages/airflow/example_dags/example_python_operator.py took 0.043 seconds
[2021-09-14 19:02:40,156] {processor.py:162} INFO - Started process (PID=3349) to work on /home/airflow/.local/lib/python3.8/site-packages/airflow/example_dags/example_python_operator.py
[2021-09-14 19:02:40,173] {processor.py:613} INFO - Processing file /home/airflow/.local/lib/python3.8/site-packages/airflow/example_dags/example_python_operator.py for tasks to queue
[2021-09-14 19:02:40,174] {logging_mixin.py:109} INFO - [2021-09-14 19:02:40,174] {dagbag.py:496} INFO - Filling up the DagBag from /home/airflow/.local/lib/python3.8/site-packages/airflow/example_dags/example_python_operator.py
[2021-09-14 19:02:40,192] {processor.py:623} INFO - DAG(s) dict_keys(['example_python_operator']) retrieved from /home/airflow/.local/lib/python3.8/site-packages/airflow/example_dags/example_python_operator.py
[2021-09-14 19:02:40,216] {logging_mixin.py:109} INFO - [2021-09-14 19:02:40,216] {dag.py:1833} INFO - Sync 1 DAGs
[2021-09-14 19:02:40,234] {logging_mixin.py:109} INFO - [2021-09-14 19:02:40,234] {dag.py:2306} INFO - Setting next_dagrun for example_python_operator to None
[2021-09-14 19:02:40,255] {processor.py:170} INFO - Processing /home/airflow/.local/lib/python3.8/site-packages/airflow/example_dags/example_python_operator.py took 0.103 seconds
[2021-09-14 19:03:10,578] {processor.py:162} INFO - Started process (PID=3396) to work on /home/airflow/.local/lib/python3.8/site-packages/airflow/example_dags/example_python_operator.py
[2021-09-14 19:03:10,579] {processor.py:613} INFO - Processing file /home/airflow/.local/lib/python3.8/site-packages/airflow/example_dags/example_python_operator.py for tasks to queue
[2021-09-14 19:03:10,580] {logging_mixin.py:109} INFO - [2021-09-14 19:03:10,579] {dagbag.py:496} INFO - Filling up the DagBag from /home/airflow/.local/lib/python3.8/site-packages/airflow/example_dags/example_python_operator.py
[2021-09-14 19:03:10,592] {processor.py:623} INFO - DAG(s) dict_keys(['example_python_operator']) retrieved from /home/airflow/.local/lib/python3.8/site-packages/airflow/example_dags/example_python_operator.py
[2021-09-14 19:03:10,608] {logging_mixin.py:109} INFO - [2021-09-14 19:03:10,608] {dag.py:1833} INFO - Sync 1 DAGs
[2021-09-14 19:03:10,617] {logging_mixin.py:109} INFO - [2021-09-14 19:03:10,617] {dag.py:2306} INFO - Setting next_dagrun for example_python_operator to None
[2021-09-14 19:03:10,624] {processor.py:170} INFO - Processing /home/airflow/.local/lib/python3.8/site-packages/airflow/example_dags/example_python_operator.py took 0.050 seconds
[2021-09-14 19:03:41,265] {processor.py:162} INFO - Started process (PID=3454) to work on /home/airflow/.local/lib/python3.8/site-packages/airflow/example_dags/example_python_operator.py
[2021-09-14 19:03:41,267] {processor.py:613} INFO - Processing file /home/airflow/.local/lib/python3.8/site-packages/airflow/example_dags/example_python_operator.py for tasks to queue
[2021-09-14 19:03:41,268] {logging_mixin.py:109} INFO - [2021-09-14 19:03:41,268] {dagbag.py:496} INFO - Filling up the DagBag from /home/airflow/.local/lib/python3.8/site-packages/airflow/example_dags/example_python_operator.py
[2021-09-14 19:03:41,278] {processor.py:623} INFO - DAG(s) dict_keys(['example_python_operator']) retrieved from /home/airflow/.local/lib/python3.8/site-packages/airflow/example_dags/example_python_operator.py
[2021-09-14 19:03:41,293] {logging_mixin.py:109} INFO - [2021-09-14 19:03:41,293] {dag.py:1833} INFO - Sync 1 DAGs
[2021-09-14 19:03:41,317] {logging_mixin.py:109} INFO - [2021-09-14 19:03:41,317] {dag.py:2306} INFO - Setting next_dagrun for example_python_operator to None
[2021-09-14 19:03:41,323] {processor.py:170} INFO - Processing /home/airflow/.local/lib/python3.8/site-packages/airflow/example_dags/example_python_operator.py took 0.062 seconds
