[2021-09-14 18:31:35,968] {processor.py:162} INFO - Started process (PID=24) to work on /home/airflow/.local/lib/python3.8/site-packages/airflow/example_dags/example_branch_datetime_operator.py
[2021-09-14 18:31:35,969] {processor.py:613} INFO - Processing file /home/airflow/.local/lib/python3.8/site-packages/airflow/example_dags/example_branch_datetime_operator.py for tasks to queue
[2021-09-14 18:31:35,970] {logging_mixin.py:109} INFO - [2021-09-14 18:31:35,970] {dagbag.py:496} INFO - Filling up the DagBag from /home/airflow/.local/lib/python3.8/site-packages/airflow/example_dags/example_branch_datetime_operator.py
[2021-09-14 18:31:35,999] {processor.py:623} INFO - DAG(s) dict_keys(['example_branch_datetime_operator_2']) retrieved from /home/airflow/.local/lib/python3.8/site-packages/airflow/example_dags/example_branch_datetime_operator.py
[2021-09-14 18:31:49,601] {logging_mixin.py:109} WARNING - /home/airflow/.local/lib/python3.8/site-packages/azure/cosmos/session.py:186 SyntaxWarning: "is not" with a literal. Did you mean "!="?
[2021-09-14 18:31:49,872] {logging_mixin.py:109} WARNING - /home/airflow/.local/lib/python3.8/site-packages/azure/storage/common/_connection.py:82 SyntaxWarning: "is" with a literal. Did you mean "=="?
[2021-09-14 18:31:51,706] {logging_mixin.py:109} INFO - [2021-09-14 18:31:51,706] {dag.py:1833} INFO - Sync 1 DAGs
[2021-09-14 18:31:51,719] {logging_mixin.py:109} INFO - [2021-09-14 18:31:51,719] {dag.py:1852} INFO - Creating ORM DAG for example_branch_datetime_operator_2
[2021-09-14 18:31:51,728] {logging_mixin.py:109} INFO - [2021-09-14 18:31:51,728] {dag.py:2306} INFO - Setting next_dagrun for example_branch_datetime_operator_2 to 2021-09-12 00:00:00+00:00
[2021-09-14 18:31:51,742] {processor.py:170} INFO - Processing /home/airflow/.local/lib/python3.8/site-packages/airflow/example_dags/example_branch_datetime_operator.py took 15.777 seconds
[2021-09-14 18:32:28,103] {processor.py:162} INFO - Started process (PID=208) to work on /home/airflow/.local/lib/python3.8/site-packages/airflow/example_dags/example_branch_datetime_operator.py
[2021-09-14 18:32:28,104] {processor.py:613} INFO - Processing file /home/airflow/.local/lib/python3.8/site-packages/airflow/example_dags/example_branch_datetime_operator.py for tasks to queue
[2021-09-14 18:32:28,105] {logging_mixin.py:109} INFO - [2021-09-14 18:32:28,105] {dagbag.py:496} INFO - Filling up the DagBag from /home/airflow/.local/lib/python3.8/site-packages/airflow/example_dags/example_branch_datetime_operator.py
[2021-09-14 18:32:28,114] {processor.py:623} INFO - DAG(s) dict_keys(['example_branch_datetime_operator_2']) retrieved from /home/airflow/.local/lib/python3.8/site-packages/airflow/example_dags/example_branch_datetime_operator.py
[2021-09-14 18:32:28,141] {logging_mixin.py:109} INFO - [2021-09-14 18:32:28,141] {dag.py:1833} INFO - Sync 1 DAGs
[2021-09-14 18:32:28,163] {logging_mixin.py:109} INFO - [2021-09-14 18:32:28,163] {dag.py:2306} INFO - Setting next_dagrun for example_branch_datetime_operator_2 to 2021-09-12 00:00:00+00:00
[2021-09-14 18:32:28,174] {processor.py:170} INFO - Processing /home/airflow/.local/lib/python3.8/site-packages/airflow/example_dags/example_branch_datetime_operator.py took 0.074 seconds
[2021-09-14 18:32:58,783] {processor.py:162} INFO - Started process (PID=264) to work on /home/airflow/.local/lib/python3.8/site-packages/airflow/example_dags/example_branch_datetime_operator.py
[2021-09-14 18:32:58,784] {processor.py:613} INFO - Processing file /home/airflow/.local/lib/python3.8/site-packages/airflow/example_dags/example_branch_datetime_operator.py for tasks to queue
[2021-09-14 18:32:58,785] {logging_mixin.py:109} INFO - [2021-09-14 18:32:58,785] {dagbag.py:496} INFO - Filling up the DagBag from /home/airflow/.local/lib/python3.8/site-packages/airflow/example_dags/example_branch_datetime_operator.py
[2021-09-14 18:32:58,794] {processor.py:623} INFO - DAG(s) dict_keys(['example_branch_datetime_operator_2']) retrieved from /home/airflow/.local/lib/python3.8/site-packages/airflow/example_dags/example_branch_datetime_operator.py
[2021-09-14 18:32:58,810] {logging_mixin.py:109} INFO - [2021-09-14 18:32:58,810] {dag.py:1833} INFO - Sync 1 DAGs
[2021-09-14 18:32:58,821] {logging_mixin.py:109} INFO - [2021-09-14 18:32:58,821] {dag.py:2306} INFO - Setting next_dagrun for example_branch_datetime_operator_2 to 2021-09-12 00:00:00+00:00
[2021-09-14 18:32:58,833] {processor.py:170} INFO - Processing /home/airflow/.local/lib/python3.8/site-packages/airflow/example_dags/example_branch_datetime_operator.py took 0.053 seconds
[2021-09-14 18:33:29,414] {processor.py:162} INFO - Started process (PID=319) to work on /home/airflow/.local/lib/python3.8/site-packages/airflow/example_dags/example_branch_datetime_operator.py
[2021-09-14 18:33:29,415] {processor.py:613} INFO - Processing file /home/airflow/.local/lib/python3.8/site-packages/airflow/example_dags/example_branch_datetime_operator.py for tasks to queue
[2021-09-14 18:33:29,416] {logging_mixin.py:109} INFO - [2021-09-14 18:33:29,416] {dagbag.py:496} INFO - Filling up the DagBag from /home/airflow/.local/lib/python3.8/site-packages/airflow/example_dags/example_branch_datetime_operator.py
[2021-09-14 18:33:29,425] {processor.py:623} INFO - DAG(s) dict_keys(['example_branch_datetime_operator_2']) retrieved from /home/airflow/.local/lib/python3.8/site-packages/airflow/example_dags/example_branch_datetime_operator.py
[2021-09-14 18:33:29,445] {logging_mixin.py:109} INFO - [2021-09-14 18:33:29,445] {dag.py:1833} INFO - Sync 1 DAGs
[2021-09-14 18:33:29,458] {logging_mixin.py:109} INFO - [2021-09-14 18:33:29,458] {dag.py:2306} INFO - Setting next_dagrun for example_branch_datetime_operator_2 to 2021-09-12 00:00:00+00:00
[2021-09-14 18:33:29,464] {processor.py:170} INFO - Processing /home/airflow/.local/lib/python3.8/site-packages/airflow/example_dags/example_branch_datetime_operator.py took 0.053 seconds
[2021-09-14 18:33:59,706] {processor.py:162} INFO - Started process (PID=366) to work on /home/airflow/.local/lib/python3.8/site-packages/airflow/example_dags/example_branch_datetime_operator.py
[2021-09-14 18:33:59,707] {processor.py:613} INFO - Processing file /home/airflow/.local/lib/python3.8/site-packages/airflow/example_dags/example_branch_datetime_operator.py for tasks to queue
[2021-09-14 18:33:59,707] {logging_mixin.py:109} INFO - [2021-09-14 18:33:59,707] {dagbag.py:496} INFO - Filling up the DagBag from /home/airflow/.local/lib/python3.8/site-packages/airflow/example_dags/example_branch_datetime_operator.py
[2021-09-14 18:33:59,716] {processor.py:623} INFO - DAG(s) dict_keys(['example_branch_datetime_operator_2']) retrieved from /home/airflow/.local/lib/python3.8/site-packages/airflow/example_dags/example_branch_datetime_operator.py
[2021-09-14 18:33:59,735] {logging_mixin.py:109} INFO - [2021-09-14 18:33:59,734] {dag.py:1833} INFO - Sync 1 DAGs
[2021-09-14 18:33:59,751] {logging_mixin.py:109} INFO - [2021-09-14 18:33:59,751] {dag.py:2306} INFO - Setting next_dagrun for example_branch_datetime_operator_2 to 2021-09-12 00:00:00+00:00
[2021-09-14 18:33:59,760] {processor.py:170} INFO - Processing /home/airflow/.local/lib/python3.8/site-packages/airflow/example_dags/example_branch_datetime_operator.py took 0.057 seconds
[2021-09-14 18:34:30,364] {processor.py:162} INFO - Started process (PID=421) to work on /home/airflow/.local/lib/python3.8/site-packages/airflow/example_dags/example_branch_datetime_operator.py
[2021-09-14 18:34:30,366] {processor.py:613} INFO - Processing file /home/airflow/.local/lib/python3.8/site-packages/airflow/example_dags/example_branch_datetime_operator.py for tasks to queue
[2021-09-14 18:34:30,367] {logging_mixin.py:109} INFO - [2021-09-14 18:34:30,367] {dagbag.py:496} INFO - Filling up the DagBag from /home/airflow/.local/lib/python3.8/site-packages/airflow/example_dags/example_branch_datetime_operator.py
[2021-09-14 18:34:30,381] {processor.py:623} INFO - DAG(s) dict_keys(['example_branch_datetime_operator_2']) retrieved from /home/airflow/.local/lib/python3.8/site-packages/airflow/example_dags/example_branch_datetime_operator.py
[2021-09-14 18:34:30,412] {logging_mixin.py:109} INFO - [2021-09-14 18:34:30,412] {dag.py:1833} INFO - Sync 1 DAGs
[2021-09-14 18:34:30,447] {logging_mixin.py:109} INFO - [2021-09-14 18:34:30,445] {dag.py:2306} INFO - Setting next_dagrun for example_branch_datetime_operator_2 to 2021-09-12 00:00:00+00:00
[2021-09-14 18:34:30,464] {processor.py:170} INFO - Processing /home/airflow/.local/lib/python3.8/site-packages/airflow/example_dags/example_branch_datetime_operator.py took 0.106 seconds
[2021-09-14 18:35:00,925] {processor.py:162} INFO - Started process (PID=468) to work on /home/airflow/.local/lib/python3.8/site-packages/airflow/example_dags/example_branch_datetime_operator.py
[2021-09-14 18:35:00,926] {processor.py:613} INFO - Processing file /home/airflow/.local/lib/python3.8/site-packages/airflow/example_dags/example_branch_datetime_operator.py for tasks to queue
[2021-09-14 18:35:00,929] {logging_mixin.py:109} INFO - [2021-09-14 18:35:00,929] {dagbag.py:496} INFO - Filling up the DagBag from /home/airflow/.local/lib/python3.8/site-packages/airflow/example_dags/example_branch_datetime_operator.py
[2021-09-14 18:35:00,943] {processor.py:623} INFO - DAG(s) dict_keys(['example_branch_datetime_operator_2']) retrieved from /home/airflow/.local/lib/python3.8/site-packages/airflow/example_dags/example_branch_datetime_operator.py
[2021-09-14 18:35:00,964] {logging_mixin.py:109} INFO - [2021-09-14 18:35:00,964] {dag.py:1833} INFO - Sync 1 DAGs
[2021-09-14 18:35:00,994] {logging_mixin.py:109} INFO - [2021-09-14 18:35:00,994] {dag.py:2306} INFO - Setting next_dagrun for example_branch_datetime_operator_2 to 2021-09-12 00:00:00+00:00
[2021-09-14 18:35:01,005] {processor.py:170} INFO - Processing /home/airflow/.local/lib/python3.8/site-packages/airflow/example_dags/example_branch_datetime_operator.py took 0.084 seconds
[2021-09-14 18:35:31,870] {processor.py:162} INFO - Started process (PID=523) to work on /home/airflow/.local/lib/python3.8/site-packages/airflow/example_dags/example_branch_datetime_operator.py
[2021-09-14 18:35:31,871] {processor.py:613} INFO - Processing file /home/airflow/.local/lib/python3.8/site-packages/airflow/example_dags/example_branch_datetime_operator.py for tasks to queue
[2021-09-14 18:35:31,872] {logging_mixin.py:109} INFO - [2021-09-14 18:35:31,872] {dagbag.py:496} INFO - Filling up the DagBag from /home/airflow/.local/lib/python3.8/site-packages/airflow/example_dags/example_branch_datetime_operator.py
[2021-09-14 18:35:31,885] {processor.py:623} INFO - DAG(s) dict_keys(['example_branch_datetime_operator_2']) retrieved from /home/airflow/.local/lib/python3.8/site-packages/airflow/example_dags/example_branch_datetime_operator.py
[2021-09-14 18:35:31,901] {logging_mixin.py:109} INFO - [2021-09-14 18:35:31,901] {dag.py:1833} INFO - Sync 1 DAGs
[2021-09-14 18:35:31,912] {logging_mixin.py:109} INFO - [2021-09-14 18:35:31,912] {dag.py:2306} INFO - Setting next_dagrun for example_branch_datetime_operator_2 to 2021-09-12 00:00:00+00:00
[2021-09-14 18:35:31,923] {processor.py:170} INFO - Processing /home/airflow/.local/lib/python3.8/site-packages/airflow/example_dags/example_branch_datetime_operator.py took 0.056 seconds
[2021-09-14 18:36:02,312] {processor.py:162} INFO - Started process (PID=576) to work on /home/airflow/.local/lib/python3.8/site-packages/airflow/example_dags/example_branch_datetime_operator.py
[2021-09-14 18:36:02,323] {processor.py:613} INFO - Processing file /home/airflow/.local/lib/python3.8/site-packages/airflow/example_dags/example_branch_datetime_operator.py for tasks to queue
[2021-09-14 18:36:02,323] {logging_mixin.py:109} INFO - [2021-09-14 18:36:02,323] {dagbag.py:496} INFO - Filling up the DagBag from /home/airflow/.local/lib/python3.8/site-packages/airflow/example_dags/example_branch_datetime_operator.py
[2021-09-14 18:36:02,377] {processor.py:623} INFO - DAG(s) dict_keys(['example_branch_datetime_operator_2']) retrieved from /home/airflow/.local/lib/python3.8/site-packages/airflow/example_dags/example_branch_datetime_operator.py
[2021-09-14 18:36:02,487] {logging_mixin.py:109} INFO - [2021-09-14 18:36:02,487] {dag.py:1833} INFO - Sync 1 DAGs
[2021-09-14 18:36:02,536] {logging_mixin.py:109} INFO - [2021-09-14 18:36:02,536] {dag.py:2306} INFO - Setting next_dagrun for example_branch_datetime_operator_2 to 2021-09-12 00:00:00+00:00
[2021-09-14 18:36:02,566] {processor.py:170} INFO - Processing /home/airflow/.local/lib/python3.8/site-packages/airflow/example_dags/example_branch_datetime_operator.py took 0.257 seconds
[2021-09-14 18:36:33,322] {processor.py:162} INFO - Started process (PID=625) to work on /home/airflow/.local/lib/python3.8/site-packages/airflow/example_dags/example_branch_datetime_operator.py
[2021-09-14 18:36:33,324] {processor.py:613} INFO - Processing file /home/airflow/.local/lib/python3.8/site-packages/airflow/example_dags/example_branch_datetime_operator.py for tasks to queue
[2021-09-14 18:36:33,325] {logging_mixin.py:109} INFO - [2021-09-14 18:36:33,325] {dagbag.py:496} INFO - Filling up the DagBag from /home/airflow/.local/lib/python3.8/site-packages/airflow/example_dags/example_branch_datetime_operator.py
[2021-09-14 18:36:33,334] {processor.py:623} INFO - DAG(s) dict_keys(['example_branch_datetime_operator_2']) retrieved from /home/airflow/.local/lib/python3.8/site-packages/airflow/example_dags/example_branch_datetime_operator.py
[2021-09-14 18:36:33,350] {logging_mixin.py:109} INFO - [2021-09-14 18:36:33,350] {dag.py:1833} INFO - Sync 1 DAGs
[2021-09-14 18:36:33,363] {logging_mixin.py:109} INFO - [2021-09-14 18:36:33,363] {dag.py:2306} INFO - Setting next_dagrun for example_branch_datetime_operator_2 to 2021-09-12 00:00:00+00:00
[2021-09-14 18:36:33,377] {processor.py:170} INFO - Processing /home/airflow/.local/lib/python3.8/site-packages/airflow/example_dags/example_branch_datetime_operator.py took 0.058 seconds
[2021-09-14 18:37:03,953] {processor.py:162} INFO - Started process (PID=683) to work on /home/airflow/.local/lib/python3.8/site-packages/airflow/example_dags/example_branch_datetime_operator.py
[2021-09-14 18:37:03,954] {processor.py:613} INFO - Processing file /home/airflow/.local/lib/python3.8/site-packages/airflow/example_dags/example_branch_datetime_operator.py for tasks to queue
[2021-09-14 18:37:03,955] {logging_mixin.py:109} INFO - [2021-09-14 18:37:03,955] {dagbag.py:496} INFO - Filling up the DagBag from /home/airflow/.local/lib/python3.8/site-packages/airflow/example_dags/example_branch_datetime_operator.py
[2021-09-14 18:37:03,964] {processor.py:623} INFO - DAG(s) dict_keys(['example_branch_datetime_operator_2']) retrieved from /home/airflow/.local/lib/python3.8/site-packages/airflow/example_dags/example_branch_datetime_operator.py
[2021-09-14 18:37:03,985] {logging_mixin.py:109} INFO - [2021-09-14 18:37:03,985] {dag.py:1833} INFO - Sync 1 DAGs
[2021-09-14 18:37:04,003] {logging_mixin.py:109} INFO - [2021-09-14 18:37:04,003] {dag.py:2306} INFO - Setting next_dagrun for example_branch_datetime_operator_2 to 2021-09-12 00:00:00+00:00
[2021-09-14 18:37:04,011] {processor.py:170} INFO - Processing /home/airflow/.local/lib/python3.8/site-packages/airflow/example_dags/example_branch_datetime_operator.py took 0.061 seconds
[2021-09-14 18:37:34,414] {processor.py:162} INFO - Started process (PID=730) to work on /home/airflow/.local/lib/python3.8/site-packages/airflow/example_dags/example_branch_datetime_operator.py
[2021-09-14 18:37:34,415] {processor.py:613} INFO - Processing file /home/airflow/.local/lib/python3.8/site-packages/airflow/example_dags/example_branch_datetime_operator.py for tasks to queue
[2021-09-14 18:37:34,415] {logging_mixin.py:109} INFO - [2021-09-14 18:37:34,415] {dagbag.py:496} INFO - Filling up the DagBag from /home/airflow/.local/lib/python3.8/site-packages/airflow/example_dags/example_branch_datetime_operator.py
[2021-09-14 18:37:34,427] {processor.py:623} INFO - DAG(s) dict_keys(['example_branch_datetime_operator_2']) retrieved from /home/airflow/.local/lib/python3.8/site-packages/airflow/example_dags/example_branch_datetime_operator.py
[2021-09-14 18:37:34,446] {logging_mixin.py:109} INFO - [2021-09-14 18:37:34,446] {dag.py:1833} INFO - Sync 1 DAGs
[2021-09-14 18:37:34,462] {logging_mixin.py:109} INFO - [2021-09-14 18:37:34,462] {dag.py:2306} INFO - Setting next_dagrun for example_branch_datetime_operator_2 to 2021-09-12 00:00:00+00:00
[2021-09-14 18:37:34,472] {processor.py:170} INFO - Processing /home/airflow/.local/lib/python3.8/site-packages/airflow/example_dags/example_branch_datetime_operator.py took 0.061 seconds
[2021-09-14 18:38:05,020] {processor.py:162} INFO - Started process (PID=786) to work on /home/airflow/.local/lib/python3.8/site-packages/airflow/example_dags/example_branch_datetime_operator.py
[2021-09-14 18:38:05,034] {processor.py:613} INFO - Processing file /home/airflow/.local/lib/python3.8/site-packages/airflow/example_dags/example_branch_datetime_operator.py for tasks to queue
[2021-09-14 18:38:05,037] {logging_mixin.py:109} INFO - [2021-09-14 18:38:05,036] {dagbag.py:496} INFO - Filling up the DagBag from /home/airflow/.local/lib/python3.8/site-packages/airflow/example_dags/example_branch_datetime_operator.py
[2021-09-14 18:38:05,069] {processor.py:623} INFO - DAG(s) dict_keys(['example_branch_datetime_operator_2']) retrieved from /home/airflow/.local/lib/python3.8/site-packages/airflow/example_dags/example_branch_datetime_operator.py
[2021-09-14 18:38:05,112] {logging_mixin.py:109} INFO - [2021-09-14 18:38:05,112] {dag.py:1833} INFO - Sync 1 DAGs
[2021-09-14 18:38:05,142] {logging_mixin.py:109} INFO - [2021-09-14 18:38:05,141] {dag.py:2306} INFO - Setting next_dagrun for example_branch_datetime_operator_2 to 2021-09-12 00:00:00+00:00
[2021-09-14 18:38:05,152] {processor.py:170} INFO - Processing /home/airflow/.local/lib/python3.8/site-packages/airflow/example_dags/example_branch_datetime_operator.py took 0.148 seconds
[2021-09-14 18:38:35,883] {processor.py:162} INFO - Started process (PID=833) to work on /home/airflow/.local/lib/python3.8/site-packages/airflow/example_dags/example_branch_datetime_operator.py
[2021-09-14 18:38:35,885] {processor.py:613} INFO - Processing file /home/airflow/.local/lib/python3.8/site-packages/airflow/example_dags/example_branch_datetime_operator.py for tasks to queue
[2021-09-14 18:38:35,885] {logging_mixin.py:109} INFO - [2021-09-14 18:38:35,885] {dagbag.py:496} INFO - Filling up the DagBag from /home/airflow/.local/lib/python3.8/site-packages/airflow/example_dags/example_branch_datetime_operator.py
[2021-09-14 18:38:35,895] {processor.py:623} INFO - DAG(s) dict_keys(['example_branch_datetime_operator_2']) retrieved from /home/airflow/.local/lib/python3.8/site-packages/airflow/example_dags/example_branch_datetime_operator.py
[2021-09-14 18:38:35,913] {logging_mixin.py:109} INFO - [2021-09-14 18:38:35,913] {dag.py:1833} INFO - Sync 1 DAGs
[2021-09-14 18:38:35,930] {logging_mixin.py:109} INFO - [2021-09-14 18:38:35,930] {dag.py:2306} INFO - Setting next_dagrun for example_branch_datetime_operator_2 to 2021-09-12 00:00:00+00:00
[2021-09-14 18:38:35,942] {processor.py:170} INFO - Processing /home/airflow/.local/lib/python3.8/site-packages/airflow/example_dags/example_branch_datetime_operator.py took 0.062 seconds
[2021-09-14 18:39:06,146] {processor.py:162} INFO - Started process (PID=891) to work on /home/airflow/.local/lib/python3.8/site-packages/airflow/example_dags/example_branch_datetime_operator.py
[2021-09-14 18:39:06,147] {processor.py:613} INFO - Processing file /home/airflow/.local/lib/python3.8/site-packages/airflow/example_dags/example_branch_datetime_operator.py for tasks to queue
[2021-09-14 18:39:06,149] {logging_mixin.py:109} INFO - [2021-09-14 18:39:06,148] {dagbag.py:496} INFO - Filling up the DagBag from /home/airflow/.local/lib/python3.8/site-packages/airflow/example_dags/example_branch_datetime_operator.py
[2021-09-14 18:39:06,159] {processor.py:623} INFO - DAG(s) dict_keys(['example_branch_datetime_operator_2']) retrieved from /home/airflow/.local/lib/python3.8/site-packages/airflow/example_dags/example_branch_datetime_operator.py
[2021-09-14 18:39:06,190] {logging_mixin.py:109} INFO - [2021-09-14 18:39:06,190] {dag.py:1833} INFO - Sync 1 DAGs
[2021-09-14 18:39:06,207] {logging_mixin.py:109} INFO - [2021-09-14 18:39:06,206] {dag.py:2306} INFO - Setting next_dagrun for example_branch_datetime_operator_2 to 2021-09-12 00:00:00+00:00
[2021-09-14 18:39:06,218] {processor.py:170} INFO - Processing /home/airflow/.local/lib/python3.8/site-packages/airflow/example_dags/example_branch_datetime_operator.py took 0.075 seconds
[2021-09-14 18:39:36,519] {processor.py:162} INFO - Started process (PID=937) to work on /home/airflow/.local/lib/python3.8/site-packages/airflow/example_dags/example_branch_datetime_operator.py
[2021-09-14 18:39:36,520] {processor.py:613} INFO - Processing file /home/airflow/.local/lib/python3.8/site-packages/airflow/example_dags/example_branch_datetime_operator.py for tasks to queue
[2021-09-14 18:39:36,521] {logging_mixin.py:109} INFO - [2021-09-14 18:39:36,521] {dagbag.py:496} INFO - Filling up the DagBag from /home/airflow/.local/lib/python3.8/site-packages/airflow/example_dags/example_branch_datetime_operator.py
[2021-09-14 18:39:36,531] {processor.py:623} INFO - DAG(s) dict_keys(['example_branch_datetime_operator_2']) retrieved from /home/airflow/.local/lib/python3.8/site-packages/airflow/example_dags/example_branch_datetime_operator.py
[2021-09-14 18:39:36,549] {logging_mixin.py:109} INFO - [2021-09-14 18:39:36,549] {dag.py:1833} INFO - Sync 1 DAGs
[2021-09-14 18:39:36,564] {logging_mixin.py:109} INFO - [2021-09-14 18:39:36,564] {dag.py:2306} INFO - Setting next_dagrun for example_branch_datetime_operator_2 to 2021-09-12 00:00:00+00:00
[2021-09-14 18:39:36,577] {processor.py:170} INFO - Processing /home/airflow/.local/lib/python3.8/site-packages/airflow/example_dags/example_branch_datetime_operator.py took 0.061 seconds
[2021-09-14 18:40:06,897] {processor.py:162} INFO - Started process (PID=995) to work on /home/airflow/.local/lib/python3.8/site-packages/airflow/example_dags/example_branch_datetime_operator.py
[2021-09-14 18:40:06,898] {processor.py:613} INFO - Processing file /home/airflow/.local/lib/python3.8/site-packages/airflow/example_dags/example_branch_datetime_operator.py for tasks to queue
[2021-09-14 18:40:06,906] {logging_mixin.py:109} INFO - [2021-09-14 18:40:06,906] {dagbag.py:496} INFO - Filling up the DagBag from /home/airflow/.local/lib/python3.8/site-packages/airflow/example_dags/example_branch_datetime_operator.py
[2021-09-14 18:40:06,919] {processor.py:623} INFO - DAG(s) dict_keys(['example_branch_datetime_operator_2']) retrieved from /home/airflow/.local/lib/python3.8/site-packages/airflow/example_dags/example_branch_datetime_operator.py
[2021-09-14 18:40:06,938] {logging_mixin.py:109} INFO - [2021-09-14 18:40:06,938] {dag.py:1833} INFO - Sync 1 DAGs
[2021-09-14 18:40:06,953] {logging_mixin.py:109} INFO - [2021-09-14 18:40:06,953] {dag.py:2306} INFO - Setting next_dagrun for example_branch_datetime_operator_2 to 2021-09-12 00:00:00+00:00
[2021-09-14 18:40:06,964] {processor.py:170} INFO - Processing /home/airflow/.local/lib/python3.8/site-packages/airflow/example_dags/example_branch_datetime_operator.py took 0.072 seconds
[2021-09-14 18:40:37,387] {processor.py:162} INFO - Started process (PID=1044) to work on /home/airflow/.local/lib/python3.8/site-packages/airflow/example_dags/example_branch_datetime_operator.py
[2021-09-14 18:40:37,388] {processor.py:613} INFO - Processing file /home/airflow/.local/lib/python3.8/site-packages/airflow/example_dags/example_branch_datetime_operator.py for tasks to queue
[2021-09-14 18:40:37,389] {logging_mixin.py:109} INFO - [2021-09-14 18:40:37,389] {dagbag.py:496} INFO - Filling up the DagBag from /home/airflow/.local/lib/python3.8/site-packages/airflow/example_dags/example_branch_datetime_operator.py
[2021-09-14 18:40:37,402] {processor.py:623} INFO - DAG(s) dict_keys(['example_branch_datetime_operator_2']) retrieved from /home/airflow/.local/lib/python3.8/site-packages/airflow/example_dags/example_branch_datetime_operator.py
[2021-09-14 18:40:37,419] {logging_mixin.py:109} INFO - [2021-09-14 18:40:37,419] {dag.py:1833} INFO - Sync 1 DAGs
[2021-09-14 18:40:37,435] {logging_mixin.py:109} INFO - [2021-09-14 18:40:37,435] {dag.py:2306} INFO - Setting next_dagrun for example_branch_datetime_operator_2 to 2021-09-12 00:00:00+00:00
[2021-09-14 18:40:37,444] {processor.py:170} INFO - Processing /home/airflow/.local/lib/python3.8/site-packages/airflow/example_dags/example_branch_datetime_operator.py took 0.060 seconds
[2021-09-14 18:41:07,880] {processor.py:162} INFO - Started process (PID=1101) to work on /home/airflow/.local/lib/python3.8/site-packages/airflow/example_dags/example_branch_datetime_operator.py
[2021-09-14 18:41:07,883] {processor.py:613} INFO - Processing file /home/airflow/.local/lib/python3.8/site-packages/airflow/example_dags/example_branch_datetime_operator.py for tasks to queue
[2021-09-14 18:41:07,886] {logging_mixin.py:109} INFO - [2021-09-14 18:41:07,886] {dagbag.py:496} INFO - Filling up the DagBag from /home/airflow/.local/lib/python3.8/site-packages/airflow/example_dags/example_branch_datetime_operator.py
[2021-09-14 18:41:07,904] {processor.py:623} INFO - DAG(s) dict_keys(['example_branch_datetime_operator_2']) retrieved from /home/airflow/.local/lib/python3.8/site-packages/airflow/example_dags/example_branch_datetime_operator.py
[2021-09-14 18:41:07,927] {logging_mixin.py:109} INFO - [2021-09-14 18:41:07,927] {dag.py:1833} INFO - Sync 1 DAGs
[2021-09-14 18:41:07,950] {logging_mixin.py:109} INFO - [2021-09-14 18:41:07,949] {dag.py:2306} INFO - Setting next_dagrun for example_branch_datetime_operator_2 to 2021-09-12 00:00:00+00:00
[2021-09-14 18:41:07,958] {processor.py:170} INFO - Processing /home/airflow/.local/lib/python3.8/site-packages/airflow/example_dags/example_branch_datetime_operator.py took 0.081 seconds
[2021-09-14 18:41:38,327] {processor.py:162} INFO - Started process (PID=1150) to work on /home/airflow/.local/lib/python3.8/site-packages/airflow/example_dags/example_branch_datetime_operator.py
[2021-09-14 18:41:38,328] {processor.py:613} INFO - Processing file /home/airflow/.local/lib/python3.8/site-packages/airflow/example_dags/example_branch_datetime_operator.py for tasks to queue
[2021-09-14 18:41:38,329] {logging_mixin.py:109} INFO - [2021-09-14 18:41:38,328] {dagbag.py:496} INFO - Filling up the DagBag from /home/airflow/.local/lib/python3.8/site-packages/airflow/example_dags/example_branch_datetime_operator.py
[2021-09-14 18:41:38,341] {processor.py:623} INFO - DAG(s) dict_keys(['example_branch_datetime_operator_2']) retrieved from /home/airflow/.local/lib/python3.8/site-packages/airflow/example_dags/example_branch_datetime_operator.py
[2021-09-14 18:41:38,366] {logging_mixin.py:109} INFO - [2021-09-14 18:41:38,366] {dag.py:1833} INFO - Sync 1 DAGs
[2021-09-14 18:41:38,391] {logging_mixin.py:109} INFO - [2021-09-14 18:41:38,390] {dag.py:2306} INFO - Setting next_dagrun for example_branch_datetime_operator_2 to 2021-09-12 00:00:00+00:00
[2021-09-14 18:41:38,401] {processor.py:170} INFO - Processing /home/airflow/.local/lib/python3.8/site-packages/airflow/example_dags/example_branch_datetime_operator.py took 0.077 seconds
[2021-09-14 18:42:08,659] {processor.py:162} INFO - Started process (PID=1207) to work on /home/airflow/.local/lib/python3.8/site-packages/airflow/example_dags/example_branch_datetime_operator.py
[2021-09-14 18:42:08,660] {processor.py:613} INFO - Processing file /home/airflow/.local/lib/python3.8/site-packages/airflow/example_dags/example_branch_datetime_operator.py for tasks to queue
[2021-09-14 18:42:08,660] {logging_mixin.py:109} INFO - [2021-09-14 18:42:08,660] {dagbag.py:496} INFO - Filling up the DagBag from /home/airflow/.local/lib/python3.8/site-packages/airflow/example_dags/example_branch_datetime_operator.py
[2021-09-14 18:42:08,669] {processor.py:623} INFO - DAG(s) dict_keys(['example_branch_datetime_operator_2']) retrieved from /home/airflow/.local/lib/python3.8/site-packages/airflow/example_dags/example_branch_datetime_operator.py
[2021-09-14 18:42:08,684] {logging_mixin.py:109} INFO - [2021-09-14 18:42:08,684] {dag.py:1833} INFO - Sync 1 DAGs
[2021-09-14 18:42:08,694] {logging_mixin.py:109} INFO - [2021-09-14 18:42:08,694] {dag.py:2306} INFO - Setting next_dagrun for example_branch_datetime_operator_2 to 2021-09-12 00:00:00+00:00
[2021-09-14 18:42:08,701] {processor.py:170} INFO - Processing /home/airflow/.local/lib/python3.8/site-packages/airflow/example_dags/example_branch_datetime_operator.py took 0.045 seconds
[2021-09-14 18:42:39,134] {processor.py:162} INFO - Started process (PID=1264) to work on /home/airflow/.local/lib/python3.8/site-packages/airflow/example_dags/example_branch_datetime_operator.py
[2021-09-14 18:42:39,135] {processor.py:613} INFO - Processing file /home/airflow/.local/lib/python3.8/site-packages/airflow/example_dags/example_branch_datetime_operator.py for tasks to queue
[2021-09-14 18:42:39,136] {logging_mixin.py:109} INFO - [2021-09-14 18:42:39,136] {dagbag.py:496} INFO - Filling up the DagBag from /home/airflow/.local/lib/python3.8/site-packages/airflow/example_dags/example_branch_datetime_operator.py
[2021-09-14 18:42:39,149] {processor.py:623} INFO - DAG(s) dict_keys(['example_branch_datetime_operator_2']) retrieved from /home/airflow/.local/lib/python3.8/site-packages/airflow/example_dags/example_branch_datetime_operator.py
[2021-09-14 18:42:39,175] {logging_mixin.py:109} INFO - [2021-09-14 18:42:39,175] {dag.py:1833} INFO - Sync 1 DAGs
[2021-09-14 18:42:39,197] {logging_mixin.py:109} INFO - [2021-09-14 18:42:39,197] {dag.py:2306} INFO - Setting next_dagrun for example_branch_datetime_operator_2 to 2021-09-12 00:00:00+00:00
[2021-09-14 18:42:39,211] {processor.py:170} INFO - Processing /home/airflow/.local/lib/python3.8/site-packages/airflow/example_dags/example_branch_datetime_operator.py took 0.080 seconds
[2021-09-14 18:43:09,380] {processor.py:162} INFO - Started process (PID=1312) to work on /home/airflow/.local/lib/python3.8/site-packages/airflow/example_dags/example_branch_datetime_operator.py
[2021-09-14 18:43:09,385] {processor.py:613} INFO - Processing file /home/airflow/.local/lib/python3.8/site-packages/airflow/example_dags/example_branch_datetime_operator.py for tasks to queue
[2021-09-14 18:43:09,386] {logging_mixin.py:109} INFO - [2021-09-14 18:43:09,386] {dagbag.py:496} INFO - Filling up the DagBag from /home/airflow/.local/lib/python3.8/site-packages/airflow/example_dags/example_branch_datetime_operator.py
[2021-09-14 18:43:09,401] {processor.py:623} INFO - DAG(s) dict_keys(['example_branch_datetime_operator_2']) retrieved from /home/airflow/.local/lib/python3.8/site-packages/airflow/example_dags/example_branch_datetime_operator.py
[2021-09-14 18:43:09,425] {logging_mixin.py:109} INFO - [2021-09-14 18:43:09,425] {dag.py:1833} INFO - Sync 1 DAGs
[2021-09-14 18:43:09,446] {logging_mixin.py:109} INFO - [2021-09-14 18:43:09,446] {dag.py:2306} INFO - Setting next_dagrun for example_branch_datetime_operator_2 to 2021-09-12 00:00:00+00:00
[2021-09-14 18:43:09,459] {processor.py:170} INFO - Processing /home/airflow/.local/lib/python3.8/site-packages/airflow/example_dags/example_branch_datetime_operator.py took 0.083 seconds
[2021-09-14 18:43:39,869] {processor.py:162} INFO - Started process (PID=1370) to work on /home/airflow/.local/lib/python3.8/site-packages/airflow/example_dags/example_branch_datetime_operator.py
[2021-09-14 18:43:39,871] {processor.py:613} INFO - Processing file /home/airflow/.local/lib/python3.8/site-packages/airflow/example_dags/example_branch_datetime_operator.py for tasks to queue
[2021-09-14 18:43:39,872] {logging_mixin.py:109} INFO - [2021-09-14 18:43:39,872] {dagbag.py:496} INFO - Filling up the DagBag from /home/airflow/.local/lib/python3.8/site-packages/airflow/example_dags/example_branch_datetime_operator.py
[2021-09-14 18:43:39,882] {processor.py:623} INFO - DAG(s) dict_keys(['example_branch_datetime_operator_2']) retrieved from /home/airflow/.local/lib/python3.8/site-packages/airflow/example_dags/example_branch_datetime_operator.py
[2021-09-14 18:43:39,900] {logging_mixin.py:109} INFO - [2021-09-14 18:43:39,900] {dag.py:1833} INFO - Sync 1 DAGs
[2021-09-14 18:43:39,919] {logging_mixin.py:109} INFO - [2021-09-14 18:43:39,919] {dag.py:2306} INFO - Setting next_dagrun for example_branch_datetime_operator_2 to 2021-09-12 00:00:00+00:00
[2021-09-14 18:43:39,930] {processor.py:170} INFO - Processing /home/airflow/.local/lib/python3.8/site-packages/airflow/example_dags/example_branch_datetime_operator.py took 0.064 seconds
[2021-09-14 18:44:10,788] {processor.py:162} INFO - Started process (PID=1426) to work on /home/airflow/.local/lib/python3.8/site-packages/airflow/example_dags/example_branch_datetime_operator.py
[2021-09-14 18:44:10,789] {processor.py:613} INFO - Processing file /home/airflow/.local/lib/python3.8/site-packages/airflow/example_dags/example_branch_datetime_operator.py for tasks to queue
[2021-09-14 18:44:10,790] {logging_mixin.py:109} INFO - [2021-09-14 18:44:10,790] {dagbag.py:496} INFO - Filling up the DagBag from /home/airflow/.local/lib/python3.8/site-packages/airflow/example_dags/example_branch_datetime_operator.py
[2021-09-14 18:44:10,812] {processor.py:623} INFO - DAG(s) dict_keys(['example_branch_datetime_operator_2']) retrieved from /home/airflow/.local/lib/python3.8/site-packages/airflow/example_dags/example_branch_datetime_operator.py
[2021-09-14 18:44:10,838] {logging_mixin.py:109} INFO - [2021-09-14 18:44:10,838] {dag.py:1833} INFO - Sync 1 DAGs
[2021-09-14 18:44:10,857] {logging_mixin.py:109} INFO - [2021-09-14 18:44:10,857] {dag.py:2306} INFO - Setting next_dagrun for example_branch_datetime_operator_2 to 2021-09-12 00:00:00+00:00
[2021-09-14 18:44:10,863] {processor.py:170} INFO - Processing /home/airflow/.local/lib/python3.8/site-packages/airflow/example_dags/example_branch_datetime_operator.py took 0.078 seconds
[2021-09-14 18:44:40,934] {processor.py:162} INFO - Started process (PID=1473) to work on /home/airflow/.local/lib/python3.8/site-packages/airflow/example_dags/example_branch_datetime_operator.py
[2021-09-14 18:44:40,936] {processor.py:613} INFO - Processing file /home/airflow/.local/lib/python3.8/site-packages/airflow/example_dags/example_branch_datetime_operator.py for tasks to queue
[2021-09-14 18:44:40,936] {logging_mixin.py:109} INFO - [2021-09-14 18:44:40,936] {dagbag.py:496} INFO - Filling up the DagBag from /home/airflow/.local/lib/python3.8/site-packages/airflow/example_dags/example_branch_datetime_operator.py
[2021-09-14 18:44:40,950] {processor.py:623} INFO - DAG(s) dict_keys(['example_branch_datetime_operator_2']) retrieved from /home/airflow/.local/lib/python3.8/site-packages/airflow/example_dags/example_branch_datetime_operator.py
[2021-09-14 18:44:40,973] {logging_mixin.py:109} INFO - [2021-09-14 18:44:40,973] {dag.py:1833} INFO - Sync 1 DAGs
[2021-09-14 18:44:41,003] {logging_mixin.py:109} INFO - [2021-09-14 18:44:41,002] {dag.py:2306} INFO - Setting next_dagrun for example_branch_datetime_operator_2 to 2021-09-12 00:00:00+00:00
[2021-09-14 18:44:41,011] {processor.py:170} INFO - Processing /home/airflow/.local/lib/python3.8/site-packages/airflow/example_dags/example_branch_datetime_operator.py took 0.080 seconds
[2021-09-14 18:45:11,248] {processor.py:162} INFO - Started process (PID=1528) to work on /home/airflow/.local/lib/python3.8/site-packages/airflow/example_dags/example_branch_datetime_operator.py
[2021-09-14 18:45:11,250] {processor.py:613} INFO - Processing file /home/airflow/.local/lib/python3.8/site-packages/airflow/example_dags/example_branch_datetime_operator.py for tasks to queue
[2021-09-14 18:45:11,250] {logging_mixin.py:109} INFO - [2021-09-14 18:45:11,250] {dagbag.py:496} INFO - Filling up the DagBag from /home/airflow/.local/lib/python3.8/site-packages/airflow/example_dags/example_branch_datetime_operator.py
[2021-09-14 18:45:11,259] {processor.py:623} INFO - DAG(s) dict_keys(['example_branch_datetime_operator_2']) retrieved from /home/airflow/.local/lib/python3.8/site-packages/airflow/example_dags/example_branch_datetime_operator.py
[2021-09-14 18:45:11,276] {logging_mixin.py:109} INFO - [2021-09-14 18:45:11,276] {dag.py:1833} INFO - Sync 1 DAGs
[2021-09-14 18:45:11,288] {logging_mixin.py:109} INFO - [2021-09-14 18:45:11,288] {dag.py:2306} INFO - Setting next_dagrun for example_branch_datetime_operator_2 to 2021-09-12 00:00:00+00:00
[2021-09-14 18:45:11,294] {processor.py:170} INFO - Processing /home/airflow/.local/lib/python3.8/site-packages/airflow/example_dags/example_branch_datetime_operator.py took 0.048 seconds
[2021-09-14 18:45:41,892] {processor.py:162} INFO - Started process (PID=1572) to work on /home/airflow/.local/lib/python3.8/site-packages/airflow/example_dags/example_branch_datetime_operator.py
[2021-09-14 18:45:41,893] {processor.py:613} INFO - Processing file /home/airflow/.local/lib/python3.8/site-packages/airflow/example_dags/example_branch_datetime_operator.py for tasks to queue
[2021-09-14 18:45:41,894] {logging_mixin.py:109} INFO - [2021-09-14 18:45:41,894] {dagbag.py:496} INFO - Filling up the DagBag from /home/airflow/.local/lib/python3.8/site-packages/airflow/example_dags/example_branch_datetime_operator.py
[2021-09-14 18:45:41,906] {processor.py:623} INFO - DAG(s) dict_keys(['example_branch_datetime_operator_2']) retrieved from /home/airflow/.local/lib/python3.8/site-packages/airflow/example_dags/example_branch_datetime_operator.py
[2021-09-14 18:45:41,924] {logging_mixin.py:109} INFO - [2021-09-14 18:45:41,924] {dag.py:1833} INFO - Sync 1 DAGs
[2021-09-14 18:45:41,950] {logging_mixin.py:109} INFO - [2021-09-14 18:45:41,950] {dag.py:2306} INFO - Setting next_dagrun for example_branch_datetime_operator_2 to 2021-09-12 00:00:00+00:00
[2021-09-14 18:45:41,959] {processor.py:170} INFO - Processing /home/airflow/.local/lib/python3.8/site-packages/airflow/example_dags/example_branch_datetime_operator.py took 0.070 seconds
[2021-09-14 18:46:12,325] {processor.py:162} INFO - Started process (PID=1627) to work on /home/airflow/.local/lib/python3.8/site-packages/airflow/example_dags/example_branch_datetime_operator.py
[2021-09-14 18:46:12,326] {processor.py:613} INFO - Processing file /home/airflow/.local/lib/python3.8/site-packages/airflow/example_dags/example_branch_datetime_operator.py for tasks to queue
[2021-09-14 18:46:12,330] {logging_mixin.py:109} INFO - [2021-09-14 18:46:12,330] {dagbag.py:496} INFO - Filling up the DagBag from /home/airflow/.local/lib/python3.8/site-packages/airflow/example_dags/example_branch_datetime_operator.py
[2021-09-14 18:46:12,339] {processor.py:623} INFO - DAG(s) dict_keys(['example_branch_datetime_operator_2']) retrieved from /home/airflow/.local/lib/python3.8/site-packages/airflow/example_dags/example_branch_datetime_operator.py
[2021-09-14 18:46:12,356] {logging_mixin.py:109} INFO - [2021-09-14 18:46:12,356] {dag.py:1833} INFO - Sync 1 DAGs
[2021-09-14 18:46:12,369] {logging_mixin.py:109} INFO - [2021-09-14 18:46:12,369] {dag.py:2306} INFO - Setting next_dagrun for example_branch_datetime_operator_2 to 2021-09-12 00:00:00+00:00
[2021-09-14 18:46:12,382] {processor.py:170} INFO - Processing /home/airflow/.local/lib/python3.8/site-packages/airflow/example_dags/example_branch_datetime_operator.py took 0.059 seconds
[2021-09-14 18:46:43,217] {processor.py:162} INFO - Started process (PID=1682) to work on /home/airflow/.local/lib/python3.8/site-packages/airflow/example_dags/example_branch_datetime_operator.py
[2021-09-14 18:46:43,219] {processor.py:613} INFO - Processing file /home/airflow/.local/lib/python3.8/site-packages/airflow/example_dags/example_branch_datetime_operator.py for tasks to queue
[2021-09-14 18:46:43,219] {logging_mixin.py:109} INFO - [2021-09-14 18:46:43,219] {dagbag.py:496} INFO - Filling up the DagBag from /home/airflow/.local/lib/python3.8/site-packages/airflow/example_dags/example_branch_datetime_operator.py
[2021-09-14 18:46:43,233] {processor.py:623} INFO - DAG(s) dict_keys(['example_branch_datetime_operator_2']) retrieved from /home/airflow/.local/lib/python3.8/site-packages/airflow/example_dags/example_branch_datetime_operator.py
[2021-09-14 18:46:43,254] {logging_mixin.py:109} INFO - [2021-09-14 18:46:43,254] {dag.py:1833} INFO - Sync 1 DAGs
[2021-09-14 18:46:43,280] {logging_mixin.py:109} INFO - [2021-09-14 18:46:43,280] {dag.py:2306} INFO - Setting next_dagrun for example_branch_datetime_operator_2 to 2021-09-12 00:00:00+00:00
[2021-09-14 18:46:43,297] {processor.py:170} INFO - Processing /home/airflow/.local/lib/python3.8/site-packages/airflow/example_dags/example_branch_datetime_operator.py took 0.083 seconds
[2021-09-14 18:47:13,732] {processor.py:162} INFO - Started process (PID=1729) to work on /home/airflow/.local/lib/python3.8/site-packages/airflow/example_dags/example_branch_datetime_operator.py
[2021-09-14 18:47:13,733] {processor.py:613} INFO - Processing file /home/airflow/.local/lib/python3.8/site-packages/airflow/example_dags/example_branch_datetime_operator.py for tasks to queue
[2021-09-14 18:47:13,734] {logging_mixin.py:109} INFO - [2021-09-14 18:47:13,734] {dagbag.py:496} INFO - Filling up the DagBag from /home/airflow/.local/lib/python3.8/site-packages/airflow/example_dags/example_branch_datetime_operator.py
[2021-09-14 18:47:13,746] {processor.py:623} INFO - DAG(s) dict_keys(['example_branch_datetime_operator_2']) retrieved from /home/airflow/.local/lib/python3.8/site-packages/airflow/example_dags/example_branch_datetime_operator.py
[2021-09-14 18:47:13,763] {logging_mixin.py:109} INFO - [2021-09-14 18:47:13,763] {dag.py:1833} INFO - Sync 1 DAGs
[2021-09-14 18:47:13,774] {logging_mixin.py:109} INFO - [2021-09-14 18:47:13,774] {dag.py:2306} INFO - Setting next_dagrun for example_branch_datetime_operator_2 to 2021-09-12 00:00:00+00:00
[2021-09-14 18:47:13,783] {processor.py:170} INFO - Processing /home/airflow/.local/lib/python3.8/site-packages/airflow/example_dags/example_branch_datetime_operator.py took 0.054 seconds
[2021-09-14 18:47:44,334] {processor.py:162} INFO - Started process (PID=1787) to work on /home/airflow/.local/lib/python3.8/site-packages/airflow/example_dags/example_branch_datetime_operator.py
[2021-09-14 18:47:44,335] {processor.py:613} INFO - Processing file /home/airflow/.local/lib/python3.8/site-packages/airflow/example_dags/example_branch_datetime_operator.py for tasks to queue
[2021-09-14 18:47:44,336] {logging_mixin.py:109} INFO - [2021-09-14 18:47:44,336] {dagbag.py:496} INFO - Filling up the DagBag from /home/airflow/.local/lib/python3.8/site-packages/airflow/example_dags/example_branch_datetime_operator.py
[2021-09-14 18:47:44,349] {processor.py:623} INFO - DAG(s) dict_keys(['example_branch_datetime_operator_2']) retrieved from /home/airflow/.local/lib/python3.8/site-packages/airflow/example_dags/example_branch_datetime_operator.py
[2021-09-14 18:47:44,371] {logging_mixin.py:109} INFO - [2021-09-14 18:47:44,371] {dag.py:1833} INFO - Sync 1 DAGs
[2021-09-14 18:47:44,401] {logging_mixin.py:109} INFO - [2021-09-14 18:47:44,401] {dag.py:2306} INFO - Setting next_dagrun for example_branch_datetime_operator_2 to 2021-09-12 00:00:00+00:00
[2021-09-14 18:47:44,411] {processor.py:170} INFO - Processing /home/airflow/.local/lib/python3.8/site-packages/airflow/example_dags/example_branch_datetime_operator.py took 0.080 seconds
[2021-09-14 18:48:14,763] {processor.py:162} INFO - Started process (PID=1834) to work on /home/airflow/.local/lib/python3.8/site-packages/airflow/example_dags/example_branch_datetime_operator.py
[2021-09-14 18:48:14,764] {processor.py:613} INFO - Processing file /home/airflow/.local/lib/python3.8/site-packages/airflow/example_dags/example_branch_datetime_operator.py for tasks to queue
[2021-09-14 18:48:14,765] {logging_mixin.py:109} INFO - [2021-09-14 18:48:14,765] {dagbag.py:496} INFO - Filling up the DagBag from /home/airflow/.local/lib/python3.8/site-packages/airflow/example_dags/example_branch_datetime_operator.py
[2021-09-14 18:48:14,777] {processor.py:623} INFO - DAG(s) dict_keys(['example_branch_datetime_operator_2']) retrieved from /home/airflow/.local/lib/python3.8/site-packages/airflow/example_dags/example_branch_datetime_operator.py
[2021-09-14 18:48:14,796] {logging_mixin.py:109} INFO - [2021-09-14 18:48:14,796] {dag.py:1833} INFO - Sync 1 DAGs
[2021-09-14 18:48:14,812] {logging_mixin.py:109} INFO - [2021-09-14 18:48:14,812] {dag.py:2306} INFO - Setting next_dagrun for example_branch_datetime_operator_2 to 2021-09-12 00:00:00+00:00
[2021-09-14 18:48:14,821] {processor.py:170} INFO - Processing /home/airflow/.local/lib/python3.8/site-packages/airflow/example_dags/example_branch_datetime_operator.py took 0.060 seconds
[2021-09-14 18:48:45,023] {processor.py:162} INFO - Started process (PID=1891) to work on /home/airflow/.local/lib/python3.8/site-packages/airflow/example_dags/example_branch_datetime_operator.py
[2021-09-14 18:48:45,025] {processor.py:613} INFO - Processing file /home/airflow/.local/lib/python3.8/site-packages/airflow/example_dags/example_branch_datetime_operator.py for tasks to queue
[2021-09-14 18:48:45,026] {logging_mixin.py:109} INFO - [2021-09-14 18:48:45,026] {dagbag.py:496} INFO - Filling up the DagBag from /home/airflow/.local/lib/python3.8/site-packages/airflow/example_dags/example_branch_datetime_operator.py
[2021-09-14 18:48:45,043] {processor.py:623} INFO - DAG(s) dict_keys(['example_branch_datetime_operator_2']) retrieved from /home/airflow/.local/lib/python3.8/site-packages/airflow/example_dags/example_branch_datetime_operator.py
[2021-09-14 18:48:45,119] {logging_mixin.py:109} INFO - [2021-09-14 18:48:45,119] {dag.py:1833} INFO - Sync 1 DAGs
[2021-09-14 18:48:45,170] {logging_mixin.py:109} INFO - [2021-09-14 18:48:45,170] {dag.py:2306} INFO - Setting next_dagrun for example_branch_datetime_operator_2 to 2021-09-12 00:00:00+00:00
[2021-09-14 18:48:45,179] {processor.py:170} INFO - Processing /home/airflow/.local/lib/python3.8/site-packages/airflow/example_dags/example_branch_datetime_operator.py took 0.160 seconds
[2021-09-14 18:49:15,737] {processor.py:162} INFO - Started process (PID=1947) to work on /home/airflow/.local/lib/python3.8/site-packages/airflow/example_dags/example_branch_datetime_operator.py
[2021-09-14 18:49:15,742] {processor.py:613} INFO - Processing file /home/airflow/.local/lib/python3.8/site-packages/airflow/example_dags/example_branch_datetime_operator.py for tasks to queue
[2021-09-14 18:49:15,746] {logging_mixin.py:109} INFO - [2021-09-14 18:49:15,746] {dagbag.py:496} INFO - Filling up the DagBag from /home/airflow/.local/lib/python3.8/site-packages/airflow/example_dags/example_branch_datetime_operator.py
[2021-09-14 18:49:15,764] {processor.py:623} INFO - DAG(s) dict_keys(['example_branch_datetime_operator_2']) retrieved from /home/airflow/.local/lib/python3.8/site-packages/airflow/example_dags/example_branch_datetime_operator.py
[2021-09-14 18:49:15,810] {logging_mixin.py:109} INFO - [2021-09-14 18:49:15,810] {dag.py:1833} INFO - Sync 1 DAGs
[2021-09-14 18:49:15,835] {logging_mixin.py:109} INFO - [2021-09-14 18:49:15,835] {dag.py:2306} INFO - Setting next_dagrun for example_branch_datetime_operator_2 to 2021-09-12 00:00:00+00:00
[2021-09-14 18:49:15,871] {processor.py:170} INFO - Processing /home/airflow/.local/lib/python3.8/site-packages/airflow/example_dags/example_branch_datetime_operator.py took 0.137 seconds
[2021-09-14 18:49:46,209] {processor.py:162} INFO - Started process (PID=1994) to work on /home/airflow/.local/lib/python3.8/site-packages/airflow/example_dags/example_branch_datetime_operator.py
[2021-09-14 18:49:46,212] {processor.py:613} INFO - Processing file /home/airflow/.local/lib/python3.8/site-packages/airflow/example_dags/example_branch_datetime_operator.py for tasks to queue
[2021-09-14 18:49:46,213] {logging_mixin.py:109} INFO - [2021-09-14 18:49:46,212] {dagbag.py:496} INFO - Filling up the DagBag from /home/airflow/.local/lib/python3.8/site-packages/airflow/example_dags/example_branch_datetime_operator.py
[2021-09-14 18:49:46,231] {processor.py:623} INFO - DAG(s) dict_keys(['example_branch_datetime_operator_2']) retrieved from /home/airflow/.local/lib/python3.8/site-packages/airflow/example_dags/example_branch_datetime_operator.py
[2021-09-14 18:49:46,256] {logging_mixin.py:109} INFO - [2021-09-14 18:49:46,255] {dag.py:1833} INFO - Sync 1 DAGs
[2021-09-14 18:49:46,280] {logging_mixin.py:109} INFO - [2021-09-14 18:49:46,280] {dag.py:2306} INFO - Setting next_dagrun for example_branch_datetime_operator_2 to 2021-09-12 00:00:00+00:00
[2021-09-14 18:49:46,289] {processor.py:170} INFO - Processing /home/airflow/.local/lib/python3.8/site-packages/airflow/example_dags/example_branch_datetime_operator.py took 0.083 seconds
[2021-09-14 18:50:16,488] {processor.py:162} INFO - Started process (PID=2049) to work on /home/airflow/.local/lib/python3.8/site-packages/airflow/example_dags/example_branch_datetime_operator.py
[2021-09-14 18:50:16,490] {processor.py:613} INFO - Processing file /home/airflow/.local/lib/python3.8/site-packages/airflow/example_dags/example_branch_datetime_operator.py for tasks to queue
[2021-09-14 18:50:16,492] {logging_mixin.py:109} INFO - [2021-09-14 18:50:16,492] {dagbag.py:496} INFO - Filling up the DagBag from /home/airflow/.local/lib/python3.8/site-packages/airflow/example_dags/example_branch_datetime_operator.py
[2021-09-14 18:50:16,502] {processor.py:623} INFO - DAG(s) dict_keys(['example_branch_datetime_operator_2']) retrieved from /home/airflow/.local/lib/python3.8/site-packages/airflow/example_dags/example_branch_datetime_operator.py
[2021-09-14 18:50:16,521] {logging_mixin.py:109} INFO - [2021-09-14 18:50:16,521] {dag.py:1833} INFO - Sync 1 DAGs
[2021-09-14 18:50:16,546] {logging_mixin.py:109} INFO - [2021-09-14 18:50:16,546] {dag.py:2306} INFO - Setting next_dagrun for example_branch_datetime_operator_2 to 2021-09-12 00:00:00+00:00
[2021-09-14 18:50:16,559] {processor.py:170} INFO - Processing /home/airflow/.local/lib/python3.8/site-packages/airflow/example_dags/example_branch_datetime_operator.py took 0.073 seconds
[2021-09-14 18:50:46,911] {processor.py:162} INFO - Started process (PID=2098) to work on /home/airflow/.local/lib/python3.8/site-packages/airflow/example_dags/example_branch_datetime_operator.py
[2021-09-14 18:50:46,913] {processor.py:613} INFO - Processing file /home/airflow/.local/lib/python3.8/site-packages/airflow/example_dags/example_branch_datetime_operator.py for tasks to queue
[2021-09-14 18:50:46,914] {logging_mixin.py:109} INFO - [2021-09-14 18:50:46,913] {dagbag.py:496} INFO - Filling up the DagBag from /home/airflow/.local/lib/python3.8/site-packages/airflow/example_dags/example_branch_datetime_operator.py
[2021-09-14 18:50:46,924] {processor.py:623} INFO - DAG(s) dict_keys(['example_branch_datetime_operator_2']) retrieved from /home/airflow/.local/lib/python3.8/site-packages/airflow/example_dags/example_branch_datetime_operator.py
[2021-09-14 18:50:46,946] {logging_mixin.py:109} INFO - [2021-09-14 18:50:46,945] {dag.py:1833} INFO - Sync 1 DAGs
[2021-09-14 18:50:46,968] {logging_mixin.py:109} INFO - [2021-09-14 18:50:46,968] {dag.py:2306} INFO - Setting next_dagrun for example_branch_datetime_operator_2 to 2021-09-12 00:00:00+00:00
[2021-09-14 18:50:46,977] {processor.py:170} INFO - Processing /home/airflow/.local/lib/python3.8/site-packages/airflow/example_dags/example_branch_datetime_operator.py took 0.069 seconds
[2021-09-14 18:51:17,677] {processor.py:162} INFO - Started process (PID=2161) to work on /home/airflow/.local/lib/python3.8/site-packages/airflow/example_dags/example_branch_datetime_operator.py
[2021-09-14 18:51:17,678] {processor.py:613} INFO - Processing file /home/airflow/.local/lib/python3.8/site-packages/airflow/example_dags/example_branch_datetime_operator.py for tasks to queue
[2021-09-14 18:51:17,679] {logging_mixin.py:109} INFO - [2021-09-14 18:51:17,678] {dagbag.py:496} INFO - Filling up the DagBag from /home/airflow/.local/lib/python3.8/site-packages/airflow/example_dags/example_branch_datetime_operator.py
[2021-09-14 18:51:17,695] {processor.py:623} INFO - DAG(s) dict_keys(['example_branch_datetime_operator_2']) retrieved from /home/airflow/.local/lib/python3.8/site-packages/airflow/example_dags/example_branch_datetime_operator.py
[2021-09-14 18:51:17,716] {logging_mixin.py:109} INFO - [2021-09-14 18:51:17,716] {dag.py:1833} INFO - Sync 1 DAGs
[2021-09-14 18:51:17,734] {logging_mixin.py:109} INFO - [2021-09-14 18:51:17,734] {dag.py:2306} INFO - Setting next_dagrun for example_branch_datetime_operator_2 to 2021-09-12 00:00:00+00:00
[2021-09-14 18:51:17,757] {processor.py:170} INFO - Processing /home/airflow/.local/lib/python3.8/site-packages/airflow/example_dags/example_branch_datetime_operator.py took 0.085 seconds
[2021-09-14 18:51:48,497] {processor.py:162} INFO - Started process (PID=2208) to work on /home/airflow/.local/lib/python3.8/site-packages/airflow/example_dags/example_branch_datetime_operator.py
[2021-09-14 18:51:48,498] {processor.py:613} INFO - Processing file /home/airflow/.local/lib/python3.8/site-packages/airflow/example_dags/example_branch_datetime_operator.py for tasks to queue
[2021-09-14 18:51:48,499] {logging_mixin.py:109} INFO - [2021-09-14 18:51:48,499] {dagbag.py:496} INFO - Filling up the DagBag from /home/airflow/.local/lib/python3.8/site-packages/airflow/example_dags/example_branch_datetime_operator.py
[2021-09-14 18:51:48,512] {processor.py:623} INFO - DAG(s) dict_keys(['example_branch_datetime_operator_2']) retrieved from /home/airflow/.local/lib/python3.8/site-packages/airflow/example_dags/example_branch_datetime_operator.py
[2021-09-14 18:51:48,532] {logging_mixin.py:109} INFO - [2021-09-14 18:51:48,532] {dag.py:1833} INFO - Sync 1 DAGs
[2021-09-14 18:51:48,549] {logging_mixin.py:109} INFO - [2021-09-14 18:51:48,549] {dag.py:2306} INFO - Setting next_dagrun for example_branch_datetime_operator_2 to 2021-09-12 00:00:00+00:00
[2021-09-14 18:51:48,567] {processor.py:170} INFO - Processing /home/airflow/.local/lib/python3.8/site-packages/airflow/example_dags/example_branch_datetime_operator.py took 0.072 seconds
[2021-09-14 18:52:18,825] {processor.py:162} INFO - Started process (PID=2266) to work on /home/airflow/.local/lib/python3.8/site-packages/airflow/example_dags/example_branch_datetime_operator.py
[2021-09-14 18:52:18,830] {processor.py:613} INFO - Processing file /home/airflow/.local/lib/python3.8/site-packages/airflow/example_dags/example_branch_datetime_operator.py for tasks to queue
[2021-09-14 18:52:18,830] {logging_mixin.py:109} INFO - [2021-09-14 18:52:18,830] {dagbag.py:496} INFO - Filling up the DagBag from /home/airflow/.local/lib/python3.8/site-packages/airflow/example_dags/example_branch_datetime_operator.py
[2021-09-14 18:52:18,839] {processor.py:623} INFO - DAG(s) dict_keys(['example_branch_datetime_operator_2']) retrieved from /home/airflow/.local/lib/python3.8/site-packages/airflow/example_dags/example_branch_datetime_operator.py
[2021-09-14 18:52:18,853] {logging_mixin.py:109} INFO - [2021-09-14 18:52:18,853] {dag.py:1833} INFO - Sync 1 DAGs
[2021-09-14 18:52:18,864] {logging_mixin.py:109} INFO - [2021-09-14 18:52:18,864] {dag.py:2306} INFO - Setting next_dagrun for example_branch_datetime_operator_2 to 2021-09-12 00:00:00+00:00
[2021-09-14 18:52:18,870] {processor.py:170} INFO - Processing /home/airflow/.local/lib/python3.8/site-packages/airflow/example_dags/example_branch_datetime_operator.py took 0.048 seconds
[2021-09-14 18:52:49,011] {processor.py:162} INFO - Started process (PID=2323) to work on /home/airflow/.local/lib/python3.8/site-packages/airflow/example_dags/example_branch_datetime_operator.py
[2021-09-14 18:52:49,012] {processor.py:613} INFO - Processing file /home/airflow/.local/lib/python3.8/site-packages/airflow/example_dags/example_branch_datetime_operator.py for tasks to queue
[2021-09-14 18:52:49,013] {logging_mixin.py:109} INFO - [2021-09-14 18:52:49,012] {dagbag.py:496} INFO - Filling up the DagBag from /home/airflow/.local/lib/python3.8/site-packages/airflow/example_dags/example_branch_datetime_operator.py
[2021-09-14 18:52:49,028] {processor.py:623} INFO - DAG(s) dict_keys(['example_branch_datetime_operator_2']) retrieved from /home/airflow/.local/lib/python3.8/site-packages/airflow/example_dags/example_branch_datetime_operator.py
[2021-09-14 18:52:49,049] {logging_mixin.py:109} INFO - [2021-09-14 18:52:49,049] {dag.py:1833} INFO - Sync 1 DAGs
[2021-09-14 18:52:49,076] {logging_mixin.py:109} INFO - [2021-09-14 18:52:49,076] {dag.py:2306} INFO - Setting next_dagrun for example_branch_datetime_operator_2 to 2021-09-12 00:00:00+00:00
[2021-09-14 18:52:49,083] {processor.py:170} INFO - Processing /home/airflow/.local/lib/python3.8/site-packages/airflow/example_dags/example_branch_datetime_operator.py took 0.078 seconds
[2021-09-14 18:53:19,382] {processor.py:162} INFO - Started process (PID=2369) to work on /home/airflow/.local/lib/python3.8/site-packages/airflow/example_dags/example_branch_datetime_operator.py
[2021-09-14 18:53:19,383] {processor.py:613} INFO - Processing file /home/airflow/.local/lib/python3.8/site-packages/airflow/example_dags/example_branch_datetime_operator.py for tasks to queue
[2021-09-14 18:53:19,384] {logging_mixin.py:109} INFO - [2021-09-14 18:53:19,383] {dagbag.py:496} INFO - Filling up the DagBag from /home/airflow/.local/lib/python3.8/site-packages/airflow/example_dags/example_branch_datetime_operator.py
[2021-09-14 18:53:19,395] {processor.py:623} INFO - DAG(s) dict_keys(['example_branch_datetime_operator_2']) retrieved from /home/airflow/.local/lib/python3.8/site-packages/airflow/example_dags/example_branch_datetime_operator.py
[2021-09-14 18:53:19,415] {logging_mixin.py:109} INFO - [2021-09-14 18:53:19,414] {dag.py:1833} INFO - Sync 1 DAGs
[2021-09-14 18:53:19,445] {logging_mixin.py:109} INFO - [2021-09-14 18:53:19,445] {dag.py:2306} INFO - Setting next_dagrun for example_branch_datetime_operator_2 to 2021-09-12 00:00:00+00:00
[2021-09-14 18:53:19,520] {processor.py:170} INFO - Processing /home/airflow/.local/lib/python3.8/site-packages/airflow/example_dags/example_branch_datetime_operator.py took 0.141 seconds
[2021-09-14 18:53:49,847] {processor.py:162} INFO - Started process (PID=2425) to work on /home/airflow/.local/lib/python3.8/site-packages/airflow/example_dags/example_branch_datetime_operator.py
[2021-09-14 18:53:49,849] {processor.py:613} INFO - Processing file /home/airflow/.local/lib/python3.8/site-packages/airflow/example_dags/example_branch_datetime_operator.py for tasks to queue
[2021-09-14 18:53:49,849] {logging_mixin.py:109} INFO - [2021-09-14 18:53:49,849] {dagbag.py:496} INFO - Filling up the DagBag from /home/airflow/.local/lib/python3.8/site-packages/airflow/example_dags/example_branch_datetime_operator.py
[2021-09-14 18:53:49,861] {processor.py:623} INFO - DAG(s) dict_keys(['example_branch_datetime_operator_2']) retrieved from /home/airflow/.local/lib/python3.8/site-packages/airflow/example_dags/example_branch_datetime_operator.py
[2021-09-14 18:53:49,881] {logging_mixin.py:109} INFO - [2021-09-14 18:53:49,881] {dag.py:1833} INFO - Sync 1 DAGs
[2021-09-14 18:53:49,898] {logging_mixin.py:109} INFO - [2021-09-14 18:53:49,898] {dag.py:2306} INFO - Setting next_dagrun for example_branch_datetime_operator_2 to 2021-09-12 00:00:00+00:00
[2021-09-14 18:53:49,910] {processor.py:170} INFO - Processing /home/airflow/.local/lib/python3.8/site-packages/airflow/example_dags/example_branch_datetime_operator.py took 0.067 seconds
[2021-09-14 18:54:20,229] {processor.py:162} INFO - Started process (PID=2473) to work on /home/airflow/.local/lib/python3.8/site-packages/airflow/example_dags/example_branch_datetime_operator.py
[2021-09-14 18:54:20,230] {processor.py:613} INFO - Processing file /home/airflow/.local/lib/python3.8/site-packages/airflow/example_dags/example_branch_datetime_operator.py for tasks to queue
[2021-09-14 18:54:20,231] {logging_mixin.py:109} INFO - [2021-09-14 18:54:20,231] {dagbag.py:496} INFO - Filling up the DagBag from /home/airflow/.local/lib/python3.8/site-packages/airflow/example_dags/example_branch_datetime_operator.py
[2021-09-14 18:54:20,240] {processor.py:623} INFO - DAG(s) dict_keys(['example_branch_datetime_operator_2']) retrieved from /home/airflow/.local/lib/python3.8/site-packages/airflow/example_dags/example_branch_datetime_operator.py
[2021-09-14 18:54:20,261] {logging_mixin.py:109} INFO - [2021-09-14 18:54:20,261] {dag.py:1833} INFO - Sync 1 DAGs
[2021-09-14 18:54:20,275] {logging_mixin.py:109} INFO - [2021-09-14 18:54:20,275] {dag.py:2306} INFO - Setting next_dagrun for example_branch_datetime_operator_2 to 2021-09-12 00:00:00+00:00
[2021-09-14 18:54:20,285] {processor.py:170} INFO - Processing /home/airflow/.local/lib/python3.8/site-packages/airflow/example_dags/example_branch_datetime_operator.py took 0.059 seconds
[2021-09-14 18:54:50,565] {processor.py:162} INFO - Started process (PID=2528) to work on /home/airflow/.local/lib/python3.8/site-packages/airflow/example_dags/example_branch_datetime_operator.py
[2021-09-14 18:54:50,567] {processor.py:613} INFO - Processing file /home/airflow/.local/lib/python3.8/site-packages/airflow/example_dags/example_branch_datetime_operator.py for tasks to queue
[2021-09-14 18:54:50,567] {logging_mixin.py:109} INFO - [2021-09-14 18:54:50,567] {dagbag.py:496} INFO - Filling up the DagBag from /home/airflow/.local/lib/python3.8/site-packages/airflow/example_dags/example_branch_datetime_operator.py
[2021-09-14 18:54:50,579] {processor.py:623} INFO - DAG(s) dict_keys(['example_branch_datetime_operator_2']) retrieved from /home/airflow/.local/lib/python3.8/site-packages/airflow/example_dags/example_branch_datetime_operator.py
[2021-09-14 18:54:50,617] {logging_mixin.py:109} INFO - [2021-09-14 18:54:50,616] {dag.py:1833} INFO - Sync 1 DAGs
[2021-09-14 18:54:50,630] {logging_mixin.py:109} INFO - [2021-09-14 18:54:50,630] {dag.py:2306} INFO - Setting next_dagrun for example_branch_datetime_operator_2 to 2021-09-12 00:00:00+00:00
[2021-09-14 18:54:50,696] {processor.py:170} INFO - Processing /home/airflow/.local/lib/python3.8/site-packages/airflow/example_dags/example_branch_datetime_operator.py took 0.134 seconds
[2021-09-14 18:55:21,111] {processor.py:162} INFO - Started process (PID=2575) to work on /home/airflow/.local/lib/python3.8/site-packages/airflow/example_dags/example_branch_datetime_operator.py
[2021-09-14 18:55:21,113] {processor.py:613} INFO - Processing file /home/airflow/.local/lib/python3.8/site-packages/airflow/example_dags/example_branch_datetime_operator.py for tasks to queue
[2021-09-14 18:55:21,114] {logging_mixin.py:109} INFO - [2021-09-14 18:55:21,114] {dagbag.py:496} INFO - Filling up the DagBag from /home/airflow/.local/lib/python3.8/site-packages/airflow/example_dags/example_branch_datetime_operator.py
[2021-09-14 18:55:21,126] {processor.py:623} INFO - DAG(s) dict_keys(['example_branch_datetime_operator_2']) retrieved from /home/airflow/.local/lib/python3.8/site-packages/airflow/example_dags/example_branch_datetime_operator.py
[2021-09-14 18:55:21,145] {logging_mixin.py:109} INFO - [2021-09-14 18:55:21,145] {dag.py:1833} INFO - Sync 1 DAGs
[2021-09-14 18:55:21,169] {logging_mixin.py:109} INFO - [2021-09-14 18:55:21,169] {dag.py:2306} INFO - Setting next_dagrun for example_branch_datetime_operator_2 to 2021-09-12 00:00:00+00:00
[2021-09-14 18:55:21,178] {processor.py:170} INFO - Processing /home/airflow/.local/lib/python3.8/site-packages/airflow/example_dags/example_branch_datetime_operator.py took 0.072 seconds
[2021-09-14 18:55:51,832] {processor.py:162} INFO - Started process (PID=2630) to work on /home/airflow/.local/lib/python3.8/site-packages/airflow/example_dags/example_branch_datetime_operator.py
[2021-09-14 18:55:51,833] {processor.py:613} INFO - Processing file /home/airflow/.local/lib/python3.8/site-packages/airflow/example_dags/example_branch_datetime_operator.py for tasks to queue
[2021-09-14 18:55:51,834] {logging_mixin.py:109} INFO - [2021-09-14 18:55:51,834] {dagbag.py:496} INFO - Filling up the DagBag from /home/airflow/.local/lib/python3.8/site-packages/airflow/example_dags/example_branch_datetime_operator.py
[2021-09-14 18:55:51,852] {processor.py:623} INFO - DAG(s) dict_keys(['example_branch_datetime_operator_2']) retrieved from /home/airflow/.local/lib/python3.8/site-packages/airflow/example_dags/example_branch_datetime_operator.py
[2021-09-14 18:55:51,889] {logging_mixin.py:109} INFO - [2021-09-14 18:55:51,889] {dag.py:1833} INFO - Sync 1 DAGs
[2021-09-14 18:55:51,917] {logging_mixin.py:109} INFO - [2021-09-14 18:55:51,917] {dag.py:2306} INFO - Setting next_dagrun for example_branch_datetime_operator_2 to 2021-09-12 00:00:00+00:00
[2021-09-14 18:55:51,946] {processor.py:170} INFO - Processing /home/airflow/.local/lib/python3.8/site-packages/airflow/example_dags/example_branch_datetime_operator.py took 0.117 seconds
[2021-09-14 18:56:22,183] {processor.py:162} INFO - Started process (PID=2686) to work on /home/airflow/.local/lib/python3.8/site-packages/airflow/example_dags/example_branch_datetime_operator.py
[2021-09-14 18:56:22,184] {processor.py:613} INFO - Processing file /home/airflow/.local/lib/python3.8/site-packages/airflow/example_dags/example_branch_datetime_operator.py for tasks to queue
[2021-09-14 18:56:22,185] {logging_mixin.py:109} INFO - [2021-09-14 18:56:22,185] {dagbag.py:496} INFO - Filling up the DagBag from /home/airflow/.local/lib/python3.8/site-packages/airflow/example_dags/example_branch_datetime_operator.py
[2021-09-14 18:56:22,197] {processor.py:623} INFO - DAG(s) dict_keys(['example_branch_datetime_operator_2']) retrieved from /home/airflow/.local/lib/python3.8/site-packages/airflow/example_dags/example_branch_datetime_operator.py
[2021-09-14 18:56:22,215] {logging_mixin.py:109} INFO - [2021-09-14 18:56:22,215] {dag.py:1833} INFO - Sync 1 DAGs
[2021-09-14 18:56:22,231] {logging_mixin.py:109} INFO - [2021-09-14 18:56:22,231] {dag.py:2306} INFO - Setting next_dagrun for example_branch_datetime_operator_2 to 2021-09-12 00:00:00+00:00
[2021-09-14 18:56:22,242] {processor.py:170} INFO - Processing /home/airflow/.local/lib/python3.8/site-packages/airflow/example_dags/example_branch_datetime_operator.py took 0.062 seconds
[2021-09-14 18:56:52,552] {processor.py:162} INFO - Started process (PID=2735) to work on /home/airflow/.local/lib/python3.8/site-packages/airflow/example_dags/example_branch_datetime_operator.py
[2021-09-14 18:56:52,553] {processor.py:613} INFO - Processing file /home/airflow/.local/lib/python3.8/site-packages/airflow/example_dags/example_branch_datetime_operator.py for tasks to queue
[2021-09-14 18:56:52,554] {logging_mixin.py:109} INFO - [2021-09-14 18:56:52,554] {dagbag.py:496} INFO - Filling up the DagBag from /home/airflow/.local/lib/python3.8/site-packages/airflow/example_dags/example_branch_datetime_operator.py
[2021-09-14 18:56:52,563] {processor.py:623} INFO - DAG(s) dict_keys(['example_branch_datetime_operator_2']) retrieved from /home/airflow/.local/lib/python3.8/site-packages/airflow/example_dags/example_branch_datetime_operator.py
[2021-09-14 18:56:52,578] {logging_mixin.py:109} INFO - [2021-09-14 18:56:52,578] {dag.py:1833} INFO - Sync 1 DAGs
[2021-09-14 18:56:52,593] {logging_mixin.py:109} INFO - [2021-09-14 18:56:52,593] {dag.py:2306} INFO - Setting next_dagrun for example_branch_datetime_operator_2 to 2021-09-12 00:00:00+00:00
[2021-09-14 18:56:52,602] {processor.py:170} INFO - Processing /home/airflow/.local/lib/python3.8/site-packages/airflow/example_dags/example_branch_datetime_operator.py took 0.053 seconds
[2021-09-14 18:57:23,287] {processor.py:162} INFO - Started process (PID=2791) to work on /home/airflow/.local/lib/python3.8/site-packages/airflow/example_dags/example_branch_datetime_operator.py
[2021-09-14 18:57:23,288] {processor.py:613} INFO - Processing file /home/airflow/.local/lib/python3.8/site-packages/airflow/example_dags/example_branch_datetime_operator.py for tasks to queue
[2021-09-14 18:57:23,289] {logging_mixin.py:109} INFO - [2021-09-14 18:57:23,289] {dagbag.py:496} INFO - Filling up the DagBag from /home/airflow/.local/lib/python3.8/site-packages/airflow/example_dags/example_branch_datetime_operator.py
[2021-09-14 18:57:23,301] {processor.py:623} INFO - DAG(s) dict_keys(['example_branch_datetime_operator_2']) retrieved from /home/airflow/.local/lib/python3.8/site-packages/airflow/example_dags/example_branch_datetime_operator.py
[2021-09-14 18:57:23,332] {logging_mixin.py:109} INFO - [2021-09-14 18:57:23,332] {dag.py:1833} INFO - Sync 1 DAGs
[2021-09-14 18:57:23,351] {logging_mixin.py:109} INFO - [2021-09-14 18:57:23,350] {dag.py:2306} INFO - Setting next_dagrun for example_branch_datetime_operator_2 to 2021-09-12 00:00:00+00:00
[2021-09-14 18:57:23,364] {processor.py:170} INFO - Processing /home/airflow/.local/lib/python3.8/site-packages/airflow/example_dags/example_branch_datetime_operator.py took 0.080 seconds
[2021-09-14 18:57:54,308] {processor.py:162} INFO - Started process (PID=2838) to work on /home/airflow/.local/lib/python3.8/site-packages/airflow/example_dags/example_branch_datetime_operator.py
[2021-09-14 18:57:54,309] {processor.py:613} INFO - Processing file /home/airflow/.local/lib/python3.8/site-packages/airflow/example_dags/example_branch_datetime_operator.py for tasks to queue
[2021-09-14 18:57:54,309] {logging_mixin.py:109} INFO - [2021-09-14 18:57:54,309] {dagbag.py:496} INFO - Filling up the DagBag from /home/airflow/.local/lib/python3.8/site-packages/airflow/example_dags/example_branch_datetime_operator.py
[2021-09-14 18:57:54,318] {processor.py:623} INFO - DAG(s) dict_keys(['example_branch_datetime_operator_2']) retrieved from /home/airflow/.local/lib/python3.8/site-packages/airflow/example_dags/example_branch_datetime_operator.py
[2021-09-14 18:57:54,333] {logging_mixin.py:109} INFO - [2021-09-14 18:57:54,333] {dag.py:1833} INFO - Sync 1 DAGs
[2021-09-14 18:57:54,345] {logging_mixin.py:109} INFO - [2021-09-14 18:57:54,345] {dag.py:2306} INFO - Setting next_dagrun for example_branch_datetime_operator_2 to 2021-09-12 00:00:00+00:00
[2021-09-14 18:57:54,353] {processor.py:170} INFO - Processing /home/airflow/.local/lib/python3.8/site-packages/airflow/example_dags/example_branch_datetime_operator.py took 0.048 seconds
[2021-09-14 18:58:25,254] {processor.py:162} INFO - Started process (PID=2894) to work on /home/airflow/.local/lib/python3.8/site-packages/airflow/example_dags/example_branch_datetime_operator.py
[2021-09-14 18:58:25,255] {processor.py:613} INFO - Processing file /home/airflow/.local/lib/python3.8/site-packages/airflow/example_dags/example_branch_datetime_operator.py for tasks to queue
[2021-09-14 18:58:25,255] {logging_mixin.py:109} INFO - [2021-09-14 18:58:25,255] {dagbag.py:496} INFO - Filling up the DagBag from /home/airflow/.local/lib/python3.8/site-packages/airflow/example_dags/example_branch_datetime_operator.py
[2021-09-14 18:58:25,269] {processor.py:623} INFO - DAG(s) dict_keys(['example_branch_datetime_operator_2']) retrieved from /home/airflow/.local/lib/python3.8/site-packages/airflow/example_dags/example_branch_datetime_operator.py
[2021-09-14 18:58:25,297] {logging_mixin.py:109} INFO - [2021-09-14 18:58:25,297] {dag.py:1833} INFO - Sync 1 DAGs
[2021-09-14 18:58:25,311] {logging_mixin.py:109} INFO - [2021-09-14 18:58:25,311] {dag.py:2306} INFO - Setting next_dagrun for example_branch_datetime_operator_2 to 2021-09-12 00:00:00+00:00
[2021-09-14 18:58:25,320] {processor.py:170} INFO - Processing /home/airflow/.local/lib/python3.8/site-packages/airflow/example_dags/example_branch_datetime_operator.py took 0.071 seconds
[2021-09-14 18:58:55,597] {processor.py:162} INFO - Started process (PID=2951) to work on /home/airflow/.local/lib/python3.8/site-packages/airflow/example_dags/example_branch_datetime_operator.py
[2021-09-14 18:58:55,598] {processor.py:613} INFO - Processing file /home/airflow/.local/lib/python3.8/site-packages/airflow/example_dags/example_branch_datetime_operator.py for tasks to queue
[2021-09-14 18:58:55,599] {logging_mixin.py:109} INFO - [2021-09-14 18:58:55,599] {dagbag.py:496} INFO - Filling up the DagBag from /home/airflow/.local/lib/python3.8/site-packages/airflow/example_dags/example_branch_datetime_operator.py
[2021-09-14 18:58:55,608] {processor.py:623} INFO - DAG(s) dict_keys(['example_branch_datetime_operator_2']) retrieved from /home/airflow/.local/lib/python3.8/site-packages/airflow/example_dags/example_branch_datetime_operator.py
[2021-09-14 18:58:55,624] {logging_mixin.py:109} INFO - [2021-09-14 18:58:55,624] {dag.py:1833} INFO - Sync 1 DAGs
[2021-09-14 18:58:55,638] {logging_mixin.py:109} INFO - [2021-09-14 18:58:55,637] {dag.py:2306} INFO - Setting next_dagrun for example_branch_datetime_operator_2 to 2021-09-12 00:00:00+00:00
[2021-09-14 18:58:55,646] {processor.py:170} INFO - Processing /home/airflow/.local/lib/python3.8/site-packages/airflow/example_dags/example_branch_datetime_operator.py took 0.052 seconds
[2021-09-14 18:59:26,015] {processor.py:162} INFO - Started process (PID=2998) to work on /home/airflow/.local/lib/python3.8/site-packages/airflow/example_dags/example_branch_datetime_operator.py
[2021-09-14 18:59:26,016] {processor.py:613} INFO - Processing file /home/airflow/.local/lib/python3.8/site-packages/airflow/example_dags/example_branch_datetime_operator.py for tasks to queue
[2021-09-14 18:59:26,016] {logging_mixin.py:109} INFO - [2021-09-14 18:59:26,016] {dagbag.py:496} INFO - Filling up the DagBag from /home/airflow/.local/lib/python3.8/site-packages/airflow/example_dags/example_branch_datetime_operator.py
[2021-09-14 18:59:26,026] {processor.py:623} INFO - DAG(s) dict_keys(['example_branch_datetime_operator_2']) retrieved from /home/airflow/.local/lib/python3.8/site-packages/airflow/example_dags/example_branch_datetime_operator.py
[2021-09-14 18:59:26,041] {logging_mixin.py:109} INFO - [2021-09-14 18:59:26,041] {dag.py:1833} INFO - Sync 1 DAGs
[2021-09-14 18:59:26,053] {logging_mixin.py:109} INFO - [2021-09-14 18:59:26,053] {dag.py:2306} INFO - Setting next_dagrun for example_branch_datetime_operator_2 to 2021-09-12 00:00:00+00:00
[2021-09-14 18:59:26,060] {processor.py:170} INFO - Processing /home/airflow/.local/lib/python3.8/site-packages/airflow/example_dags/example_branch_datetime_operator.py took 0.048 seconds
[2021-09-14 18:59:56,277] {processor.py:162} INFO - Started process (PID=3055) to work on /home/airflow/.local/lib/python3.8/site-packages/airflow/example_dags/example_branch_datetime_operator.py
[2021-09-14 18:59:56,278] {processor.py:613} INFO - Processing file /home/airflow/.local/lib/python3.8/site-packages/airflow/example_dags/example_branch_datetime_operator.py for tasks to queue
[2021-09-14 18:59:56,279] {logging_mixin.py:109} INFO - [2021-09-14 18:59:56,279] {dagbag.py:496} INFO - Filling up the DagBag from /home/airflow/.local/lib/python3.8/site-packages/airflow/example_dags/example_branch_datetime_operator.py
[2021-09-14 18:59:56,288] {processor.py:623} INFO - DAG(s) dict_keys(['example_branch_datetime_operator_2']) retrieved from /home/airflow/.local/lib/python3.8/site-packages/airflow/example_dags/example_branch_datetime_operator.py
[2021-09-14 18:59:56,303] {logging_mixin.py:109} INFO - [2021-09-14 18:59:56,303] {dag.py:1833} INFO - Sync 1 DAGs
[2021-09-14 18:59:56,315] {logging_mixin.py:109} INFO - [2021-09-14 18:59:56,315] {dag.py:2306} INFO - Setting next_dagrun for example_branch_datetime_operator_2 to 2021-09-12 00:00:00+00:00
[2021-09-14 18:59:56,322] {processor.py:170} INFO - Processing /home/airflow/.local/lib/python3.8/site-packages/airflow/example_dags/example_branch_datetime_operator.py took 0.049 seconds
[2021-09-14 19:00:26,721] {processor.py:162} INFO - Started process (PID=3111) to work on /home/airflow/.local/lib/python3.8/site-packages/airflow/example_dags/example_branch_datetime_operator.py
[2021-09-14 19:00:26,722] {processor.py:613} INFO - Processing file /home/airflow/.local/lib/python3.8/site-packages/airflow/example_dags/example_branch_datetime_operator.py for tasks to queue
[2021-09-14 19:00:26,723] {logging_mixin.py:109} INFO - [2021-09-14 19:00:26,723] {dagbag.py:496} INFO - Filling up the DagBag from /home/airflow/.local/lib/python3.8/site-packages/airflow/example_dags/example_branch_datetime_operator.py
[2021-09-14 19:00:26,734] {processor.py:623} INFO - DAG(s) dict_keys(['example_branch_datetime_operator_2']) retrieved from /home/airflow/.local/lib/python3.8/site-packages/airflow/example_dags/example_branch_datetime_operator.py
[2021-09-14 19:00:26,766] {logging_mixin.py:109} INFO - [2021-09-14 19:00:26,766] {dag.py:1833} INFO - Sync 1 DAGs
[2021-09-14 19:00:26,784] {logging_mixin.py:109} INFO - [2021-09-14 19:00:26,784] {dag.py:2306} INFO - Setting next_dagrun for example_branch_datetime_operator_2 to 2021-09-12 00:00:00+00:00
[2021-09-14 19:00:26,797] {processor.py:170} INFO - Processing /home/airflow/.local/lib/python3.8/site-packages/airflow/example_dags/example_branch_datetime_operator.py took 0.080 seconds
[2021-09-14 19:00:57,595] {processor.py:162} INFO - Started process (PID=3161) to work on /home/airflow/.local/lib/python3.8/site-packages/airflow/example_dags/example_branch_datetime_operator.py
[2021-09-14 19:00:57,596] {processor.py:613} INFO - Processing file /home/airflow/.local/lib/python3.8/site-packages/airflow/example_dags/example_branch_datetime_operator.py for tasks to queue
[2021-09-14 19:00:57,596] {logging_mixin.py:109} INFO - [2021-09-14 19:00:57,596] {dagbag.py:496} INFO - Filling up the DagBag from /home/airflow/.local/lib/python3.8/site-packages/airflow/example_dags/example_branch_datetime_operator.py
[2021-09-14 19:00:57,605] {processor.py:623} INFO - DAG(s) dict_keys(['example_branch_datetime_operator_2']) retrieved from /home/airflow/.local/lib/python3.8/site-packages/airflow/example_dags/example_branch_datetime_operator.py
[2021-09-14 19:00:57,622] {logging_mixin.py:109} INFO - [2021-09-14 19:00:57,622] {dag.py:1833} INFO - Sync 1 DAGs
[2021-09-14 19:00:57,633] {logging_mixin.py:109} INFO - [2021-09-14 19:00:57,633] {dag.py:2306} INFO - Setting next_dagrun for example_branch_datetime_operator_2 to 2021-09-12 00:00:00+00:00
[2021-09-14 19:00:57,639] {processor.py:170} INFO - Processing /home/airflow/.local/lib/python3.8/site-packages/airflow/example_dags/example_branch_datetime_operator.py took 0.048 seconds
[2021-09-14 19:01:28,460] {processor.py:162} INFO - Started process (PID=3217) to work on /home/airflow/.local/lib/python3.8/site-packages/airflow/example_dags/example_branch_datetime_operator.py
[2021-09-14 19:01:28,466] {processor.py:613} INFO - Processing file /home/airflow/.local/lib/python3.8/site-packages/airflow/example_dags/example_branch_datetime_operator.py for tasks to queue
[2021-09-14 19:01:28,470] {logging_mixin.py:109} INFO - [2021-09-14 19:01:28,469] {dagbag.py:496} INFO - Filling up the DagBag from /home/airflow/.local/lib/python3.8/site-packages/airflow/example_dags/example_branch_datetime_operator.py
[2021-09-14 19:01:28,503] {processor.py:623} INFO - DAG(s) dict_keys(['example_branch_datetime_operator_2']) retrieved from /home/airflow/.local/lib/python3.8/site-packages/airflow/example_dags/example_branch_datetime_operator.py
[2021-09-14 19:01:28,549] {logging_mixin.py:109} INFO - [2021-09-14 19:01:28,549] {dag.py:1833} INFO - Sync 1 DAGs
[2021-09-14 19:01:28,568] {logging_mixin.py:109} INFO - [2021-09-14 19:01:28,568] {dag.py:2306} INFO - Setting next_dagrun for example_branch_datetime_operator_2 to 2021-09-12 00:00:00+00:00
[2021-09-14 19:01:28,596] {processor.py:170} INFO - Processing /home/airflow/.local/lib/python3.8/site-packages/airflow/example_dags/example_branch_datetime_operator.py took 0.140 seconds
[2021-09-14 19:01:58,782] {processor.py:162} INFO - Started process (PID=3266) to work on /home/airflow/.local/lib/python3.8/site-packages/airflow/example_dags/example_branch_datetime_operator.py
[2021-09-14 19:01:58,786] {processor.py:613} INFO - Processing file /home/airflow/.local/lib/python3.8/site-packages/airflow/example_dags/example_branch_datetime_operator.py for tasks to queue
[2021-09-14 19:01:58,787] {logging_mixin.py:109} INFO - [2021-09-14 19:01:58,787] {dagbag.py:496} INFO - Filling up the DagBag from /home/airflow/.local/lib/python3.8/site-packages/airflow/example_dags/example_branch_datetime_operator.py
[2021-09-14 19:01:58,799] {processor.py:623} INFO - DAG(s) dict_keys(['example_branch_datetime_operator_2']) retrieved from /home/airflow/.local/lib/python3.8/site-packages/airflow/example_dags/example_branch_datetime_operator.py
[2021-09-14 19:01:58,826] {logging_mixin.py:109} INFO - [2021-09-14 19:01:58,826] {dag.py:1833} INFO - Sync 1 DAGs
[2021-09-14 19:01:58,845] {logging_mixin.py:109} INFO - [2021-09-14 19:01:58,845] {dag.py:2306} INFO - Setting next_dagrun for example_branch_datetime_operator_2 to 2021-09-12 00:00:00+00:00
[2021-09-14 19:01:58,862] {processor.py:170} INFO - Processing /home/airflow/.local/lib/python3.8/site-packages/airflow/example_dags/example_branch_datetime_operator.py took 0.086 seconds
[2021-09-14 19:02:30,056] {processor.py:162} INFO - Started process (PID=3323) to work on /home/airflow/.local/lib/python3.8/site-packages/airflow/example_dags/example_branch_datetime_operator.py
[2021-09-14 19:02:30,062] {processor.py:613} INFO - Processing file /home/airflow/.local/lib/python3.8/site-packages/airflow/example_dags/example_branch_datetime_operator.py for tasks to queue
[2021-09-14 19:02:30,066] {logging_mixin.py:109} INFO - [2021-09-14 19:02:30,066] {dagbag.py:496} INFO - Filling up the DagBag from /home/airflow/.local/lib/python3.8/site-packages/airflow/example_dags/example_branch_datetime_operator.py
[2021-09-14 19:02:30,116] {processor.py:623} INFO - DAG(s) dict_keys(['example_branch_datetime_operator_2']) retrieved from /home/airflow/.local/lib/python3.8/site-packages/airflow/example_dags/example_branch_datetime_operator.py
[2021-09-14 19:02:30,183] {logging_mixin.py:109} INFO - [2021-09-14 19:02:30,183] {dag.py:1833} INFO - Sync 1 DAGs
[2021-09-14 19:02:30,274] {logging_mixin.py:109} INFO - [2021-09-14 19:02:30,274] {dag.py:2306} INFO - Setting next_dagrun for example_branch_datetime_operator_2 to 2021-09-12 00:00:00+00:00
[2021-09-14 19:02:30,316] {processor.py:170} INFO - Processing /home/airflow/.local/lib/python3.8/site-packages/airflow/example_dags/example_branch_datetime_operator.py took 0.264 seconds
[2021-09-14 19:03:00,559] {processor.py:162} INFO - Started process (PID=3379) to work on /home/airflow/.local/lib/python3.8/site-packages/airflow/example_dags/example_branch_datetime_operator.py
[2021-09-14 19:03:00,561] {processor.py:613} INFO - Processing file /home/airflow/.local/lib/python3.8/site-packages/airflow/example_dags/example_branch_datetime_operator.py for tasks to queue
[2021-09-14 19:03:00,562] {logging_mixin.py:109} INFO - [2021-09-14 19:03:00,562] {dagbag.py:496} INFO - Filling up the DagBag from /home/airflow/.local/lib/python3.8/site-packages/airflow/example_dags/example_branch_datetime_operator.py
[2021-09-14 19:03:00,610] {processor.py:623} INFO - DAG(s) dict_keys(['example_branch_datetime_operator_2']) retrieved from /home/airflow/.local/lib/python3.8/site-packages/airflow/example_dags/example_branch_datetime_operator.py
[2021-09-14 19:03:00,656] {logging_mixin.py:109} INFO - [2021-09-14 19:03:00,656] {dag.py:1833} INFO - Sync 1 DAGs
[2021-09-14 19:03:00,719] {logging_mixin.py:109} INFO - [2021-09-14 19:03:00,719] {dag.py:2306} INFO - Setting next_dagrun for example_branch_datetime_operator_2 to 2021-09-12 00:00:00+00:00
[2021-09-14 19:03:00,744] {processor.py:170} INFO - Processing /home/airflow/.local/lib/python3.8/site-packages/airflow/example_dags/example_branch_datetime_operator.py took 0.189 seconds
[2021-09-14 19:03:30,972] {processor.py:162} INFO - Started process (PID=3427) to work on /home/airflow/.local/lib/python3.8/site-packages/airflow/example_dags/example_branch_datetime_operator.py
[2021-09-14 19:03:30,973] {processor.py:613} INFO - Processing file /home/airflow/.local/lib/python3.8/site-packages/airflow/example_dags/example_branch_datetime_operator.py for tasks to queue
[2021-09-14 19:03:30,974] {logging_mixin.py:109} INFO - [2021-09-14 19:03:30,974] {dagbag.py:496} INFO - Filling up the DagBag from /home/airflow/.local/lib/python3.8/site-packages/airflow/example_dags/example_branch_datetime_operator.py
[2021-09-14 19:03:30,987] {processor.py:623} INFO - DAG(s) dict_keys(['example_branch_datetime_operator_2']) retrieved from /home/airflow/.local/lib/python3.8/site-packages/airflow/example_dags/example_branch_datetime_operator.py
[2021-09-14 19:03:31,009] {logging_mixin.py:109} INFO - [2021-09-14 19:03:31,008] {dag.py:1833} INFO - Sync 1 DAGs
[2021-09-14 19:03:31,028] {logging_mixin.py:109} INFO - [2021-09-14 19:03:31,028] {dag.py:2306} INFO - Setting next_dagrun for example_branch_datetime_operator_2 to 2021-09-12 00:00:00+00:00
[2021-09-14 19:03:31,038] {processor.py:170} INFO - Processing /home/airflow/.local/lib/python3.8/site-packages/airflow/example_dags/example_branch_datetime_operator.py took 0.069 seconds
