[2021-09-14 18:32:10,092] {processor.py:162} INFO - Started process (PID=128) to work on /home/airflow/.local/lib/python3.8/site-packages/airflow/example_dags/example_skip_dag.py
[2021-09-14 18:32:10,093] {processor.py:613} INFO - Processing file /home/airflow/.local/lib/python3.8/site-packages/airflow/example_dags/example_skip_dag.py for tasks to queue
[2021-09-14 18:32:10,094] {logging_mixin.py:109} INFO - [2021-09-14 18:32:10,094] {dagbag.py:496} INFO - Filling up the DagBag from /home/airflow/.local/lib/python3.8/site-packages/airflow/example_dags/example_skip_dag.py
[2021-09-14 18:32:10,107] {processor.py:623} INFO - DAG(s) dict_keys(['example_skip_dag']) retrieved from /home/airflow/.local/lib/python3.8/site-packages/airflow/example_dags/example_skip_dag.py
[2021-09-14 18:32:12,724] {logging_mixin.py:109} INFO - [2021-09-14 18:32:12,723] {dag.py:1833} INFO - Sync 1 DAGs
[2021-09-14 18:32:12,738] {logging_mixin.py:109} INFO - [2021-09-14 18:32:12,738] {dag.py:1852} INFO - Creating ORM DAG for example_skip_dag
[2021-09-14 18:32:12,745] {logging_mixin.py:109} INFO - [2021-09-14 18:32:12,745] {dag.py:2306} INFO - Setting next_dagrun for example_skip_dag to 2021-09-12 00:00:00+00:00
[2021-09-14 18:32:12,764] {processor.py:170} INFO - Processing /home/airflow/.local/lib/python3.8/site-packages/airflow/example_dags/example_skip_dag.py took 2.676 seconds
[2021-09-14 18:32:43,176] {processor.py:162} INFO - Started process (PID=241) to work on /home/airflow/.local/lib/python3.8/site-packages/airflow/example_dags/example_skip_dag.py
[2021-09-14 18:32:43,177] {processor.py:613} INFO - Processing file /home/airflow/.local/lib/python3.8/site-packages/airflow/example_dags/example_skip_dag.py for tasks to queue
[2021-09-14 18:32:43,178] {logging_mixin.py:109} INFO - [2021-09-14 18:32:43,177] {dagbag.py:496} INFO - Filling up the DagBag from /home/airflow/.local/lib/python3.8/site-packages/airflow/example_dags/example_skip_dag.py
[2021-09-14 18:32:43,187] {processor.py:623} INFO - DAG(s) dict_keys(['example_skip_dag']) retrieved from /home/airflow/.local/lib/python3.8/site-packages/airflow/example_dags/example_skip_dag.py
[2021-09-14 18:32:43,210] {logging_mixin.py:109} INFO - [2021-09-14 18:32:43,209] {dag.py:1833} INFO - Sync 1 DAGs
[2021-09-14 18:32:43,222] {logging_mixin.py:109} INFO - [2021-09-14 18:32:43,222] {dag.py:2306} INFO - Setting next_dagrun for example_skip_dag to 2021-09-12 00:00:00+00:00
[2021-09-14 18:32:43,233] {processor.py:170} INFO - Processing /home/airflow/.local/lib/python3.8/site-packages/airflow/example_dags/example_skip_dag.py took 0.061 seconds
[2021-09-14 18:33:14,013] {processor.py:162} INFO - Started process (PID=288) to work on /home/airflow/.local/lib/python3.8/site-packages/airflow/example_dags/example_skip_dag.py
[2021-09-14 18:33:14,014] {processor.py:613} INFO - Processing file /home/airflow/.local/lib/python3.8/site-packages/airflow/example_dags/example_skip_dag.py for tasks to queue
[2021-09-14 18:33:14,015] {logging_mixin.py:109} INFO - [2021-09-14 18:33:14,014] {dagbag.py:496} INFO - Filling up the DagBag from /home/airflow/.local/lib/python3.8/site-packages/airflow/example_dags/example_skip_dag.py
[2021-09-14 18:33:14,025] {processor.py:623} INFO - DAG(s) dict_keys(['example_skip_dag']) retrieved from /home/airflow/.local/lib/python3.8/site-packages/airflow/example_dags/example_skip_dag.py
[2021-09-14 18:33:14,048] {logging_mixin.py:109} INFO - [2021-09-14 18:33:14,048] {dag.py:1833} INFO - Sync 1 DAGs
[2021-09-14 18:33:14,070] {logging_mixin.py:109} INFO - [2021-09-14 18:33:14,070] {dag.py:2306} INFO - Setting next_dagrun for example_skip_dag to 2021-09-12 00:00:00+00:00
[2021-09-14 18:33:14,080] {processor.py:170} INFO - Processing /home/airflow/.local/lib/python3.8/site-packages/airflow/example_dags/example_skip_dag.py took 0.070 seconds
[2021-09-14 18:33:44,156] {processor.py:162} INFO - Started process (PID=344) to work on /home/airflow/.local/lib/python3.8/site-packages/airflow/example_dags/example_skip_dag.py
[2021-09-14 18:33:44,157] {processor.py:613} INFO - Processing file /home/airflow/.local/lib/python3.8/site-packages/airflow/example_dags/example_skip_dag.py for tasks to queue
[2021-09-14 18:33:44,158] {logging_mixin.py:109} INFO - [2021-09-14 18:33:44,158] {dagbag.py:496} INFO - Filling up the DagBag from /home/airflow/.local/lib/python3.8/site-packages/airflow/example_dags/example_skip_dag.py
[2021-09-14 18:33:44,165] {processor.py:623} INFO - DAG(s) dict_keys(['example_skip_dag']) retrieved from /home/airflow/.local/lib/python3.8/site-packages/airflow/example_dags/example_skip_dag.py
[2021-09-14 18:33:44,179] {logging_mixin.py:109} INFO - [2021-09-14 18:33:44,179] {dag.py:1833} INFO - Sync 1 DAGs
[2021-09-14 18:33:44,188] {logging_mixin.py:109} INFO - [2021-09-14 18:33:44,188] {dag.py:2306} INFO - Setting next_dagrun for example_skip_dag to 2021-09-12 00:00:00+00:00
[2021-09-14 18:33:44,197] {processor.py:170} INFO - Processing /home/airflow/.local/lib/python3.8/site-packages/airflow/example_dags/example_skip_dag.py took 0.043 seconds
[2021-09-14 18:34:14,307] {processor.py:162} INFO - Started process (PID=391) to work on /home/airflow/.local/lib/python3.8/site-packages/airflow/example_dags/example_skip_dag.py
[2021-09-14 18:34:14,308] {processor.py:613} INFO - Processing file /home/airflow/.local/lib/python3.8/site-packages/airflow/example_dags/example_skip_dag.py for tasks to queue
[2021-09-14 18:34:14,309] {logging_mixin.py:109} INFO - [2021-09-14 18:34:14,309] {dagbag.py:496} INFO - Filling up the DagBag from /home/airflow/.local/lib/python3.8/site-packages/airflow/example_dags/example_skip_dag.py
[2021-09-14 18:34:14,317] {processor.py:623} INFO - DAG(s) dict_keys(['example_skip_dag']) retrieved from /home/airflow/.local/lib/python3.8/site-packages/airflow/example_dags/example_skip_dag.py
[2021-09-14 18:34:14,335] {logging_mixin.py:109} INFO - [2021-09-14 18:34:14,335] {dag.py:1833} INFO - Sync 1 DAGs
[2021-09-14 18:34:14,345] {logging_mixin.py:109} INFO - [2021-09-14 18:34:14,345] {dag.py:2306} INFO - Setting next_dagrun for example_skip_dag to 2021-09-12 00:00:00+00:00
[2021-09-14 18:34:14,352] {processor.py:170} INFO - Processing /home/airflow/.local/lib/python3.8/site-packages/airflow/example_dags/example_skip_dag.py took 0.048 seconds
[2021-09-14 18:34:44,518] {processor.py:162} INFO - Started process (PID=447) to work on /home/airflow/.local/lib/python3.8/site-packages/airflow/example_dags/example_skip_dag.py
[2021-09-14 18:34:44,519] {processor.py:613} INFO - Processing file /home/airflow/.local/lib/python3.8/site-packages/airflow/example_dags/example_skip_dag.py for tasks to queue
[2021-09-14 18:34:44,520] {logging_mixin.py:109} INFO - [2021-09-14 18:34:44,520] {dagbag.py:496} INFO - Filling up the DagBag from /home/airflow/.local/lib/python3.8/site-packages/airflow/example_dags/example_skip_dag.py
[2021-09-14 18:34:44,534] {processor.py:623} INFO - DAG(s) dict_keys(['example_skip_dag']) retrieved from /home/airflow/.local/lib/python3.8/site-packages/airflow/example_dags/example_skip_dag.py
[2021-09-14 18:34:44,560] {logging_mixin.py:109} INFO - [2021-09-14 18:34:44,560] {dag.py:1833} INFO - Sync 1 DAGs
[2021-09-14 18:34:44,579] {logging_mixin.py:109} INFO - [2021-09-14 18:34:44,579] {dag.py:2306} INFO - Setting next_dagrun for example_skip_dag to 2021-09-12 00:00:00+00:00
[2021-09-14 18:34:44,589] {processor.py:170} INFO - Processing /home/airflow/.local/lib/python3.8/site-packages/airflow/example_dags/example_skip_dag.py took 0.075 seconds
[2021-09-14 18:35:14,882] {processor.py:162} INFO - Started process (PID=495) to work on /home/airflow/.local/lib/python3.8/site-packages/airflow/example_dags/example_skip_dag.py
[2021-09-14 18:35:14,883] {processor.py:613} INFO - Processing file /home/airflow/.local/lib/python3.8/site-packages/airflow/example_dags/example_skip_dag.py for tasks to queue
[2021-09-14 18:35:14,884] {logging_mixin.py:109} INFO - [2021-09-14 18:35:14,884] {dagbag.py:496} INFO - Filling up the DagBag from /home/airflow/.local/lib/python3.8/site-packages/airflow/example_dags/example_skip_dag.py
[2021-09-14 18:35:14,893] {processor.py:623} INFO - DAG(s) dict_keys(['example_skip_dag']) retrieved from /home/airflow/.local/lib/python3.8/site-packages/airflow/example_dags/example_skip_dag.py
[2021-09-14 18:35:14,909] {logging_mixin.py:109} INFO - [2021-09-14 18:35:14,909] {dag.py:1833} INFO - Sync 1 DAGs
[2021-09-14 18:35:14,920] {logging_mixin.py:109} INFO - [2021-09-14 18:35:14,920] {dag.py:2306} INFO - Setting next_dagrun for example_skip_dag to 2021-09-12 00:00:00+00:00
[2021-09-14 18:35:14,931] {processor.py:170} INFO - Processing /home/airflow/.local/lib/python3.8/site-packages/airflow/example_dags/example_skip_dag.py took 0.052 seconds
[2021-09-14 18:35:45,740] {processor.py:162} INFO - Started process (PID=550) to work on /home/airflow/.local/lib/python3.8/site-packages/airflow/example_dags/example_skip_dag.py
[2021-09-14 18:35:45,747] {processor.py:613} INFO - Processing file /home/airflow/.local/lib/python3.8/site-packages/airflow/example_dags/example_skip_dag.py for tasks to queue
[2021-09-14 18:35:45,749] {logging_mixin.py:109} INFO - [2021-09-14 18:35:45,749] {dagbag.py:496} INFO - Filling up the DagBag from /home/airflow/.local/lib/python3.8/site-packages/airflow/example_dags/example_skip_dag.py
[2021-09-14 18:35:45,771] {processor.py:623} INFO - DAG(s) dict_keys(['example_skip_dag']) retrieved from /home/airflow/.local/lib/python3.8/site-packages/airflow/example_dags/example_skip_dag.py
[2021-09-14 18:35:45,870] {logging_mixin.py:109} INFO - [2021-09-14 18:35:45,870] {dag.py:1833} INFO - Sync 1 DAGs
[2021-09-14 18:35:45,903] {logging_mixin.py:109} INFO - [2021-09-14 18:35:45,903] {dag.py:2306} INFO - Setting next_dagrun for example_skip_dag to 2021-09-12 00:00:00+00:00
[2021-09-14 18:35:45,946] {processor.py:170} INFO - Processing /home/airflow/.local/lib/python3.8/site-packages/airflow/example_dags/example_skip_dag.py took 0.209 seconds
[2021-09-14 18:36:16,332] {processor.py:162} INFO - Started process (PID=603) to work on /home/airflow/.local/lib/python3.8/site-packages/airflow/example_dags/example_skip_dag.py
[2021-09-14 18:36:16,333] {processor.py:613} INFO - Processing file /home/airflow/.local/lib/python3.8/site-packages/airflow/example_dags/example_skip_dag.py for tasks to queue
[2021-09-14 18:36:16,334] {logging_mixin.py:109} INFO - [2021-09-14 18:36:16,334] {dagbag.py:496} INFO - Filling up the DagBag from /home/airflow/.local/lib/python3.8/site-packages/airflow/example_dags/example_skip_dag.py
[2021-09-14 18:36:16,346] {processor.py:623} INFO - DAG(s) dict_keys(['example_skip_dag']) retrieved from /home/airflow/.local/lib/python3.8/site-packages/airflow/example_dags/example_skip_dag.py
[2021-09-14 18:36:16,368] {logging_mixin.py:109} INFO - [2021-09-14 18:36:16,367] {dag.py:1833} INFO - Sync 1 DAGs
[2021-09-14 18:36:16,388] {logging_mixin.py:109} INFO - [2021-09-14 18:36:16,388] {dag.py:2306} INFO - Setting next_dagrun for example_skip_dag to 2021-09-12 00:00:00+00:00
[2021-09-14 18:36:16,400] {processor.py:170} INFO - Processing /home/airflow/.local/lib/python3.8/site-packages/airflow/example_dags/example_skip_dag.py took 0.071 seconds
[2021-09-14 18:36:46,986] {processor.py:162} INFO - Started process (PID=652) to work on /home/airflow/.local/lib/python3.8/site-packages/airflow/example_dags/example_skip_dag.py
[2021-09-14 18:36:46,994] {processor.py:613} INFO - Processing file /home/airflow/.local/lib/python3.8/site-packages/airflow/example_dags/example_skip_dag.py for tasks to queue
[2021-09-14 18:36:46,995] {logging_mixin.py:109} INFO - [2021-09-14 18:36:46,995] {dagbag.py:496} INFO - Filling up the DagBag from /home/airflow/.local/lib/python3.8/site-packages/airflow/example_dags/example_skip_dag.py
[2021-09-14 18:36:47,013] {processor.py:623} INFO - DAG(s) dict_keys(['example_skip_dag']) retrieved from /home/airflow/.local/lib/python3.8/site-packages/airflow/example_dags/example_skip_dag.py
[2021-09-14 18:36:47,053] {logging_mixin.py:109} INFO - [2021-09-14 18:36:47,053] {dag.py:1833} INFO - Sync 1 DAGs
[2021-09-14 18:36:47,085] {logging_mixin.py:109} INFO - [2021-09-14 18:36:47,085] {dag.py:2306} INFO - Setting next_dagrun for example_skip_dag to 2021-09-12 00:00:00+00:00
[2021-09-14 18:36:47,112] {processor.py:170} INFO - Processing /home/airflow/.local/lib/python3.8/site-packages/airflow/example_dags/example_skip_dag.py took 0.137 seconds
[2021-09-14 18:37:17,412] {processor.py:162} INFO - Started process (PID=710) to work on /home/airflow/.local/lib/python3.8/site-packages/airflow/example_dags/example_skip_dag.py
[2021-09-14 18:37:17,419] {processor.py:613} INFO - Processing file /home/airflow/.local/lib/python3.8/site-packages/airflow/example_dags/example_skip_dag.py for tasks to queue
[2021-09-14 18:37:17,422] {logging_mixin.py:109} INFO - [2021-09-14 18:37:17,422] {dagbag.py:496} INFO - Filling up the DagBag from /home/airflow/.local/lib/python3.8/site-packages/airflow/example_dags/example_skip_dag.py
[2021-09-14 18:37:17,449] {processor.py:623} INFO - DAG(s) dict_keys(['example_skip_dag']) retrieved from /home/airflow/.local/lib/python3.8/site-packages/airflow/example_dags/example_skip_dag.py
[2021-09-14 18:37:17,507] {logging_mixin.py:109} INFO - [2021-09-14 18:37:17,506] {dag.py:1833} INFO - Sync 1 DAGs
[2021-09-14 18:37:17,536] {logging_mixin.py:109} INFO - [2021-09-14 18:37:17,536] {dag.py:2306} INFO - Setting next_dagrun for example_skip_dag to 2021-09-12 00:00:00+00:00
[2021-09-14 18:37:17,547] {processor.py:170} INFO - Processing /home/airflow/.local/lib/python3.8/site-packages/airflow/example_dags/example_skip_dag.py took 0.139 seconds
[2021-09-14 18:37:47,879] {processor.py:162} INFO - Started process (PID=758) to work on /home/airflow/.local/lib/python3.8/site-packages/airflow/example_dags/example_skip_dag.py
[2021-09-14 18:37:47,880] {processor.py:613} INFO - Processing file /home/airflow/.local/lib/python3.8/site-packages/airflow/example_dags/example_skip_dag.py for tasks to queue
[2021-09-14 18:37:47,880] {logging_mixin.py:109} INFO - [2021-09-14 18:37:47,880] {dagbag.py:496} INFO - Filling up the DagBag from /home/airflow/.local/lib/python3.8/site-packages/airflow/example_dags/example_skip_dag.py
[2021-09-14 18:37:47,888] {processor.py:623} INFO - DAG(s) dict_keys(['example_skip_dag']) retrieved from /home/airflow/.local/lib/python3.8/site-packages/airflow/example_dags/example_skip_dag.py
[2021-09-14 18:37:47,906] {logging_mixin.py:109} INFO - [2021-09-14 18:37:47,906] {dag.py:1833} INFO - Sync 1 DAGs
[2021-09-14 18:37:47,917] {logging_mixin.py:109} INFO - [2021-09-14 18:37:47,917] {dag.py:2306} INFO - Setting next_dagrun for example_skip_dag to 2021-09-12 00:00:00+00:00
[2021-09-14 18:37:47,927] {processor.py:170} INFO - Processing /home/airflow/.local/lib/python3.8/site-packages/airflow/example_dags/example_skip_dag.py took 0.051 seconds
[2021-09-14 18:38:18,606] {processor.py:162} INFO - Started process (PID=813) to work on /home/airflow/.local/lib/python3.8/site-packages/airflow/example_dags/example_skip_dag.py
[2021-09-14 18:38:18,607] {processor.py:613} INFO - Processing file /home/airflow/.local/lib/python3.8/site-packages/airflow/example_dags/example_skip_dag.py for tasks to queue
[2021-09-14 18:38:18,608] {logging_mixin.py:109} INFO - [2021-09-14 18:38:18,608] {dagbag.py:496} INFO - Filling up the DagBag from /home/airflow/.local/lib/python3.8/site-packages/airflow/example_dags/example_skip_dag.py
[2021-09-14 18:38:18,615] {processor.py:623} INFO - DAG(s) dict_keys(['example_skip_dag']) retrieved from /home/airflow/.local/lib/python3.8/site-packages/airflow/example_dags/example_skip_dag.py
[2021-09-14 18:38:18,634] {logging_mixin.py:109} INFO - [2021-09-14 18:38:18,634] {dag.py:1833} INFO - Sync 1 DAGs
[2021-09-14 18:38:18,646] {logging_mixin.py:109} INFO - [2021-09-14 18:38:18,646] {dag.py:2306} INFO - Setting next_dagrun for example_skip_dag to 2021-09-12 00:00:00+00:00
[2021-09-14 18:38:18,655] {processor.py:170} INFO - Processing /home/airflow/.local/lib/python3.8/site-packages/airflow/example_dags/example_skip_dag.py took 0.053 seconds
[2021-09-14 18:38:48,842] {processor.py:162} INFO - Started process (PID=861) to work on /home/airflow/.local/lib/python3.8/site-packages/airflow/example_dags/example_skip_dag.py
[2021-09-14 18:38:48,843] {processor.py:613} INFO - Processing file /home/airflow/.local/lib/python3.8/site-packages/airflow/example_dags/example_skip_dag.py for tasks to queue
[2021-09-14 18:38:48,844] {logging_mixin.py:109} INFO - [2021-09-14 18:38:48,844] {dagbag.py:496} INFO - Filling up the DagBag from /home/airflow/.local/lib/python3.8/site-packages/airflow/example_dags/example_skip_dag.py
[2021-09-14 18:38:48,854] {processor.py:623} INFO - DAG(s) dict_keys(['example_skip_dag']) retrieved from /home/airflow/.local/lib/python3.8/site-packages/airflow/example_dags/example_skip_dag.py
[2021-09-14 18:38:48,874] {logging_mixin.py:109} INFO - [2021-09-14 18:38:48,874] {dag.py:1833} INFO - Sync 1 DAGs
[2021-09-14 18:38:48,886] {logging_mixin.py:109} INFO - [2021-09-14 18:38:48,886] {dag.py:2306} INFO - Setting next_dagrun for example_skip_dag to 2021-09-12 00:00:00+00:00
[2021-09-14 18:38:48,895] {processor.py:170} INFO - Processing /home/airflow/.local/lib/python3.8/site-packages/airflow/example_dags/example_skip_dag.py took 0.056 seconds
[2021-09-14 18:39:19,478] {processor.py:162} INFO - Started process (PID=917) to work on /home/airflow/.local/lib/python3.8/site-packages/airflow/example_dags/example_skip_dag.py
[2021-09-14 18:39:19,479] {processor.py:613} INFO - Processing file /home/airflow/.local/lib/python3.8/site-packages/airflow/example_dags/example_skip_dag.py for tasks to queue
[2021-09-14 18:39:19,479] {logging_mixin.py:109} INFO - [2021-09-14 18:39:19,479] {dagbag.py:496} INFO - Filling up the DagBag from /home/airflow/.local/lib/python3.8/site-packages/airflow/example_dags/example_skip_dag.py
[2021-09-14 18:39:19,490] {processor.py:623} INFO - DAG(s) dict_keys(['example_skip_dag']) retrieved from /home/airflow/.local/lib/python3.8/site-packages/airflow/example_dags/example_skip_dag.py
[2021-09-14 18:39:19,505] {logging_mixin.py:109} INFO - [2021-09-14 18:39:19,505] {dag.py:1833} INFO - Sync 1 DAGs
[2021-09-14 18:39:19,515] {logging_mixin.py:109} INFO - [2021-09-14 18:39:19,515] {dag.py:2306} INFO - Setting next_dagrun for example_skip_dag to 2021-09-12 00:00:00+00:00
[2021-09-14 18:39:19,523] {processor.py:170} INFO - Processing /home/airflow/.local/lib/python3.8/site-packages/airflow/example_dags/example_skip_dag.py took 0.049 seconds
[2021-09-14 18:39:49,713] {processor.py:162} INFO - Started process (PID=966) to work on /home/airflow/.local/lib/python3.8/site-packages/airflow/example_dags/example_skip_dag.py
[2021-09-14 18:39:49,713] {processor.py:613} INFO - Processing file /home/airflow/.local/lib/python3.8/site-packages/airflow/example_dags/example_skip_dag.py for tasks to queue
[2021-09-14 18:39:49,714] {logging_mixin.py:109} INFO - [2021-09-14 18:39:49,714] {dagbag.py:496} INFO - Filling up the DagBag from /home/airflow/.local/lib/python3.8/site-packages/airflow/example_dags/example_skip_dag.py
[2021-09-14 18:39:49,725] {processor.py:623} INFO - DAG(s) dict_keys(['example_skip_dag']) retrieved from /home/airflow/.local/lib/python3.8/site-packages/airflow/example_dags/example_skip_dag.py
[2021-09-14 18:39:49,746] {logging_mixin.py:109} INFO - [2021-09-14 18:39:49,746] {dag.py:1833} INFO - Sync 1 DAGs
[2021-09-14 18:39:49,757] {logging_mixin.py:109} INFO - [2021-09-14 18:39:49,757] {dag.py:2306} INFO - Setting next_dagrun for example_skip_dag to 2021-09-12 00:00:00+00:00
[2021-09-14 18:39:49,764] {processor.py:170} INFO - Processing /home/airflow/.local/lib/python3.8/site-packages/airflow/example_dags/example_skip_dag.py took 0.054 seconds
[2021-09-14 18:40:19,918] {processor.py:162} INFO - Started process (PID=1023) to work on /home/airflow/.local/lib/python3.8/site-packages/airflow/example_dags/example_skip_dag.py
[2021-09-14 18:40:19,920] {processor.py:613} INFO - Processing file /home/airflow/.local/lib/python3.8/site-packages/airflow/example_dags/example_skip_dag.py for tasks to queue
[2021-09-14 18:40:19,920] {logging_mixin.py:109} INFO - [2021-09-14 18:40:19,920] {dagbag.py:496} INFO - Filling up the DagBag from /home/airflow/.local/lib/python3.8/site-packages/airflow/example_dags/example_skip_dag.py
[2021-09-14 18:40:19,977] {processor.py:623} INFO - DAG(s) dict_keys(['example_skip_dag']) retrieved from /home/airflow/.local/lib/python3.8/site-packages/airflow/example_dags/example_skip_dag.py
[2021-09-14 18:40:20,044] {logging_mixin.py:109} INFO - [2021-09-14 18:40:20,044] {dag.py:1833} INFO - Sync 1 DAGs
[2021-09-14 18:40:20,122] {logging_mixin.py:109} INFO - [2021-09-14 18:40:20,122] {dag.py:2306} INFO - Setting next_dagrun for example_skip_dag to 2021-09-12 00:00:00+00:00
[2021-09-14 18:40:20,157] {processor.py:170} INFO - Processing /home/airflow/.local/lib/python3.8/site-packages/airflow/example_dags/example_skip_dag.py took 0.250 seconds
[2021-09-14 18:40:50,471] {processor.py:162} INFO - Started process (PID=1072) to work on /home/airflow/.local/lib/python3.8/site-packages/airflow/example_dags/example_skip_dag.py
[2021-09-14 18:40:50,472] {processor.py:613} INFO - Processing file /home/airflow/.local/lib/python3.8/site-packages/airflow/example_dags/example_skip_dag.py for tasks to queue
[2021-09-14 18:40:50,472] {logging_mixin.py:109} INFO - [2021-09-14 18:40:50,472] {dagbag.py:496} INFO - Filling up the DagBag from /home/airflow/.local/lib/python3.8/site-packages/airflow/example_dags/example_skip_dag.py
[2021-09-14 18:40:50,484] {processor.py:623} INFO - DAG(s) dict_keys(['example_skip_dag']) retrieved from /home/airflow/.local/lib/python3.8/site-packages/airflow/example_dags/example_skip_dag.py
[2021-09-14 18:40:50,522] {logging_mixin.py:109} INFO - [2021-09-14 18:40:50,522] {dag.py:1833} INFO - Sync 1 DAGs
[2021-09-14 18:40:50,540] {logging_mixin.py:109} INFO - [2021-09-14 18:40:50,540] {dag.py:2306} INFO - Setting next_dagrun for example_skip_dag to 2021-09-12 00:00:00+00:00
[2021-09-14 18:40:50,561] {processor.py:170} INFO - Processing /home/airflow/.local/lib/python3.8/site-packages/airflow/example_dags/example_skip_dag.py took 0.094 seconds
[2021-09-14 18:41:20,871] {processor.py:162} INFO - Started process (PID=1130) to work on /home/airflow/.local/lib/python3.8/site-packages/airflow/example_dags/example_skip_dag.py
[2021-09-14 18:41:20,873] {processor.py:613} INFO - Processing file /home/airflow/.local/lib/python3.8/site-packages/airflow/example_dags/example_skip_dag.py for tasks to queue
[2021-09-14 18:41:20,875] {logging_mixin.py:109} INFO - [2021-09-14 18:41:20,875] {dagbag.py:496} INFO - Filling up the DagBag from /home/airflow/.local/lib/python3.8/site-packages/airflow/example_dags/example_skip_dag.py
[2021-09-14 18:41:20,887] {processor.py:623} INFO - DAG(s) dict_keys(['example_skip_dag']) retrieved from /home/airflow/.local/lib/python3.8/site-packages/airflow/example_dags/example_skip_dag.py
[2021-09-14 18:41:20,913] {logging_mixin.py:109} INFO - [2021-09-14 18:41:20,913] {dag.py:1833} INFO - Sync 1 DAGs
[2021-09-14 18:41:20,950] {logging_mixin.py:109} INFO - [2021-09-14 18:41:20,950] {dag.py:2306} INFO - Setting next_dagrun for example_skip_dag to 2021-09-12 00:00:00+00:00
[2021-09-14 18:41:20,972] {processor.py:170} INFO - Processing /home/airflow/.local/lib/python3.8/site-packages/airflow/example_dags/example_skip_dag.py took 0.105 seconds
[2021-09-14 18:41:51,326] {processor.py:162} INFO - Started process (PID=1185) to work on /home/airflow/.local/lib/python3.8/site-packages/airflow/example_dags/example_skip_dag.py
[2021-09-14 18:41:51,328] {processor.py:613} INFO - Processing file /home/airflow/.local/lib/python3.8/site-packages/airflow/example_dags/example_skip_dag.py for tasks to queue
[2021-09-14 18:41:51,330] {logging_mixin.py:109} INFO - [2021-09-14 18:41:51,330] {dagbag.py:496} INFO - Filling up the DagBag from /home/airflow/.local/lib/python3.8/site-packages/airflow/example_dags/example_skip_dag.py
[2021-09-14 18:41:51,342] {processor.py:623} INFO - DAG(s) dict_keys(['example_skip_dag']) retrieved from /home/airflow/.local/lib/python3.8/site-packages/airflow/example_dags/example_skip_dag.py
[2021-09-14 18:41:51,367] {logging_mixin.py:109} INFO - [2021-09-14 18:41:51,367] {dag.py:1833} INFO - Sync 1 DAGs
[2021-09-14 18:41:51,383] {logging_mixin.py:109} INFO - [2021-09-14 18:41:51,383] {dag.py:2306} INFO - Setting next_dagrun for example_skip_dag to 2021-09-12 00:00:00+00:00
[2021-09-14 18:41:51,393] {processor.py:170} INFO - Processing /home/airflow/.local/lib/python3.8/site-packages/airflow/example_dags/example_skip_dag.py took 0.078 seconds
[2021-09-14 18:42:21,645] {processor.py:162} INFO - Started process (PID=1233) to work on /home/airflow/.local/lib/python3.8/site-packages/airflow/example_dags/example_skip_dag.py
[2021-09-14 18:42:21,651] {processor.py:613} INFO - Processing file /home/airflow/.local/lib/python3.8/site-packages/airflow/example_dags/example_skip_dag.py for tasks to queue
[2021-09-14 18:42:21,652] {logging_mixin.py:109} INFO - [2021-09-14 18:42:21,652] {dagbag.py:496} INFO - Filling up the DagBag from /home/airflow/.local/lib/python3.8/site-packages/airflow/example_dags/example_skip_dag.py
[2021-09-14 18:42:21,662] {processor.py:623} INFO - DAG(s) dict_keys(['example_skip_dag']) retrieved from /home/airflow/.local/lib/python3.8/site-packages/airflow/example_dags/example_skip_dag.py
[2021-09-14 18:42:21,679] {logging_mixin.py:109} INFO - [2021-09-14 18:42:21,679] {dag.py:1833} INFO - Sync 1 DAGs
[2021-09-14 18:42:21,689] {logging_mixin.py:109} INFO - [2021-09-14 18:42:21,689] {dag.py:2306} INFO - Setting next_dagrun for example_skip_dag to 2021-09-12 00:00:00+00:00
[2021-09-14 18:42:21,697] {processor.py:170} INFO - Processing /home/airflow/.local/lib/python3.8/site-packages/airflow/example_dags/example_skip_dag.py took 0.056 seconds
[2021-09-14 18:42:51,788] {processor.py:162} INFO - Started process (PID=1291) to work on /home/airflow/.local/lib/python3.8/site-packages/airflow/example_dags/example_skip_dag.py
[2021-09-14 18:42:51,789] {processor.py:613} INFO - Processing file /home/airflow/.local/lib/python3.8/site-packages/airflow/example_dags/example_skip_dag.py for tasks to queue
[2021-09-14 18:42:51,789] {logging_mixin.py:109} INFO - [2021-09-14 18:42:51,789] {dagbag.py:496} INFO - Filling up the DagBag from /home/airflow/.local/lib/python3.8/site-packages/airflow/example_dags/example_skip_dag.py
[2021-09-14 18:42:51,797] {processor.py:623} INFO - DAG(s) dict_keys(['example_skip_dag']) retrieved from /home/airflow/.local/lib/python3.8/site-packages/airflow/example_dags/example_skip_dag.py
[2021-09-14 18:42:51,817] {logging_mixin.py:109} INFO - [2021-09-14 18:42:51,817] {dag.py:1833} INFO - Sync 1 DAGs
[2021-09-14 18:42:51,829] {logging_mixin.py:109} INFO - [2021-09-14 18:42:51,828] {dag.py:2306} INFO - Setting next_dagrun for example_skip_dag to 2021-09-12 00:00:00+00:00
[2021-09-14 18:42:51,843] {processor.py:170} INFO - Processing /home/airflow/.local/lib/python3.8/site-packages/airflow/example_dags/example_skip_dag.py took 0.058 seconds
[2021-09-14 18:43:22,274] {processor.py:162} INFO - Started process (PID=1340) to work on /home/airflow/.local/lib/python3.8/site-packages/airflow/example_dags/example_skip_dag.py
[2021-09-14 18:43:22,275] {processor.py:613} INFO - Processing file /home/airflow/.local/lib/python3.8/site-packages/airflow/example_dags/example_skip_dag.py for tasks to queue
[2021-09-14 18:43:22,276] {logging_mixin.py:109} INFO - [2021-09-14 18:43:22,276] {dagbag.py:496} INFO - Filling up the DagBag from /home/airflow/.local/lib/python3.8/site-packages/airflow/example_dags/example_skip_dag.py
[2021-09-14 18:43:22,289] {processor.py:623} INFO - DAG(s) dict_keys(['example_skip_dag']) retrieved from /home/airflow/.local/lib/python3.8/site-packages/airflow/example_dags/example_skip_dag.py
[2021-09-14 18:43:22,306] {logging_mixin.py:109} INFO - [2021-09-14 18:43:22,306] {dag.py:1833} INFO - Sync 1 DAGs
[2021-09-14 18:43:22,318] {logging_mixin.py:109} INFO - [2021-09-14 18:43:22,318] {dag.py:2306} INFO - Setting next_dagrun for example_skip_dag to 2021-09-12 00:00:00+00:00
[2021-09-14 18:43:22,333] {processor.py:170} INFO - Processing /home/airflow/.local/lib/python3.8/site-packages/airflow/example_dags/example_skip_dag.py took 0.063 seconds
[2021-09-14 18:43:52,625] {processor.py:162} INFO - Started process (PID=1397) to work on /home/airflow/.local/lib/python3.8/site-packages/airflow/example_dags/example_skip_dag.py
[2021-09-14 18:43:52,627] {processor.py:613} INFO - Processing file /home/airflow/.local/lib/python3.8/site-packages/airflow/example_dags/example_skip_dag.py for tasks to queue
[2021-09-14 18:43:52,628] {logging_mixin.py:109} INFO - [2021-09-14 18:43:52,627] {dagbag.py:496} INFO - Filling up the DagBag from /home/airflow/.local/lib/python3.8/site-packages/airflow/example_dags/example_skip_dag.py
[2021-09-14 18:43:52,637] {processor.py:623} INFO - DAG(s) dict_keys(['example_skip_dag']) retrieved from /home/airflow/.local/lib/python3.8/site-packages/airflow/example_dags/example_skip_dag.py
[2021-09-14 18:43:52,657] {logging_mixin.py:109} INFO - [2021-09-14 18:43:52,657] {dag.py:1833} INFO - Sync 1 DAGs
[2021-09-14 18:43:52,678] {logging_mixin.py:109} INFO - [2021-09-14 18:43:52,678] {dag.py:2306} INFO - Setting next_dagrun for example_skip_dag to 2021-09-12 00:00:00+00:00
[2021-09-14 18:43:52,694] {processor.py:170} INFO - Processing /home/airflow/.local/lib/python3.8/site-packages/airflow/example_dags/example_skip_dag.py took 0.072 seconds
[2021-09-14 18:44:23,375] {processor.py:162} INFO - Started process (PID=1453) to work on /home/airflow/.local/lib/python3.8/site-packages/airflow/example_dags/example_skip_dag.py
[2021-09-14 18:44:23,377] {processor.py:613} INFO - Processing file /home/airflow/.local/lib/python3.8/site-packages/airflow/example_dags/example_skip_dag.py for tasks to queue
[2021-09-14 18:44:23,378] {logging_mixin.py:109} INFO - [2021-09-14 18:44:23,378] {dagbag.py:496} INFO - Filling up the DagBag from /home/airflow/.local/lib/python3.8/site-packages/airflow/example_dags/example_skip_dag.py
[2021-09-14 18:44:23,389] {processor.py:623} INFO - DAG(s) dict_keys(['example_skip_dag']) retrieved from /home/airflow/.local/lib/python3.8/site-packages/airflow/example_dags/example_skip_dag.py
[2021-09-14 18:44:23,419] {logging_mixin.py:109} INFO - [2021-09-14 18:44:23,419] {dag.py:1833} INFO - Sync 1 DAGs
[2021-09-14 18:44:23,433] {logging_mixin.py:109} INFO - [2021-09-14 18:44:23,433] {dag.py:2306} INFO - Setting next_dagrun for example_skip_dag to 2021-09-12 00:00:00+00:00
[2021-09-14 18:44:23,442] {processor.py:170} INFO - Processing /home/airflow/.local/lib/python3.8/site-packages/airflow/example_dags/example_skip_dag.py took 0.071 seconds
[2021-09-14 18:44:54,030] {processor.py:162} INFO - Started process (PID=1500) to work on /home/airflow/.local/lib/python3.8/site-packages/airflow/example_dags/example_skip_dag.py
[2021-09-14 18:44:54,031] {processor.py:613} INFO - Processing file /home/airflow/.local/lib/python3.8/site-packages/airflow/example_dags/example_skip_dag.py for tasks to queue
[2021-09-14 18:44:54,031] {logging_mixin.py:109} INFO - [2021-09-14 18:44:54,031] {dagbag.py:496} INFO - Filling up the DagBag from /home/airflow/.local/lib/python3.8/site-packages/airflow/example_dags/example_skip_dag.py
[2021-09-14 18:44:54,040] {processor.py:623} INFO - DAG(s) dict_keys(['example_skip_dag']) retrieved from /home/airflow/.local/lib/python3.8/site-packages/airflow/example_dags/example_skip_dag.py
[2021-09-14 18:44:54,055] {logging_mixin.py:109} INFO - [2021-09-14 18:44:54,055] {dag.py:1833} INFO - Sync 1 DAGs
[2021-09-14 18:44:54,065] {logging_mixin.py:109} INFO - [2021-09-14 18:44:54,065] {dag.py:2306} INFO - Setting next_dagrun for example_skip_dag to 2021-09-12 00:00:00+00:00
[2021-09-14 18:44:54,073] {processor.py:170} INFO - Processing /home/airflow/.local/lib/python3.8/site-packages/airflow/example_dags/example_skip_dag.py took 0.046 seconds
[2021-09-14 18:45:24,247] {processor.py:162} INFO - Started process (PID=1556) to work on /home/airflow/.local/lib/python3.8/site-packages/airflow/example_dags/example_skip_dag.py
[2021-09-14 18:45:24,249] {processor.py:613} INFO - Processing file /home/airflow/.local/lib/python3.8/site-packages/airflow/example_dags/example_skip_dag.py for tasks to queue
[2021-09-14 18:45:24,249] {logging_mixin.py:109} INFO - [2021-09-14 18:45:24,249] {dagbag.py:496} INFO - Filling up the DagBag from /home/airflow/.local/lib/python3.8/site-packages/airflow/example_dags/example_skip_dag.py
[2021-09-14 18:45:24,257] {processor.py:623} INFO - DAG(s) dict_keys(['example_skip_dag']) retrieved from /home/airflow/.local/lib/python3.8/site-packages/airflow/example_dags/example_skip_dag.py
[2021-09-14 18:45:24,279] {logging_mixin.py:109} INFO - [2021-09-14 18:45:24,279] {dag.py:1833} INFO - Sync 1 DAGs
[2021-09-14 18:45:24,289] {logging_mixin.py:109} INFO - [2021-09-14 18:45:24,289] {dag.py:2306} INFO - Setting next_dagrun for example_skip_dag to 2021-09-12 00:00:00+00:00
[2021-09-14 18:45:24,320] {processor.py:170} INFO - Processing /home/airflow/.local/lib/python3.8/site-packages/airflow/example_dags/example_skip_dag.py took 0.076 seconds
[2021-09-14 18:45:54,618] {processor.py:162} INFO - Started process (PID=1609) to work on /home/airflow/.local/lib/python3.8/site-packages/airflow/example_dags/example_skip_dag.py
[2021-09-14 18:45:54,620] {processor.py:613} INFO - Processing file /home/airflow/.local/lib/python3.8/site-packages/airflow/example_dags/example_skip_dag.py for tasks to queue
[2021-09-14 18:45:54,621] {logging_mixin.py:109} INFO - [2021-09-14 18:45:54,621] {dagbag.py:496} INFO - Filling up the DagBag from /home/airflow/.local/lib/python3.8/site-packages/airflow/example_dags/example_skip_dag.py
[2021-09-14 18:45:54,634] {processor.py:623} INFO - DAG(s) dict_keys(['example_skip_dag']) retrieved from /home/airflow/.local/lib/python3.8/site-packages/airflow/example_dags/example_skip_dag.py
[2021-09-14 18:45:54,665] {logging_mixin.py:109} INFO - [2021-09-14 18:45:54,665] {dag.py:1833} INFO - Sync 1 DAGs
[2021-09-14 18:45:54,679] {logging_mixin.py:109} INFO - [2021-09-14 18:45:54,679] {dag.py:2306} INFO - Setting next_dagrun for example_skip_dag to 2021-09-12 00:00:00+00:00
[2021-09-14 18:45:54,691] {processor.py:170} INFO - Processing /home/airflow/.local/lib/python3.8/site-packages/airflow/example_dags/example_skip_dag.py took 0.076 seconds
[2021-09-14 18:46:25,603] {processor.py:162} INFO - Started process (PID=1658) to work on /home/airflow/.local/lib/python3.8/site-packages/airflow/example_dags/example_skip_dag.py
[2021-09-14 18:46:25,604] {processor.py:613} INFO - Processing file /home/airflow/.local/lib/python3.8/site-packages/airflow/example_dags/example_skip_dag.py for tasks to queue
[2021-09-14 18:46:25,605] {logging_mixin.py:109} INFO - [2021-09-14 18:46:25,605] {dagbag.py:496} INFO - Filling up the DagBag from /home/airflow/.local/lib/python3.8/site-packages/airflow/example_dags/example_skip_dag.py
[2021-09-14 18:46:25,613] {processor.py:623} INFO - DAG(s) dict_keys(['example_skip_dag']) retrieved from /home/airflow/.local/lib/python3.8/site-packages/airflow/example_dags/example_skip_dag.py
[2021-09-14 18:46:25,632] {logging_mixin.py:109} INFO - [2021-09-14 18:46:25,631] {dag.py:1833} INFO - Sync 1 DAGs
[2021-09-14 18:46:25,646] {logging_mixin.py:109} INFO - [2021-09-14 18:46:25,646] {dag.py:2306} INFO - Setting next_dagrun for example_skip_dag to 2021-09-12 00:00:00+00:00
[2021-09-14 18:46:25,654] {processor.py:170} INFO - Processing /home/airflow/.local/lib/python3.8/site-packages/airflow/example_dags/example_skip_dag.py took 0.054 seconds
[2021-09-14 18:46:56,025] {processor.py:162} INFO - Started process (PID=1713) to work on /home/airflow/.local/lib/python3.8/site-packages/airflow/example_dags/example_skip_dag.py
[2021-09-14 18:46:56,026] {processor.py:613} INFO - Processing file /home/airflow/.local/lib/python3.8/site-packages/airflow/example_dags/example_skip_dag.py for tasks to queue
[2021-09-14 18:46:56,027] {logging_mixin.py:109} INFO - [2021-09-14 18:46:56,027] {dagbag.py:496} INFO - Filling up the DagBag from /home/airflow/.local/lib/python3.8/site-packages/airflow/example_dags/example_skip_dag.py
[2021-09-14 18:46:56,038] {processor.py:623} INFO - DAG(s) dict_keys(['example_skip_dag']) retrieved from /home/airflow/.local/lib/python3.8/site-packages/airflow/example_dags/example_skip_dag.py
[2021-09-14 18:46:56,064] {logging_mixin.py:109} INFO - [2021-09-14 18:46:56,063] {dag.py:1833} INFO - Sync 1 DAGs
[2021-09-14 18:46:56,078] {logging_mixin.py:109} INFO - [2021-09-14 18:46:56,078] {dag.py:2306} INFO - Setting next_dagrun for example_skip_dag to 2021-09-12 00:00:00+00:00
[2021-09-14 18:46:56,089] {processor.py:170} INFO - Processing /home/airflow/.local/lib/python3.8/site-packages/airflow/example_dags/example_skip_dag.py took 0.067 seconds
[2021-09-14 18:47:26,474] {processor.py:162} INFO - Started process (PID=1760) to work on /home/airflow/.local/lib/python3.8/site-packages/airflow/example_dags/example_skip_dag.py
[2021-09-14 18:47:26,476] {processor.py:613} INFO - Processing file /home/airflow/.local/lib/python3.8/site-packages/airflow/example_dags/example_skip_dag.py for tasks to queue
[2021-09-14 18:47:26,477] {logging_mixin.py:109} INFO - [2021-09-14 18:47:26,477] {dagbag.py:496} INFO - Filling up the DagBag from /home/airflow/.local/lib/python3.8/site-packages/airflow/example_dags/example_skip_dag.py
[2021-09-14 18:47:26,488] {processor.py:623} INFO - DAG(s) dict_keys(['example_skip_dag']) retrieved from /home/airflow/.local/lib/python3.8/site-packages/airflow/example_dags/example_skip_dag.py
[2021-09-14 18:47:26,510] {logging_mixin.py:109} INFO - [2021-09-14 18:47:26,510] {dag.py:1833} INFO - Sync 1 DAGs
[2021-09-14 18:47:26,525] {logging_mixin.py:109} INFO - [2021-09-14 18:47:26,525] {dag.py:2306} INFO - Setting next_dagrun for example_skip_dag to 2021-09-12 00:00:00+00:00
[2021-09-14 18:47:26,532] {processor.py:170} INFO - Processing /home/airflow/.local/lib/python3.8/site-packages/airflow/example_dags/example_skip_dag.py took 0.062 seconds
[2021-09-14 18:47:57,075] {processor.py:162} INFO - Started process (PID=1818) to work on /home/airflow/.local/lib/python3.8/site-packages/airflow/example_dags/example_skip_dag.py
[2021-09-14 18:47:57,076] {processor.py:613} INFO - Processing file /home/airflow/.local/lib/python3.8/site-packages/airflow/example_dags/example_skip_dag.py for tasks to queue
[2021-09-14 18:47:57,076] {logging_mixin.py:109} INFO - [2021-09-14 18:47:57,076] {dagbag.py:496} INFO - Filling up the DagBag from /home/airflow/.local/lib/python3.8/site-packages/airflow/example_dags/example_skip_dag.py
[2021-09-14 18:47:57,084] {processor.py:623} INFO - DAG(s) dict_keys(['example_skip_dag']) retrieved from /home/airflow/.local/lib/python3.8/site-packages/airflow/example_dags/example_skip_dag.py
[2021-09-14 18:47:57,104] {logging_mixin.py:109} INFO - [2021-09-14 18:47:57,104] {dag.py:1833} INFO - Sync 1 DAGs
[2021-09-14 18:47:57,119] {logging_mixin.py:109} INFO - [2021-09-14 18:47:57,119] {dag.py:2306} INFO - Setting next_dagrun for example_skip_dag to 2021-09-12 00:00:00+00:00
[2021-09-14 18:47:57,131] {processor.py:170} INFO - Processing /home/airflow/.local/lib/python3.8/site-packages/airflow/example_dags/example_skip_dag.py took 0.061 seconds
[2021-09-14 18:48:28,143] {processor.py:162} INFO - Started process (PID=1874) to work on /home/airflow/.local/lib/python3.8/site-packages/airflow/example_dags/example_skip_dag.py
[2021-09-14 18:48:28,144] {processor.py:613} INFO - Processing file /home/airflow/.local/lib/python3.8/site-packages/airflow/example_dags/example_skip_dag.py for tasks to queue
[2021-09-14 18:48:28,147] {logging_mixin.py:109} INFO - [2021-09-14 18:48:28,147] {dagbag.py:496} INFO - Filling up the DagBag from /home/airflow/.local/lib/python3.8/site-packages/airflow/example_dags/example_skip_dag.py
[2021-09-14 18:48:28,157] {processor.py:623} INFO - DAG(s) dict_keys(['example_skip_dag']) retrieved from /home/airflow/.local/lib/python3.8/site-packages/airflow/example_dags/example_skip_dag.py
[2021-09-14 18:48:28,182] {logging_mixin.py:109} INFO - [2021-09-14 18:48:28,182] {dag.py:1833} INFO - Sync 1 DAGs
[2021-09-14 18:48:28,199] {logging_mixin.py:109} INFO - [2021-09-14 18:48:28,199] {dag.py:2306} INFO - Setting next_dagrun for example_skip_dag to 2021-09-12 00:00:00+00:00
[2021-09-14 18:48:28,210] {processor.py:170} INFO - Processing /home/airflow/.local/lib/python3.8/site-packages/airflow/example_dags/example_skip_dag.py took 0.072 seconds
[2021-09-14 18:48:58,834] {processor.py:162} INFO - Started process (PID=1922) to work on /home/airflow/.local/lib/python3.8/site-packages/airflow/example_dags/example_skip_dag.py
[2021-09-14 18:48:58,835] {processor.py:613} INFO - Processing file /home/airflow/.local/lib/python3.8/site-packages/airflow/example_dags/example_skip_dag.py for tasks to queue
[2021-09-14 18:48:58,836] {logging_mixin.py:109} INFO - [2021-09-14 18:48:58,836] {dagbag.py:496} INFO - Filling up the DagBag from /home/airflow/.local/lib/python3.8/site-packages/airflow/example_dags/example_skip_dag.py
[2021-09-14 18:48:58,846] {processor.py:623} INFO - DAG(s) dict_keys(['example_skip_dag']) retrieved from /home/airflow/.local/lib/python3.8/site-packages/airflow/example_dags/example_skip_dag.py
[2021-09-14 18:48:58,871] {logging_mixin.py:109} INFO - [2021-09-14 18:48:58,871] {dag.py:1833} INFO - Sync 1 DAGs
[2021-09-14 18:48:58,900] {logging_mixin.py:109} INFO - [2021-09-14 18:48:58,899] {dag.py:2306} INFO - Setting next_dagrun for example_skip_dag to 2021-09-12 00:00:00+00:00
[2021-09-14 18:48:58,910] {processor.py:170} INFO - Processing /home/airflow/.local/lib/python3.8/site-packages/airflow/example_dags/example_skip_dag.py took 0.080 seconds
[2021-09-14 18:49:29,452] {processor.py:162} INFO - Started process (PID=1978) to work on /home/airflow/.local/lib/python3.8/site-packages/airflow/example_dags/example_skip_dag.py
[2021-09-14 18:49:29,456] {processor.py:613} INFO - Processing file /home/airflow/.local/lib/python3.8/site-packages/airflow/example_dags/example_skip_dag.py for tasks to queue
[2021-09-14 18:49:29,456] {logging_mixin.py:109} INFO - [2021-09-14 18:49:29,456] {dagbag.py:496} INFO - Filling up the DagBag from /home/airflow/.local/lib/python3.8/site-packages/airflow/example_dags/example_skip_dag.py
[2021-09-14 18:49:29,469] {processor.py:623} INFO - DAG(s) dict_keys(['example_skip_dag']) retrieved from /home/airflow/.local/lib/python3.8/site-packages/airflow/example_dags/example_skip_dag.py
[2021-09-14 18:49:29,534] {logging_mixin.py:109} INFO - [2021-09-14 18:49:29,534] {dag.py:1833} INFO - Sync 1 DAGs
[2021-09-14 18:49:29,560] {logging_mixin.py:109} INFO - [2021-09-14 18:49:29,560] {dag.py:2306} INFO - Setting next_dagrun for example_skip_dag to 2021-09-12 00:00:00+00:00
[2021-09-14 18:49:29,572] {processor.py:170} INFO - Processing /home/airflow/.local/lib/python3.8/site-packages/airflow/example_dags/example_skip_dag.py took 0.123 seconds
[2021-09-14 18:49:59,903] {processor.py:162} INFO - Started process (PID=2025) to work on /home/airflow/.local/lib/python3.8/site-packages/airflow/example_dags/example_skip_dag.py
[2021-09-14 18:49:59,904] {processor.py:613} INFO - Processing file /home/airflow/.local/lib/python3.8/site-packages/airflow/example_dags/example_skip_dag.py for tasks to queue
[2021-09-14 18:49:59,905] {logging_mixin.py:109} INFO - [2021-09-14 18:49:59,904] {dagbag.py:496} INFO - Filling up the DagBag from /home/airflow/.local/lib/python3.8/site-packages/airflow/example_dags/example_skip_dag.py
[2021-09-14 18:49:59,913] {processor.py:623} INFO - DAG(s) dict_keys(['example_skip_dag']) retrieved from /home/airflow/.local/lib/python3.8/site-packages/airflow/example_dags/example_skip_dag.py
[2021-09-14 18:49:59,931] {logging_mixin.py:109} INFO - [2021-09-14 18:49:59,931] {dag.py:1833} INFO - Sync 1 DAGs
[2021-09-14 18:49:59,945] {logging_mixin.py:109} INFO - [2021-09-14 18:49:59,945] {dag.py:2306} INFO - Setting next_dagrun for example_skip_dag to 2021-09-12 00:00:00+00:00
[2021-09-14 18:49:59,951] {processor.py:170} INFO - Processing /home/airflow/.local/lib/python3.8/site-packages/airflow/example_dags/example_skip_dag.py took 0.051 seconds
[2021-09-14 18:50:30,200] {processor.py:162} INFO - Started process (PID=2080) to work on /home/airflow/.local/lib/python3.8/site-packages/airflow/example_dags/example_skip_dag.py
[2021-09-14 18:50:30,201] {processor.py:613} INFO - Processing file /home/airflow/.local/lib/python3.8/site-packages/airflow/example_dags/example_skip_dag.py for tasks to queue
[2021-09-14 18:50:30,202] {logging_mixin.py:109} INFO - [2021-09-14 18:50:30,202] {dagbag.py:496} INFO - Filling up the DagBag from /home/airflow/.local/lib/python3.8/site-packages/airflow/example_dags/example_skip_dag.py
[2021-09-14 18:50:30,210] {processor.py:623} INFO - DAG(s) dict_keys(['example_skip_dag']) retrieved from /home/airflow/.local/lib/python3.8/site-packages/airflow/example_dags/example_skip_dag.py
[2021-09-14 18:50:30,229] {logging_mixin.py:109} INFO - [2021-09-14 18:50:30,229] {dag.py:1833} INFO - Sync 1 DAGs
[2021-09-14 18:50:30,239] {logging_mixin.py:109} INFO - [2021-09-14 18:50:30,239] {dag.py:2306} INFO - Setting next_dagrun for example_skip_dag to 2021-09-12 00:00:00+00:00
[2021-09-14 18:50:30,247] {processor.py:170} INFO - Processing /home/airflow/.local/lib/python3.8/site-packages/airflow/example_dags/example_skip_dag.py took 0.049 seconds
[2021-09-14 18:51:00,443] {processor.py:162} INFO - Started process (PID=2131) to work on /home/airflow/.local/lib/python3.8/site-packages/airflow/example_dags/example_skip_dag.py
[2021-09-14 18:51:00,444] {processor.py:613} INFO - Processing file /home/airflow/.local/lib/python3.8/site-packages/airflow/example_dags/example_skip_dag.py for tasks to queue
[2021-09-14 18:51:00,445] {logging_mixin.py:109} INFO - [2021-09-14 18:51:00,445] {dagbag.py:496} INFO - Filling up the DagBag from /home/airflow/.local/lib/python3.8/site-packages/airflow/example_dags/example_skip_dag.py
[2021-09-14 18:51:00,453] {processor.py:623} INFO - DAG(s) dict_keys(['example_skip_dag']) retrieved from /home/airflow/.local/lib/python3.8/site-packages/airflow/example_dags/example_skip_dag.py
[2021-09-14 18:51:00,469] {logging_mixin.py:109} INFO - [2021-09-14 18:51:00,469] {dag.py:1833} INFO - Sync 1 DAGs
[2021-09-14 18:51:00,478] {logging_mixin.py:109} INFO - [2021-09-14 18:51:00,478] {dag.py:2306} INFO - Setting next_dagrun for example_skip_dag to 2021-09-12 00:00:00+00:00
[2021-09-14 18:51:00,486] {processor.py:170} INFO - Processing /home/airflow/.local/lib/python3.8/site-packages/airflow/example_dags/example_skip_dag.py took 0.046 seconds
[2021-09-14 18:51:31,068] {processor.py:162} INFO - Started process (PID=2189) to work on /home/airflow/.local/lib/python3.8/site-packages/airflow/example_dags/example_skip_dag.py
[2021-09-14 18:51:31,069] {processor.py:613} INFO - Processing file /home/airflow/.local/lib/python3.8/site-packages/airflow/example_dags/example_skip_dag.py for tasks to queue
[2021-09-14 18:51:31,070] {logging_mixin.py:109} INFO - [2021-09-14 18:51:31,070] {dagbag.py:496} INFO - Filling up the DagBag from /home/airflow/.local/lib/python3.8/site-packages/airflow/example_dags/example_skip_dag.py
[2021-09-14 18:51:31,081] {processor.py:623} INFO - DAG(s) dict_keys(['example_skip_dag']) retrieved from /home/airflow/.local/lib/python3.8/site-packages/airflow/example_dags/example_skip_dag.py
[2021-09-14 18:51:31,104] {logging_mixin.py:109} INFO - [2021-09-14 18:51:31,104] {dag.py:1833} INFO - Sync 1 DAGs
[2021-09-14 18:51:31,124] {logging_mixin.py:109} INFO - [2021-09-14 18:51:31,124] {dag.py:2306} INFO - Setting next_dagrun for example_skip_dag to 2021-09-12 00:00:00+00:00
[2021-09-14 18:51:31,134] {processor.py:170} INFO - Processing /home/airflow/.local/lib/python3.8/site-packages/airflow/example_dags/example_skip_dag.py took 0.069 seconds
[2021-09-14 18:52:01,496] {processor.py:162} INFO - Started process (PID=2246) to work on /home/airflow/.local/lib/python3.8/site-packages/airflow/example_dags/example_skip_dag.py
[2021-09-14 18:52:01,498] {processor.py:613} INFO - Processing file /home/airflow/.local/lib/python3.8/site-packages/airflow/example_dags/example_skip_dag.py for tasks to queue
[2021-09-14 18:52:01,499] {logging_mixin.py:109} INFO - [2021-09-14 18:52:01,499] {dagbag.py:496} INFO - Filling up the DagBag from /home/airflow/.local/lib/python3.8/site-packages/airflow/example_dags/example_skip_dag.py
[2021-09-14 18:52:01,511] {processor.py:623} INFO - DAG(s) dict_keys(['example_skip_dag']) retrieved from /home/airflow/.local/lib/python3.8/site-packages/airflow/example_dags/example_skip_dag.py
[2021-09-14 18:52:01,538] {logging_mixin.py:109} INFO - [2021-09-14 18:52:01,538] {dag.py:1833} INFO - Sync 1 DAGs
[2021-09-14 18:52:01,555] {logging_mixin.py:109} INFO - [2021-09-14 18:52:01,555] {dag.py:2306} INFO - Setting next_dagrun for example_skip_dag to 2021-09-12 00:00:00+00:00
[2021-09-14 18:52:01,567] {processor.py:170} INFO - Processing /home/airflow/.local/lib/python3.8/site-packages/airflow/example_dags/example_skip_dag.py took 0.074 seconds
[2021-09-14 18:52:31,757] {processor.py:162} INFO - Started process (PID=2295) to work on /home/airflow/.local/lib/python3.8/site-packages/airflow/example_dags/example_skip_dag.py
[2021-09-14 18:52:31,759] {processor.py:613} INFO - Processing file /home/airflow/.local/lib/python3.8/site-packages/airflow/example_dags/example_skip_dag.py for tasks to queue
[2021-09-14 18:52:31,759] {logging_mixin.py:109} INFO - [2021-09-14 18:52:31,759] {dagbag.py:496} INFO - Filling up the DagBag from /home/airflow/.local/lib/python3.8/site-packages/airflow/example_dags/example_skip_dag.py
[2021-09-14 18:52:31,768] {processor.py:623} INFO - DAG(s) dict_keys(['example_skip_dag']) retrieved from /home/airflow/.local/lib/python3.8/site-packages/airflow/example_dags/example_skip_dag.py
[2021-09-14 18:52:31,785] {logging_mixin.py:109} INFO - [2021-09-14 18:52:31,784] {dag.py:1833} INFO - Sync 1 DAGs
[2021-09-14 18:52:31,796] {logging_mixin.py:109} INFO - [2021-09-14 18:52:31,796] {dag.py:2306} INFO - Setting next_dagrun for example_skip_dag to 2021-09-12 00:00:00+00:00
[2021-09-14 18:52:31,802] {processor.py:170} INFO - Processing /home/airflow/.local/lib/python3.8/site-packages/airflow/example_dags/example_skip_dag.py took 0.049 seconds
[2021-09-14 18:53:02,178] {processor.py:162} INFO - Started process (PID=2350) to work on /home/airflow/.local/lib/python3.8/site-packages/airflow/example_dags/example_skip_dag.py
[2021-09-14 18:53:02,180] {processor.py:613} INFO - Processing file /home/airflow/.local/lib/python3.8/site-packages/airflow/example_dags/example_skip_dag.py for tasks to queue
[2021-09-14 18:53:02,180] {logging_mixin.py:109} INFO - [2021-09-14 18:53:02,180] {dagbag.py:496} INFO - Filling up the DagBag from /home/airflow/.local/lib/python3.8/site-packages/airflow/example_dags/example_skip_dag.py
[2021-09-14 18:53:02,188] {processor.py:623} INFO - DAG(s) dict_keys(['example_skip_dag']) retrieved from /home/airflow/.local/lib/python3.8/site-packages/airflow/example_dags/example_skip_dag.py
[2021-09-14 18:53:02,204] {logging_mixin.py:109} INFO - [2021-09-14 18:53:02,204] {dag.py:1833} INFO - Sync 1 DAGs
[2021-09-14 18:53:02,214] {logging_mixin.py:109} INFO - [2021-09-14 18:53:02,214] {dag.py:2306} INFO - Setting next_dagrun for example_skip_dag to 2021-09-12 00:00:00+00:00
[2021-09-14 18:53:02,222] {processor.py:170} INFO - Processing /home/airflow/.local/lib/python3.8/site-packages/airflow/example_dags/example_skip_dag.py took 0.046 seconds
[2021-09-14 18:53:32,676] {processor.py:162} INFO - Started process (PID=2397) to work on /home/airflow/.local/lib/python3.8/site-packages/airflow/example_dags/example_skip_dag.py
[2021-09-14 18:53:32,686] {processor.py:613} INFO - Processing file /home/airflow/.local/lib/python3.8/site-packages/airflow/example_dags/example_skip_dag.py for tasks to queue
[2021-09-14 18:53:32,687] {logging_mixin.py:109} INFO - [2021-09-14 18:53:32,687] {dagbag.py:496} INFO - Filling up the DagBag from /home/airflow/.local/lib/python3.8/site-packages/airflow/example_dags/example_skip_dag.py
[2021-09-14 18:53:32,707] {processor.py:623} INFO - DAG(s) dict_keys(['example_skip_dag']) retrieved from /home/airflow/.local/lib/python3.8/site-packages/airflow/example_dags/example_skip_dag.py
[2021-09-14 18:53:32,749] {logging_mixin.py:109} INFO - [2021-09-14 18:53:32,749] {dag.py:1833} INFO - Sync 1 DAGs
[2021-09-14 18:53:32,759] {logging_mixin.py:109} INFO - [2021-09-14 18:53:32,759] {dag.py:2306} INFO - Setting next_dagrun for example_skip_dag to 2021-09-12 00:00:00+00:00
[2021-09-14 18:53:32,770] {processor.py:170} INFO - Processing /home/airflow/.local/lib/python3.8/site-packages/airflow/example_dags/example_skip_dag.py took 0.098 seconds
[2021-09-14 18:54:03,781] {processor.py:162} INFO - Started process (PID=2454) to work on /home/airflow/.local/lib/python3.8/site-packages/airflow/example_dags/example_skip_dag.py
[2021-09-14 18:54:03,803] {processor.py:613} INFO - Processing file /home/airflow/.local/lib/python3.8/site-packages/airflow/example_dags/example_skip_dag.py for tasks to queue
[2021-09-14 18:54:03,807] {logging_mixin.py:109} INFO - [2021-09-14 18:54:03,807] {dagbag.py:496} INFO - Filling up the DagBag from /home/airflow/.local/lib/python3.8/site-packages/airflow/example_dags/example_skip_dag.py
[2021-09-14 18:54:03,847] {processor.py:623} INFO - DAG(s) dict_keys(['example_skip_dag']) retrieved from /home/airflow/.local/lib/python3.8/site-packages/airflow/example_dags/example_skip_dag.py
[2021-09-14 18:54:03,906] {logging_mixin.py:109} INFO - [2021-09-14 18:54:03,906] {dag.py:1833} INFO - Sync 1 DAGs
[2021-09-14 18:54:03,930] {logging_mixin.py:109} INFO - [2021-09-14 18:54:03,929] {dag.py:2306} INFO - Setting next_dagrun for example_skip_dag to 2021-09-12 00:00:00+00:00
[2021-09-14 18:54:03,970] {processor.py:170} INFO - Processing /home/airflow/.local/lib/python3.8/site-packages/airflow/example_dags/example_skip_dag.py took 0.192 seconds
[2021-09-14 18:54:34,288] {processor.py:162} INFO - Started process (PID=2501) to work on /home/airflow/.local/lib/python3.8/site-packages/airflow/example_dags/example_skip_dag.py
[2021-09-14 18:54:34,289] {processor.py:613} INFO - Processing file /home/airflow/.local/lib/python3.8/site-packages/airflow/example_dags/example_skip_dag.py for tasks to queue
[2021-09-14 18:54:34,289] {logging_mixin.py:109} INFO - [2021-09-14 18:54:34,289] {dagbag.py:496} INFO - Filling up the DagBag from /home/airflow/.local/lib/python3.8/site-packages/airflow/example_dags/example_skip_dag.py
[2021-09-14 18:54:34,298] {processor.py:623} INFO - DAG(s) dict_keys(['example_skip_dag']) retrieved from /home/airflow/.local/lib/python3.8/site-packages/airflow/example_dags/example_skip_dag.py
[2021-09-14 18:54:34,316] {logging_mixin.py:109} INFO - [2021-09-14 18:54:34,316] {dag.py:1833} INFO - Sync 1 DAGs
[2021-09-14 18:54:34,328] {logging_mixin.py:109} INFO - [2021-09-14 18:54:34,328] {dag.py:2306} INFO - Setting next_dagrun for example_skip_dag to 2021-09-12 00:00:00+00:00
[2021-09-14 18:54:34,336] {processor.py:170} INFO - Processing /home/airflow/.local/lib/python3.8/site-packages/airflow/example_dags/example_skip_dag.py took 0.052 seconds
[2021-09-14 18:55:04,678] {processor.py:162} INFO - Started process (PID=2556) to work on /home/airflow/.local/lib/python3.8/site-packages/airflow/example_dags/example_skip_dag.py
[2021-09-14 18:55:04,679] {processor.py:613} INFO - Processing file /home/airflow/.local/lib/python3.8/site-packages/airflow/example_dags/example_skip_dag.py for tasks to queue
[2021-09-14 18:55:04,680] {logging_mixin.py:109} INFO - [2021-09-14 18:55:04,680] {dagbag.py:496} INFO - Filling up the DagBag from /home/airflow/.local/lib/python3.8/site-packages/airflow/example_dags/example_skip_dag.py
[2021-09-14 18:55:04,698] {processor.py:623} INFO - DAG(s) dict_keys(['example_skip_dag']) retrieved from /home/airflow/.local/lib/python3.8/site-packages/airflow/example_dags/example_skip_dag.py
[2021-09-14 18:55:04,730] {logging_mixin.py:109} INFO - [2021-09-14 18:55:04,730] {dag.py:1833} INFO - Sync 1 DAGs
[2021-09-14 18:55:04,754] {logging_mixin.py:109} INFO - [2021-09-14 18:55:04,754] {dag.py:2306} INFO - Setting next_dagrun for example_skip_dag to 2021-09-12 00:00:00+00:00
[2021-09-14 18:55:04,762] {processor.py:170} INFO - Processing /home/airflow/.local/lib/python3.8/site-packages/airflow/example_dags/example_skip_dag.py took 0.087 seconds
[2021-09-14 18:55:35,090] {processor.py:162} INFO - Started process (PID=2611) to work on /home/airflow/.local/lib/python3.8/site-packages/airflow/example_dags/example_skip_dag.py
[2021-09-14 18:55:35,091] {processor.py:613} INFO - Processing file /home/airflow/.local/lib/python3.8/site-packages/airflow/example_dags/example_skip_dag.py for tasks to queue
[2021-09-14 18:55:35,092] {logging_mixin.py:109} INFO - [2021-09-14 18:55:35,092] {dagbag.py:496} INFO - Filling up the DagBag from /home/airflow/.local/lib/python3.8/site-packages/airflow/example_dags/example_skip_dag.py
[2021-09-14 18:55:35,100] {processor.py:623} INFO - DAG(s) dict_keys(['example_skip_dag']) retrieved from /home/airflow/.local/lib/python3.8/site-packages/airflow/example_dags/example_skip_dag.py
[2021-09-14 18:55:35,121] {logging_mixin.py:109} INFO - [2021-09-14 18:55:35,121] {dag.py:1833} INFO - Sync 1 DAGs
[2021-09-14 18:55:35,133] {logging_mixin.py:109} INFO - [2021-09-14 18:55:35,132] {dag.py:2306} INFO - Setting next_dagrun for example_skip_dag to 2021-09-12 00:00:00+00:00
[2021-09-14 18:55:35,142] {processor.py:170} INFO - Processing /home/airflow/.local/lib/python3.8/site-packages/airflow/example_dags/example_skip_dag.py took 0.055 seconds
[2021-09-14 18:56:05,859] {processor.py:162} INFO - Started process (PID=2658) to work on /home/airflow/.local/lib/python3.8/site-packages/airflow/example_dags/example_skip_dag.py
[2021-09-14 18:56:05,863] {processor.py:613} INFO - Processing file /home/airflow/.local/lib/python3.8/site-packages/airflow/example_dags/example_skip_dag.py for tasks to queue
[2021-09-14 18:56:05,865] {logging_mixin.py:109} INFO - [2021-09-14 18:56:05,864] {dagbag.py:496} INFO - Filling up the DagBag from /home/airflow/.local/lib/python3.8/site-packages/airflow/example_dags/example_skip_dag.py
[2021-09-14 18:56:05,876] {processor.py:623} INFO - DAG(s) dict_keys(['example_skip_dag']) retrieved from /home/airflow/.local/lib/python3.8/site-packages/airflow/example_dags/example_skip_dag.py
[2021-09-14 18:56:05,907] {logging_mixin.py:109} INFO - [2021-09-14 18:56:05,907] {dag.py:1833} INFO - Sync 1 DAGs
[2021-09-14 18:56:05,924] {logging_mixin.py:109} INFO - [2021-09-14 18:56:05,924] {dag.py:2306} INFO - Setting next_dagrun for example_skip_dag to 2021-09-12 00:00:00+00:00
[2021-09-14 18:56:05,944] {processor.py:170} INFO - Processing /home/airflow/.local/lib/python3.8/site-packages/airflow/example_dags/example_skip_dag.py took 0.088 seconds
[2021-09-14 18:56:36,281] {processor.py:162} INFO - Started process (PID=2715) to work on /home/airflow/.local/lib/python3.8/site-packages/airflow/example_dags/example_skip_dag.py
[2021-09-14 18:56:36,286] {processor.py:613} INFO - Processing file /home/airflow/.local/lib/python3.8/site-packages/airflow/example_dags/example_skip_dag.py for tasks to queue
[2021-09-14 18:56:36,287] {logging_mixin.py:109} INFO - [2021-09-14 18:56:36,286] {dagbag.py:496} INFO - Filling up the DagBag from /home/airflow/.local/lib/python3.8/site-packages/airflow/example_dags/example_skip_dag.py
[2021-09-14 18:56:36,294] {processor.py:623} INFO - DAG(s) dict_keys(['example_skip_dag']) retrieved from /home/airflow/.local/lib/python3.8/site-packages/airflow/example_dags/example_skip_dag.py
[2021-09-14 18:56:36,316] {logging_mixin.py:109} INFO - [2021-09-14 18:56:36,316] {dag.py:1833} INFO - Sync 1 DAGs
[2021-09-14 18:56:36,330] {logging_mixin.py:109} INFO - [2021-09-14 18:56:36,330] {dag.py:2306} INFO - Setting next_dagrun for example_skip_dag to 2021-09-12 00:00:00+00:00
[2021-09-14 18:56:36,339] {processor.py:170} INFO - Processing /home/airflow/.local/lib/python3.8/site-packages/airflow/example_dags/example_skip_dag.py took 0.062 seconds
[2021-09-14 18:57:06,942] {processor.py:162} INFO - Started process (PID=2764) to work on /home/airflow/.local/lib/python3.8/site-packages/airflow/example_dags/example_skip_dag.py
[2021-09-14 18:57:06,943] {processor.py:613} INFO - Processing file /home/airflow/.local/lib/python3.8/site-packages/airflow/example_dags/example_skip_dag.py for tasks to queue
[2021-09-14 18:57:06,944] {logging_mixin.py:109} INFO - [2021-09-14 18:57:06,943] {dagbag.py:496} INFO - Filling up the DagBag from /home/airflow/.local/lib/python3.8/site-packages/airflow/example_dags/example_skip_dag.py
[2021-09-14 18:57:06,951] {processor.py:623} INFO - DAG(s) dict_keys(['example_skip_dag']) retrieved from /home/airflow/.local/lib/python3.8/site-packages/airflow/example_dags/example_skip_dag.py
[2021-09-14 18:57:06,968] {logging_mixin.py:109} INFO - [2021-09-14 18:57:06,968] {dag.py:1833} INFO - Sync 1 DAGs
[2021-09-14 18:57:06,979] {logging_mixin.py:109} INFO - [2021-09-14 18:57:06,979] {dag.py:2306} INFO - Setting next_dagrun for example_skip_dag to 2021-09-12 00:00:00+00:00
[2021-09-14 18:57:06,988] {processor.py:170} INFO - Processing /home/airflow/.local/lib/python3.8/site-packages/airflow/example_dags/example_skip_dag.py took 0.049 seconds
[2021-09-14 18:57:37,197] {processor.py:162} INFO - Started process (PID=2819) to work on /home/airflow/.local/lib/python3.8/site-packages/airflow/example_dags/example_skip_dag.py
[2021-09-14 18:57:37,198] {processor.py:613} INFO - Processing file /home/airflow/.local/lib/python3.8/site-packages/airflow/example_dags/example_skip_dag.py for tasks to queue
[2021-09-14 18:57:37,199] {logging_mixin.py:109} INFO - [2021-09-14 18:57:37,199] {dagbag.py:496} INFO - Filling up the DagBag from /home/airflow/.local/lib/python3.8/site-packages/airflow/example_dags/example_skip_dag.py
[2021-09-14 18:57:37,207] {processor.py:623} INFO - DAG(s) dict_keys(['example_skip_dag']) retrieved from /home/airflow/.local/lib/python3.8/site-packages/airflow/example_dags/example_skip_dag.py
[2021-09-14 18:57:37,221] {logging_mixin.py:109} INFO - [2021-09-14 18:57:37,221] {dag.py:1833} INFO - Sync 1 DAGs
[2021-09-14 18:57:37,231] {logging_mixin.py:109} INFO - [2021-09-14 18:57:37,231] {dag.py:2306} INFO - Setting next_dagrun for example_skip_dag to 2021-09-12 00:00:00+00:00
[2021-09-14 18:57:37,238] {processor.py:170} INFO - Processing /home/airflow/.local/lib/python3.8/site-packages/airflow/example_dags/example_skip_dag.py took 0.044 seconds
[2021-09-14 18:58:07,981] {processor.py:162} INFO - Started process (PID=2874) to work on /home/airflow/.local/lib/python3.8/site-packages/airflow/example_dags/example_skip_dag.py
[2021-09-14 18:58:07,982] {processor.py:613} INFO - Processing file /home/airflow/.local/lib/python3.8/site-packages/airflow/example_dags/example_skip_dag.py for tasks to queue
[2021-09-14 18:58:07,983] {logging_mixin.py:109} INFO - [2021-09-14 18:58:07,983] {dagbag.py:496} INFO - Filling up the DagBag from /home/airflow/.local/lib/python3.8/site-packages/airflow/example_dags/example_skip_dag.py
[2021-09-14 18:58:07,996] {processor.py:623} INFO - DAG(s) dict_keys(['example_skip_dag']) retrieved from /home/airflow/.local/lib/python3.8/site-packages/airflow/example_dags/example_skip_dag.py
[2021-09-14 18:58:08,022] {logging_mixin.py:109} INFO - [2021-09-14 18:58:08,022] {dag.py:1833} INFO - Sync 1 DAGs
[2021-09-14 18:58:08,035] {logging_mixin.py:109} INFO - [2021-09-14 18:58:08,035] {dag.py:2306} INFO - Setting next_dagrun for example_skip_dag to 2021-09-12 00:00:00+00:00
[2021-09-14 18:58:08,045] {processor.py:170} INFO - Processing /home/airflow/.local/lib/python3.8/site-packages/airflow/example_dags/example_skip_dag.py took 0.068 seconds
[2021-09-14 18:58:38,531] {processor.py:162} INFO - Started process (PID=2923) to work on /home/airflow/.local/lib/python3.8/site-packages/airflow/example_dags/example_skip_dag.py
[2021-09-14 18:58:38,532] {processor.py:613} INFO - Processing file /home/airflow/.local/lib/python3.8/site-packages/airflow/example_dags/example_skip_dag.py for tasks to queue
[2021-09-14 18:58:38,533] {logging_mixin.py:109} INFO - [2021-09-14 18:58:38,533] {dagbag.py:496} INFO - Filling up the DagBag from /home/airflow/.local/lib/python3.8/site-packages/airflow/example_dags/example_skip_dag.py
[2021-09-14 18:58:38,541] {processor.py:623} INFO - DAG(s) dict_keys(['example_skip_dag']) retrieved from /home/airflow/.local/lib/python3.8/site-packages/airflow/example_dags/example_skip_dag.py
[2021-09-14 18:58:38,557] {logging_mixin.py:109} INFO - [2021-09-14 18:58:38,557] {dag.py:1833} INFO - Sync 1 DAGs
[2021-09-14 18:58:38,568] {logging_mixin.py:109} INFO - [2021-09-14 18:58:38,568] {dag.py:2306} INFO - Setting next_dagrun for example_skip_dag to 2021-09-12 00:00:00+00:00
[2021-09-14 18:58:38,582] {processor.py:170} INFO - Processing /home/airflow/.local/lib/python3.8/site-packages/airflow/example_dags/example_skip_dag.py took 0.054 seconds
[2021-09-14 18:59:09,009] {processor.py:162} INFO - Started process (PID=2980) to work on /home/airflow/.local/lib/python3.8/site-packages/airflow/example_dags/example_skip_dag.py
[2021-09-14 18:59:09,011] {processor.py:613} INFO - Processing file /home/airflow/.local/lib/python3.8/site-packages/airflow/example_dags/example_skip_dag.py for tasks to queue
[2021-09-14 18:59:09,012] {logging_mixin.py:109} INFO - [2021-09-14 18:59:09,012] {dagbag.py:496} INFO - Filling up the DagBag from /home/airflow/.local/lib/python3.8/site-packages/airflow/example_dags/example_skip_dag.py
[2021-09-14 18:59:09,022] {processor.py:623} INFO - DAG(s) dict_keys(['example_skip_dag']) retrieved from /home/airflow/.local/lib/python3.8/site-packages/airflow/example_dags/example_skip_dag.py
[2021-09-14 18:59:09,042] {logging_mixin.py:109} INFO - [2021-09-14 18:59:09,042] {dag.py:1833} INFO - Sync 1 DAGs
[2021-09-14 18:59:09,055] {logging_mixin.py:109} INFO - [2021-09-14 18:59:09,055] {dag.py:2306} INFO - Setting next_dagrun for example_skip_dag to 2021-09-12 00:00:00+00:00
[2021-09-14 18:59:09,062] {processor.py:170} INFO - Processing /home/airflow/.local/lib/python3.8/site-packages/airflow/example_dags/example_skip_dag.py took 0.056 seconds
[2021-09-14 18:59:39,174] {processor.py:162} INFO - Started process (PID=3026) to work on /home/airflow/.local/lib/python3.8/site-packages/airflow/example_dags/example_skip_dag.py
[2021-09-14 18:59:39,175] {processor.py:613} INFO - Processing file /home/airflow/.local/lib/python3.8/site-packages/airflow/example_dags/example_skip_dag.py for tasks to queue
[2021-09-14 18:59:39,175] {logging_mixin.py:109} INFO - [2021-09-14 18:59:39,175] {dagbag.py:496} INFO - Filling up the DagBag from /home/airflow/.local/lib/python3.8/site-packages/airflow/example_dags/example_skip_dag.py
[2021-09-14 18:59:39,182] {processor.py:623} INFO - DAG(s) dict_keys(['example_skip_dag']) retrieved from /home/airflow/.local/lib/python3.8/site-packages/airflow/example_dags/example_skip_dag.py
[2021-09-14 18:59:39,199] {logging_mixin.py:109} INFO - [2021-09-14 18:59:39,199] {dag.py:1833} INFO - Sync 1 DAGs
[2021-09-14 18:59:39,209] {logging_mixin.py:109} INFO - [2021-09-14 18:59:39,209] {dag.py:2306} INFO - Setting next_dagrun for example_skip_dag to 2021-09-12 00:00:00+00:00
[2021-09-14 18:59:39,220] {processor.py:170} INFO - Processing /home/airflow/.local/lib/python3.8/site-packages/airflow/example_dags/example_skip_dag.py took 0.049 seconds
[2021-09-14 19:00:09,543] {processor.py:162} INFO - Started process (PID=3084) to work on /home/airflow/.local/lib/python3.8/site-packages/airflow/example_dags/example_skip_dag.py
[2021-09-14 19:00:09,544] {processor.py:613} INFO - Processing file /home/airflow/.local/lib/python3.8/site-packages/airflow/example_dags/example_skip_dag.py for tasks to queue
[2021-09-14 19:00:09,545] {logging_mixin.py:109} INFO - [2021-09-14 19:00:09,545] {dagbag.py:496} INFO - Filling up the DagBag from /home/airflow/.local/lib/python3.8/site-packages/airflow/example_dags/example_skip_dag.py
[2021-09-14 19:00:09,556] {processor.py:623} INFO - DAG(s) dict_keys(['example_skip_dag']) retrieved from /home/airflow/.local/lib/python3.8/site-packages/airflow/example_dags/example_skip_dag.py
[2021-09-14 19:00:09,583] {logging_mixin.py:109} INFO - [2021-09-14 19:00:09,583] {dag.py:1833} INFO - Sync 1 DAGs
[2021-09-14 19:00:09,598] {logging_mixin.py:109} INFO - [2021-09-14 19:00:09,598] {dag.py:2306} INFO - Setting next_dagrun for example_skip_dag to 2021-09-12 00:00:00+00:00
[2021-09-14 19:00:09,606] {processor.py:170} INFO - Processing /home/airflow/.local/lib/python3.8/site-packages/airflow/example_dags/example_skip_dag.py took 0.068 seconds
[2021-09-14 19:00:39,846] {processor.py:162} INFO - Started process (PID=3141) to work on /home/airflow/.local/lib/python3.8/site-packages/airflow/example_dags/example_skip_dag.py
[2021-09-14 19:00:39,848] {processor.py:613} INFO - Processing file /home/airflow/.local/lib/python3.8/site-packages/airflow/example_dags/example_skip_dag.py for tasks to queue
[2021-09-14 19:00:39,881] {logging_mixin.py:109} INFO - [2021-09-14 19:00:39,881] {dagbag.py:496} INFO - Filling up the DagBag from /home/airflow/.local/lib/python3.8/site-packages/airflow/example_dags/example_skip_dag.py
[2021-09-14 19:00:39,909] {processor.py:623} INFO - DAG(s) dict_keys(['example_skip_dag']) retrieved from /home/airflow/.local/lib/python3.8/site-packages/airflow/example_dags/example_skip_dag.py
[2021-09-14 19:00:39,940] {logging_mixin.py:109} INFO - [2021-09-14 19:00:39,940] {dag.py:1833} INFO - Sync 1 DAGs
[2021-09-14 19:00:39,960] {logging_mixin.py:109} INFO - [2021-09-14 19:00:39,960] {dag.py:2306} INFO - Setting next_dagrun for example_skip_dag to 2021-09-12 00:00:00+00:00
[2021-09-14 19:00:39,971] {processor.py:170} INFO - Processing /home/airflow/.local/lib/python3.8/site-packages/airflow/example_dags/example_skip_dag.py took 0.128 seconds
[2021-09-14 19:01:10,398] {processor.py:162} INFO - Started process (PID=3189) to work on /home/airflow/.local/lib/python3.8/site-packages/airflow/example_dags/example_skip_dag.py
[2021-09-14 19:01:10,399] {processor.py:613} INFO - Processing file /home/airflow/.local/lib/python3.8/site-packages/airflow/example_dags/example_skip_dag.py for tasks to queue
[2021-09-14 19:01:10,400] {logging_mixin.py:109} INFO - [2021-09-14 19:01:10,400] {dagbag.py:496} INFO - Filling up the DagBag from /home/airflow/.local/lib/python3.8/site-packages/airflow/example_dags/example_skip_dag.py
[2021-09-14 19:01:10,408] {processor.py:623} INFO - DAG(s) dict_keys(['example_skip_dag']) retrieved from /home/airflow/.local/lib/python3.8/site-packages/airflow/example_dags/example_skip_dag.py
[2021-09-14 19:01:10,425] {logging_mixin.py:109} INFO - [2021-09-14 19:01:10,425] {dag.py:1833} INFO - Sync 1 DAGs
[2021-09-14 19:01:10,436] {logging_mixin.py:109} INFO - [2021-09-14 19:01:10,435] {dag.py:2306} INFO - Setting next_dagrun for example_skip_dag to 2021-09-12 00:00:00+00:00
[2021-09-14 19:01:10,444] {processor.py:170} INFO - Processing /home/airflow/.local/lib/python3.8/site-packages/airflow/example_dags/example_skip_dag.py took 0.048 seconds
[2021-09-14 19:01:40,540] {processor.py:162} INFO - Started process (PID=3244) to work on /home/airflow/.local/lib/python3.8/site-packages/airflow/example_dags/example_skip_dag.py
[2021-09-14 19:01:40,542] {processor.py:613} INFO - Processing file /home/airflow/.local/lib/python3.8/site-packages/airflow/example_dags/example_skip_dag.py for tasks to queue
[2021-09-14 19:01:40,542] {logging_mixin.py:109} INFO - [2021-09-14 19:01:40,542] {dagbag.py:496} INFO - Filling up the DagBag from /home/airflow/.local/lib/python3.8/site-packages/airflow/example_dags/example_skip_dag.py
[2021-09-14 19:01:40,552] {processor.py:623} INFO - DAG(s) dict_keys(['example_skip_dag']) retrieved from /home/airflow/.local/lib/python3.8/site-packages/airflow/example_dags/example_skip_dag.py
[2021-09-14 19:01:40,575] {logging_mixin.py:109} INFO - [2021-09-14 19:01:40,575] {dag.py:1833} INFO - Sync 1 DAGs
[2021-09-14 19:01:40,588] {logging_mixin.py:109} INFO - [2021-09-14 19:01:40,588] {dag.py:2306} INFO - Setting next_dagrun for example_skip_dag to 2021-09-12 00:00:00+00:00
[2021-09-14 19:01:40,597] {processor.py:170} INFO - Processing /home/airflow/.local/lib/python3.8/site-packages/airflow/example_dags/example_skip_dag.py took 0.060 seconds
[2021-09-14 19:02:10,857] {processor.py:162} INFO - Started process (PID=3294) to work on /home/airflow/.local/lib/python3.8/site-packages/airflow/example_dags/example_skip_dag.py
[2021-09-14 19:02:10,858] {processor.py:613} INFO - Processing file /home/airflow/.local/lib/python3.8/site-packages/airflow/example_dags/example_skip_dag.py for tasks to queue
[2021-09-14 19:02:10,859] {logging_mixin.py:109} INFO - [2021-09-14 19:02:10,859] {dagbag.py:496} INFO - Filling up the DagBag from /home/airflow/.local/lib/python3.8/site-packages/airflow/example_dags/example_skip_dag.py
[2021-09-14 19:02:10,866] {processor.py:623} INFO - DAG(s) dict_keys(['example_skip_dag']) retrieved from /home/airflow/.local/lib/python3.8/site-packages/airflow/example_dags/example_skip_dag.py
[2021-09-14 19:02:10,883] {logging_mixin.py:109} INFO - [2021-09-14 19:02:10,883] {dag.py:1833} INFO - Sync 1 DAGs
[2021-09-14 19:02:10,896] {logging_mixin.py:109} INFO - [2021-09-14 19:02:10,896] {dag.py:2306} INFO - Setting next_dagrun for example_skip_dag to 2021-09-12 00:00:00+00:00
[2021-09-14 19:02:10,907] {processor.py:170} INFO - Processing /home/airflow/.local/lib/python3.8/site-packages/airflow/example_dags/example_skip_dag.py took 0.052 seconds
[2021-09-14 19:02:41,218] {processor.py:162} INFO - Started process (PID=3351) to work on /home/airflow/.local/lib/python3.8/site-packages/airflow/example_dags/example_skip_dag.py
[2021-09-14 19:02:41,219] {processor.py:613} INFO - Processing file /home/airflow/.local/lib/python3.8/site-packages/airflow/example_dags/example_skip_dag.py for tasks to queue
[2021-09-14 19:02:41,219] {logging_mixin.py:109} INFO - [2021-09-14 19:02:41,219] {dagbag.py:496} INFO - Filling up the DagBag from /home/airflow/.local/lib/python3.8/site-packages/airflow/example_dags/example_skip_dag.py
[2021-09-14 19:02:41,234] {processor.py:623} INFO - DAG(s) dict_keys(['example_skip_dag']) retrieved from /home/airflow/.local/lib/python3.8/site-packages/airflow/example_dags/example_skip_dag.py
[2021-09-14 19:02:41,271] {logging_mixin.py:109} INFO - [2021-09-14 19:02:41,271] {dag.py:1833} INFO - Sync 1 DAGs
[2021-09-14 19:02:41,287] {logging_mixin.py:109} INFO - [2021-09-14 19:02:41,287] {dag.py:2306} INFO - Setting next_dagrun for example_skip_dag to 2021-09-12 00:00:00+00:00
[2021-09-14 19:02:41,300] {processor.py:170} INFO - Processing /home/airflow/.local/lib/python3.8/site-packages/airflow/example_dags/example_skip_dag.py took 0.086 seconds
[2021-09-14 19:03:11,734] {processor.py:162} INFO - Started process (PID=3398) to work on /home/airflow/.local/lib/python3.8/site-packages/airflow/example_dags/example_skip_dag.py
[2021-09-14 19:03:11,735] {processor.py:613} INFO - Processing file /home/airflow/.local/lib/python3.8/site-packages/airflow/example_dags/example_skip_dag.py for tasks to queue
[2021-09-14 19:03:11,736] {logging_mixin.py:109} INFO - [2021-09-14 19:03:11,736] {dagbag.py:496} INFO - Filling up the DagBag from /home/airflow/.local/lib/python3.8/site-packages/airflow/example_dags/example_skip_dag.py
[2021-09-14 19:03:11,746] {processor.py:623} INFO - DAG(s) dict_keys(['example_skip_dag']) retrieved from /home/airflow/.local/lib/python3.8/site-packages/airflow/example_dags/example_skip_dag.py
[2021-09-14 19:03:11,761] {logging_mixin.py:109} INFO - [2021-09-14 19:03:11,761] {dag.py:1833} INFO - Sync 1 DAGs
[2021-09-14 19:03:11,770] {logging_mixin.py:109} INFO - [2021-09-14 19:03:11,770] {dag.py:2306} INFO - Setting next_dagrun for example_skip_dag to 2021-09-12 00:00:00+00:00
[2021-09-14 19:03:11,781] {processor.py:170} INFO - Processing /home/airflow/.local/lib/python3.8/site-packages/airflow/example_dags/example_skip_dag.py took 0.050 seconds
[2021-09-14 19:03:42,352] {processor.py:162} INFO - Started process (PID=3456) to work on /home/airflow/.local/lib/python3.8/site-packages/airflow/example_dags/example_skip_dag.py
[2021-09-14 19:03:42,353] {processor.py:613} INFO - Processing file /home/airflow/.local/lib/python3.8/site-packages/airflow/example_dags/example_skip_dag.py for tasks to queue
[2021-09-14 19:03:42,354] {logging_mixin.py:109} INFO - [2021-09-14 19:03:42,354] {dagbag.py:496} INFO - Filling up the DagBag from /home/airflow/.local/lib/python3.8/site-packages/airflow/example_dags/example_skip_dag.py
[2021-09-14 19:03:42,361] {processor.py:623} INFO - DAG(s) dict_keys(['example_skip_dag']) retrieved from /home/airflow/.local/lib/python3.8/site-packages/airflow/example_dags/example_skip_dag.py
[2021-09-14 19:03:42,378] {logging_mixin.py:109} INFO - [2021-09-14 19:03:42,378] {dag.py:1833} INFO - Sync 1 DAGs
[2021-09-14 19:03:42,391] {logging_mixin.py:109} INFO - [2021-09-14 19:03:42,391] {dag.py:2306} INFO - Setting next_dagrun for example_skip_dag to 2021-09-12 00:00:00+00:00
[2021-09-14 19:03:42,399] {processor.py:170} INFO - Processing /home/airflow/.local/lib/python3.8/site-packages/airflow/example_dags/example_skip_dag.py took 0.050 seconds
