[2021-09-14 18:31:57,732] {processor.py:162} INFO - Started process (PID=69) to work on /home/airflow/.local/lib/python3.8/site-packages/airflow/example_dags/example_complex.py
[2021-09-14 18:31:57,733] {processor.py:613} INFO - Processing file /home/airflow/.local/lib/python3.8/site-packages/airflow/example_dags/example_complex.py for tasks to queue
[2021-09-14 18:31:57,734] {logging_mixin.py:109} INFO - [2021-09-14 18:31:57,734] {dagbag.py:496} INFO - Filling up the DagBag from /home/airflow/.local/lib/python3.8/site-packages/airflow/example_dags/example_complex.py
[2021-09-14 18:31:57,757] {processor.py:623} INFO - DAG(s) dict_keys(['example_complex']) retrieved from /home/airflow/.local/lib/python3.8/site-packages/airflow/example_dags/example_complex.py
[2021-09-14 18:32:00,181] {logging_mixin.py:109} INFO - [2021-09-14 18:32:00,181] {dag.py:1833} INFO - Sync 1 DAGs
[2021-09-14 18:32:00,187] {logging_mixin.py:109} INFO - [2021-09-14 18:32:00,187] {dag.py:1852} INFO - Creating ORM DAG for example_complex
[2021-09-14 18:32:00,192] {logging_mixin.py:109} INFO - [2021-09-14 18:32:00,192] {dag.py:2306} INFO - Setting next_dagrun for example_complex to None
[2021-09-14 18:32:00,201] {processor.py:170} INFO - Processing /home/airflow/.local/lib/python3.8/site-packages/airflow/example_dags/example_complex.py took 2.473 seconds
[2021-09-14 18:32:30,573] {processor.py:162} INFO - Started process (PID=221) to work on /home/airflow/.local/lib/python3.8/site-packages/airflow/example_dags/example_complex.py
[2021-09-14 18:32:30,574] {processor.py:613} INFO - Processing file /home/airflow/.local/lib/python3.8/site-packages/airflow/example_dags/example_complex.py for tasks to queue
[2021-09-14 18:32:30,575] {logging_mixin.py:109} INFO - [2021-09-14 18:32:30,575] {dagbag.py:496} INFO - Filling up the DagBag from /home/airflow/.local/lib/python3.8/site-packages/airflow/example_dags/example_complex.py
[2021-09-14 18:32:30,596] {processor.py:623} INFO - DAG(s) dict_keys(['example_complex']) retrieved from /home/airflow/.local/lib/python3.8/site-packages/airflow/example_dags/example_complex.py
[2021-09-14 18:32:30,631] {logging_mixin.py:109} INFO - [2021-09-14 18:32:30,631] {dag.py:1833} INFO - Sync 1 DAGs
[2021-09-14 18:32:30,646] {logging_mixin.py:109} INFO - [2021-09-14 18:32:30,646] {dag.py:2306} INFO - Setting next_dagrun for example_complex to None
[2021-09-14 18:32:30,661] {processor.py:170} INFO - Processing /home/airflow/.local/lib/python3.8/site-packages/airflow/example_dags/example_complex.py took 0.091 seconds
[2021-09-14 18:33:01,177] {processor.py:162} INFO - Started process (PID=269) to work on /home/airflow/.local/lib/python3.8/site-packages/airflow/example_dags/example_complex.py
[2021-09-14 18:33:01,182] {processor.py:613} INFO - Processing file /home/airflow/.local/lib/python3.8/site-packages/airflow/example_dags/example_complex.py for tasks to queue
[2021-09-14 18:33:01,182] {logging_mixin.py:109} INFO - [2021-09-14 18:33:01,182] {dagbag.py:496} INFO - Filling up the DagBag from /home/airflow/.local/lib/python3.8/site-packages/airflow/example_dags/example_complex.py
[2021-09-14 18:33:01,207] {processor.py:623} INFO - DAG(s) dict_keys(['example_complex']) retrieved from /home/airflow/.local/lib/python3.8/site-packages/airflow/example_dags/example_complex.py
[2021-09-14 18:33:01,244] {logging_mixin.py:109} INFO - [2021-09-14 18:33:01,244] {dag.py:1833} INFO - Sync 1 DAGs
[2021-09-14 18:33:01,258] {logging_mixin.py:109} INFO - [2021-09-14 18:33:01,258] {dag.py:2306} INFO - Setting next_dagrun for example_complex to None
[2021-09-14 18:33:01,270] {processor.py:170} INFO - Processing /home/airflow/.local/lib/python3.8/site-packages/airflow/example_dags/example_complex.py took 0.096 seconds
[2021-09-14 18:33:32,182] {processor.py:162} INFO - Started process (PID=324) to work on /home/airflow/.local/lib/python3.8/site-packages/airflow/example_dags/example_complex.py
[2021-09-14 18:33:32,184] {processor.py:613} INFO - Processing file /home/airflow/.local/lib/python3.8/site-packages/airflow/example_dags/example_complex.py for tasks to queue
[2021-09-14 18:33:32,184] {logging_mixin.py:109} INFO - [2021-09-14 18:33:32,184] {dagbag.py:496} INFO - Filling up the DagBag from /home/airflow/.local/lib/python3.8/site-packages/airflow/example_dags/example_complex.py
[2021-09-14 18:33:32,204] {processor.py:623} INFO - DAG(s) dict_keys(['example_complex']) retrieved from /home/airflow/.local/lib/python3.8/site-packages/airflow/example_dags/example_complex.py
[2021-09-14 18:33:32,231] {logging_mixin.py:109} INFO - [2021-09-14 18:33:32,231] {dag.py:1833} INFO - Sync 1 DAGs
[2021-09-14 18:33:32,244] {logging_mixin.py:109} INFO - [2021-09-14 18:33:32,244] {dag.py:2306} INFO - Setting next_dagrun for example_complex to None
[2021-09-14 18:33:32,254] {processor.py:170} INFO - Processing /home/airflow/.local/lib/python3.8/site-packages/airflow/example_dags/example_complex.py took 0.074 seconds
[2021-09-14 18:34:02,344] {processor.py:162} INFO - Started process (PID=373) to work on /home/airflow/.local/lib/python3.8/site-packages/airflow/example_dags/example_complex.py
[2021-09-14 18:34:02,345] {processor.py:613} INFO - Processing file /home/airflow/.local/lib/python3.8/site-packages/airflow/example_dags/example_complex.py for tasks to queue
[2021-09-14 18:34:02,346] {logging_mixin.py:109} INFO - [2021-09-14 18:34:02,346] {dagbag.py:496} INFO - Filling up the DagBag from /home/airflow/.local/lib/python3.8/site-packages/airflow/example_dags/example_complex.py
[2021-09-14 18:34:02,360] {processor.py:623} INFO - DAG(s) dict_keys(['example_complex']) retrieved from /home/airflow/.local/lib/python3.8/site-packages/airflow/example_dags/example_complex.py
[2021-09-14 18:34:02,386] {logging_mixin.py:109} INFO - [2021-09-14 18:34:02,386] {dag.py:1833} INFO - Sync 1 DAGs
[2021-09-14 18:34:02,401] {logging_mixin.py:109} INFO - [2021-09-14 18:34:02,400] {dag.py:2306} INFO - Setting next_dagrun for example_complex to None
[2021-09-14 18:34:02,408] {processor.py:170} INFO - Processing /home/airflow/.local/lib/python3.8/site-packages/airflow/example_dags/example_complex.py took 0.067 seconds
[2021-09-14 18:34:32,575] {processor.py:162} INFO - Started process (PID=429) to work on /home/airflow/.local/lib/python3.8/site-packages/airflow/example_dags/example_complex.py
[2021-09-14 18:34:32,576] {processor.py:613} INFO - Processing file /home/airflow/.local/lib/python3.8/site-packages/airflow/example_dags/example_complex.py for tasks to queue
[2021-09-14 18:34:32,577] {logging_mixin.py:109} INFO - [2021-09-14 18:34:32,577] {dagbag.py:496} INFO - Filling up the DagBag from /home/airflow/.local/lib/python3.8/site-packages/airflow/example_dags/example_complex.py
[2021-09-14 18:34:32,598] {processor.py:623} INFO - DAG(s) dict_keys(['example_complex']) retrieved from /home/airflow/.local/lib/python3.8/site-packages/airflow/example_dags/example_complex.py
[2021-09-14 18:34:32,623] {logging_mixin.py:109} INFO - [2021-09-14 18:34:32,623] {dag.py:1833} INFO - Sync 1 DAGs
[2021-09-14 18:34:32,634] {logging_mixin.py:109} INFO - [2021-09-14 18:34:32,634] {dag.py:2306} INFO - Setting next_dagrun for example_complex to None
[2021-09-14 18:34:32,643] {processor.py:170} INFO - Processing /home/airflow/.local/lib/python3.8/site-packages/airflow/example_dags/example_complex.py took 0.070 seconds
[2021-09-14 18:35:02,931] {processor.py:162} INFO - Started process (PID=476) to work on /home/airflow/.local/lib/python3.8/site-packages/airflow/example_dags/example_complex.py
[2021-09-14 18:35:02,932] {processor.py:613} INFO - Processing file /home/airflow/.local/lib/python3.8/site-packages/airflow/example_dags/example_complex.py for tasks to queue
[2021-09-14 18:35:02,933] {logging_mixin.py:109} INFO - [2021-09-14 18:35:02,933] {dagbag.py:496} INFO - Filling up the DagBag from /home/airflow/.local/lib/python3.8/site-packages/airflow/example_dags/example_complex.py
[2021-09-14 18:35:02,947] {processor.py:623} INFO - DAG(s) dict_keys(['example_complex']) retrieved from /home/airflow/.local/lib/python3.8/site-packages/airflow/example_dags/example_complex.py
[2021-09-14 18:35:02,969] {logging_mixin.py:109} INFO - [2021-09-14 18:35:02,969] {dag.py:1833} INFO - Sync 1 DAGs
[2021-09-14 18:35:02,982] {logging_mixin.py:109} INFO - [2021-09-14 18:35:02,982] {dag.py:2306} INFO - Setting next_dagrun for example_complex to None
[2021-09-14 18:35:02,991] {processor.py:170} INFO - Processing /home/airflow/.local/lib/python3.8/site-packages/airflow/example_dags/example_complex.py took 0.063 seconds
[2021-09-14 18:35:33,850] {processor.py:162} INFO - Started process (PID=531) to work on /home/airflow/.local/lib/python3.8/site-packages/airflow/example_dags/example_complex.py
[2021-09-14 18:35:33,852] {processor.py:613} INFO - Processing file /home/airflow/.local/lib/python3.8/site-packages/airflow/example_dags/example_complex.py for tasks to queue
[2021-09-14 18:35:33,852] {logging_mixin.py:109} INFO - [2021-09-14 18:35:33,852] {dagbag.py:496} INFO - Filling up the DagBag from /home/airflow/.local/lib/python3.8/site-packages/airflow/example_dags/example_complex.py
[2021-09-14 18:35:33,874] {processor.py:623} INFO - DAG(s) dict_keys(['example_complex']) retrieved from /home/airflow/.local/lib/python3.8/site-packages/airflow/example_dags/example_complex.py
[2021-09-14 18:35:33,924] {logging_mixin.py:109} INFO - [2021-09-14 18:35:33,924] {dag.py:1833} INFO - Sync 1 DAGs
[2021-09-14 18:35:33,943] {logging_mixin.py:109} INFO - [2021-09-14 18:35:33,943] {dag.py:2306} INFO - Setting next_dagrun for example_complex to None
[2021-09-14 18:35:33,954] {processor.py:170} INFO - Processing /home/airflow/.local/lib/python3.8/site-packages/airflow/example_dags/example_complex.py took 0.107 seconds
[2021-09-14 18:36:04,217] {processor.py:162} INFO - Started process (PID=586) to work on /home/airflow/.local/lib/python3.8/site-packages/airflow/example_dags/example_complex.py
[2021-09-14 18:36:04,219] {processor.py:613} INFO - Processing file /home/airflow/.local/lib/python3.8/site-packages/airflow/example_dags/example_complex.py for tasks to queue
[2021-09-14 18:36:04,221] {logging_mixin.py:109} INFO - [2021-09-14 18:36:04,221] {dagbag.py:496} INFO - Filling up the DagBag from /home/airflow/.local/lib/python3.8/site-packages/airflow/example_dags/example_complex.py
[2021-09-14 18:36:04,288] {processor.py:623} INFO - DAG(s) dict_keys(['example_complex']) retrieved from /home/airflow/.local/lib/python3.8/site-packages/airflow/example_dags/example_complex.py
[2021-09-14 18:36:04,351] {logging_mixin.py:109} INFO - [2021-09-14 18:36:04,351] {dag.py:1833} INFO - Sync 1 DAGs
[2021-09-14 18:36:04,374] {logging_mixin.py:109} INFO - [2021-09-14 18:36:04,373] {dag.py:2306} INFO - Setting next_dagrun for example_complex to None
[2021-09-14 18:36:04,434] {processor.py:170} INFO - Processing /home/airflow/.local/lib/python3.8/site-packages/airflow/example_dags/example_complex.py took 0.231 seconds
[2021-09-14 18:36:34,685] {processor.py:162} INFO - Started process (PID=630) to work on /home/airflow/.local/lib/python3.8/site-packages/airflow/example_dags/example_complex.py
[2021-09-14 18:36:34,687] {processor.py:613} INFO - Processing file /home/airflow/.local/lib/python3.8/site-packages/airflow/example_dags/example_complex.py for tasks to queue
[2021-09-14 18:36:34,688] {logging_mixin.py:109} INFO - [2021-09-14 18:36:34,687] {dagbag.py:496} INFO - Filling up the DagBag from /home/airflow/.local/lib/python3.8/site-packages/airflow/example_dags/example_complex.py
[2021-09-14 18:36:34,707] {processor.py:623} INFO - DAG(s) dict_keys(['example_complex']) retrieved from /home/airflow/.local/lib/python3.8/site-packages/airflow/example_dags/example_complex.py
[2021-09-14 18:36:34,736] {logging_mixin.py:109} INFO - [2021-09-14 18:36:34,735] {dag.py:1833} INFO - Sync 1 DAGs
[2021-09-14 18:36:34,752] {logging_mixin.py:109} INFO - [2021-09-14 18:36:34,752] {dag.py:2306} INFO - Setting next_dagrun for example_complex to None
[2021-09-14 18:36:34,760] {processor.py:170} INFO - Processing /home/airflow/.local/lib/python3.8/site-packages/airflow/example_dags/example_complex.py took 0.077 seconds
[2021-09-14 18:37:05,365] {processor.py:162} INFO - Started process (PID=688) to work on /home/airflow/.local/lib/python3.8/site-packages/airflow/example_dags/example_complex.py
[2021-09-14 18:37:05,366] {processor.py:613} INFO - Processing file /home/airflow/.local/lib/python3.8/site-packages/airflow/example_dags/example_complex.py for tasks to queue
[2021-09-14 18:37:05,367] {logging_mixin.py:109} INFO - [2021-09-14 18:37:05,367] {dagbag.py:496} INFO - Filling up the DagBag from /home/airflow/.local/lib/python3.8/site-packages/airflow/example_dags/example_complex.py
[2021-09-14 18:37:05,381] {processor.py:623} INFO - DAG(s) dict_keys(['example_complex']) retrieved from /home/airflow/.local/lib/python3.8/site-packages/airflow/example_dags/example_complex.py
[2021-09-14 18:37:05,407] {logging_mixin.py:109} INFO - [2021-09-14 18:37:05,406] {dag.py:1833} INFO - Sync 1 DAGs
[2021-09-14 18:37:05,423] {logging_mixin.py:109} INFO - [2021-09-14 18:37:05,422] {dag.py:2306} INFO - Setting next_dagrun for example_complex to None
[2021-09-14 18:37:05,436] {processor.py:170} INFO - Processing /home/airflow/.local/lib/python3.8/site-packages/airflow/example_dags/example_complex.py took 0.074 seconds
[2021-09-14 18:37:35,835] {processor.py:162} INFO - Started process (PID=735) to work on /home/airflow/.local/lib/python3.8/site-packages/airflow/example_dags/example_complex.py
[2021-09-14 18:37:35,836] {processor.py:613} INFO - Processing file /home/airflow/.local/lib/python3.8/site-packages/airflow/example_dags/example_complex.py for tasks to queue
[2021-09-14 18:37:35,837] {logging_mixin.py:109} INFO - [2021-09-14 18:37:35,837] {dagbag.py:496} INFO - Filling up the DagBag from /home/airflow/.local/lib/python3.8/site-packages/airflow/example_dags/example_complex.py
[2021-09-14 18:37:35,852] {processor.py:623} INFO - DAG(s) dict_keys(['example_complex']) retrieved from /home/airflow/.local/lib/python3.8/site-packages/airflow/example_dags/example_complex.py
[2021-09-14 18:37:35,881] {logging_mixin.py:109} INFO - [2021-09-14 18:37:35,881] {dag.py:1833} INFO - Sync 1 DAGs
[2021-09-14 18:37:35,897] {logging_mixin.py:109} INFO - [2021-09-14 18:37:35,897] {dag.py:2306} INFO - Setting next_dagrun for example_complex to None
[2021-09-14 18:37:35,911] {processor.py:170} INFO - Processing /home/airflow/.local/lib/python3.8/site-packages/airflow/example_dags/example_complex.py took 0.079 seconds
[2021-09-14 18:38:06,427] {processor.py:162} INFO - Started process (PID=791) to work on /home/airflow/.local/lib/python3.8/site-packages/airflow/example_dags/example_complex.py
[2021-09-14 18:38:06,428] {processor.py:613} INFO - Processing file /home/airflow/.local/lib/python3.8/site-packages/airflow/example_dags/example_complex.py for tasks to queue
[2021-09-14 18:38:06,429] {logging_mixin.py:109} INFO - [2021-09-14 18:38:06,429] {dagbag.py:496} INFO - Filling up the DagBag from /home/airflow/.local/lib/python3.8/site-packages/airflow/example_dags/example_complex.py
[2021-09-14 18:38:06,448] {processor.py:623} INFO - DAG(s) dict_keys(['example_complex']) retrieved from /home/airflow/.local/lib/python3.8/site-packages/airflow/example_dags/example_complex.py
[2021-09-14 18:38:06,488] {logging_mixin.py:109} INFO - [2021-09-14 18:38:06,488] {dag.py:1833} INFO - Sync 1 DAGs
[2021-09-14 18:38:06,503] {logging_mixin.py:109} INFO - [2021-09-14 18:38:06,502] {dag.py:2306} INFO - Setting next_dagrun for example_complex to None
[2021-09-14 18:38:06,513] {processor.py:170} INFO - Processing /home/airflow/.local/lib/python3.8/site-packages/airflow/example_dags/example_complex.py took 0.090 seconds
[2021-09-14 18:38:37,198] {processor.py:162} INFO - Started process (PID=838) to work on /home/airflow/.local/lib/python3.8/site-packages/airflow/example_dags/example_complex.py
[2021-09-14 18:38:37,199] {processor.py:613} INFO - Processing file /home/airflow/.local/lib/python3.8/site-packages/airflow/example_dags/example_complex.py for tasks to queue
[2021-09-14 18:38:37,200] {logging_mixin.py:109} INFO - [2021-09-14 18:38:37,200] {dagbag.py:496} INFO - Filling up the DagBag from /home/airflow/.local/lib/python3.8/site-packages/airflow/example_dags/example_complex.py
[2021-09-14 18:38:37,219] {processor.py:623} INFO - DAG(s) dict_keys(['example_complex']) retrieved from /home/airflow/.local/lib/python3.8/site-packages/airflow/example_dags/example_complex.py
[2021-09-14 18:38:37,256] {logging_mixin.py:109} INFO - [2021-09-14 18:38:37,256] {dag.py:1833} INFO - Sync 1 DAGs
[2021-09-14 18:38:37,271] {logging_mixin.py:109} INFO - [2021-09-14 18:38:37,271] {dag.py:2306} INFO - Setting next_dagrun for example_complex to None
[2021-09-14 18:38:37,283] {processor.py:170} INFO - Processing /home/airflow/.local/lib/python3.8/site-packages/airflow/example_dags/example_complex.py took 0.089 seconds
[2021-09-14 18:39:07,775] {processor.py:162} INFO - Started process (PID=896) to work on /home/airflow/.local/lib/python3.8/site-packages/airflow/example_dags/example_complex.py
[2021-09-14 18:39:07,776] {processor.py:613} INFO - Processing file /home/airflow/.local/lib/python3.8/site-packages/airflow/example_dags/example_complex.py for tasks to queue
[2021-09-14 18:39:07,777] {logging_mixin.py:109} INFO - [2021-09-14 18:39:07,777] {dagbag.py:496} INFO - Filling up the DagBag from /home/airflow/.local/lib/python3.8/site-packages/airflow/example_dags/example_complex.py
[2021-09-14 18:39:07,797] {processor.py:623} INFO - DAG(s) dict_keys(['example_complex']) retrieved from /home/airflow/.local/lib/python3.8/site-packages/airflow/example_dags/example_complex.py
[2021-09-14 18:39:07,821] {logging_mixin.py:109} INFO - [2021-09-14 18:39:07,821] {dag.py:1833} INFO - Sync 1 DAGs
[2021-09-14 18:39:07,835] {logging_mixin.py:109} INFO - [2021-09-14 18:39:07,835] {dag.py:2306} INFO - Setting next_dagrun for example_complex to None
[2021-09-14 18:39:07,846] {processor.py:170} INFO - Processing /home/airflow/.local/lib/python3.8/site-packages/airflow/example_dags/example_complex.py took 0.074 seconds
[2021-09-14 18:39:37,958] {processor.py:162} INFO - Started process (PID=942) to work on /home/airflow/.local/lib/python3.8/site-packages/airflow/example_dags/example_complex.py
[2021-09-14 18:39:37,959] {processor.py:613} INFO - Processing file /home/airflow/.local/lib/python3.8/site-packages/airflow/example_dags/example_complex.py for tasks to queue
[2021-09-14 18:39:37,960] {logging_mixin.py:109} INFO - [2021-09-14 18:39:37,959] {dagbag.py:496} INFO - Filling up the DagBag from /home/airflow/.local/lib/python3.8/site-packages/airflow/example_dags/example_complex.py
[2021-09-14 18:39:37,973] {processor.py:623} INFO - DAG(s) dict_keys(['example_complex']) retrieved from /home/airflow/.local/lib/python3.8/site-packages/airflow/example_dags/example_complex.py
[2021-09-14 18:39:37,996] {logging_mixin.py:109} INFO - [2021-09-14 18:39:37,995] {dag.py:1833} INFO - Sync 1 DAGs
[2021-09-14 18:39:38,006] {logging_mixin.py:109} INFO - [2021-09-14 18:39:38,006] {dag.py:2306} INFO - Setting next_dagrun for example_complex to None
[2021-09-14 18:39:38,013] {processor.py:170} INFO - Processing /home/airflow/.local/lib/python3.8/site-packages/airflow/example_dags/example_complex.py took 0.057 seconds
[2021-09-14 18:40:08,330] {processor.py:162} INFO - Started process (PID=1000) to work on /home/airflow/.local/lib/python3.8/site-packages/airflow/example_dags/example_complex.py
[2021-09-14 18:40:08,331] {processor.py:613} INFO - Processing file /home/airflow/.local/lib/python3.8/site-packages/airflow/example_dags/example_complex.py for tasks to queue
[2021-09-14 18:40:08,331] {logging_mixin.py:109} INFO - [2021-09-14 18:40:08,331] {dagbag.py:496} INFO - Filling up the DagBag from /home/airflow/.local/lib/python3.8/site-packages/airflow/example_dags/example_complex.py
[2021-09-14 18:40:08,345] {processor.py:623} INFO - DAG(s) dict_keys(['example_complex']) retrieved from /home/airflow/.local/lib/python3.8/site-packages/airflow/example_dags/example_complex.py
[2021-09-14 18:40:08,363] {logging_mixin.py:109} INFO - [2021-09-14 18:40:08,363] {dag.py:1833} INFO - Sync 1 DAGs
[2021-09-14 18:40:08,377] {logging_mixin.py:109} INFO - [2021-09-14 18:40:08,377] {dag.py:2306} INFO - Setting next_dagrun for example_complex to None
[2021-09-14 18:40:08,385] {processor.py:170} INFO - Processing /home/airflow/.local/lib/python3.8/site-packages/airflow/example_dags/example_complex.py took 0.057 seconds
[2021-09-14 18:40:38,722] {processor.py:162} INFO - Started process (PID=1049) to work on /home/airflow/.local/lib/python3.8/site-packages/airflow/example_dags/example_complex.py
[2021-09-14 18:40:38,723] {processor.py:613} INFO - Processing file /home/airflow/.local/lib/python3.8/site-packages/airflow/example_dags/example_complex.py for tasks to queue
[2021-09-14 18:40:38,723] {logging_mixin.py:109} INFO - [2021-09-14 18:40:38,723] {dagbag.py:496} INFO - Filling up the DagBag from /home/airflow/.local/lib/python3.8/site-packages/airflow/example_dags/example_complex.py
[2021-09-14 18:40:38,737] {processor.py:623} INFO - DAG(s) dict_keys(['example_complex']) retrieved from /home/airflow/.local/lib/python3.8/site-packages/airflow/example_dags/example_complex.py
[2021-09-14 18:40:38,761] {logging_mixin.py:109} INFO - [2021-09-14 18:40:38,761] {dag.py:1833} INFO - Sync 1 DAGs
[2021-09-14 18:40:38,777] {logging_mixin.py:109} INFO - [2021-09-14 18:40:38,777] {dag.py:2306} INFO - Setting next_dagrun for example_complex to None
[2021-09-14 18:40:38,787] {processor.py:170} INFO - Processing /home/airflow/.local/lib/python3.8/site-packages/airflow/example_dags/example_complex.py took 0.068 seconds
[2021-09-14 18:41:09,322] {processor.py:162} INFO - Started process (PID=1106) to work on /home/airflow/.local/lib/python3.8/site-packages/airflow/example_dags/example_complex.py
[2021-09-14 18:41:09,323] {processor.py:613} INFO - Processing file /home/airflow/.local/lib/python3.8/site-packages/airflow/example_dags/example_complex.py for tasks to queue
[2021-09-14 18:41:09,324] {logging_mixin.py:109} INFO - [2021-09-14 18:41:09,324] {dagbag.py:496} INFO - Filling up the DagBag from /home/airflow/.local/lib/python3.8/site-packages/airflow/example_dags/example_complex.py
[2021-09-14 18:41:09,341] {processor.py:623} INFO - DAG(s) dict_keys(['example_complex']) retrieved from /home/airflow/.local/lib/python3.8/site-packages/airflow/example_dags/example_complex.py
[2021-09-14 18:41:09,365] {logging_mixin.py:109} INFO - [2021-09-14 18:41:09,365] {dag.py:1833} INFO - Sync 1 DAGs
[2021-09-14 18:41:09,376] {logging_mixin.py:109} INFO - [2021-09-14 18:41:09,376] {dag.py:2306} INFO - Setting next_dagrun for example_complex to None
[2021-09-14 18:41:09,383] {processor.py:170} INFO - Processing /home/airflow/.local/lib/python3.8/site-packages/airflow/example_dags/example_complex.py took 0.065 seconds
[2021-09-14 18:41:39,789] {processor.py:162} INFO - Started process (PID=1163) to work on /home/airflow/.local/lib/python3.8/site-packages/airflow/example_dags/example_complex.py
[2021-09-14 18:41:39,790] {processor.py:613} INFO - Processing file /home/airflow/.local/lib/python3.8/site-packages/airflow/example_dags/example_complex.py for tasks to queue
[2021-09-14 18:41:39,791] {logging_mixin.py:109} INFO - [2021-09-14 18:41:39,790] {dagbag.py:496} INFO - Filling up the DagBag from /home/airflow/.local/lib/python3.8/site-packages/airflow/example_dags/example_complex.py
[2021-09-14 18:41:39,806] {processor.py:623} INFO - DAG(s) dict_keys(['example_complex']) retrieved from /home/airflow/.local/lib/python3.8/site-packages/airflow/example_dags/example_complex.py
[2021-09-14 18:41:39,834] {logging_mixin.py:109} INFO - [2021-09-14 18:41:39,834] {dag.py:1833} INFO - Sync 1 DAGs
[2021-09-14 18:41:39,852] {logging_mixin.py:109} INFO - [2021-09-14 18:41:39,852] {dag.py:2306} INFO - Setting next_dagrun for example_complex to None
[2021-09-14 18:41:39,869] {processor.py:170} INFO - Processing /home/airflow/.local/lib/python3.8/site-packages/airflow/example_dags/example_complex.py took 0.083 seconds
[2021-09-14 18:42:10,030] {processor.py:162} INFO - Started process (PID=1211) to work on /home/airflow/.local/lib/python3.8/site-packages/airflow/example_dags/example_complex.py
[2021-09-14 18:42:10,031] {processor.py:613} INFO - Processing file /home/airflow/.local/lib/python3.8/site-packages/airflow/example_dags/example_complex.py for tasks to queue
[2021-09-14 18:42:10,032] {logging_mixin.py:109} INFO - [2021-09-14 18:42:10,032] {dagbag.py:496} INFO - Filling up the DagBag from /home/airflow/.local/lib/python3.8/site-packages/airflow/example_dags/example_complex.py
[2021-09-14 18:42:10,045] {processor.py:623} INFO - DAG(s) dict_keys(['example_complex']) retrieved from /home/airflow/.local/lib/python3.8/site-packages/airflow/example_dags/example_complex.py
[2021-09-14 18:42:10,065] {logging_mixin.py:109} INFO - [2021-09-14 18:42:10,065] {dag.py:1833} INFO - Sync 1 DAGs
[2021-09-14 18:42:10,076] {logging_mixin.py:109} INFO - [2021-09-14 18:42:10,076] {dag.py:2306} INFO - Setting next_dagrun for example_complex to None
[2021-09-14 18:42:10,086] {processor.py:170} INFO - Processing /home/airflow/.local/lib/python3.8/site-packages/airflow/example_dags/example_complex.py took 0.058 seconds
[2021-09-14 18:42:40,524] {processor.py:162} INFO - Started process (PID=1269) to work on /home/airflow/.local/lib/python3.8/site-packages/airflow/example_dags/example_complex.py
[2021-09-14 18:42:40,525] {processor.py:613} INFO - Processing file /home/airflow/.local/lib/python3.8/site-packages/airflow/example_dags/example_complex.py for tasks to queue
[2021-09-14 18:42:40,526] {logging_mixin.py:109} INFO - [2021-09-14 18:42:40,526] {dagbag.py:496} INFO - Filling up the DagBag from /home/airflow/.local/lib/python3.8/site-packages/airflow/example_dags/example_complex.py
[2021-09-14 18:42:40,539] {processor.py:623} INFO - DAG(s) dict_keys(['example_complex']) retrieved from /home/airflow/.local/lib/python3.8/site-packages/airflow/example_dags/example_complex.py
[2021-09-14 18:42:40,564] {logging_mixin.py:109} INFO - [2021-09-14 18:42:40,564] {dag.py:1833} INFO - Sync 1 DAGs
[2021-09-14 18:42:40,578] {logging_mixin.py:109} INFO - [2021-09-14 18:42:40,578] {dag.py:2306} INFO - Setting next_dagrun for example_complex to None
[2021-09-14 18:42:40,586] {processor.py:170} INFO - Processing /home/airflow/.local/lib/python3.8/site-packages/airflow/example_dags/example_complex.py took 0.065 seconds
[2021-09-14 18:43:10,710] {processor.py:162} INFO - Started process (PID=1317) to work on /home/airflow/.local/lib/python3.8/site-packages/airflow/example_dags/example_complex.py
[2021-09-14 18:43:10,711] {processor.py:613} INFO - Processing file /home/airflow/.local/lib/python3.8/site-packages/airflow/example_dags/example_complex.py for tasks to queue
[2021-09-14 18:43:10,712] {logging_mixin.py:109} INFO - [2021-09-14 18:43:10,711] {dagbag.py:496} INFO - Filling up the DagBag from /home/airflow/.local/lib/python3.8/site-packages/airflow/example_dags/example_complex.py
[2021-09-14 18:43:10,731] {processor.py:623} INFO - DAG(s) dict_keys(['example_complex']) retrieved from /home/airflow/.local/lib/python3.8/site-packages/airflow/example_dags/example_complex.py
[2021-09-14 18:43:10,754] {logging_mixin.py:109} INFO - [2021-09-14 18:43:10,754] {dag.py:1833} INFO - Sync 1 DAGs
[2021-09-14 18:43:10,766] {logging_mixin.py:109} INFO - [2021-09-14 18:43:10,766] {dag.py:2306} INFO - Setting next_dagrun for example_complex to None
[2021-09-14 18:43:10,773] {processor.py:170} INFO - Processing /home/airflow/.local/lib/python3.8/site-packages/airflow/example_dags/example_complex.py took 0.067 seconds
[2021-09-14 18:43:41,251] {processor.py:162} INFO - Started process (PID=1375) to work on /home/airflow/.local/lib/python3.8/site-packages/airflow/example_dags/example_complex.py
[2021-09-14 18:43:41,253] {processor.py:613} INFO - Processing file /home/airflow/.local/lib/python3.8/site-packages/airflow/example_dags/example_complex.py for tasks to queue
[2021-09-14 18:43:41,253] {logging_mixin.py:109} INFO - [2021-09-14 18:43:41,253] {dagbag.py:496} INFO - Filling up the DagBag from /home/airflow/.local/lib/python3.8/site-packages/airflow/example_dags/example_complex.py
[2021-09-14 18:43:41,266] {processor.py:623} INFO - DAG(s) dict_keys(['example_complex']) retrieved from /home/airflow/.local/lib/python3.8/site-packages/airflow/example_dags/example_complex.py
[2021-09-14 18:43:41,284] {logging_mixin.py:109} INFO - [2021-09-14 18:43:41,284] {dag.py:1833} INFO - Sync 1 DAGs
[2021-09-14 18:43:41,294] {logging_mixin.py:109} INFO - [2021-09-14 18:43:41,294] {dag.py:2306} INFO - Setting next_dagrun for example_complex to None
[2021-09-14 18:43:41,303] {processor.py:170} INFO - Processing /home/airflow/.local/lib/python3.8/site-packages/airflow/example_dags/example_complex.py took 0.054 seconds
[2021-09-14 18:44:12,149] {processor.py:162} INFO - Started process (PID=1431) to work on /home/airflow/.local/lib/python3.8/site-packages/airflow/example_dags/example_complex.py
[2021-09-14 18:44:12,150] {processor.py:613} INFO - Processing file /home/airflow/.local/lib/python3.8/site-packages/airflow/example_dags/example_complex.py for tasks to queue
[2021-09-14 18:44:12,150] {logging_mixin.py:109} INFO - [2021-09-14 18:44:12,150] {dagbag.py:496} INFO - Filling up the DagBag from /home/airflow/.local/lib/python3.8/site-packages/airflow/example_dags/example_complex.py
[2021-09-14 18:44:12,164] {processor.py:623} INFO - DAG(s) dict_keys(['example_complex']) retrieved from /home/airflow/.local/lib/python3.8/site-packages/airflow/example_dags/example_complex.py
[2021-09-14 18:44:12,182] {logging_mixin.py:109} INFO - [2021-09-14 18:44:12,182] {dag.py:1833} INFO - Sync 1 DAGs
[2021-09-14 18:44:12,191] {logging_mixin.py:109} INFO - [2021-09-14 18:44:12,191] {dag.py:2306} INFO - Setting next_dagrun for example_complex to None
[2021-09-14 18:44:12,200] {processor.py:170} INFO - Processing /home/airflow/.local/lib/python3.8/site-packages/airflow/example_dags/example_complex.py took 0.054 seconds
[2021-09-14 18:44:42,583] {processor.py:162} INFO - Started process (PID=1478) to work on /home/airflow/.local/lib/python3.8/site-packages/airflow/example_dags/example_complex.py
[2021-09-14 18:44:42,584] {processor.py:613} INFO - Processing file /home/airflow/.local/lib/python3.8/site-packages/airflow/example_dags/example_complex.py for tasks to queue
[2021-09-14 18:44:42,584] {logging_mixin.py:109} INFO - [2021-09-14 18:44:42,584] {dagbag.py:496} INFO - Filling up the DagBag from /home/airflow/.local/lib/python3.8/site-packages/airflow/example_dags/example_complex.py
[2021-09-14 18:44:42,598] {processor.py:623} INFO - DAG(s) dict_keys(['example_complex']) retrieved from /home/airflow/.local/lib/python3.8/site-packages/airflow/example_dags/example_complex.py
[2021-09-14 18:44:42,616] {logging_mixin.py:109} INFO - [2021-09-14 18:44:42,616] {dag.py:1833} INFO - Sync 1 DAGs
[2021-09-14 18:44:42,626] {logging_mixin.py:109} INFO - [2021-09-14 18:44:42,626] {dag.py:2306} INFO - Setting next_dagrun for example_complex to None
[2021-09-14 18:44:42,635] {processor.py:170} INFO - Processing /home/airflow/.local/lib/python3.8/site-packages/airflow/example_dags/example_complex.py took 0.055 seconds
[2021-09-14 18:45:12,820] {processor.py:162} INFO - Started process (PID=1534) to work on /home/airflow/.local/lib/python3.8/site-packages/airflow/example_dags/example_complex.py
[2021-09-14 18:45:12,821] {processor.py:613} INFO - Processing file /home/airflow/.local/lib/python3.8/site-packages/airflow/example_dags/example_complex.py for tasks to queue
[2021-09-14 18:45:12,822] {logging_mixin.py:109} INFO - [2021-09-14 18:45:12,822] {dagbag.py:496} INFO - Filling up the DagBag from /home/airflow/.local/lib/python3.8/site-packages/airflow/example_dags/example_complex.py
[2021-09-14 18:45:12,844] {processor.py:623} INFO - DAG(s) dict_keys(['example_complex']) retrieved from /home/airflow/.local/lib/python3.8/site-packages/airflow/example_dags/example_complex.py
[2021-09-14 18:45:12,873] {logging_mixin.py:109} INFO - [2021-09-14 18:45:12,873] {dag.py:1833} INFO - Sync 1 DAGs
[2021-09-14 18:45:12,889] {logging_mixin.py:109} INFO - [2021-09-14 18:45:12,889] {dag.py:2306} INFO - Setting next_dagrun for example_complex to None
[2021-09-14 18:45:12,899] {processor.py:170} INFO - Processing /home/airflow/.local/lib/python3.8/site-packages/airflow/example_dags/example_complex.py took 0.082 seconds
[2021-09-14 18:45:43,159] {processor.py:162} INFO - Started process (PID=1589) to work on /home/airflow/.local/lib/python3.8/site-packages/airflow/example_dags/example_complex.py
[2021-09-14 18:45:43,160] {processor.py:613} INFO - Processing file /home/airflow/.local/lib/python3.8/site-packages/airflow/example_dags/example_complex.py for tasks to queue
[2021-09-14 18:45:43,160] {logging_mixin.py:109} INFO - [2021-09-14 18:45:43,160] {dagbag.py:496} INFO - Filling up the DagBag from /home/airflow/.local/lib/python3.8/site-packages/airflow/example_dags/example_complex.py
[2021-09-14 18:45:43,175] {processor.py:623} INFO - DAG(s) dict_keys(['example_complex']) retrieved from /home/airflow/.local/lib/python3.8/site-packages/airflow/example_dags/example_complex.py
[2021-09-14 18:45:43,200] {logging_mixin.py:109} INFO - [2021-09-14 18:45:43,199] {dag.py:1833} INFO - Sync 1 DAGs
[2021-09-14 18:45:43,211] {logging_mixin.py:109} INFO - [2021-09-14 18:45:43,211] {dag.py:2306} INFO - Setting next_dagrun for example_complex to None
[2021-09-14 18:45:43,219] {processor.py:170} INFO - Processing /home/airflow/.local/lib/python3.8/site-packages/airflow/example_dags/example_complex.py took 0.062 seconds
[2021-09-14 18:46:13,738] {processor.py:162} INFO - Started process (PID=1632) to work on /home/airflow/.local/lib/python3.8/site-packages/airflow/example_dags/example_complex.py
[2021-09-14 18:46:13,739] {processor.py:613} INFO - Processing file /home/airflow/.local/lib/python3.8/site-packages/airflow/example_dags/example_complex.py for tasks to queue
[2021-09-14 18:46:13,739] {logging_mixin.py:109} INFO - [2021-09-14 18:46:13,739] {dagbag.py:496} INFO - Filling up the DagBag from /home/airflow/.local/lib/python3.8/site-packages/airflow/example_dags/example_complex.py
[2021-09-14 18:46:13,754] {processor.py:623} INFO - DAG(s) dict_keys(['example_complex']) retrieved from /home/airflow/.local/lib/python3.8/site-packages/airflow/example_dags/example_complex.py
[2021-09-14 18:46:13,773] {logging_mixin.py:109} INFO - [2021-09-14 18:46:13,773] {dag.py:1833} INFO - Sync 1 DAGs
[2021-09-14 18:46:13,783] {logging_mixin.py:109} INFO - [2021-09-14 18:46:13,783] {dag.py:2306} INFO - Setting next_dagrun for example_complex to None
[2021-09-14 18:46:13,794] {processor.py:170} INFO - Processing /home/airflow/.local/lib/python3.8/site-packages/airflow/example_dags/example_complex.py took 0.059 seconds
[2021-09-14 18:46:44,704] {processor.py:162} INFO - Started process (PID=1687) to work on /home/airflow/.local/lib/python3.8/site-packages/airflow/example_dags/example_complex.py
[2021-09-14 18:46:44,706] {processor.py:613} INFO - Processing file /home/airflow/.local/lib/python3.8/site-packages/airflow/example_dags/example_complex.py for tasks to queue
[2021-09-14 18:46:44,706] {logging_mixin.py:109} INFO - [2021-09-14 18:46:44,706] {dagbag.py:496} INFO - Filling up the DagBag from /home/airflow/.local/lib/python3.8/site-packages/airflow/example_dags/example_complex.py
[2021-09-14 18:46:44,727] {processor.py:623} INFO - DAG(s) dict_keys(['example_complex']) retrieved from /home/airflow/.local/lib/python3.8/site-packages/airflow/example_dags/example_complex.py
[2021-09-14 18:46:44,754] {logging_mixin.py:109} INFO - [2021-09-14 18:46:44,754] {dag.py:1833} INFO - Sync 1 DAGs
[2021-09-14 18:46:44,770] {logging_mixin.py:109} INFO - [2021-09-14 18:46:44,770] {dag.py:2306} INFO - Setting next_dagrun for example_complex to None
[2021-09-14 18:46:44,780] {processor.py:170} INFO - Processing /home/airflow/.local/lib/python3.8/site-packages/airflow/example_dags/example_complex.py took 0.079 seconds
[2021-09-14 18:47:15,064] {processor.py:162} INFO - Started process (PID=1734) to work on /home/airflow/.local/lib/python3.8/site-packages/airflow/example_dags/example_complex.py
[2021-09-14 18:47:15,065] {processor.py:613} INFO - Processing file /home/airflow/.local/lib/python3.8/site-packages/airflow/example_dags/example_complex.py for tasks to queue
[2021-09-14 18:47:15,065] {logging_mixin.py:109} INFO - [2021-09-14 18:47:15,065] {dagbag.py:496} INFO - Filling up the DagBag from /home/airflow/.local/lib/python3.8/site-packages/airflow/example_dags/example_complex.py
[2021-09-14 18:47:15,079] {processor.py:623} INFO - DAG(s) dict_keys(['example_complex']) retrieved from /home/airflow/.local/lib/python3.8/site-packages/airflow/example_dags/example_complex.py
[2021-09-14 18:47:15,097] {logging_mixin.py:109} INFO - [2021-09-14 18:47:15,097] {dag.py:1833} INFO - Sync 1 DAGs
[2021-09-14 18:47:15,109] {logging_mixin.py:109} INFO - [2021-09-14 18:47:15,109] {dag.py:2306} INFO - Setting next_dagrun for example_complex to None
[2021-09-14 18:47:15,116] {processor.py:170} INFO - Processing /home/airflow/.local/lib/python3.8/site-packages/airflow/example_dags/example_complex.py took 0.055 seconds
[2021-09-14 18:47:45,801] {processor.py:162} INFO - Started process (PID=1792) to work on /home/airflow/.local/lib/python3.8/site-packages/airflow/example_dags/example_complex.py
[2021-09-14 18:47:45,802] {processor.py:613} INFO - Processing file /home/airflow/.local/lib/python3.8/site-packages/airflow/example_dags/example_complex.py for tasks to queue
[2021-09-14 18:47:45,803] {logging_mixin.py:109} INFO - [2021-09-14 18:47:45,803] {dagbag.py:496} INFO - Filling up the DagBag from /home/airflow/.local/lib/python3.8/site-packages/airflow/example_dags/example_complex.py
[2021-09-14 18:47:45,833] {processor.py:623} INFO - DAG(s) dict_keys(['example_complex']) retrieved from /home/airflow/.local/lib/python3.8/site-packages/airflow/example_dags/example_complex.py
[2021-09-14 18:47:45,878] {logging_mixin.py:109} INFO - [2021-09-14 18:47:45,878] {dag.py:1833} INFO - Sync 1 DAGs
[2021-09-14 18:47:45,894] {logging_mixin.py:109} INFO - [2021-09-14 18:47:45,894] {dag.py:2306} INFO - Setting next_dagrun for example_complex to None
[2021-09-14 18:47:45,905] {processor.py:170} INFO - Processing /home/airflow/.local/lib/python3.8/site-packages/airflow/example_dags/example_complex.py took 0.108 seconds
[2021-09-14 18:48:16,153] {processor.py:162} INFO - Started process (PID=1847) to work on /home/airflow/.local/lib/python3.8/site-packages/airflow/example_dags/example_complex.py
[2021-09-14 18:48:16,154] {processor.py:613} INFO - Processing file /home/airflow/.local/lib/python3.8/site-packages/airflow/example_dags/example_complex.py for tasks to queue
[2021-09-14 18:48:16,154] {logging_mixin.py:109} INFO - [2021-09-14 18:48:16,154] {dagbag.py:496} INFO - Filling up the DagBag from /home/airflow/.local/lib/python3.8/site-packages/airflow/example_dags/example_complex.py
[2021-09-14 18:48:16,175] {processor.py:623} INFO - DAG(s) dict_keys(['example_complex']) retrieved from /home/airflow/.local/lib/python3.8/site-packages/airflow/example_dags/example_complex.py
[2021-09-14 18:48:16,197] {logging_mixin.py:109} INFO - [2021-09-14 18:48:16,197] {dag.py:1833} INFO - Sync 1 DAGs
[2021-09-14 18:48:16,211] {logging_mixin.py:109} INFO - [2021-09-14 18:48:16,211] {dag.py:2306} INFO - Setting next_dagrun for example_complex to None
[2021-09-14 18:48:16,218] {processor.py:170} INFO - Processing /home/airflow/.local/lib/python3.8/site-packages/airflow/example_dags/example_complex.py took 0.068 seconds
[2021-09-14 18:48:46,707] {processor.py:162} INFO - Started process (PID=1896) to work on /home/airflow/.local/lib/python3.8/site-packages/airflow/example_dags/example_complex.py
[2021-09-14 18:48:46,711] {processor.py:613} INFO - Processing file /home/airflow/.local/lib/python3.8/site-packages/airflow/example_dags/example_complex.py for tasks to queue
[2021-09-14 18:48:46,712] {logging_mixin.py:109} INFO - [2021-09-14 18:48:46,712] {dagbag.py:496} INFO - Filling up the DagBag from /home/airflow/.local/lib/python3.8/site-packages/airflow/example_dags/example_complex.py
[2021-09-14 18:48:46,732] {processor.py:623} INFO - DAG(s) dict_keys(['example_complex']) retrieved from /home/airflow/.local/lib/python3.8/site-packages/airflow/example_dags/example_complex.py
[2021-09-14 18:48:46,773] {logging_mixin.py:109} INFO - [2021-09-14 18:48:46,773] {dag.py:1833} INFO - Sync 1 DAGs
[2021-09-14 18:48:46,791] {logging_mixin.py:109} INFO - [2021-09-14 18:48:46,791] {dag.py:2306} INFO - Setting next_dagrun for example_complex to None
[2021-09-14 18:48:46,801] {processor.py:170} INFO - Processing /home/airflow/.local/lib/python3.8/site-packages/airflow/example_dags/example_complex.py took 0.097 seconds
[2021-09-14 18:49:17,472] {processor.py:162} INFO - Started process (PID=1952) to work on /home/airflow/.local/lib/python3.8/site-packages/airflow/example_dags/example_complex.py
[2021-09-14 18:49:17,473] {processor.py:613} INFO - Processing file /home/airflow/.local/lib/python3.8/site-packages/airflow/example_dags/example_complex.py for tasks to queue
[2021-09-14 18:49:17,474] {logging_mixin.py:109} INFO - [2021-09-14 18:49:17,474] {dagbag.py:496} INFO - Filling up the DagBag from /home/airflow/.local/lib/python3.8/site-packages/airflow/example_dags/example_complex.py
[2021-09-14 18:49:17,493] {processor.py:623} INFO - DAG(s) dict_keys(['example_complex']) retrieved from /home/airflow/.local/lib/python3.8/site-packages/airflow/example_dags/example_complex.py
[2021-09-14 18:49:17,530] {logging_mixin.py:109} INFO - [2021-09-14 18:49:17,530] {dag.py:1833} INFO - Sync 1 DAGs
[2021-09-14 18:49:17,551] {logging_mixin.py:109} INFO - [2021-09-14 18:49:17,551] {dag.py:2306} INFO - Setting next_dagrun for example_complex to None
[2021-09-14 18:49:17,559] {processor.py:170} INFO - Processing /home/airflow/.local/lib/python3.8/site-packages/airflow/example_dags/example_complex.py took 0.090 seconds
[2021-09-14 18:49:47,821] {processor.py:162} INFO - Started process (PID=1999) to work on /home/airflow/.local/lib/python3.8/site-packages/airflow/example_dags/example_complex.py
[2021-09-14 18:49:47,828] {processor.py:613} INFO - Processing file /home/airflow/.local/lib/python3.8/site-packages/airflow/example_dags/example_complex.py for tasks to queue
[2021-09-14 18:49:47,829] {logging_mixin.py:109} INFO - [2021-09-14 18:49:47,829] {dagbag.py:496} INFO - Filling up the DagBag from /home/airflow/.local/lib/python3.8/site-packages/airflow/example_dags/example_complex.py
[2021-09-14 18:49:47,889] {processor.py:623} INFO - DAG(s) dict_keys(['example_complex']) retrieved from /home/airflow/.local/lib/python3.8/site-packages/airflow/example_dags/example_complex.py
[2021-09-14 18:49:47,980] {logging_mixin.py:109} INFO - [2021-09-14 18:49:47,980] {dag.py:1833} INFO - Sync 1 DAGs
[2021-09-14 18:49:47,997] {logging_mixin.py:109} INFO - [2021-09-14 18:49:47,996] {dag.py:2306} INFO - Setting next_dagrun for example_complex to None
[2021-09-14 18:49:48,012] {processor.py:170} INFO - Processing /home/airflow/.local/lib/python3.8/site-packages/airflow/example_dags/example_complex.py took 0.194 seconds
[2021-09-14 18:50:18,982] {processor.py:162} INFO - Started process (PID=2054) to work on /home/airflow/.local/lib/python3.8/site-packages/airflow/example_dags/example_complex.py
[2021-09-14 18:50:18,983] {processor.py:613} INFO - Processing file /home/airflow/.local/lib/python3.8/site-packages/airflow/example_dags/example_complex.py for tasks to queue
[2021-09-14 18:50:18,984] {logging_mixin.py:109} INFO - [2021-09-14 18:50:18,984] {dagbag.py:496} INFO - Filling up the DagBag from /home/airflow/.local/lib/python3.8/site-packages/airflow/example_dags/example_complex.py
[2021-09-14 18:50:18,998] {processor.py:623} INFO - DAG(s) dict_keys(['example_complex']) retrieved from /home/airflow/.local/lib/python3.8/site-packages/airflow/example_dags/example_complex.py
[2021-09-14 18:50:19,018] {logging_mixin.py:109} INFO - [2021-09-14 18:50:19,018] {dag.py:1833} INFO - Sync 1 DAGs
[2021-09-14 18:50:19,032] {logging_mixin.py:109} INFO - [2021-09-14 18:50:19,031] {dag.py:2306} INFO - Setting next_dagrun for example_complex to None
[2021-09-14 18:50:19,038] {processor.py:170} INFO - Processing /home/airflow/.local/lib/python3.8/site-packages/airflow/example_dags/example_complex.py took 0.058 seconds
[2021-09-14 18:50:49,500] {processor.py:162} INFO - Started process (PID=2111) to work on /home/airflow/.local/lib/python3.8/site-packages/airflow/example_dags/example_complex.py
[2021-09-14 18:50:49,503] {processor.py:613} INFO - Processing file /home/airflow/.local/lib/python3.8/site-packages/airflow/example_dags/example_complex.py for tasks to queue
[2021-09-14 18:50:49,504] {logging_mixin.py:109} INFO - [2021-09-14 18:50:49,504] {dagbag.py:496} INFO - Filling up the DagBag from /home/airflow/.local/lib/python3.8/site-packages/airflow/example_dags/example_complex.py
[2021-09-14 18:50:49,518] {processor.py:623} INFO - DAG(s) dict_keys(['example_complex']) retrieved from /home/airflow/.local/lib/python3.8/site-packages/airflow/example_dags/example_complex.py
[2021-09-14 18:50:49,550] {logging_mixin.py:109} INFO - [2021-09-14 18:50:49,550] {dag.py:1833} INFO - Sync 1 DAGs
[2021-09-14 18:50:49,572] {logging_mixin.py:109} INFO - [2021-09-14 18:50:49,571] {dag.py:2306} INFO - Setting next_dagrun for example_complex to None
[2021-09-14 18:50:49,586] {processor.py:170} INFO - Processing /home/airflow/.local/lib/python3.8/site-packages/airflow/example_dags/example_complex.py took 0.089 seconds
[2021-09-14 18:51:20,339] {processor.py:162} INFO - Started process (PID=2166) to work on /home/airflow/.local/lib/python3.8/site-packages/airflow/example_dags/example_complex.py
[2021-09-14 18:51:20,341] {processor.py:613} INFO - Processing file /home/airflow/.local/lib/python3.8/site-packages/airflow/example_dags/example_complex.py for tasks to queue
[2021-09-14 18:51:20,341] {logging_mixin.py:109} INFO - [2021-09-14 18:51:20,341] {dagbag.py:496} INFO - Filling up the DagBag from /home/airflow/.local/lib/python3.8/site-packages/airflow/example_dags/example_complex.py
[2021-09-14 18:51:20,362] {processor.py:623} INFO - DAG(s) dict_keys(['example_complex']) retrieved from /home/airflow/.local/lib/python3.8/site-packages/airflow/example_dags/example_complex.py
[2021-09-14 18:51:20,387] {logging_mixin.py:109} INFO - [2021-09-14 18:51:20,387] {dag.py:1833} INFO - Sync 1 DAGs
[2021-09-14 18:51:20,401] {logging_mixin.py:109} INFO - [2021-09-14 18:51:20,401] {dag.py:2306} INFO - Setting next_dagrun for example_complex to None
[2021-09-14 18:51:20,410] {processor.py:170} INFO - Processing /home/airflow/.local/lib/python3.8/site-packages/airflow/example_dags/example_complex.py took 0.073 seconds
[2021-09-14 18:51:51,103] {processor.py:162} INFO - Started process (PID=2222) to work on /home/airflow/.local/lib/python3.8/site-packages/airflow/example_dags/example_complex.py
[2021-09-14 18:51:51,108] {processor.py:613} INFO - Processing file /home/airflow/.local/lib/python3.8/site-packages/airflow/example_dags/example_complex.py for tasks to queue
[2021-09-14 18:51:51,109] {logging_mixin.py:109} INFO - [2021-09-14 18:51:51,109] {dagbag.py:496} INFO - Filling up the DagBag from /home/airflow/.local/lib/python3.8/site-packages/airflow/example_dags/example_complex.py
[2021-09-14 18:51:51,133] {processor.py:623} INFO - DAG(s) dict_keys(['example_complex']) retrieved from /home/airflow/.local/lib/python3.8/site-packages/airflow/example_dags/example_complex.py
[2021-09-14 18:51:51,160] {logging_mixin.py:109} INFO - [2021-09-14 18:51:51,159] {dag.py:1833} INFO - Sync 1 DAGs
[2021-09-14 18:51:51,172] {logging_mixin.py:109} INFO - [2021-09-14 18:51:51,172] {dag.py:2306} INFO - Setting next_dagrun for example_complex to None
[2021-09-14 18:51:51,178] {processor.py:170} INFO - Processing /home/airflow/.local/lib/python3.8/site-packages/airflow/example_dags/example_complex.py took 0.078 seconds
[2021-09-14 18:52:21,431] {processor.py:162} INFO - Started process (PID=2272) to work on /home/airflow/.local/lib/python3.8/site-packages/airflow/example_dags/example_complex.py
[2021-09-14 18:52:21,432] {processor.py:613} INFO - Processing file /home/airflow/.local/lib/python3.8/site-packages/airflow/example_dags/example_complex.py for tasks to queue
[2021-09-14 18:52:21,433] {logging_mixin.py:109} INFO - [2021-09-14 18:52:21,432] {dagbag.py:496} INFO - Filling up the DagBag from /home/airflow/.local/lib/python3.8/site-packages/airflow/example_dags/example_complex.py
[2021-09-14 18:52:21,476] {processor.py:623} INFO - DAG(s) dict_keys(['example_complex']) retrieved from /home/airflow/.local/lib/python3.8/site-packages/airflow/example_dags/example_complex.py
[2021-09-14 18:52:21,526] {logging_mixin.py:109} INFO - [2021-09-14 18:52:21,526] {dag.py:1833} INFO - Sync 1 DAGs
[2021-09-14 18:52:21,541] {logging_mixin.py:109} INFO - [2021-09-14 18:52:21,541] {dag.py:2306} INFO - Setting next_dagrun for example_complex to None
[2021-09-14 18:52:21,556] {processor.py:170} INFO - Processing /home/airflow/.local/lib/python3.8/site-packages/airflow/example_dags/example_complex.py took 0.129 seconds
[2021-09-14 18:52:51,795] {processor.py:162} INFO - Started process (PID=2329) to work on /home/airflow/.local/lib/python3.8/site-packages/airflow/example_dags/example_complex.py
[2021-09-14 18:52:51,796] {processor.py:613} INFO - Processing file /home/airflow/.local/lib/python3.8/site-packages/airflow/example_dags/example_complex.py for tasks to queue
[2021-09-14 18:52:51,797] {logging_mixin.py:109} INFO - [2021-09-14 18:52:51,797] {dagbag.py:496} INFO - Filling up the DagBag from /home/airflow/.local/lib/python3.8/site-packages/airflow/example_dags/example_complex.py
[2021-09-14 18:52:51,813] {processor.py:623} INFO - DAG(s) dict_keys(['example_complex']) retrieved from /home/airflow/.local/lib/python3.8/site-packages/airflow/example_dags/example_complex.py
[2021-09-14 18:52:51,874] {logging_mixin.py:109} INFO - [2021-09-14 18:52:51,874] {dag.py:1833} INFO - Sync 1 DAGs
[2021-09-14 18:52:51,900] {logging_mixin.py:109} INFO - [2021-09-14 18:52:51,900] {dag.py:2306} INFO - Setting next_dagrun for example_complex to None
[2021-09-14 18:52:51,909] {processor.py:170} INFO - Processing /home/airflow/.local/lib/python3.8/site-packages/airflow/example_dags/example_complex.py took 0.122 seconds
[2021-09-14 18:53:22,031] {processor.py:162} INFO - Started process (PID=2375) to work on /home/airflow/.local/lib/python3.8/site-packages/airflow/example_dags/example_complex.py
[2021-09-14 18:53:22,032] {processor.py:613} INFO - Processing file /home/airflow/.local/lib/python3.8/site-packages/airflow/example_dags/example_complex.py for tasks to queue
[2021-09-14 18:53:22,033] {logging_mixin.py:109} INFO - [2021-09-14 18:53:22,033] {dagbag.py:496} INFO - Filling up the DagBag from /home/airflow/.local/lib/python3.8/site-packages/airflow/example_dags/example_complex.py
[2021-09-14 18:53:22,046] {processor.py:623} INFO - DAG(s) dict_keys(['example_complex']) retrieved from /home/airflow/.local/lib/python3.8/site-packages/airflow/example_dags/example_complex.py
[2021-09-14 18:53:22,065] {logging_mixin.py:109} INFO - [2021-09-14 18:53:22,065] {dag.py:1833} INFO - Sync 1 DAGs
[2021-09-14 18:53:22,073] {logging_mixin.py:109} INFO - [2021-09-14 18:53:22,073] {dag.py:2306} INFO - Setting next_dagrun for example_complex to None
[2021-09-14 18:53:22,080] {processor.py:170} INFO - Processing /home/airflow/.local/lib/python3.8/site-packages/airflow/example_dags/example_complex.py took 0.054 seconds
[2021-09-14 18:53:52,409] {processor.py:162} INFO - Started process (PID=2430) to work on /home/airflow/.local/lib/python3.8/site-packages/airflow/example_dags/example_complex.py
[2021-09-14 18:53:52,411] {processor.py:613} INFO - Processing file /home/airflow/.local/lib/python3.8/site-packages/airflow/example_dags/example_complex.py for tasks to queue
[2021-09-14 18:53:52,411] {logging_mixin.py:109} INFO - [2021-09-14 18:53:52,411] {dagbag.py:496} INFO - Filling up the DagBag from /home/airflow/.local/lib/python3.8/site-packages/airflow/example_dags/example_complex.py
[2021-09-14 18:53:52,424] {processor.py:623} INFO - DAG(s) dict_keys(['example_complex']) retrieved from /home/airflow/.local/lib/python3.8/site-packages/airflow/example_dags/example_complex.py
[2021-09-14 18:53:52,444] {logging_mixin.py:109} INFO - [2021-09-14 18:53:52,443] {dag.py:1833} INFO - Sync 1 DAGs
[2021-09-14 18:53:52,454] {logging_mixin.py:109} INFO - [2021-09-14 18:53:52,454] {dag.py:2306} INFO - Setting next_dagrun for example_complex to None
[2021-09-14 18:53:52,466] {processor.py:170} INFO - Processing /home/airflow/.local/lib/python3.8/site-packages/airflow/example_dags/example_complex.py took 0.060 seconds
[2021-09-14 18:54:22,847] {processor.py:162} INFO - Started process (PID=2478) to work on /home/airflow/.local/lib/python3.8/site-packages/airflow/example_dags/example_complex.py
[2021-09-14 18:54:22,848] {processor.py:613} INFO - Processing file /home/airflow/.local/lib/python3.8/site-packages/airflow/example_dags/example_complex.py for tasks to queue
[2021-09-14 18:54:22,848] {logging_mixin.py:109} INFO - [2021-09-14 18:54:22,848] {dagbag.py:496} INFO - Filling up the DagBag from /home/airflow/.local/lib/python3.8/site-packages/airflow/example_dags/example_complex.py
[2021-09-14 18:54:22,863] {processor.py:623} INFO - DAG(s) dict_keys(['example_complex']) retrieved from /home/airflow/.local/lib/python3.8/site-packages/airflow/example_dags/example_complex.py
[2021-09-14 18:54:22,883] {logging_mixin.py:109} INFO - [2021-09-14 18:54:22,883] {dag.py:1833} INFO - Sync 1 DAGs
[2021-09-14 18:54:22,896] {logging_mixin.py:109} INFO - [2021-09-14 18:54:22,895] {dag.py:2306} INFO - Setting next_dagrun for example_complex to None
[2021-09-14 18:54:22,904] {processor.py:170} INFO - Processing /home/airflow/.local/lib/python3.8/site-packages/airflow/example_dags/example_complex.py took 0.060 seconds
[2021-09-14 18:54:53,123] {processor.py:162} INFO - Started process (PID=2533) to work on /home/airflow/.local/lib/python3.8/site-packages/airflow/example_dags/example_complex.py
[2021-09-14 18:54:53,124] {processor.py:613} INFO - Processing file /home/airflow/.local/lib/python3.8/site-packages/airflow/example_dags/example_complex.py for tasks to queue
[2021-09-14 18:54:53,124] {logging_mixin.py:109} INFO - [2021-09-14 18:54:53,124] {dagbag.py:496} INFO - Filling up the DagBag from /home/airflow/.local/lib/python3.8/site-packages/airflow/example_dags/example_complex.py
[2021-09-14 18:54:53,144] {processor.py:623} INFO - DAG(s) dict_keys(['example_complex']) retrieved from /home/airflow/.local/lib/python3.8/site-packages/airflow/example_dags/example_complex.py
[2021-09-14 18:54:53,179] {logging_mixin.py:109} INFO - [2021-09-14 18:54:53,179] {dag.py:1833} INFO - Sync 1 DAGs
[2021-09-14 18:54:53,194] {logging_mixin.py:109} INFO - [2021-09-14 18:54:53,194] {dag.py:2306} INFO - Setting next_dagrun for example_complex to None
[2021-09-14 18:54:53,202] {processor.py:170} INFO - Processing /home/airflow/.local/lib/python3.8/site-packages/airflow/example_dags/example_complex.py took 0.082 seconds
[2021-09-14 18:55:23,618] {processor.py:162} INFO - Started process (PID=2588) to work on /home/airflow/.local/lib/python3.8/site-packages/airflow/example_dags/example_complex.py
[2021-09-14 18:55:23,619] {processor.py:613} INFO - Processing file /home/airflow/.local/lib/python3.8/site-packages/airflow/example_dags/example_complex.py for tasks to queue
[2021-09-14 18:55:23,620] {logging_mixin.py:109} INFO - [2021-09-14 18:55:23,620] {dagbag.py:496} INFO - Filling up the DagBag from /home/airflow/.local/lib/python3.8/site-packages/airflow/example_dags/example_complex.py
[2021-09-14 18:55:23,638] {processor.py:623} INFO - DAG(s) dict_keys(['example_complex']) retrieved from /home/airflow/.local/lib/python3.8/site-packages/airflow/example_dags/example_complex.py
[2021-09-14 18:55:23,665] {logging_mixin.py:109} INFO - [2021-09-14 18:55:23,665] {dag.py:1833} INFO - Sync 1 DAGs
[2021-09-14 18:55:23,680] {logging_mixin.py:109} INFO - [2021-09-14 18:55:23,680] {dag.py:2306} INFO - Setting next_dagrun for example_complex to None
[2021-09-14 18:55:23,690] {processor.py:170} INFO - Processing /home/airflow/.local/lib/python3.8/site-packages/airflow/example_dags/example_complex.py took 0.074 seconds
[2021-09-14 18:55:54,508] {processor.py:162} INFO - Started process (PID=2635) to work on /home/airflow/.local/lib/python3.8/site-packages/airflow/example_dags/example_complex.py
[2021-09-14 18:55:54,511] {processor.py:613} INFO - Processing file /home/airflow/.local/lib/python3.8/site-packages/airflow/example_dags/example_complex.py for tasks to queue
[2021-09-14 18:55:54,513] {logging_mixin.py:109} INFO - [2021-09-14 18:55:54,513] {dagbag.py:496} INFO - Filling up the DagBag from /home/airflow/.local/lib/python3.8/site-packages/airflow/example_dags/example_complex.py
[2021-09-14 18:55:54,576] {processor.py:623} INFO - DAG(s) dict_keys(['example_complex']) retrieved from /home/airflow/.local/lib/python3.8/site-packages/airflow/example_dags/example_complex.py
[2021-09-14 18:55:54,619] {logging_mixin.py:109} INFO - [2021-09-14 18:55:54,619] {dag.py:1833} INFO - Sync 1 DAGs
[2021-09-14 18:55:54,691] {logging_mixin.py:109} INFO - [2021-09-14 18:55:54,691] {dag.py:2306} INFO - Setting next_dagrun for example_complex to None
[2021-09-14 18:55:54,709] {processor.py:170} INFO - Processing /home/airflow/.local/lib/python3.8/site-packages/airflow/example_dags/example_complex.py took 0.205 seconds
[2021-09-14 18:56:24,876] {processor.py:162} INFO - Started process (PID=2692) to work on /home/airflow/.local/lib/python3.8/site-packages/airflow/example_dags/example_complex.py
[2021-09-14 18:56:24,877] {processor.py:613} INFO - Processing file /home/airflow/.local/lib/python3.8/site-packages/airflow/example_dags/example_complex.py for tasks to queue
[2021-09-14 18:56:24,878] {logging_mixin.py:109} INFO - [2021-09-14 18:56:24,878] {dagbag.py:496} INFO - Filling up the DagBag from /home/airflow/.local/lib/python3.8/site-packages/airflow/example_dags/example_complex.py
[2021-09-14 18:56:24,891] {processor.py:623} INFO - DAG(s) dict_keys(['example_complex']) retrieved from /home/airflow/.local/lib/python3.8/site-packages/airflow/example_dags/example_complex.py
[2021-09-14 18:56:24,909] {logging_mixin.py:109} INFO - [2021-09-14 18:56:24,909] {dag.py:1833} INFO - Sync 1 DAGs
[2021-09-14 18:56:24,918] {logging_mixin.py:109} INFO - [2021-09-14 18:56:24,918] {dag.py:2306} INFO - Setting next_dagrun for example_complex to None
[2021-09-14 18:56:24,926] {processor.py:170} INFO - Processing /home/airflow/.local/lib/python3.8/site-packages/airflow/example_dags/example_complex.py took 0.052 seconds
[2021-09-14 18:56:55,109] {processor.py:162} INFO - Started process (PID=2741) to work on /home/airflow/.local/lib/python3.8/site-packages/airflow/example_dags/example_complex.py
[2021-09-14 18:56:55,111] {processor.py:613} INFO - Processing file /home/airflow/.local/lib/python3.8/site-packages/airflow/example_dags/example_complex.py for tasks to queue
[2021-09-14 18:56:55,112] {logging_mixin.py:109} INFO - [2021-09-14 18:56:55,112] {dagbag.py:496} INFO - Filling up the DagBag from /home/airflow/.local/lib/python3.8/site-packages/airflow/example_dags/example_complex.py
[2021-09-14 18:56:55,126] {processor.py:623} INFO - DAG(s) dict_keys(['example_complex']) retrieved from /home/airflow/.local/lib/python3.8/site-packages/airflow/example_dags/example_complex.py
[2021-09-14 18:56:55,150] {logging_mixin.py:109} INFO - [2021-09-14 18:56:55,150] {dag.py:1833} INFO - Sync 1 DAGs
[2021-09-14 18:56:55,161] {logging_mixin.py:109} INFO - [2021-09-14 18:56:55,160] {dag.py:2306} INFO - Setting next_dagrun for example_complex to None
[2021-09-14 18:56:55,168] {processor.py:170} INFO - Processing /home/airflow/.local/lib/python3.8/site-packages/airflow/example_dags/example_complex.py took 0.062 seconds
[2021-09-14 18:57:25,782] {processor.py:162} INFO - Started process (PID=2796) to work on /home/airflow/.local/lib/python3.8/site-packages/airflow/example_dags/example_complex.py
[2021-09-14 18:57:25,784] {processor.py:613} INFO - Processing file /home/airflow/.local/lib/python3.8/site-packages/airflow/example_dags/example_complex.py for tasks to queue
[2021-09-14 18:57:25,785] {logging_mixin.py:109} INFO - [2021-09-14 18:57:25,784] {dagbag.py:496} INFO - Filling up the DagBag from /home/airflow/.local/lib/python3.8/site-packages/airflow/example_dags/example_complex.py
[2021-09-14 18:57:25,800] {processor.py:623} INFO - DAG(s) dict_keys(['example_complex']) retrieved from /home/airflow/.local/lib/python3.8/site-packages/airflow/example_dags/example_complex.py
[2021-09-14 18:57:25,824] {logging_mixin.py:109} INFO - [2021-09-14 18:57:25,824] {dag.py:1833} INFO - Sync 1 DAGs
[2021-09-14 18:57:25,840] {logging_mixin.py:109} INFO - [2021-09-14 18:57:25,840] {dag.py:2306} INFO - Setting next_dagrun for example_complex to None
[2021-09-14 18:57:25,853] {processor.py:170} INFO - Processing /home/airflow/.local/lib/python3.8/site-packages/airflow/example_dags/example_complex.py took 0.074 seconds
[2021-09-14 18:57:56,712] {processor.py:162} INFO - Started process (PID=2851) to work on /home/airflow/.local/lib/python3.8/site-packages/airflow/example_dags/example_complex.py
[2021-09-14 18:57:56,713] {processor.py:613} INFO - Processing file /home/airflow/.local/lib/python3.8/site-packages/airflow/example_dags/example_complex.py for tasks to queue
[2021-09-14 18:57:56,718] {logging_mixin.py:109} INFO - [2021-09-14 18:57:56,718] {dagbag.py:496} INFO - Filling up the DagBag from /home/airflow/.local/lib/python3.8/site-packages/airflow/example_dags/example_complex.py
[2021-09-14 18:57:56,735] {processor.py:623} INFO - DAG(s) dict_keys(['example_complex']) retrieved from /home/airflow/.local/lib/python3.8/site-packages/airflow/example_dags/example_complex.py
[2021-09-14 18:57:56,757] {logging_mixin.py:109} INFO - [2021-09-14 18:57:56,757] {dag.py:1833} INFO - Sync 1 DAGs
[2021-09-14 18:57:56,770] {logging_mixin.py:109} INFO - [2021-09-14 18:57:56,770] {dag.py:2306} INFO - Setting next_dagrun for example_complex to None
[2021-09-14 18:57:56,778] {processor.py:170} INFO - Processing /home/airflow/.local/lib/python3.8/site-packages/airflow/example_dags/example_complex.py took 0.069 seconds
[2021-09-14 18:58:26,901] {processor.py:162} INFO - Started process (PID=2899) to work on /home/airflow/.local/lib/python3.8/site-packages/airflow/example_dags/example_complex.py
[2021-09-14 18:58:26,903] {processor.py:613} INFO - Processing file /home/airflow/.local/lib/python3.8/site-packages/airflow/example_dags/example_complex.py for tasks to queue
[2021-09-14 18:58:26,904] {logging_mixin.py:109} INFO - [2021-09-14 18:58:26,903] {dagbag.py:496} INFO - Filling up the DagBag from /home/airflow/.local/lib/python3.8/site-packages/airflow/example_dags/example_complex.py
[2021-09-14 18:58:26,925] {processor.py:623} INFO - DAG(s) dict_keys(['example_complex']) retrieved from /home/airflow/.local/lib/python3.8/site-packages/airflow/example_dags/example_complex.py
[2021-09-14 18:58:26,959] {logging_mixin.py:109} INFO - [2021-09-14 18:58:26,958] {dag.py:1833} INFO - Sync 1 DAGs
[2021-09-14 18:58:26,972] {logging_mixin.py:109} INFO - [2021-09-14 18:58:26,972] {dag.py:2306} INFO - Setting next_dagrun for example_complex to None
[2021-09-14 18:58:26,983] {processor.py:170} INFO - Processing /home/airflow/.local/lib/python3.8/site-packages/airflow/example_dags/example_complex.py took 0.085 seconds
[2021-09-14 18:58:57,146] {processor.py:162} INFO - Started process (PID=2957) to work on /home/airflow/.local/lib/python3.8/site-packages/airflow/example_dags/example_complex.py
[2021-09-14 18:58:57,148] {processor.py:613} INFO - Processing file /home/airflow/.local/lib/python3.8/site-packages/airflow/example_dags/example_complex.py for tasks to queue
[2021-09-14 18:58:57,149] {logging_mixin.py:109} INFO - [2021-09-14 18:58:57,148] {dagbag.py:496} INFO - Filling up the DagBag from /home/airflow/.local/lib/python3.8/site-packages/airflow/example_dags/example_complex.py
[2021-09-14 18:58:57,164] {processor.py:623} INFO - DAG(s) dict_keys(['example_complex']) retrieved from /home/airflow/.local/lib/python3.8/site-packages/airflow/example_dags/example_complex.py
[2021-09-14 18:58:57,186] {logging_mixin.py:109} INFO - [2021-09-14 18:58:57,186] {dag.py:1833} INFO - Sync 1 DAGs
[2021-09-14 18:58:57,195] {logging_mixin.py:109} INFO - [2021-09-14 18:58:57,195] {dag.py:2306} INFO - Setting next_dagrun for example_complex to None
[2021-09-14 18:58:57,203] {processor.py:170} INFO - Processing /home/airflow/.local/lib/python3.8/site-packages/airflow/example_dags/example_complex.py took 0.061 seconds
[2021-09-14 18:59:27,349] {processor.py:162} INFO - Started process (PID=3003) to work on /home/airflow/.local/lib/python3.8/site-packages/airflow/example_dags/example_complex.py
[2021-09-14 18:59:27,351] {processor.py:613} INFO - Processing file /home/airflow/.local/lib/python3.8/site-packages/airflow/example_dags/example_complex.py for tasks to queue
[2021-09-14 18:59:27,351] {logging_mixin.py:109} INFO - [2021-09-14 18:59:27,351] {dagbag.py:496} INFO - Filling up the DagBag from /home/airflow/.local/lib/python3.8/site-packages/airflow/example_dags/example_complex.py
[2021-09-14 18:59:27,370] {processor.py:623} INFO - DAG(s) dict_keys(['example_complex']) retrieved from /home/airflow/.local/lib/python3.8/site-packages/airflow/example_dags/example_complex.py
[2021-09-14 18:59:27,400] {logging_mixin.py:109} INFO - [2021-09-14 18:59:27,400] {dag.py:1833} INFO - Sync 1 DAGs
[2021-09-14 18:59:27,418] {logging_mixin.py:109} INFO - [2021-09-14 18:59:27,417] {dag.py:2306} INFO - Setting next_dagrun for example_complex to None
[2021-09-14 18:59:27,426] {processor.py:170} INFO - Processing /home/airflow/.local/lib/python3.8/site-packages/airflow/example_dags/example_complex.py took 0.080 seconds
[2021-09-14 18:59:57,744] {processor.py:162} INFO - Started process (PID=3060) to work on /home/airflow/.local/lib/python3.8/site-packages/airflow/example_dags/example_complex.py
[2021-09-14 18:59:57,745] {processor.py:613} INFO - Processing file /home/airflow/.local/lib/python3.8/site-packages/airflow/example_dags/example_complex.py for tasks to queue
[2021-09-14 18:59:57,745] {logging_mixin.py:109} INFO - [2021-09-14 18:59:57,745] {dagbag.py:496} INFO - Filling up the DagBag from /home/airflow/.local/lib/python3.8/site-packages/airflow/example_dags/example_complex.py
[2021-09-14 18:59:57,759] {processor.py:623} INFO - DAG(s) dict_keys(['example_complex']) retrieved from /home/airflow/.local/lib/python3.8/site-packages/airflow/example_dags/example_complex.py
[2021-09-14 18:59:57,778] {logging_mixin.py:109} INFO - [2021-09-14 18:59:57,778] {dag.py:1833} INFO - Sync 1 DAGs
[2021-09-14 18:59:57,790] {logging_mixin.py:109} INFO - [2021-09-14 18:59:57,790] {dag.py:2306} INFO - Setting next_dagrun for example_complex to None
[2021-09-14 18:59:57,799] {processor.py:170} INFO - Processing /home/airflow/.local/lib/python3.8/site-packages/airflow/example_dags/example_complex.py took 0.058 seconds
[2021-09-14 19:00:28,122] {processor.py:162} INFO - Started process (PID=3118) to work on /home/airflow/.local/lib/python3.8/site-packages/airflow/example_dags/example_complex.py
[2021-09-14 19:00:28,124] {processor.py:613} INFO - Processing file /home/airflow/.local/lib/python3.8/site-packages/airflow/example_dags/example_complex.py for tasks to queue
[2021-09-14 19:00:28,124] {logging_mixin.py:109} INFO - [2021-09-14 19:00:28,124] {dagbag.py:496} INFO - Filling up the DagBag from /home/airflow/.local/lib/python3.8/site-packages/airflow/example_dags/example_complex.py
[2021-09-14 19:00:28,145] {processor.py:623} INFO - DAG(s) dict_keys(['example_complex']) retrieved from /home/airflow/.local/lib/python3.8/site-packages/airflow/example_dags/example_complex.py
[2021-09-14 19:00:28,170] {logging_mixin.py:109} INFO - [2021-09-14 19:00:28,170] {dag.py:1833} INFO - Sync 1 DAGs
[2021-09-14 19:00:28,186] {logging_mixin.py:109} INFO - [2021-09-14 19:00:28,186] {dag.py:2306} INFO - Setting next_dagrun for example_complex to None
[2021-09-14 19:00:28,196] {processor.py:170} INFO - Processing /home/airflow/.local/lib/python3.8/site-packages/airflow/example_dags/example_complex.py took 0.077 seconds
[2021-09-14 19:00:59,029] {processor.py:162} INFO - Started process (PID=3166) to work on /home/airflow/.local/lib/python3.8/site-packages/airflow/example_dags/example_complex.py
[2021-09-14 19:00:59,032] {processor.py:613} INFO - Processing file /home/airflow/.local/lib/python3.8/site-packages/airflow/example_dags/example_complex.py for tasks to queue
[2021-09-14 19:00:59,033] {logging_mixin.py:109} INFO - [2021-09-14 19:00:59,033] {dagbag.py:496} INFO - Filling up the DagBag from /home/airflow/.local/lib/python3.8/site-packages/airflow/example_dags/example_complex.py
[2021-09-14 19:00:59,054] {processor.py:623} INFO - DAG(s) dict_keys(['example_complex']) retrieved from /home/airflow/.local/lib/python3.8/site-packages/airflow/example_dags/example_complex.py
[2021-09-14 19:00:59,075] {logging_mixin.py:109} INFO - [2021-09-14 19:00:59,075] {dag.py:1833} INFO - Sync 1 DAGs
[2021-09-14 19:00:59,086] {logging_mixin.py:109} INFO - [2021-09-14 19:00:59,086] {dag.py:2306} INFO - Setting next_dagrun for example_complex to None
[2021-09-14 19:00:59,095] {processor.py:170} INFO - Processing /home/airflow/.local/lib/python3.8/site-packages/airflow/example_dags/example_complex.py took 0.069 seconds
[2021-09-14 19:01:29,223] {processor.py:162} INFO - Started process (PID=3222) to work on /home/airflow/.local/lib/python3.8/site-packages/airflow/example_dags/example_complex.py
[2021-09-14 19:01:29,228] {processor.py:613} INFO - Processing file /home/airflow/.local/lib/python3.8/site-packages/airflow/example_dags/example_complex.py for tasks to queue
[2021-09-14 19:01:29,230] {logging_mixin.py:109} INFO - [2021-09-14 19:01:29,230] {dagbag.py:496} INFO - Filling up the DagBag from /home/airflow/.local/lib/python3.8/site-packages/airflow/example_dags/example_complex.py
[2021-09-14 19:01:29,276] {processor.py:623} INFO - DAG(s) dict_keys(['example_complex']) retrieved from /home/airflow/.local/lib/python3.8/site-packages/airflow/example_dags/example_complex.py
[2021-09-14 19:01:29,322] {logging_mixin.py:109} INFO - [2021-09-14 19:01:29,321] {dag.py:1833} INFO - Sync 1 DAGs
[2021-09-14 19:01:29,350] {logging_mixin.py:109} INFO - [2021-09-14 19:01:29,350] {dag.py:2306} INFO - Setting next_dagrun for example_complex to None
[2021-09-14 19:01:29,377] {processor.py:170} INFO - Processing /home/airflow/.local/lib/python3.8/site-packages/airflow/example_dags/example_complex.py took 0.158 seconds
[2021-09-14 19:02:00,315] {processor.py:162} INFO - Started process (PID=3271) to work on /home/airflow/.local/lib/python3.8/site-packages/airflow/example_dags/example_complex.py
[2021-09-14 19:02:00,316] {processor.py:613} INFO - Processing file /home/airflow/.local/lib/python3.8/site-packages/airflow/example_dags/example_complex.py for tasks to queue
[2021-09-14 19:02:00,317] {logging_mixin.py:109} INFO - [2021-09-14 19:02:00,317] {dagbag.py:496} INFO - Filling up the DagBag from /home/airflow/.local/lib/python3.8/site-packages/airflow/example_dags/example_complex.py
[2021-09-14 19:02:00,337] {processor.py:623} INFO - DAG(s) dict_keys(['example_complex']) retrieved from /home/airflow/.local/lib/python3.8/site-packages/airflow/example_dags/example_complex.py
[2021-09-14 19:02:00,382] {logging_mixin.py:109} INFO - [2021-09-14 19:02:00,382] {dag.py:1833} INFO - Sync 1 DAGs
[2021-09-14 19:02:00,396] {logging_mixin.py:109} INFO - [2021-09-14 19:02:00,396] {dag.py:2306} INFO - Setting next_dagrun for example_complex to None
[2021-09-14 19:02:00,405] {processor.py:170} INFO - Processing /home/airflow/.local/lib/python3.8/site-packages/airflow/example_dags/example_complex.py took 0.093 seconds
[2021-09-14 19:02:31,021] {processor.py:162} INFO - Started process (PID=3328) to work on /home/airflow/.local/lib/python3.8/site-packages/airflow/example_dags/example_complex.py
[2021-09-14 19:02:31,061] {processor.py:613} INFO - Processing file /home/airflow/.local/lib/python3.8/site-packages/airflow/example_dags/example_complex.py for tasks to queue
[2021-09-14 19:02:31,063] {logging_mixin.py:109} INFO - [2021-09-14 19:02:31,063] {dagbag.py:496} INFO - Filling up the DagBag from /home/airflow/.local/lib/python3.8/site-packages/airflow/example_dags/example_complex.py
[2021-09-14 19:02:31,088] {processor.py:623} INFO - DAG(s) dict_keys(['example_complex']) retrieved from /home/airflow/.local/lib/python3.8/site-packages/airflow/example_dags/example_complex.py
[2021-09-14 19:02:31,118] {logging_mixin.py:109} INFO - [2021-09-14 19:02:31,118] {dag.py:1833} INFO - Sync 1 DAGs
[2021-09-14 19:02:31,135] {logging_mixin.py:109} INFO - [2021-09-14 19:02:31,135] {dag.py:2306} INFO - Setting next_dagrun for example_complex to None
[2021-09-14 19:02:31,153] {processor.py:170} INFO - Processing /home/airflow/.local/lib/python3.8/site-packages/airflow/example_dags/example_complex.py took 0.135 seconds
[2021-09-14 19:03:01,412] {processor.py:162} INFO - Started process (PID=3384) to work on /home/airflow/.local/lib/python3.8/site-packages/airflow/example_dags/example_complex.py
[2021-09-14 19:03:01,414] {processor.py:613} INFO - Processing file /home/airflow/.local/lib/python3.8/site-packages/airflow/example_dags/example_complex.py for tasks to queue
[2021-09-14 19:03:01,414] {logging_mixin.py:109} INFO - [2021-09-14 19:03:01,414] {dagbag.py:496} INFO - Filling up the DagBag from /home/airflow/.local/lib/python3.8/site-packages/airflow/example_dags/example_complex.py
[2021-09-14 19:03:01,435] {processor.py:623} INFO - DAG(s) dict_keys(['example_complex']) retrieved from /home/airflow/.local/lib/python3.8/site-packages/airflow/example_dags/example_complex.py
[2021-09-14 19:03:01,479] {logging_mixin.py:109} INFO - [2021-09-14 19:03:01,479] {dag.py:1833} INFO - Sync 1 DAGs
[2021-09-14 19:03:01,495] {logging_mixin.py:109} INFO - [2021-09-14 19:03:01,495] {dag.py:2306} INFO - Setting next_dagrun for example_complex to None
[2021-09-14 19:03:01,511] {processor.py:170} INFO - Processing /home/airflow/.local/lib/python3.8/site-packages/airflow/example_dags/example_complex.py took 0.102 seconds
[2021-09-14 19:03:32,740] {processor.py:162} INFO - Started process (PID=3432) to work on /home/airflow/.local/lib/python3.8/site-packages/airflow/example_dags/example_complex.py
[2021-09-14 19:03:32,743] {processor.py:613} INFO - Processing file /home/airflow/.local/lib/python3.8/site-packages/airflow/example_dags/example_complex.py for tasks to queue
[2021-09-14 19:03:32,744] {logging_mixin.py:109} INFO - [2021-09-14 19:03:32,744] {dagbag.py:496} INFO - Filling up the DagBag from /home/airflow/.local/lib/python3.8/site-packages/airflow/example_dags/example_complex.py
[2021-09-14 19:03:32,792] {processor.py:623} INFO - DAG(s) dict_keys(['example_complex']) retrieved from /home/airflow/.local/lib/python3.8/site-packages/airflow/example_dags/example_complex.py
[2021-09-14 19:03:32,869] {logging_mixin.py:109} INFO - [2021-09-14 19:03:32,869] {dag.py:1833} INFO - Sync 1 DAGs
[2021-09-14 19:03:32,905] {logging_mixin.py:109} INFO - [2021-09-14 19:03:32,905] {dag.py:2306} INFO - Setting next_dagrun for example_complex to None
[2021-09-14 19:03:32,919] {processor.py:170} INFO - Processing /home/airflow/.local/lib/python3.8/site-packages/airflow/example_dags/example_complex.py took 0.183 seconds
