[2021-09-14 18:32:12,983] {processor.py:162} INFO - Started process (PID=138) to work on /home/airflow/.local/lib/python3.8/site-packages/airflow/example_dags/example_task_group.py
[2021-09-14 18:32:12,984] {processor.py:613} INFO - Processing file /home/airflow/.local/lib/python3.8/site-packages/airflow/example_dags/example_task_group.py for tasks to queue
[2021-09-14 18:32:12,985] {logging_mixin.py:109} INFO - [2021-09-14 18:32:12,985] {dagbag.py:496} INFO - Filling up the DagBag from /home/airflow/.local/lib/python3.8/site-packages/airflow/example_dags/example_task_group.py
[2021-09-14 18:32:13,000] {processor.py:623} INFO - DAG(s) dict_keys(['example_task_group']) retrieved from /home/airflow/.local/lib/python3.8/site-packages/airflow/example_dags/example_task_group.py
[2021-09-14 18:32:15,082] {logging_mixin.py:109} INFO - [2021-09-14 18:32:15,082] {dag.py:1833} INFO - Sync 1 DAGs
[2021-09-14 18:32:15,091] {logging_mixin.py:109} INFO - [2021-09-14 18:32:15,090] {dag.py:1852} INFO - Creating ORM DAG for example_task_group
[2021-09-14 18:32:15,097] {logging_mixin.py:109} INFO - [2021-09-14 18:32:15,097] {dag.py:2306} INFO - Setting next_dagrun for example_task_group to 2021-09-12 00:00:00+00:00
[2021-09-14 18:32:15,109] {processor.py:170} INFO - Processing /home/airflow/.local/lib/python3.8/site-packages/airflow/example_dags/example_task_group.py took 2.130 seconds
[2021-09-14 18:32:45,299] {processor.py:162} INFO - Started process (PID=243) to work on /home/airflow/.local/lib/python3.8/site-packages/airflow/example_dags/example_task_group.py
[2021-09-14 18:32:45,300] {processor.py:613} INFO - Processing file /home/airflow/.local/lib/python3.8/site-packages/airflow/example_dags/example_task_group.py for tasks to queue
[2021-09-14 18:32:45,301] {logging_mixin.py:109} INFO - [2021-09-14 18:32:45,301] {dagbag.py:496} INFO - Filling up the DagBag from /home/airflow/.local/lib/python3.8/site-packages/airflow/example_dags/example_task_group.py
[2021-09-14 18:32:45,311] {processor.py:623} INFO - DAG(s) dict_keys(['example_task_group']) retrieved from /home/airflow/.local/lib/python3.8/site-packages/airflow/example_dags/example_task_group.py
[2021-09-14 18:32:45,328] {logging_mixin.py:109} INFO - [2021-09-14 18:32:45,328] {dag.py:1833} INFO - Sync 1 DAGs
[2021-09-14 18:32:45,343] {logging_mixin.py:109} INFO - [2021-09-14 18:32:45,342] {dag.py:2306} INFO - Setting next_dagrun for example_task_group to 2021-09-12 00:00:00+00:00
[2021-09-14 18:32:45,351] {processor.py:170} INFO - Processing /home/airflow/.local/lib/python3.8/site-packages/airflow/example_dags/example_task_group.py took 0.055 seconds
[2021-09-14 18:33:16,167] {processor.py:162} INFO - Started process (PID=290) to work on /home/airflow/.local/lib/python3.8/site-packages/airflow/example_dags/example_task_group.py
[2021-09-14 18:33:16,169] {processor.py:613} INFO - Processing file /home/airflow/.local/lib/python3.8/site-packages/airflow/example_dags/example_task_group.py for tasks to queue
[2021-09-14 18:33:16,171] {logging_mixin.py:109} INFO - [2021-09-14 18:33:16,171] {dagbag.py:496} INFO - Filling up the DagBag from /home/airflow/.local/lib/python3.8/site-packages/airflow/example_dags/example_task_group.py
[2021-09-14 18:33:16,185] {processor.py:623} INFO - DAG(s) dict_keys(['example_task_group']) retrieved from /home/airflow/.local/lib/python3.8/site-packages/airflow/example_dags/example_task_group.py
[2021-09-14 18:33:16,206] {logging_mixin.py:109} INFO - [2021-09-14 18:33:16,206] {dag.py:1833} INFO - Sync 1 DAGs
[2021-09-14 18:33:16,220] {logging_mixin.py:109} INFO - [2021-09-14 18:33:16,220] {dag.py:2306} INFO - Setting next_dagrun for example_task_group to 2021-09-12 00:00:00+00:00
[2021-09-14 18:33:16,228] {processor.py:170} INFO - Processing /home/airflow/.local/lib/python3.8/site-packages/airflow/example_dags/example_task_group.py took 0.064 seconds
[2021-09-14 18:33:46,382] {processor.py:162} INFO - Started process (PID=347) to work on /home/airflow/.local/lib/python3.8/site-packages/airflow/example_dags/example_task_group.py
[2021-09-14 18:33:46,383] {processor.py:613} INFO - Processing file /home/airflow/.local/lib/python3.8/site-packages/airflow/example_dags/example_task_group.py for tasks to queue
[2021-09-14 18:33:46,384] {logging_mixin.py:109} INFO - [2021-09-14 18:33:46,384] {dagbag.py:496} INFO - Filling up the DagBag from /home/airflow/.local/lib/python3.8/site-packages/airflow/example_dags/example_task_group.py
[2021-09-14 18:33:46,396] {processor.py:623} INFO - DAG(s) dict_keys(['example_task_group']) retrieved from /home/airflow/.local/lib/python3.8/site-packages/airflow/example_dags/example_task_group.py
[2021-09-14 18:33:46,419] {logging_mixin.py:109} INFO - [2021-09-14 18:33:46,419] {dag.py:1833} INFO - Sync 1 DAGs
[2021-09-14 18:33:46,431] {logging_mixin.py:109} INFO - [2021-09-14 18:33:46,431] {dag.py:2306} INFO - Setting next_dagrun for example_task_group to 2021-09-12 00:00:00+00:00
[2021-09-14 18:33:46,440] {processor.py:170} INFO - Processing /home/airflow/.local/lib/python3.8/site-packages/airflow/example_dags/example_task_group.py took 0.061 seconds
[2021-09-14 18:34:16,551] {processor.py:162} INFO - Started process (PID=394) to work on /home/airflow/.local/lib/python3.8/site-packages/airflow/example_dags/example_task_group.py
[2021-09-14 18:34:16,551] {processor.py:613} INFO - Processing file /home/airflow/.local/lib/python3.8/site-packages/airflow/example_dags/example_task_group.py for tasks to queue
[2021-09-14 18:34:16,552] {logging_mixin.py:109} INFO - [2021-09-14 18:34:16,552] {dagbag.py:496} INFO - Filling up the DagBag from /home/airflow/.local/lib/python3.8/site-packages/airflow/example_dags/example_task_group.py
[2021-09-14 18:34:16,562] {processor.py:623} INFO - DAG(s) dict_keys(['example_task_group']) retrieved from /home/airflow/.local/lib/python3.8/site-packages/airflow/example_dags/example_task_group.py
[2021-09-14 18:34:16,584] {logging_mixin.py:109} INFO - [2021-09-14 18:34:16,584] {dag.py:1833} INFO - Sync 1 DAGs
[2021-09-14 18:34:16,598] {logging_mixin.py:109} INFO - [2021-09-14 18:34:16,598] {dag.py:2306} INFO - Setting next_dagrun for example_task_group to 2021-09-12 00:00:00+00:00
[2021-09-14 18:34:16,608] {processor.py:170} INFO - Processing /home/airflow/.local/lib/python3.8/site-packages/airflow/example_dags/example_task_group.py took 0.060 seconds
[2021-09-14 18:34:46,767] {processor.py:162} INFO - Started process (PID=450) to work on /home/airflow/.local/lib/python3.8/site-packages/airflow/example_dags/example_task_group.py
[2021-09-14 18:34:46,768] {processor.py:613} INFO - Processing file /home/airflow/.local/lib/python3.8/site-packages/airflow/example_dags/example_task_group.py for tasks to queue
[2021-09-14 18:34:46,769] {logging_mixin.py:109} INFO - [2021-09-14 18:34:46,769] {dagbag.py:496} INFO - Filling up the DagBag from /home/airflow/.local/lib/python3.8/site-packages/airflow/example_dags/example_task_group.py
[2021-09-14 18:34:46,779] {processor.py:623} INFO - DAG(s) dict_keys(['example_task_group']) retrieved from /home/airflow/.local/lib/python3.8/site-packages/airflow/example_dags/example_task_group.py
[2021-09-14 18:34:46,802] {logging_mixin.py:109} INFO - [2021-09-14 18:34:46,802] {dag.py:1833} INFO - Sync 1 DAGs
[2021-09-14 18:34:46,821] {logging_mixin.py:109} INFO - [2021-09-14 18:34:46,821] {dag.py:2306} INFO - Setting next_dagrun for example_task_group to 2021-09-12 00:00:00+00:00
[2021-09-14 18:34:46,834] {processor.py:170} INFO - Processing /home/airflow/.local/lib/python3.8/site-packages/airflow/example_dags/example_task_group.py took 0.070 seconds
[2021-09-14 18:35:17,004] {processor.py:162} INFO - Started process (PID=505) to work on /home/airflow/.local/lib/python3.8/site-packages/airflow/example_dags/example_task_group.py
[2021-09-14 18:35:17,005] {processor.py:613} INFO - Processing file /home/airflow/.local/lib/python3.8/site-packages/airflow/example_dags/example_task_group.py for tasks to queue
[2021-09-14 18:35:17,005] {logging_mixin.py:109} INFO - [2021-09-14 18:35:17,005] {dagbag.py:496} INFO - Filling up the DagBag from /home/airflow/.local/lib/python3.8/site-packages/airflow/example_dags/example_task_group.py
[2021-09-14 18:35:17,015] {processor.py:623} INFO - DAG(s) dict_keys(['example_task_group']) retrieved from /home/airflow/.local/lib/python3.8/site-packages/airflow/example_dags/example_task_group.py
[2021-09-14 18:35:17,042] {logging_mixin.py:109} INFO - [2021-09-14 18:35:17,042] {dag.py:1833} INFO - Sync 1 DAGs
[2021-09-14 18:35:17,057] {logging_mixin.py:109} INFO - [2021-09-14 18:35:17,057] {dag.py:2306} INFO - Setting next_dagrun for example_task_group to 2021-09-12 00:00:00+00:00
[2021-09-14 18:35:17,066] {processor.py:170} INFO - Processing /home/airflow/.local/lib/python3.8/site-packages/airflow/example_dags/example_task_group.py took 0.066 seconds
[2021-09-14 18:35:47,142] {processor.py:162} INFO - Started process (PID=551) to work on /home/airflow/.local/lib/python3.8/site-packages/airflow/example_dags/example_task_group.py
[2021-09-14 18:35:47,144] {processor.py:613} INFO - Processing file /home/airflow/.local/lib/python3.8/site-packages/airflow/example_dags/example_task_group.py for tasks to queue
[2021-09-14 18:35:47,144] {logging_mixin.py:109} INFO - [2021-09-14 18:35:47,144] {dagbag.py:496} INFO - Filling up the DagBag from /home/airflow/.local/lib/python3.8/site-packages/airflow/example_dags/example_task_group.py
[2021-09-14 18:35:47,155] {processor.py:623} INFO - DAG(s) dict_keys(['example_task_group']) retrieved from /home/airflow/.local/lib/python3.8/site-packages/airflow/example_dags/example_task_group.py
[2021-09-14 18:35:47,174] {logging_mixin.py:109} INFO - [2021-09-14 18:35:47,174] {dag.py:1833} INFO - Sync 1 DAGs
[2021-09-14 18:35:47,189] {logging_mixin.py:109} INFO - [2021-09-14 18:35:47,189] {dag.py:2306} INFO - Setting next_dagrun for example_task_group to 2021-09-12 00:00:00+00:00
[2021-09-14 18:35:47,202] {processor.py:170} INFO - Processing /home/airflow/.local/lib/python3.8/site-packages/airflow/example_dags/example_task_group.py took 0.063 seconds
[2021-09-14 18:36:17,516] {processor.py:162} INFO - Started process (PID=607) to work on /home/airflow/.local/lib/python3.8/site-packages/airflow/example_dags/example_task_group.py
[2021-09-14 18:36:17,517] {processor.py:613} INFO - Processing file /home/airflow/.local/lib/python3.8/site-packages/airflow/example_dags/example_task_group.py for tasks to queue
[2021-09-14 18:36:17,520] {logging_mixin.py:109} INFO - [2021-09-14 18:36:17,519] {dagbag.py:496} INFO - Filling up the DagBag from /home/airflow/.local/lib/python3.8/site-packages/airflow/example_dags/example_task_group.py
[2021-09-14 18:36:17,544] {processor.py:623} INFO - DAG(s) dict_keys(['example_task_group']) retrieved from /home/airflow/.local/lib/python3.8/site-packages/airflow/example_dags/example_task_group.py
[2021-09-14 18:36:17,578] {logging_mixin.py:109} INFO - [2021-09-14 18:36:17,578] {dag.py:1833} INFO - Sync 1 DAGs
[2021-09-14 18:36:17,592] {logging_mixin.py:109} INFO - [2021-09-14 18:36:17,592] {dag.py:2306} INFO - Setting next_dagrun for example_task_group to 2021-09-12 00:00:00+00:00
[2021-09-14 18:36:17,607] {processor.py:170} INFO - Processing /home/airflow/.local/lib/python3.8/site-packages/airflow/example_dags/example_task_group.py took 0.095 seconds
[2021-09-14 18:36:48,201] {processor.py:162} INFO - Started process (PID=654) to work on /home/airflow/.local/lib/python3.8/site-packages/airflow/example_dags/example_task_group.py
[2021-09-14 18:36:48,203] {processor.py:613} INFO - Processing file /home/airflow/.local/lib/python3.8/site-packages/airflow/example_dags/example_task_group.py for tasks to queue
[2021-09-14 18:36:48,203] {logging_mixin.py:109} INFO - [2021-09-14 18:36:48,203] {dagbag.py:496} INFO - Filling up the DagBag from /home/airflow/.local/lib/python3.8/site-packages/airflow/example_dags/example_task_group.py
[2021-09-14 18:36:48,218] {processor.py:623} INFO - DAG(s) dict_keys(['example_task_group']) retrieved from /home/airflow/.local/lib/python3.8/site-packages/airflow/example_dags/example_task_group.py
[2021-09-14 18:36:48,263] {logging_mixin.py:109} INFO - [2021-09-14 18:36:48,263] {dag.py:1833} INFO - Sync 1 DAGs
[2021-09-14 18:36:48,281] {logging_mixin.py:109} INFO - [2021-09-14 18:36:48,281] {dag.py:2306} INFO - Setting next_dagrun for example_task_group to 2021-09-12 00:00:00+00:00
[2021-09-14 18:36:48,292] {processor.py:170} INFO - Processing /home/airflow/.local/lib/python3.8/site-packages/airflow/example_dags/example_task_group.py took 0.095 seconds
[2021-09-14 18:37:18,664] {processor.py:162} INFO - Started process (PID=712) to work on /home/airflow/.local/lib/python3.8/site-packages/airflow/example_dags/example_task_group.py
[2021-09-14 18:37:18,665] {processor.py:613} INFO - Processing file /home/airflow/.local/lib/python3.8/site-packages/airflow/example_dags/example_task_group.py for tasks to queue
[2021-09-14 18:37:18,666] {logging_mixin.py:109} INFO - [2021-09-14 18:37:18,666] {dagbag.py:496} INFO - Filling up the DagBag from /home/airflow/.local/lib/python3.8/site-packages/airflow/example_dags/example_task_group.py
[2021-09-14 18:37:18,685] {processor.py:623} INFO - DAG(s) dict_keys(['example_task_group']) retrieved from /home/airflow/.local/lib/python3.8/site-packages/airflow/example_dags/example_task_group.py
[2021-09-14 18:37:18,729] {logging_mixin.py:109} INFO - [2021-09-14 18:37:18,729] {dag.py:1833} INFO - Sync 1 DAGs
[2021-09-14 18:37:18,756] {logging_mixin.py:109} INFO - [2021-09-14 18:37:18,756] {dag.py:2306} INFO - Setting next_dagrun for example_task_group to 2021-09-12 00:00:00+00:00
[2021-09-14 18:37:18,769] {processor.py:170} INFO - Processing /home/airflow/.local/lib/python3.8/site-packages/airflow/example_dags/example_task_group.py took 0.109 seconds
[2021-09-14 18:37:49,028] {processor.py:162} INFO - Started process (PID=760) to work on /home/airflow/.local/lib/python3.8/site-packages/airflow/example_dags/example_task_group.py
[2021-09-14 18:37:49,031] {processor.py:613} INFO - Processing file /home/airflow/.local/lib/python3.8/site-packages/airflow/example_dags/example_task_group.py for tasks to queue
[2021-09-14 18:37:49,034] {logging_mixin.py:109} INFO - [2021-09-14 18:37:49,033] {dagbag.py:496} INFO - Filling up the DagBag from /home/airflow/.local/lib/python3.8/site-packages/airflow/example_dags/example_task_group.py
[2021-09-14 18:37:49,055] {processor.py:623} INFO - DAG(s) dict_keys(['example_task_group']) retrieved from /home/airflow/.local/lib/python3.8/site-packages/airflow/example_dags/example_task_group.py
[2021-09-14 18:37:49,100] {logging_mixin.py:109} INFO - [2021-09-14 18:37:49,100] {dag.py:1833} INFO - Sync 1 DAGs
[2021-09-14 18:37:49,123] {logging_mixin.py:109} INFO - [2021-09-14 18:37:49,123] {dag.py:2306} INFO - Setting next_dagrun for example_task_group to 2021-09-12 00:00:00+00:00
[2021-09-14 18:37:49,145] {processor.py:170} INFO - Processing /home/airflow/.local/lib/python3.8/site-packages/airflow/example_dags/example_task_group.py took 0.121 seconds
[2021-09-14 18:38:19,739] {processor.py:162} INFO - Started process (PID=815) to work on /home/airflow/.local/lib/python3.8/site-packages/airflow/example_dags/example_task_group.py
[2021-09-14 18:38:19,741] {processor.py:613} INFO - Processing file /home/airflow/.local/lib/python3.8/site-packages/airflow/example_dags/example_task_group.py for tasks to queue
[2021-09-14 18:38:19,742] {logging_mixin.py:109} INFO - [2021-09-14 18:38:19,742] {dagbag.py:496} INFO - Filling up the DagBag from /home/airflow/.local/lib/python3.8/site-packages/airflow/example_dags/example_task_group.py
[2021-09-14 18:38:19,760] {processor.py:623} INFO - DAG(s) dict_keys(['example_task_group']) retrieved from /home/airflow/.local/lib/python3.8/site-packages/airflow/example_dags/example_task_group.py
[2021-09-14 18:38:19,799] {logging_mixin.py:109} INFO - [2021-09-14 18:38:19,799] {dag.py:1833} INFO - Sync 1 DAGs
[2021-09-14 18:38:19,817] {logging_mixin.py:109} INFO - [2021-09-14 18:38:19,817] {dag.py:2306} INFO - Setting next_dagrun for example_task_group to 2021-09-12 00:00:00+00:00
[2021-09-14 18:38:19,832] {processor.py:170} INFO - Processing /home/airflow/.local/lib/python3.8/site-packages/airflow/example_dags/example_task_group.py took 0.096 seconds
[2021-09-14 18:38:49,980] {processor.py:162} INFO - Started process (PID=863) to work on /home/airflow/.local/lib/python3.8/site-packages/airflow/example_dags/example_task_group.py
[2021-09-14 18:38:49,981] {processor.py:613} INFO - Processing file /home/airflow/.local/lib/python3.8/site-packages/airflow/example_dags/example_task_group.py for tasks to queue
[2021-09-14 18:38:49,982] {logging_mixin.py:109} INFO - [2021-09-14 18:38:49,982] {dagbag.py:496} INFO - Filling up the DagBag from /home/airflow/.local/lib/python3.8/site-packages/airflow/example_dags/example_task_group.py
[2021-09-14 18:38:49,994] {processor.py:623} INFO - DAG(s) dict_keys(['example_task_group']) retrieved from /home/airflow/.local/lib/python3.8/site-packages/airflow/example_dags/example_task_group.py
[2021-09-14 18:38:50,014] {logging_mixin.py:109} INFO - [2021-09-14 18:38:50,014] {dag.py:1833} INFO - Sync 1 DAGs
[2021-09-14 18:38:50,032] {logging_mixin.py:109} INFO - [2021-09-14 18:38:50,032] {dag.py:2306} INFO - Setting next_dagrun for example_task_group to 2021-09-12 00:00:00+00:00
[2021-09-14 18:38:50,050] {processor.py:170} INFO - Processing /home/airflow/.local/lib/python3.8/site-packages/airflow/example_dags/example_task_group.py took 0.073 seconds
[2021-09-14 18:39:20,588] {processor.py:162} INFO - Started process (PID=919) to work on /home/airflow/.local/lib/python3.8/site-packages/airflow/example_dags/example_task_group.py
[2021-09-14 18:39:20,589] {processor.py:613} INFO - Processing file /home/airflow/.local/lib/python3.8/site-packages/airflow/example_dags/example_task_group.py for tasks to queue
[2021-09-14 18:39:20,589] {logging_mixin.py:109} INFO - [2021-09-14 18:39:20,589] {dagbag.py:496} INFO - Filling up the DagBag from /home/airflow/.local/lib/python3.8/site-packages/airflow/example_dags/example_task_group.py
[2021-09-14 18:39:20,603] {processor.py:623} INFO - DAG(s) dict_keys(['example_task_group']) retrieved from /home/airflow/.local/lib/python3.8/site-packages/airflow/example_dags/example_task_group.py
[2021-09-14 18:39:20,619] {logging_mixin.py:109} INFO - [2021-09-14 18:39:20,619] {dag.py:1833} INFO - Sync 1 DAGs
[2021-09-14 18:39:20,630] {logging_mixin.py:109} INFO - [2021-09-14 18:39:20,630] {dag.py:2306} INFO - Setting next_dagrun for example_task_group to 2021-09-12 00:00:00+00:00
[2021-09-14 18:39:20,640] {processor.py:170} INFO - Processing /home/airflow/.local/lib/python3.8/site-packages/airflow/example_dags/example_task_group.py took 0.055 seconds
[2021-09-14 18:39:50,823] {processor.py:162} INFO - Started process (PID=968) to work on /home/airflow/.local/lib/python3.8/site-packages/airflow/example_dags/example_task_group.py
[2021-09-14 18:39:50,824] {processor.py:613} INFO - Processing file /home/airflow/.local/lib/python3.8/site-packages/airflow/example_dags/example_task_group.py for tasks to queue
[2021-09-14 18:39:50,825] {logging_mixin.py:109} INFO - [2021-09-14 18:39:50,825] {dagbag.py:496} INFO - Filling up the DagBag from /home/airflow/.local/lib/python3.8/site-packages/airflow/example_dags/example_task_group.py
[2021-09-14 18:39:50,838] {processor.py:623} INFO - DAG(s) dict_keys(['example_task_group']) retrieved from /home/airflow/.local/lib/python3.8/site-packages/airflow/example_dags/example_task_group.py
[2021-09-14 18:39:50,856] {logging_mixin.py:109} INFO - [2021-09-14 18:39:50,856] {dag.py:1833} INFO - Sync 1 DAGs
[2021-09-14 18:39:50,866] {logging_mixin.py:109} INFO - [2021-09-14 18:39:50,865] {dag.py:2306} INFO - Setting next_dagrun for example_task_group to 2021-09-12 00:00:00+00:00
[2021-09-14 18:39:50,875] {processor.py:170} INFO - Processing /home/airflow/.local/lib/python3.8/site-packages/airflow/example_dags/example_task_group.py took 0.054 seconds
[2021-09-14 18:40:21,196] {processor.py:162} INFO - Started process (PID=1025) to work on /home/airflow/.local/lib/python3.8/site-packages/airflow/example_dags/example_task_group.py
[2021-09-14 18:40:21,197] {processor.py:613} INFO - Processing file /home/airflow/.local/lib/python3.8/site-packages/airflow/example_dags/example_task_group.py for tasks to queue
[2021-09-14 18:40:21,198] {logging_mixin.py:109} INFO - [2021-09-14 18:40:21,198] {dagbag.py:496} INFO - Filling up the DagBag from /home/airflow/.local/lib/python3.8/site-packages/airflow/example_dags/example_task_group.py
[2021-09-14 18:40:21,208] {processor.py:623} INFO - DAG(s) dict_keys(['example_task_group']) retrieved from /home/airflow/.local/lib/python3.8/site-packages/airflow/example_dags/example_task_group.py
[2021-09-14 18:40:21,228] {logging_mixin.py:109} INFO - [2021-09-14 18:40:21,228] {dag.py:1833} INFO - Sync 1 DAGs
[2021-09-14 18:40:21,239] {logging_mixin.py:109} INFO - [2021-09-14 18:40:21,239] {dag.py:2306} INFO - Setting next_dagrun for example_task_group to 2021-09-12 00:00:00+00:00
[2021-09-14 18:40:21,247] {processor.py:170} INFO - Processing /home/airflow/.local/lib/python3.8/site-packages/airflow/example_dags/example_task_group.py took 0.053 seconds
[2021-09-14 18:40:51,664] {processor.py:162} INFO - Started process (PID=1082) to work on /home/airflow/.local/lib/python3.8/site-packages/airflow/example_dags/example_task_group.py
[2021-09-14 18:40:51,665] {processor.py:613} INFO - Processing file /home/airflow/.local/lib/python3.8/site-packages/airflow/example_dags/example_task_group.py for tasks to queue
[2021-09-14 18:40:51,666] {logging_mixin.py:109} INFO - [2021-09-14 18:40:51,666] {dagbag.py:496} INFO - Filling up the DagBag from /home/airflow/.local/lib/python3.8/site-packages/airflow/example_dags/example_task_group.py
[2021-09-14 18:40:51,681] {processor.py:623} INFO - DAG(s) dict_keys(['example_task_group']) retrieved from /home/airflow/.local/lib/python3.8/site-packages/airflow/example_dags/example_task_group.py
[2021-09-14 18:40:51,703] {logging_mixin.py:109} INFO - [2021-09-14 18:40:51,703] {dag.py:1833} INFO - Sync 1 DAGs
[2021-09-14 18:40:51,719] {logging_mixin.py:109} INFO - [2021-09-14 18:40:51,719] {dag.py:2306} INFO - Setting next_dagrun for example_task_group to 2021-09-12 00:00:00+00:00
[2021-09-14 18:40:51,737] {processor.py:170} INFO - Processing /home/airflow/.local/lib/python3.8/site-packages/airflow/example_dags/example_task_group.py took 0.076 seconds
[2021-09-14 18:41:22,086] {processor.py:162} INFO - Started process (PID=1132) to work on /home/airflow/.local/lib/python3.8/site-packages/airflow/example_dags/example_task_group.py
[2021-09-14 18:41:22,089] {processor.py:613} INFO - Processing file /home/airflow/.local/lib/python3.8/site-packages/airflow/example_dags/example_task_group.py for tasks to queue
[2021-09-14 18:41:22,095] {logging_mixin.py:109} INFO - [2021-09-14 18:41:22,095] {dagbag.py:496} INFO - Filling up the DagBag from /home/airflow/.local/lib/python3.8/site-packages/airflow/example_dags/example_task_group.py
[2021-09-14 18:41:22,121] {processor.py:623} INFO - DAG(s) dict_keys(['example_task_group']) retrieved from /home/airflow/.local/lib/python3.8/site-packages/airflow/example_dags/example_task_group.py
[2021-09-14 18:41:22,186] {logging_mixin.py:109} INFO - [2021-09-14 18:41:22,186] {dag.py:1833} INFO - Sync 1 DAGs
[2021-09-14 18:41:22,214] {logging_mixin.py:109} INFO - [2021-09-14 18:41:22,214] {dag.py:2306} INFO - Setting next_dagrun for example_task_group to 2021-09-12 00:00:00+00:00
[2021-09-14 18:41:22,314] {processor.py:170} INFO - Processing /home/airflow/.local/lib/python3.8/site-packages/airflow/example_dags/example_task_group.py took 0.239 seconds
[2021-09-14 18:41:53,545] {processor.py:162} INFO - Started process (PID=1187) to work on /home/airflow/.local/lib/python3.8/site-packages/airflow/example_dags/example_task_group.py
[2021-09-14 18:41:53,546] {processor.py:613} INFO - Processing file /home/airflow/.local/lib/python3.8/site-packages/airflow/example_dags/example_task_group.py for tasks to queue
[2021-09-14 18:41:53,546] {logging_mixin.py:109} INFO - [2021-09-14 18:41:53,546] {dagbag.py:496} INFO - Filling up the DagBag from /home/airflow/.local/lib/python3.8/site-packages/airflow/example_dags/example_task_group.py
[2021-09-14 18:41:53,555] {processor.py:623} INFO - DAG(s) dict_keys(['example_task_group']) retrieved from /home/airflow/.local/lib/python3.8/site-packages/airflow/example_dags/example_task_group.py
[2021-09-14 18:41:53,570] {logging_mixin.py:109} INFO - [2021-09-14 18:41:53,570] {dag.py:1833} INFO - Sync 1 DAGs
[2021-09-14 18:41:53,579] {logging_mixin.py:109} INFO - [2021-09-14 18:41:53,579] {dag.py:2306} INFO - Setting next_dagrun for example_task_group to 2021-09-12 00:00:00+00:00
[2021-09-14 18:41:53,589] {processor.py:170} INFO - Processing /home/airflow/.local/lib/python3.8/site-packages/airflow/example_dags/example_task_group.py took 0.047 seconds
[2021-09-14 18:42:23,771] {processor.py:162} INFO - Started process (PID=1235) to work on /home/airflow/.local/lib/python3.8/site-packages/airflow/example_dags/example_task_group.py
[2021-09-14 18:42:23,772] {processor.py:613} INFO - Processing file /home/airflow/.local/lib/python3.8/site-packages/airflow/example_dags/example_task_group.py for tasks to queue
[2021-09-14 18:42:23,772] {logging_mixin.py:109} INFO - [2021-09-14 18:42:23,772] {dagbag.py:496} INFO - Filling up the DagBag from /home/airflow/.local/lib/python3.8/site-packages/airflow/example_dags/example_task_group.py
[2021-09-14 18:42:23,783] {processor.py:623} INFO - DAG(s) dict_keys(['example_task_group']) retrieved from /home/airflow/.local/lib/python3.8/site-packages/airflow/example_dags/example_task_group.py
[2021-09-14 18:42:23,802] {logging_mixin.py:109} INFO - [2021-09-14 18:42:23,802] {dag.py:1833} INFO - Sync 1 DAGs
[2021-09-14 18:42:23,828] {logging_mixin.py:109} INFO - [2021-09-14 18:42:23,828] {dag.py:2306} INFO - Setting next_dagrun for example_task_group to 2021-09-12 00:00:00+00:00
[2021-09-14 18:42:23,836] {processor.py:170} INFO - Processing /home/airflow/.local/lib/python3.8/site-packages/airflow/example_dags/example_task_group.py took 0.069 seconds
[2021-09-14 18:42:54,063] {processor.py:162} INFO - Started process (PID=1293) to work on /home/airflow/.local/lib/python3.8/site-packages/airflow/example_dags/example_task_group.py
[2021-09-14 18:42:54,064] {processor.py:613} INFO - Processing file /home/airflow/.local/lib/python3.8/site-packages/airflow/example_dags/example_task_group.py for tasks to queue
[2021-09-14 18:42:54,064] {logging_mixin.py:109} INFO - [2021-09-14 18:42:54,064] {dagbag.py:496} INFO - Filling up the DagBag from /home/airflow/.local/lib/python3.8/site-packages/airflow/example_dags/example_task_group.py
[2021-09-14 18:42:54,074] {processor.py:623} INFO - DAG(s) dict_keys(['example_task_group']) retrieved from /home/airflow/.local/lib/python3.8/site-packages/airflow/example_dags/example_task_group.py
[2021-09-14 18:42:54,090] {logging_mixin.py:109} INFO - [2021-09-14 18:42:54,089] {dag.py:1833} INFO - Sync 1 DAGs
[2021-09-14 18:42:54,099] {logging_mixin.py:109} INFO - [2021-09-14 18:42:54,099] {dag.py:2306} INFO - Setting next_dagrun for example_task_group to 2021-09-12 00:00:00+00:00
[2021-09-14 18:42:54,107] {processor.py:170} INFO - Processing /home/airflow/.local/lib/python3.8/site-packages/airflow/example_dags/example_task_group.py took 0.047 seconds
[2021-09-14 18:43:24,477] {processor.py:162} INFO - Started process (PID=1351) to work on /home/airflow/.local/lib/python3.8/site-packages/airflow/example_dags/example_task_group.py
[2021-09-14 18:43:24,482] {processor.py:613} INFO - Processing file /home/airflow/.local/lib/python3.8/site-packages/airflow/example_dags/example_task_group.py for tasks to queue
[2021-09-14 18:43:24,483] {logging_mixin.py:109} INFO - [2021-09-14 18:43:24,483] {dagbag.py:496} INFO - Filling up the DagBag from /home/airflow/.local/lib/python3.8/site-packages/airflow/example_dags/example_task_group.py
[2021-09-14 18:43:24,500] {processor.py:623} INFO - DAG(s) dict_keys(['example_task_group']) retrieved from /home/airflow/.local/lib/python3.8/site-packages/airflow/example_dags/example_task_group.py
[2021-09-14 18:43:24,523] {logging_mixin.py:109} INFO - [2021-09-14 18:43:24,522] {dag.py:1833} INFO - Sync 1 DAGs
[2021-09-14 18:43:24,537] {logging_mixin.py:109} INFO - [2021-09-14 18:43:24,537] {dag.py:2306} INFO - Setting next_dagrun for example_task_group to 2021-09-12 00:00:00+00:00
[2021-09-14 18:43:24,549] {processor.py:170} INFO - Processing /home/airflow/.local/lib/python3.8/site-packages/airflow/example_dags/example_task_group.py took 0.076 seconds
[2021-09-14 18:43:54,811] {processor.py:162} INFO - Started process (PID=1399) to work on /home/airflow/.local/lib/python3.8/site-packages/airflow/example_dags/example_task_group.py
[2021-09-14 18:43:54,812] {processor.py:613} INFO - Processing file /home/airflow/.local/lib/python3.8/site-packages/airflow/example_dags/example_task_group.py for tasks to queue
[2021-09-14 18:43:54,813] {logging_mixin.py:109} INFO - [2021-09-14 18:43:54,813] {dagbag.py:496} INFO - Filling up the DagBag from /home/airflow/.local/lib/python3.8/site-packages/airflow/example_dags/example_task_group.py
[2021-09-14 18:43:54,822] {processor.py:623} INFO - DAG(s) dict_keys(['example_task_group']) retrieved from /home/airflow/.local/lib/python3.8/site-packages/airflow/example_dags/example_task_group.py
[2021-09-14 18:43:54,837] {logging_mixin.py:109} INFO - [2021-09-14 18:43:54,837] {dag.py:1833} INFO - Sync 1 DAGs
[2021-09-14 18:43:54,847] {logging_mixin.py:109} INFO - [2021-09-14 18:43:54,846] {dag.py:2306} INFO - Setting next_dagrun for example_task_group to 2021-09-12 00:00:00+00:00
[2021-09-14 18:43:54,853] {processor.py:170} INFO - Processing /home/airflow/.local/lib/python3.8/site-packages/airflow/example_dags/example_task_group.py took 0.045 seconds
[2021-09-14 18:44:25,570] {processor.py:162} INFO - Started process (PID=1455) to work on /home/airflow/.local/lib/python3.8/site-packages/airflow/example_dags/example_task_group.py
[2021-09-14 18:44:25,571] {processor.py:613} INFO - Processing file /home/airflow/.local/lib/python3.8/site-packages/airflow/example_dags/example_task_group.py for tasks to queue
[2021-09-14 18:44:25,572] {logging_mixin.py:109} INFO - [2021-09-14 18:44:25,572] {dagbag.py:496} INFO - Filling up the DagBag from /home/airflow/.local/lib/python3.8/site-packages/airflow/example_dags/example_task_group.py
[2021-09-14 18:44:25,584] {processor.py:623} INFO - DAG(s) dict_keys(['example_task_group']) retrieved from /home/airflow/.local/lib/python3.8/site-packages/airflow/example_dags/example_task_group.py
[2021-09-14 18:44:25,608] {logging_mixin.py:109} INFO - [2021-09-14 18:44:25,608] {dag.py:1833} INFO - Sync 1 DAGs
[2021-09-14 18:44:25,618] {logging_mixin.py:109} INFO - [2021-09-14 18:44:25,618] {dag.py:2306} INFO - Setting next_dagrun for example_task_group to 2021-09-12 00:00:00+00:00
[2021-09-14 18:44:25,625] {processor.py:170} INFO - Processing /home/airflow/.local/lib/python3.8/site-packages/airflow/example_dags/example_task_group.py took 0.058 seconds
[2021-09-14 18:44:56,199] {processor.py:162} INFO - Started process (PID=1502) to work on /home/airflow/.local/lib/python3.8/site-packages/airflow/example_dags/example_task_group.py
[2021-09-14 18:44:56,200] {processor.py:613} INFO - Processing file /home/airflow/.local/lib/python3.8/site-packages/airflow/example_dags/example_task_group.py for tasks to queue
[2021-09-14 18:44:56,201] {logging_mixin.py:109} INFO - [2021-09-14 18:44:56,200] {dagbag.py:496} INFO - Filling up the DagBag from /home/airflow/.local/lib/python3.8/site-packages/airflow/example_dags/example_task_group.py
[2021-09-14 18:44:56,212] {processor.py:623} INFO - DAG(s) dict_keys(['example_task_group']) retrieved from /home/airflow/.local/lib/python3.8/site-packages/airflow/example_dags/example_task_group.py
[2021-09-14 18:44:56,231] {logging_mixin.py:109} INFO - [2021-09-14 18:44:56,231] {dag.py:1833} INFO - Sync 1 DAGs
[2021-09-14 18:44:56,245] {logging_mixin.py:109} INFO - [2021-09-14 18:44:56,245] {dag.py:2306} INFO - Setting next_dagrun for example_task_group to 2021-09-12 00:00:00+00:00
[2021-09-14 18:44:56,253] {processor.py:170} INFO - Processing /home/airflow/.local/lib/python3.8/site-packages/airflow/example_dags/example_task_group.py took 0.057 seconds
[2021-09-14 18:45:26,411] {processor.py:162} INFO - Started process (PID=1558) to work on /home/airflow/.local/lib/python3.8/site-packages/airflow/example_dags/example_task_group.py
[2021-09-14 18:45:26,412] {processor.py:613} INFO - Processing file /home/airflow/.local/lib/python3.8/site-packages/airflow/example_dags/example_task_group.py for tasks to queue
[2021-09-14 18:45:26,413] {logging_mixin.py:109} INFO - [2021-09-14 18:45:26,413] {dagbag.py:496} INFO - Filling up the DagBag from /home/airflow/.local/lib/python3.8/site-packages/airflow/example_dags/example_task_group.py
[2021-09-14 18:45:26,422] {processor.py:623} INFO - DAG(s) dict_keys(['example_task_group']) retrieved from /home/airflow/.local/lib/python3.8/site-packages/airflow/example_dags/example_task_group.py
[2021-09-14 18:45:26,436] {logging_mixin.py:109} INFO - [2021-09-14 18:45:26,436] {dag.py:1833} INFO - Sync 1 DAGs
[2021-09-14 18:45:26,448] {logging_mixin.py:109} INFO - [2021-09-14 18:45:26,447] {dag.py:2306} INFO - Setting next_dagrun for example_task_group to 2021-09-12 00:00:00+00:00
[2021-09-14 18:45:26,456] {processor.py:170} INFO - Processing /home/airflow/.local/lib/python3.8/site-packages/airflow/example_dags/example_task_group.py took 0.047 seconds
[2021-09-14 18:45:56,807] {processor.py:162} INFO - Started process (PID=1613) to work on /home/airflow/.local/lib/python3.8/site-packages/airflow/example_dags/example_task_group.py
[2021-09-14 18:45:56,808] {processor.py:613} INFO - Processing file /home/airflow/.local/lib/python3.8/site-packages/airflow/example_dags/example_task_group.py for tasks to queue
[2021-09-14 18:45:56,809] {logging_mixin.py:109} INFO - [2021-09-14 18:45:56,809] {dagbag.py:496} INFO - Filling up the DagBag from /home/airflow/.local/lib/python3.8/site-packages/airflow/example_dags/example_task_group.py
[2021-09-14 18:45:56,822] {processor.py:623} INFO - DAG(s) dict_keys(['example_task_group']) retrieved from /home/airflow/.local/lib/python3.8/site-packages/airflow/example_dags/example_task_group.py
[2021-09-14 18:45:56,841] {logging_mixin.py:109} INFO - [2021-09-14 18:45:56,841] {dag.py:1833} INFO - Sync 1 DAGs
[2021-09-14 18:45:56,854] {logging_mixin.py:109} INFO - [2021-09-14 18:45:56,854] {dag.py:2306} INFO - Setting next_dagrun for example_task_group to 2021-09-12 00:00:00+00:00
[2021-09-14 18:45:56,863] {processor.py:170} INFO - Processing /home/airflow/.local/lib/python3.8/site-packages/airflow/example_dags/example_task_group.py took 0.059 seconds
[2021-09-14 18:46:27,770] {processor.py:162} INFO - Started process (PID=1660) to work on /home/airflow/.local/lib/python3.8/site-packages/airflow/example_dags/example_task_group.py
[2021-09-14 18:46:27,771] {processor.py:613} INFO - Processing file /home/airflow/.local/lib/python3.8/site-packages/airflow/example_dags/example_task_group.py for tasks to queue
[2021-09-14 18:46:27,772] {logging_mixin.py:109} INFO - [2021-09-14 18:46:27,772] {dagbag.py:496} INFO - Filling up the DagBag from /home/airflow/.local/lib/python3.8/site-packages/airflow/example_dags/example_task_group.py
[2021-09-14 18:46:27,784] {processor.py:623} INFO - DAG(s) dict_keys(['example_task_group']) retrieved from /home/airflow/.local/lib/python3.8/site-packages/airflow/example_dags/example_task_group.py
[2021-09-14 18:46:27,802] {logging_mixin.py:109} INFO - [2021-09-14 18:46:27,802] {dag.py:1833} INFO - Sync 1 DAGs
[2021-09-14 18:46:27,816] {logging_mixin.py:109} INFO - [2021-09-14 18:46:27,816] {dag.py:2306} INFO - Setting next_dagrun for example_task_group to 2021-09-12 00:00:00+00:00
[2021-09-14 18:46:27,833] {processor.py:170} INFO - Processing /home/airflow/.local/lib/python3.8/site-packages/airflow/example_dags/example_task_group.py took 0.066 seconds
[2021-09-14 18:46:58,217] {processor.py:162} INFO - Started process (PID=1715) to work on /home/airflow/.local/lib/python3.8/site-packages/airflow/example_dags/example_task_group.py
[2021-09-14 18:46:58,218] {processor.py:613} INFO - Processing file /home/airflow/.local/lib/python3.8/site-packages/airflow/example_dags/example_task_group.py for tasks to queue
[2021-09-14 18:46:58,219] {logging_mixin.py:109} INFO - [2021-09-14 18:46:58,218] {dagbag.py:496} INFO - Filling up the DagBag from /home/airflow/.local/lib/python3.8/site-packages/airflow/example_dags/example_task_group.py
[2021-09-14 18:46:58,228] {processor.py:623} INFO - DAG(s) dict_keys(['example_task_group']) retrieved from /home/airflow/.local/lib/python3.8/site-packages/airflow/example_dags/example_task_group.py
[2021-09-14 18:46:58,249] {logging_mixin.py:109} INFO - [2021-09-14 18:46:58,248] {dag.py:1833} INFO - Sync 1 DAGs
[2021-09-14 18:46:58,262] {logging_mixin.py:109} INFO - [2021-09-14 18:46:58,261] {dag.py:2306} INFO - Setting next_dagrun for example_task_group to 2021-09-12 00:00:00+00:00
[2021-09-14 18:46:58,269] {processor.py:170} INFO - Processing /home/airflow/.local/lib/python3.8/site-packages/airflow/example_dags/example_task_group.py took 0.055 seconds
[2021-09-14 18:47:28,674] {processor.py:162} INFO - Started process (PID=1769) to work on /home/airflow/.local/lib/python3.8/site-packages/airflow/example_dags/example_task_group.py
[2021-09-14 18:47:28,682] {processor.py:613} INFO - Processing file /home/airflow/.local/lib/python3.8/site-packages/airflow/example_dags/example_task_group.py for tasks to queue
[2021-09-14 18:47:28,686] {logging_mixin.py:109} INFO - [2021-09-14 18:47:28,686] {dagbag.py:496} INFO - Filling up the DagBag from /home/airflow/.local/lib/python3.8/site-packages/airflow/example_dags/example_task_group.py
[2021-09-14 18:47:28,704] {processor.py:623} INFO - DAG(s) dict_keys(['example_task_group']) retrieved from /home/airflow/.local/lib/python3.8/site-packages/airflow/example_dags/example_task_group.py
[2021-09-14 18:47:28,744] {logging_mixin.py:109} INFO - [2021-09-14 18:47:28,743] {dag.py:1833} INFO - Sync 1 DAGs
[2021-09-14 18:47:28,757] {logging_mixin.py:109} INFO - [2021-09-14 18:47:28,757] {dag.py:2306} INFO - Setting next_dagrun for example_task_group to 2021-09-12 00:00:00+00:00
[2021-09-14 18:47:28,774] {processor.py:170} INFO - Processing /home/airflow/.local/lib/python3.8/site-packages/airflow/example_dags/example_task_group.py took 0.103 seconds
[2021-09-14 18:47:59,224] {processor.py:162} INFO - Started process (PID=1820) to work on /home/airflow/.local/lib/python3.8/site-packages/airflow/example_dags/example_task_group.py
[2021-09-14 18:47:59,226] {processor.py:613} INFO - Processing file /home/airflow/.local/lib/python3.8/site-packages/airflow/example_dags/example_task_group.py for tasks to queue
[2021-09-14 18:47:59,226] {logging_mixin.py:109} INFO - [2021-09-14 18:47:59,226] {dagbag.py:496} INFO - Filling up the DagBag from /home/airflow/.local/lib/python3.8/site-packages/airflow/example_dags/example_task_group.py
[2021-09-14 18:47:59,236] {processor.py:623} INFO - DAG(s) dict_keys(['example_task_group']) retrieved from /home/airflow/.local/lib/python3.8/site-packages/airflow/example_dags/example_task_group.py
[2021-09-14 18:47:59,251] {logging_mixin.py:109} INFO - [2021-09-14 18:47:59,251] {dag.py:1833} INFO - Sync 1 DAGs
[2021-09-14 18:47:59,260] {logging_mixin.py:109} INFO - [2021-09-14 18:47:59,260] {dag.py:2306} INFO - Setting next_dagrun for example_task_group to 2021-09-12 00:00:00+00:00
[2021-09-14 18:47:59,267] {processor.py:170} INFO - Processing /home/airflow/.local/lib/python3.8/site-packages/airflow/example_dags/example_task_group.py took 0.045 seconds
[2021-09-14 18:48:29,474] {processor.py:162} INFO - Started process (PID=1876) to work on /home/airflow/.local/lib/python3.8/site-packages/airflow/example_dags/example_task_group.py
[2021-09-14 18:48:29,475] {processor.py:613} INFO - Processing file /home/airflow/.local/lib/python3.8/site-packages/airflow/example_dags/example_task_group.py for tasks to queue
[2021-09-14 18:48:29,476] {logging_mixin.py:109} INFO - [2021-09-14 18:48:29,476] {dagbag.py:496} INFO - Filling up the DagBag from /home/airflow/.local/lib/python3.8/site-packages/airflow/example_dags/example_task_group.py
[2021-09-14 18:48:29,487] {processor.py:623} INFO - DAG(s) dict_keys(['example_task_group']) retrieved from /home/airflow/.local/lib/python3.8/site-packages/airflow/example_dags/example_task_group.py
[2021-09-14 18:48:29,503] {logging_mixin.py:109} INFO - [2021-09-14 18:48:29,503] {dag.py:1833} INFO - Sync 1 DAGs
[2021-09-14 18:48:29,511] {logging_mixin.py:109} INFO - [2021-09-14 18:48:29,511] {dag.py:2306} INFO - Setting next_dagrun for example_task_group to 2021-09-12 00:00:00+00:00
[2021-09-14 18:48:29,518] {processor.py:170} INFO - Processing /home/airflow/.local/lib/python3.8/site-packages/airflow/example_dags/example_task_group.py took 0.047 seconds
[2021-09-14 18:48:59,983] {processor.py:162} INFO - Started process (PID=1924) to work on /home/airflow/.local/lib/python3.8/site-packages/airflow/example_dags/example_task_group.py
[2021-09-14 18:48:59,984] {processor.py:613} INFO - Processing file /home/airflow/.local/lib/python3.8/site-packages/airflow/example_dags/example_task_group.py for tasks to queue
[2021-09-14 18:48:59,985] {logging_mixin.py:109} INFO - [2021-09-14 18:48:59,984] {dagbag.py:496} INFO - Filling up the DagBag from /home/airflow/.local/lib/python3.8/site-packages/airflow/example_dags/example_task_group.py
[2021-09-14 18:48:59,994] {processor.py:623} INFO - DAG(s) dict_keys(['example_task_group']) retrieved from /home/airflow/.local/lib/python3.8/site-packages/airflow/example_dags/example_task_group.py
[2021-09-14 18:49:00,012] {logging_mixin.py:109} INFO - [2021-09-14 18:49:00,012] {dag.py:1833} INFO - Sync 1 DAGs
[2021-09-14 18:49:00,024] {logging_mixin.py:109} INFO - [2021-09-14 18:49:00,024] {dag.py:2306} INFO - Setting next_dagrun for example_task_group to 2021-09-12 00:00:00+00:00
[2021-09-14 18:49:00,031] {processor.py:170} INFO - Processing /home/airflow/.local/lib/python3.8/site-packages/airflow/example_dags/example_task_group.py took 0.051 seconds
[2021-09-14 18:49:30,679] {processor.py:162} INFO - Started process (PID=1980) to work on /home/airflow/.local/lib/python3.8/site-packages/airflow/example_dags/example_task_group.py
[2021-09-14 18:49:30,682] {processor.py:613} INFO - Processing file /home/airflow/.local/lib/python3.8/site-packages/airflow/example_dags/example_task_group.py for tasks to queue
[2021-09-14 18:49:30,683] {logging_mixin.py:109} INFO - [2021-09-14 18:49:30,683] {dagbag.py:496} INFO - Filling up the DagBag from /home/airflow/.local/lib/python3.8/site-packages/airflow/example_dags/example_task_group.py
[2021-09-14 18:49:30,696] {processor.py:623} INFO - DAG(s) dict_keys(['example_task_group']) retrieved from /home/airflow/.local/lib/python3.8/site-packages/airflow/example_dags/example_task_group.py
[2021-09-14 18:49:30,721] {logging_mixin.py:109} INFO - [2021-09-14 18:49:30,721] {dag.py:1833} INFO - Sync 1 DAGs
[2021-09-14 18:49:30,742] {logging_mixin.py:109} INFO - [2021-09-14 18:49:30,742] {dag.py:2306} INFO - Setting next_dagrun for example_task_group to 2021-09-12 00:00:00+00:00
[2021-09-14 18:49:30,751] {processor.py:170} INFO - Processing /home/airflow/.local/lib/python3.8/site-packages/airflow/example_dags/example_task_group.py took 0.074 seconds
[2021-09-14 18:50:01,023] {processor.py:162} INFO - Started process (PID=2027) to work on /home/airflow/.local/lib/python3.8/site-packages/airflow/example_dags/example_task_group.py
[2021-09-14 18:50:01,024] {processor.py:613} INFO - Processing file /home/airflow/.local/lib/python3.8/site-packages/airflow/example_dags/example_task_group.py for tasks to queue
[2021-09-14 18:50:01,025] {logging_mixin.py:109} INFO - [2021-09-14 18:50:01,025] {dagbag.py:496} INFO - Filling up the DagBag from /home/airflow/.local/lib/python3.8/site-packages/airflow/example_dags/example_task_group.py
[2021-09-14 18:50:01,039] {processor.py:623} INFO - DAG(s) dict_keys(['example_task_group']) retrieved from /home/airflow/.local/lib/python3.8/site-packages/airflow/example_dags/example_task_group.py
[2021-09-14 18:50:01,059] {logging_mixin.py:109} INFO - [2021-09-14 18:50:01,059] {dag.py:1833} INFO - Sync 1 DAGs
[2021-09-14 18:50:01,071] {logging_mixin.py:109} INFO - [2021-09-14 18:50:01,071] {dag.py:2306} INFO - Setting next_dagrun for example_task_group to 2021-09-12 00:00:00+00:00
[2021-09-14 18:50:01,085] {processor.py:170} INFO - Processing /home/airflow/.local/lib/python3.8/site-packages/airflow/example_dags/example_task_group.py took 0.064 seconds
[2021-09-14 18:50:31,314] {processor.py:162} INFO - Started process (PID=2082) to work on /home/airflow/.local/lib/python3.8/site-packages/airflow/example_dags/example_task_group.py
[2021-09-14 18:50:31,315] {processor.py:613} INFO - Processing file /home/airflow/.local/lib/python3.8/site-packages/airflow/example_dags/example_task_group.py for tasks to queue
[2021-09-14 18:50:31,316] {logging_mixin.py:109} INFO - [2021-09-14 18:50:31,315] {dagbag.py:496} INFO - Filling up the DagBag from /home/airflow/.local/lib/python3.8/site-packages/airflow/example_dags/example_task_group.py
[2021-09-14 18:50:31,328] {processor.py:623} INFO - DAG(s) dict_keys(['example_task_group']) retrieved from /home/airflow/.local/lib/python3.8/site-packages/airflow/example_dags/example_task_group.py
[2021-09-14 18:50:31,348] {logging_mixin.py:109} INFO - [2021-09-14 18:50:31,348] {dag.py:1833} INFO - Sync 1 DAGs
[2021-09-14 18:50:31,364] {logging_mixin.py:109} INFO - [2021-09-14 18:50:31,364] {dag.py:2306} INFO - Setting next_dagrun for example_task_group to 2021-09-12 00:00:00+00:00
[2021-09-14 18:50:31,384] {processor.py:170} INFO - Processing /home/airflow/.local/lib/python3.8/site-packages/airflow/example_dags/example_task_group.py took 0.073 seconds
[2021-09-14 18:51:01,615] {processor.py:162} INFO - Started process (PID=2133) to work on /home/airflow/.local/lib/python3.8/site-packages/airflow/example_dags/example_task_group.py
[2021-09-14 18:51:01,618] {processor.py:613} INFO - Processing file /home/airflow/.local/lib/python3.8/site-packages/airflow/example_dags/example_task_group.py for tasks to queue
[2021-09-14 18:51:01,620] {logging_mixin.py:109} INFO - [2021-09-14 18:51:01,620] {dagbag.py:496} INFO - Filling up the DagBag from /home/airflow/.local/lib/python3.8/site-packages/airflow/example_dags/example_task_group.py
[2021-09-14 18:51:01,660] {processor.py:623} INFO - DAG(s) dict_keys(['example_task_group']) retrieved from /home/airflow/.local/lib/python3.8/site-packages/airflow/example_dags/example_task_group.py
[2021-09-14 18:51:01,697] {logging_mixin.py:109} INFO - [2021-09-14 18:51:01,697] {dag.py:1833} INFO - Sync 1 DAGs
[2021-09-14 18:51:01,714] {logging_mixin.py:109} INFO - [2021-09-14 18:51:01,714] {dag.py:2306} INFO - Setting next_dagrun for example_task_group to 2021-09-12 00:00:00+00:00
[2021-09-14 18:51:01,740] {processor.py:170} INFO - Processing /home/airflow/.local/lib/python3.8/site-packages/airflow/example_dags/example_task_group.py took 0.135 seconds
[2021-09-14 18:51:32,725] {processor.py:162} INFO - Started process (PID=2194) to work on /home/airflow/.local/lib/python3.8/site-packages/airflow/example_dags/example_task_group.py
[2021-09-14 18:51:32,726] {processor.py:613} INFO - Processing file /home/airflow/.local/lib/python3.8/site-packages/airflow/example_dags/example_task_group.py for tasks to queue
[2021-09-14 18:51:32,727] {logging_mixin.py:109} INFO - [2021-09-14 18:51:32,727] {dagbag.py:496} INFO - Filling up the DagBag from /home/airflow/.local/lib/python3.8/site-packages/airflow/example_dags/example_task_group.py
[2021-09-14 18:51:32,742] {processor.py:623} INFO - DAG(s) dict_keys(['example_task_group']) retrieved from /home/airflow/.local/lib/python3.8/site-packages/airflow/example_dags/example_task_group.py
[2021-09-14 18:51:32,764] {logging_mixin.py:109} INFO - [2021-09-14 18:51:32,764] {dag.py:1833} INFO - Sync 1 DAGs
[2021-09-14 18:51:32,775] {logging_mixin.py:109} INFO - [2021-09-14 18:51:32,775] {dag.py:2306} INFO - Setting next_dagrun for example_task_group to 2021-09-12 00:00:00+00:00
[2021-09-14 18:51:32,784] {processor.py:170} INFO - Processing /home/airflow/.local/lib/python3.8/site-packages/airflow/example_dags/example_task_group.py took 0.061 seconds
[2021-09-14 18:52:03,333] {processor.py:162} INFO - Started process (PID=2251) to work on /home/airflow/.local/lib/python3.8/site-packages/airflow/example_dags/example_task_group.py
[2021-09-14 18:52:03,334] {processor.py:613} INFO - Processing file /home/airflow/.local/lib/python3.8/site-packages/airflow/example_dags/example_task_group.py for tasks to queue
[2021-09-14 18:52:03,334] {logging_mixin.py:109} INFO - [2021-09-14 18:52:03,334] {dagbag.py:496} INFO - Filling up the DagBag from /home/airflow/.local/lib/python3.8/site-packages/airflow/example_dags/example_task_group.py
[2021-09-14 18:52:03,343] {processor.py:623} INFO - DAG(s) dict_keys(['example_task_group']) retrieved from /home/airflow/.local/lib/python3.8/site-packages/airflow/example_dags/example_task_group.py
[2021-09-14 18:52:03,358] {logging_mixin.py:109} INFO - [2021-09-14 18:52:03,358] {dag.py:1833} INFO - Sync 1 DAGs
[2021-09-14 18:52:03,367] {logging_mixin.py:109} INFO - [2021-09-14 18:52:03,367] {dag.py:2306} INFO - Setting next_dagrun for example_task_group to 2021-09-12 00:00:00+00:00
[2021-09-14 18:52:03,373] {processor.py:170} INFO - Processing /home/airflow/.local/lib/python3.8/site-packages/airflow/example_dags/example_task_group.py took 0.043 seconds
[2021-09-14 18:52:33,881] {processor.py:162} INFO - Started process (PID=2297) to work on /home/airflow/.local/lib/python3.8/site-packages/airflow/example_dags/example_task_group.py
[2021-09-14 18:52:33,882] {processor.py:613} INFO - Processing file /home/airflow/.local/lib/python3.8/site-packages/airflow/example_dags/example_task_group.py for tasks to queue
[2021-09-14 18:52:33,883] {logging_mixin.py:109} INFO - [2021-09-14 18:52:33,883] {dagbag.py:496} INFO - Filling up the DagBag from /home/airflow/.local/lib/python3.8/site-packages/airflow/example_dags/example_task_group.py
[2021-09-14 18:52:33,895] {processor.py:623} INFO - DAG(s) dict_keys(['example_task_group']) retrieved from /home/airflow/.local/lib/python3.8/site-packages/airflow/example_dags/example_task_group.py
[2021-09-14 18:52:33,925] {logging_mixin.py:109} INFO - [2021-09-14 18:52:33,923] {dag.py:1833} INFO - Sync 1 DAGs
[2021-09-14 18:52:33,939] {logging_mixin.py:109} INFO - [2021-09-14 18:52:33,938] {dag.py:2306} INFO - Setting next_dagrun for example_task_group to 2021-09-12 00:00:00+00:00
[2021-09-14 18:52:33,947] {processor.py:170} INFO - Processing /home/airflow/.local/lib/python3.8/site-packages/airflow/example_dags/example_task_group.py took 0.068 seconds
[2021-09-14 18:53:04,317] {processor.py:162} INFO - Started process (PID=2352) to work on /home/airflow/.local/lib/python3.8/site-packages/airflow/example_dags/example_task_group.py
[2021-09-14 18:53:04,318] {processor.py:613} INFO - Processing file /home/airflow/.local/lib/python3.8/site-packages/airflow/example_dags/example_task_group.py for tasks to queue
[2021-09-14 18:53:04,320] {logging_mixin.py:109} INFO - [2021-09-14 18:53:04,319] {dagbag.py:496} INFO - Filling up the DagBag from /home/airflow/.local/lib/python3.8/site-packages/airflow/example_dags/example_task_group.py
[2021-09-14 18:53:04,329] {processor.py:623} INFO - DAG(s) dict_keys(['example_task_group']) retrieved from /home/airflow/.local/lib/python3.8/site-packages/airflow/example_dags/example_task_group.py
[2021-09-14 18:53:04,347] {logging_mixin.py:109} INFO - [2021-09-14 18:53:04,346] {dag.py:1833} INFO - Sync 1 DAGs
[2021-09-14 18:53:04,357] {logging_mixin.py:109} INFO - [2021-09-14 18:53:04,356] {dag.py:2306} INFO - Setting next_dagrun for example_task_group to 2021-09-12 00:00:00+00:00
[2021-09-14 18:53:04,366] {processor.py:170} INFO - Processing /home/airflow/.local/lib/python3.8/site-packages/airflow/example_dags/example_task_group.py took 0.052 seconds
[2021-09-14 18:53:34,842] {processor.py:162} INFO - Started process (PID=2399) to work on /home/airflow/.local/lib/python3.8/site-packages/airflow/example_dags/example_task_group.py
[2021-09-14 18:53:34,843] {processor.py:613} INFO - Processing file /home/airflow/.local/lib/python3.8/site-packages/airflow/example_dags/example_task_group.py for tasks to queue
[2021-09-14 18:53:34,843] {logging_mixin.py:109} INFO - [2021-09-14 18:53:34,843] {dagbag.py:496} INFO - Filling up the DagBag from /home/airflow/.local/lib/python3.8/site-packages/airflow/example_dags/example_task_group.py
[2021-09-14 18:53:34,854] {processor.py:623} INFO - DAG(s) dict_keys(['example_task_group']) retrieved from /home/airflow/.local/lib/python3.8/site-packages/airflow/example_dags/example_task_group.py
[2021-09-14 18:53:34,872] {logging_mixin.py:109} INFO - [2021-09-14 18:53:34,872] {dag.py:1833} INFO - Sync 1 DAGs
[2021-09-14 18:53:34,883] {logging_mixin.py:109} INFO - [2021-09-14 18:53:34,883] {dag.py:2306} INFO - Setting next_dagrun for example_task_group to 2021-09-12 00:00:00+00:00
[2021-09-14 18:53:34,894] {processor.py:170} INFO - Processing /home/airflow/.local/lib/python3.8/site-packages/airflow/example_dags/example_task_group.py took 0.055 seconds
[2021-09-14 18:54:05,107] {processor.py:162} INFO - Started process (PID=2456) to work on /home/airflow/.local/lib/python3.8/site-packages/airflow/example_dags/example_task_group.py
[2021-09-14 18:54:05,112] {processor.py:613} INFO - Processing file /home/airflow/.local/lib/python3.8/site-packages/airflow/example_dags/example_task_group.py for tasks to queue
[2021-09-14 18:54:05,115] {logging_mixin.py:109} INFO - [2021-09-14 18:54:05,114] {dagbag.py:496} INFO - Filling up the DagBag from /home/airflow/.local/lib/python3.8/site-packages/airflow/example_dags/example_task_group.py
[2021-09-14 18:54:05,135] {processor.py:623} INFO - DAG(s) dict_keys(['example_task_group']) retrieved from /home/airflow/.local/lib/python3.8/site-packages/airflow/example_dags/example_task_group.py
[2021-09-14 18:54:05,188] {logging_mixin.py:109} INFO - [2021-09-14 18:54:05,187] {dag.py:1833} INFO - Sync 1 DAGs
[2021-09-14 18:54:05,227] {logging_mixin.py:109} INFO - [2021-09-14 18:54:05,227] {dag.py:2306} INFO - Setting next_dagrun for example_task_group to 2021-09-12 00:00:00+00:00
[2021-09-14 18:54:05,244] {processor.py:170} INFO - Processing /home/airflow/.local/lib/python3.8/site-packages/airflow/example_dags/example_task_group.py took 0.145 seconds
[2021-09-14 18:54:35,437] {processor.py:162} INFO - Started process (PID=2511) to work on /home/airflow/.local/lib/python3.8/site-packages/airflow/example_dags/example_task_group.py
[2021-09-14 18:54:35,440] {processor.py:613} INFO - Processing file /home/airflow/.local/lib/python3.8/site-packages/airflow/example_dags/example_task_group.py for tasks to queue
[2021-09-14 18:54:35,442] {logging_mixin.py:109} INFO - [2021-09-14 18:54:35,441] {dagbag.py:496} INFO - Filling up the DagBag from /home/airflow/.local/lib/python3.8/site-packages/airflow/example_dags/example_task_group.py
[2021-09-14 18:54:35,468] {processor.py:623} INFO - DAG(s) dict_keys(['example_task_group']) retrieved from /home/airflow/.local/lib/python3.8/site-packages/airflow/example_dags/example_task_group.py
[2021-09-14 18:54:35,510] {logging_mixin.py:109} INFO - [2021-09-14 18:54:35,510] {dag.py:1833} INFO - Sync 1 DAGs
[2021-09-14 18:54:35,525] {logging_mixin.py:109} INFO - [2021-09-14 18:54:35,525] {dag.py:2306} INFO - Setting next_dagrun for example_task_group to 2021-09-12 00:00:00+00:00
[2021-09-14 18:54:35,538] {processor.py:170} INFO - Processing /home/airflow/.local/lib/python3.8/site-packages/airflow/example_dags/example_task_group.py took 0.105 seconds
[2021-09-14 18:55:05,865] {processor.py:162} INFO - Started process (PID=2558) to work on /home/airflow/.local/lib/python3.8/site-packages/airflow/example_dags/example_task_group.py
[2021-09-14 18:55:05,866] {processor.py:613} INFO - Processing file /home/airflow/.local/lib/python3.8/site-packages/airflow/example_dags/example_task_group.py for tasks to queue
[2021-09-14 18:55:05,867] {logging_mixin.py:109} INFO - [2021-09-14 18:55:05,867] {dagbag.py:496} INFO - Filling up the DagBag from /home/airflow/.local/lib/python3.8/site-packages/airflow/example_dags/example_task_group.py
[2021-09-14 18:55:05,877] {processor.py:623} INFO - DAG(s) dict_keys(['example_task_group']) retrieved from /home/airflow/.local/lib/python3.8/site-packages/airflow/example_dags/example_task_group.py
[2021-09-14 18:55:05,895] {logging_mixin.py:109} INFO - [2021-09-14 18:55:05,895] {dag.py:1833} INFO - Sync 1 DAGs
[2021-09-14 18:55:05,910] {logging_mixin.py:109} INFO - [2021-09-14 18:55:05,910] {dag.py:2306} INFO - Setting next_dagrun for example_task_group to 2021-09-12 00:00:00+00:00
[2021-09-14 18:55:05,920] {processor.py:170} INFO - Processing /home/airflow/.local/lib/python3.8/site-packages/airflow/example_dags/example_task_group.py took 0.058 seconds
[2021-09-14 18:55:36,170] {processor.py:162} INFO - Started process (PID=2613) to work on /home/airflow/.local/lib/python3.8/site-packages/airflow/example_dags/example_task_group.py
[2021-09-14 18:55:36,171] {processor.py:613} INFO - Processing file /home/airflow/.local/lib/python3.8/site-packages/airflow/example_dags/example_task_group.py for tasks to queue
[2021-09-14 18:55:36,172] {logging_mixin.py:109} INFO - [2021-09-14 18:55:36,172] {dagbag.py:496} INFO - Filling up the DagBag from /home/airflow/.local/lib/python3.8/site-packages/airflow/example_dags/example_task_group.py
[2021-09-14 18:55:36,182] {processor.py:623} INFO - DAG(s) dict_keys(['example_task_group']) retrieved from /home/airflow/.local/lib/python3.8/site-packages/airflow/example_dags/example_task_group.py
[2021-09-14 18:55:36,197] {logging_mixin.py:109} INFO - [2021-09-14 18:55:36,197] {dag.py:1833} INFO - Sync 1 DAGs
[2021-09-14 18:55:36,208] {logging_mixin.py:109} INFO - [2021-09-14 18:55:36,208] {dag.py:2306} INFO - Setting next_dagrun for example_task_group to 2021-09-12 00:00:00+00:00
[2021-09-14 18:55:36,217] {processor.py:170} INFO - Processing /home/airflow/.local/lib/python3.8/site-packages/airflow/example_dags/example_task_group.py took 0.050 seconds
[2021-09-14 18:56:07,032] {processor.py:162} INFO - Started process (PID=2660) to work on /home/airflow/.local/lib/python3.8/site-packages/airflow/example_dags/example_task_group.py
[2021-09-14 18:56:07,035] {processor.py:613} INFO - Processing file /home/airflow/.local/lib/python3.8/site-packages/airflow/example_dags/example_task_group.py for tasks to queue
[2021-09-14 18:56:07,035] {logging_mixin.py:109} INFO - [2021-09-14 18:56:07,035] {dagbag.py:496} INFO - Filling up the DagBag from /home/airflow/.local/lib/python3.8/site-packages/airflow/example_dags/example_task_group.py
[2021-09-14 18:56:07,049] {processor.py:623} INFO - DAG(s) dict_keys(['example_task_group']) retrieved from /home/airflow/.local/lib/python3.8/site-packages/airflow/example_dags/example_task_group.py
[2021-09-14 18:56:07,072] {logging_mixin.py:109} INFO - [2021-09-14 18:56:07,072] {dag.py:1833} INFO - Sync 1 DAGs
[2021-09-14 18:56:07,098] {logging_mixin.py:109} INFO - [2021-09-14 18:56:07,097] {dag.py:2306} INFO - Setting next_dagrun for example_task_group to 2021-09-12 00:00:00+00:00
[2021-09-14 18:56:07,107] {processor.py:170} INFO - Processing /home/airflow/.local/lib/python3.8/site-packages/airflow/example_dags/example_task_group.py took 0.079 seconds
[2021-09-14 18:56:37,518] {processor.py:162} INFO - Started process (PID=2717) to work on /home/airflow/.local/lib/python3.8/site-packages/airflow/example_dags/example_task_group.py
[2021-09-14 18:56:37,519] {processor.py:613} INFO - Processing file /home/airflow/.local/lib/python3.8/site-packages/airflow/example_dags/example_task_group.py for tasks to queue
[2021-09-14 18:56:37,519] {logging_mixin.py:109} INFO - [2021-09-14 18:56:37,519] {dagbag.py:496} INFO - Filling up the DagBag from /home/airflow/.local/lib/python3.8/site-packages/airflow/example_dags/example_task_group.py
[2021-09-14 18:56:37,528] {processor.py:623} INFO - DAG(s) dict_keys(['example_task_group']) retrieved from /home/airflow/.local/lib/python3.8/site-packages/airflow/example_dags/example_task_group.py
[2021-09-14 18:56:37,543] {logging_mixin.py:109} INFO - [2021-09-14 18:56:37,543] {dag.py:1833} INFO - Sync 1 DAGs
[2021-09-14 18:56:37,553] {logging_mixin.py:109} INFO - [2021-09-14 18:56:37,553] {dag.py:2306} INFO - Setting next_dagrun for example_task_group to 2021-09-12 00:00:00+00:00
[2021-09-14 18:56:37,560] {processor.py:170} INFO - Processing /home/airflow/.local/lib/python3.8/site-packages/airflow/example_dags/example_task_group.py took 0.044 seconds
[2021-09-14 18:57:08,099] {processor.py:162} INFO - Started process (PID=2774) to work on /home/airflow/.local/lib/python3.8/site-packages/airflow/example_dags/example_task_group.py
[2021-09-14 18:57:08,106] {processor.py:613} INFO - Processing file /home/airflow/.local/lib/python3.8/site-packages/airflow/example_dags/example_task_group.py for tasks to queue
[2021-09-14 18:57:08,107] {logging_mixin.py:109} INFO - [2021-09-14 18:57:08,107] {dagbag.py:496} INFO - Filling up the DagBag from /home/airflow/.local/lib/python3.8/site-packages/airflow/example_dags/example_task_group.py
[2021-09-14 18:57:08,152] {processor.py:623} INFO - DAG(s) dict_keys(['example_task_group']) retrieved from /home/airflow/.local/lib/python3.8/site-packages/airflow/example_dags/example_task_group.py
[2021-09-14 18:57:08,214] {logging_mixin.py:109} INFO - [2021-09-14 18:57:08,210] {dag.py:1833} INFO - Sync 1 DAGs
[2021-09-14 18:57:08,240] {logging_mixin.py:109} INFO - [2021-09-14 18:57:08,237] {dag.py:2306} INFO - Setting next_dagrun for example_task_group to 2021-09-12 00:00:00+00:00
[2021-09-14 18:57:08,258] {processor.py:170} INFO - Processing /home/airflow/.local/lib/python3.8/site-packages/airflow/example_dags/example_task_group.py took 0.169 seconds
[2021-09-14 18:57:39,334] {processor.py:162} INFO - Started process (PID=2821) to work on /home/airflow/.local/lib/python3.8/site-packages/airflow/example_dags/example_task_group.py
[2021-09-14 18:57:39,335] {processor.py:613} INFO - Processing file /home/airflow/.local/lib/python3.8/site-packages/airflow/example_dags/example_task_group.py for tasks to queue
[2021-09-14 18:57:39,336] {logging_mixin.py:109} INFO - [2021-09-14 18:57:39,336] {dagbag.py:496} INFO - Filling up the DagBag from /home/airflow/.local/lib/python3.8/site-packages/airflow/example_dags/example_task_group.py
[2021-09-14 18:57:39,348] {processor.py:623} INFO - DAG(s) dict_keys(['example_task_group']) retrieved from /home/airflow/.local/lib/python3.8/site-packages/airflow/example_dags/example_task_group.py
[2021-09-14 18:57:39,365] {logging_mixin.py:109} INFO - [2021-09-14 18:57:39,365] {dag.py:1833} INFO - Sync 1 DAGs
[2021-09-14 18:57:39,375] {logging_mixin.py:109} INFO - [2021-09-14 18:57:39,375] {dag.py:2306} INFO - Setting next_dagrun for example_task_group to 2021-09-12 00:00:00+00:00
[2021-09-14 18:57:39,386] {processor.py:170} INFO - Processing /home/airflow/.local/lib/python3.8/site-packages/airflow/example_dags/example_task_group.py took 0.055 seconds
[2021-09-14 18:58:10,141] {processor.py:162} INFO - Started process (PID=2876) to work on /home/airflow/.local/lib/python3.8/site-packages/airflow/example_dags/example_task_group.py
[2021-09-14 18:58:10,142] {processor.py:613} INFO - Processing file /home/airflow/.local/lib/python3.8/site-packages/airflow/example_dags/example_task_group.py for tasks to queue
[2021-09-14 18:58:10,143] {logging_mixin.py:109} INFO - [2021-09-14 18:58:10,143] {dagbag.py:496} INFO - Filling up the DagBag from /home/airflow/.local/lib/python3.8/site-packages/airflow/example_dags/example_task_group.py
[2021-09-14 18:58:10,158] {processor.py:623} INFO - DAG(s) dict_keys(['example_task_group']) retrieved from /home/airflow/.local/lib/python3.8/site-packages/airflow/example_dags/example_task_group.py
[2021-09-14 18:58:10,181] {logging_mixin.py:109} INFO - [2021-09-14 18:58:10,181] {dag.py:1833} INFO - Sync 1 DAGs
[2021-09-14 18:58:10,203] {logging_mixin.py:109} INFO - [2021-09-14 18:58:10,203] {dag.py:2306} INFO - Setting next_dagrun for example_task_group to 2021-09-12 00:00:00+00:00
[2021-09-14 18:58:10,217] {processor.py:170} INFO - Processing /home/airflow/.local/lib/python3.8/site-packages/airflow/example_dags/example_task_group.py took 0.081 seconds
[2021-09-14 18:58:40,774] {processor.py:162} INFO - Started process (PID=2925) to work on /home/airflow/.local/lib/python3.8/site-packages/airflow/example_dags/example_task_group.py
[2021-09-14 18:58:40,775] {processor.py:613} INFO - Processing file /home/airflow/.local/lib/python3.8/site-packages/airflow/example_dags/example_task_group.py for tasks to queue
[2021-09-14 18:58:40,776] {logging_mixin.py:109} INFO - [2021-09-14 18:58:40,776] {dagbag.py:496} INFO - Filling up the DagBag from /home/airflow/.local/lib/python3.8/site-packages/airflow/example_dags/example_task_group.py
[2021-09-14 18:58:40,785] {processor.py:623} INFO - DAG(s) dict_keys(['example_task_group']) retrieved from /home/airflow/.local/lib/python3.8/site-packages/airflow/example_dags/example_task_group.py
[2021-09-14 18:58:40,801] {logging_mixin.py:109} INFO - [2021-09-14 18:58:40,801] {dag.py:1833} INFO - Sync 1 DAGs
[2021-09-14 18:58:40,810] {logging_mixin.py:109} INFO - [2021-09-14 18:58:40,810] {dag.py:2306} INFO - Setting next_dagrun for example_task_group to 2021-09-12 00:00:00+00:00
[2021-09-14 18:58:40,817] {processor.py:170} INFO - Processing /home/airflow/.local/lib/python3.8/site-packages/airflow/example_dags/example_task_group.py took 0.046 seconds
[2021-09-14 18:59:11,040] {processor.py:162} INFO - Started process (PID=2982) to work on /home/airflow/.local/lib/python3.8/site-packages/airflow/example_dags/example_task_group.py
[2021-09-14 18:59:11,041] {processor.py:613} INFO - Processing file /home/airflow/.local/lib/python3.8/site-packages/airflow/example_dags/example_task_group.py for tasks to queue
[2021-09-14 18:59:11,042] {logging_mixin.py:109} INFO - [2021-09-14 18:59:11,042] {dagbag.py:496} INFO - Filling up the DagBag from /home/airflow/.local/lib/python3.8/site-packages/airflow/example_dags/example_task_group.py
[2021-09-14 18:59:11,054] {processor.py:623} INFO - DAG(s) dict_keys(['example_task_group']) retrieved from /home/airflow/.local/lib/python3.8/site-packages/airflow/example_dags/example_task_group.py
[2021-09-14 18:59:11,073] {logging_mixin.py:109} INFO - [2021-09-14 18:59:11,073] {dag.py:1833} INFO - Sync 1 DAGs
[2021-09-14 18:59:11,085] {logging_mixin.py:109} INFO - [2021-09-14 18:59:11,085] {dag.py:2306} INFO - Setting next_dagrun for example_task_group to 2021-09-12 00:00:00+00:00
[2021-09-14 18:59:11,098] {processor.py:170} INFO - Processing /home/airflow/.local/lib/python3.8/site-packages/airflow/example_dags/example_task_group.py took 0.061 seconds
[2021-09-14 18:59:41,294] {processor.py:162} INFO - Started process (PID=3037) to work on /home/airflow/.local/lib/python3.8/site-packages/airflow/example_dags/example_task_group.py
[2021-09-14 18:59:41,295] {processor.py:613} INFO - Processing file /home/airflow/.local/lib/python3.8/site-packages/airflow/example_dags/example_task_group.py for tasks to queue
[2021-09-14 18:59:41,296] {logging_mixin.py:109} INFO - [2021-09-14 18:59:41,296] {dagbag.py:496} INFO - Filling up the DagBag from /home/airflow/.local/lib/python3.8/site-packages/airflow/example_dags/example_task_group.py
[2021-09-14 18:59:41,307] {processor.py:623} INFO - DAG(s) dict_keys(['example_task_group']) retrieved from /home/airflow/.local/lib/python3.8/site-packages/airflow/example_dags/example_task_group.py
[2021-09-14 18:59:41,325] {logging_mixin.py:109} INFO - [2021-09-14 18:59:41,325] {dag.py:1833} INFO - Sync 1 DAGs
[2021-09-14 18:59:41,335] {logging_mixin.py:109} INFO - [2021-09-14 18:59:41,335] {dag.py:2306} INFO - Setting next_dagrun for example_task_group to 2021-09-12 00:00:00+00:00
[2021-09-14 18:59:41,344] {processor.py:170} INFO - Processing /home/airflow/.local/lib/python3.8/site-packages/airflow/example_dags/example_task_group.py took 0.053 seconds
[2021-09-14 19:00:11,666] {processor.py:162} INFO - Started process (PID=3086) to work on /home/airflow/.local/lib/python3.8/site-packages/airflow/example_dags/example_task_group.py
[2021-09-14 19:00:11,667] {processor.py:613} INFO - Processing file /home/airflow/.local/lib/python3.8/site-packages/airflow/example_dags/example_task_group.py for tasks to queue
[2021-09-14 19:00:11,668] {logging_mixin.py:109} INFO - [2021-09-14 19:00:11,668] {dagbag.py:496} INFO - Filling up the DagBag from /home/airflow/.local/lib/python3.8/site-packages/airflow/example_dags/example_task_group.py
[2021-09-14 19:00:11,680] {processor.py:623} INFO - DAG(s) dict_keys(['example_task_group']) retrieved from /home/airflow/.local/lib/python3.8/site-packages/airflow/example_dags/example_task_group.py
[2021-09-14 19:00:11,700] {logging_mixin.py:109} INFO - [2021-09-14 19:00:11,700] {dag.py:1833} INFO - Sync 1 DAGs
[2021-09-14 19:00:11,717] {logging_mixin.py:109} INFO - [2021-09-14 19:00:11,717] {dag.py:2306} INFO - Setting next_dagrun for example_task_group to 2021-09-12 00:00:00+00:00
[2021-09-14 19:00:11,725] {processor.py:170} INFO - Processing /home/airflow/.local/lib/python3.8/site-packages/airflow/example_dags/example_task_group.py took 0.062 seconds
[2021-09-14 19:00:41,909] {processor.py:162} INFO - Started process (PID=3143) to work on /home/airflow/.local/lib/python3.8/site-packages/airflow/example_dags/example_task_group.py
[2021-09-14 19:00:41,910] {processor.py:613} INFO - Processing file /home/airflow/.local/lib/python3.8/site-packages/airflow/example_dags/example_task_group.py for tasks to queue
[2021-09-14 19:00:41,911] {logging_mixin.py:109} INFO - [2021-09-14 19:00:41,910] {dagbag.py:496} INFO - Filling up the DagBag from /home/airflow/.local/lib/python3.8/site-packages/airflow/example_dags/example_task_group.py
[2021-09-14 19:00:41,920] {processor.py:623} INFO - DAG(s) dict_keys(['example_task_group']) retrieved from /home/airflow/.local/lib/python3.8/site-packages/airflow/example_dags/example_task_group.py
[2021-09-14 19:00:41,937] {logging_mixin.py:109} INFO - [2021-09-14 19:00:41,937] {dag.py:1833} INFO - Sync 1 DAGs
[2021-09-14 19:00:41,951] {logging_mixin.py:109} INFO - [2021-09-14 19:00:41,951] {dag.py:2306} INFO - Setting next_dagrun for example_task_group to 2021-09-12 00:00:00+00:00
[2021-09-14 19:00:41,961] {processor.py:170} INFO - Processing /home/airflow/.local/lib/python3.8/site-packages/airflow/example_dags/example_task_group.py took 0.056 seconds
[2021-09-14 19:01:12,546] {processor.py:162} INFO - Started process (PID=3191) to work on /home/airflow/.local/lib/python3.8/site-packages/airflow/example_dags/example_task_group.py
[2021-09-14 19:01:12,547] {processor.py:613} INFO - Processing file /home/airflow/.local/lib/python3.8/site-packages/airflow/example_dags/example_task_group.py for tasks to queue
[2021-09-14 19:01:12,548] {logging_mixin.py:109} INFO - [2021-09-14 19:01:12,548] {dagbag.py:496} INFO - Filling up the DagBag from /home/airflow/.local/lib/python3.8/site-packages/airflow/example_dags/example_task_group.py
[2021-09-14 19:01:12,561] {processor.py:623} INFO - DAG(s) dict_keys(['example_task_group']) retrieved from /home/airflow/.local/lib/python3.8/site-packages/airflow/example_dags/example_task_group.py
[2021-09-14 19:01:12,583] {logging_mixin.py:109} INFO - [2021-09-14 19:01:12,583] {dag.py:1833} INFO - Sync 1 DAGs
[2021-09-14 19:01:12,596] {logging_mixin.py:109} INFO - [2021-09-14 19:01:12,595] {dag.py:2306} INFO - Setting next_dagrun for example_task_group to 2021-09-12 00:00:00+00:00
[2021-09-14 19:01:12,605] {processor.py:170} INFO - Processing /home/airflow/.local/lib/python3.8/site-packages/airflow/example_dags/example_task_group.py took 0.064 seconds
[2021-09-14 19:01:42,703] {processor.py:162} INFO - Started process (PID=3246) to work on /home/airflow/.local/lib/python3.8/site-packages/airflow/example_dags/example_task_group.py
[2021-09-14 19:01:42,704] {processor.py:613} INFO - Processing file /home/airflow/.local/lib/python3.8/site-packages/airflow/example_dags/example_task_group.py for tasks to queue
[2021-09-14 19:01:42,705] {logging_mixin.py:109} INFO - [2021-09-14 19:01:42,705] {dagbag.py:496} INFO - Filling up the DagBag from /home/airflow/.local/lib/python3.8/site-packages/airflow/example_dags/example_task_group.py
[2021-09-14 19:01:42,716] {processor.py:623} INFO - DAG(s) dict_keys(['example_task_group']) retrieved from /home/airflow/.local/lib/python3.8/site-packages/airflow/example_dags/example_task_group.py
[2021-09-14 19:01:42,731] {logging_mixin.py:109} INFO - [2021-09-14 19:01:42,731] {dag.py:1833} INFO - Sync 1 DAGs
[2021-09-14 19:01:42,740] {logging_mixin.py:109} INFO - [2021-09-14 19:01:42,740] {dag.py:2306} INFO - Setting next_dagrun for example_task_group to 2021-09-12 00:00:00+00:00
[2021-09-14 19:01:42,746] {processor.py:170} INFO - Processing /home/airflow/.local/lib/python3.8/site-packages/airflow/example_dags/example_task_group.py took 0.045 seconds
[2021-09-14 19:02:12,998] {processor.py:162} INFO - Started process (PID=3296) to work on /home/airflow/.local/lib/python3.8/site-packages/airflow/example_dags/example_task_group.py
[2021-09-14 19:02:12,999] {processor.py:613} INFO - Processing file /home/airflow/.local/lib/python3.8/site-packages/airflow/example_dags/example_task_group.py for tasks to queue
[2021-09-14 19:02:13,000] {logging_mixin.py:109} INFO - [2021-09-14 19:02:13,000] {dagbag.py:496} INFO - Filling up the DagBag from /home/airflow/.local/lib/python3.8/site-packages/airflow/example_dags/example_task_group.py
[2021-09-14 19:02:13,009] {processor.py:623} INFO - DAG(s) dict_keys(['example_task_group']) retrieved from /home/airflow/.local/lib/python3.8/site-packages/airflow/example_dags/example_task_group.py
[2021-09-14 19:02:13,026] {logging_mixin.py:109} INFO - [2021-09-14 19:02:13,026] {dag.py:1833} INFO - Sync 1 DAGs
[2021-09-14 19:02:13,036] {logging_mixin.py:109} INFO - [2021-09-14 19:02:13,036] {dag.py:2306} INFO - Setting next_dagrun for example_task_group to 2021-09-12 00:00:00+00:00
[2021-09-14 19:02:13,043] {processor.py:170} INFO - Processing /home/airflow/.local/lib/python3.8/site-packages/airflow/example_dags/example_task_group.py took 0.047 seconds
[2021-09-14 19:02:43,403] {processor.py:162} INFO - Started process (PID=3354) to work on /home/airflow/.local/lib/python3.8/site-packages/airflow/example_dags/example_task_group.py
[2021-09-14 19:02:43,404] {processor.py:613} INFO - Processing file /home/airflow/.local/lib/python3.8/site-packages/airflow/example_dags/example_task_group.py for tasks to queue
[2021-09-14 19:02:43,405] {logging_mixin.py:109} INFO - [2021-09-14 19:02:43,405] {dagbag.py:496} INFO - Filling up the DagBag from /home/airflow/.local/lib/python3.8/site-packages/airflow/example_dags/example_task_group.py
[2021-09-14 19:02:43,419] {processor.py:623} INFO - DAG(s) dict_keys(['example_task_group']) retrieved from /home/airflow/.local/lib/python3.8/site-packages/airflow/example_dags/example_task_group.py
[2021-09-14 19:02:43,451] {logging_mixin.py:109} INFO - [2021-09-14 19:02:43,451] {dag.py:1833} INFO - Sync 1 DAGs
[2021-09-14 19:02:43,466] {logging_mixin.py:109} INFO - [2021-09-14 19:02:43,466] {dag.py:2306} INFO - Setting next_dagrun for example_task_group to 2021-09-12 00:00:00+00:00
[2021-09-14 19:02:43,479] {processor.py:170} INFO - Processing /home/airflow/.local/lib/python3.8/site-packages/airflow/example_dags/example_task_group.py took 0.080 seconds
[2021-09-14 19:03:13,957] {processor.py:162} INFO - Started process (PID=3409) to work on /home/airflow/.local/lib/python3.8/site-packages/airflow/example_dags/example_task_group.py
[2021-09-14 19:03:13,958] {processor.py:613} INFO - Processing file /home/airflow/.local/lib/python3.8/site-packages/airflow/example_dags/example_task_group.py for tasks to queue
[2021-09-14 19:03:13,959] {logging_mixin.py:109} INFO - [2021-09-14 19:03:13,959] {dagbag.py:496} INFO - Filling up the DagBag from /home/airflow/.local/lib/python3.8/site-packages/airflow/example_dags/example_task_group.py
[2021-09-14 19:03:13,971] {processor.py:623} INFO - DAG(s) dict_keys(['example_task_group']) retrieved from /home/airflow/.local/lib/python3.8/site-packages/airflow/example_dags/example_task_group.py
[2021-09-14 19:03:13,986] {logging_mixin.py:109} INFO - [2021-09-14 19:03:13,986] {dag.py:1833} INFO - Sync 1 DAGs
[2021-09-14 19:03:13,996] {logging_mixin.py:109} INFO - [2021-09-14 19:03:13,996] {dag.py:2306} INFO - Setting next_dagrun for example_task_group to 2021-09-12 00:00:00+00:00
[2021-09-14 19:03:14,003] {processor.py:170} INFO - Processing /home/airflow/.local/lib/python3.8/site-packages/airflow/example_dags/example_task_group.py took 0.049 seconds
[2021-09-14 19:03:44,682] {processor.py:162} INFO - Started process (PID=3459) to work on /home/airflow/.local/lib/python3.8/site-packages/airflow/example_dags/example_task_group.py
[2021-09-14 19:03:44,694] {processor.py:613} INFO - Processing file /home/airflow/.local/lib/python3.8/site-packages/airflow/example_dags/example_task_group.py for tasks to queue
[2021-09-14 19:03:44,695] {logging_mixin.py:109} INFO - [2021-09-14 19:03:44,695] {dagbag.py:496} INFO - Filling up the DagBag from /home/airflow/.local/lib/python3.8/site-packages/airflow/example_dags/example_task_group.py
[2021-09-14 19:03:44,727] {processor.py:623} INFO - DAG(s) dict_keys(['example_task_group']) retrieved from /home/airflow/.local/lib/python3.8/site-packages/airflow/example_dags/example_task_group.py
[2021-09-14 19:03:44,751] {logging_mixin.py:109} INFO - [2021-09-14 19:03:44,751] {dag.py:1833} INFO - Sync 1 DAGs
[2021-09-14 19:03:44,780] {logging_mixin.py:109} INFO - [2021-09-14 19:03:44,780] {dag.py:2306} INFO - Setting next_dagrun for example_task_group to 2021-09-12 00:00:00+00:00
[2021-09-14 19:03:44,791] {processor.py:170} INFO - Processing /home/airflow/.local/lib/python3.8/site-packages/airflow/example_dags/example_task_group.py took 0.112 seconds
