[2021-09-14 18:32:00,444] {processor.py:162} INFO - Started process (PID=79) to work on /home/airflow/.local/lib/python3.8/site-packages/airflow/example_dags/example_external_task_marker_dag.py
[2021-09-14 18:32:00,445] {processor.py:613} INFO - Processing file /home/airflow/.local/lib/python3.8/site-packages/airflow/example_dags/example_external_task_marker_dag.py for tasks to queue
[2021-09-14 18:32:00,446] {logging_mixin.py:109} INFO - [2021-09-14 18:32:00,446] {dagbag.py:496} INFO - Filling up the DagBag from /home/airflow/.local/lib/python3.8/site-packages/airflow/example_dags/example_external_task_marker_dag.py
[2021-09-14 18:32:00,460] {processor.py:623} INFO - DAG(s) dict_keys(['example_external_task_marker_parent', 'example_external_task_marker_child']) retrieved from /home/airflow/.local/lib/python3.8/site-packages/airflow/example_dags/example_external_task_marker_dag.py
[2021-09-14 18:32:02,576] {logging_mixin.py:109} INFO - [2021-09-14 18:32:02,576] {dag.py:1833} INFO - Sync 2 DAGs
[2021-09-14 18:32:02,585] {logging_mixin.py:109} INFO - [2021-09-14 18:32:02,585] {dag.py:1852} INFO - Creating ORM DAG for example_external_task_marker_child
[2021-09-14 18:32:02,586] {logging_mixin.py:109} INFO - [2021-09-14 18:32:02,586] {dag.py:1852} INFO - Creating ORM DAG for example_external_task_marker_parent
[2021-09-14 18:32:02,591] {logging_mixin.py:109} INFO - [2021-09-14 18:32:02,591] {dag.py:2306} INFO - Setting next_dagrun for example_external_task_marker_child to None
[2021-09-14 18:32:02,592] {logging_mixin.py:109} INFO - [2021-09-14 18:32:02,592] {dag.py:2306} INFO - Setting next_dagrun for example_external_task_marker_parent to None
[2021-09-14 18:32:02,611] {processor.py:170} INFO - Processing /home/airflow/.local/lib/python3.8/site-packages/airflow/example_dags/example_external_task_marker_dag.py took 2.170 seconds
[2021-09-14 18:32:32,729] {processor.py:162} INFO - Started process (PID=223) to work on /home/airflow/.local/lib/python3.8/site-packages/airflow/example_dags/example_external_task_marker_dag.py
[2021-09-14 18:32:32,730] {processor.py:613} INFO - Processing file /home/airflow/.local/lib/python3.8/site-packages/airflow/example_dags/example_external_task_marker_dag.py for tasks to queue
[2021-09-14 18:32:32,731] {logging_mixin.py:109} INFO - [2021-09-14 18:32:32,731] {dagbag.py:496} INFO - Filling up the DagBag from /home/airflow/.local/lib/python3.8/site-packages/airflow/example_dags/example_external_task_marker_dag.py
[2021-09-14 18:32:32,743] {processor.py:623} INFO - DAG(s) dict_keys(['example_external_task_marker_parent', 'example_external_task_marker_child']) retrieved from /home/airflow/.local/lib/python3.8/site-packages/airflow/example_dags/example_external_task_marker_dag.py
[2021-09-14 18:32:32,762] {logging_mixin.py:109} INFO - [2021-09-14 18:32:32,762] {dag.py:1833} INFO - Sync 2 DAGs
[2021-09-14 18:32:32,775] {logging_mixin.py:109} INFO - [2021-09-14 18:32:32,774] {dag.py:2306} INFO - Setting next_dagrun for example_external_task_marker_child to None
[2021-09-14 18:32:32,776] {logging_mixin.py:109} INFO - [2021-09-14 18:32:32,776] {dag.py:2306} INFO - Setting next_dagrun for example_external_task_marker_parent to None
[2021-09-14 18:32:32,790] {processor.py:170} INFO - Processing /home/airflow/.local/lib/python3.8/site-packages/airflow/example_dags/example_external_task_marker_dag.py took 0.064 seconds
[2021-09-14 18:33:03,453] {processor.py:162} INFO - Started process (PID=271) to work on /home/airflow/.local/lib/python3.8/site-packages/airflow/example_dags/example_external_task_marker_dag.py
[2021-09-14 18:33:03,459] {processor.py:613} INFO - Processing file /home/airflow/.local/lib/python3.8/site-packages/airflow/example_dags/example_external_task_marker_dag.py for tasks to queue
[2021-09-14 18:33:03,464] {logging_mixin.py:109} INFO - [2021-09-14 18:33:03,464] {dagbag.py:496} INFO - Filling up the DagBag from /home/airflow/.local/lib/python3.8/site-packages/airflow/example_dags/example_external_task_marker_dag.py
[2021-09-14 18:33:03,535] {processor.py:623} INFO - DAG(s) dict_keys(['example_external_task_marker_parent', 'example_external_task_marker_child']) retrieved from /home/airflow/.local/lib/python3.8/site-packages/airflow/example_dags/example_external_task_marker_dag.py
[2021-09-14 18:33:03,627] {logging_mixin.py:109} INFO - [2021-09-14 18:33:03,627] {dag.py:1833} INFO - Sync 2 DAGs
[2021-09-14 18:33:03,685] {logging_mixin.py:109} INFO - [2021-09-14 18:33:03,685] {dag.py:2306} INFO - Setting next_dagrun for example_external_task_marker_child to None
[2021-09-14 18:33:03,687] {logging_mixin.py:109} INFO - [2021-09-14 18:33:03,687] {dag.py:2306} INFO - Setting next_dagrun for example_external_task_marker_parent to None
[2021-09-14 18:33:03,700] {processor.py:170} INFO - Processing /home/airflow/.local/lib/python3.8/site-packages/airflow/example_dags/example_external_task_marker_dag.py took 0.252 seconds
[2021-09-14 18:33:34,458] {processor.py:162} INFO - Started process (PID=326) to work on /home/airflow/.local/lib/python3.8/site-packages/airflow/example_dags/example_external_task_marker_dag.py
[2021-09-14 18:33:34,459] {processor.py:613} INFO - Processing file /home/airflow/.local/lib/python3.8/site-packages/airflow/example_dags/example_external_task_marker_dag.py for tasks to queue
[2021-09-14 18:33:34,460] {logging_mixin.py:109} INFO - [2021-09-14 18:33:34,460] {dagbag.py:496} INFO - Filling up the DagBag from /home/airflow/.local/lib/python3.8/site-packages/airflow/example_dags/example_external_task_marker_dag.py
[2021-09-14 18:33:34,468] {processor.py:623} INFO - DAG(s) dict_keys(['example_external_task_marker_parent', 'example_external_task_marker_child']) retrieved from /home/airflow/.local/lib/python3.8/site-packages/airflow/example_dags/example_external_task_marker_dag.py
[2021-09-14 18:33:34,484] {logging_mixin.py:109} INFO - [2021-09-14 18:33:34,484] {dag.py:1833} INFO - Sync 2 DAGs
[2021-09-14 18:33:34,494] {logging_mixin.py:109} INFO - [2021-09-14 18:33:34,494] {dag.py:2306} INFO - Setting next_dagrun for example_external_task_marker_child to None
[2021-09-14 18:33:34,495] {logging_mixin.py:109} INFO - [2021-09-14 18:33:34,495] {dag.py:2306} INFO - Setting next_dagrun for example_external_task_marker_parent to None
[2021-09-14 18:33:34,502] {processor.py:170} INFO - Processing /home/airflow/.local/lib/python3.8/site-packages/airflow/example_dags/example_external_task_marker_dag.py took 0.046 seconds
[2021-09-14 18:34:04,624] {processor.py:162} INFO - Started process (PID=382) to work on /home/airflow/.local/lib/python3.8/site-packages/airflow/example_dags/example_external_task_marker_dag.py
[2021-09-14 18:34:04,626] {processor.py:613} INFO - Processing file /home/airflow/.local/lib/python3.8/site-packages/airflow/example_dags/example_external_task_marker_dag.py for tasks to queue
[2021-09-14 18:34:04,627] {logging_mixin.py:109} INFO - [2021-09-14 18:34:04,627] {dagbag.py:496} INFO - Filling up the DagBag from /home/airflow/.local/lib/python3.8/site-packages/airflow/example_dags/example_external_task_marker_dag.py
[2021-09-14 18:34:04,636] {processor.py:623} INFO - DAG(s) dict_keys(['example_external_task_marker_parent', 'example_external_task_marker_child']) retrieved from /home/airflow/.local/lib/python3.8/site-packages/airflow/example_dags/example_external_task_marker_dag.py
[2021-09-14 18:34:04,710] {logging_mixin.py:109} INFO - [2021-09-14 18:34:04,710] {dag.py:1833} INFO - Sync 2 DAGs
[2021-09-14 18:34:04,737] {logging_mixin.py:109} INFO - [2021-09-14 18:34:04,736] {dag.py:2306} INFO - Setting next_dagrun for example_external_task_marker_child to None
[2021-09-14 18:34:04,740] {logging_mixin.py:109} INFO - [2021-09-14 18:34:04,740] {dag.py:2306} INFO - Setting next_dagrun for example_external_task_marker_parent to None
[2021-09-14 18:34:04,778] {processor.py:170} INFO - Processing /home/airflow/.local/lib/python3.8/site-packages/airflow/example_dags/example_external_task_marker_dag.py took 0.156 seconds
[2021-09-14 18:34:34,862] {processor.py:162} INFO - Started process (PID=432) to work on /home/airflow/.local/lib/python3.8/site-packages/airflow/example_dags/example_external_task_marker_dag.py
[2021-09-14 18:34:34,863] {processor.py:613} INFO - Processing file /home/airflow/.local/lib/python3.8/site-packages/airflow/example_dags/example_external_task_marker_dag.py for tasks to queue
[2021-09-14 18:34:34,863] {logging_mixin.py:109} INFO - [2021-09-14 18:34:34,863] {dagbag.py:496} INFO - Filling up the DagBag from /home/airflow/.local/lib/python3.8/site-packages/airflow/example_dags/example_external_task_marker_dag.py
[2021-09-14 18:34:34,871] {processor.py:623} INFO - DAG(s) dict_keys(['example_external_task_marker_parent', 'example_external_task_marker_child']) retrieved from /home/airflow/.local/lib/python3.8/site-packages/airflow/example_dags/example_external_task_marker_dag.py
[2021-09-14 18:34:34,888] {logging_mixin.py:109} INFO - [2021-09-14 18:34:34,888] {dag.py:1833} INFO - Sync 2 DAGs
[2021-09-14 18:34:34,902] {logging_mixin.py:109} INFO - [2021-09-14 18:34:34,901] {dag.py:2306} INFO - Setting next_dagrun for example_external_task_marker_child to None
[2021-09-14 18:34:34,903] {logging_mixin.py:109} INFO - [2021-09-14 18:34:34,902] {dag.py:2306} INFO - Setting next_dagrun for example_external_task_marker_parent to None
[2021-09-14 18:34:34,910] {processor.py:170} INFO - Processing /home/airflow/.local/lib/python3.8/site-packages/airflow/example_dags/example_external_task_marker_dag.py took 0.051 seconds
[2021-09-14 18:35:05,107] {processor.py:162} INFO - Started process (PID=486) to work on /home/airflow/.local/lib/python3.8/site-packages/airflow/example_dags/example_external_task_marker_dag.py
[2021-09-14 18:35:05,108] {processor.py:613} INFO - Processing file /home/airflow/.local/lib/python3.8/site-packages/airflow/example_dags/example_external_task_marker_dag.py for tasks to queue
[2021-09-14 18:35:05,110] {logging_mixin.py:109} INFO - [2021-09-14 18:35:05,110] {dagbag.py:496} INFO - Filling up the DagBag from /home/airflow/.local/lib/python3.8/site-packages/airflow/example_dags/example_external_task_marker_dag.py
[2021-09-14 18:35:05,122] {processor.py:623} INFO - DAG(s) dict_keys(['example_external_task_marker_parent', 'example_external_task_marker_child']) retrieved from /home/airflow/.local/lib/python3.8/site-packages/airflow/example_dags/example_external_task_marker_dag.py
[2021-09-14 18:35:05,144] {logging_mixin.py:109} INFO - [2021-09-14 18:35:05,144] {dag.py:1833} INFO - Sync 2 DAGs
[2021-09-14 18:35:05,159] {logging_mixin.py:109} INFO - [2021-09-14 18:35:05,158] {dag.py:2306} INFO - Setting next_dagrun for example_external_task_marker_child to None
[2021-09-14 18:35:05,159] {logging_mixin.py:109} INFO - [2021-09-14 18:35:05,159] {dag.py:2306} INFO - Setting next_dagrun for example_external_task_marker_parent to None
[2021-09-14 18:35:05,168] {processor.py:170} INFO - Processing /home/airflow/.local/lib/python3.8/site-packages/airflow/example_dags/example_external_task_marker_dag.py took 0.065 seconds
[2021-09-14 18:35:36,062] {processor.py:162} INFO - Started process (PID=533) to work on /home/airflow/.local/lib/python3.8/site-packages/airflow/example_dags/example_external_task_marker_dag.py
[2021-09-14 18:35:36,063] {processor.py:613} INFO - Processing file /home/airflow/.local/lib/python3.8/site-packages/airflow/example_dags/example_external_task_marker_dag.py for tasks to queue
[2021-09-14 18:35:36,064] {logging_mixin.py:109} INFO - [2021-09-14 18:35:36,064] {dagbag.py:496} INFO - Filling up the DagBag from /home/airflow/.local/lib/python3.8/site-packages/airflow/example_dags/example_external_task_marker_dag.py
[2021-09-14 18:35:36,073] {processor.py:623} INFO - DAG(s) dict_keys(['example_external_task_marker_parent', 'example_external_task_marker_child']) retrieved from /home/airflow/.local/lib/python3.8/site-packages/airflow/example_dags/example_external_task_marker_dag.py
[2021-09-14 18:35:36,092] {logging_mixin.py:109} INFO - [2021-09-14 18:35:36,092] {dag.py:1833} INFO - Sync 2 DAGs
[2021-09-14 18:35:36,103] {logging_mixin.py:109} INFO - [2021-09-14 18:35:36,102] {dag.py:2306} INFO - Setting next_dagrun for example_external_task_marker_child to None
[2021-09-14 18:35:36,104] {logging_mixin.py:109} INFO - [2021-09-14 18:35:36,103] {dag.py:2306} INFO - Setting next_dagrun for example_external_task_marker_parent to None
[2021-09-14 18:35:36,116] {processor.py:170} INFO - Processing /home/airflow/.local/lib/python3.8/site-packages/airflow/example_dags/example_external_task_marker_dag.py took 0.057 seconds
[2021-09-14 18:36:06,545] {processor.py:162} INFO - Started process (PID=588) to work on /home/airflow/.local/lib/python3.8/site-packages/airflow/example_dags/example_external_task_marker_dag.py
[2021-09-14 18:36:06,546] {processor.py:613} INFO - Processing file /home/airflow/.local/lib/python3.8/site-packages/airflow/example_dags/example_external_task_marker_dag.py for tasks to queue
[2021-09-14 18:36:06,547] {logging_mixin.py:109} INFO - [2021-09-14 18:36:06,547] {dagbag.py:496} INFO - Filling up the DagBag from /home/airflow/.local/lib/python3.8/site-packages/airflow/example_dags/example_external_task_marker_dag.py
[2021-09-14 18:36:06,558] {processor.py:623} INFO - DAG(s) dict_keys(['example_external_task_marker_parent', 'example_external_task_marker_child']) retrieved from /home/airflow/.local/lib/python3.8/site-packages/airflow/example_dags/example_external_task_marker_dag.py
[2021-09-14 18:36:06,582] {logging_mixin.py:109} INFO - [2021-09-14 18:36:06,582] {dag.py:1833} INFO - Sync 2 DAGs
[2021-09-14 18:36:06,597] {logging_mixin.py:109} INFO - [2021-09-14 18:36:06,597] {dag.py:2306} INFO - Setting next_dagrun for example_external_task_marker_child to None
[2021-09-14 18:36:06,598] {logging_mixin.py:109} INFO - [2021-09-14 18:36:06,598] {dag.py:2306} INFO - Setting next_dagrun for example_external_task_marker_parent to None
[2021-09-14 18:36:06,607] {processor.py:170} INFO - Processing /home/airflow/.local/lib/python3.8/site-packages/airflow/example_dags/example_external_task_marker_dag.py took 0.065 seconds
[2021-09-14 18:36:37,245] {processor.py:162} INFO - Started process (PID=635) to work on /home/airflow/.local/lib/python3.8/site-packages/airflow/example_dags/example_external_task_marker_dag.py
[2021-09-14 18:36:37,246] {processor.py:613} INFO - Processing file /home/airflow/.local/lib/python3.8/site-packages/airflow/example_dags/example_external_task_marker_dag.py for tasks to queue
[2021-09-14 18:36:37,247] {logging_mixin.py:109} INFO - [2021-09-14 18:36:37,247] {dagbag.py:496} INFO - Filling up the DagBag from /home/airflow/.local/lib/python3.8/site-packages/airflow/example_dags/example_external_task_marker_dag.py
[2021-09-14 18:36:37,255] {processor.py:623} INFO - DAG(s) dict_keys(['example_external_task_marker_parent', 'example_external_task_marker_child']) retrieved from /home/airflow/.local/lib/python3.8/site-packages/airflow/example_dags/example_external_task_marker_dag.py
[2021-09-14 18:36:37,277] {logging_mixin.py:109} INFO - [2021-09-14 18:36:37,276] {dag.py:1833} INFO - Sync 2 DAGs
[2021-09-14 18:36:37,292] {logging_mixin.py:109} INFO - [2021-09-14 18:36:37,291] {dag.py:2306} INFO - Setting next_dagrun for example_external_task_marker_child to None
[2021-09-14 18:36:37,293] {logging_mixin.py:109} INFO - [2021-09-14 18:36:37,292] {dag.py:2306} INFO - Setting next_dagrun for example_external_task_marker_parent to None
[2021-09-14 18:36:37,301] {processor.py:170} INFO - Processing /home/airflow/.local/lib/python3.8/site-packages/airflow/example_dags/example_external_task_marker_dag.py took 0.059 seconds
[2021-09-14 18:37:07,569] {processor.py:162} INFO - Started process (PID=693) to work on /home/airflow/.local/lib/python3.8/site-packages/airflow/example_dags/example_external_task_marker_dag.py
[2021-09-14 18:37:07,570] {processor.py:613} INFO - Processing file /home/airflow/.local/lib/python3.8/site-packages/airflow/example_dags/example_external_task_marker_dag.py for tasks to queue
[2021-09-14 18:37:07,572] {logging_mixin.py:109} INFO - [2021-09-14 18:37:07,572] {dagbag.py:496} INFO - Filling up the DagBag from /home/airflow/.local/lib/python3.8/site-packages/airflow/example_dags/example_external_task_marker_dag.py
[2021-09-14 18:37:07,584] {processor.py:623} INFO - DAG(s) dict_keys(['example_external_task_marker_parent', 'example_external_task_marker_child']) retrieved from /home/airflow/.local/lib/python3.8/site-packages/airflow/example_dags/example_external_task_marker_dag.py
[2021-09-14 18:37:07,616] {logging_mixin.py:109} INFO - [2021-09-14 18:37:07,615] {dag.py:1833} INFO - Sync 2 DAGs
[2021-09-14 18:37:07,638] {logging_mixin.py:109} INFO - [2021-09-14 18:37:07,638] {dag.py:2306} INFO - Setting next_dagrun for example_external_task_marker_child to None
[2021-09-14 18:37:07,639] {logging_mixin.py:109} INFO - [2021-09-14 18:37:07,639] {dag.py:2306} INFO - Setting next_dagrun for example_external_task_marker_parent to None
[2021-09-14 18:37:07,670] {processor.py:170} INFO - Processing /home/airflow/.local/lib/python3.8/site-packages/airflow/example_dags/example_external_task_marker_dag.py took 0.107 seconds
[2021-09-14 18:37:38,117] {processor.py:162} INFO - Started process (PID=740) to work on /home/airflow/.local/lib/python3.8/site-packages/airflow/example_dags/example_external_task_marker_dag.py
[2021-09-14 18:37:38,119] {processor.py:613} INFO - Processing file /home/airflow/.local/lib/python3.8/site-packages/airflow/example_dags/example_external_task_marker_dag.py for tasks to queue
[2021-09-14 18:37:38,121] {logging_mixin.py:109} INFO - [2021-09-14 18:37:38,120] {dagbag.py:496} INFO - Filling up the DagBag from /home/airflow/.local/lib/python3.8/site-packages/airflow/example_dags/example_external_task_marker_dag.py
[2021-09-14 18:37:38,139] {processor.py:623} INFO - DAG(s) dict_keys(['example_external_task_marker_parent', 'example_external_task_marker_child']) retrieved from /home/airflow/.local/lib/python3.8/site-packages/airflow/example_dags/example_external_task_marker_dag.py
[2021-09-14 18:37:38,165] {logging_mixin.py:109} INFO - [2021-09-14 18:37:38,165] {dag.py:1833} INFO - Sync 2 DAGs
[2021-09-14 18:37:38,181] {logging_mixin.py:109} INFO - [2021-09-14 18:37:38,181] {dag.py:2306} INFO - Setting next_dagrun for example_external_task_marker_child to None
[2021-09-14 18:37:38,183] {logging_mixin.py:109} INFO - [2021-09-14 18:37:38,183] {dag.py:2306} INFO - Setting next_dagrun for example_external_task_marker_parent to None
[2021-09-14 18:37:38,195] {processor.py:170} INFO - Processing /home/airflow/.local/lib/python3.8/site-packages/airflow/example_dags/example_external_task_marker_dag.py took 0.083 seconds
[2021-09-14 18:38:08,797] {processor.py:162} INFO - Started process (PID=796) to work on /home/airflow/.local/lib/python3.8/site-packages/airflow/example_dags/example_external_task_marker_dag.py
[2021-09-14 18:38:08,798] {processor.py:613} INFO - Processing file /home/airflow/.local/lib/python3.8/site-packages/airflow/example_dags/example_external_task_marker_dag.py for tasks to queue
[2021-09-14 18:38:08,799] {logging_mixin.py:109} INFO - [2021-09-14 18:38:08,798] {dagbag.py:496} INFO - Filling up the DagBag from /home/airflow/.local/lib/python3.8/site-packages/airflow/example_dags/example_external_task_marker_dag.py
[2021-09-14 18:38:08,807] {processor.py:623} INFO - DAG(s) dict_keys(['example_external_task_marker_parent', 'example_external_task_marker_child']) retrieved from /home/airflow/.local/lib/python3.8/site-packages/airflow/example_dags/example_external_task_marker_dag.py
[2021-09-14 18:38:08,827] {logging_mixin.py:109} INFO - [2021-09-14 18:38:08,827] {dag.py:1833} INFO - Sync 2 DAGs
[2021-09-14 18:38:08,851] {logging_mixin.py:109} INFO - [2021-09-14 18:38:08,851] {dag.py:2306} INFO - Setting next_dagrun for example_external_task_marker_child to None
[2021-09-14 18:38:08,852] {logging_mixin.py:109} INFO - [2021-09-14 18:38:08,852] {dag.py:2306} INFO - Setting next_dagrun for example_external_task_marker_parent to None
[2021-09-14 18:38:08,860] {processor.py:170} INFO - Processing /home/airflow/.local/lib/python3.8/site-packages/airflow/example_dags/example_external_task_marker_dag.py took 0.067 seconds
[2021-09-14 18:38:39,841] {processor.py:162} INFO - Started process (PID=852) to work on /home/airflow/.local/lib/python3.8/site-packages/airflow/example_dags/example_external_task_marker_dag.py
[2021-09-14 18:38:39,848] {processor.py:613} INFO - Processing file /home/airflow/.local/lib/python3.8/site-packages/airflow/example_dags/example_external_task_marker_dag.py for tasks to queue
[2021-09-14 18:38:39,849] {logging_mixin.py:109} INFO - [2021-09-14 18:38:39,848] {dagbag.py:496} INFO - Filling up the DagBag from /home/airflow/.local/lib/python3.8/site-packages/airflow/example_dags/example_external_task_marker_dag.py
[2021-09-14 18:38:39,874] {processor.py:623} INFO - DAG(s) dict_keys(['example_external_task_marker_parent', 'example_external_task_marker_child']) retrieved from /home/airflow/.local/lib/python3.8/site-packages/airflow/example_dags/example_external_task_marker_dag.py
[2021-09-14 18:38:39,910] {logging_mixin.py:109} INFO - [2021-09-14 18:38:39,910] {dag.py:1833} INFO - Sync 2 DAGs
[2021-09-14 18:38:39,933] {logging_mixin.py:109} INFO - [2021-09-14 18:38:39,933] {dag.py:2306} INFO - Setting next_dagrun for example_external_task_marker_child to None
[2021-09-14 18:38:39,934] {logging_mixin.py:109} INFO - [2021-09-14 18:38:39,934] {dag.py:2306} INFO - Setting next_dagrun for example_external_task_marker_parent to None
[2021-09-14 18:38:39,945] {processor.py:170} INFO - Processing /home/airflow/.local/lib/python3.8/site-packages/airflow/example_dags/example_external_task_marker_dag.py took 0.108 seconds
[2021-09-14 18:39:10,293] {processor.py:162} INFO - Started process (PID=900) to work on /home/airflow/.local/lib/python3.8/site-packages/airflow/example_dags/example_external_task_marker_dag.py
[2021-09-14 18:39:10,295] {processor.py:613} INFO - Processing file /home/airflow/.local/lib/python3.8/site-packages/airflow/example_dags/example_external_task_marker_dag.py for tasks to queue
[2021-09-14 18:39:10,298] {logging_mixin.py:109} INFO - [2021-09-14 18:39:10,298] {dagbag.py:496} INFO - Filling up the DagBag from /home/airflow/.local/lib/python3.8/site-packages/airflow/example_dags/example_external_task_marker_dag.py
[2021-09-14 18:39:10,310] {processor.py:623} INFO - DAG(s) dict_keys(['example_external_task_marker_parent', 'example_external_task_marker_child']) retrieved from /home/airflow/.local/lib/python3.8/site-packages/airflow/example_dags/example_external_task_marker_dag.py
[2021-09-14 18:39:10,359] {logging_mixin.py:109} INFO - [2021-09-14 18:39:10,358] {dag.py:1833} INFO - Sync 2 DAGs
[2021-09-14 18:39:10,374] {logging_mixin.py:109} INFO - [2021-09-14 18:39:10,374] {dag.py:2306} INFO - Setting next_dagrun for example_external_task_marker_child to None
[2021-09-14 18:39:10,375] {logging_mixin.py:109} INFO - [2021-09-14 18:39:10,375] {dag.py:2306} INFO - Setting next_dagrun for example_external_task_marker_parent to None
[2021-09-14 18:39:10,399] {processor.py:170} INFO - Processing /home/airflow/.local/lib/python3.8/site-packages/airflow/example_dags/example_external_task_marker_dag.py took 0.108 seconds
[2021-09-14 18:39:40,584] {processor.py:162} INFO - Started process (PID=956) to work on /home/airflow/.local/lib/python3.8/site-packages/airflow/example_dags/example_external_task_marker_dag.py
[2021-09-14 18:39:40,585] {processor.py:613} INFO - Processing file /home/airflow/.local/lib/python3.8/site-packages/airflow/example_dags/example_external_task_marker_dag.py for tasks to queue
[2021-09-14 18:39:40,587] {logging_mixin.py:109} INFO - [2021-09-14 18:39:40,587] {dagbag.py:496} INFO - Filling up the DagBag from /home/airflow/.local/lib/python3.8/site-packages/airflow/example_dags/example_external_task_marker_dag.py
[2021-09-14 18:39:40,613] {processor.py:623} INFO - DAG(s) dict_keys(['example_external_task_marker_parent', 'example_external_task_marker_child']) retrieved from /home/airflow/.local/lib/python3.8/site-packages/airflow/example_dags/example_external_task_marker_dag.py
[2021-09-14 18:39:40,670] {logging_mixin.py:109} INFO - [2021-09-14 18:39:40,670] {dag.py:1833} INFO - Sync 2 DAGs
[2021-09-14 18:39:40,712] {logging_mixin.py:109} INFO - [2021-09-14 18:39:40,712] {dag.py:2306} INFO - Setting next_dagrun for example_external_task_marker_child to None
[2021-09-14 18:39:40,715] {logging_mixin.py:109} INFO - [2021-09-14 18:39:40,715] {dag.py:2306} INFO - Setting next_dagrun for example_external_task_marker_parent to None
[2021-09-14 18:39:40,727] {processor.py:170} INFO - Processing /home/airflow/.local/lib/python3.8/site-packages/airflow/example_dags/example_external_task_marker_dag.py took 0.146 seconds
[2021-09-14 18:40:10,842] {processor.py:162} INFO - Started process (PID=1004) to work on /home/airflow/.local/lib/python3.8/site-packages/airflow/example_dags/example_external_task_marker_dag.py
[2021-09-14 18:40:10,844] {processor.py:613} INFO - Processing file /home/airflow/.local/lib/python3.8/site-packages/airflow/example_dags/example_external_task_marker_dag.py for tasks to queue
[2021-09-14 18:40:10,844] {logging_mixin.py:109} INFO - [2021-09-14 18:40:10,844] {dagbag.py:496} INFO - Filling up the DagBag from /home/airflow/.local/lib/python3.8/site-packages/airflow/example_dags/example_external_task_marker_dag.py
[2021-09-14 18:40:10,853] {processor.py:623} INFO - DAG(s) dict_keys(['example_external_task_marker_parent', 'example_external_task_marker_child']) retrieved from /home/airflow/.local/lib/python3.8/site-packages/airflow/example_dags/example_external_task_marker_dag.py
[2021-09-14 18:40:10,872] {logging_mixin.py:109} INFO - [2021-09-14 18:40:10,872] {dag.py:1833} INFO - Sync 2 DAGs
[2021-09-14 18:40:10,887] {logging_mixin.py:109} INFO - [2021-09-14 18:40:10,886] {dag.py:2306} INFO - Setting next_dagrun for example_external_task_marker_child to None
[2021-09-14 18:40:10,888] {logging_mixin.py:109} INFO - [2021-09-14 18:40:10,887] {dag.py:2306} INFO - Setting next_dagrun for example_external_task_marker_parent to None
[2021-09-14 18:40:10,898] {processor.py:170} INFO - Processing /home/airflow/.local/lib/python3.8/site-packages/airflow/example_dags/example_external_task_marker_dag.py took 0.058 seconds
[2021-09-14 18:40:41,556] {processor.py:162} INFO - Started process (PID=1062) to work on /home/airflow/.local/lib/python3.8/site-packages/airflow/example_dags/example_external_task_marker_dag.py
[2021-09-14 18:40:41,558] {processor.py:613} INFO - Processing file /home/airflow/.local/lib/python3.8/site-packages/airflow/example_dags/example_external_task_marker_dag.py for tasks to queue
[2021-09-14 18:40:41,558] {logging_mixin.py:109} INFO - [2021-09-14 18:40:41,558] {dagbag.py:496} INFO - Filling up the DagBag from /home/airflow/.local/lib/python3.8/site-packages/airflow/example_dags/example_external_task_marker_dag.py
[2021-09-14 18:40:41,570] {processor.py:623} INFO - DAG(s) dict_keys(['example_external_task_marker_parent', 'example_external_task_marker_child']) retrieved from /home/airflow/.local/lib/python3.8/site-packages/airflow/example_dags/example_external_task_marker_dag.py
[2021-09-14 18:40:41,598] {logging_mixin.py:109} INFO - [2021-09-14 18:40:41,598] {dag.py:1833} INFO - Sync 2 DAGs
[2021-09-14 18:40:41,615] {logging_mixin.py:109} INFO - [2021-09-14 18:40:41,615] {dag.py:2306} INFO - Setting next_dagrun for example_external_task_marker_child to None
[2021-09-14 18:40:41,618] {logging_mixin.py:109} INFO - [2021-09-14 18:40:41,618] {dag.py:2306} INFO - Setting next_dagrun for example_external_task_marker_parent to None
[2021-09-14 18:40:41,638] {processor.py:170} INFO - Processing /home/airflow/.local/lib/python3.8/site-packages/airflow/example_dags/example_external_task_marker_dag.py took 0.084 seconds
[2021-09-14 18:41:11,828] {processor.py:162} INFO - Started process (PID=1109) to work on /home/airflow/.local/lib/python3.8/site-packages/airflow/example_dags/example_external_task_marker_dag.py
[2021-09-14 18:41:11,829] {processor.py:613} INFO - Processing file /home/airflow/.local/lib/python3.8/site-packages/airflow/example_dags/example_external_task_marker_dag.py for tasks to queue
[2021-09-14 18:41:11,830] {logging_mixin.py:109} INFO - [2021-09-14 18:41:11,830] {dagbag.py:496} INFO - Filling up the DagBag from /home/airflow/.local/lib/python3.8/site-packages/airflow/example_dags/example_external_task_marker_dag.py
[2021-09-14 18:41:11,838] {processor.py:623} INFO - DAG(s) dict_keys(['example_external_task_marker_parent', 'example_external_task_marker_child']) retrieved from /home/airflow/.local/lib/python3.8/site-packages/airflow/example_dags/example_external_task_marker_dag.py
[2021-09-14 18:41:11,860] {logging_mixin.py:109} INFO - [2021-09-14 18:41:11,860] {dag.py:1833} INFO - Sync 2 DAGs
[2021-09-14 18:41:11,871] {logging_mixin.py:109} INFO - [2021-09-14 18:41:11,871] {dag.py:2306} INFO - Setting next_dagrun for example_external_task_marker_child to None
[2021-09-14 18:41:11,872] {logging_mixin.py:109} INFO - [2021-09-14 18:41:11,872] {dag.py:2306} INFO - Setting next_dagrun for example_external_task_marker_parent to None
[2021-09-14 18:41:11,878] {processor.py:170} INFO - Processing /home/airflow/.local/lib/python3.8/site-packages/airflow/example_dags/example_external_task_marker_dag.py took 0.053 seconds
[2021-09-14 18:41:41,986] {processor.py:162} INFO - Started process (PID=1164) to work on /home/airflow/.local/lib/python3.8/site-packages/airflow/example_dags/example_external_task_marker_dag.py
[2021-09-14 18:41:41,987] {processor.py:613} INFO - Processing file /home/airflow/.local/lib/python3.8/site-packages/airflow/example_dags/example_external_task_marker_dag.py for tasks to queue
[2021-09-14 18:41:41,988] {logging_mixin.py:109} INFO - [2021-09-14 18:41:41,988] {dagbag.py:496} INFO - Filling up the DagBag from /home/airflow/.local/lib/python3.8/site-packages/airflow/example_dags/example_external_task_marker_dag.py
[2021-09-14 18:41:41,996] {processor.py:623} INFO - DAG(s) dict_keys(['example_external_task_marker_parent', 'example_external_task_marker_child']) retrieved from /home/airflow/.local/lib/python3.8/site-packages/airflow/example_dags/example_external_task_marker_dag.py
[2021-09-14 18:41:42,015] {logging_mixin.py:109} INFO - [2021-09-14 18:41:42,015] {dag.py:1833} INFO - Sync 2 DAGs
[2021-09-14 18:41:42,025] {logging_mixin.py:109} INFO - [2021-09-14 18:41:42,025] {dag.py:2306} INFO - Setting next_dagrun for example_external_task_marker_child to None
[2021-09-14 18:41:42,026] {logging_mixin.py:109} INFO - [2021-09-14 18:41:42,026] {dag.py:2306} INFO - Setting next_dagrun for example_external_task_marker_parent to None
[2021-09-14 18:41:42,034] {processor.py:170} INFO - Processing /home/airflow/.local/lib/python3.8/site-packages/airflow/example_dags/example_external_task_marker_dag.py took 0.050 seconds
[2021-09-14 18:42:12,187] {processor.py:162} INFO - Started process (PID=1212) to work on /home/airflow/.local/lib/python3.8/site-packages/airflow/example_dags/example_external_task_marker_dag.py
[2021-09-14 18:42:12,188] {processor.py:613} INFO - Processing file /home/airflow/.local/lib/python3.8/site-packages/airflow/example_dags/example_external_task_marker_dag.py for tasks to queue
[2021-09-14 18:42:12,189] {logging_mixin.py:109} INFO - [2021-09-14 18:42:12,189] {dagbag.py:496} INFO - Filling up the DagBag from /home/airflow/.local/lib/python3.8/site-packages/airflow/example_dags/example_external_task_marker_dag.py
[2021-09-14 18:42:12,202] {processor.py:623} INFO - DAG(s) dict_keys(['example_external_task_marker_parent', 'example_external_task_marker_child']) retrieved from /home/airflow/.local/lib/python3.8/site-packages/airflow/example_dags/example_external_task_marker_dag.py
[2021-09-14 18:42:12,226] {logging_mixin.py:109} INFO - [2021-09-14 18:42:12,226] {dag.py:1833} INFO - Sync 2 DAGs
[2021-09-14 18:42:12,241] {logging_mixin.py:109} INFO - [2021-09-14 18:42:12,241] {dag.py:2306} INFO - Setting next_dagrun for example_external_task_marker_child to None
[2021-09-14 18:42:12,244] {logging_mixin.py:109} INFO - [2021-09-14 18:42:12,244] {dag.py:2306} INFO - Setting next_dagrun for example_external_task_marker_parent to None
[2021-09-14 18:42:12,254] {processor.py:170} INFO - Processing /home/airflow/.local/lib/python3.8/site-packages/airflow/example_dags/example_external_task_marker_dag.py took 0.071 seconds
[2021-09-14 18:42:42,664] {processor.py:162} INFO - Started process (PID=1270) to work on /home/airflow/.local/lib/python3.8/site-packages/airflow/example_dags/example_external_task_marker_dag.py
[2021-09-14 18:42:42,665] {processor.py:613} INFO - Processing file /home/airflow/.local/lib/python3.8/site-packages/airflow/example_dags/example_external_task_marker_dag.py for tasks to queue
[2021-09-14 18:42:42,666] {logging_mixin.py:109} INFO - [2021-09-14 18:42:42,666] {dagbag.py:496} INFO - Filling up the DagBag from /home/airflow/.local/lib/python3.8/site-packages/airflow/example_dags/example_external_task_marker_dag.py
[2021-09-14 18:42:42,674] {processor.py:623} INFO - DAG(s) dict_keys(['example_external_task_marker_parent', 'example_external_task_marker_child']) retrieved from /home/airflow/.local/lib/python3.8/site-packages/airflow/example_dags/example_external_task_marker_dag.py
[2021-09-14 18:42:42,690] {logging_mixin.py:109} INFO - [2021-09-14 18:42:42,690] {dag.py:1833} INFO - Sync 2 DAGs
[2021-09-14 18:42:42,700] {logging_mixin.py:109} INFO - [2021-09-14 18:42:42,700] {dag.py:2306} INFO - Setting next_dagrun for example_external_task_marker_child to None
[2021-09-14 18:42:42,700] {logging_mixin.py:109} INFO - [2021-09-14 18:42:42,700] {dag.py:2306} INFO - Setting next_dagrun for example_external_task_marker_parent to None
[2021-09-14 18:42:42,709] {processor.py:170} INFO - Processing /home/airflow/.local/lib/python3.8/site-packages/airflow/example_dags/example_external_task_marker_dag.py took 0.048 seconds
[2021-09-14 18:43:12,830] {processor.py:162} INFO - Started process (PID=1327) to work on /home/airflow/.local/lib/python3.8/site-packages/airflow/example_dags/example_external_task_marker_dag.py
[2021-09-14 18:43:12,834] {processor.py:613} INFO - Processing file /home/airflow/.local/lib/python3.8/site-packages/airflow/example_dags/example_external_task_marker_dag.py for tasks to queue
[2021-09-14 18:43:12,836] {logging_mixin.py:109} INFO - [2021-09-14 18:43:12,835] {dagbag.py:496} INFO - Filling up the DagBag from /home/airflow/.local/lib/python3.8/site-packages/airflow/example_dags/example_external_task_marker_dag.py
[2021-09-14 18:43:12,848] {processor.py:623} INFO - DAG(s) dict_keys(['example_external_task_marker_parent', 'example_external_task_marker_child']) retrieved from /home/airflow/.local/lib/python3.8/site-packages/airflow/example_dags/example_external_task_marker_dag.py
[2021-09-14 18:43:12,871] {logging_mixin.py:109} INFO - [2021-09-14 18:43:12,871] {dag.py:1833} INFO - Sync 2 DAGs
[2021-09-14 18:43:12,889] {logging_mixin.py:109} INFO - [2021-09-14 18:43:12,889] {dag.py:2306} INFO - Setting next_dagrun for example_external_task_marker_child to None
[2021-09-14 18:43:12,892] {logging_mixin.py:109} INFO - [2021-09-14 18:43:12,892] {dag.py:2306} INFO - Setting next_dagrun for example_external_task_marker_parent to None
[2021-09-14 18:43:12,907] {processor.py:170} INFO - Processing /home/airflow/.local/lib/python3.8/site-packages/airflow/example_dags/example_external_task_marker_dag.py took 0.080 seconds
[2021-09-14 18:43:43,365] {processor.py:162} INFO - Started process (PID=1376) to work on /home/airflow/.local/lib/python3.8/site-packages/airflow/example_dags/example_external_task_marker_dag.py
[2021-09-14 18:43:43,366] {processor.py:613} INFO - Processing file /home/airflow/.local/lib/python3.8/site-packages/airflow/example_dags/example_external_task_marker_dag.py for tasks to queue
[2021-09-14 18:43:43,367] {logging_mixin.py:109} INFO - [2021-09-14 18:43:43,367] {dagbag.py:496} INFO - Filling up the DagBag from /home/airflow/.local/lib/python3.8/site-packages/airflow/example_dags/example_external_task_marker_dag.py
[2021-09-14 18:43:43,375] {processor.py:623} INFO - DAG(s) dict_keys(['example_external_task_marker_parent', 'example_external_task_marker_child']) retrieved from /home/airflow/.local/lib/python3.8/site-packages/airflow/example_dags/example_external_task_marker_dag.py
[2021-09-14 18:43:43,392] {logging_mixin.py:109} INFO - [2021-09-14 18:43:43,391] {dag.py:1833} INFO - Sync 2 DAGs
[2021-09-14 18:43:43,402] {logging_mixin.py:109} INFO - [2021-09-14 18:43:43,402] {dag.py:2306} INFO - Setting next_dagrun for example_external_task_marker_child to None
[2021-09-14 18:43:43,403] {logging_mixin.py:109} INFO - [2021-09-14 18:43:43,403] {dag.py:2306} INFO - Setting next_dagrun for example_external_task_marker_parent to None
[2021-09-14 18:43:43,411] {processor.py:170} INFO - Processing /home/airflow/.local/lib/python3.8/site-packages/airflow/example_dags/example_external_task_marker_dag.py took 0.049 seconds
[2021-09-14 18:44:14,234] {processor.py:162} INFO - Started process (PID=1432) to work on /home/airflow/.local/lib/python3.8/site-packages/airflow/example_dags/example_external_task_marker_dag.py
[2021-09-14 18:44:14,235] {processor.py:613} INFO - Processing file /home/airflow/.local/lib/python3.8/site-packages/airflow/example_dags/example_external_task_marker_dag.py for tasks to queue
[2021-09-14 18:44:14,236] {logging_mixin.py:109} INFO - [2021-09-14 18:44:14,236] {dagbag.py:496} INFO - Filling up the DagBag from /home/airflow/.local/lib/python3.8/site-packages/airflow/example_dags/example_external_task_marker_dag.py
[2021-09-14 18:44:14,256] {processor.py:623} INFO - DAG(s) dict_keys(['example_external_task_marker_parent', 'example_external_task_marker_child']) retrieved from /home/airflow/.local/lib/python3.8/site-packages/airflow/example_dags/example_external_task_marker_dag.py
[2021-09-14 18:44:14,290] {logging_mixin.py:109} INFO - [2021-09-14 18:44:14,290] {dag.py:1833} INFO - Sync 2 DAGs
[2021-09-14 18:44:14,313] {logging_mixin.py:109} INFO - [2021-09-14 18:44:14,313] {dag.py:2306} INFO - Setting next_dagrun for example_external_task_marker_child to None
[2021-09-14 18:44:14,314] {logging_mixin.py:109} INFO - [2021-09-14 18:44:14,314] {dag.py:2306} INFO - Setting next_dagrun for example_external_task_marker_parent to None
[2021-09-14 18:44:14,324] {processor.py:170} INFO - Processing /home/airflow/.local/lib/python3.8/site-packages/airflow/example_dags/example_external_task_marker_dag.py took 0.093 seconds
[2021-09-14 18:44:44,634] {processor.py:162} INFO - Started process (PID=1479) to work on /home/airflow/.local/lib/python3.8/site-packages/airflow/example_dags/example_external_task_marker_dag.py
[2021-09-14 18:44:44,635] {processor.py:613} INFO - Processing file /home/airflow/.local/lib/python3.8/site-packages/airflow/example_dags/example_external_task_marker_dag.py for tasks to queue
[2021-09-14 18:44:44,636] {logging_mixin.py:109} INFO - [2021-09-14 18:44:44,636] {dagbag.py:496} INFO - Filling up the DagBag from /home/airflow/.local/lib/python3.8/site-packages/airflow/example_dags/example_external_task_marker_dag.py
[2021-09-14 18:44:44,648] {processor.py:623} INFO - DAG(s) dict_keys(['example_external_task_marker_parent', 'example_external_task_marker_child']) retrieved from /home/airflow/.local/lib/python3.8/site-packages/airflow/example_dags/example_external_task_marker_dag.py
[2021-09-14 18:44:44,686] {logging_mixin.py:109} INFO - [2021-09-14 18:44:44,686] {dag.py:1833} INFO - Sync 2 DAGs
[2021-09-14 18:44:44,708] {logging_mixin.py:109} INFO - [2021-09-14 18:44:44,708] {dag.py:2306} INFO - Setting next_dagrun for example_external_task_marker_child to None
[2021-09-14 18:44:44,709] {logging_mixin.py:109} INFO - [2021-09-14 18:44:44,709] {dag.py:2306} INFO - Setting next_dagrun for example_external_task_marker_parent to None
[2021-09-14 18:44:44,716] {processor.py:170} INFO - Processing /home/airflow/.local/lib/python3.8/site-packages/airflow/example_dags/example_external_task_marker_dag.py took 0.085 seconds
[2021-09-14 18:45:14,868] {processor.py:162} INFO - Started process (PID=1535) to work on /home/airflow/.local/lib/python3.8/site-packages/airflow/example_dags/example_external_task_marker_dag.py
[2021-09-14 18:45:14,869] {processor.py:613} INFO - Processing file /home/airflow/.local/lib/python3.8/site-packages/airflow/example_dags/example_external_task_marker_dag.py for tasks to queue
[2021-09-14 18:45:14,869] {logging_mixin.py:109} INFO - [2021-09-14 18:45:14,869] {dagbag.py:496} INFO - Filling up the DagBag from /home/airflow/.local/lib/python3.8/site-packages/airflow/example_dags/example_external_task_marker_dag.py
[2021-09-14 18:45:14,877] {processor.py:623} INFO - DAG(s) dict_keys(['example_external_task_marker_parent', 'example_external_task_marker_child']) retrieved from /home/airflow/.local/lib/python3.8/site-packages/airflow/example_dags/example_external_task_marker_dag.py
[2021-09-14 18:45:14,894] {logging_mixin.py:109} INFO - [2021-09-14 18:45:14,893] {dag.py:1833} INFO - Sync 2 DAGs
[2021-09-14 18:45:14,903] {logging_mixin.py:109} INFO - [2021-09-14 18:45:14,903] {dag.py:2306} INFO - Setting next_dagrun for example_external_task_marker_child to None
[2021-09-14 18:45:14,904] {logging_mixin.py:109} INFO - [2021-09-14 18:45:14,904] {dag.py:2306} INFO - Setting next_dagrun for example_external_task_marker_parent to None
[2021-09-14 18:45:14,910] {processor.py:170} INFO - Processing /home/airflow/.local/lib/python3.8/site-packages/airflow/example_dags/example_external_task_marker_dag.py took 0.045 seconds
[2021-09-14 18:45:45,260] {processor.py:162} INFO - Started process (PID=1590) to work on /home/airflow/.local/lib/python3.8/site-packages/airflow/example_dags/example_external_task_marker_dag.py
[2021-09-14 18:45:45,261] {processor.py:613} INFO - Processing file /home/airflow/.local/lib/python3.8/site-packages/airflow/example_dags/example_external_task_marker_dag.py for tasks to queue
[2021-09-14 18:45:45,263] {logging_mixin.py:109} INFO - [2021-09-14 18:45:45,262] {dagbag.py:496} INFO - Filling up the DagBag from /home/airflow/.local/lib/python3.8/site-packages/airflow/example_dags/example_external_task_marker_dag.py
[2021-09-14 18:45:45,275] {processor.py:623} INFO - DAG(s) dict_keys(['example_external_task_marker_parent', 'example_external_task_marker_child']) retrieved from /home/airflow/.local/lib/python3.8/site-packages/airflow/example_dags/example_external_task_marker_dag.py
[2021-09-14 18:45:45,304] {logging_mixin.py:109} INFO - [2021-09-14 18:45:45,304] {dag.py:1833} INFO - Sync 2 DAGs
[2021-09-14 18:45:45,322] {logging_mixin.py:109} INFO - [2021-09-14 18:45:45,321] {dag.py:2306} INFO - Setting next_dagrun for example_external_task_marker_child to None
[2021-09-14 18:45:45,324] {logging_mixin.py:109} INFO - [2021-09-14 18:45:45,324] {dag.py:2306} INFO - Setting next_dagrun for example_external_task_marker_parent to None
[2021-09-14 18:45:45,339] {processor.py:170} INFO - Processing /home/airflow/.local/lib/python3.8/site-packages/airflow/example_dags/example_external_task_marker_dag.py took 0.083 seconds
[2021-09-14 18:46:16,257] {processor.py:162} INFO - Started process (PID=1637) to work on /home/airflow/.local/lib/python3.8/site-packages/airflow/example_dags/example_external_task_marker_dag.py
[2021-09-14 18:46:16,258] {processor.py:613} INFO - Processing file /home/airflow/.local/lib/python3.8/site-packages/airflow/example_dags/example_external_task_marker_dag.py for tasks to queue
[2021-09-14 18:46:16,259] {logging_mixin.py:109} INFO - [2021-09-14 18:46:16,259] {dagbag.py:496} INFO - Filling up the DagBag from /home/airflow/.local/lib/python3.8/site-packages/airflow/example_dags/example_external_task_marker_dag.py
[2021-09-14 18:46:16,269] {processor.py:623} INFO - DAG(s) dict_keys(['example_external_task_marker_parent', 'example_external_task_marker_child']) retrieved from /home/airflow/.local/lib/python3.8/site-packages/airflow/example_dags/example_external_task_marker_dag.py
[2021-09-14 18:46:16,295] {logging_mixin.py:109} INFO - [2021-09-14 18:46:16,295] {dag.py:1833} INFO - Sync 2 DAGs
[2021-09-14 18:46:16,315] {logging_mixin.py:109} INFO - [2021-09-14 18:46:16,315] {dag.py:2306} INFO - Setting next_dagrun for example_external_task_marker_child to None
[2021-09-14 18:46:16,317] {logging_mixin.py:109} INFO - [2021-09-14 18:46:16,317] {dag.py:2306} INFO - Setting next_dagrun for example_external_task_marker_parent to None
[2021-09-14 18:46:16,331] {processor.py:170} INFO - Processing /home/airflow/.local/lib/python3.8/site-packages/airflow/example_dags/example_external_task_marker_dag.py took 0.077 seconds
[2021-09-14 18:46:47,323] {processor.py:162} INFO - Started process (PID=1692) to work on /home/airflow/.local/lib/python3.8/site-packages/airflow/example_dags/example_external_task_marker_dag.py
[2021-09-14 18:46:47,327] {processor.py:613} INFO - Processing file /home/airflow/.local/lib/python3.8/site-packages/airflow/example_dags/example_external_task_marker_dag.py for tasks to queue
[2021-09-14 18:46:47,328] {logging_mixin.py:109} INFO - [2021-09-14 18:46:47,328] {dagbag.py:496} INFO - Filling up the DagBag from /home/airflow/.local/lib/python3.8/site-packages/airflow/example_dags/example_external_task_marker_dag.py
[2021-09-14 18:46:47,339] {processor.py:623} INFO - DAG(s) dict_keys(['example_external_task_marker_parent', 'example_external_task_marker_child']) retrieved from /home/airflow/.local/lib/python3.8/site-packages/airflow/example_dags/example_external_task_marker_dag.py
[2021-09-14 18:46:47,363] {logging_mixin.py:109} INFO - [2021-09-14 18:46:47,362] {dag.py:1833} INFO - Sync 2 DAGs
[2021-09-14 18:46:47,381] {logging_mixin.py:109} INFO - [2021-09-14 18:46:47,381] {dag.py:2306} INFO - Setting next_dagrun for example_external_task_marker_child to None
[2021-09-14 18:46:47,382] {logging_mixin.py:109} INFO - [2021-09-14 18:46:47,382] {dag.py:2306} INFO - Setting next_dagrun for example_external_task_marker_parent to None
[2021-09-14 18:46:47,396] {processor.py:170} INFO - Processing /home/airflow/.local/lib/python3.8/site-packages/airflow/example_dags/example_external_task_marker_dag.py took 0.076 seconds
[2021-09-14 18:47:17,852] {processor.py:162} INFO - Started process (PID=1747) to work on /home/airflow/.local/lib/python3.8/site-packages/airflow/example_dags/example_external_task_marker_dag.py
[2021-09-14 18:47:17,853] {processor.py:613} INFO - Processing file /home/airflow/.local/lib/python3.8/site-packages/airflow/example_dags/example_external_task_marker_dag.py for tasks to queue
[2021-09-14 18:47:17,854] {logging_mixin.py:109} INFO - [2021-09-14 18:47:17,854] {dagbag.py:496} INFO - Filling up the DagBag from /home/airflow/.local/lib/python3.8/site-packages/airflow/example_dags/example_external_task_marker_dag.py
[2021-09-14 18:47:17,865] {processor.py:623} INFO - DAG(s) dict_keys(['example_external_task_marker_parent', 'example_external_task_marker_child']) retrieved from /home/airflow/.local/lib/python3.8/site-packages/airflow/example_dags/example_external_task_marker_dag.py
[2021-09-14 18:47:17,893] {logging_mixin.py:109} INFO - [2021-09-14 18:47:17,893] {dag.py:1833} INFO - Sync 2 DAGs
[2021-09-14 18:47:17,908] {logging_mixin.py:109} INFO - [2021-09-14 18:47:17,908] {dag.py:2306} INFO - Setting next_dagrun for example_external_task_marker_child to None
[2021-09-14 18:47:17,909] {logging_mixin.py:109} INFO - [2021-09-14 18:47:17,909] {dag.py:2306} INFO - Setting next_dagrun for example_external_task_marker_parent to None
[2021-09-14 18:47:17,918] {processor.py:170} INFO - Processing /home/airflow/.local/lib/python3.8/site-packages/airflow/example_dags/example_external_task_marker_dag.py took 0.069 seconds
[2021-09-14 18:47:48,422] {processor.py:162} INFO - Started process (PID=1797) to work on /home/airflow/.local/lib/python3.8/site-packages/airflow/example_dags/example_external_task_marker_dag.py
[2021-09-14 18:47:48,423] {processor.py:613} INFO - Processing file /home/airflow/.local/lib/python3.8/site-packages/airflow/example_dags/example_external_task_marker_dag.py for tasks to queue
[2021-09-14 18:47:48,424] {logging_mixin.py:109} INFO - [2021-09-14 18:47:48,423] {dagbag.py:496} INFO - Filling up the DagBag from /home/airflow/.local/lib/python3.8/site-packages/airflow/example_dags/example_external_task_marker_dag.py
[2021-09-14 18:47:48,432] {processor.py:623} INFO - DAG(s) dict_keys(['example_external_task_marker_parent', 'example_external_task_marker_child']) retrieved from /home/airflow/.local/lib/python3.8/site-packages/airflow/example_dags/example_external_task_marker_dag.py
[2021-09-14 18:47:48,450] {logging_mixin.py:109} INFO - [2021-09-14 18:47:48,449] {dag.py:1833} INFO - Sync 2 DAGs
[2021-09-14 18:47:48,461] {logging_mixin.py:109} INFO - [2021-09-14 18:47:48,461] {dag.py:2306} INFO - Setting next_dagrun for example_external_task_marker_child to None
[2021-09-14 18:47:48,462] {logging_mixin.py:109} INFO - [2021-09-14 18:47:48,462] {dag.py:2306} INFO - Setting next_dagrun for example_external_task_marker_parent to None
[2021-09-14 18:47:48,468] {processor.py:170} INFO - Processing /home/airflow/.local/lib/python3.8/site-packages/airflow/example_dags/example_external_task_marker_dag.py took 0.049 seconds
[2021-09-14 18:48:18,718] {processor.py:162} INFO - Started process (PID=1853) to work on /home/airflow/.local/lib/python3.8/site-packages/airflow/example_dags/example_external_task_marker_dag.py
[2021-09-14 18:48:18,719] {processor.py:613} INFO - Processing file /home/airflow/.local/lib/python3.8/site-packages/airflow/example_dags/example_external_task_marker_dag.py for tasks to queue
[2021-09-14 18:48:18,720] {logging_mixin.py:109} INFO - [2021-09-14 18:48:18,720] {dagbag.py:496} INFO - Filling up the DagBag from /home/airflow/.local/lib/python3.8/site-packages/airflow/example_dags/example_external_task_marker_dag.py
[2021-09-14 18:48:18,728] {processor.py:623} INFO - DAG(s) dict_keys(['example_external_task_marker_parent', 'example_external_task_marker_child']) retrieved from /home/airflow/.local/lib/python3.8/site-packages/airflow/example_dags/example_external_task_marker_dag.py
[2021-09-14 18:48:18,744] {logging_mixin.py:109} INFO - [2021-09-14 18:48:18,744] {dag.py:1833} INFO - Sync 2 DAGs
[2021-09-14 18:48:18,753] {logging_mixin.py:109} INFO - [2021-09-14 18:48:18,753] {dag.py:2306} INFO - Setting next_dagrun for example_external_task_marker_child to None
[2021-09-14 18:48:18,754] {logging_mixin.py:109} INFO - [2021-09-14 18:48:18,754] {dag.py:2306} INFO - Setting next_dagrun for example_external_task_marker_parent to None
[2021-09-14 18:48:18,763] {processor.py:170} INFO - Processing /home/airflow/.local/lib/python3.8/site-packages/airflow/example_dags/example_external_task_marker_dag.py took 0.047 seconds
[2021-09-14 18:48:49,522] {processor.py:162} INFO - Started process (PID=1901) to work on /home/airflow/.local/lib/python3.8/site-packages/airflow/example_dags/example_external_task_marker_dag.py
[2021-09-14 18:48:49,523] {processor.py:613} INFO - Processing file /home/airflow/.local/lib/python3.8/site-packages/airflow/example_dags/example_external_task_marker_dag.py for tasks to queue
[2021-09-14 18:48:49,524] {logging_mixin.py:109} INFO - [2021-09-14 18:48:49,524] {dagbag.py:496} INFO - Filling up the DagBag from /home/airflow/.local/lib/python3.8/site-packages/airflow/example_dags/example_external_task_marker_dag.py
[2021-09-14 18:48:49,532] {processor.py:623} INFO - DAG(s) dict_keys(['example_external_task_marker_parent', 'example_external_task_marker_child']) retrieved from /home/airflow/.local/lib/python3.8/site-packages/airflow/example_dags/example_external_task_marker_dag.py
[2021-09-14 18:48:49,549] {logging_mixin.py:109} INFO - [2021-09-14 18:48:49,549] {dag.py:1833} INFO - Sync 2 DAGs
[2021-09-14 18:48:49,558] {logging_mixin.py:109} INFO - [2021-09-14 18:48:49,558] {dag.py:2306} INFO - Setting next_dagrun for example_external_task_marker_child to None
[2021-09-14 18:48:49,559] {logging_mixin.py:109} INFO - [2021-09-14 18:48:49,559] {dag.py:2306} INFO - Setting next_dagrun for example_external_task_marker_parent to None
[2021-09-14 18:48:49,566] {processor.py:170} INFO - Processing /home/airflow/.local/lib/python3.8/site-packages/airflow/example_dags/example_external_task_marker_dag.py took 0.047 seconds
[2021-09-14 18:49:20,084] {processor.py:162} INFO - Started process (PID=1957) to work on /home/airflow/.local/lib/python3.8/site-packages/airflow/example_dags/example_external_task_marker_dag.py
[2021-09-14 18:49:20,085] {processor.py:613} INFO - Processing file /home/airflow/.local/lib/python3.8/site-packages/airflow/example_dags/example_external_task_marker_dag.py for tasks to queue
[2021-09-14 18:49:20,086] {logging_mixin.py:109} INFO - [2021-09-14 18:49:20,086] {dagbag.py:496} INFO - Filling up the DagBag from /home/airflow/.local/lib/python3.8/site-packages/airflow/example_dags/example_external_task_marker_dag.py
[2021-09-14 18:49:20,095] {processor.py:623} INFO - DAG(s) dict_keys(['example_external_task_marker_parent', 'example_external_task_marker_child']) retrieved from /home/airflow/.local/lib/python3.8/site-packages/airflow/example_dags/example_external_task_marker_dag.py
[2021-09-14 18:49:20,112] {logging_mixin.py:109} INFO - [2021-09-14 18:49:20,112] {dag.py:1833} INFO - Sync 2 DAGs
[2021-09-14 18:49:20,121] {logging_mixin.py:109} INFO - [2021-09-14 18:49:20,121] {dag.py:2306} INFO - Setting next_dagrun for example_external_task_marker_child to None
[2021-09-14 18:49:20,121] {logging_mixin.py:109} INFO - [2021-09-14 18:49:20,121] {dag.py:2306} INFO - Setting next_dagrun for example_external_task_marker_parent to None
[2021-09-14 18:49:20,127] {processor.py:170} INFO - Processing /home/airflow/.local/lib/python3.8/site-packages/airflow/example_dags/example_external_task_marker_dag.py took 0.046 seconds
[2021-09-14 18:49:50,427] {processor.py:162} INFO - Started process (PID=2012) to work on /home/airflow/.local/lib/python3.8/site-packages/airflow/example_dags/example_external_task_marker_dag.py
[2021-09-14 18:49:50,430] {processor.py:613} INFO - Processing file /home/airflow/.local/lib/python3.8/site-packages/airflow/example_dags/example_external_task_marker_dag.py for tasks to queue
[2021-09-14 18:49:50,432] {logging_mixin.py:109} INFO - [2021-09-14 18:49:50,432] {dagbag.py:496} INFO - Filling up the DagBag from /home/airflow/.local/lib/python3.8/site-packages/airflow/example_dags/example_external_task_marker_dag.py
[2021-09-14 18:49:50,464] {processor.py:623} INFO - DAG(s) dict_keys(['example_external_task_marker_parent', 'example_external_task_marker_child']) retrieved from /home/airflow/.local/lib/python3.8/site-packages/airflow/example_dags/example_external_task_marker_dag.py
[2021-09-14 18:49:50,524] {logging_mixin.py:109} INFO - [2021-09-14 18:49:50,524] {dag.py:1833} INFO - Sync 2 DAGs
[2021-09-14 18:49:50,539] {logging_mixin.py:109} INFO - [2021-09-14 18:49:50,539] {dag.py:2306} INFO - Setting next_dagrun for example_external_task_marker_child to None
[2021-09-14 18:49:50,541] {logging_mixin.py:109} INFO - [2021-09-14 18:49:50,541] {dag.py:2306} INFO - Setting next_dagrun for example_external_task_marker_parent to None
[2021-09-14 18:49:50,556] {processor.py:170} INFO - Processing /home/airflow/.local/lib/python3.8/site-packages/airflow/example_dags/example_external_task_marker_dag.py took 0.133 seconds
[2021-09-14 18:50:21,298] {processor.py:162} INFO - Started process (PID=2059) to work on /home/airflow/.local/lib/python3.8/site-packages/airflow/example_dags/example_external_task_marker_dag.py
[2021-09-14 18:50:21,299] {processor.py:613} INFO - Processing file /home/airflow/.local/lib/python3.8/site-packages/airflow/example_dags/example_external_task_marker_dag.py for tasks to queue
[2021-09-14 18:50:21,299] {logging_mixin.py:109} INFO - [2021-09-14 18:50:21,299] {dagbag.py:496} INFO - Filling up the DagBag from /home/airflow/.local/lib/python3.8/site-packages/airflow/example_dags/example_external_task_marker_dag.py
[2021-09-14 18:50:21,308] {processor.py:623} INFO - DAG(s) dict_keys(['example_external_task_marker_parent', 'example_external_task_marker_child']) retrieved from /home/airflow/.local/lib/python3.8/site-packages/airflow/example_dags/example_external_task_marker_dag.py
[2021-09-14 18:50:21,326] {logging_mixin.py:109} INFO - [2021-09-14 18:50:21,326] {dag.py:1833} INFO - Sync 2 DAGs
[2021-09-14 18:50:21,335] {logging_mixin.py:109} INFO - [2021-09-14 18:50:21,335] {dag.py:2306} INFO - Setting next_dagrun for example_external_task_marker_child to None
[2021-09-14 18:50:21,336] {logging_mixin.py:109} INFO - [2021-09-14 18:50:21,336] {dag.py:2306} INFO - Setting next_dagrun for example_external_task_marker_parent to None
[2021-09-14 18:50:21,344] {processor.py:170} INFO - Processing /home/airflow/.local/lib/python3.8/site-packages/airflow/example_dags/example_external_task_marker_dag.py took 0.050 seconds
[2021-09-14 18:50:51,672] {processor.py:162} INFO - Started process (PID=2118) to work on /home/airflow/.local/lib/python3.8/site-packages/airflow/example_dags/example_external_task_marker_dag.py
[2021-09-14 18:50:51,675] {processor.py:613} INFO - Processing file /home/airflow/.local/lib/python3.8/site-packages/airflow/example_dags/example_external_task_marker_dag.py for tasks to queue
[2021-09-14 18:50:51,675] {logging_mixin.py:109} INFO - [2021-09-14 18:50:51,675] {dagbag.py:496} INFO - Filling up the DagBag from /home/airflow/.local/lib/python3.8/site-packages/airflow/example_dags/example_external_task_marker_dag.py
[2021-09-14 18:50:51,716] {processor.py:623} INFO - DAG(s) dict_keys(['example_external_task_marker_parent', 'example_external_task_marker_child']) retrieved from /home/airflow/.local/lib/python3.8/site-packages/airflow/example_dags/example_external_task_marker_dag.py
[2021-09-14 18:50:51,768] {logging_mixin.py:109} INFO - [2021-09-14 18:50:51,768] {dag.py:1833} INFO - Sync 2 DAGs
[2021-09-14 18:50:51,783] {logging_mixin.py:109} INFO - [2021-09-14 18:50:51,783] {dag.py:2306} INFO - Setting next_dagrun for example_external_task_marker_child to None
[2021-09-14 18:50:51,784] {logging_mixin.py:109} INFO - [2021-09-14 18:50:51,784] {dag.py:2306} INFO - Setting next_dagrun for example_external_task_marker_parent to None
[2021-09-14 18:50:51,794] {processor.py:170} INFO - Processing /home/airflow/.local/lib/python3.8/site-packages/airflow/example_dags/example_external_task_marker_dag.py took 0.125 seconds
[2021-09-14 18:51:22,096] {processor.py:162} INFO - Started process (PID=2170) to work on /home/airflow/.local/lib/python3.8/site-packages/airflow/example_dags/example_external_task_marker_dag.py
[2021-09-14 18:51:22,099] {processor.py:613} INFO - Processing file /home/airflow/.local/lib/python3.8/site-packages/airflow/example_dags/example_external_task_marker_dag.py for tasks to queue
[2021-09-14 18:51:22,101] {logging_mixin.py:109} INFO - [2021-09-14 18:51:22,101] {dagbag.py:496} INFO - Filling up the DagBag from /home/airflow/.local/lib/python3.8/site-packages/airflow/example_dags/example_external_task_marker_dag.py
[2021-09-14 18:51:22,118] {processor.py:623} INFO - DAG(s) dict_keys(['example_external_task_marker_parent', 'example_external_task_marker_child']) retrieved from /home/airflow/.local/lib/python3.8/site-packages/airflow/example_dags/example_external_task_marker_dag.py
[2021-09-14 18:51:22,146] {logging_mixin.py:109} INFO - [2021-09-14 18:51:22,146] {dag.py:1833} INFO - Sync 2 DAGs
[2021-09-14 18:51:22,165] {logging_mixin.py:109} INFO - [2021-09-14 18:51:22,162] {dag.py:2306} INFO - Setting next_dagrun for example_external_task_marker_child to None
[2021-09-14 18:51:22,166] {logging_mixin.py:109} INFO - [2021-09-14 18:51:22,166] {dag.py:2306} INFO - Setting next_dagrun for example_external_task_marker_parent to None
[2021-09-14 18:51:22,174] {processor.py:170} INFO - Processing /home/airflow/.local/lib/python3.8/site-packages/airflow/example_dags/example_external_task_marker_dag.py took 0.082 seconds
[2021-09-14 18:51:52,320] {processor.py:162} INFO - Started process (PID=2225) to work on /home/airflow/.local/lib/python3.8/site-packages/airflow/example_dags/example_external_task_marker_dag.py
[2021-09-14 18:51:52,320] {processor.py:613} INFO - Processing file /home/airflow/.local/lib/python3.8/site-packages/airflow/example_dags/example_external_task_marker_dag.py for tasks to queue
[2021-09-14 18:51:52,321] {logging_mixin.py:109} INFO - [2021-09-14 18:51:52,321] {dagbag.py:496} INFO - Filling up the DagBag from /home/airflow/.local/lib/python3.8/site-packages/airflow/example_dags/example_external_task_marker_dag.py
[2021-09-14 18:51:52,329] {processor.py:623} INFO - DAG(s) dict_keys(['example_external_task_marker_parent', 'example_external_task_marker_child']) retrieved from /home/airflow/.local/lib/python3.8/site-packages/airflow/example_dags/example_external_task_marker_dag.py
[2021-09-14 18:51:52,348] {logging_mixin.py:109} INFO - [2021-09-14 18:51:52,348] {dag.py:1833} INFO - Sync 2 DAGs
[2021-09-14 18:51:52,357] {logging_mixin.py:109} INFO - [2021-09-14 18:51:52,357] {dag.py:2306} INFO - Setting next_dagrun for example_external_task_marker_child to None
[2021-09-14 18:51:52,358] {logging_mixin.py:109} INFO - [2021-09-14 18:51:52,358] {dag.py:2306} INFO - Setting next_dagrun for example_external_task_marker_parent to None
[2021-09-14 18:51:52,366] {processor.py:170} INFO - Processing /home/airflow/.local/lib/python3.8/site-packages/airflow/example_dags/example_external_task_marker_dag.py took 0.049 seconds
[2021-09-14 18:52:22,652] {processor.py:162} INFO - Started process (PID=2274) to work on /home/airflow/.local/lib/python3.8/site-packages/airflow/example_dags/example_external_task_marker_dag.py
[2021-09-14 18:52:22,653] {processor.py:613} INFO - Processing file /home/airflow/.local/lib/python3.8/site-packages/airflow/example_dags/example_external_task_marker_dag.py for tasks to queue
[2021-09-14 18:52:22,654] {logging_mixin.py:109} INFO - [2021-09-14 18:52:22,653] {dagbag.py:496} INFO - Filling up the DagBag from /home/airflow/.local/lib/python3.8/site-packages/airflow/example_dags/example_external_task_marker_dag.py
[2021-09-14 18:52:22,662] {processor.py:623} INFO - DAG(s) dict_keys(['example_external_task_marker_parent', 'example_external_task_marker_child']) retrieved from /home/airflow/.local/lib/python3.8/site-packages/airflow/example_dags/example_external_task_marker_dag.py
[2021-09-14 18:52:22,678] {logging_mixin.py:109} INFO - [2021-09-14 18:52:22,678] {dag.py:1833} INFO - Sync 2 DAGs
[2021-09-14 18:52:22,689] {logging_mixin.py:109} INFO - [2021-09-14 18:52:22,689] {dag.py:2306} INFO - Setting next_dagrun for example_external_task_marker_child to None
[2021-09-14 18:52:22,690] {logging_mixin.py:109} INFO - [2021-09-14 18:52:22,690] {dag.py:2306} INFO - Setting next_dagrun for example_external_task_marker_parent to None
[2021-09-14 18:52:22,699] {processor.py:170} INFO - Processing /home/airflow/.local/lib/python3.8/site-packages/airflow/example_dags/example_external_task_marker_dag.py took 0.050 seconds
[2021-09-14 18:52:53,014] {processor.py:162} INFO - Started process (PID=2331) to work on /home/airflow/.local/lib/python3.8/site-packages/airflow/example_dags/example_external_task_marker_dag.py
[2021-09-14 18:52:53,015] {processor.py:613} INFO - Processing file /home/airflow/.local/lib/python3.8/site-packages/airflow/example_dags/example_external_task_marker_dag.py for tasks to queue
[2021-09-14 18:52:53,016] {logging_mixin.py:109} INFO - [2021-09-14 18:52:53,016] {dagbag.py:496} INFO - Filling up the DagBag from /home/airflow/.local/lib/python3.8/site-packages/airflow/example_dags/example_external_task_marker_dag.py
[2021-09-14 18:52:53,028] {processor.py:623} INFO - DAG(s) dict_keys(['example_external_task_marker_parent', 'example_external_task_marker_child']) retrieved from /home/airflow/.local/lib/python3.8/site-packages/airflow/example_dags/example_external_task_marker_dag.py
[2021-09-14 18:52:53,062] {logging_mixin.py:109} INFO - [2021-09-14 18:52:53,061] {dag.py:1833} INFO - Sync 2 DAGs
[2021-09-14 18:52:53,076] {logging_mixin.py:109} INFO - [2021-09-14 18:52:53,076] {dag.py:2306} INFO - Setting next_dagrun for example_external_task_marker_child to None
[2021-09-14 18:52:53,082] {logging_mixin.py:109} INFO - [2021-09-14 18:52:53,082] {dag.py:2306} INFO - Setting next_dagrun for example_external_task_marker_parent to None
[2021-09-14 18:52:53,093] {processor.py:170} INFO - Processing /home/airflow/.local/lib/python3.8/site-packages/airflow/example_dags/example_external_task_marker_dag.py took 0.083 seconds
[2021-09-14 18:53:23,286] {processor.py:162} INFO - Started process (PID=2377) to work on /home/airflow/.local/lib/python3.8/site-packages/airflow/example_dags/example_external_task_marker_dag.py
[2021-09-14 18:53:23,287] {processor.py:613} INFO - Processing file /home/airflow/.local/lib/python3.8/site-packages/airflow/example_dags/example_external_task_marker_dag.py for tasks to queue
[2021-09-14 18:53:23,288] {logging_mixin.py:109} INFO - [2021-09-14 18:53:23,288] {dagbag.py:496} INFO - Filling up the DagBag from /home/airflow/.local/lib/python3.8/site-packages/airflow/example_dags/example_external_task_marker_dag.py
[2021-09-14 18:53:23,296] {processor.py:623} INFO - DAG(s) dict_keys(['example_external_task_marker_parent', 'example_external_task_marker_child']) retrieved from /home/airflow/.local/lib/python3.8/site-packages/airflow/example_dags/example_external_task_marker_dag.py
[2021-09-14 18:53:23,315] {logging_mixin.py:109} INFO - [2021-09-14 18:53:23,315] {dag.py:1833} INFO - Sync 2 DAGs
[2021-09-14 18:53:23,325] {logging_mixin.py:109} INFO - [2021-09-14 18:53:23,325] {dag.py:2306} INFO - Setting next_dagrun for example_external_task_marker_child to None
[2021-09-14 18:53:23,326] {logging_mixin.py:109} INFO - [2021-09-14 18:53:23,325] {dag.py:2306} INFO - Setting next_dagrun for example_external_task_marker_parent to None
[2021-09-14 18:53:23,334] {processor.py:170} INFO - Processing /home/airflow/.local/lib/python3.8/site-packages/airflow/example_dags/example_external_task_marker_dag.py took 0.050 seconds
[2021-09-14 18:53:53,569] {processor.py:162} INFO - Started process (PID=2433) to work on /home/airflow/.local/lib/python3.8/site-packages/airflow/example_dags/example_external_task_marker_dag.py
[2021-09-14 18:53:53,571] {processor.py:613} INFO - Processing file /home/airflow/.local/lib/python3.8/site-packages/airflow/example_dags/example_external_task_marker_dag.py for tasks to queue
[2021-09-14 18:53:53,571] {logging_mixin.py:109} INFO - [2021-09-14 18:53:53,571] {dagbag.py:496} INFO - Filling up the DagBag from /home/airflow/.local/lib/python3.8/site-packages/airflow/example_dags/example_external_task_marker_dag.py
[2021-09-14 18:53:53,579] {processor.py:623} INFO - DAG(s) dict_keys(['example_external_task_marker_parent', 'example_external_task_marker_child']) retrieved from /home/airflow/.local/lib/python3.8/site-packages/airflow/example_dags/example_external_task_marker_dag.py
[2021-09-14 18:53:53,598] {logging_mixin.py:109} INFO - [2021-09-14 18:53:53,598] {dag.py:1833} INFO - Sync 2 DAGs
[2021-09-14 18:53:53,608] {logging_mixin.py:109} INFO - [2021-09-14 18:53:53,608] {dag.py:2306} INFO - Setting next_dagrun for example_external_task_marker_child to None
[2021-09-14 18:53:53,609] {logging_mixin.py:109} INFO - [2021-09-14 18:53:53,609] {dag.py:2306} INFO - Setting next_dagrun for example_external_task_marker_parent to None
[2021-09-14 18:53:53,622] {processor.py:170} INFO - Processing /home/airflow/.local/lib/python3.8/site-packages/airflow/example_dags/example_external_task_marker_dag.py took 0.055 seconds
[2021-09-14 18:54:24,024] {processor.py:162} INFO - Started process (PID=2489) to work on /home/airflow/.local/lib/python3.8/site-packages/airflow/example_dags/example_external_task_marker_dag.py
[2021-09-14 18:54:24,025] {processor.py:613} INFO - Processing file /home/airflow/.local/lib/python3.8/site-packages/airflow/example_dags/example_external_task_marker_dag.py for tasks to queue
[2021-09-14 18:54:24,026] {logging_mixin.py:109} INFO - [2021-09-14 18:54:24,025] {dagbag.py:496} INFO - Filling up the DagBag from /home/airflow/.local/lib/python3.8/site-packages/airflow/example_dags/example_external_task_marker_dag.py
[2021-09-14 18:54:24,034] {processor.py:623} INFO - DAG(s) dict_keys(['example_external_task_marker_parent', 'example_external_task_marker_child']) retrieved from /home/airflow/.local/lib/python3.8/site-packages/airflow/example_dags/example_external_task_marker_dag.py
[2021-09-14 18:54:24,055] {logging_mixin.py:109} INFO - [2021-09-14 18:54:24,055] {dag.py:1833} INFO - Sync 2 DAGs
[2021-09-14 18:54:24,071] {logging_mixin.py:109} INFO - [2021-09-14 18:54:24,071] {dag.py:2306} INFO - Setting next_dagrun for example_external_task_marker_child to None
[2021-09-14 18:54:24,072] {logging_mixin.py:109} INFO - [2021-09-14 18:54:24,072] {dag.py:2306} INFO - Setting next_dagrun for example_external_task_marker_parent to None
[2021-09-14 18:54:24,079] {processor.py:170} INFO - Processing /home/airflow/.local/lib/python3.8/site-packages/airflow/example_dags/example_external_task_marker_dag.py took 0.058 seconds
[2021-09-14 18:54:54,297] {processor.py:162} INFO - Started process (PID=2536) to work on /home/airflow/.local/lib/python3.8/site-packages/airflow/example_dags/example_external_task_marker_dag.py
[2021-09-14 18:54:54,298] {processor.py:613} INFO - Processing file /home/airflow/.local/lib/python3.8/site-packages/airflow/example_dags/example_external_task_marker_dag.py for tasks to queue
[2021-09-14 18:54:54,298] {logging_mixin.py:109} INFO - [2021-09-14 18:54:54,298] {dagbag.py:496} INFO - Filling up the DagBag from /home/airflow/.local/lib/python3.8/site-packages/airflow/example_dags/example_external_task_marker_dag.py
[2021-09-14 18:54:54,306] {processor.py:623} INFO - DAG(s) dict_keys(['example_external_task_marker_parent', 'example_external_task_marker_child']) retrieved from /home/airflow/.local/lib/python3.8/site-packages/airflow/example_dags/example_external_task_marker_dag.py
[2021-09-14 18:54:54,323] {logging_mixin.py:109} INFO - [2021-09-14 18:54:54,323] {dag.py:1833} INFO - Sync 2 DAGs
[2021-09-14 18:54:54,332] {logging_mixin.py:109} INFO - [2021-09-14 18:54:54,332] {dag.py:2306} INFO - Setting next_dagrun for example_external_task_marker_child to None
[2021-09-14 18:54:54,332] {logging_mixin.py:109} INFO - [2021-09-14 18:54:54,332] {dag.py:2306} INFO - Setting next_dagrun for example_external_task_marker_parent to None
[2021-09-14 18:54:54,340] {processor.py:170} INFO - Processing /home/airflow/.local/lib/python3.8/site-packages/airflow/example_dags/example_external_task_marker_dag.py took 0.046 seconds
[2021-09-14 18:55:24,813] {processor.py:162} INFO - Started process (PID=2591) to work on /home/airflow/.local/lib/python3.8/site-packages/airflow/example_dags/example_external_task_marker_dag.py
[2021-09-14 18:55:24,814] {processor.py:613} INFO - Processing file /home/airflow/.local/lib/python3.8/site-packages/airflow/example_dags/example_external_task_marker_dag.py for tasks to queue
[2021-09-14 18:55:24,815] {logging_mixin.py:109} INFO - [2021-09-14 18:55:24,815] {dagbag.py:496} INFO - Filling up the DagBag from /home/airflow/.local/lib/python3.8/site-packages/airflow/example_dags/example_external_task_marker_dag.py
[2021-09-14 18:55:24,823] {processor.py:623} INFO - DAG(s) dict_keys(['example_external_task_marker_parent', 'example_external_task_marker_child']) retrieved from /home/airflow/.local/lib/python3.8/site-packages/airflow/example_dags/example_external_task_marker_dag.py
[2021-09-14 18:55:24,839] {logging_mixin.py:109} INFO - [2021-09-14 18:55:24,839] {dag.py:1833} INFO - Sync 2 DAGs
[2021-09-14 18:55:24,848] {logging_mixin.py:109} INFO - [2021-09-14 18:55:24,848] {dag.py:2306} INFO - Setting next_dagrun for example_external_task_marker_child to None
[2021-09-14 18:55:24,849] {logging_mixin.py:109} INFO - [2021-09-14 18:55:24,849] {dag.py:2306} INFO - Setting next_dagrun for example_external_task_marker_parent to None
[2021-09-14 18:55:24,856] {processor.py:170} INFO - Processing /home/airflow/.local/lib/python3.8/site-packages/airflow/example_dags/example_external_task_marker_dag.py took 0.045 seconds
[2021-09-14 18:55:55,786] {processor.py:162} INFO - Started process (PID=2638) to work on /home/airflow/.local/lib/python3.8/site-packages/airflow/example_dags/example_external_task_marker_dag.py
[2021-09-14 18:55:55,787] {processor.py:613} INFO - Processing file /home/airflow/.local/lib/python3.8/site-packages/airflow/example_dags/example_external_task_marker_dag.py for tasks to queue
[2021-09-14 18:55:55,787] {logging_mixin.py:109} INFO - [2021-09-14 18:55:55,787] {dagbag.py:496} INFO - Filling up the DagBag from /home/airflow/.local/lib/python3.8/site-packages/airflow/example_dags/example_external_task_marker_dag.py
[2021-09-14 18:55:55,796] {processor.py:623} INFO - DAG(s) dict_keys(['example_external_task_marker_parent', 'example_external_task_marker_child']) retrieved from /home/airflow/.local/lib/python3.8/site-packages/airflow/example_dags/example_external_task_marker_dag.py
[2021-09-14 18:55:55,813] {logging_mixin.py:109} INFO - [2021-09-14 18:55:55,813] {dag.py:1833} INFO - Sync 2 DAGs
[2021-09-14 18:55:55,822] {logging_mixin.py:109} INFO - [2021-09-14 18:55:55,822] {dag.py:2306} INFO - Setting next_dagrun for example_external_task_marker_child to None
[2021-09-14 18:55:55,823] {logging_mixin.py:109} INFO - [2021-09-14 18:55:55,823] {dag.py:2306} INFO - Setting next_dagrun for example_external_task_marker_parent to None
[2021-09-14 18:55:55,829] {processor.py:170} INFO - Processing /home/airflow/.local/lib/python3.8/site-packages/airflow/example_dags/example_external_task_marker_dag.py took 0.045 seconds
[2021-09-14 18:56:26,031] {processor.py:162} INFO - Started process (PID=2694) to work on /home/airflow/.local/lib/python3.8/site-packages/airflow/example_dags/example_external_task_marker_dag.py
[2021-09-14 18:56:26,031] {processor.py:613} INFO - Processing file /home/airflow/.local/lib/python3.8/site-packages/airflow/example_dags/example_external_task_marker_dag.py for tasks to queue
[2021-09-14 18:56:26,032] {logging_mixin.py:109} INFO - [2021-09-14 18:56:26,032] {dagbag.py:496} INFO - Filling up the DagBag from /home/airflow/.local/lib/python3.8/site-packages/airflow/example_dags/example_external_task_marker_dag.py
[2021-09-14 18:56:26,040] {processor.py:623} INFO - DAG(s) dict_keys(['example_external_task_marker_parent', 'example_external_task_marker_child']) retrieved from /home/airflow/.local/lib/python3.8/site-packages/airflow/example_dags/example_external_task_marker_dag.py
[2021-09-14 18:56:26,057] {logging_mixin.py:109} INFO - [2021-09-14 18:56:26,057] {dag.py:1833} INFO - Sync 2 DAGs
[2021-09-14 18:56:26,066] {logging_mixin.py:109} INFO - [2021-09-14 18:56:26,066] {dag.py:2306} INFO - Setting next_dagrun for example_external_task_marker_child to None
[2021-09-14 18:56:26,067] {logging_mixin.py:109} INFO - [2021-09-14 18:56:26,067] {dag.py:2306} INFO - Setting next_dagrun for example_external_task_marker_parent to None
[2021-09-14 18:56:26,073] {processor.py:170} INFO - Processing /home/airflow/.local/lib/python3.8/site-packages/airflow/example_dags/example_external_task_marker_dag.py took 0.044 seconds
[2021-09-14 18:56:56,275] {processor.py:162} INFO - Started process (PID=2752) to work on /home/airflow/.local/lib/python3.8/site-packages/airflow/example_dags/example_external_task_marker_dag.py
[2021-09-14 18:56:56,280] {processor.py:613} INFO - Processing file /home/airflow/.local/lib/python3.8/site-packages/airflow/example_dags/example_external_task_marker_dag.py for tasks to queue
[2021-09-14 18:56:56,282] {logging_mixin.py:109} INFO - [2021-09-14 18:56:56,282] {dagbag.py:496} INFO - Filling up the DagBag from /home/airflow/.local/lib/python3.8/site-packages/airflow/example_dags/example_external_task_marker_dag.py
[2021-09-14 18:56:56,313] {processor.py:623} INFO - DAG(s) dict_keys(['example_external_task_marker_parent', 'example_external_task_marker_child']) retrieved from /home/airflow/.local/lib/python3.8/site-packages/airflow/example_dags/example_external_task_marker_dag.py
[2021-09-14 18:56:56,378] {logging_mixin.py:109} INFO - [2021-09-14 18:56:56,378] {dag.py:1833} INFO - Sync 2 DAGs
[2021-09-14 18:56:56,409] {logging_mixin.py:109} INFO - [2021-09-14 18:56:56,409] {dag.py:2306} INFO - Setting next_dagrun for example_external_task_marker_child to None
[2021-09-14 18:56:56,411] {logging_mixin.py:109} INFO - [2021-09-14 18:56:56,411] {dag.py:2306} INFO - Setting next_dagrun for example_external_task_marker_parent to None
[2021-09-14 18:56:56,420] {processor.py:170} INFO - Processing /home/airflow/.local/lib/python3.8/site-packages/airflow/example_dags/example_external_task_marker_dag.py took 0.149 seconds
[2021-09-14 18:57:26,947] {processor.py:162} INFO - Started process (PID=2799) to work on /home/airflow/.local/lib/python3.8/site-packages/airflow/example_dags/example_external_task_marker_dag.py
[2021-09-14 18:57:26,948] {processor.py:613} INFO - Processing file /home/airflow/.local/lib/python3.8/site-packages/airflow/example_dags/example_external_task_marker_dag.py for tasks to queue
[2021-09-14 18:57:26,949] {logging_mixin.py:109} INFO - [2021-09-14 18:57:26,949] {dagbag.py:496} INFO - Filling up the DagBag from /home/airflow/.local/lib/python3.8/site-packages/airflow/example_dags/example_external_task_marker_dag.py
[2021-09-14 18:57:26,957] {processor.py:623} INFO - DAG(s) dict_keys(['example_external_task_marker_parent', 'example_external_task_marker_child']) retrieved from /home/airflow/.local/lib/python3.8/site-packages/airflow/example_dags/example_external_task_marker_dag.py
[2021-09-14 18:57:26,978] {logging_mixin.py:109} INFO - [2021-09-14 18:57:26,978] {dag.py:1833} INFO - Sync 2 DAGs
[2021-09-14 18:57:26,990] {logging_mixin.py:109} INFO - [2021-09-14 18:57:26,990] {dag.py:2306} INFO - Setting next_dagrun for example_external_task_marker_child to None
[2021-09-14 18:57:26,991] {logging_mixin.py:109} INFO - [2021-09-14 18:57:26,990] {dag.py:2306} INFO - Setting next_dagrun for example_external_task_marker_parent to None
[2021-09-14 18:57:27,000] {processor.py:170} INFO - Processing /home/airflow/.local/lib/python3.8/site-packages/airflow/example_dags/example_external_task_marker_dag.py took 0.055 seconds
[2021-09-14 18:57:57,852] {processor.py:162} INFO - Started process (PID=2854) to work on /home/airflow/.local/lib/python3.8/site-packages/airflow/example_dags/example_external_task_marker_dag.py
[2021-09-14 18:57:57,853] {processor.py:613} INFO - Processing file /home/airflow/.local/lib/python3.8/site-packages/airflow/example_dags/example_external_task_marker_dag.py for tasks to queue
[2021-09-14 18:57:57,854] {logging_mixin.py:109} INFO - [2021-09-14 18:57:57,854] {dagbag.py:496} INFO - Filling up the DagBag from /home/airflow/.local/lib/python3.8/site-packages/airflow/example_dags/example_external_task_marker_dag.py
[2021-09-14 18:57:57,862] {processor.py:623} INFO - DAG(s) dict_keys(['example_external_task_marker_parent', 'example_external_task_marker_child']) retrieved from /home/airflow/.local/lib/python3.8/site-packages/airflow/example_dags/example_external_task_marker_dag.py
[2021-09-14 18:57:57,880] {logging_mixin.py:109} INFO - [2021-09-14 18:57:57,880] {dag.py:1833} INFO - Sync 2 DAGs
[2021-09-14 18:57:57,895] {logging_mixin.py:109} INFO - [2021-09-14 18:57:57,895] {dag.py:2306} INFO - Setting next_dagrun for example_external_task_marker_child to None
[2021-09-14 18:57:57,896] {logging_mixin.py:109} INFO - [2021-09-14 18:57:57,896] {dag.py:2306} INFO - Setting next_dagrun for example_external_task_marker_parent to None
[2021-09-14 18:57:57,905] {processor.py:170} INFO - Processing /home/airflow/.local/lib/python3.8/site-packages/airflow/example_dags/example_external_task_marker_dag.py took 0.056 seconds
[2021-09-14 18:58:28,092] {processor.py:162} INFO - Started process (PID=2902) to work on /home/airflow/.local/lib/python3.8/site-packages/airflow/example_dags/example_external_task_marker_dag.py
[2021-09-14 18:58:28,093] {processor.py:613} INFO - Processing file /home/airflow/.local/lib/python3.8/site-packages/airflow/example_dags/example_external_task_marker_dag.py for tasks to queue
[2021-09-14 18:58:28,094] {logging_mixin.py:109} INFO - [2021-09-14 18:58:28,094] {dagbag.py:496} INFO - Filling up the DagBag from /home/airflow/.local/lib/python3.8/site-packages/airflow/example_dags/example_external_task_marker_dag.py
[2021-09-14 18:58:28,102] {processor.py:623} INFO - DAG(s) dict_keys(['example_external_task_marker_parent', 'example_external_task_marker_child']) retrieved from /home/airflow/.local/lib/python3.8/site-packages/airflow/example_dags/example_external_task_marker_dag.py
[2021-09-14 18:58:28,122] {logging_mixin.py:109} INFO - [2021-09-14 18:58:28,121] {dag.py:1833} INFO - Sync 2 DAGs
[2021-09-14 18:58:28,135] {logging_mixin.py:109} INFO - [2021-09-14 18:58:28,135] {dag.py:2306} INFO - Setting next_dagrun for example_external_task_marker_child to None
[2021-09-14 18:58:28,136] {logging_mixin.py:109} INFO - [2021-09-14 18:58:28,136] {dag.py:2306} INFO - Setting next_dagrun for example_external_task_marker_parent to None
[2021-09-14 18:58:28,145] {processor.py:170} INFO - Processing /home/airflow/.local/lib/python3.8/site-packages/airflow/example_dags/example_external_task_marker_dag.py took 0.055 seconds
[2021-09-14 18:58:58,304] {processor.py:162} INFO - Started process (PID=2959) to work on /home/airflow/.local/lib/python3.8/site-packages/airflow/example_dags/example_external_task_marker_dag.py
[2021-09-14 18:58:58,306] {processor.py:613} INFO - Processing file /home/airflow/.local/lib/python3.8/site-packages/airflow/example_dags/example_external_task_marker_dag.py for tasks to queue
[2021-09-14 18:58:58,307] {logging_mixin.py:109} INFO - [2021-09-14 18:58:58,307] {dagbag.py:496} INFO - Filling up the DagBag from /home/airflow/.local/lib/python3.8/site-packages/airflow/example_dags/example_external_task_marker_dag.py
[2021-09-14 18:58:58,318] {processor.py:623} INFO - DAG(s) dict_keys(['example_external_task_marker_parent', 'example_external_task_marker_child']) retrieved from /home/airflow/.local/lib/python3.8/site-packages/airflow/example_dags/example_external_task_marker_dag.py
[2021-09-14 18:58:58,338] {logging_mixin.py:109} INFO - [2021-09-14 18:58:58,338] {dag.py:1833} INFO - Sync 2 DAGs
[2021-09-14 18:58:58,349] {logging_mixin.py:109} INFO - [2021-09-14 18:58:58,348] {dag.py:2306} INFO - Setting next_dagrun for example_external_task_marker_child to None
[2021-09-14 18:58:58,350] {logging_mixin.py:109} INFO - [2021-09-14 18:58:58,349] {dag.py:2306} INFO - Setting next_dagrun for example_external_task_marker_parent to None
[2021-09-14 18:58:58,359] {processor.py:170} INFO - Processing /home/airflow/.local/lib/python3.8/site-packages/airflow/example_dags/example_external_task_marker_dag.py took 0.058 seconds
[2021-09-14 18:59:28,693] {processor.py:162} INFO - Started process (PID=3014) to work on /home/airflow/.local/lib/python3.8/site-packages/airflow/example_dags/example_external_task_marker_dag.py
[2021-09-14 18:59:28,696] {processor.py:613} INFO - Processing file /home/airflow/.local/lib/python3.8/site-packages/airflow/example_dags/example_external_task_marker_dag.py for tasks to queue
[2021-09-14 18:59:28,698] {logging_mixin.py:109} INFO - [2021-09-14 18:59:28,698] {dagbag.py:496} INFO - Filling up the DagBag from /home/airflow/.local/lib/python3.8/site-packages/airflow/example_dags/example_external_task_marker_dag.py
[2021-09-14 18:59:28,709] {processor.py:623} INFO - DAG(s) dict_keys(['example_external_task_marker_parent', 'example_external_task_marker_child']) retrieved from /home/airflow/.local/lib/python3.8/site-packages/airflow/example_dags/example_external_task_marker_dag.py
[2021-09-14 18:59:28,752] {logging_mixin.py:109} INFO - [2021-09-14 18:59:28,752] {dag.py:1833} INFO - Sync 2 DAGs
[2021-09-14 18:59:28,780] {logging_mixin.py:109} INFO - [2021-09-14 18:59:28,780] {dag.py:2306} INFO - Setting next_dagrun for example_external_task_marker_child to None
[2021-09-14 18:59:28,784] {logging_mixin.py:109} INFO - [2021-09-14 18:59:28,783] {dag.py:2306} INFO - Setting next_dagrun for example_external_task_marker_parent to None
[2021-09-14 18:59:28,813] {processor.py:170} INFO - Processing /home/airflow/.local/lib/python3.8/site-packages/airflow/example_dags/example_external_task_marker_dag.py took 0.124 seconds
[2021-09-14 18:59:58,990] {processor.py:162} INFO - Started process (PID=3063) to work on /home/airflow/.local/lib/python3.8/site-packages/airflow/example_dags/example_external_task_marker_dag.py
[2021-09-14 18:59:58,992] {processor.py:613} INFO - Processing file /home/airflow/.local/lib/python3.8/site-packages/airflow/example_dags/example_external_task_marker_dag.py for tasks to queue
[2021-09-14 18:59:58,992] {logging_mixin.py:109} INFO - [2021-09-14 18:59:58,992] {dagbag.py:496} INFO - Filling up the DagBag from /home/airflow/.local/lib/python3.8/site-packages/airflow/example_dags/example_external_task_marker_dag.py
[2021-09-14 18:59:59,001] {processor.py:623} INFO - DAG(s) dict_keys(['example_external_task_marker_parent', 'example_external_task_marker_child']) retrieved from /home/airflow/.local/lib/python3.8/site-packages/airflow/example_dags/example_external_task_marker_dag.py
[2021-09-14 18:59:59,022] {logging_mixin.py:109} INFO - [2021-09-14 18:59:59,022] {dag.py:1833} INFO - Sync 2 DAGs
[2021-09-14 18:59:59,035] {logging_mixin.py:109} INFO - [2021-09-14 18:59:59,035] {dag.py:2306} INFO - Setting next_dagrun for example_external_task_marker_child to None
[2021-09-14 18:59:59,036] {logging_mixin.py:109} INFO - [2021-09-14 18:59:59,036] {dag.py:2306} INFO - Setting next_dagrun for example_external_task_marker_parent to None
[2021-09-14 18:59:59,053] {processor.py:170} INFO - Processing /home/airflow/.local/lib/python3.8/site-packages/airflow/example_dags/example_external_task_marker_dag.py took 0.065 seconds
[2021-09-14 19:00:29,457] {processor.py:162} INFO - Started process (PID=3121) to work on /home/airflow/.local/lib/python3.8/site-packages/airflow/example_dags/example_external_task_marker_dag.py
[2021-09-14 19:00:29,458] {processor.py:613} INFO - Processing file /home/airflow/.local/lib/python3.8/site-packages/airflow/example_dags/example_external_task_marker_dag.py for tasks to queue
[2021-09-14 19:00:29,458] {logging_mixin.py:109} INFO - [2021-09-14 19:00:29,458] {dagbag.py:496} INFO - Filling up the DagBag from /home/airflow/.local/lib/python3.8/site-packages/airflow/example_dags/example_external_task_marker_dag.py
[2021-09-14 19:00:29,470] {processor.py:623} INFO - DAG(s) dict_keys(['example_external_task_marker_parent', 'example_external_task_marker_child']) retrieved from /home/airflow/.local/lib/python3.8/site-packages/airflow/example_dags/example_external_task_marker_dag.py
[2021-09-14 19:00:29,489] {logging_mixin.py:109} INFO - [2021-09-14 19:00:29,489] {dag.py:1833} INFO - Sync 2 DAGs
[2021-09-14 19:00:29,501] {logging_mixin.py:109} INFO - [2021-09-14 19:00:29,501] {dag.py:2306} INFO - Setting next_dagrun for example_external_task_marker_child to None
[2021-09-14 19:00:29,502] {logging_mixin.py:109} INFO - [2021-09-14 19:00:29,502] {dag.py:2306} INFO - Setting next_dagrun for example_external_task_marker_parent to None
[2021-09-14 19:00:29,514] {processor.py:170} INFO - Processing /home/airflow/.local/lib/python3.8/site-packages/airflow/example_dags/example_external_task_marker_dag.py took 0.060 seconds
[2021-09-14 19:01:00,293] {processor.py:162} INFO - Started process (PID=3169) to work on /home/airflow/.local/lib/python3.8/site-packages/airflow/example_dags/example_external_task_marker_dag.py
[2021-09-14 19:01:00,294] {processor.py:613} INFO - Processing file /home/airflow/.local/lib/python3.8/site-packages/airflow/example_dags/example_external_task_marker_dag.py for tasks to queue
[2021-09-14 19:01:00,295] {logging_mixin.py:109} INFO - [2021-09-14 19:01:00,294] {dagbag.py:496} INFO - Filling up the DagBag from /home/airflow/.local/lib/python3.8/site-packages/airflow/example_dags/example_external_task_marker_dag.py
[2021-09-14 19:01:00,303] {processor.py:623} INFO - DAG(s) dict_keys(['example_external_task_marker_parent', 'example_external_task_marker_child']) retrieved from /home/airflow/.local/lib/python3.8/site-packages/airflow/example_dags/example_external_task_marker_dag.py
[2021-09-14 19:01:00,320] {logging_mixin.py:109} INFO - [2021-09-14 19:01:00,320] {dag.py:1833} INFO - Sync 2 DAGs
[2021-09-14 19:01:00,330] {logging_mixin.py:109} INFO - [2021-09-14 19:01:00,330] {dag.py:2306} INFO - Setting next_dagrun for example_external_task_marker_child to None
[2021-09-14 19:01:00,331] {logging_mixin.py:109} INFO - [2021-09-14 19:01:00,331] {dag.py:2306} INFO - Setting next_dagrun for example_external_task_marker_parent to None
[2021-09-14 19:01:00,337] {processor.py:170} INFO - Processing /home/airflow/.local/lib/python3.8/site-packages/airflow/example_dags/example_external_task_marker_dag.py took 0.047 seconds
[2021-09-14 19:01:30,689] {processor.py:162} INFO - Started process (PID=3225) to work on /home/airflow/.local/lib/python3.8/site-packages/airflow/example_dags/example_external_task_marker_dag.py
[2021-09-14 19:01:30,690] {processor.py:613} INFO - Processing file /home/airflow/.local/lib/python3.8/site-packages/airflow/example_dags/example_external_task_marker_dag.py for tasks to queue
[2021-09-14 19:01:30,691] {logging_mixin.py:109} INFO - [2021-09-14 19:01:30,690] {dagbag.py:496} INFO - Filling up the DagBag from /home/airflow/.local/lib/python3.8/site-packages/airflow/example_dags/example_external_task_marker_dag.py
[2021-09-14 19:01:30,699] {processor.py:623} INFO - DAG(s) dict_keys(['example_external_task_marker_parent', 'example_external_task_marker_child']) retrieved from /home/airflow/.local/lib/python3.8/site-packages/airflow/example_dags/example_external_task_marker_dag.py
[2021-09-14 19:01:30,715] {logging_mixin.py:109} INFO - [2021-09-14 19:01:30,715] {dag.py:1833} INFO - Sync 2 DAGs
[2021-09-14 19:01:30,724] {logging_mixin.py:109} INFO - [2021-09-14 19:01:30,724] {dag.py:2306} INFO - Setting next_dagrun for example_external_task_marker_child to None
[2021-09-14 19:01:30,724] {logging_mixin.py:109} INFO - [2021-09-14 19:01:30,724] {dag.py:2306} INFO - Setting next_dagrun for example_external_task_marker_parent to None
[2021-09-14 19:01:30,730] {processor.py:170} INFO - Processing /home/airflow/.local/lib/python3.8/site-packages/airflow/example_dags/example_external_task_marker_dag.py took 0.044 seconds
[2021-09-14 19:02:01,635] {processor.py:162} INFO - Started process (PID=3274) to work on /home/airflow/.local/lib/python3.8/site-packages/airflow/example_dags/example_external_task_marker_dag.py
[2021-09-14 19:02:01,636] {processor.py:613} INFO - Processing file /home/airflow/.local/lib/python3.8/site-packages/airflow/example_dags/example_external_task_marker_dag.py for tasks to queue
[2021-09-14 19:02:01,637] {logging_mixin.py:109} INFO - [2021-09-14 19:02:01,637] {dagbag.py:496} INFO - Filling up the DagBag from /home/airflow/.local/lib/python3.8/site-packages/airflow/example_dags/example_external_task_marker_dag.py
[2021-09-14 19:02:01,646] {processor.py:623} INFO - DAG(s) dict_keys(['example_external_task_marker_parent', 'example_external_task_marker_child']) retrieved from /home/airflow/.local/lib/python3.8/site-packages/airflow/example_dags/example_external_task_marker_dag.py
[2021-09-14 19:02:01,663] {logging_mixin.py:109} INFO - [2021-09-14 19:02:01,663] {dag.py:1833} INFO - Sync 2 DAGs
[2021-09-14 19:02:01,675] {logging_mixin.py:109} INFO - [2021-09-14 19:02:01,674] {dag.py:2306} INFO - Setting next_dagrun for example_external_task_marker_child to None
[2021-09-14 19:02:01,676] {logging_mixin.py:109} INFO - [2021-09-14 19:02:01,675] {dag.py:2306} INFO - Setting next_dagrun for example_external_task_marker_parent to None
[2021-09-14 19:02:01,684] {processor.py:170} INFO - Processing /home/airflow/.local/lib/python3.8/site-packages/airflow/example_dags/example_external_task_marker_dag.py took 0.052 seconds
[2021-09-14 19:02:32,338] {processor.py:162} INFO - Started process (PID=3331) to work on /home/airflow/.local/lib/python3.8/site-packages/airflow/example_dags/example_external_task_marker_dag.py
[2021-09-14 19:02:32,339] {processor.py:613} INFO - Processing file /home/airflow/.local/lib/python3.8/site-packages/airflow/example_dags/example_external_task_marker_dag.py for tasks to queue
[2021-09-14 19:02:32,340] {logging_mixin.py:109} INFO - [2021-09-14 19:02:32,340] {dagbag.py:496} INFO - Filling up the DagBag from /home/airflow/.local/lib/python3.8/site-packages/airflow/example_dags/example_external_task_marker_dag.py
[2021-09-14 19:02:32,352] {processor.py:623} INFO - DAG(s) dict_keys(['example_external_task_marker_parent', 'example_external_task_marker_child']) retrieved from /home/airflow/.local/lib/python3.8/site-packages/airflow/example_dags/example_external_task_marker_dag.py
[2021-09-14 19:02:32,372] {logging_mixin.py:109} INFO - [2021-09-14 19:02:32,372] {dag.py:1833} INFO - Sync 2 DAGs
[2021-09-14 19:02:32,382] {logging_mixin.py:109} INFO - [2021-09-14 19:02:32,381] {dag.py:2306} INFO - Setting next_dagrun for example_external_task_marker_child to None
[2021-09-14 19:02:32,383] {logging_mixin.py:109} INFO - [2021-09-14 19:02:32,382] {dag.py:2306} INFO - Setting next_dagrun for example_external_task_marker_parent to None
[2021-09-14 19:02:32,400] {processor.py:170} INFO - Processing /home/airflow/.local/lib/python3.8/site-packages/airflow/example_dags/example_external_task_marker_dag.py took 0.065 seconds
[2021-09-14 19:03:02,668] {processor.py:162} INFO - Started process (PID=3387) to work on /home/airflow/.local/lib/python3.8/site-packages/airflow/example_dags/example_external_task_marker_dag.py
[2021-09-14 19:03:02,669] {processor.py:613} INFO - Processing file /home/airflow/.local/lib/python3.8/site-packages/airflow/example_dags/example_external_task_marker_dag.py for tasks to queue
[2021-09-14 19:03:02,669] {logging_mixin.py:109} INFO - [2021-09-14 19:03:02,669] {dagbag.py:496} INFO - Filling up the DagBag from /home/airflow/.local/lib/python3.8/site-packages/airflow/example_dags/example_external_task_marker_dag.py
[2021-09-14 19:03:02,679] {processor.py:623} INFO - DAG(s) dict_keys(['example_external_task_marker_parent', 'example_external_task_marker_child']) retrieved from /home/airflow/.local/lib/python3.8/site-packages/airflow/example_dags/example_external_task_marker_dag.py
[2021-09-14 19:03:02,696] {logging_mixin.py:109} INFO - [2021-09-14 19:03:02,696] {dag.py:1833} INFO - Sync 2 DAGs
[2021-09-14 19:03:02,706] {logging_mixin.py:109} INFO - [2021-09-14 19:03:02,706] {dag.py:2306} INFO - Setting next_dagrun for example_external_task_marker_child to None
[2021-09-14 19:03:02,707] {logging_mixin.py:109} INFO - [2021-09-14 19:03:02,707] {dag.py:2306} INFO - Setting next_dagrun for example_external_task_marker_parent to None
[2021-09-14 19:03:02,718] {processor.py:170} INFO - Processing /home/airflow/.local/lib/python3.8/site-packages/airflow/example_dags/example_external_task_marker_dag.py took 0.053 seconds
[2021-09-14 19:03:33,036] {processor.py:162} INFO - Started process (PID=3435) to work on /home/airflow/.local/lib/python3.8/site-packages/airflow/example_dags/example_external_task_marker_dag.py
[2021-09-14 19:03:33,037] {processor.py:613} INFO - Processing file /home/airflow/.local/lib/python3.8/site-packages/airflow/example_dags/example_external_task_marker_dag.py for tasks to queue
[2021-09-14 19:03:33,038] {logging_mixin.py:109} INFO - [2021-09-14 19:03:33,038] {dagbag.py:496} INFO - Filling up the DagBag from /home/airflow/.local/lib/python3.8/site-packages/airflow/example_dags/example_external_task_marker_dag.py
[2021-09-14 19:03:33,055] {processor.py:623} INFO - DAG(s) dict_keys(['example_external_task_marker_parent', 'example_external_task_marker_child']) retrieved from /home/airflow/.local/lib/python3.8/site-packages/airflow/example_dags/example_external_task_marker_dag.py
[2021-09-14 19:03:33,097] {logging_mixin.py:109} INFO - [2021-09-14 19:03:33,097] {dag.py:1833} INFO - Sync 2 DAGs
[2021-09-14 19:03:33,109] {logging_mixin.py:109} INFO - [2021-09-14 19:03:33,109] {dag.py:2306} INFO - Setting next_dagrun for example_external_task_marker_child to None
[2021-09-14 19:03:33,110] {logging_mixin.py:109} INFO - [2021-09-14 19:03:33,110] {dag.py:2306} INFO - Setting next_dagrun for example_external_task_marker_parent to None
[2021-09-14 19:03:33,119] {processor.py:170} INFO - Processing /home/airflow/.local/lib/python3.8/site-packages/airflow/example_dags/example_external_task_marker_dag.py took 0.087 seconds
