[2021-09-14 18:32:15,010] {processor.py:162} INFO - Started process (PID=147) to work on /home/airflow/.local/lib/python3.8/site-packages/airflow/example_dags/example_task_group_decorator.py
[2021-09-14 18:32:15,012] {processor.py:613} INFO - Processing file /home/airflow/.local/lib/python3.8/site-packages/airflow/example_dags/example_task_group_decorator.py for tasks to queue
[2021-09-14 18:32:15,013] {logging_mixin.py:109} INFO - [2021-09-14 18:32:15,013] {dagbag.py:496} INFO - Filling up the DagBag from /home/airflow/.local/lib/python3.8/site-packages/airflow/example_dags/example_task_group_decorator.py
[2021-09-14 18:32:15,056] {processor.py:623} INFO - DAG(s) dict_keys(['example_task_group_decorator']) retrieved from /home/airflow/.local/lib/python3.8/site-packages/airflow/example_dags/example_task_group_decorator.py
[2021-09-14 18:32:17,334] {logging_mixin.py:109} INFO - [2021-09-14 18:32:17,334] {dag.py:1833} INFO - Sync 1 DAGs
[2021-09-14 18:32:17,342] {logging_mixin.py:109} INFO - [2021-09-14 18:32:17,341] {dag.py:1852} INFO - Creating ORM DAG for example_task_group_decorator
[2021-09-14 18:32:17,346] {logging_mixin.py:109} INFO - [2021-09-14 18:32:17,346] {dag.py:2306} INFO - Setting next_dagrun for example_task_group_decorator to 2021-09-12 00:00:00+00:00
[2021-09-14 18:32:17,365] {processor.py:170} INFO - Processing /home/airflow/.local/lib/python3.8/site-packages/airflow/example_dags/example_task_group_decorator.py took 2.359 seconds
[2021-09-14 18:32:47,461] {processor.py:162} INFO - Started process (PID=244) to work on /home/airflow/.local/lib/python3.8/site-packages/airflow/example_dags/example_task_group_decorator.py
[2021-09-14 18:32:47,462] {processor.py:613} INFO - Processing file /home/airflow/.local/lib/python3.8/site-packages/airflow/example_dags/example_task_group_decorator.py for tasks to queue
[2021-09-14 18:32:47,463] {logging_mixin.py:109} INFO - [2021-09-14 18:32:47,463] {dagbag.py:496} INFO - Filling up the DagBag from /home/airflow/.local/lib/python3.8/site-packages/airflow/example_dags/example_task_group_decorator.py
[2021-09-14 18:32:47,480] {processor.py:623} INFO - DAG(s) dict_keys(['example_task_group_decorator']) retrieved from /home/airflow/.local/lib/python3.8/site-packages/airflow/example_dags/example_task_group_decorator.py
[2021-09-14 18:32:47,717] {logging_mixin.py:109} INFO - [2021-09-14 18:32:47,717] {dag.py:1833} INFO - Sync 1 DAGs
[2021-09-14 18:32:47,725] {logging_mixin.py:109} INFO - [2021-09-14 18:32:47,724] {dag.py:2306} INFO - Setting next_dagrun for example_task_group_decorator to 2021-09-12 00:00:00+00:00
[2021-09-14 18:32:47,732] {processor.py:170} INFO - Processing /home/airflow/.local/lib/python3.8/site-packages/airflow/example_dags/example_task_group_decorator.py took 0.273 seconds
[2021-09-14 18:33:18,305] {processor.py:162} INFO - Started process (PID=299) to work on /home/airflow/.local/lib/python3.8/site-packages/airflow/example_dags/example_task_group_decorator.py
[2021-09-14 18:33:18,306] {processor.py:613} INFO - Processing file /home/airflow/.local/lib/python3.8/site-packages/airflow/example_dags/example_task_group_decorator.py for tasks to queue
[2021-09-14 18:33:18,307] {logging_mixin.py:109} INFO - [2021-09-14 18:33:18,307] {dagbag.py:496} INFO - Filling up the DagBag from /home/airflow/.local/lib/python3.8/site-packages/airflow/example_dags/example_task_group_decorator.py
[2021-09-14 18:33:18,326] {processor.py:623} INFO - DAG(s) dict_keys(['example_task_group_decorator']) retrieved from /home/airflow/.local/lib/python3.8/site-packages/airflow/example_dags/example_task_group_decorator.py
[2021-09-14 18:33:18,592] {logging_mixin.py:109} INFO - [2021-09-14 18:33:18,591] {dag.py:1833} INFO - Sync 1 DAGs
[2021-09-14 18:33:18,599] {logging_mixin.py:109} INFO - [2021-09-14 18:33:18,599] {dag.py:2306} INFO - Setting next_dagrun for example_task_group_decorator to 2021-09-12 00:00:00+00:00
[2021-09-14 18:33:18,607] {processor.py:170} INFO - Processing /home/airflow/.local/lib/python3.8/site-packages/airflow/example_dags/example_task_group_decorator.py took 0.305 seconds
[2021-09-14 18:33:49,520] {processor.py:162} INFO - Started process (PID=349) to work on /home/airflow/.local/lib/python3.8/site-packages/airflow/example_dags/example_task_group_decorator.py
[2021-09-14 18:33:49,522] {processor.py:613} INFO - Processing file /home/airflow/.local/lib/python3.8/site-packages/airflow/example_dags/example_task_group_decorator.py for tasks to queue
[2021-09-14 18:33:49,522] {logging_mixin.py:109} INFO - [2021-09-14 18:33:49,522] {dagbag.py:496} INFO - Filling up the DagBag from /home/airflow/.local/lib/python3.8/site-packages/airflow/example_dags/example_task_group_decorator.py
[2021-09-14 18:33:49,539] {processor.py:623} INFO - DAG(s) dict_keys(['example_task_group_decorator']) retrieved from /home/airflow/.local/lib/python3.8/site-packages/airflow/example_dags/example_task_group_decorator.py
[2021-09-14 18:33:49,840] {logging_mixin.py:109} INFO - [2021-09-14 18:33:49,840] {dag.py:1833} INFO - Sync 1 DAGs
[2021-09-14 18:33:49,851] {logging_mixin.py:109} INFO - [2021-09-14 18:33:49,851] {dag.py:2306} INFO - Setting next_dagrun for example_task_group_decorator to 2021-09-12 00:00:00+00:00
[2021-09-14 18:33:49,859] {processor.py:170} INFO - Processing /home/airflow/.local/lib/python3.8/site-packages/airflow/example_dags/example_task_group_decorator.py took 0.342 seconds
[2021-09-14 18:34:20,702] {processor.py:162} INFO - Started process (PID=405) to work on /home/airflow/.local/lib/python3.8/site-packages/airflow/example_dags/example_task_group_decorator.py
[2021-09-14 18:34:20,702] {processor.py:613} INFO - Processing file /home/airflow/.local/lib/python3.8/site-packages/airflow/example_dags/example_task_group_decorator.py for tasks to queue
[2021-09-14 18:34:20,703] {logging_mixin.py:109} INFO - [2021-09-14 18:34:20,703] {dagbag.py:496} INFO - Filling up the DagBag from /home/airflow/.local/lib/python3.8/site-packages/airflow/example_dags/example_task_group_decorator.py
[2021-09-14 18:34:20,719] {processor.py:623} INFO - DAG(s) dict_keys(['example_task_group_decorator']) retrieved from /home/airflow/.local/lib/python3.8/site-packages/airflow/example_dags/example_task_group_decorator.py
[2021-09-14 18:34:20,979] {logging_mixin.py:109} INFO - [2021-09-14 18:34:20,979] {dag.py:1833} INFO - Sync 1 DAGs
[2021-09-14 18:34:20,991] {logging_mixin.py:109} INFO - [2021-09-14 18:34:20,991] {dag.py:2306} INFO - Setting next_dagrun for example_task_group_decorator to 2021-09-12 00:00:00+00:00
[2021-09-14 18:34:21,000] {processor.py:170} INFO - Processing /home/airflow/.local/lib/python3.8/site-packages/airflow/example_dags/example_task_group_decorator.py took 0.301 seconds
[2021-09-14 18:34:52,003] {processor.py:162} INFO - Started process (PID=458) to work on /home/airflow/.local/lib/python3.8/site-packages/airflow/example_dags/example_task_group_decorator.py
[2021-09-14 18:34:52,006] {processor.py:613} INFO - Processing file /home/airflow/.local/lib/python3.8/site-packages/airflow/example_dags/example_task_group_decorator.py for tasks to queue
[2021-09-14 18:34:52,007] {logging_mixin.py:109} INFO - [2021-09-14 18:34:52,007] {dagbag.py:496} INFO - Filling up the DagBag from /home/airflow/.local/lib/python3.8/site-packages/airflow/example_dags/example_task_group_decorator.py
[2021-09-14 18:34:52,038] {processor.py:623} INFO - DAG(s) dict_keys(['example_task_group_decorator']) retrieved from /home/airflow/.local/lib/python3.8/site-packages/airflow/example_dags/example_task_group_decorator.py
[2021-09-14 18:34:52,345] {logging_mixin.py:109} INFO - [2021-09-14 18:34:52,345] {dag.py:1833} INFO - Sync 1 DAGs
[2021-09-14 18:34:52,354] {logging_mixin.py:109} INFO - [2021-09-14 18:34:52,354] {dag.py:2306} INFO - Setting next_dagrun for example_task_group_decorator to 2021-09-12 00:00:00+00:00
[2021-09-14 18:34:52,363] {processor.py:170} INFO - Processing /home/airflow/.local/lib/python3.8/site-packages/airflow/example_dags/example_task_group_decorator.py took 0.364 seconds
[2021-09-14 18:35:23,218] {processor.py:162} INFO - Started process (PID=507) to work on /home/airflow/.local/lib/python3.8/site-packages/airflow/example_dags/example_task_group_decorator.py
[2021-09-14 18:35:23,219] {processor.py:613} INFO - Processing file /home/airflow/.local/lib/python3.8/site-packages/airflow/example_dags/example_task_group_decorator.py for tasks to queue
[2021-09-14 18:35:23,220] {logging_mixin.py:109} INFO - [2021-09-14 18:35:23,220] {dagbag.py:496} INFO - Filling up the DagBag from /home/airflow/.local/lib/python3.8/site-packages/airflow/example_dags/example_task_group_decorator.py
[2021-09-14 18:35:23,239] {processor.py:623} INFO - DAG(s) dict_keys(['example_task_group_decorator']) retrieved from /home/airflow/.local/lib/python3.8/site-packages/airflow/example_dags/example_task_group_decorator.py
[2021-09-14 18:35:23,498] {logging_mixin.py:109} INFO - [2021-09-14 18:35:23,498] {dag.py:1833} INFO - Sync 1 DAGs
[2021-09-14 18:35:23,506] {logging_mixin.py:109} INFO - [2021-09-14 18:35:23,506] {dag.py:2306} INFO - Setting next_dagrun for example_task_group_decorator to 2021-09-12 00:00:00+00:00
[2021-09-14 18:35:23,514] {processor.py:170} INFO - Processing /home/airflow/.local/lib/python3.8/site-packages/airflow/example_dags/example_task_group_decorator.py took 0.299 seconds
[2021-09-14 18:35:54,301] {processor.py:162} INFO - Started process (PID=562) to work on /home/airflow/.local/lib/python3.8/site-packages/airflow/example_dags/example_task_group_decorator.py
[2021-09-14 18:35:54,303] {processor.py:613} INFO - Processing file /home/airflow/.local/lib/python3.8/site-packages/airflow/example_dags/example_task_group_decorator.py for tasks to queue
[2021-09-14 18:35:54,304] {logging_mixin.py:109} INFO - [2021-09-14 18:35:54,304] {dagbag.py:496} INFO - Filling up the DagBag from /home/airflow/.local/lib/python3.8/site-packages/airflow/example_dags/example_task_group_decorator.py
[2021-09-14 18:35:54,329] {processor.py:623} INFO - DAG(s) dict_keys(['example_task_group_decorator']) retrieved from /home/airflow/.local/lib/python3.8/site-packages/airflow/example_dags/example_task_group_decorator.py
[2021-09-14 18:35:54,594] {logging_mixin.py:109} INFO - [2021-09-14 18:35:54,594] {dag.py:1833} INFO - Sync 1 DAGs
[2021-09-14 18:35:54,602] {logging_mixin.py:109} INFO - [2021-09-14 18:35:54,602] {dag.py:2306} INFO - Setting next_dagrun for example_task_group_decorator to 2021-09-12 00:00:00+00:00
[2021-09-14 18:35:54,609] {processor.py:170} INFO - Processing /home/airflow/.local/lib/python3.8/site-packages/airflow/example_dags/example_task_group_decorator.py took 0.312 seconds
[2021-09-14 18:36:24,725] {processor.py:162} INFO - Started process (PID=609) to work on /home/airflow/.local/lib/python3.8/site-packages/airflow/example_dags/example_task_group_decorator.py
[2021-09-14 18:36:24,727] {processor.py:613} INFO - Processing file /home/airflow/.local/lib/python3.8/site-packages/airflow/example_dags/example_task_group_decorator.py for tasks to queue
[2021-09-14 18:36:24,728] {logging_mixin.py:109} INFO - [2021-09-14 18:36:24,728] {dagbag.py:496} INFO - Filling up the DagBag from /home/airflow/.local/lib/python3.8/site-packages/airflow/example_dags/example_task_group_decorator.py
[2021-09-14 18:36:24,753] {processor.py:623} INFO - DAG(s) dict_keys(['example_task_group_decorator']) retrieved from /home/airflow/.local/lib/python3.8/site-packages/airflow/example_dags/example_task_group_decorator.py
[2021-09-14 18:36:25,044] {logging_mixin.py:109} INFO - [2021-09-14 18:36:25,044] {dag.py:1833} INFO - Sync 1 DAGs
[2021-09-14 18:36:25,055] {logging_mixin.py:109} INFO - [2021-09-14 18:36:25,055] {dag.py:2306} INFO - Setting next_dagrun for example_task_group_decorator to 2021-09-12 00:00:00+00:00
[2021-09-14 18:36:25,063] {processor.py:170} INFO - Processing /home/airflow/.local/lib/python3.8/site-packages/airflow/example_dags/example_task_group_decorator.py took 0.342 seconds
[2021-09-14 18:36:55,498] {processor.py:162} INFO - Started process (PID=666) to work on /home/airflow/.local/lib/python3.8/site-packages/airflow/example_dags/example_task_group_decorator.py
[2021-09-14 18:36:55,499] {processor.py:613} INFO - Processing file /home/airflow/.local/lib/python3.8/site-packages/airflow/example_dags/example_task_group_decorator.py for tasks to queue
[2021-09-14 18:36:55,499] {logging_mixin.py:109} INFO - [2021-09-14 18:36:55,499] {dagbag.py:496} INFO - Filling up the DagBag from /home/airflow/.local/lib/python3.8/site-packages/airflow/example_dags/example_task_group_decorator.py
[2021-09-14 18:36:55,525] {processor.py:623} INFO - DAG(s) dict_keys(['example_task_group_decorator']) retrieved from /home/airflow/.local/lib/python3.8/site-packages/airflow/example_dags/example_task_group_decorator.py
[2021-09-14 18:36:55,765] {logging_mixin.py:109} INFO - [2021-09-14 18:36:55,765] {dag.py:1833} INFO - Sync 1 DAGs
[2021-09-14 18:36:55,773] {logging_mixin.py:109} INFO - [2021-09-14 18:36:55,773] {dag.py:2306} INFO - Setting next_dagrun for example_task_group_decorator to 2021-09-12 00:00:00+00:00
[2021-09-14 18:36:55,782] {processor.py:170} INFO - Processing /home/airflow/.local/lib/python3.8/site-packages/airflow/example_dags/example_task_group_decorator.py took 0.287 seconds
[2021-09-14 18:37:26,056] {processor.py:162} INFO - Started process (PID=716) to work on /home/airflow/.local/lib/python3.8/site-packages/airflow/example_dags/example_task_group_decorator.py
[2021-09-14 18:37:26,057] {processor.py:613} INFO - Processing file /home/airflow/.local/lib/python3.8/site-packages/airflow/example_dags/example_task_group_decorator.py for tasks to queue
[2021-09-14 18:37:26,058] {logging_mixin.py:109} INFO - [2021-09-14 18:37:26,058] {dagbag.py:496} INFO - Filling up the DagBag from /home/airflow/.local/lib/python3.8/site-packages/airflow/example_dags/example_task_group_decorator.py
[2021-09-14 18:37:26,074] {processor.py:623} INFO - DAG(s) dict_keys(['example_task_group_decorator']) retrieved from /home/airflow/.local/lib/python3.8/site-packages/airflow/example_dags/example_task_group_decorator.py
[2021-09-14 18:37:26,299] {logging_mixin.py:109} INFO - [2021-09-14 18:37:26,299] {dag.py:1833} INFO - Sync 1 DAGs
[2021-09-14 18:37:26,308] {logging_mixin.py:109} INFO - [2021-09-14 18:37:26,307] {dag.py:2306} INFO - Setting next_dagrun for example_task_group_decorator to 2021-09-12 00:00:00+00:00
[2021-09-14 18:37:26,316] {processor.py:170} INFO - Processing /home/airflow/.local/lib/python3.8/site-packages/airflow/example_dags/example_task_group_decorator.py took 0.263 seconds
[2021-09-14 18:37:57,405] {processor.py:162} INFO - Started process (PID=772) to work on /home/airflow/.local/lib/python3.8/site-packages/airflow/example_dags/example_task_group_decorator.py
[2021-09-14 18:37:57,406] {processor.py:613} INFO - Processing file /home/airflow/.local/lib/python3.8/site-packages/airflow/example_dags/example_task_group_decorator.py for tasks to queue
[2021-09-14 18:37:57,407] {logging_mixin.py:109} INFO - [2021-09-14 18:37:57,407] {dagbag.py:496} INFO - Filling up the DagBag from /home/airflow/.local/lib/python3.8/site-packages/airflow/example_dags/example_task_group_decorator.py
[2021-09-14 18:37:57,433] {processor.py:623} INFO - DAG(s) dict_keys(['example_task_group_decorator']) retrieved from /home/airflow/.local/lib/python3.8/site-packages/airflow/example_dags/example_task_group_decorator.py
[2021-09-14 18:37:57,678] {logging_mixin.py:109} INFO - [2021-09-14 18:37:57,678] {dag.py:1833} INFO - Sync 1 DAGs
[2021-09-14 18:37:57,688] {logging_mixin.py:109} INFO - [2021-09-14 18:37:57,688] {dag.py:2306} INFO - Setting next_dagrun for example_task_group_decorator to 2021-09-12 00:00:00+00:00
[2021-09-14 18:37:57,696] {processor.py:170} INFO - Processing /home/airflow/.local/lib/python3.8/site-packages/airflow/example_dags/example_task_group_decorator.py took 0.294 seconds
[2021-09-14 18:38:28,206] {processor.py:162} INFO - Started process (PID=827) to work on /home/airflow/.local/lib/python3.8/site-packages/airflow/example_dags/example_task_group_decorator.py
[2021-09-14 18:38:28,209] {processor.py:613} INFO - Processing file /home/airflow/.local/lib/python3.8/site-packages/airflow/example_dags/example_task_group_decorator.py for tasks to queue
[2021-09-14 18:38:28,210] {logging_mixin.py:109} INFO - [2021-09-14 18:38:28,210] {dagbag.py:496} INFO - Filling up the DagBag from /home/airflow/.local/lib/python3.8/site-packages/airflow/example_dags/example_task_group_decorator.py
[2021-09-14 18:38:28,240] {processor.py:623} INFO - DAG(s) dict_keys(['example_task_group_decorator']) retrieved from /home/airflow/.local/lib/python3.8/site-packages/airflow/example_dags/example_task_group_decorator.py
[2021-09-14 18:38:28,579] {logging_mixin.py:109} INFO - [2021-09-14 18:38:28,579] {dag.py:1833} INFO - Sync 1 DAGs
[2021-09-14 18:38:28,592] {logging_mixin.py:109} INFO - [2021-09-14 18:38:28,591] {dag.py:2306} INFO - Setting next_dagrun for example_task_group_decorator to 2021-09-12 00:00:00+00:00
[2021-09-14 18:38:28,610] {processor.py:170} INFO - Processing /home/airflow/.local/lib/python3.8/site-packages/airflow/example_dags/example_task_group_decorator.py took 0.407 seconds
[2021-09-14 18:38:59,569] {processor.py:162} INFO - Started process (PID=876) to work on /home/airflow/.local/lib/python3.8/site-packages/airflow/example_dags/example_task_group_decorator.py
[2021-09-14 18:38:59,570] {processor.py:613} INFO - Processing file /home/airflow/.local/lib/python3.8/site-packages/airflow/example_dags/example_task_group_decorator.py for tasks to queue
[2021-09-14 18:38:59,571] {logging_mixin.py:109} INFO - [2021-09-14 18:38:59,570] {dagbag.py:496} INFO - Filling up the DagBag from /home/airflow/.local/lib/python3.8/site-packages/airflow/example_dags/example_task_group_decorator.py
[2021-09-14 18:38:59,591] {processor.py:623} INFO - DAG(s) dict_keys(['example_task_group_decorator']) retrieved from /home/airflow/.local/lib/python3.8/site-packages/airflow/example_dags/example_task_group_decorator.py
[2021-09-14 18:38:59,850] {logging_mixin.py:109} INFO - [2021-09-14 18:38:59,849] {dag.py:1833} INFO - Sync 1 DAGs
[2021-09-14 18:38:59,862] {logging_mixin.py:109} INFO - [2021-09-14 18:38:59,862] {dag.py:2306} INFO - Setting next_dagrun for example_task_group_decorator to 2021-09-12 00:00:00+00:00
[2021-09-14 18:38:59,872] {processor.py:170} INFO - Processing /home/airflow/.local/lib/python3.8/site-packages/airflow/example_dags/example_task_group_decorator.py took 0.306 seconds
[2021-09-14 18:39:29,984] {processor.py:162} INFO - Started process (PID=932) to work on /home/airflow/.local/lib/python3.8/site-packages/airflow/example_dags/example_task_group_decorator.py
[2021-09-14 18:39:29,986] {processor.py:613} INFO - Processing file /home/airflow/.local/lib/python3.8/site-packages/airflow/example_dags/example_task_group_decorator.py for tasks to queue
[2021-09-14 18:39:29,987] {logging_mixin.py:109} INFO - [2021-09-14 18:39:29,987] {dagbag.py:496} INFO - Filling up the DagBag from /home/airflow/.local/lib/python3.8/site-packages/airflow/example_dags/example_task_group_decorator.py
[2021-09-14 18:39:30,014] {processor.py:623} INFO - DAG(s) dict_keys(['example_task_group_decorator']) retrieved from /home/airflow/.local/lib/python3.8/site-packages/airflow/example_dags/example_task_group_decorator.py
[2021-09-14 18:39:30,277] {logging_mixin.py:109} INFO - [2021-09-14 18:39:30,277] {dag.py:1833} INFO - Sync 1 DAGs
[2021-09-14 18:39:30,289] {logging_mixin.py:109} INFO - [2021-09-14 18:39:30,288] {dag.py:2306} INFO - Setting next_dagrun for example_task_group_decorator to 2021-09-12 00:00:00+00:00
[2021-09-14 18:39:30,298] {processor.py:170} INFO - Processing /home/airflow/.local/lib/python3.8/site-packages/airflow/example_dags/example_task_group_decorator.py took 0.317 seconds
[2021-09-14 18:40:01,271] {processor.py:162} INFO - Started process (PID=981) to work on /home/airflow/.local/lib/python3.8/site-packages/airflow/example_dags/example_task_group_decorator.py
[2021-09-14 18:40:01,272] {processor.py:613} INFO - Processing file /home/airflow/.local/lib/python3.8/site-packages/airflow/example_dags/example_task_group_decorator.py for tasks to queue
[2021-09-14 18:40:01,273] {logging_mixin.py:109} INFO - [2021-09-14 18:40:01,273] {dagbag.py:496} INFO - Filling up the DagBag from /home/airflow/.local/lib/python3.8/site-packages/airflow/example_dags/example_task_group_decorator.py
[2021-09-14 18:40:01,292] {processor.py:623} INFO - DAG(s) dict_keys(['example_task_group_decorator']) retrieved from /home/airflow/.local/lib/python3.8/site-packages/airflow/example_dags/example_task_group_decorator.py
[2021-09-14 18:40:01,511] {logging_mixin.py:109} INFO - [2021-09-14 18:40:01,511] {dag.py:1833} INFO - Sync 1 DAGs
[2021-09-14 18:40:01,519] {logging_mixin.py:109} INFO - [2021-09-14 18:40:01,519] {dag.py:2306} INFO - Setting next_dagrun for example_task_group_decorator to 2021-09-12 00:00:00+00:00
[2021-09-14 18:40:01,527] {processor.py:170} INFO - Processing /home/airflow/.local/lib/python3.8/site-packages/airflow/example_dags/example_task_group_decorator.py took 0.258 seconds
[2021-09-14 18:40:31,661] {processor.py:162} INFO - Started process (PID=1039) to work on /home/airflow/.local/lib/python3.8/site-packages/airflow/example_dags/example_task_group_decorator.py
[2021-09-14 18:40:31,662] {processor.py:613} INFO - Processing file /home/airflow/.local/lib/python3.8/site-packages/airflow/example_dags/example_task_group_decorator.py for tasks to queue
[2021-09-14 18:40:31,663] {logging_mixin.py:109} INFO - [2021-09-14 18:40:31,663] {dagbag.py:496} INFO - Filling up the DagBag from /home/airflow/.local/lib/python3.8/site-packages/airflow/example_dags/example_task_group_decorator.py
[2021-09-14 18:40:31,690] {processor.py:623} INFO - DAG(s) dict_keys(['example_task_group_decorator']) retrieved from /home/airflow/.local/lib/python3.8/site-packages/airflow/example_dags/example_task_group_decorator.py
[2021-09-14 18:40:31,973] {logging_mixin.py:109} INFO - [2021-09-14 18:40:31,973] {dag.py:1833} INFO - Sync 1 DAGs
[2021-09-14 18:40:31,983] {logging_mixin.py:109} INFO - [2021-09-14 18:40:31,983] {dag.py:2306} INFO - Setting next_dagrun for example_task_group_decorator to 2021-09-12 00:00:00+00:00
[2021-09-14 18:40:31,992] {processor.py:170} INFO - Processing /home/airflow/.local/lib/python3.8/site-packages/airflow/example_dags/example_task_group_decorator.py took 0.334 seconds
[2021-09-14 18:41:02,088] {processor.py:162} INFO - Started process (PID=1088) to work on /home/airflow/.local/lib/python3.8/site-packages/airflow/example_dags/example_task_group_decorator.py
[2021-09-14 18:41:02,089] {processor.py:613} INFO - Processing file /home/airflow/.local/lib/python3.8/site-packages/airflow/example_dags/example_task_group_decorator.py for tasks to queue
[2021-09-14 18:41:02,090] {logging_mixin.py:109} INFO - [2021-09-14 18:41:02,090] {dagbag.py:496} INFO - Filling up the DagBag from /home/airflow/.local/lib/python3.8/site-packages/airflow/example_dags/example_task_group_decorator.py
[2021-09-14 18:41:02,106] {processor.py:623} INFO - DAG(s) dict_keys(['example_task_group_decorator']) retrieved from /home/airflow/.local/lib/python3.8/site-packages/airflow/example_dags/example_task_group_decorator.py
[2021-09-14 18:41:02,343] {logging_mixin.py:109} INFO - [2021-09-14 18:41:02,342] {dag.py:1833} INFO - Sync 1 DAGs
[2021-09-14 18:41:02,352] {logging_mixin.py:109} INFO - [2021-09-14 18:41:02,352] {dag.py:2306} INFO - Setting next_dagrun for example_task_group_decorator to 2021-09-12 00:00:00+00:00
[2021-09-14 18:41:02,359] {processor.py:170} INFO - Processing /home/airflow/.local/lib/python3.8/site-packages/airflow/example_dags/example_task_group_decorator.py took 0.274 seconds
[2021-09-14 18:41:32,622] {processor.py:162} INFO - Started process (PID=1145) to work on /home/airflow/.local/lib/python3.8/site-packages/airflow/example_dags/example_task_group_decorator.py
[2021-09-14 18:41:32,624] {processor.py:613} INFO - Processing file /home/airflow/.local/lib/python3.8/site-packages/airflow/example_dags/example_task_group_decorator.py for tasks to queue
[2021-09-14 18:41:32,624] {logging_mixin.py:109} INFO - [2021-09-14 18:41:32,624] {dagbag.py:496} INFO - Filling up the DagBag from /home/airflow/.local/lib/python3.8/site-packages/airflow/example_dags/example_task_group_decorator.py
[2021-09-14 18:41:32,640] {processor.py:623} INFO - DAG(s) dict_keys(['example_task_group_decorator']) retrieved from /home/airflow/.local/lib/python3.8/site-packages/airflow/example_dags/example_task_group_decorator.py
[2021-09-14 18:41:32,877] {logging_mixin.py:109} INFO - [2021-09-14 18:41:32,877] {dag.py:1833} INFO - Sync 1 DAGs
[2021-09-14 18:41:32,888] {logging_mixin.py:109} INFO - [2021-09-14 18:41:32,888] {dag.py:2306} INFO - Setting next_dagrun for example_task_group_decorator to 2021-09-12 00:00:00+00:00
[2021-09-14 18:41:32,898] {processor.py:170} INFO - Processing /home/airflow/.local/lib/python3.8/site-packages/airflow/example_dags/example_task_group_decorator.py took 0.278 seconds
[2021-09-14 18:42:03,953] {processor.py:162} INFO - Started process (PID=1201) to work on /home/airflow/.local/lib/python3.8/site-packages/airflow/example_dags/example_task_group_decorator.py
[2021-09-14 18:42:03,954] {processor.py:613} INFO - Processing file /home/airflow/.local/lib/python3.8/site-packages/airflow/example_dags/example_task_group_decorator.py for tasks to queue
[2021-09-14 18:42:03,955] {logging_mixin.py:109} INFO - [2021-09-14 18:42:03,955] {dagbag.py:496} INFO - Filling up the DagBag from /home/airflow/.local/lib/python3.8/site-packages/airflow/example_dags/example_task_group_decorator.py
[2021-09-14 18:42:03,980] {processor.py:623} INFO - DAG(s) dict_keys(['example_task_group_decorator']) retrieved from /home/airflow/.local/lib/python3.8/site-packages/airflow/example_dags/example_task_group_decorator.py
[2021-09-14 18:42:04,226] {logging_mixin.py:109} INFO - [2021-09-14 18:42:04,226] {dag.py:1833} INFO - Sync 1 DAGs
[2021-09-14 18:42:04,236] {logging_mixin.py:109} INFO - [2021-09-14 18:42:04,236] {dag.py:2306} INFO - Setting next_dagrun for example_task_group_decorator to 2021-09-12 00:00:00+00:00
[2021-09-14 18:42:04,246] {processor.py:170} INFO - Processing /home/airflow/.local/lib/python3.8/site-packages/airflow/example_dags/example_task_group_decorator.py took 0.297 seconds
[2021-09-14 18:42:35,167] {processor.py:162} INFO - Started process (PID=1251) to work on /home/airflow/.local/lib/python3.8/site-packages/airflow/example_dags/example_task_group_decorator.py
[2021-09-14 18:42:35,168] {processor.py:613} INFO - Processing file /home/airflow/.local/lib/python3.8/site-packages/airflow/example_dags/example_task_group_decorator.py for tasks to queue
[2021-09-14 18:42:35,169] {logging_mixin.py:109} INFO - [2021-09-14 18:42:35,169] {dagbag.py:496} INFO - Filling up the DagBag from /home/airflow/.local/lib/python3.8/site-packages/airflow/example_dags/example_task_group_decorator.py
[2021-09-14 18:42:35,241] {processor.py:623} INFO - DAG(s) dict_keys(['example_task_group_decorator']) retrieved from /home/airflow/.local/lib/python3.8/site-packages/airflow/example_dags/example_task_group_decorator.py
[2021-09-14 18:42:35,866] {logging_mixin.py:109} INFO - [2021-09-14 18:42:35,866] {dag.py:1833} INFO - Sync 1 DAGs
[2021-09-14 18:42:35,883] {logging_mixin.py:109} INFO - [2021-09-14 18:42:35,883] {dag.py:2306} INFO - Setting next_dagrun for example_task_group_decorator to 2021-09-12 00:00:00+00:00
[2021-09-14 18:42:35,902] {processor.py:170} INFO - Processing /home/airflow/.local/lib/python3.8/site-packages/airflow/example_dags/example_task_group_decorator.py took 0.756 seconds
[2021-09-14 18:43:06,474] {processor.py:162} INFO - Started process (PID=1307) to work on /home/airflow/.local/lib/python3.8/site-packages/airflow/example_dags/example_task_group_decorator.py
[2021-09-14 18:43:06,475] {processor.py:613} INFO - Processing file /home/airflow/.local/lib/python3.8/site-packages/airflow/example_dags/example_task_group_decorator.py for tasks to queue
[2021-09-14 18:43:06,476] {logging_mixin.py:109} INFO - [2021-09-14 18:43:06,476] {dagbag.py:496} INFO - Filling up the DagBag from /home/airflow/.local/lib/python3.8/site-packages/airflow/example_dags/example_task_group_decorator.py
[2021-09-14 18:43:06,499] {processor.py:623} INFO - DAG(s) dict_keys(['example_task_group_decorator']) retrieved from /home/airflow/.local/lib/python3.8/site-packages/airflow/example_dags/example_task_group_decorator.py
[2021-09-14 18:43:06,726] {logging_mixin.py:109} INFO - [2021-09-14 18:43:06,726] {dag.py:1833} INFO - Sync 1 DAGs
[2021-09-14 18:43:06,734] {logging_mixin.py:109} INFO - [2021-09-14 18:43:06,734] {dag.py:2306} INFO - Setting next_dagrun for example_task_group_decorator to 2021-09-12 00:00:00+00:00
[2021-09-14 18:43:06,742] {processor.py:170} INFO - Processing /home/airflow/.local/lib/python3.8/site-packages/airflow/example_dags/example_task_group_decorator.py took 0.271 seconds
[2021-09-14 18:43:37,809] {processor.py:162} INFO - Started process (PID=1365) to work on /home/airflow/.local/lib/python3.8/site-packages/airflow/example_dags/example_task_group_decorator.py
[2021-09-14 18:43:37,814] {processor.py:613} INFO - Processing file /home/airflow/.local/lib/python3.8/site-packages/airflow/example_dags/example_task_group_decorator.py for tasks to queue
[2021-09-14 18:43:37,815] {logging_mixin.py:109} INFO - [2021-09-14 18:43:37,814] {dagbag.py:496} INFO - Filling up the DagBag from /home/airflow/.local/lib/python3.8/site-packages/airflow/example_dags/example_task_group_decorator.py
[2021-09-14 18:43:37,842] {processor.py:623} INFO - DAG(s) dict_keys(['example_task_group_decorator']) retrieved from /home/airflow/.local/lib/python3.8/site-packages/airflow/example_dags/example_task_group_decorator.py
[2021-09-14 18:43:38,302] {logging_mixin.py:109} INFO - [2021-09-14 18:43:38,302] {dag.py:1833} INFO - Sync 1 DAGs
[2021-09-14 18:43:38,316] {logging_mixin.py:109} INFO - [2021-09-14 18:43:38,316] {dag.py:2306} INFO - Setting next_dagrun for example_task_group_decorator to 2021-09-12 00:00:00+00:00
[2021-09-14 18:43:38,334] {processor.py:170} INFO - Processing /home/airflow/.local/lib/python3.8/site-packages/airflow/example_dags/example_task_group_decorator.py took 0.531 seconds
[2021-09-14 18:44:09,220] {processor.py:162} INFO - Started process (PID=1414) to work on /home/airflow/.local/lib/python3.8/site-packages/airflow/example_dags/example_task_group_decorator.py
[2021-09-14 18:44:09,221] {processor.py:613} INFO - Processing file /home/airflow/.local/lib/python3.8/site-packages/airflow/example_dags/example_task_group_decorator.py for tasks to queue
[2021-09-14 18:44:09,221] {logging_mixin.py:109} INFO - [2021-09-14 18:44:09,221] {dagbag.py:496} INFO - Filling up the DagBag from /home/airflow/.local/lib/python3.8/site-packages/airflow/example_dags/example_task_group_decorator.py
[2021-09-14 18:44:09,239] {processor.py:623} INFO - DAG(s) dict_keys(['example_task_group_decorator']) retrieved from /home/airflow/.local/lib/python3.8/site-packages/airflow/example_dags/example_task_group_decorator.py
[2021-09-14 18:44:09,486] {logging_mixin.py:109} INFO - [2021-09-14 18:44:09,486] {dag.py:1833} INFO - Sync 1 DAGs
[2021-09-14 18:44:09,497] {logging_mixin.py:109} INFO - [2021-09-14 18:44:09,497] {dag.py:2306} INFO - Setting next_dagrun for example_task_group_decorator to 2021-09-12 00:00:00+00:00
[2021-09-14 18:44:09,510] {processor.py:170} INFO - Processing /home/airflow/.local/lib/python3.8/site-packages/airflow/example_dags/example_task_group_decorator.py took 0.292 seconds
[2021-09-14 18:44:39,982] {processor.py:162} INFO - Started process (PID=1469) to work on /home/airflow/.local/lib/python3.8/site-packages/airflow/example_dags/example_task_group_decorator.py
[2021-09-14 18:44:39,994] {processor.py:613} INFO - Processing file /home/airflow/.local/lib/python3.8/site-packages/airflow/example_dags/example_task_group_decorator.py for tasks to queue
[2021-09-14 18:44:39,995] {logging_mixin.py:109} INFO - [2021-09-14 18:44:39,995] {dagbag.py:496} INFO - Filling up the DagBag from /home/airflow/.local/lib/python3.8/site-packages/airflow/example_dags/example_task_group_decorator.py
[2021-09-14 18:44:40,067] {processor.py:623} INFO - DAG(s) dict_keys(['example_task_group_decorator']) retrieved from /home/airflow/.local/lib/python3.8/site-packages/airflow/example_dags/example_task_group_decorator.py
[2021-09-14 18:44:40,461] {logging_mixin.py:109} INFO - [2021-09-14 18:44:40,460] {dag.py:1833} INFO - Sync 1 DAGs
[2021-09-14 18:44:40,472] {logging_mixin.py:109} INFO - [2021-09-14 18:44:40,472] {dag.py:2306} INFO - Setting next_dagrun for example_task_group_decorator to 2021-09-12 00:00:00+00:00
[2021-09-14 18:44:40,487] {processor.py:170} INFO - Processing /home/airflow/.local/lib/python3.8/site-packages/airflow/example_dags/example_task_group_decorator.py took 0.508 seconds
[2021-09-14 18:45:10,652] {processor.py:162} INFO - Started process (PID=1525) to work on /home/airflow/.local/lib/python3.8/site-packages/airflow/example_dags/example_task_group_decorator.py
[2021-09-14 18:45:10,653] {processor.py:613} INFO - Processing file /home/airflow/.local/lib/python3.8/site-packages/airflow/example_dags/example_task_group_decorator.py for tasks to queue
[2021-09-14 18:45:10,654] {logging_mixin.py:109} INFO - [2021-09-14 18:45:10,654] {dagbag.py:496} INFO - Filling up the DagBag from /home/airflow/.local/lib/python3.8/site-packages/airflow/example_dags/example_task_group_decorator.py
[2021-09-14 18:45:10,673] {processor.py:623} INFO - DAG(s) dict_keys(['example_task_group_decorator']) retrieved from /home/airflow/.local/lib/python3.8/site-packages/airflow/example_dags/example_task_group_decorator.py
[2021-09-14 18:45:10,951] {logging_mixin.py:109} INFO - [2021-09-14 18:45:10,950] {dag.py:1833} INFO - Sync 1 DAGs
[2021-09-14 18:45:10,962] {logging_mixin.py:109} INFO - [2021-09-14 18:45:10,962] {dag.py:2306} INFO - Setting next_dagrun for example_task_group_decorator to 2021-09-12 00:00:00+00:00
[2021-09-14 18:45:10,980] {processor.py:170} INFO - Processing /home/airflow/.local/lib/python3.8/site-packages/airflow/example_dags/example_task_group_decorator.py took 0.331 seconds
[2021-09-14 18:45:42,367] {processor.py:162} INFO - Started process (PID=1577) to work on /home/airflow/.local/lib/python3.8/site-packages/airflow/example_dags/example_task_group_decorator.py
[2021-09-14 18:45:42,369] {processor.py:613} INFO - Processing file /home/airflow/.local/lib/python3.8/site-packages/airflow/example_dags/example_task_group_decorator.py for tasks to queue
[2021-09-14 18:45:42,369] {logging_mixin.py:109} INFO - [2021-09-14 18:45:42,369] {dagbag.py:496} INFO - Filling up the DagBag from /home/airflow/.local/lib/python3.8/site-packages/airflow/example_dags/example_task_group_decorator.py
[2021-09-14 18:45:42,396] {processor.py:623} INFO - DAG(s) dict_keys(['example_task_group_decorator']) retrieved from /home/airflow/.local/lib/python3.8/site-packages/airflow/example_dags/example_task_group_decorator.py
[2021-09-14 18:45:42,853] {logging_mixin.py:109} INFO - [2021-09-14 18:45:42,853] {dag.py:1833} INFO - Sync 1 DAGs
[2021-09-14 18:45:42,861] {logging_mixin.py:109} INFO - [2021-09-14 18:45:42,861] {dag.py:2306} INFO - Setting next_dagrun for example_task_group_decorator to 2021-09-12 00:00:00+00:00
[2021-09-14 18:45:42,869] {processor.py:170} INFO - Processing /home/airflow/.local/lib/python3.8/site-packages/airflow/example_dags/example_task_group_decorator.py took 0.505 seconds
[2021-09-14 18:46:13,738] {processor.py:162} INFO - Started process (PID=1633) to work on /home/airflow/.local/lib/python3.8/site-packages/airflow/example_dags/example_task_group_decorator.py
[2021-09-14 18:46:13,739] {processor.py:613} INFO - Processing file /home/airflow/.local/lib/python3.8/site-packages/airflow/example_dags/example_task_group_decorator.py for tasks to queue
[2021-09-14 18:46:13,740] {logging_mixin.py:109} INFO - [2021-09-14 18:46:13,740] {dagbag.py:496} INFO - Filling up the DagBag from /home/airflow/.local/lib/python3.8/site-packages/airflow/example_dags/example_task_group_decorator.py
[2021-09-14 18:46:13,757] {processor.py:623} INFO - DAG(s) dict_keys(['example_task_group_decorator']) retrieved from /home/airflow/.local/lib/python3.8/site-packages/airflow/example_dags/example_task_group_decorator.py
[2021-09-14 18:46:13,990] {logging_mixin.py:109} INFO - [2021-09-14 18:46:13,990] {dag.py:1833} INFO - Sync 1 DAGs
[2021-09-14 18:46:13,998] {logging_mixin.py:109} INFO - [2021-09-14 18:46:13,998] {dag.py:2306} INFO - Setting next_dagrun for example_task_group_decorator to 2021-09-12 00:00:00+00:00
[2021-09-14 18:46:14,005] {processor.py:170} INFO - Processing /home/airflow/.local/lib/python3.8/site-packages/airflow/example_dags/example_task_group_decorator.py took 0.270 seconds
[2021-09-14 18:46:44,708] {processor.py:162} INFO - Started process (PID=1688) to work on /home/airflow/.local/lib/python3.8/site-packages/airflow/example_dags/example_task_group_decorator.py
[2021-09-14 18:46:44,709] {processor.py:613} INFO - Processing file /home/airflow/.local/lib/python3.8/site-packages/airflow/example_dags/example_task_group_decorator.py for tasks to queue
[2021-09-14 18:46:44,709] {logging_mixin.py:109} INFO - [2021-09-14 18:46:44,709] {dagbag.py:496} INFO - Filling up the DagBag from /home/airflow/.local/lib/python3.8/site-packages/airflow/example_dags/example_task_group_decorator.py
[2021-09-14 18:46:44,728] {processor.py:623} INFO - DAG(s) dict_keys(['example_task_group_decorator']) retrieved from /home/airflow/.local/lib/python3.8/site-packages/airflow/example_dags/example_task_group_decorator.py
[2021-09-14 18:46:45,001] {logging_mixin.py:109} INFO - [2021-09-14 18:46:45,000] {dag.py:1833} INFO - Sync 1 DAGs
[2021-09-14 18:46:45,009] {logging_mixin.py:109} INFO - [2021-09-14 18:46:45,009] {dag.py:2306} INFO - Setting next_dagrun for example_task_group_decorator to 2021-09-12 00:00:00+00:00
[2021-09-14 18:46:45,017] {processor.py:170} INFO - Processing /home/airflow/.local/lib/python3.8/site-packages/airflow/example_dags/example_task_group_decorator.py took 0.313 seconds
[2021-09-14 18:47:15,151] {processor.py:162} INFO - Started process (PID=1735) to work on /home/airflow/.local/lib/python3.8/site-packages/airflow/example_dags/example_task_group_decorator.py
[2021-09-14 18:47:15,213] {processor.py:613} INFO - Processing file /home/airflow/.local/lib/python3.8/site-packages/airflow/example_dags/example_task_group_decorator.py for tasks to queue
[2021-09-14 18:47:15,214] {logging_mixin.py:109} INFO - [2021-09-14 18:47:15,214] {dagbag.py:496} INFO - Filling up the DagBag from /home/airflow/.local/lib/python3.8/site-packages/airflow/example_dags/example_task_group_decorator.py
[2021-09-14 18:47:15,232] {processor.py:623} INFO - DAG(s) dict_keys(['example_task_group_decorator']) retrieved from /home/airflow/.local/lib/python3.8/site-packages/airflow/example_dags/example_task_group_decorator.py
[2021-09-14 18:47:15,447] {logging_mixin.py:109} INFO - [2021-09-14 18:47:15,447] {dag.py:1833} INFO - Sync 1 DAGs
[2021-09-14 18:47:15,455] {logging_mixin.py:109} INFO - [2021-09-14 18:47:15,455] {dag.py:2306} INFO - Setting next_dagrun for example_task_group_decorator to 2021-09-12 00:00:00+00:00
[2021-09-14 18:47:15,463] {processor.py:170} INFO - Processing /home/airflow/.local/lib/python3.8/site-packages/airflow/example_dags/example_task_group_decorator.py took 0.315 seconds
[2021-09-14 18:47:45,801] {processor.py:162} INFO - Started process (PID=1793) to work on /home/airflow/.local/lib/python3.8/site-packages/airflow/example_dags/example_task_group_decorator.py
[2021-09-14 18:47:45,805] {processor.py:613} INFO - Processing file /home/airflow/.local/lib/python3.8/site-packages/airflow/example_dags/example_task_group_decorator.py for tasks to queue
[2021-09-14 18:47:45,806] {logging_mixin.py:109} INFO - [2021-09-14 18:47:45,806] {dagbag.py:496} INFO - Filling up the DagBag from /home/airflow/.local/lib/python3.8/site-packages/airflow/example_dags/example_task_group_decorator.py
[2021-09-14 18:47:45,872] {processor.py:623} INFO - DAG(s) dict_keys(['example_task_group_decorator']) retrieved from /home/airflow/.local/lib/python3.8/site-packages/airflow/example_dags/example_task_group_decorator.py
[2021-09-14 18:47:46,130] {logging_mixin.py:109} INFO - [2021-09-14 18:47:46,130] {dag.py:1833} INFO - Sync 1 DAGs
[2021-09-14 18:47:46,138] {logging_mixin.py:109} INFO - [2021-09-14 18:47:46,138] {dag.py:2306} INFO - Setting next_dagrun for example_task_group_decorator to 2021-09-12 00:00:00+00:00
[2021-09-14 18:47:46,146] {processor.py:170} INFO - Processing /home/airflow/.local/lib/python3.8/site-packages/airflow/example_dags/example_task_group_decorator.py took 0.349 seconds
[2021-09-14 18:48:16,270] {processor.py:162} INFO - Started process (PID=1849) to work on /home/airflow/.local/lib/python3.8/site-packages/airflow/example_dags/example_task_group_decorator.py
[2021-09-14 18:48:16,300] {processor.py:613} INFO - Processing file /home/airflow/.local/lib/python3.8/site-packages/airflow/example_dags/example_task_group_decorator.py for tasks to queue
[2021-09-14 18:48:16,301] {logging_mixin.py:109} INFO - [2021-09-14 18:48:16,301] {dagbag.py:496} INFO - Filling up the DagBag from /home/airflow/.local/lib/python3.8/site-packages/airflow/example_dags/example_task_group_decorator.py
[2021-09-14 18:48:16,327] {processor.py:623} INFO - DAG(s) dict_keys(['example_task_group_decorator']) retrieved from /home/airflow/.local/lib/python3.8/site-packages/airflow/example_dags/example_task_group_decorator.py
[2021-09-14 18:48:16,621] {logging_mixin.py:109} INFO - [2021-09-14 18:48:16,620] {dag.py:1833} INFO - Sync 1 DAGs
[2021-09-14 18:48:16,632] {logging_mixin.py:109} INFO - [2021-09-14 18:48:16,632] {dag.py:2306} INFO - Setting next_dagrun for example_task_group_decorator to 2021-09-12 00:00:00+00:00
[2021-09-14 18:48:16,645] {processor.py:170} INFO - Processing /home/airflow/.local/lib/python3.8/site-packages/airflow/example_dags/example_task_group_decorator.py took 0.378 seconds
[2021-09-14 18:48:47,090] {processor.py:162} INFO - Started process (PID=1899) to work on /home/airflow/.local/lib/python3.8/site-packages/airflow/example_dags/example_task_group_decorator.py
[2021-09-14 18:48:47,092] {processor.py:613} INFO - Processing file /home/airflow/.local/lib/python3.8/site-packages/airflow/example_dags/example_task_group_decorator.py for tasks to queue
[2021-09-14 18:48:47,093] {logging_mixin.py:109} INFO - [2021-09-14 18:48:47,093] {dagbag.py:496} INFO - Filling up the DagBag from /home/airflow/.local/lib/python3.8/site-packages/airflow/example_dags/example_task_group_decorator.py
[2021-09-14 18:48:47,123] {processor.py:623} INFO - DAG(s) dict_keys(['example_task_group_decorator']) retrieved from /home/airflow/.local/lib/python3.8/site-packages/airflow/example_dags/example_task_group_decorator.py
[2021-09-14 18:48:47,393] {logging_mixin.py:109} INFO - [2021-09-14 18:48:47,393] {dag.py:1833} INFO - Sync 1 DAGs
[2021-09-14 18:48:47,407] {logging_mixin.py:109} INFO - [2021-09-14 18:48:47,406] {dag.py:2306} INFO - Setting next_dagrun for example_task_group_decorator to 2021-09-12 00:00:00+00:00
[2021-09-14 18:48:47,417] {processor.py:170} INFO - Processing /home/airflow/.local/lib/python3.8/site-packages/airflow/example_dags/example_task_group_decorator.py took 0.330 seconds
[2021-09-14 18:49:17,693] {processor.py:162} INFO - Started process (PID=1955) to work on /home/airflow/.local/lib/python3.8/site-packages/airflow/example_dags/example_task_group_decorator.py
[2021-09-14 18:49:17,694] {processor.py:613} INFO - Processing file /home/airflow/.local/lib/python3.8/site-packages/airflow/example_dags/example_task_group_decorator.py for tasks to queue
[2021-09-14 18:49:17,695] {logging_mixin.py:109} INFO - [2021-09-14 18:49:17,695] {dagbag.py:496} INFO - Filling up the DagBag from /home/airflow/.local/lib/python3.8/site-packages/airflow/example_dags/example_task_group_decorator.py
[2021-09-14 18:49:17,712] {processor.py:623} INFO - DAG(s) dict_keys(['example_task_group_decorator']) retrieved from /home/airflow/.local/lib/python3.8/site-packages/airflow/example_dags/example_task_group_decorator.py
[2021-09-14 18:49:17,984] {logging_mixin.py:109} INFO - [2021-09-14 18:49:17,984] {dag.py:1833} INFO - Sync 1 DAGs
[2021-09-14 18:49:17,992] {logging_mixin.py:109} INFO - [2021-09-14 18:49:17,992] {dag.py:2306} INFO - Setting next_dagrun for example_task_group_decorator to 2021-09-12 00:00:00+00:00
[2021-09-14 18:49:18,000] {processor.py:170} INFO - Processing /home/airflow/.local/lib/python3.8/site-packages/airflow/example_dags/example_task_group_decorator.py took 0.310 seconds
[2021-09-14 18:49:48,238] {processor.py:162} INFO - Started process (PID=2002) to work on /home/airflow/.local/lib/python3.8/site-packages/airflow/example_dags/example_task_group_decorator.py
[2021-09-14 18:49:48,245] {processor.py:613} INFO - Processing file /home/airflow/.local/lib/python3.8/site-packages/airflow/example_dags/example_task_group_decorator.py for tasks to queue
[2021-09-14 18:49:48,252] {logging_mixin.py:109} INFO - [2021-09-14 18:49:48,251] {dagbag.py:496} INFO - Filling up the DagBag from /home/airflow/.local/lib/python3.8/site-packages/airflow/example_dags/example_task_group_decorator.py
[2021-09-14 18:49:48,307] {processor.py:623} INFO - DAG(s) dict_keys(['example_task_group_decorator']) retrieved from /home/airflow/.local/lib/python3.8/site-packages/airflow/example_dags/example_task_group_decorator.py
[2021-09-14 18:49:49,250] {logging_mixin.py:109} INFO - [2021-09-14 18:49:49,250] {dag.py:1833} INFO - Sync 1 DAGs
[2021-09-14 18:49:49,275] {logging_mixin.py:109} INFO - [2021-09-14 18:49:49,275] {dag.py:2306} INFO - Setting next_dagrun for example_task_group_decorator to 2021-09-12 00:00:00+00:00
[2021-09-14 18:49:49,314] {processor.py:170} INFO - Processing /home/airflow/.local/lib/python3.8/site-packages/airflow/example_dags/example_task_group_decorator.py took 1.105 seconds
[2021-09-14 18:50:20,139] {processor.py:162} INFO - Started process (PID=2057) to work on /home/airflow/.local/lib/python3.8/site-packages/airflow/example_dags/example_task_group_decorator.py
[2021-09-14 18:50:20,141] {processor.py:613} INFO - Processing file /home/airflow/.local/lib/python3.8/site-packages/airflow/example_dags/example_task_group_decorator.py for tasks to queue
[2021-09-14 18:50:20,142] {logging_mixin.py:109} INFO - [2021-09-14 18:50:20,142] {dagbag.py:496} INFO - Filling up the DagBag from /home/airflow/.local/lib/python3.8/site-packages/airflow/example_dags/example_task_group_decorator.py
[2021-09-14 18:50:20,168] {processor.py:623} INFO - DAG(s) dict_keys(['example_task_group_decorator']) retrieved from /home/airflow/.local/lib/python3.8/site-packages/airflow/example_dags/example_task_group_decorator.py
[2021-09-14 18:50:20,402] {logging_mixin.py:109} INFO - [2021-09-14 18:50:20,402] {dag.py:1833} INFO - Sync 1 DAGs
[2021-09-14 18:50:20,411] {logging_mixin.py:109} INFO - [2021-09-14 18:50:20,411] {dag.py:2306} INFO - Setting next_dagrun for example_task_group_decorator to 2021-09-12 00:00:00+00:00
[2021-09-14 18:50:20,420] {processor.py:170} INFO - Processing /home/airflow/.local/lib/python3.8/site-packages/airflow/example_dags/example_task_group_decorator.py took 0.284 seconds
[2021-09-14 18:50:50,866] {processor.py:162} INFO - Started process (PID=2116) to work on /home/airflow/.local/lib/python3.8/site-packages/airflow/example_dags/example_task_group_decorator.py
[2021-09-14 18:50:50,874] {processor.py:613} INFO - Processing file /home/airflow/.local/lib/python3.8/site-packages/airflow/example_dags/example_task_group_decorator.py for tasks to queue
[2021-09-14 18:50:50,875] {logging_mixin.py:109} INFO - [2021-09-14 18:50:50,875] {dagbag.py:496} INFO - Filling up the DagBag from /home/airflow/.local/lib/python3.8/site-packages/airflow/example_dags/example_task_group_decorator.py
[2021-09-14 18:50:50,946] {processor.py:623} INFO - DAG(s) dict_keys(['example_task_group_decorator']) retrieved from /home/airflow/.local/lib/python3.8/site-packages/airflow/example_dags/example_task_group_decorator.py
[2021-09-14 18:50:51,726] {logging_mixin.py:109} INFO - [2021-09-14 18:50:51,726] {dag.py:1833} INFO - Sync 1 DAGs
[2021-09-14 18:50:51,771] {logging_mixin.py:109} INFO - [2021-09-14 18:50:51,770] {dag.py:2306} INFO - Setting next_dagrun for example_task_group_decorator to 2021-09-12 00:00:00+00:00
[2021-09-14 18:50:51,809] {processor.py:170} INFO - Processing /home/airflow/.local/lib/python3.8/site-packages/airflow/example_dags/example_task_group_decorator.py took 0.946 seconds
[2021-09-14 18:51:22,064] {processor.py:162} INFO - Started process (PID=2171) to work on /home/airflow/.local/lib/python3.8/site-packages/airflow/example_dags/example_task_group_decorator.py
[2021-09-14 18:51:22,067] {processor.py:613} INFO - Processing file /home/airflow/.local/lib/python3.8/site-packages/airflow/example_dags/example_task_group_decorator.py for tasks to queue
[2021-09-14 18:51:22,067] {logging_mixin.py:109} INFO - [2021-09-14 18:51:22,067] {dagbag.py:496} INFO - Filling up the DagBag from /home/airflow/.local/lib/python3.8/site-packages/airflow/example_dags/example_task_group_decorator.py
[2021-09-14 18:51:22,094] {processor.py:623} INFO - DAG(s) dict_keys(['example_task_group_decorator']) retrieved from /home/airflow/.local/lib/python3.8/site-packages/airflow/example_dags/example_task_group_decorator.py
[2021-09-14 18:51:22,393] {logging_mixin.py:109} INFO - [2021-09-14 18:51:22,393] {dag.py:1833} INFO - Sync 1 DAGs
[2021-09-14 18:51:22,404] {logging_mixin.py:109} INFO - [2021-09-14 18:51:22,404] {dag.py:2306} INFO - Setting next_dagrun for example_task_group_decorator to 2021-09-12 00:00:00+00:00
[2021-09-14 18:51:22,414] {processor.py:170} INFO - Processing /home/airflow/.local/lib/python3.8/site-packages/airflow/example_dags/example_task_group_decorator.py took 0.352 seconds
[2021-09-14 18:51:52,518] {processor.py:162} INFO - Started process (PID=2227) to work on /home/airflow/.local/lib/python3.8/site-packages/airflow/example_dags/example_task_group_decorator.py
[2021-09-14 18:51:52,520] {processor.py:613} INFO - Processing file /home/airflow/.local/lib/python3.8/site-packages/airflow/example_dags/example_task_group_decorator.py for tasks to queue
[2021-09-14 18:51:52,520] {logging_mixin.py:109} INFO - [2021-09-14 18:51:52,520] {dagbag.py:496} INFO - Filling up the DagBag from /home/airflow/.local/lib/python3.8/site-packages/airflow/example_dags/example_task_group_decorator.py
[2021-09-14 18:51:52,537] {processor.py:623} INFO - DAG(s) dict_keys(['example_task_group_decorator']) retrieved from /home/airflow/.local/lib/python3.8/site-packages/airflow/example_dags/example_task_group_decorator.py
[2021-09-14 18:51:52,768] {logging_mixin.py:109} INFO - [2021-09-14 18:51:52,768] {dag.py:1833} INFO - Sync 1 DAGs
[2021-09-14 18:51:52,776] {logging_mixin.py:109} INFO - [2021-09-14 18:51:52,776] {dag.py:2306} INFO - Setting next_dagrun for example_task_group_decorator to 2021-09-12 00:00:00+00:00
[2021-09-14 18:51:52,784] {processor.py:170} INFO - Processing /home/airflow/.local/lib/python3.8/site-packages/airflow/example_dags/example_task_group_decorator.py took 0.268 seconds
[2021-09-14 18:52:23,081] {processor.py:162} INFO - Started process (PID=2276) to work on /home/airflow/.local/lib/python3.8/site-packages/airflow/example_dags/example_task_group_decorator.py
[2021-09-14 18:52:23,082] {processor.py:613} INFO - Processing file /home/airflow/.local/lib/python3.8/site-packages/airflow/example_dags/example_task_group_decorator.py for tasks to queue
[2021-09-14 18:52:23,082] {logging_mixin.py:109} INFO - [2021-09-14 18:52:23,082] {dagbag.py:496} INFO - Filling up the DagBag from /home/airflow/.local/lib/python3.8/site-packages/airflow/example_dags/example_task_group_decorator.py
[2021-09-14 18:52:23,098] {processor.py:623} INFO - DAG(s) dict_keys(['example_task_group_decorator']) retrieved from /home/airflow/.local/lib/python3.8/site-packages/airflow/example_dags/example_task_group_decorator.py
[2021-09-14 18:52:23,302] {logging_mixin.py:109} INFO - [2021-09-14 18:52:23,302] {dag.py:1833} INFO - Sync 1 DAGs
[2021-09-14 18:52:23,310] {logging_mixin.py:109} INFO - [2021-09-14 18:52:23,310] {dag.py:2306} INFO - Setting next_dagrun for example_task_group_decorator to 2021-09-12 00:00:00+00:00
[2021-09-14 18:52:23,317] {processor.py:170} INFO - Processing /home/airflow/.local/lib/python3.8/site-packages/airflow/example_dags/example_task_group_decorator.py took 0.239 seconds
[2021-09-14 18:52:53,555] {processor.py:162} INFO - Started process (PID=2333) to work on /home/airflow/.local/lib/python3.8/site-packages/airflow/example_dags/example_task_group_decorator.py
[2021-09-14 18:52:53,556] {processor.py:613} INFO - Processing file /home/airflow/.local/lib/python3.8/site-packages/airflow/example_dags/example_task_group_decorator.py for tasks to queue
[2021-09-14 18:52:53,557] {logging_mixin.py:109} INFO - [2021-09-14 18:52:53,557] {dagbag.py:496} INFO - Filling up the DagBag from /home/airflow/.local/lib/python3.8/site-packages/airflow/example_dags/example_task_group_decorator.py
[2021-09-14 18:52:53,581] {processor.py:623} INFO - DAG(s) dict_keys(['example_task_group_decorator']) retrieved from /home/airflow/.local/lib/python3.8/site-packages/airflow/example_dags/example_task_group_decorator.py
[2021-09-14 18:52:53,851] {logging_mixin.py:109} INFO - [2021-09-14 18:52:53,851] {dag.py:1833} INFO - Sync 1 DAGs
[2021-09-14 18:52:53,859] {logging_mixin.py:109} INFO - [2021-09-14 18:52:53,858] {dag.py:2306} INFO - Setting next_dagrun for example_task_group_decorator to 2021-09-12 00:00:00+00:00
[2021-09-14 18:52:53,866] {processor.py:170} INFO - Processing /home/airflow/.local/lib/python3.8/site-packages/airflow/example_dags/example_task_group_decorator.py took 0.314 seconds
[2021-09-14 18:53:24,292] {processor.py:162} INFO - Started process (PID=2386) to work on /home/airflow/.local/lib/python3.8/site-packages/airflow/example_dags/example_task_group_decorator.py
[2021-09-14 18:53:24,293] {processor.py:613} INFO - Processing file /home/airflow/.local/lib/python3.8/site-packages/airflow/example_dags/example_task_group_decorator.py for tasks to queue
[2021-09-14 18:53:24,294] {logging_mixin.py:109} INFO - [2021-09-14 18:53:24,294] {dagbag.py:496} INFO - Filling up the DagBag from /home/airflow/.local/lib/python3.8/site-packages/airflow/example_dags/example_task_group_decorator.py
[2021-09-14 18:53:24,316] {processor.py:623} INFO - DAG(s) dict_keys(['example_task_group_decorator']) retrieved from /home/airflow/.local/lib/python3.8/site-packages/airflow/example_dags/example_task_group_decorator.py
[2021-09-14 18:53:24,678] {logging_mixin.py:109} INFO - [2021-09-14 18:53:24,677] {dag.py:1833} INFO - Sync 1 DAGs
[2021-09-14 18:53:24,689] {logging_mixin.py:109} INFO - [2021-09-14 18:53:24,689] {dag.py:2306} INFO - Setting next_dagrun for example_task_group_decorator to 2021-09-12 00:00:00+00:00
[2021-09-14 18:53:24,700] {processor.py:170} INFO - Processing /home/airflow/.local/lib/python3.8/site-packages/airflow/example_dags/example_task_group_decorator.py took 0.411 seconds
[2021-09-14 18:53:55,580] {processor.py:162} INFO - Started process (PID=2435) to work on /home/airflow/.local/lib/python3.8/site-packages/airflow/example_dags/example_task_group_decorator.py
[2021-09-14 18:53:55,582] {processor.py:613} INFO - Processing file /home/airflow/.local/lib/python3.8/site-packages/airflow/example_dags/example_task_group_decorator.py for tasks to queue
[2021-09-14 18:53:55,582] {logging_mixin.py:109} INFO - [2021-09-14 18:53:55,582] {dagbag.py:496} INFO - Filling up the DagBag from /home/airflow/.local/lib/python3.8/site-packages/airflow/example_dags/example_task_group_decorator.py
[2021-09-14 18:53:55,599] {processor.py:623} INFO - DAG(s) dict_keys(['example_task_group_decorator']) retrieved from /home/airflow/.local/lib/python3.8/site-packages/airflow/example_dags/example_task_group_decorator.py
[2021-09-14 18:53:55,833] {logging_mixin.py:109} INFO - [2021-09-14 18:53:55,832] {dag.py:1833} INFO - Sync 1 DAGs
[2021-09-14 18:53:55,852] {logging_mixin.py:109} INFO - [2021-09-14 18:53:55,852] {dag.py:2306} INFO - Setting next_dagrun for example_task_group_decorator to 2021-09-12 00:00:00+00:00
[2021-09-14 18:53:55,861] {processor.py:170} INFO - Processing /home/airflow/.local/lib/python3.8/site-packages/airflow/example_dags/example_task_group_decorator.py took 0.283 seconds
[2021-09-14 18:54:26,157] {processor.py:162} INFO - Started process (PID=2491) to work on /home/airflow/.local/lib/python3.8/site-packages/airflow/example_dags/example_task_group_decorator.py
[2021-09-14 18:54:26,159] {processor.py:613} INFO - Processing file /home/airflow/.local/lib/python3.8/site-packages/airflow/example_dags/example_task_group_decorator.py for tasks to queue
[2021-09-14 18:54:26,162] {logging_mixin.py:109} INFO - [2021-09-14 18:54:26,162] {dagbag.py:496} INFO - Filling up the DagBag from /home/airflow/.local/lib/python3.8/site-packages/airflow/example_dags/example_task_group_decorator.py
[2021-09-14 18:54:26,223] {processor.py:623} INFO - DAG(s) dict_keys(['example_task_group_decorator']) retrieved from /home/airflow/.local/lib/python3.8/site-packages/airflow/example_dags/example_task_group_decorator.py
[2021-09-14 18:54:26,555] {logging_mixin.py:109} INFO - [2021-09-14 18:54:26,555] {dag.py:1833} INFO - Sync 1 DAGs
[2021-09-14 18:54:26,566] {logging_mixin.py:109} INFO - [2021-09-14 18:54:26,566] {dag.py:2306} INFO - Setting next_dagrun for example_task_group_decorator to 2021-09-12 00:00:00+00:00
[2021-09-14 18:54:26,581] {processor.py:170} INFO - Processing /home/airflow/.local/lib/python3.8/site-packages/airflow/example_dags/example_task_group_decorator.py took 0.427 seconds
[2021-09-14 18:54:57,430] {processor.py:162} INFO - Started process (PID=2538) to work on /home/airflow/.local/lib/python3.8/site-packages/airflow/example_dags/example_task_group_decorator.py
[2021-09-14 18:54:57,431] {processor.py:613} INFO - Processing file /home/airflow/.local/lib/python3.8/site-packages/airflow/example_dags/example_task_group_decorator.py for tasks to queue
[2021-09-14 18:54:57,432] {logging_mixin.py:109} INFO - [2021-09-14 18:54:57,432] {dagbag.py:496} INFO - Filling up the DagBag from /home/airflow/.local/lib/python3.8/site-packages/airflow/example_dags/example_task_group_decorator.py
[2021-09-14 18:54:57,449] {processor.py:623} INFO - DAG(s) dict_keys(['example_task_group_decorator']) retrieved from /home/airflow/.local/lib/python3.8/site-packages/airflow/example_dags/example_task_group_decorator.py
[2021-09-14 18:54:57,690] {logging_mixin.py:109} INFO - [2021-09-14 18:54:57,690] {dag.py:1833} INFO - Sync 1 DAGs
[2021-09-14 18:54:57,699] {logging_mixin.py:109} INFO - [2021-09-14 18:54:57,699] {dag.py:2306} INFO - Setting next_dagrun for example_task_group_decorator to 2021-09-12 00:00:00+00:00
[2021-09-14 18:54:57,707] {processor.py:170} INFO - Processing /home/airflow/.local/lib/python3.8/site-packages/airflow/example_dags/example_task_group_decorator.py took 0.279 seconds
[2021-09-14 18:55:27,932] {processor.py:162} INFO - Started process (PID=2593) to work on /home/airflow/.local/lib/python3.8/site-packages/airflow/example_dags/example_task_group_decorator.py
[2021-09-14 18:55:27,933] {processor.py:613} INFO - Processing file /home/airflow/.local/lib/python3.8/site-packages/airflow/example_dags/example_task_group_decorator.py for tasks to queue
[2021-09-14 18:55:27,933] {logging_mixin.py:109} INFO - [2021-09-14 18:55:27,933] {dagbag.py:496} INFO - Filling up the DagBag from /home/airflow/.local/lib/python3.8/site-packages/airflow/example_dags/example_task_group_decorator.py
[2021-09-14 18:55:27,953] {processor.py:623} INFO - DAG(s) dict_keys(['example_task_group_decorator']) retrieved from /home/airflow/.local/lib/python3.8/site-packages/airflow/example_dags/example_task_group_decorator.py
[2021-09-14 18:55:28,193] {logging_mixin.py:109} INFO - [2021-09-14 18:55:28,193] {dag.py:1833} INFO - Sync 1 DAGs
[2021-09-14 18:55:28,209] {logging_mixin.py:109} INFO - [2021-09-14 18:55:28,209] {dag.py:2306} INFO - Setting next_dagrun for example_task_group_decorator to 2021-09-12 00:00:00+00:00
[2021-09-14 18:55:28,218] {processor.py:170} INFO - Processing /home/airflow/.local/lib/python3.8/site-packages/airflow/example_dags/example_task_group_decorator.py took 0.290 seconds
[2021-09-14 18:55:58,815] {processor.py:162} INFO - Started process (PID=2648) to work on /home/airflow/.local/lib/python3.8/site-packages/airflow/example_dags/example_task_group_decorator.py
[2021-09-14 18:55:58,816] {processor.py:613} INFO - Processing file /home/airflow/.local/lib/python3.8/site-packages/airflow/example_dags/example_task_group_decorator.py for tasks to queue
[2021-09-14 18:55:58,817] {logging_mixin.py:109} INFO - [2021-09-14 18:55:58,817] {dagbag.py:496} INFO - Filling up the DagBag from /home/airflow/.local/lib/python3.8/site-packages/airflow/example_dags/example_task_group_decorator.py
[2021-09-14 18:55:58,842] {processor.py:623} INFO - DAG(s) dict_keys(['example_task_group_decorator']) retrieved from /home/airflow/.local/lib/python3.8/site-packages/airflow/example_dags/example_task_group_decorator.py
[2021-09-14 18:55:59,067] {logging_mixin.py:109} INFO - [2021-09-14 18:55:59,067] {dag.py:1833} INFO - Sync 1 DAGs
[2021-09-14 18:55:59,075] {logging_mixin.py:109} INFO - [2021-09-14 18:55:59,075] {dag.py:2306} INFO - Setting next_dagrun for example_task_group_decorator to 2021-09-12 00:00:00+00:00
[2021-09-14 18:55:59,084] {processor.py:170} INFO - Processing /home/airflow/.local/lib/python3.8/site-packages/airflow/example_dags/example_task_group_decorator.py took 0.272 seconds
[2021-09-14 18:56:29,266] {processor.py:162} INFO - Started process (PID=2696) to work on /home/airflow/.local/lib/python3.8/site-packages/airflow/example_dags/example_task_group_decorator.py
[2021-09-14 18:56:29,267] {processor.py:613} INFO - Processing file /home/airflow/.local/lib/python3.8/site-packages/airflow/example_dags/example_task_group_decorator.py for tasks to queue
[2021-09-14 18:56:29,267] {logging_mixin.py:109} INFO - [2021-09-14 18:56:29,267] {dagbag.py:496} INFO - Filling up the DagBag from /home/airflow/.local/lib/python3.8/site-packages/airflow/example_dags/example_task_group_decorator.py
[2021-09-14 18:56:29,283] {processor.py:623} INFO - DAG(s) dict_keys(['example_task_group_decorator']) retrieved from /home/airflow/.local/lib/python3.8/site-packages/airflow/example_dags/example_task_group_decorator.py
[2021-09-14 18:56:29,506] {logging_mixin.py:109} INFO - [2021-09-14 18:56:29,506] {dag.py:1833} INFO - Sync 1 DAGs
[2021-09-14 18:56:29,515] {logging_mixin.py:109} INFO - [2021-09-14 18:56:29,515] {dag.py:2306} INFO - Setting next_dagrun for example_task_group_decorator to 2021-09-12 00:00:00+00:00
[2021-09-14 18:56:29,522] {processor.py:170} INFO - Processing /home/airflow/.local/lib/python3.8/site-packages/airflow/example_dags/example_task_group_decorator.py took 0.259 seconds
[2021-09-14 18:56:59,764] {processor.py:162} INFO - Started process (PID=2754) to work on /home/airflow/.local/lib/python3.8/site-packages/airflow/example_dags/example_task_group_decorator.py
[2021-09-14 18:56:59,768] {processor.py:613} INFO - Processing file /home/airflow/.local/lib/python3.8/site-packages/airflow/example_dags/example_task_group_decorator.py for tasks to queue
[2021-09-14 18:56:59,769] {logging_mixin.py:109} INFO - [2021-09-14 18:56:59,769] {dagbag.py:496} INFO - Filling up the DagBag from /home/airflow/.local/lib/python3.8/site-packages/airflow/example_dags/example_task_group_decorator.py
[2021-09-14 18:56:59,796] {processor.py:623} INFO - DAG(s) dict_keys(['example_task_group_decorator']) retrieved from /home/airflow/.local/lib/python3.8/site-packages/airflow/example_dags/example_task_group_decorator.py
[2021-09-14 18:57:00,058] {logging_mixin.py:109} INFO - [2021-09-14 18:57:00,058] {dag.py:1833} INFO - Sync 1 DAGs
[2021-09-14 18:57:00,067] {logging_mixin.py:109} INFO - [2021-09-14 18:57:00,067] {dag.py:2306} INFO - Setting next_dagrun for example_task_group_decorator to 2021-09-12 00:00:00+00:00
[2021-09-14 18:57:00,075] {processor.py:170} INFO - Processing /home/airflow/.local/lib/python3.8/site-packages/airflow/example_dags/example_task_group_decorator.py took 0.314 seconds
[2021-09-14 18:57:30,212] {processor.py:162} INFO - Started process (PID=2801) to work on /home/airflow/.local/lib/python3.8/site-packages/airflow/example_dags/example_task_group_decorator.py
[2021-09-14 18:57:30,221] {processor.py:613} INFO - Processing file /home/airflow/.local/lib/python3.8/site-packages/airflow/example_dags/example_task_group_decorator.py for tasks to queue
[2021-09-14 18:57:30,221] {logging_mixin.py:109} INFO - [2021-09-14 18:57:30,221] {dagbag.py:496} INFO - Filling up the DagBag from /home/airflow/.local/lib/python3.8/site-packages/airflow/example_dags/example_task_group_decorator.py
[2021-09-14 18:57:30,272] {processor.py:623} INFO - DAG(s) dict_keys(['example_task_group_decorator']) retrieved from /home/airflow/.local/lib/python3.8/site-packages/airflow/example_dags/example_task_group_decorator.py
[2021-09-14 18:57:30,494] {logging_mixin.py:109} INFO - [2021-09-14 18:57:30,494] {dag.py:1833} INFO - Sync 1 DAGs
[2021-09-14 18:57:30,504] {logging_mixin.py:109} INFO - [2021-09-14 18:57:30,504] {dag.py:2306} INFO - Setting next_dagrun for example_task_group_decorator to 2021-09-12 00:00:00+00:00
[2021-09-14 18:57:30,515] {processor.py:170} INFO - Processing /home/airflow/.local/lib/python3.8/site-packages/airflow/example_dags/example_task_group_decorator.py took 0.305 seconds
[2021-09-14 18:58:01,019] {processor.py:162} INFO - Started process (PID=2856) to work on /home/airflow/.local/lib/python3.8/site-packages/airflow/example_dags/example_task_group_decorator.py
[2021-09-14 18:58:01,020] {processor.py:613} INFO - Processing file /home/airflow/.local/lib/python3.8/site-packages/airflow/example_dags/example_task_group_decorator.py for tasks to queue
[2021-09-14 18:58:01,021] {logging_mixin.py:109} INFO - [2021-09-14 18:58:01,021] {dagbag.py:496} INFO - Filling up the DagBag from /home/airflow/.local/lib/python3.8/site-packages/airflow/example_dags/example_task_group_decorator.py
[2021-09-14 18:58:01,039] {processor.py:623} INFO - DAG(s) dict_keys(['example_task_group_decorator']) retrieved from /home/airflow/.local/lib/python3.8/site-packages/airflow/example_dags/example_task_group_decorator.py
[2021-09-14 18:58:01,275] {logging_mixin.py:109} INFO - [2021-09-14 18:58:01,274] {dag.py:1833} INFO - Sync 1 DAGs
[2021-09-14 18:58:01,284] {logging_mixin.py:109} INFO - [2021-09-14 18:58:01,284] {dag.py:2306} INFO - Setting next_dagrun for example_task_group_decorator to 2021-09-12 00:00:00+00:00
[2021-09-14 18:58:01,293] {processor.py:170} INFO - Processing /home/airflow/.local/lib/python3.8/site-packages/airflow/example_dags/example_task_group_decorator.py took 0.277 seconds
[2021-09-14 18:58:31,497] {processor.py:162} INFO - Started process (PID=2913) to work on /home/airflow/.local/lib/python3.8/site-packages/airflow/example_dags/example_task_group_decorator.py
[2021-09-14 18:58:31,499] {processor.py:613} INFO - Processing file /home/airflow/.local/lib/python3.8/site-packages/airflow/example_dags/example_task_group_decorator.py for tasks to queue
[2021-09-14 18:58:31,499] {logging_mixin.py:109} INFO - [2021-09-14 18:58:31,499] {dagbag.py:496} INFO - Filling up the DagBag from /home/airflow/.local/lib/python3.8/site-packages/airflow/example_dags/example_task_group_decorator.py
[2021-09-14 18:58:31,516] {processor.py:623} INFO - DAG(s) dict_keys(['example_task_group_decorator']) retrieved from /home/airflow/.local/lib/python3.8/site-packages/airflow/example_dags/example_task_group_decorator.py
[2021-09-14 18:58:31,752] {logging_mixin.py:109} INFO - [2021-09-14 18:58:31,752] {dag.py:1833} INFO - Sync 1 DAGs
[2021-09-14 18:58:31,760] {logging_mixin.py:109} INFO - [2021-09-14 18:58:31,760] {dag.py:2306} INFO - Setting next_dagrun for example_task_group_decorator to 2021-09-12 00:00:00+00:00
[2021-09-14 18:58:31,767] {processor.py:170} INFO - Processing /home/airflow/.local/lib/python3.8/site-packages/airflow/example_dags/example_task_group_decorator.py took 0.272 seconds
[2021-09-14 18:59:02,437] {processor.py:162} INFO - Started process (PID=2961) to work on /home/airflow/.local/lib/python3.8/site-packages/airflow/example_dags/example_task_group_decorator.py
[2021-09-14 18:59:02,439] {processor.py:613} INFO - Processing file /home/airflow/.local/lib/python3.8/site-packages/airflow/example_dags/example_task_group_decorator.py for tasks to queue
[2021-09-14 18:59:02,440] {logging_mixin.py:109} INFO - [2021-09-14 18:59:02,440] {dagbag.py:496} INFO - Filling up the DagBag from /home/airflow/.local/lib/python3.8/site-packages/airflow/example_dags/example_task_group_decorator.py
[2021-09-14 18:59:02,457] {processor.py:623} INFO - DAG(s) dict_keys(['example_task_group_decorator']) retrieved from /home/airflow/.local/lib/python3.8/site-packages/airflow/example_dags/example_task_group_decorator.py
[2021-09-14 18:59:02,748] {logging_mixin.py:109} INFO - [2021-09-14 18:59:02,748] {dag.py:1833} INFO - Sync 1 DAGs
[2021-09-14 18:59:02,758] {logging_mixin.py:109} INFO - [2021-09-14 18:59:02,758] {dag.py:2306} INFO - Setting next_dagrun for example_task_group_decorator to 2021-09-12 00:00:00+00:00
[2021-09-14 18:59:02,768] {processor.py:170} INFO - Processing /home/airflow/.local/lib/python3.8/site-packages/airflow/example_dags/example_task_group_decorator.py took 0.333 seconds
[2021-09-14 18:59:32,907] {processor.py:162} INFO - Started process (PID=3016) to work on /home/airflow/.local/lib/python3.8/site-packages/airflow/example_dags/example_task_group_decorator.py
[2021-09-14 18:59:32,947] {processor.py:613} INFO - Processing file /home/airflow/.local/lib/python3.8/site-packages/airflow/example_dags/example_task_group_decorator.py for tasks to queue
[2021-09-14 18:59:32,948] {logging_mixin.py:109} INFO - [2021-09-14 18:59:32,948] {dagbag.py:496} INFO - Filling up the DagBag from /home/airflow/.local/lib/python3.8/site-packages/airflow/example_dags/example_task_group_decorator.py
[2021-09-14 18:59:33,018] {processor.py:623} INFO - DAG(s) dict_keys(['example_task_group_decorator']) retrieved from /home/airflow/.local/lib/python3.8/site-packages/airflow/example_dags/example_task_group_decorator.py
[2021-09-14 18:59:33,231] {logging_mixin.py:109} INFO - [2021-09-14 18:59:33,231] {dag.py:1833} INFO - Sync 1 DAGs
[2021-09-14 18:59:33,239] {logging_mixin.py:109} INFO - [2021-09-14 18:59:33,239] {dag.py:2306} INFO - Setting next_dagrun for example_task_group_decorator to 2021-09-12 00:00:00+00:00
[2021-09-14 18:59:33,246] {processor.py:170} INFO - Processing /home/airflow/.local/lib/python3.8/site-packages/airflow/example_dags/example_task_group_decorator.py took 0.342 seconds
[2021-09-14 19:00:03,722] {processor.py:162} INFO - Started process (PID=3074) to work on /home/airflow/.local/lib/python3.8/site-packages/airflow/example_dags/example_task_group_decorator.py
[2021-09-14 19:00:03,723] {processor.py:613} INFO - Processing file /home/airflow/.local/lib/python3.8/site-packages/airflow/example_dags/example_task_group_decorator.py for tasks to queue
[2021-09-14 19:00:03,724] {logging_mixin.py:109} INFO - [2021-09-14 19:00:03,724] {dagbag.py:496} INFO - Filling up the DagBag from /home/airflow/.local/lib/python3.8/site-packages/airflow/example_dags/example_task_group_decorator.py
[2021-09-14 19:00:03,751] {processor.py:623} INFO - DAG(s) dict_keys(['example_task_group_decorator']) retrieved from /home/airflow/.local/lib/python3.8/site-packages/airflow/example_dags/example_task_group_decorator.py
[2021-09-14 19:00:04,167] {logging_mixin.py:109} INFO - [2021-09-14 19:00:04,166] {dag.py:1833} INFO - Sync 1 DAGs
[2021-09-14 19:00:04,184] {logging_mixin.py:109} INFO - [2021-09-14 19:00:04,183] {dag.py:2306} INFO - Setting next_dagrun for example_task_group_decorator to 2021-09-12 00:00:00+00:00
[2021-09-14 19:00:04,215] {processor.py:170} INFO - Processing /home/airflow/.local/lib/python3.8/site-packages/airflow/example_dags/example_task_group_decorator.py took 0.496 seconds
[2021-09-14 19:00:34,601] {processor.py:162} INFO - Started process (PID=3123) to work on /home/airflow/.local/lib/python3.8/site-packages/airflow/example_dags/example_task_group_decorator.py
[2021-09-14 19:00:34,602] {processor.py:613} INFO - Processing file /home/airflow/.local/lib/python3.8/site-packages/airflow/example_dags/example_task_group_decorator.py for tasks to queue
[2021-09-14 19:00:34,603] {logging_mixin.py:109} INFO - [2021-09-14 19:00:34,603] {dagbag.py:496} INFO - Filling up the DagBag from /home/airflow/.local/lib/python3.8/site-packages/airflow/example_dags/example_task_group_decorator.py
[2021-09-14 19:00:34,620] {processor.py:623} INFO - DAG(s) dict_keys(['example_task_group_decorator']) retrieved from /home/airflow/.local/lib/python3.8/site-packages/airflow/example_dags/example_task_group_decorator.py
[2021-09-14 19:00:34,859] {logging_mixin.py:109} INFO - [2021-09-14 19:00:34,859] {dag.py:1833} INFO - Sync 1 DAGs
[2021-09-14 19:00:34,867] {logging_mixin.py:109} INFO - [2021-09-14 19:00:34,867] {dag.py:2306} INFO - Setting next_dagrun for example_task_group_decorator to 2021-09-12 00:00:00+00:00
[2021-09-14 19:00:34,875] {processor.py:170} INFO - Processing /home/airflow/.local/lib/python3.8/site-packages/airflow/example_dags/example_task_group_decorator.py took 0.276 seconds
[2021-09-14 19:01:05,423] {processor.py:162} INFO - Started process (PID=3179) to work on /home/airflow/.local/lib/python3.8/site-packages/airflow/example_dags/example_task_group_decorator.py
[2021-09-14 19:01:05,425] {processor.py:613} INFO - Processing file /home/airflow/.local/lib/python3.8/site-packages/airflow/example_dags/example_task_group_decorator.py for tasks to queue
[2021-09-14 19:01:05,426] {logging_mixin.py:109} INFO - [2021-09-14 19:01:05,426] {dagbag.py:496} INFO - Filling up the DagBag from /home/airflow/.local/lib/python3.8/site-packages/airflow/example_dags/example_task_group_decorator.py
[2021-09-14 19:01:05,452] {processor.py:623} INFO - DAG(s) dict_keys(['example_task_group_decorator']) retrieved from /home/airflow/.local/lib/python3.8/site-packages/airflow/example_dags/example_task_group_decorator.py
[2021-09-14 19:01:05,724] {logging_mixin.py:109} INFO - [2021-09-14 19:01:05,724] {dag.py:1833} INFO - Sync 1 DAGs
[2021-09-14 19:01:05,732] {logging_mixin.py:109} INFO - [2021-09-14 19:01:05,732] {dag.py:2306} INFO - Setting next_dagrun for example_task_group_decorator to 2021-09-12 00:00:00+00:00
[2021-09-14 19:01:05,742] {processor.py:170} INFO - Processing /home/airflow/.local/lib/python3.8/site-packages/airflow/example_dags/example_task_group_decorator.py took 0.322 seconds
[2021-09-14 19:01:35,810] {processor.py:162} INFO - Started process (PID=3227) to work on /home/airflow/.local/lib/python3.8/site-packages/airflow/example_dags/example_task_group_decorator.py
[2021-09-14 19:01:35,812] {processor.py:613} INFO - Processing file /home/airflow/.local/lib/python3.8/site-packages/airflow/example_dags/example_task_group_decorator.py for tasks to queue
[2021-09-14 19:01:35,813] {logging_mixin.py:109} INFO - [2021-09-14 19:01:35,813] {dagbag.py:496} INFO - Filling up the DagBag from /home/airflow/.local/lib/python3.8/site-packages/airflow/example_dags/example_task_group_decorator.py
[2021-09-14 19:01:35,831] {processor.py:623} INFO - DAG(s) dict_keys(['example_task_group_decorator']) retrieved from /home/airflow/.local/lib/python3.8/site-packages/airflow/example_dags/example_task_group_decorator.py
[2021-09-14 19:01:36,088] {logging_mixin.py:109} INFO - [2021-09-14 19:01:36,088] {dag.py:1833} INFO - Sync 1 DAGs
[2021-09-14 19:01:36,098] {logging_mixin.py:109} INFO - [2021-09-14 19:01:36,098] {dag.py:2306} INFO - Setting next_dagrun for example_task_group_decorator to 2021-09-12 00:00:00+00:00
[2021-09-14 19:01:36,105] {processor.py:170} INFO - Processing /home/airflow/.local/lib/python3.8/site-packages/airflow/example_dags/example_task_group_decorator.py took 0.298 seconds
[2021-09-14 19:02:06,769] {processor.py:162} INFO - Started process (PID=3285) to work on /home/airflow/.local/lib/python3.8/site-packages/airflow/example_dags/example_task_group_decorator.py
[2021-09-14 19:02:06,770] {processor.py:613} INFO - Processing file /home/airflow/.local/lib/python3.8/site-packages/airflow/example_dags/example_task_group_decorator.py for tasks to queue
[2021-09-14 19:02:06,771] {logging_mixin.py:109} INFO - [2021-09-14 19:02:06,771] {dagbag.py:496} INFO - Filling up the DagBag from /home/airflow/.local/lib/python3.8/site-packages/airflow/example_dags/example_task_group_decorator.py
[2021-09-14 19:02:06,796] {processor.py:623} INFO - DAG(s) dict_keys(['example_task_group_decorator']) retrieved from /home/airflow/.local/lib/python3.8/site-packages/airflow/example_dags/example_task_group_decorator.py
[2021-09-14 19:02:07,116] {logging_mixin.py:109} INFO - [2021-09-14 19:02:07,116] {dag.py:1833} INFO - Sync 1 DAGs
[2021-09-14 19:02:07,126] {logging_mixin.py:109} INFO - [2021-09-14 19:02:07,126] {dag.py:2306} INFO - Setting next_dagrun for example_task_group_decorator to 2021-09-12 00:00:00+00:00
[2021-09-14 19:02:07,134] {processor.py:170} INFO - Processing /home/airflow/.local/lib/python3.8/site-packages/airflow/example_dags/example_task_group_decorator.py took 0.367 seconds
[2021-09-14 19:02:37,491] {processor.py:162} INFO - Started process (PID=3342) to work on /home/airflow/.local/lib/python3.8/site-packages/airflow/example_dags/example_task_group_decorator.py
[2021-09-14 19:02:37,492] {processor.py:613} INFO - Processing file /home/airflow/.local/lib/python3.8/site-packages/airflow/example_dags/example_task_group_decorator.py for tasks to queue
[2021-09-14 19:02:37,493] {logging_mixin.py:109} INFO - [2021-09-14 19:02:37,493] {dagbag.py:496} INFO - Filling up the DagBag from /home/airflow/.local/lib/python3.8/site-packages/airflow/example_dags/example_task_group_decorator.py
[2021-09-14 19:02:37,513] {processor.py:623} INFO - DAG(s) dict_keys(['example_task_group_decorator']) retrieved from /home/airflow/.local/lib/python3.8/site-packages/airflow/example_dags/example_task_group_decorator.py
[2021-09-14 19:02:37,760] {logging_mixin.py:109} INFO - [2021-09-14 19:02:37,760] {dag.py:1833} INFO - Sync 1 DAGs
[2021-09-14 19:02:37,768] {logging_mixin.py:109} INFO - [2021-09-14 19:02:37,768] {dag.py:2306} INFO - Setting next_dagrun for example_task_group_decorator to 2021-09-12 00:00:00+00:00
[2021-09-14 19:02:37,776] {processor.py:170} INFO - Processing /home/airflow/.local/lib/python3.8/site-packages/airflow/example_dags/example_task_group_decorator.py took 0.288 seconds
[2021-09-14 19:03:07,949] {processor.py:162} INFO - Started process (PID=3390) to work on /home/airflow/.local/lib/python3.8/site-packages/airflow/example_dags/example_task_group_decorator.py
[2021-09-14 19:03:07,951] {processor.py:613} INFO - Processing file /home/airflow/.local/lib/python3.8/site-packages/airflow/example_dags/example_task_group_decorator.py for tasks to queue
[2021-09-14 19:03:07,952] {logging_mixin.py:109} INFO - [2021-09-14 19:03:07,952] {dagbag.py:496} INFO - Filling up the DagBag from /home/airflow/.local/lib/python3.8/site-packages/airflow/example_dags/example_task_group_decorator.py
[2021-09-14 19:03:07,992] {processor.py:623} INFO - DAG(s) dict_keys(['example_task_group_decorator']) retrieved from /home/airflow/.local/lib/python3.8/site-packages/airflow/example_dags/example_task_group_decorator.py
[2021-09-14 19:03:08,293] {logging_mixin.py:109} INFO - [2021-09-14 19:03:08,293] {dag.py:1833} INFO - Sync 1 DAGs
[2021-09-14 19:03:08,302] {logging_mixin.py:109} INFO - [2021-09-14 19:03:08,302] {dag.py:2306} INFO - Setting next_dagrun for example_task_group_decorator to 2021-09-12 00:00:00+00:00
[2021-09-14 19:03:08,312] {processor.py:170} INFO - Processing /home/airflow/.local/lib/python3.8/site-packages/airflow/example_dags/example_task_group_decorator.py took 0.365 seconds
[2021-09-14 19:03:38,392] {processor.py:162} INFO - Started process (PID=3447) to work on /home/airflow/.local/lib/python3.8/site-packages/airflow/example_dags/example_task_group_decorator.py
[2021-09-14 19:03:38,393] {processor.py:613} INFO - Processing file /home/airflow/.local/lib/python3.8/site-packages/airflow/example_dags/example_task_group_decorator.py for tasks to queue
[2021-09-14 19:03:38,394] {logging_mixin.py:109} INFO - [2021-09-14 19:03:38,393] {dagbag.py:496} INFO - Filling up the DagBag from /home/airflow/.local/lib/python3.8/site-packages/airflow/example_dags/example_task_group_decorator.py
[2021-09-14 19:03:38,411] {processor.py:623} INFO - DAG(s) dict_keys(['example_task_group_decorator']) retrieved from /home/airflow/.local/lib/python3.8/site-packages/airflow/example_dags/example_task_group_decorator.py
[2021-09-14 19:03:38,637] {logging_mixin.py:109} INFO - [2021-09-14 19:03:38,637] {dag.py:1833} INFO - Sync 1 DAGs
[2021-09-14 19:03:38,647] {logging_mixin.py:109} INFO - [2021-09-14 19:03:38,647] {dag.py:2306} INFO - Setting next_dagrun for example_task_group_decorator to 2021-09-12 00:00:00+00:00
[2021-09-14 19:03:38,656] {processor.py:170} INFO - Processing /home/airflow/.local/lib/python3.8/site-packages/airflow/example_dags/example_task_group_decorator.py took 0.267 seconds
