[2021-09-14 18:32:17,614] {processor.py:162} INFO - Started process (PID=166) to work on /home/airflow/.local/lib/python3.8/site-packages/airflow/example_dags/example_xcom.py
[2021-09-14 18:32:17,616] {processor.py:613} INFO - Processing file /home/airflow/.local/lib/python3.8/site-packages/airflow/example_dags/example_xcom.py for tasks to queue
[2021-09-14 18:32:17,617] {logging_mixin.py:109} INFO - [2021-09-14 18:32:17,617] {dagbag.py:496} INFO - Filling up the DagBag from /home/airflow/.local/lib/python3.8/site-packages/airflow/example_dags/example_xcom.py
[2021-09-14 18:32:17,631] {processor.py:623} INFO - DAG(s) dict_keys(['example_xcom']) retrieved from /home/airflow/.local/lib/python3.8/site-packages/airflow/example_dags/example_xcom.py
[2021-09-14 18:32:20,156] {logging_mixin.py:109} INFO - [2021-09-14 18:32:20,155] {dag.py:1833} INFO - Sync 1 DAGs
[2021-09-14 18:32:20,164] {logging_mixin.py:109} INFO - [2021-09-14 18:32:20,164] {dag.py:1852} INFO - Creating ORM DAG for example_xcom
[2021-09-14 18:32:20,169] {logging_mixin.py:109} INFO - [2021-09-14 18:32:20,169] {dag.py:2306} INFO - Setting next_dagrun for example_xcom to 2021-09-12 00:00:00+00:00
[2021-09-14 18:32:20,180] {processor.py:170} INFO - Processing /home/airflow/.local/lib/python3.8/site-packages/airflow/example_dags/example_xcom.py took 2.569 seconds
[2021-09-14 18:32:50,843] {processor.py:162} INFO - Started process (PID=247) to work on /home/airflow/.local/lib/python3.8/site-packages/airflow/example_dags/example_xcom.py
[2021-09-14 18:32:50,844] {processor.py:613} INFO - Processing file /home/airflow/.local/lib/python3.8/site-packages/airflow/example_dags/example_xcom.py for tasks to queue
[2021-09-14 18:32:50,845] {logging_mixin.py:109} INFO - [2021-09-14 18:32:50,845] {dagbag.py:496} INFO - Filling up the DagBag from /home/airflow/.local/lib/python3.8/site-packages/airflow/example_dags/example_xcom.py
[2021-09-14 18:32:50,855] {processor.py:623} INFO - DAG(s) dict_keys(['example_xcom']) retrieved from /home/airflow/.local/lib/python3.8/site-packages/airflow/example_dags/example_xcom.py
[2021-09-14 18:32:50,874] {logging_mixin.py:109} INFO - [2021-09-14 18:32:50,874] {dag.py:1833} INFO - Sync 1 DAGs
[2021-09-14 18:32:50,884] {logging_mixin.py:109} INFO - [2021-09-14 18:32:50,884] {dag.py:2306} INFO - Setting next_dagrun for example_xcom to 2021-09-12 00:00:00+00:00
[2021-09-14 18:32:50,899] {processor.py:170} INFO - Processing /home/airflow/.local/lib/python3.8/site-packages/airflow/example_dags/example_xcom.py took 0.060 seconds
[2021-09-14 18:33:21,450] {processor.py:162} INFO - Started process (PID=302) to work on /home/airflow/.local/lib/python3.8/site-packages/airflow/example_dags/example_xcom.py
[2021-09-14 18:33:21,451] {processor.py:613} INFO - Processing file /home/airflow/.local/lib/python3.8/site-packages/airflow/example_dags/example_xcom.py for tasks to queue
[2021-09-14 18:33:21,452] {logging_mixin.py:109} INFO - [2021-09-14 18:33:21,452] {dagbag.py:496} INFO - Filling up the DagBag from /home/airflow/.local/lib/python3.8/site-packages/airflow/example_dags/example_xcom.py
[2021-09-14 18:33:21,464] {processor.py:623} INFO - DAG(s) dict_keys(['example_xcom']) retrieved from /home/airflow/.local/lib/python3.8/site-packages/airflow/example_dags/example_xcom.py
[2021-09-14 18:33:21,497] {logging_mixin.py:109} INFO - [2021-09-14 18:33:21,497] {dag.py:1833} INFO - Sync 1 DAGs
[2021-09-14 18:33:21,512] {logging_mixin.py:109} INFO - [2021-09-14 18:33:21,512] {dag.py:2306} INFO - Setting next_dagrun for example_xcom to 2021-09-12 00:00:00+00:00
[2021-09-14 18:33:21,524] {processor.py:170} INFO - Processing /home/airflow/.local/lib/python3.8/site-packages/airflow/example_dags/example_xcom.py took 0.077 seconds
[2021-09-14 18:33:51,788] {processor.py:162} INFO - Started process (PID=351) to work on /home/airflow/.local/lib/python3.8/site-packages/airflow/example_dags/example_xcom.py
[2021-09-14 18:33:51,789] {processor.py:613} INFO - Processing file /home/airflow/.local/lib/python3.8/site-packages/airflow/example_dags/example_xcom.py for tasks to queue
[2021-09-14 18:33:51,790] {logging_mixin.py:109} INFO - [2021-09-14 18:33:51,789] {dagbag.py:496} INFO - Filling up the DagBag from /home/airflow/.local/lib/python3.8/site-packages/airflow/example_dags/example_xcom.py
[2021-09-14 18:33:51,798] {processor.py:623} INFO - DAG(s) dict_keys(['example_xcom']) retrieved from /home/airflow/.local/lib/python3.8/site-packages/airflow/example_dags/example_xcom.py
[2021-09-14 18:33:51,818] {logging_mixin.py:109} INFO - [2021-09-14 18:33:51,817] {dag.py:1833} INFO - Sync 1 DAGs
[2021-09-14 18:33:51,828] {logging_mixin.py:109} INFO - [2021-09-14 18:33:51,828] {dag.py:2306} INFO - Setting next_dagrun for example_xcom to 2021-09-12 00:00:00+00:00
[2021-09-14 18:33:51,835] {processor.py:170} INFO - Processing /home/airflow/.local/lib/python3.8/site-packages/airflow/example_dags/example_xcom.py took 0.050 seconds
[2021-09-14 18:34:22,109] {processor.py:162} INFO - Started process (PID=407) to work on /home/airflow/.local/lib/python3.8/site-packages/airflow/example_dags/example_xcom.py
[2021-09-14 18:34:22,109] {processor.py:613} INFO - Processing file /home/airflow/.local/lib/python3.8/site-packages/airflow/example_dags/example_xcom.py for tasks to queue
[2021-09-14 18:34:22,110] {logging_mixin.py:109} INFO - [2021-09-14 18:34:22,110] {dagbag.py:496} INFO - Filling up the DagBag from /home/airflow/.local/lib/python3.8/site-packages/airflow/example_dags/example_xcom.py
[2021-09-14 18:34:22,118] {processor.py:623} INFO - DAG(s) dict_keys(['example_xcom']) retrieved from /home/airflow/.local/lib/python3.8/site-packages/airflow/example_dags/example_xcom.py
[2021-09-14 18:34:22,133] {logging_mixin.py:109} INFO - [2021-09-14 18:34:22,133] {dag.py:1833} INFO - Sync 1 DAGs
[2021-09-14 18:34:22,144] {logging_mixin.py:109} INFO - [2021-09-14 18:34:22,144] {dag.py:2306} INFO - Setting next_dagrun for example_xcom to 2021-09-12 00:00:00+00:00
[2021-09-14 18:34:22,154] {processor.py:170} INFO - Processing /home/airflow/.local/lib/python3.8/site-packages/airflow/example_dags/example_xcom.py took 0.049 seconds
[2021-09-14 18:34:52,522] {processor.py:162} INFO - Started process (PID=462) to work on /home/airflow/.local/lib/python3.8/site-packages/airflow/example_dags/example_xcom.py
[2021-09-14 18:34:52,523] {processor.py:613} INFO - Processing file /home/airflow/.local/lib/python3.8/site-packages/airflow/example_dags/example_xcom.py for tasks to queue
[2021-09-14 18:34:52,524] {logging_mixin.py:109} INFO - [2021-09-14 18:34:52,524] {dagbag.py:496} INFO - Filling up the DagBag from /home/airflow/.local/lib/python3.8/site-packages/airflow/example_dags/example_xcom.py
[2021-09-14 18:34:52,535] {processor.py:623} INFO - DAG(s) dict_keys(['example_xcom']) retrieved from /home/airflow/.local/lib/python3.8/site-packages/airflow/example_dags/example_xcom.py
[2021-09-14 18:34:52,561] {logging_mixin.py:109} INFO - [2021-09-14 18:34:52,560] {dag.py:1833} INFO - Sync 1 DAGs
[2021-09-14 18:34:52,576] {logging_mixin.py:109} INFO - [2021-09-14 18:34:52,576] {dag.py:2306} INFO - Setting next_dagrun for example_xcom to 2021-09-12 00:00:00+00:00
[2021-09-14 18:34:52,588] {processor.py:170} INFO - Processing /home/airflow/.local/lib/python3.8/site-packages/airflow/example_dags/example_xcom.py took 0.069 seconds
[2021-09-14 18:35:23,409] {processor.py:162} INFO - Started process (PID=509) to work on /home/airflow/.local/lib/python3.8/site-packages/airflow/example_dags/example_xcom.py
[2021-09-14 18:35:23,410] {processor.py:613} INFO - Processing file /home/airflow/.local/lib/python3.8/site-packages/airflow/example_dags/example_xcom.py for tasks to queue
[2021-09-14 18:35:23,411] {logging_mixin.py:109} INFO - [2021-09-14 18:35:23,410] {dagbag.py:496} INFO - Filling up the DagBag from /home/airflow/.local/lib/python3.8/site-packages/airflow/example_dags/example_xcom.py
[2021-09-14 18:35:23,419] {processor.py:623} INFO - DAG(s) dict_keys(['example_xcom']) retrieved from /home/airflow/.local/lib/python3.8/site-packages/airflow/example_dags/example_xcom.py
[2021-09-14 18:35:23,438] {logging_mixin.py:109} INFO - [2021-09-14 18:35:23,438] {dag.py:1833} INFO - Sync 1 DAGs
[2021-09-14 18:35:23,451] {logging_mixin.py:109} INFO - [2021-09-14 18:35:23,451] {dag.py:2306} INFO - Setting next_dagrun for example_xcom to 2021-09-12 00:00:00+00:00
[2021-09-14 18:35:23,459] {processor.py:170} INFO - Processing /home/airflow/.local/lib/python3.8/site-packages/airflow/example_dags/example_xcom.py took 0.053 seconds
[2021-09-14 18:35:54,464] {processor.py:162} INFO - Started process (PID=564) to work on /home/airflow/.local/lib/python3.8/site-packages/airflow/example_dags/example_xcom.py
[2021-09-14 18:35:54,465] {processor.py:613} INFO - Processing file /home/airflow/.local/lib/python3.8/site-packages/airflow/example_dags/example_xcom.py for tasks to queue
[2021-09-14 18:35:54,466] {logging_mixin.py:109} INFO - [2021-09-14 18:35:54,466] {dagbag.py:496} INFO - Filling up the DagBag from /home/airflow/.local/lib/python3.8/site-packages/airflow/example_dags/example_xcom.py
[2021-09-14 18:35:54,475] {processor.py:623} INFO - DAG(s) dict_keys(['example_xcom']) retrieved from /home/airflow/.local/lib/python3.8/site-packages/airflow/example_dags/example_xcom.py
[2021-09-14 18:35:54,491] {logging_mixin.py:109} INFO - [2021-09-14 18:35:54,491] {dag.py:1833} INFO - Sync 1 DAGs
[2021-09-14 18:35:54,501] {logging_mixin.py:109} INFO - [2021-09-14 18:35:54,501] {dag.py:2306} INFO - Setting next_dagrun for example_xcom to 2021-09-12 00:00:00+00:00
[2021-09-14 18:35:54,510] {processor.py:170} INFO - Processing /home/airflow/.local/lib/python3.8/site-packages/airflow/example_dags/example_xcom.py took 0.048 seconds
[2021-09-14 18:36:24,848] {processor.py:162} INFO - Started process (PID=611) to work on /home/airflow/.local/lib/python3.8/site-packages/airflow/example_dags/example_xcom.py
[2021-09-14 18:36:24,850] {processor.py:613} INFO - Processing file /home/airflow/.local/lib/python3.8/site-packages/airflow/example_dags/example_xcom.py for tasks to queue
[2021-09-14 18:36:24,850] {logging_mixin.py:109} INFO - [2021-09-14 18:36:24,850] {dagbag.py:496} INFO - Filling up the DagBag from /home/airflow/.local/lib/python3.8/site-packages/airflow/example_dags/example_xcom.py
[2021-09-14 18:36:24,859] {processor.py:623} INFO - DAG(s) dict_keys(['example_xcom']) retrieved from /home/airflow/.local/lib/python3.8/site-packages/airflow/example_dags/example_xcom.py
[2021-09-14 18:36:24,876] {logging_mixin.py:109} INFO - [2021-09-14 18:36:24,876] {dag.py:1833} INFO - Sync 1 DAGs
[2021-09-14 18:36:24,887] {logging_mixin.py:109} INFO - [2021-09-14 18:36:24,887] {dag.py:2306} INFO - Setting next_dagrun for example_xcom to 2021-09-12 00:00:00+00:00
[2021-09-14 18:36:24,895] {processor.py:170} INFO - Processing /home/airflow/.local/lib/python3.8/site-packages/airflow/example_dags/example_xcom.py took 0.049 seconds
[2021-09-14 18:36:55,638] {processor.py:162} INFO - Started process (PID=668) to work on /home/airflow/.local/lib/python3.8/site-packages/airflow/example_dags/example_xcom.py
[2021-09-14 18:36:55,639] {processor.py:613} INFO - Processing file /home/airflow/.local/lib/python3.8/site-packages/airflow/example_dags/example_xcom.py for tasks to queue
[2021-09-14 18:36:55,640] {logging_mixin.py:109} INFO - [2021-09-14 18:36:55,640] {dagbag.py:496} INFO - Filling up the DagBag from /home/airflow/.local/lib/python3.8/site-packages/airflow/example_dags/example_xcom.py
[2021-09-14 18:36:55,648] {processor.py:623} INFO - DAG(s) dict_keys(['example_xcom']) retrieved from /home/airflow/.local/lib/python3.8/site-packages/airflow/example_dags/example_xcom.py
[2021-09-14 18:36:55,664] {logging_mixin.py:109} INFO - [2021-09-14 18:36:55,664] {dag.py:1833} INFO - Sync 1 DAGs
[2021-09-14 18:36:55,674] {logging_mixin.py:109} INFO - [2021-09-14 18:36:55,674] {dag.py:2306} INFO - Setting next_dagrun for example_xcom to 2021-09-12 00:00:00+00:00
[2021-09-14 18:36:55,681] {processor.py:170} INFO - Processing /home/airflow/.local/lib/python3.8/site-packages/airflow/example_dags/example_xcom.py took 0.046 seconds
[2021-09-14 18:37:25,896] {processor.py:162} INFO - Started process (PID=715) to work on /home/airflow/.local/lib/python3.8/site-packages/airflow/example_dags/example_xcom.py
[2021-09-14 18:37:25,897] {processor.py:613} INFO - Processing file /home/airflow/.local/lib/python3.8/site-packages/airflow/example_dags/example_xcom.py for tasks to queue
[2021-09-14 18:37:25,898] {logging_mixin.py:109} INFO - [2021-09-14 18:37:25,897] {dagbag.py:496} INFO - Filling up the DagBag from /home/airflow/.local/lib/python3.8/site-packages/airflow/example_dags/example_xcom.py
[2021-09-14 18:37:25,906] {processor.py:623} INFO - DAG(s) dict_keys(['example_xcom']) retrieved from /home/airflow/.local/lib/python3.8/site-packages/airflow/example_dags/example_xcom.py
[2021-09-14 18:37:25,924] {logging_mixin.py:109} INFO - [2021-09-14 18:37:25,924] {dag.py:1833} INFO - Sync 1 DAGs
[2021-09-14 18:37:25,938] {logging_mixin.py:109} INFO - [2021-09-14 18:37:25,938] {dag.py:2306} INFO - Setting next_dagrun for example_xcom to 2021-09-12 00:00:00+00:00
[2021-09-14 18:37:25,947] {processor.py:170} INFO - Processing /home/airflow/.local/lib/python3.8/site-packages/airflow/example_dags/example_xcom.py took 0.054 seconds
[2021-09-14 18:37:56,244] {processor.py:162} INFO - Started process (PID=771) to work on /home/airflow/.local/lib/python3.8/site-packages/airflow/example_dags/example_xcom.py
[2021-09-14 18:37:56,245] {processor.py:613} INFO - Processing file /home/airflow/.local/lib/python3.8/site-packages/airflow/example_dags/example_xcom.py for tasks to queue
[2021-09-14 18:37:56,246] {logging_mixin.py:109} INFO - [2021-09-14 18:37:56,246] {dagbag.py:496} INFO - Filling up the DagBag from /home/airflow/.local/lib/python3.8/site-packages/airflow/example_dags/example_xcom.py
[2021-09-14 18:37:56,257] {processor.py:623} INFO - DAG(s) dict_keys(['example_xcom']) retrieved from /home/airflow/.local/lib/python3.8/site-packages/airflow/example_dags/example_xcom.py
[2021-09-14 18:37:56,279] {logging_mixin.py:109} INFO - [2021-09-14 18:37:56,279] {dag.py:1833} INFO - Sync 1 DAGs
[2021-09-14 18:37:56,295] {logging_mixin.py:109} INFO - [2021-09-14 18:37:56,295] {dag.py:2306} INFO - Setting next_dagrun for example_xcom to 2021-09-12 00:00:00+00:00
[2021-09-14 18:37:56,304] {processor.py:170} INFO - Processing /home/airflow/.local/lib/python3.8/site-packages/airflow/example_dags/example_xcom.py took 0.063 seconds
[2021-09-14 18:38:27,010] {processor.py:162} INFO - Started process (PID=824) to work on /home/airflow/.local/lib/python3.8/site-packages/airflow/example_dags/example_xcom.py
[2021-09-14 18:38:27,011] {processor.py:613} INFO - Processing file /home/airflow/.local/lib/python3.8/site-packages/airflow/example_dags/example_xcom.py for tasks to queue
[2021-09-14 18:38:27,012] {logging_mixin.py:109} INFO - [2021-09-14 18:38:27,012] {dagbag.py:496} INFO - Filling up the DagBag from /home/airflow/.local/lib/python3.8/site-packages/airflow/example_dags/example_xcom.py
[2021-09-14 18:38:27,034] {processor.py:623} INFO - DAG(s) dict_keys(['example_xcom']) retrieved from /home/airflow/.local/lib/python3.8/site-packages/airflow/example_dags/example_xcom.py
[2021-09-14 18:38:27,076] {logging_mixin.py:109} INFO - [2021-09-14 18:38:27,075] {dag.py:1833} INFO - Sync 1 DAGs
[2021-09-14 18:38:27,098] {logging_mixin.py:109} INFO - [2021-09-14 18:38:27,098] {dag.py:2306} INFO - Setting next_dagrun for example_xcom to 2021-09-12 00:00:00+00:00
[2021-09-14 18:38:27,151] {processor.py:170} INFO - Processing /home/airflow/.local/lib/python3.8/site-packages/airflow/example_dags/example_xcom.py took 0.145 seconds
[2021-09-14 18:38:57,453] {processor.py:162} INFO - Started process (PID=874) to work on /home/airflow/.local/lib/python3.8/site-packages/airflow/example_dags/example_xcom.py
[2021-09-14 18:38:57,454] {processor.py:613} INFO - Processing file /home/airflow/.local/lib/python3.8/site-packages/airflow/example_dags/example_xcom.py for tasks to queue
[2021-09-14 18:38:57,455] {logging_mixin.py:109} INFO - [2021-09-14 18:38:57,455] {dagbag.py:496} INFO - Filling up the DagBag from /home/airflow/.local/lib/python3.8/site-packages/airflow/example_dags/example_xcom.py
[2021-09-14 18:38:57,463] {processor.py:623} INFO - DAG(s) dict_keys(['example_xcom']) retrieved from /home/airflow/.local/lib/python3.8/site-packages/airflow/example_dags/example_xcom.py
[2021-09-14 18:38:57,477] {logging_mixin.py:109} INFO - [2021-09-14 18:38:57,477] {dag.py:1833} INFO - Sync 1 DAGs
[2021-09-14 18:38:57,486] {logging_mixin.py:109} INFO - [2021-09-14 18:38:57,486] {dag.py:2306} INFO - Setting next_dagrun for example_xcom to 2021-09-12 00:00:00+00:00
[2021-09-14 18:38:57,492] {processor.py:170} INFO - Processing /home/airflow/.local/lib/python3.8/site-packages/airflow/example_dags/example_xcom.py took 0.042 seconds
[2021-09-14 18:39:27,769] {processor.py:162} INFO - Started process (PID=928) to work on /home/airflow/.local/lib/python3.8/site-packages/airflow/example_dags/example_xcom.py
[2021-09-14 18:39:27,771] {processor.py:613} INFO - Processing file /home/airflow/.local/lib/python3.8/site-packages/airflow/example_dags/example_xcom.py for tasks to queue
[2021-09-14 18:39:27,771] {logging_mixin.py:109} INFO - [2021-09-14 18:39:27,771] {dagbag.py:496} INFO - Filling up the DagBag from /home/airflow/.local/lib/python3.8/site-packages/airflow/example_dags/example_xcom.py
[2021-09-14 18:39:27,783] {processor.py:623} INFO - DAG(s) dict_keys(['example_xcom']) retrieved from /home/airflow/.local/lib/python3.8/site-packages/airflow/example_dags/example_xcom.py
[2021-09-14 18:39:27,805] {logging_mixin.py:109} INFO - [2021-09-14 18:39:27,805] {dag.py:1833} INFO - Sync 1 DAGs
[2021-09-14 18:39:27,817] {logging_mixin.py:109} INFO - [2021-09-14 18:39:27,817] {dag.py:2306} INFO - Setting next_dagrun for example_xcom to 2021-09-12 00:00:00+00:00
[2021-09-14 18:39:27,847] {processor.py:170} INFO - Processing /home/airflow/.local/lib/python3.8/site-packages/airflow/example_dags/example_xcom.py took 0.081 seconds
[2021-09-14 18:39:58,045] {processor.py:162} INFO - Started process (PID=979) to work on /home/airflow/.local/lib/python3.8/site-packages/airflow/example_dags/example_xcom.py
[2021-09-14 18:39:58,046] {processor.py:613} INFO - Processing file /home/airflow/.local/lib/python3.8/site-packages/airflow/example_dags/example_xcom.py for tasks to queue
[2021-09-14 18:39:58,047] {logging_mixin.py:109} INFO - [2021-09-14 18:39:58,047] {dagbag.py:496} INFO - Filling up the DagBag from /home/airflow/.local/lib/python3.8/site-packages/airflow/example_dags/example_xcom.py
[2021-09-14 18:39:58,057] {processor.py:623} INFO - DAG(s) dict_keys(['example_xcom']) retrieved from /home/airflow/.local/lib/python3.8/site-packages/airflow/example_dags/example_xcom.py
[2021-09-14 18:39:58,092] {logging_mixin.py:109} INFO - [2021-09-14 18:39:58,092] {dag.py:1833} INFO - Sync 1 DAGs
[2021-09-14 18:39:58,108] {logging_mixin.py:109} INFO - [2021-09-14 18:39:58,108] {dag.py:2306} INFO - Setting next_dagrun for example_xcom to 2021-09-12 00:00:00+00:00
[2021-09-14 18:39:58,170] {processor.py:170} INFO - Processing /home/airflow/.local/lib/python3.8/site-packages/airflow/example_dags/example_xcom.py took 0.128 seconds
[2021-09-14 18:40:28,343] {processor.py:162} INFO - Started process (PID=1037) to work on /home/airflow/.local/lib/python3.8/site-packages/airflow/example_dags/example_xcom.py
[2021-09-14 18:40:28,344] {processor.py:613} INFO - Processing file /home/airflow/.local/lib/python3.8/site-packages/airflow/example_dags/example_xcom.py for tasks to queue
[2021-09-14 18:40:28,344] {logging_mixin.py:109} INFO - [2021-09-14 18:40:28,344] {dagbag.py:496} INFO - Filling up the DagBag from /home/airflow/.local/lib/python3.8/site-packages/airflow/example_dags/example_xcom.py
[2021-09-14 18:40:28,354] {processor.py:623} INFO - DAG(s) dict_keys(['example_xcom']) retrieved from /home/airflow/.local/lib/python3.8/site-packages/airflow/example_dags/example_xcom.py
[2021-09-14 18:40:28,383] {logging_mixin.py:109} INFO - [2021-09-14 18:40:28,383] {dag.py:1833} INFO - Sync 1 DAGs
[2021-09-14 18:40:28,397] {logging_mixin.py:109} INFO - [2021-09-14 18:40:28,397] {dag.py:2306} INFO - Setting next_dagrun for example_xcom to 2021-09-12 00:00:00+00:00
[2021-09-14 18:40:28,405] {processor.py:170} INFO - Processing /home/airflow/.local/lib/python3.8/site-packages/airflow/example_dags/example_xcom.py took 0.065 seconds
[2021-09-14 18:40:58,852] {processor.py:162} INFO - Started process (PID=1086) to work on /home/airflow/.local/lib/python3.8/site-packages/airflow/example_dags/example_xcom.py
[2021-09-14 18:40:58,853] {processor.py:613} INFO - Processing file /home/airflow/.local/lib/python3.8/site-packages/airflow/example_dags/example_xcom.py for tasks to queue
[2021-09-14 18:40:58,854] {logging_mixin.py:109} INFO - [2021-09-14 18:40:58,854] {dagbag.py:496} INFO - Filling up the DagBag from /home/airflow/.local/lib/python3.8/site-packages/airflow/example_dags/example_xcom.py
[2021-09-14 18:40:58,863] {processor.py:623} INFO - DAG(s) dict_keys(['example_xcom']) retrieved from /home/airflow/.local/lib/python3.8/site-packages/airflow/example_dags/example_xcom.py
[2021-09-14 18:40:58,882] {logging_mixin.py:109} INFO - [2021-09-14 18:40:58,881] {dag.py:1833} INFO - Sync 1 DAGs
[2021-09-14 18:40:58,895] {logging_mixin.py:109} INFO - [2021-09-14 18:40:58,895] {dag.py:2306} INFO - Setting next_dagrun for example_xcom to 2021-09-12 00:00:00+00:00
[2021-09-14 18:40:58,904] {processor.py:170} INFO - Processing /home/airflow/.local/lib/python3.8/site-packages/airflow/example_dags/example_xcom.py took 0.054 seconds
[2021-09-14 18:41:29,426] {processor.py:162} INFO - Started process (PID=1143) to work on /home/airflow/.local/lib/python3.8/site-packages/airflow/example_dags/example_xcom.py
[2021-09-14 18:41:29,428] {processor.py:613} INFO - Processing file /home/airflow/.local/lib/python3.8/site-packages/airflow/example_dags/example_xcom.py for tasks to queue
[2021-09-14 18:41:29,428] {logging_mixin.py:109} INFO - [2021-09-14 18:41:29,428] {dagbag.py:496} INFO - Filling up the DagBag from /home/airflow/.local/lib/python3.8/site-packages/airflow/example_dags/example_xcom.py
[2021-09-14 18:41:29,439] {processor.py:623} INFO - DAG(s) dict_keys(['example_xcom']) retrieved from /home/airflow/.local/lib/python3.8/site-packages/airflow/example_dags/example_xcom.py
[2021-09-14 18:41:29,459] {logging_mixin.py:109} INFO - [2021-09-14 18:41:29,459] {dag.py:1833} INFO - Sync 1 DAGs
[2021-09-14 18:41:29,473] {logging_mixin.py:109} INFO - [2021-09-14 18:41:29,473] {dag.py:2306} INFO - Setting next_dagrun for example_xcom to 2021-09-12 00:00:00+00:00
[2021-09-14 18:41:29,482] {processor.py:170} INFO - Processing /home/airflow/.local/lib/python3.8/site-packages/airflow/example_dags/example_xcom.py took 0.058 seconds
[2021-09-14 18:41:59,789] {processor.py:162} INFO - Started process (PID=1190) to work on /home/airflow/.local/lib/python3.8/site-packages/airflow/example_dags/example_xcom.py
[2021-09-14 18:41:59,790] {processor.py:613} INFO - Processing file /home/airflow/.local/lib/python3.8/site-packages/airflow/example_dags/example_xcom.py for tasks to queue
[2021-09-14 18:41:59,790] {logging_mixin.py:109} INFO - [2021-09-14 18:41:59,790] {dagbag.py:496} INFO - Filling up the DagBag from /home/airflow/.local/lib/python3.8/site-packages/airflow/example_dags/example_xcom.py
[2021-09-14 18:41:59,799] {processor.py:623} INFO - DAG(s) dict_keys(['example_xcom']) retrieved from /home/airflow/.local/lib/python3.8/site-packages/airflow/example_dags/example_xcom.py
[2021-09-14 18:41:59,831] {logging_mixin.py:109} INFO - [2021-09-14 18:41:59,831] {dag.py:1833} INFO - Sync 1 DAGs
[2021-09-14 18:41:59,840] {logging_mixin.py:109} INFO - [2021-09-14 18:41:59,840] {dag.py:2306} INFO - Setting next_dagrun for example_xcom to 2021-09-12 00:00:00+00:00
[2021-09-14 18:41:59,847] {processor.py:170} INFO - Processing /home/airflow/.local/lib/python3.8/site-packages/airflow/example_dags/example_xcom.py took 0.062 seconds
[2021-09-14 18:42:29,963] {processor.py:162} INFO - Started process (PID=1249) to work on /home/airflow/.local/lib/python3.8/site-packages/airflow/example_dags/example_xcom.py
[2021-09-14 18:42:29,963] {processor.py:613} INFO - Processing file /home/airflow/.local/lib/python3.8/site-packages/airflow/example_dags/example_xcom.py for tasks to queue
[2021-09-14 18:42:29,964] {logging_mixin.py:109} INFO - [2021-09-14 18:42:29,964] {dagbag.py:496} INFO - Filling up the DagBag from /home/airflow/.local/lib/python3.8/site-packages/airflow/example_dags/example_xcom.py
[2021-09-14 18:42:29,972] {processor.py:623} INFO - DAG(s) dict_keys(['example_xcom']) retrieved from /home/airflow/.local/lib/python3.8/site-packages/airflow/example_dags/example_xcom.py
[2021-09-14 18:42:29,988] {logging_mixin.py:109} INFO - [2021-09-14 18:42:29,988] {dag.py:1833} INFO - Sync 1 DAGs
[2021-09-14 18:42:29,999] {logging_mixin.py:109} INFO - [2021-09-14 18:42:29,999] {dag.py:2306} INFO - Setting next_dagrun for example_xcom to 2021-09-12 00:00:00+00:00
[2021-09-14 18:42:30,011] {processor.py:170} INFO - Processing /home/airflow/.local/lib/python3.8/site-packages/airflow/example_dags/example_xcom.py took 0.051 seconds
[2021-09-14 18:43:00,245] {processor.py:162} INFO - Started process (PID=1303) to work on /home/airflow/.local/lib/python3.8/site-packages/airflow/example_dags/example_xcom.py
[2021-09-14 18:43:00,246] {processor.py:613} INFO - Processing file /home/airflow/.local/lib/python3.8/site-packages/airflow/example_dags/example_xcom.py for tasks to queue
[2021-09-14 18:43:00,247] {logging_mixin.py:109} INFO - [2021-09-14 18:43:00,246] {dagbag.py:496} INFO - Filling up the DagBag from /home/airflow/.local/lib/python3.8/site-packages/airflow/example_dags/example_xcom.py
[2021-09-14 18:43:00,264] {processor.py:623} INFO - DAG(s) dict_keys(['example_xcom']) retrieved from /home/airflow/.local/lib/python3.8/site-packages/airflow/example_dags/example_xcom.py
[2021-09-14 18:43:00,292] {logging_mixin.py:109} INFO - [2021-09-14 18:43:00,292] {dag.py:1833} INFO - Sync 1 DAGs
[2021-09-14 18:43:00,306] {logging_mixin.py:109} INFO - [2021-09-14 18:43:00,306] {dag.py:2306} INFO - Setting next_dagrun for example_xcom to 2021-09-12 00:00:00+00:00
[2021-09-14 18:43:00,322] {processor.py:170} INFO - Processing /home/airflow/.local/lib/python3.8/site-packages/airflow/example_dags/example_xcom.py took 0.080 seconds
[2021-09-14 18:43:30,496] {processor.py:162} INFO - Started process (PID=1354) to work on /home/airflow/.local/lib/python3.8/site-packages/airflow/example_dags/example_xcom.py
[2021-09-14 18:43:30,497] {processor.py:613} INFO - Processing file /home/airflow/.local/lib/python3.8/site-packages/airflow/example_dags/example_xcom.py for tasks to queue
[2021-09-14 18:43:30,497] {logging_mixin.py:109} INFO - [2021-09-14 18:43:30,497] {dagbag.py:496} INFO - Filling up the DagBag from /home/airflow/.local/lib/python3.8/site-packages/airflow/example_dags/example_xcom.py
[2021-09-14 18:43:30,508] {processor.py:623} INFO - DAG(s) dict_keys(['example_xcom']) retrieved from /home/airflow/.local/lib/python3.8/site-packages/airflow/example_dags/example_xcom.py
[2021-09-14 18:43:30,527] {logging_mixin.py:109} INFO - [2021-09-14 18:43:30,527] {dag.py:1833} INFO - Sync 1 DAGs
[2021-09-14 18:43:30,554] {logging_mixin.py:109} INFO - [2021-09-14 18:43:30,554] {dag.py:2306} INFO - Setting next_dagrun for example_xcom to 2021-09-12 00:00:00+00:00
[2021-09-14 18:43:30,561] {processor.py:170} INFO - Processing /home/airflow/.local/lib/python3.8/site-packages/airflow/example_dags/example_xcom.py took 0.068 seconds
[2021-09-14 18:44:00,947] {processor.py:162} INFO - Started process (PID=1411) to work on /home/airflow/.local/lib/python3.8/site-packages/airflow/example_dags/example_xcom.py
[2021-09-14 18:44:00,949] {processor.py:613} INFO - Processing file /home/airflow/.local/lib/python3.8/site-packages/airflow/example_dags/example_xcom.py for tasks to queue
[2021-09-14 18:44:00,949] {logging_mixin.py:109} INFO - [2021-09-14 18:44:00,949] {dagbag.py:496} INFO - Filling up the DagBag from /home/airflow/.local/lib/python3.8/site-packages/airflow/example_dags/example_xcom.py
[2021-09-14 18:44:00,960] {processor.py:623} INFO - DAG(s) dict_keys(['example_xcom']) retrieved from /home/airflow/.local/lib/python3.8/site-packages/airflow/example_dags/example_xcom.py
[2021-09-14 18:44:00,977] {logging_mixin.py:109} INFO - [2021-09-14 18:44:00,977] {dag.py:1833} INFO - Sync 1 DAGs
[2021-09-14 18:44:00,997] {logging_mixin.py:109} INFO - [2021-09-14 18:44:00,997] {dag.py:2306} INFO - Setting next_dagrun for example_xcom to 2021-09-12 00:00:00+00:00
[2021-09-14 18:44:01,009] {processor.py:170} INFO - Processing /home/airflow/.local/lib/python3.8/site-packages/airflow/example_dags/example_xcom.py took 0.065 seconds
[2021-09-14 18:44:31,735] {processor.py:162} INFO - Started process (PID=1458) to work on /home/airflow/.local/lib/python3.8/site-packages/airflow/example_dags/example_xcom.py
[2021-09-14 18:44:31,738] {processor.py:613} INFO - Processing file /home/airflow/.local/lib/python3.8/site-packages/airflow/example_dags/example_xcom.py for tasks to queue
[2021-09-14 18:44:31,742] {logging_mixin.py:109} INFO - [2021-09-14 18:44:31,742] {dagbag.py:496} INFO - Filling up the DagBag from /home/airflow/.local/lib/python3.8/site-packages/airflow/example_dags/example_xcom.py
[2021-09-14 18:44:31,775] {processor.py:623} INFO - DAG(s) dict_keys(['example_xcom']) retrieved from /home/airflow/.local/lib/python3.8/site-packages/airflow/example_dags/example_xcom.py
[2021-09-14 18:44:31,803] {logging_mixin.py:109} INFO - [2021-09-14 18:44:31,803] {dag.py:1833} INFO - Sync 1 DAGs
[2021-09-14 18:44:31,822] {logging_mixin.py:109} INFO - [2021-09-14 18:44:31,821] {dag.py:2306} INFO - Setting next_dagrun for example_xcom to 2021-09-12 00:00:00+00:00
[2021-09-14 18:44:31,834] {processor.py:170} INFO - Processing /home/airflow/.local/lib/python3.8/site-packages/airflow/example_dags/example_xcom.py took 0.104 seconds
[2021-09-14 18:45:02,419] {processor.py:162} INFO - Started process (PID=1513) to work on /home/airflow/.local/lib/python3.8/site-packages/airflow/example_dags/example_xcom.py
[2021-09-14 18:45:02,420] {processor.py:613} INFO - Processing file /home/airflow/.local/lib/python3.8/site-packages/airflow/example_dags/example_xcom.py for tasks to queue
[2021-09-14 18:45:02,420] {logging_mixin.py:109} INFO - [2021-09-14 18:45:02,420] {dagbag.py:496} INFO - Filling up the DagBag from /home/airflow/.local/lib/python3.8/site-packages/airflow/example_dags/example_xcom.py
[2021-09-14 18:45:02,429] {processor.py:623} INFO - DAG(s) dict_keys(['example_xcom']) retrieved from /home/airflow/.local/lib/python3.8/site-packages/airflow/example_dags/example_xcom.py
[2021-09-14 18:45:02,443] {logging_mixin.py:109} INFO - [2021-09-14 18:45:02,443] {dag.py:1833} INFO - Sync 1 DAGs
[2021-09-14 18:45:02,453] {logging_mixin.py:109} INFO - [2021-09-14 18:45:02,453] {dag.py:2306} INFO - Setting next_dagrun for example_xcom to 2021-09-12 00:00:00+00:00
[2021-09-14 18:45:02,461] {processor.py:170} INFO - Processing /home/airflow/.local/lib/python3.8/site-packages/airflow/example_dags/example_xcom.py took 0.044 seconds
[2021-09-14 18:45:32,702] {processor.py:162} INFO - Started process (PID=1569) to work on /home/airflow/.local/lib/python3.8/site-packages/airflow/example_dags/example_xcom.py
[2021-09-14 18:45:32,703] {processor.py:613} INFO - Processing file /home/airflow/.local/lib/python3.8/site-packages/airflow/example_dags/example_xcom.py for tasks to queue
[2021-09-14 18:45:32,704] {logging_mixin.py:109} INFO - [2021-09-14 18:45:32,704] {dagbag.py:496} INFO - Filling up the DagBag from /home/airflow/.local/lib/python3.8/site-packages/airflow/example_dags/example_xcom.py
[2021-09-14 18:45:32,712] {processor.py:623} INFO - DAG(s) dict_keys(['example_xcom']) retrieved from /home/airflow/.local/lib/python3.8/site-packages/airflow/example_dags/example_xcom.py
[2021-09-14 18:45:32,727] {logging_mixin.py:109} INFO - [2021-09-14 18:45:32,727] {dag.py:1833} INFO - Sync 1 DAGs
[2021-09-14 18:45:32,736] {logging_mixin.py:109} INFO - [2021-09-14 18:45:32,736] {dag.py:2306} INFO - Setting next_dagrun for example_xcom to 2021-09-12 00:00:00+00:00
[2021-09-14 18:45:32,745] {processor.py:170} INFO - Processing /home/airflow/.local/lib/python3.8/site-packages/airflow/example_dags/example_xcom.py took 0.045 seconds
[2021-09-14 18:46:02,948] {processor.py:162} INFO - Started process (PID=1616) to work on /home/airflow/.local/lib/python3.8/site-packages/airflow/example_dags/example_xcom.py
[2021-09-14 18:46:02,949] {processor.py:613} INFO - Processing file /home/airflow/.local/lib/python3.8/site-packages/airflow/example_dags/example_xcom.py for tasks to queue
[2021-09-14 18:46:02,950] {logging_mixin.py:109} INFO - [2021-09-14 18:46:02,949] {dagbag.py:496} INFO - Filling up the DagBag from /home/airflow/.local/lib/python3.8/site-packages/airflow/example_dags/example_xcom.py
[2021-09-14 18:46:02,961] {processor.py:623} INFO - DAG(s) dict_keys(['example_xcom']) retrieved from /home/airflow/.local/lib/python3.8/site-packages/airflow/example_dags/example_xcom.py
[2021-09-14 18:46:02,979] {logging_mixin.py:109} INFO - [2021-09-14 18:46:02,979] {dag.py:1833} INFO - Sync 1 DAGs
[2021-09-14 18:46:02,994] {logging_mixin.py:109} INFO - [2021-09-14 18:46:02,994] {dag.py:2306} INFO - Setting next_dagrun for example_xcom to 2021-09-12 00:00:00+00:00
[2021-09-14 18:46:03,002] {processor.py:170} INFO - Processing /home/airflow/.local/lib/python3.8/site-packages/airflow/example_dags/example_xcom.py took 0.058 seconds
[2021-09-14 18:46:33,945] {processor.py:162} INFO - Started process (PID=1671) to work on /home/airflow/.local/lib/python3.8/site-packages/airflow/example_dags/example_xcom.py
[2021-09-14 18:46:33,946] {processor.py:613} INFO - Processing file /home/airflow/.local/lib/python3.8/site-packages/airflow/example_dags/example_xcom.py for tasks to queue
[2021-09-14 18:46:33,947] {logging_mixin.py:109} INFO - [2021-09-14 18:46:33,947] {dagbag.py:496} INFO - Filling up the DagBag from /home/airflow/.local/lib/python3.8/site-packages/airflow/example_dags/example_xcom.py
[2021-09-14 18:46:33,956] {processor.py:623} INFO - DAG(s) dict_keys(['example_xcom']) retrieved from /home/airflow/.local/lib/python3.8/site-packages/airflow/example_dags/example_xcom.py
[2021-09-14 18:46:33,974] {logging_mixin.py:109} INFO - [2021-09-14 18:46:33,974] {dag.py:1833} INFO - Sync 1 DAGs
[2021-09-14 18:46:33,984] {logging_mixin.py:109} INFO - [2021-09-14 18:46:33,984] {dag.py:2306} INFO - Setting next_dagrun for example_xcom to 2021-09-12 00:00:00+00:00
[2021-09-14 18:46:33,991] {processor.py:170} INFO - Processing /home/airflow/.local/lib/python3.8/site-packages/airflow/example_dags/example_xcom.py took 0.048 seconds
[2021-09-14 18:47:04,387] {processor.py:162} INFO - Started process (PID=1718) to work on /home/airflow/.local/lib/python3.8/site-packages/airflow/example_dags/example_xcom.py
[2021-09-14 18:47:04,388] {processor.py:613} INFO - Processing file /home/airflow/.local/lib/python3.8/site-packages/airflow/example_dags/example_xcom.py for tasks to queue
[2021-09-14 18:47:04,389] {logging_mixin.py:109} INFO - [2021-09-14 18:47:04,389] {dagbag.py:496} INFO - Filling up the DagBag from /home/airflow/.local/lib/python3.8/site-packages/airflow/example_dags/example_xcom.py
[2021-09-14 18:47:04,398] {processor.py:623} INFO - DAG(s) dict_keys(['example_xcom']) retrieved from /home/airflow/.local/lib/python3.8/site-packages/airflow/example_dags/example_xcom.py
[2021-09-14 18:47:04,415] {logging_mixin.py:109} INFO - [2021-09-14 18:47:04,415] {dag.py:1833} INFO - Sync 1 DAGs
[2021-09-14 18:47:04,425] {logging_mixin.py:109} INFO - [2021-09-14 18:47:04,425] {dag.py:2306} INFO - Setting next_dagrun for example_xcom to 2021-09-12 00:00:00+00:00
[2021-09-14 18:47:04,434] {processor.py:170} INFO - Processing /home/airflow/.local/lib/python3.8/site-packages/airflow/example_dags/example_xcom.py took 0.050 seconds
[2021-09-14 18:47:34,945] {processor.py:162} INFO - Started process (PID=1774) to work on /home/airflow/.local/lib/python3.8/site-packages/airflow/example_dags/example_xcom.py
[2021-09-14 18:47:34,946] {processor.py:613} INFO - Processing file /home/airflow/.local/lib/python3.8/site-packages/airflow/example_dags/example_xcom.py for tasks to queue
[2021-09-14 18:47:34,947] {logging_mixin.py:109} INFO - [2021-09-14 18:47:34,947] {dagbag.py:496} INFO - Filling up the DagBag from /home/airflow/.local/lib/python3.8/site-packages/airflow/example_dags/example_xcom.py
[2021-09-14 18:47:34,958] {processor.py:623} INFO - DAG(s) dict_keys(['example_xcom']) retrieved from /home/airflow/.local/lib/python3.8/site-packages/airflow/example_dags/example_xcom.py
[2021-09-14 18:47:34,979] {logging_mixin.py:109} INFO - [2021-09-14 18:47:34,979] {dag.py:1833} INFO - Sync 1 DAGs
[2021-09-14 18:47:34,993] {logging_mixin.py:109} INFO - [2021-09-14 18:47:34,993] {dag.py:2306} INFO - Setting next_dagrun for example_xcom to 2021-09-12 00:00:00+00:00
[2021-09-14 18:47:35,001] {processor.py:170} INFO - Processing /home/airflow/.local/lib/python3.8/site-packages/airflow/example_dags/example_xcom.py took 0.059 seconds
[2021-09-14 18:48:05,405] {processor.py:162} INFO - Started process (PID=1831) to work on /home/airflow/.local/lib/python3.8/site-packages/airflow/example_dags/example_xcom.py
[2021-09-14 18:48:05,407] {processor.py:613} INFO - Processing file /home/airflow/.local/lib/python3.8/site-packages/airflow/example_dags/example_xcom.py for tasks to queue
[2021-09-14 18:48:05,407] {logging_mixin.py:109} INFO - [2021-09-14 18:48:05,407] {dagbag.py:496} INFO - Filling up the DagBag from /home/airflow/.local/lib/python3.8/site-packages/airflow/example_dags/example_xcom.py
[2021-09-14 18:48:05,421] {processor.py:623} INFO - DAG(s) dict_keys(['example_xcom']) retrieved from /home/airflow/.local/lib/python3.8/site-packages/airflow/example_dags/example_xcom.py
[2021-09-14 18:48:05,451] {logging_mixin.py:109} INFO - [2021-09-14 18:48:05,451] {dag.py:1833} INFO - Sync 1 DAGs
[2021-09-14 18:48:05,471] {logging_mixin.py:109} INFO - [2021-09-14 18:48:05,471] {dag.py:2306} INFO - Setting next_dagrun for example_xcom to 2021-09-12 00:00:00+00:00
[2021-09-14 18:48:05,488] {processor.py:170} INFO - Processing /home/airflow/.local/lib/python3.8/site-packages/airflow/example_dags/example_xcom.py took 0.087 seconds
[2021-09-14 18:48:35,789] {processor.py:162} INFO - Started process (PID=1879) to work on /home/airflow/.local/lib/python3.8/site-packages/airflow/example_dags/example_xcom.py
[2021-09-14 18:48:35,796] {processor.py:613} INFO - Processing file /home/airflow/.local/lib/python3.8/site-packages/airflow/example_dags/example_xcom.py for tasks to queue
[2021-09-14 18:48:35,841] {logging_mixin.py:109} INFO - [2021-09-14 18:48:35,841] {dagbag.py:496} INFO - Filling up the DagBag from /home/airflow/.local/lib/python3.8/site-packages/airflow/example_dags/example_xcom.py
[2021-09-14 18:48:35,854] {processor.py:623} INFO - DAG(s) dict_keys(['example_xcom']) retrieved from /home/airflow/.local/lib/python3.8/site-packages/airflow/example_dags/example_xcom.py
[2021-09-14 18:48:35,875] {logging_mixin.py:109} INFO - [2021-09-14 18:48:35,875] {dag.py:1833} INFO - Sync 1 DAGs
[2021-09-14 18:48:35,888] {logging_mixin.py:109} INFO - [2021-09-14 18:48:35,888] {dag.py:2306} INFO - Setting next_dagrun for example_xcom to 2021-09-12 00:00:00+00:00
[2021-09-14 18:48:35,897] {processor.py:170} INFO - Processing /home/airflow/.local/lib/python3.8/site-packages/airflow/example_dags/example_xcom.py took 0.110 seconds
[2021-09-14 18:49:09,321] {processor.py:162} INFO - Started process (PID=1936) to work on /home/airflow/.local/lib/python3.8/site-packages/airflow/example_dags/example_xcom.py
[2021-09-14 18:49:09,322] {processor.py:613} INFO - Processing file /home/airflow/.local/lib/python3.8/site-packages/airflow/example_dags/example_xcom.py for tasks to queue
[2021-09-14 18:49:09,323] {logging_mixin.py:109} INFO - [2021-09-14 18:49:09,323] {dagbag.py:496} INFO - Filling up the DagBag from /home/airflow/.local/lib/python3.8/site-packages/airflow/example_dags/example_xcom.py
[2021-09-14 18:49:09,339] {processor.py:623} INFO - DAG(s) dict_keys(['example_xcom']) retrieved from /home/airflow/.local/lib/python3.8/site-packages/airflow/example_dags/example_xcom.py
[2021-09-14 18:49:09,370] {logging_mixin.py:109} INFO - [2021-09-14 18:49:09,370] {dag.py:1833} INFO - Sync 1 DAGs
[2021-09-14 18:49:09,379] {logging_mixin.py:109} INFO - [2021-09-14 18:49:09,379] {dag.py:2306} INFO - Setting next_dagrun for example_xcom to 2021-09-12 00:00:00+00:00
[2021-09-14 18:49:09,387] {processor.py:170} INFO - Processing /home/airflow/.local/lib/python3.8/site-packages/airflow/example_dags/example_xcom.py took 0.070 seconds
[2021-09-14 18:49:39,910] {processor.py:162} INFO - Started process (PID=1991) to work on /home/airflow/.local/lib/python3.8/site-packages/airflow/example_dags/example_xcom.py
[2021-09-14 18:49:39,911] {processor.py:613} INFO - Processing file /home/airflow/.local/lib/python3.8/site-packages/airflow/example_dags/example_xcom.py for tasks to queue
[2021-09-14 18:49:39,912] {logging_mixin.py:109} INFO - [2021-09-14 18:49:39,912] {dagbag.py:496} INFO - Filling up the DagBag from /home/airflow/.local/lib/python3.8/site-packages/airflow/example_dags/example_xcom.py
[2021-09-14 18:49:39,922] {processor.py:623} INFO - DAG(s) dict_keys(['example_xcom']) retrieved from /home/airflow/.local/lib/python3.8/site-packages/airflow/example_dags/example_xcom.py
[2021-09-14 18:49:39,941] {logging_mixin.py:109} INFO - [2021-09-14 18:49:39,941] {dag.py:1833} INFO - Sync 1 DAGs
[2021-09-14 18:49:39,957] {logging_mixin.py:109} INFO - [2021-09-14 18:49:39,957] {dag.py:2306} INFO - Setting next_dagrun for example_xcom to 2021-09-12 00:00:00+00:00
[2021-09-14 18:49:39,966] {processor.py:170} INFO - Processing /home/airflow/.local/lib/python3.8/site-packages/airflow/example_dags/example_xcom.py took 0.059 seconds
[2021-09-14 18:50:10,225] {processor.py:162} INFO - Started process (PID=2038) to work on /home/airflow/.local/lib/python3.8/site-packages/airflow/example_dags/example_xcom.py
[2021-09-14 18:50:10,226] {processor.py:613} INFO - Processing file /home/airflow/.local/lib/python3.8/site-packages/airflow/example_dags/example_xcom.py for tasks to queue
[2021-09-14 18:50:10,227] {logging_mixin.py:109} INFO - [2021-09-14 18:50:10,227] {dagbag.py:496} INFO - Filling up the DagBag from /home/airflow/.local/lib/python3.8/site-packages/airflow/example_dags/example_xcom.py
[2021-09-14 18:50:10,239] {processor.py:623} INFO - DAG(s) dict_keys(['example_xcom']) retrieved from /home/airflow/.local/lib/python3.8/site-packages/airflow/example_dags/example_xcom.py
[2021-09-14 18:50:10,257] {logging_mixin.py:109} INFO - [2021-09-14 18:50:10,257] {dag.py:1833} INFO - Sync 1 DAGs
[2021-09-14 18:50:10,271] {logging_mixin.py:109} INFO - [2021-09-14 18:50:10,271] {dag.py:2306} INFO - Setting next_dagrun for example_xcom to 2021-09-12 00:00:00+00:00
[2021-09-14 18:50:10,278] {processor.py:170} INFO - Processing /home/airflow/.local/lib/python3.8/site-packages/airflow/example_dags/example_xcom.py took 0.057 seconds
[2021-09-14 18:50:40,563] {processor.py:162} INFO - Started process (PID=2095) to work on /home/airflow/.local/lib/python3.8/site-packages/airflow/example_dags/example_xcom.py
[2021-09-14 18:50:40,565] {processor.py:613} INFO - Processing file /home/airflow/.local/lib/python3.8/site-packages/airflow/example_dags/example_xcom.py for tasks to queue
[2021-09-14 18:50:40,565] {logging_mixin.py:109} INFO - [2021-09-14 18:50:40,565] {dagbag.py:496} INFO - Filling up the DagBag from /home/airflow/.local/lib/python3.8/site-packages/airflow/example_dags/example_xcom.py
[2021-09-14 18:50:40,580] {processor.py:623} INFO - DAG(s) dict_keys(['example_xcom']) retrieved from /home/airflow/.local/lib/python3.8/site-packages/airflow/example_dags/example_xcom.py
[2021-09-14 18:50:40,610] {logging_mixin.py:109} INFO - [2021-09-14 18:50:40,609] {dag.py:1833} INFO - Sync 1 DAGs
[2021-09-14 18:50:40,634] {logging_mixin.py:109} INFO - [2021-09-14 18:50:40,634] {dag.py:2306} INFO - Setting next_dagrun for example_xcom to 2021-09-12 00:00:00+00:00
[2021-09-14 18:50:40,645] {processor.py:170} INFO - Processing /home/airflow/.local/lib/python3.8/site-packages/airflow/example_dags/example_xcom.py took 0.085 seconds
[2021-09-14 18:51:11,449] {processor.py:162} INFO - Started process (PID=2144) to work on /home/airflow/.local/lib/python3.8/site-packages/airflow/example_dags/example_xcom.py
[2021-09-14 18:51:11,450] {processor.py:613} INFO - Processing file /home/airflow/.local/lib/python3.8/site-packages/airflow/example_dags/example_xcom.py for tasks to queue
[2021-09-14 18:51:11,452] {logging_mixin.py:109} INFO - [2021-09-14 18:51:11,451] {dagbag.py:496} INFO - Filling up the DagBag from /home/airflow/.local/lib/python3.8/site-packages/airflow/example_dags/example_xcom.py
[2021-09-14 18:51:11,463] {processor.py:623} INFO - DAG(s) dict_keys(['example_xcom']) retrieved from /home/airflow/.local/lib/python3.8/site-packages/airflow/example_dags/example_xcom.py
[2021-09-14 18:51:11,482] {logging_mixin.py:109} INFO - [2021-09-14 18:51:11,482] {dag.py:1833} INFO - Sync 1 DAGs
[2021-09-14 18:51:11,564] {logging_mixin.py:109} INFO - [2021-09-14 18:51:11,564] {dag.py:2306} INFO - Setting next_dagrun for example_xcom to 2021-09-12 00:00:00+00:00
[2021-09-14 18:51:11,591] {processor.py:170} INFO - Processing /home/airflow/.local/lib/python3.8/site-packages/airflow/example_dags/example_xcom.py took 0.146 seconds
[2021-09-14 18:51:42,093] {processor.py:162} INFO - Started process (PID=2205) to work on /home/airflow/.local/lib/python3.8/site-packages/airflow/example_dags/example_xcom.py
[2021-09-14 18:51:42,102] {processor.py:613} INFO - Processing file /home/airflow/.local/lib/python3.8/site-packages/airflow/example_dags/example_xcom.py for tasks to queue
[2021-09-14 18:51:42,106] {logging_mixin.py:109} INFO - [2021-09-14 18:51:42,106] {dagbag.py:496} INFO - Filling up the DagBag from /home/airflow/.local/lib/python3.8/site-packages/airflow/example_dags/example_xcom.py
[2021-09-14 18:51:42,160] {processor.py:623} INFO - DAG(s) dict_keys(['example_xcom']) retrieved from /home/airflow/.local/lib/python3.8/site-packages/airflow/example_dags/example_xcom.py
[2021-09-14 18:51:42,234] {logging_mixin.py:109} INFO - [2021-09-14 18:51:42,234] {dag.py:1833} INFO - Sync 1 DAGs
[2021-09-14 18:51:42,274] {logging_mixin.py:109} INFO - [2021-09-14 18:51:42,274] {dag.py:2306} INFO - Setting next_dagrun for example_xcom to 2021-09-12 00:00:00+00:00
[2021-09-14 18:51:42,351] {processor.py:170} INFO - Processing /home/airflow/.local/lib/python3.8/site-packages/airflow/example_dags/example_xcom.py took 0.261 seconds
[2021-09-14 18:52:12,518] {processor.py:162} INFO - Started process (PID=2254) to work on /home/airflow/.local/lib/python3.8/site-packages/airflow/example_dags/example_xcom.py
[2021-09-14 18:52:12,519] {processor.py:613} INFO - Processing file /home/airflow/.local/lib/python3.8/site-packages/airflow/example_dags/example_xcom.py for tasks to queue
[2021-09-14 18:52:12,520] {logging_mixin.py:109} INFO - [2021-09-14 18:52:12,520] {dagbag.py:496} INFO - Filling up the DagBag from /home/airflow/.local/lib/python3.8/site-packages/airflow/example_dags/example_xcom.py
[2021-09-14 18:52:12,528] {processor.py:623} INFO - DAG(s) dict_keys(['example_xcom']) retrieved from /home/airflow/.local/lib/python3.8/site-packages/airflow/example_dags/example_xcom.py
[2021-09-14 18:52:12,576] {logging_mixin.py:109} INFO - [2021-09-14 18:52:12,576] {dag.py:1833} INFO - Sync 1 DAGs
[2021-09-14 18:52:12,585] {logging_mixin.py:109} INFO - [2021-09-14 18:52:12,585] {dag.py:2306} INFO - Setting next_dagrun for example_xcom to 2021-09-12 00:00:00+00:00
[2021-09-14 18:52:12,591] {processor.py:170} INFO - Processing /home/airflow/.local/lib/python3.8/site-packages/airflow/example_dags/example_xcom.py took 0.076 seconds
[2021-09-14 18:52:42,837] {processor.py:162} INFO - Started process (PID=2311) to work on /home/airflow/.local/lib/python3.8/site-packages/airflow/example_dags/example_xcom.py
[2021-09-14 18:52:42,838] {processor.py:613} INFO - Processing file /home/airflow/.local/lib/python3.8/site-packages/airflow/example_dags/example_xcom.py for tasks to queue
[2021-09-14 18:52:42,839] {logging_mixin.py:109} INFO - [2021-09-14 18:52:42,839] {dagbag.py:496} INFO - Filling up the DagBag from /home/airflow/.local/lib/python3.8/site-packages/airflow/example_dags/example_xcom.py
[2021-09-14 18:52:42,850] {processor.py:623} INFO - DAG(s) dict_keys(['example_xcom']) retrieved from /home/airflow/.local/lib/python3.8/site-packages/airflow/example_dags/example_xcom.py
[2021-09-14 18:52:42,871] {logging_mixin.py:109} INFO - [2021-09-14 18:52:42,871] {dag.py:1833} INFO - Sync 1 DAGs
[2021-09-14 18:52:42,883] {logging_mixin.py:109} INFO - [2021-09-14 18:52:42,882] {dag.py:2306} INFO - Setting next_dagrun for example_xcom to 2021-09-12 00:00:00+00:00
[2021-09-14 18:52:42,890] {processor.py:170} INFO - Processing /home/airflow/.local/lib/python3.8/site-packages/airflow/example_dags/example_xcom.py took 0.056 seconds
[2021-09-14 18:53:13,126] {processor.py:162} INFO - Started process (PID=2366) to work on /home/airflow/.local/lib/python3.8/site-packages/airflow/example_dags/example_xcom.py
[2021-09-14 18:53:13,127] {processor.py:613} INFO - Processing file /home/airflow/.local/lib/python3.8/site-packages/airflow/example_dags/example_xcom.py for tasks to queue
[2021-09-14 18:53:13,128] {logging_mixin.py:109} INFO - [2021-09-14 18:53:13,128] {dagbag.py:496} INFO - Filling up the DagBag from /home/airflow/.local/lib/python3.8/site-packages/airflow/example_dags/example_xcom.py
[2021-09-14 18:53:13,141] {processor.py:623} INFO - DAG(s) dict_keys(['example_xcom']) retrieved from /home/airflow/.local/lib/python3.8/site-packages/airflow/example_dags/example_xcom.py
[2021-09-14 18:53:13,164] {logging_mixin.py:109} INFO - [2021-09-14 18:53:13,164] {dag.py:1833} INFO - Sync 1 DAGs
[2021-09-14 18:53:13,181] {logging_mixin.py:109} INFO - [2021-09-14 18:53:13,181] {dag.py:2306} INFO - Setting next_dagrun for example_xcom to 2021-09-12 00:00:00+00:00
[2021-09-14 18:53:13,203] {processor.py:170} INFO - Processing /home/airflow/.local/lib/python3.8/site-packages/airflow/example_dags/example_xcom.py took 0.082 seconds
[2021-09-14 18:53:43,587] {processor.py:162} INFO - Started process (PID=2414) to work on /home/airflow/.local/lib/python3.8/site-packages/airflow/example_dags/example_xcom.py
[2021-09-14 18:53:43,589] {processor.py:613} INFO - Processing file /home/airflow/.local/lib/python3.8/site-packages/airflow/example_dags/example_xcom.py for tasks to queue
[2021-09-14 18:53:43,590] {logging_mixin.py:109} INFO - [2021-09-14 18:53:43,590] {dagbag.py:496} INFO - Filling up the DagBag from /home/airflow/.local/lib/python3.8/site-packages/airflow/example_dags/example_xcom.py
[2021-09-14 18:53:43,601] {processor.py:623} INFO - DAG(s) dict_keys(['example_xcom']) retrieved from /home/airflow/.local/lib/python3.8/site-packages/airflow/example_dags/example_xcom.py
[2021-09-14 18:53:43,622] {logging_mixin.py:109} INFO - [2021-09-14 18:53:43,621] {dag.py:1833} INFO - Sync 1 DAGs
[2021-09-14 18:53:43,634] {logging_mixin.py:109} INFO - [2021-09-14 18:53:43,634] {dag.py:2306} INFO - Setting next_dagrun for example_xcom to 2021-09-12 00:00:00+00:00
[2021-09-14 18:53:43,642] {processor.py:170} INFO - Processing /home/airflow/.local/lib/python3.8/site-packages/airflow/example_dags/example_xcom.py took 0.057 seconds
[2021-09-14 18:54:13,902] {processor.py:162} INFO - Started process (PID=2470) to work on /home/airflow/.local/lib/python3.8/site-packages/airflow/example_dags/example_xcom.py
[2021-09-14 18:54:13,904] {processor.py:613} INFO - Processing file /home/airflow/.local/lib/python3.8/site-packages/airflow/example_dags/example_xcom.py for tasks to queue
[2021-09-14 18:54:13,905] {logging_mixin.py:109} INFO - [2021-09-14 18:54:13,905] {dagbag.py:496} INFO - Filling up the DagBag from /home/airflow/.local/lib/python3.8/site-packages/airflow/example_dags/example_xcom.py
[2021-09-14 18:54:13,933] {processor.py:623} INFO - DAG(s) dict_keys(['example_xcom']) retrieved from /home/airflow/.local/lib/python3.8/site-packages/airflow/example_dags/example_xcom.py
[2021-09-14 18:54:13,969] {logging_mixin.py:109} INFO - [2021-09-14 18:54:13,969] {dag.py:1833} INFO - Sync 1 DAGs
[2021-09-14 18:54:13,988] {logging_mixin.py:109} INFO - [2021-09-14 18:54:13,988] {dag.py:2306} INFO - Setting next_dagrun for example_xcom to 2021-09-12 00:00:00+00:00
[2021-09-14 18:54:14,060] {processor.py:170} INFO - Processing /home/airflow/.local/lib/python3.8/site-packages/airflow/example_dags/example_xcom.py took 0.161 seconds
[2021-09-14 18:54:44,238] {processor.py:162} INFO - Started process (PID=2517) to work on /home/airflow/.local/lib/python3.8/site-packages/airflow/example_dags/example_xcom.py
[2021-09-14 18:54:44,239] {processor.py:613} INFO - Processing file /home/airflow/.local/lib/python3.8/site-packages/airflow/example_dags/example_xcom.py for tasks to queue
[2021-09-14 18:54:44,239] {logging_mixin.py:109} INFO - [2021-09-14 18:54:44,239] {dagbag.py:496} INFO - Filling up the DagBag from /home/airflow/.local/lib/python3.8/site-packages/airflow/example_dags/example_xcom.py
[2021-09-14 18:54:44,250] {processor.py:623} INFO - DAG(s) dict_keys(['example_xcom']) retrieved from /home/airflow/.local/lib/python3.8/site-packages/airflow/example_dags/example_xcom.py
[2021-09-14 18:54:44,269] {logging_mixin.py:109} INFO - [2021-09-14 18:54:44,269] {dag.py:1833} INFO - Sync 1 DAGs
[2021-09-14 18:54:44,280] {logging_mixin.py:109} INFO - [2021-09-14 18:54:44,280] {dag.py:2306} INFO - Setting next_dagrun for example_xcom to 2021-09-12 00:00:00+00:00
[2021-09-14 18:54:44,379] {processor.py:170} INFO - Processing /home/airflow/.local/lib/python3.8/site-packages/airflow/example_dags/example_xcom.py took 0.144 seconds
[2021-09-14 18:55:14,863] {processor.py:162} INFO - Started process (PID=2572) to work on /home/airflow/.local/lib/python3.8/site-packages/airflow/example_dags/example_xcom.py
[2021-09-14 18:55:14,864] {processor.py:613} INFO - Processing file /home/airflow/.local/lib/python3.8/site-packages/airflow/example_dags/example_xcom.py for tasks to queue
[2021-09-14 18:55:14,865] {logging_mixin.py:109} INFO - [2021-09-14 18:55:14,865] {dagbag.py:496} INFO - Filling up the DagBag from /home/airflow/.local/lib/python3.8/site-packages/airflow/example_dags/example_xcom.py
[2021-09-14 18:55:14,876] {processor.py:623} INFO - DAG(s) dict_keys(['example_xcom']) retrieved from /home/airflow/.local/lib/python3.8/site-packages/airflow/example_dags/example_xcom.py
[2021-09-14 18:55:14,892] {logging_mixin.py:109} INFO - [2021-09-14 18:55:14,892] {dag.py:1833} INFO - Sync 1 DAGs
[2021-09-14 18:55:14,902] {logging_mixin.py:109} INFO - [2021-09-14 18:55:14,902] {dag.py:2306} INFO - Setting next_dagrun for example_xcom to 2021-09-12 00:00:00+00:00
[2021-09-14 18:55:14,914] {processor.py:170} INFO - Processing /home/airflow/.local/lib/python3.8/site-packages/airflow/example_dags/example_xcom.py took 0.055 seconds
[2021-09-14 18:55:45,540] {processor.py:162} INFO - Started process (PID=2627) to work on /home/airflow/.local/lib/python3.8/site-packages/airflow/example_dags/example_xcom.py
[2021-09-14 18:55:45,541] {processor.py:613} INFO - Processing file /home/airflow/.local/lib/python3.8/site-packages/airflow/example_dags/example_xcom.py for tasks to queue
[2021-09-14 18:55:45,542] {logging_mixin.py:109} INFO - [2021-09-14 18:55:45,542] {dagbag.py:496} INFO - Filling up the DagBag from /home/airflow/.local/lib/python3.8/site-packages/airflow/example_dags/example_xcom.py
[2021-09-14 18:55:45,556] {processor.py:623} INFO - DAG(s) dict_keys(['example_xcom']) retrieved from /home/airflow/.local/lib/python3.8/site-packages/airflow/example_dags/example_xcom.py
[2021-09-14 18:55:45,578] {logging_mixin.py:109} INFO - [2021-09-14 18:55:45,578] {dag.py:1833} INFO - Sync 1 DAGs
[2021-09-14 18:55:45,606] {logging_mixin.py:109} INFO - [2021-09-14 18:55:45,606] {dag.py:2306} INFO - Setting next_dagrun for example_xcom to 2021-09-12 00:00:00+00:00
[2021-09-14 18:55:45,619] {processor.py:170} INFO - Processing /home/airflow/.local/lib/python3.8/site-packages/airflow/example_dags/example_xcom.py took 0.082 seconds
[2021-09-14 18:56:15,942] {processor.py:162} INFO - Started process (PID=2675) to work on /home/airflow/.local/lib/python3.8/site-packages/airflow/example_dags/example_xcom.py
[2021-09-14 18:56:15,943] {processor.py:613} INFO - Processing file /home/airflow/.local/lib/python3.8/site-packages/airflow/example_dags/example_xcom.py for tasks to queue
[2021-09-14 18:56:15,944] {logging_mixin.py:109} INFO - [2021-09-14 18:56:15,944] {dagbag.py:496} INFO - Filling up the DagBag from /home/airflow/.local/lib/python3.8/site-packages/airflow/example_dags/example_xcom.py
[2021-09-14 18:56:15,957] {processor.py:623} INFO - DAG(s) dict_keys(['example_xcom']) retrieved from /home/airflow/.local/lib/python3.8/site-packages/airflow/example_dags/example_xcom.py
[2021-09-14 18:56:15,981] {logging_mixin.py:109} INFO - [2021-09-14 18:56:15,981] {dag.py:1833} INFO - Sync 1 DAGs
[2021-09-14 18:56:15,995] {logging_mixin.py:109} INFO - [2021-09-14 18:56:15,995] {dag.py:2306} INFO - Setting next_dagrun for example_xcom to 2021-09-12 00:00:00+00:00
[2021-09-14 18:56:16,009] {processor.py:170} INFO - Processing /home/airflow/.local/lib/python3.8/site-packages/airflow/example_dags/example_xcom.py took 0.070 seconds
[2021-09-14 18:56:46,342] {processor.py:162} INFO - Started process (PID=2732) to work on /home/airflow/.local/lib/python3.8/site-packages/airflow/example_dags/example_xcom.py
[2021-09-14 18:56:46,343] {processor.py:613} INFO - Processing file /home/airflow/.local/lib/python3.8/site-packages/airflow/example_dags/example_xcom.py for tasks to queue
[2021-09-14 18:56:46,343] {logging_mixin.py:109} INFO - [2021-09-14 18:56:46,343] {dagbag.py:496} INFO - Filling up the DagBag from /home/airflow/.local/lib/python3.8/site-packages/airflow/example_dags/example_xcom.py
[2021-09-14 18:56:46,352] {processor.py:623} INFO - DAG(s) dict_keys(['example_xcom']) retrieved from /home/airflow/.local/lib/python3.8/site-packages/airflow/example_dags/example_xcom.py
[2021-09-14 18:56:46,369] {logging_mixin.py:109} INFO - [2021-09-14 18:56:46,369] {dag.py:1833} INFO - Sync 1 DAGs
[2021-09-14 18:56:46,378] {logging_mixin.py:109} INFO - [2021-09-14 18:56:46,378] {dag.py:2306} INFO - Setting next_dagrun for example_xcom to 2021-09-12 00:00:00+00:00
[2021-09-14 18:56:46,390] {processor.py:170} INFO - Processing /home/airflow/.local/lib/python3.8/site-packages/airflow/example_dags/example_xcom.py took 0.051 seconds
[2021-09-14 18:57:17,006] {processor.py:162} INFO - Started process (PID=2780) to work on /home/airflow/.local/lib/python3.8/site-packages/airflow/example_dags/example_xcom.py
[2021-09-14 18:57:17,007] {processor.py:613} INFO - Processing file /home/airflow/.local/lib/python3.8/site-packages/airflow/example_dags/example_xcom.py for tasks to queue
[2021-09-14 18:57:17,008] {logging_mixin.py:109} INFO - [2021-09-14 18:57:17,008] {dagbag.py:496} INFO - Filling up the DagBag from /home/airflow/.local/lib/python3.8/site-packages/airflow/example_dags/example_xcom.py
[2021-09-14 18:57:17,016] {processor.py:623} INFO - DAG(s) dict_keys(['example_xcom']) retrieved from /home/airflow/.local/lib/python3.8/site-packages/airflow/example_dags/example_xcom.py
[2021-09-14 18:57:17,031] {logging_mixin.py:109} INFO - [2021-09-14 18:57:17,031] {dag.py:1833} INFO - Sync 1 DAGs
[2021-09-14 18:57:17,040] {logging_mixin.py:109} INFO - [2021-09-14 18:57:17,040] {dag.py:2306} INFO - Setting next_dagrun for example_xcom to 2021-09-12 00:00:00+00:00
[2021-09-14 18:57:17,050] {processor.py:170} INFO - Processing /home/airflow/.local/lib/python3.8/site-packages/airflow/example_dags/example_xcom.py took 0.046 seconds
[2021-09-14 18:57:47,935] {processor.py:162} INFO - Started process (PID=2835) to work on /home/airflow/.local/lib/python3.8/site-packages/airflow/example_dags/example_xcom.py
[2021-09-14 18:57:47,936] {processor.py:613} INFO - Processing file /home/airflow/.local/lib/python3.8/site-packages/airflow/example_dags/example_xcom.py for tasks to queue
[2021-09-14 18:57:47,937] {logging_mixin.py:109} INFO - [2021-09-14 18:57:47,937] {dagbag.py:496} INFO - Filling up the DagBag from /home/airflow/.local/lib/python3.8/site-packages/airflow/example_dags/example_xcom.py
[2021-09-14 18:57:47,946] {processor.py:623} INFO - DAG(s) dict_keys(['example_xcom']) retrieved from /home/airflow/.local/lib/python3.8/site-packages/airflow/example_dags/example_xcom.py
[2021-09-14 18:57:47,965] {logging_mixin.py:109} INFO - [2021-09-14 18:57:47,965] {dag.py:1833} INFO - Sync 1 DAGs
[2021-09-14 18:57:47,982] {logging_mixin.py:109} INFO - [2021-09-14 18:57:47,981] {dag.py:2306} INFO - Setting next_dagrun for example_xcom to 2021-09-12 00:00:00+00:00
[2021-09-14 18:57:47,996] {processor.py:170} INFO - Processing /home/airflow/.local/lib/python3.8/site-packages/airflow/example_dags/example_xcom.py took 0.064 seconds
[2021-09-14 18:58:18,875] {processor.py:162} INFO - Started process (PID=2891) to work on /home/airflow/.local/lib/python3.8/site-packages/airflow/example_dags/example_xcom.py
[2021-09-14 18:58:18,878] {processor.py:613} INFO - Processing file /home/airflow/.local/lib/python3.8/site-packages/airflow/example_dags/example_xcom.py for tasks to queue
[2021-09-14 18:58:18,882] {logging_mixin.py:109} INFO - [2021-09-14 18:58:18,882] {dagbag.py:496} INFO - Filling up the DagBag from /home/airflow/.local/lib/python3.8/site-packages/airflow/example_dags/example_xcom.py
[2021-09-14 18:58:18,911] {processor.py:623} INFO - DAG(s) dict_keys(['example_xcom']) retrieved from /home/airflow/.local/lib/python3.8/site-packages/airflow/example_dags/example_xcom.py
[2021-09-14 18:58:18,974] {logging_mixin.py:109} INFO - [2021-09-14 18:58:18,974] {dag.py:1833} INFO - Sync 1 DAGs
[2021-09-14 18:58:19,001] {logging_mixin.py:109} INFO - [2021-09-14 18:58:19,001] {dag.py:2306} INFO - Setting next_dagrun for example_xcom to 2021-09-12 00:00:00+00:00
[2021-09-14 18:58:19,020] {processor.py:170} INFO - Processing /home/airflow/.local/lib/python3.8/site-packages/airflow/example_dags/example_xcom.py took 0.152 seconds
[2021-09-14 18:58:49,353] {processor.py:162} INFO - Started process (PID=2940) to work on /home/airflow/.local/lib/python3.8/site-packages/airflow/example_dags/example_xcom.py
[2021-09-14 18:58:49,355] {processor.py:613} INFO - Processing file /home/airflow/.local/lib/python3.8/site-packages/airflow/example_dags/example_xcom.py for tasks to queue
[2021-09-14 18:58:49,355] {logging_mixin.py:109} INFO - [2021-09-14 18:58:49,355] {dagbag.py:496} INFO - Filling up the DagBag from /home/airflow/.local/lib/python3.8/site-packages/airflow/example_dags/example_xcom.py
[2021-09-14 18:58:49,363] {processor.py:623} INFO - DAG(s) dict_keys(['example_xcom']) retrieved from /home/airflow/.local/lib/python3.8/site-packages/airflow/example_dags/example_xcom.py
[2021-09-14 18:58:49,379] {logging_mixin.py:109} INFO - [2021-09-14 18:58:49,378] {dag.py:1833} INFO - Sync 1 DAGs
[2021-09-14 18:58:49,392] {logging_mixin.py:109} INFO - [2021-09-14 18:58:49,392] {dag.py:2306} INFO - Setting next_dagrun for example_xcom to 2021-09-12 00:00:00+00:00
[2021-09-14 18:58:49,400] {processor.py:170} INFO - Processing /home/airflow/.local/lib/python3.8/site-packages/airflow/example_dags/example_xcom.py took 0.050 seconds
[2021-09-14 18:59:19,784] {processor.py:162} INFO - Started process (PID=2995) to work on /home/airflow/.local/lib/python3.8/site-packages/airflow/example_dags/example_xcom.py
[2021-09-14 18:59:19,787] {processor.py:613} INFO - Processing file /home/airflow/.local/lib/python3.8/site-packages/airflow/example_dags/example_xcom.py for tasks to queue
[2021-09-14 18:59:19,788] {logging_mixin.py:109} INFO - [2021-09-14 18:59:19,788] {dagbag.py:496} INFO - Filling up the DagBag from /home/airflow/.local/lib/python3.8/site-packages/airflow/example_dags/example_xcom.py
[2021-09-14 18:59:19,800] {processor.py:623} INFO - DAG(s) dict_keys(['example_xcom']) retrieved from /home/airflow/.local/lib/python3.8/site-packages/airflow/example_dags/example_xcom.py
[2021-09-14 18:59:19,820] {logging_mixin.py:109} INFO - [2021-09-14 18:59:19,820] {dag.py:1833} INFO - Sync 1 DAGs
[2021-09-14 18:59:19,833] {logging_mixin.py:109} INFO - [2021-09-14 18:59:19,833] {dag.py:2306} INFO - Setting next_dagrun for example_xcom to 2021-09-12 00:00:00+00:00
[2021-09-14 18:59:19,842] {processor.py:170} INFO - Processing /home/airflow/.local/lib/python3.8/site-packages/airflow/example_dags/example_xcom.py took 0.062 seconds
[2021-09-14 18:59:50,065] {processor.py:162} INFO - Started process (PID=3044) to work on /home/airflow/.local/lib/python3.8/site-packages/airflow/example_dags/example_xcom.py
[2021-09-14 18:59:50,066] {processor.py:613} INFO - Processing file /home/airflow/.local/lib/python3.8/site-packages/airflow/example_dags/example_xcom.py for tasks to queue
[2021-09-14 18:59:50,066] {logging_mixin.py:109} INFO - [2021-09-14 18:59:50,066] {dagbag.py:496} INFO - Filling up the DagBag from /home/airflow/.local/lib/python3.8/site-packages/airflow/example_dags/example_xcom.py
[2021-09-14 18:59:50,077] {processor.py:623} INFO - DAG(s) dict_keys(['example_xcom']) retrieved from /home/airflow/.local/lib/python3.8/site-packages/airflow/example_dags/example_xcom.py
[2021-09-14 18:59:50,107] {logging_mixin.py:109} INFO - [2021-09-14 18:59:50,107] {dag.py:1833} INFO - Sync 1 DAGs
[2021-09-14 18:59:50,124] {logging_mixin.py:109} INFO - [2021-09-14 18:59:50,123] {dag.py:2306} INFO - Setting next_dagrun for example_xcom to 2021-09-12 00:00:00+00:00
[2021-09-14 18:59:50,134] {processor.py:170} INFO - Processing /home/airflow/.local/lib/python3.8/site-packages/airflow/example_dags/example_xcom.py took 0.073 seconds
[2021-09-14 19:00:20,504] {processor.py:162} INFO - Started process (PID=3101) to work on /home/airflow/.local/lib/python3.8/site-packages/airflow/example_dags/example_xcom.py
[2021-09-14 19:00:20,506] {processor.py:613} INFO - Processing file /home/airflow/.local/lib/python3.8/site-packages/airflow/example_dags/example_xcom.py for tasks to queue
[2021-09-14 19:00:20,507] {logging_mixin.py:109} INFO - [2021-09-14 19:00:20,507] {dagbag.py:496} INFO - Filling up the DagBag from /home/airflow/.local/lib/python3.8/site-packages/airflow/example_dags/example_xcom.py
[2021-09-14 19:00:20,517] {processor.py:623} INFO - DAG(s) dict_keys(['example_xcom']) retrieved from /home/airflow/.local/lib/python3.8/site-packages/airflow/example_dags/example_xcom.py
[2021-09-14 19:00:20,550] {logging_mixin.py:109} INFO - [2021-09-14 19:00:20,550] {dag.py:1833} INFO - Sync 1 DAGs
[2021-09-14 19:00:20,576] {logging_mixin.py:109} INFO - [2021-09-14 19:00:20,576] {dag.py:2306} INFO - Setting next_dagrun for example_xcom to 2021-09-12 00:00:00+00:00
[2021-09-14 19:00:20,588] {processor.py:170} INFO - Processing /home/airflow/.local/lib/python3.8/site-packages/airflow/example_dags/example_xcom.py took 0.086 seconds
[2021-09-14 19:00:51,385] {processor.py:162} INFO - Started process (PID=3158) to work on /home/airflow/.local/lib/python3.8/site-packages/airflow/example_dags/example_xcom.py
[2021-09-14 19:00:51,387] {processor.py:613} INFO - Processing file /home/airflow/.local/lib/python3.8/site-packages/airflow/example_dags/example_xcom.py for tasks to queue
[2021-09-14 19:00:51,387] {logging_mixin.py:109} INFO - [2021-09-14 19:00:51,387] {dagbag.py:496} INFO - Filling up the DagBag from /home/airflow/.local/lib/python3.8/site-packages/airflow/example_dags/example_xcom.py
[2021-09-14 19:00:51,399] {processor.py:623} INFO - DAG(s) dict_keys(['example_xcom']) retrieved from /home/airflow/.local/lib/python3.8/site-packages/airflow/example_dags/example_xcom.py
[2021-09-14 19:00:51,433] {logging_mixin.py:109} INFO - [2021-09-14 19:00:51,433] {dag.py:1833} INFO - Sync 1 DAGs
[2021-09-14 19:00:51,448] {logging_mixin.py:109} INFO - [2021-09-14 19:00:51,447] {dag.py:2306} INFO - Setting next_dagrun for example_xcom to 2021-09-12 00:00:00+00:00
[2021-09-14 19:00:51,461] {processor.py:170} INFO - Processing /home/airflow/.local/lib/python3.8/site-packages/airflow/example_dags/example_xcom.py took 0.079 seconds
[2021-09-14 19:01:22,210] {processor.py:162} INFO - Started process (PID=3205) to work on /home/airflow/.local/lib/python3.8/site-packages/airflow/example_dags/example_xcom.py
[2021-09-14 19:01:22,211] {processor.py:613} INFO - Processing file /home/airflow/.local/lib/python3.8/site-packages/airflow/example_dags/example_xcom.py for tasks to queue
[2021-09-14 19:01:22,212] {logging_mixin.py:109} INFO - [2021-09-14 19:01:22,212] {dagbag.py:496} INFO - Filling up the DagBag from /home/airflow/.local/lib/python3.8/site-packages/airflow/example_dags/example_xcom.py
[2021-09-14 19:01:22,220] {processor.py:623} INFO - DAG(s) dict_keys(['example_xcom']) retrieved from /home/airflow/.local/lib/python3.8/site-packages/airflow/example_dags/example_xcom.py
[2021-09-14 19:01:22,237] {logging_mixin.py:109} INFO - [2021-09-14 19:01:22,237] {dag.py:1833} INFO - Sync 1 DAGs
[2021-09-14 19:01:22,248] {logging_mixin.py:109} INFO - [2021-09-14 19:01:22,248] {dag.py:2306} INFO - Setting next_dagrun for example_xcom to 2021-09-12 00:00:00+00:00
[2021-09-14 19:01:22,259] {processor.py:170} INFO - Processing /home/airflow/.local/lib/python3.8/site-packages/airflow/example_dags/example_xcom.py took 0.053 seconds
[2021-09-14 19:01:52,459] {processor.py:162} INFO - Started process (PID=3263) to work on /home/airflow/.local/lib/python3.8/site-packages/airflow/example_dags/example_xcom.py
[2021-09-14 19:01:52,460] {processor.py:613} INFO - Processing file /home/airflow/.local/lib/python3.8/site-packages/airflow/example_dags/example_xcom.py for tasks to queue
[2021-09-14 19:01:52,461] {logging_mixin.py:109} INFO - [2021-09-14 19:01:52,461] {dagbag.py:496} INFO - Filling up the DagBag from /home/airflow/.local/lib/python3.8/site-packages/airflow/example_dags/example_xcom.py
[2021-09-14 19:01:52,473] {processor.py:623} INFO - DAG(s) dict_keys(['example_xcom']) retrieved from /home/airflow/.local/lib/python3.8/site-packages/airflow/example_dags/example_xcom.py
[2021-09-14 19:01:52,521] {logging_mixin.py:109} INFO - [2021-09-14 19:01:52,521] {dag.py:1833} INFO - Sync 1 DAGs
[2021-09-14 19:01:52,544] {logging_mixin.py:109} INFO - [2021-09-14 19:01:52,544] {dag.py:2306} INFO - Setting next_dagrun for example_xcom to 2021-09-12 00:00:00+00:00
[2021-09-14 19:01:52,557] {processor.py:170} INFO - Processing /home/airflow/.local/lib/python3.8/site-packages/airflow/example_dags/example_xcom.py took 0.101 seconds
[2021-09-14 19:02:22,764] {processor.py:162} INFO - Started process (PID=3311) to work on /home/airflow/.local/lib/python3.8/site-packages/airflow/example_dags/example_xcom.py
[2021-09-14 19:02:22,765] {processor.py:613} INFO - Processing file /home/airflow/.local/lib/python3.8/site-packages/airflow/example_dags/example_xcom.py for tasks to queue
[2021-09-14 19:02:22,765] {logging_mixin.py:109} INFO - [2021-09-14 19:02:22,765] {dagbag.py:496} INFO - Filling up the DagBag from /home/airflow/.local/lib/python3.8/site-packages/airflow/example_dags/example_xcom.py
[2021-09-14 19:02:22,777] {processor.py:623} INFO - DAG(s) dict_keys(['example_xcom']) retrieved from /home/airflow/.local/lib/python3.8/site-packages/airflow/example_dags/example_xcom.py
[2021-09-14 19:02:22,795] {logging_mixin.py:109} INFO - [2021-09-14 19:02:22,795] {dag.py:1833} INFO - Sync 1 DAGs
[2021-09-14 19:02:22,807] {logging_mixin.py:109} INFO - [2021-09-14 19:02:22,807] {dag.py:2306} INFO - Setting next_dagrun for example_xcom to 2021-09-12 00:00:00+00:00
[2021-09-14 19:02:22,815] {processor.py:170} INFO - Processing /home/airflow/.local/lib/python3.8/site-packages/airflow/example_dags/example_xcom.py took 0.055 seconds
[2021-09-14 19:02:53,083] {processor.py:162} INFO - Started process (PID=3368) to work on /home/airflow/.local/lib/python3.8/site-packages/airflow/example_dags/example_xcom.py
[2021-09-14 19:02:53,085] {processor.py:613} INFO - Processing file /home/airflow/.local/lib/python3.8/site-packages/airflow/example_dags/example_xcom.py for tasks to queue
[2021-09-14 19:02:53,086] {logging_mixin.py:109} INFO - [2021-09-14 19:02:53,086] {dagbag.py:496} INFO - Filling up the DagBag from /home/airflow/.local/lib/python3.8/site-packages/airflow/example_dags/example_xcom.py
[2021-09-14 19:02:53,098] {processor.py:623} INFO - DAG(s) dict_keys(['example_xcom']) retrieved from /home/airflow/.local/lib/python3.8/site-packages/airflow/example_dags/example_xcom.py
[2021-09-14 19:02:53,126] {logging_mixin.py:109} INFO - [2021-09-14 19:02:53,125] {dag.py:1833} INFO - Sync 1 DAGs
[2021-09-14 19:02:53,144] {logging_mixin.py:109} INFO - [2021-09-14 19:02:53,143] {dag.py:2306} INFO - Setting next_dagrun for example_xcom to 2021-09-12 00:00:00+00:00
[2021-09-14 19:02:53,153] {processor.py:170} INFO - Processing /home/airflow/.local/lib/python3.8/site-packages/airflow/example_dags/example_xcom.py took 0.075 seconds
[2021-09-14 19:03:23,750] {processor.py:162} INFO - Started process (PID=3415) to work on /home/airflow/.local/lib/python3.8/site-packages/airflow/example_dags/example_xcom.py
[2021-09-14 19:03:23,758] {processor.py:613} INFO - Processing file /home/airflow/.local/lib/python3.8/site-packages/airflow/example_dags/example_xcom.py for tasks to queue
[2021-09-14 19:03:23,759] {logging_mixin.py:109} INFO - [2021-09-14 19:03:23,759] {dagbag.py:496} INFO - Filling up the DagBag from /home/airflow/.local/lib/python3.8/site-packages/airflow/example_dags/example_xcom.py
[2021-09-14 19:03:23,773] {processor.py:623} INFO - DAG(s) dict_keys(['example_xcom']) retrieved from /home/airflow/.local/lib/python3.8/site-packages/airflow/example_dags/example_xcom.py
[2021-09-14 19:03:23,800] {logging_mixin.py:109} INFO - [2021-09-14 19:03:23,800] {dag.py:1833} INFO - Sync 1 DAGs
[2021-09-14 19:03:23,809] {logging_mixin.py:109} INFO - [2021-09-14 19:03:23,809] {dag.py:2306} INFO - Setting next_dagrun for example_xcom to 2021-09-12 00:00:00+00:00
[2021-09-14 19:03:23,816] {processor.py:170} INFO - Processing /home/airflow/.local/lib/python3.8/site-packages/airflow/example_dags/example_xcom.py took 0.068 seconds
[2021-09-14 19:03:54,442] {processor.py:162} INFO - Started process (PID=3473) to work on /home/airflow/.local/lib/python3.8/site-packages/airflow/example_dags/example_xcom.py
[2021-09-14 19:03:54,444] {processor.py:613} INFO - Processing file /home/airflow/.local/lib/python3.8/site-packages/airflow/example_dags/example_xcom.py for tasks to queue
[2021-09-14 19:03:54,444] {logging_mixin.py:109} INFO - [2021-09-14 19:03:54,444] {dagbag.py:496} INFO - Filling up the DagBag from /home/airflow/.local/lib/python3.8/site-packages/airflow/example_dags/example_xcom.py
[2021-09-14 19:03:54,455] {processor.py:623} INFO - DAG(s) dict_keys(['example_xcom']) retrieved from /home/airflow/.local/lib/python3.8/site-packages/airflow/example_dags/example_xcom.py
[2021-09-14 19:03:54,472] {logging_mixin.py:109} INFO - [2021-09-14 19:03:54,471] {dag.py:1833} INFO - Sync 1 DAGs
[2021-09-14 19:03:54,485] {logging_mixin.py:109} INFO - [2021-09-14 19:03:54,485] {dag.py:2306} INFO - Setting next_dagrun for example_xcom to 2021-09-12 00:00:00+00:00
[2021-09-14 19:03:54,495] {processor.py:170} INFO - Processing /home/airflow/.local/lib/python3.8/site-packages/airflow/example_dags/example_xcom.py took 0.056 seconds
