[2021-09-14 18:32:02,898] {processor.py:162} INFO - Started process (PID=89) to work on /home/airflow/.local/lib/python3.8/site-packages/airflow/example_dags/example_kubernetes_executor_config.py
[2021-09-14 18:32:02,899] {processor.py:613} INFO - Processing file /home/airflow/.local/lib/python3.8/site-packages/airflow/example_dags/example_kubernetes_executor_config.py for tasks to queue
[2021-09-14 18:32:02,900] {logging_mixin.py:109} INFO - [2021-09-14 18:32:02,900] {dagbag.py:496} INFO - Filling up the DagBag from /home/airflow/.local/lib/python3.8/site-packages/airflow/example_dags/example_kubernetes_executor_config.py
[2021-09-14 18:32:02,911] {processor.py:623} INFO - DAG(s) dict_keys(['example_kubernetes_executor_config']) retrieved from /home/airflow/.local/lib/python3.8/site-packages/airflow/example_dags/example_kubernetes_executor_config.py
[2021-09-14 18:32:04,680] {logging_mixin.py:109} INFO - [2021-09-14 18:32:04,680] {dag.py:1833} INFO - Sync 1 DAGs
[2021-09-14 18:32:04,687] {logging_mixin.py:109} INFO - [2021-09-14 18:32:04,687] {dag.py:1852} INFO - Creating ORM DAG for example_kubernetes_executor_config
[2021-09-14 18:32:04,691] {logging_mixin.py:109} INFO - [2021-09-14 18:32:04,691] {dag.py:2306} INFO - Setting next_dagrun for example_kubernetes_executor_config to None
[2021-09-14 18:32:04,701] {processor.py:170} INFO - Processing /home/airflow/.local/lib/python3.8/site-packages/airflow/example_dags/example_kubernetes_executor_config.py took 1.805 seconds
[2021-09-14 18:32:34,867] {processor.py:162} INFO - Started process (PID=225) to work on /home/airflow/.local/lib/python3.8/site-packages/airflow/example_dags/example_kubernetes_executor_config.py
[2021-09-14 18:32:34,868] {processor.py:613} INFO - Processing file /home/airflow/.local/lib/python3.8/site-packages/airflow/example_dags/example_kubernetes_executor_config.py for tasks to queue
[2021-09-14 18:32:34,869] {logging_mixin.py:109} INFO - [2021-09-14 18:32:34,869] {dagbag.py:496} INFO - Filling up the DagBag from /home/airflow/.local/lib/python3.8/site-packages/airflow/example_dags/example_kubernetes_executor_config.py
[2021-09-14 18:32:34,880] {processor.py:623} INFO - DAG(s) dict_keys(['example_kubernetes_executor_config']) retrieved from /home/airflow/.local/lib/python3.8/site-packages/airflow/example_dags/example_kubernetes_executor_config.py
[2021-09-14 18:32:34,898] {logging_mixin.py:109} INFO - [2021-09-14 18:32:34,898] {dag.py:1833} INFO - Sync 1 DAGs
[2021-09-14 18:32:34,909] {logging_mixin.py:109} INFO - [2021-09-14 18:32:34,909] {dag.py:2306} INFO - Setting next_dagrun for example_kubernetes_executor_config to None
[2021-09-14 18:32:34,920] {processor.py:170} INFO - Processing /home/airflow/.local/lib/python3.8/site-packages/airflow/example_dags/example_kubernetes_executor_config.py took 0.056 seconds
[2021-09-14 18:33:05,680] {processor.py:162} INFO - Started process (PID=281) to work on /home/airflow/.local/lib/python3.8/site-packages/airflow/example_dags/example_kubernetes_executor_config.py
[2021-09-14 18:33:05,681] {processor.py:613} INFO - Processing file /home/airflow/.local/lib/python3.8/site-packages/airflow/example_dags/example_kubernetes_executor_config.py for tasks to queue
[2021-09-14 18:33:05,682] {logging_mixin.py:109} INFO - [2021-09-14 18:33:05,682] {dagbag.py:496} INFO - Filling up the DagBag from /home/airflow/.local/lib/python3.8/site-packages/airflow/example_dags/example_kubernetes_executor_config.py
[2021-09-14 18:33:05,696] {processor.py:623} INFO - DAG(s) dict_keys(['example_kubernetes_executor_config']) retrieved from /home/airflow/.local/lib/python3.8/site-packages/airflow/example_dags/example_kubernetes_executor_config.py
[2021-09-14 18:33:05,718] {logging_mixin.py:109} INFO - [2021-09-14 18:33:05,718] {dag.py:1833} INFO - Sync 1 DAGs
[2021-09-14 18:33:05,741] {logging_mixin.py:109} INFO - [2021-09-14 18:33:05,740] {dag.py:2306} INFO - Setting next_dagrun for example_kubernetes_executor_config to None
[2021-09-14 18:33:05,761] {processor.py:170} INFO - Processing /home/airflow/.local/lib/python3.8/site-packages/airflow/example_dags/example_kubernetes_executor_config.py took 0.083 seconds
[2021-09-14 18:33:36,437] {processor.py:162} INFO - Started process (PID=328) to work on /home/airflow/.local/lib/python3.8/site-packages/airflow/example_dags/example_kubernetes_executor_config.py
[2021-09-14 18:33:36,439] {processor.py:613} INFO - Processing file /home/airflow/.local/lib/python3.8/site-packages/airflow/example_dags/example_kubernetes_executor_config.py for tasks to queue
[2021-09-14 18:33:36,439] {logging_mixin.py:109} INFO - [2021-09-14 18:33:36,439] {dagbag.py:496} INFO - Filling up the DagBag from /home/airflow/.local/lib/python3.8/site-packages/airflow/example_dags/example_kubernetes_executor_config.py
[2021-09-14 18:33:36,450] {processor.py:623} INFO - DAG(s) dict_keys(['example_kubernetes_executor_config']) retrieved from /home/airflow/.local/lib/python3.8/site-packages/airflow/example_dags/example_kubernetes_executor_config.py
[2021-09-14 18:33:36,470] {logging_mixin.py:109} INFO - [2021-09-14 18:33:36,470] {dag.py:1833} INFO - Sync 1 DAGs
[2021-09-14 18:33:36,484] {logging_mixin.py:109} INFO - [2021-09-14 18:33:36,484] {dag.py:2306} INFO - Setting next_dagrun for example_kubernetes_executor_config to None
[2021-09-14 18:33:36,495] {processor.py:170} INFO - Processing /home/airflow/.local/lib/python3.8/site-packages/airflow/example_dags/example_kubernetes_executor_config.py took 0.061 seconds
[2021-09-14 18:34:06,666] {processor.py:162} INFO - Started process (PID=385) to work on /home/airflow/.local/lib/python3.8/site-packages/airflow/example_dags/example_kubernetes_executor_config.py
[2021-09-14 18:34:06,675] {processor.py:613} INFO - Processing file /home/airflow/.local/lib/python3.8/site-packages/airflow/example_dags/example_kubernetes_executor_config.py for tasks to queue
[2021-09-14 18:34:06,675] {logging_mixin.py:109} INFO - [2021-09-14 18:34:06,675] {dagbag.py:496} INFO - Filling up the DagBag from /home/airflow/.local/lib/python3.8/site-packages/airflow/example_dags/example_kubernetes_executor_config.py
[2021-09-14 18:34:06,740] {processor.py:623} INFO - DAG(s) dict_keys(['example_kubernetes_executor_config']) retrieved from /home/airflow/.local/lib/python3.8/site-packages/airflow/example_dags/example_kubernetes_executor_config.py
[2021-09-14 18:34:06,792] {logging_mixin.py:109} INFO - [2021-09-14 18:34:06,791] {dag.py:1833} INFO - Sync 1 DAGs
[2021-09-14 18:34:06,826] {logging_mixin.py:109} INFO - [2021-09-14 18:34:06,826] {dag.py:2306} INFO - Setting next_dagrun for example_kubernetes_executor_config to None
[2021-09-14 18:34:06,836] {processor.py:170} INFO - Processing /home/airflow/.local/lib/python3.8/site-packages/airflow/example_dags/example_kubernetes_executor_config.py took 0.177 seconds
[2021-09-14 18:34:36,978] {processor.py:162} INFO - Started process (PID=433) to work on /home/airflow/.local/lib/python3.8/site-packages/airflow/example_dags/example_kubernetes_executor_config.py
[2021-09-14 18:34:36,982] {processor.py:613} INFO - Processing file /home/airflow/.local/lib/python3.8/site-packages/airflow/example_dags/example_kubernetes_executor_config.py for tasks to queue
[2021-09-14 18:34:36,983] {logging_mixin.py:109} INFO - [2021-09-14 18:34:36,983] {dagbag.py:496} INFO - Filling up the DagBag from /home/airflow/.local/lib/python3.8/site-packages/airflow/example_dags/example_kubernetes_executor_config.py
[2021-09-14 18:34:36,997] {processor.py:623} INFO - DAG(s) dict_keys(['example_kubernetes_executor_config']) retrieved from /home/airflow/.local/lib/python3.8/site-packages/airflow/example_dags/example_kubernetes_executor_config.py
[2021-09-14 18:34:37,023] {logging_mixin.py:109} INFO - [2021-09-14 18:34:37,023] {dag.py:1833} INFO - Sync 1 DAGs
[2021-09-14 18:34:37,039] {logging_mixin.py:109} INFO - [2021-09-14 18:34:37,039] {dag.py:2306} INFO - Setting next_dagrun for example_kubernetes_executor_config to None
[2021-09-14 18:34:37,051] {processor.py:170} INFO - Processing /home/airflow/.local/lib/python3.8/site-packages/airflow/example_dags/example_kubernetes_executor_config.py took 0.076 seconds
[2021-09-14 18:35:07,245] {processor.py:162} INFO - Started process (PID=488) to work on /home/airflow/.local/lib/python3.8/site-packages/airflow/example_dags/example_kubernetes_executor_config.py
[2021-09-14 18:35:07,247] {processor.py:613} INFO - Processing file /home/airflow/.local/lib/python3.8/site-packages/airflow/example_dags/example_kubernetes_executor_config.py for tasks to queue
[2021-09-14 18:35:07,249] {logging_mixin.py:109} INFO - [2021-09-14 18:35:07,249] {dagbag.py:496} INFO - Filling up the DagBag from /home/airflow/.local/lib/python3.8/site-packages/airflow/example_dags/example_kubernetes_executor_config.py
[2021-09-14 18:35:07,265] {processor.py:623} INFO - DAG(s) dict_keys(['example_kubernetes_executor_config']) retrieved from /home/airflow/.local/lib/python3.8/site-packages/airflow/example_dags/example_kubernetes_executor_config.py
[2021-09-14 18:35:07,302] {logging_mixin.py:109} INFO - [2021-09-14 18:35:07,302] {dag.py:1833} INFO - Sync 1 DAGs
[2021-09-14 18:35:07,315] {logging_mixin.py:109} INFO - [2021-09-14 18:35:07,315] {dag.py:2306} INFO - Setting next_dagrun for example_kubernetes_executor_config to None
[2021-09-14 18:35:07,331] {processor.py:170} INFO - Processing /home/airflow/.local/lib/python3.8/site-packages/airflow/example_dags/example_kubernetes_executor_config.py took 0.093 seconds
[2021-09-14 18:35:38,203] {processor.py:162} INFO - Started process (PID=535) to work on /home/airflow/.local/lib/python3.8/site-packages/airflow/example_dags/example_kubernetes_executor_config.py
[2021-09-14 18:35:38,204] {processor.py:613} INFO - Processing file /home/airflow/.local/lib/python3.8/site-packages/airflow/example_dags/example_kubernetes_executor_config.py for tasks to queue
[2021-09-14 18:35:38,205] {logging_mixin.py:109} INFO - [2021-09-14 18:35:38,205] {dagbag.py:496} INFO - Filling up the DagBag from /home/airflow/.local/lib/python3.8/site-packages/airflow/example_dags/example_kubernetes_executor_config.py
[2021-09-14 18:35:38,219] {processor.py:623} INFO - DAG(s) dict_keys(['example_kubernetes_executor_config']) retrieved from /home/airflow/.local/lib/python3.8/site-packages/airflow/example_dags/example_kubernetes_executor_config.py
[2021-09-14 18:35:38,243] {logging_mixin.py:109} INFO - [2021-09-14 18:35:38,242] {dag.py:1833} INFO - Sync 1 DAGs
[2021-09-14 18:35:38,259] {logging_mixin.py:109} INFO - [2021-09-14 18:35:38,259] {dag.py:2306} INFO - Setting next_dagrun for example_kubernetes_executor_config to None
[2021-09-14 18:35:38,271] {processor.py:170} INFO - Processing /home/airflow/.local/lib/python3.8/site-packages/airflow/example_dags/example_kubernetes_executor_config.py took 0.072 seconds
[2021-09-14 18:36:08,728] {processor.py:162} INFO - Started process (PID=590) to work on /home/airflow/.local/lib/python3.8/site-packages/airflow/example_dags/example_kubernetes_executor_config.py
[2021-09-14 18:36:08,731] {processor.py:613} INFO - Processing file /home/airflow/.local/lib/python3.8/site-packages/airflow/example_dags/example_kubernetes_executor_config.py for tasks to queue
[2021-09-14 18:36:08,732] {logging_mixin.py:109} INFO - [2021-09-14 18:36:08,731] {dagbag.py:496} INFO - Filling up the DagBag from /home/airflow/.local/lib/python3.8/site-packages/airflow/example_dags/example_kubernetes_executor_config.py
[2021-09-14 18:36:08,748] {processor.py:623} INFO - DAG(s) dict_keys(['example_kubernetes_executor_config']) retrieved from /home/airflow/.local/lib/python3.8/site-packages/airflow/example_dags/example_kubernetes_executor_config.py
[2021-09-14 18:36:08,787] {logging_mixin.py:109} INFO - [2021-09-14 18:36:08,786] {dag.py:1833} INFO - Sync 1 DAGs
[2021-09-14 18:36:08,799] {logging_mixin.py:109} INFO - [2021-09-14 18:36:08,799] {dag.py:2306} INFO - Setting next_dagrun for example_kubernetes_executor_config to None
[2021-09-14 18:36:08,808] {processor.py:170} INFO - Processing /home/airflow/.local/lib/python3.8/site-packages/airflow/example_dags/example_kubernetes_executor_config.py took 0.084 seconds
[2021-09-14 18:36:39,461] {processor.py:162} INFO - Started process (PID=637) to work on /home/airflow/.local/lib/python3.8/site-packages/airflow/example_dags/example_kubernetes_executor_config.py
[2021-09-14 18:36:39,463] {processor.py:613} INFO - Processing file /home/airflow/.local/lib/python3.8/site-packages/airflow/example_dags/example_kubernetes_executor_config.py for tasks to queue
[2021-09-14 18:36:39,463] {logging_mixin.py:109} INFO - [2021-09-14 18:36:39,463] {dagbag.py:496} INFO - Filling up the DagBag from /home/airflow/.local/lib/python3.8/site-packages/airflow/example_dags/example_kubernetes_executor_config.py
[2021-09-14 18:36:39,479] {processor.py:623} INFO - DAG(s) dict_keys(['example_kubernetes_executor_config']) retrieved from /home/airflow/.local/lib/python3.8/site-packages/airflow/example_dags/example_kubernetes_executor_config.py
[2021-09-14 18:36:39,516] {logging_mixin.py:109} INFO - [2021-09-14 18:36:39,516] {dag.py:1833} INFO - Sync 1 DAGs
[2021-09-14 18:36:39,535] {logging_mixin.py:109} INFO - [2021-09-14 18:36:39,535] {dag.py:2306} INFO - Setting next_dagrun for example_kubernetes_executor_config to None
[2021-09-14 18:36:39,556] {processor.py:170} INFO - Processing /home/airflow/.local/lib/python3.8/site-packages/airflow/example_dags/example_kubernetes_executor_config.py took 0.098 seconds
[2021-09-14 18:37:09,757] {processor.py:162} INFO - Started process (PID=695) to work on /home/airflow/.local/lib/python3.8/site-packages/airflow/example_dags/example_kubernetes_executor_config.py
[2021-09-14 18:37:09,758] {processor.py:613} INFO - Processing file /home/airflow/.local/lib/python3.8/site-packages/airflow/example_dags/example_kubernetes_executor_config.py for tasks to queue
[2021-09-14 18:37:09,759] {logging_mixin.py:109} INFO - [2021-09-14 18:37:09,759] {dagbag.py:496} INFO - Filling up the DagBag from /home/airflow/.local/lib/python3.8/site-packages/airflow/example_dags/example_kubernetes_executor_config.py
[2021-09-14 18:37:09,769] {processor.py:623} INFO - DAG(s) dict_keys(['example_kubernetes_executor_config']) retrieved from /home/airflow/.local/lib/python3.8/site-packages/airflow/example_dags/example_kubernetes_executor_config.py
[2021-09-14 18:37:09,787] {logging_mixin.py:109} INFO - [2021-09-14 18:37:09,787] {dag.py:1833} INFO - Sync 1 DAGs
[2021-09-14 18:37:09,797] {logging_mixin.py:109} INFO - [2021-09-14 18:37:09,797] {dag.py:2306} INFO - Setting next_dagrun for example_kubernetes_executor_config to None
[2021-09-14 18:37:09,806] {processor.py:170} INFO - Processing /home/airflow/.local/lib/python3.8/site-packages/airflow/example_dags/example_kubernetes_executor_config.py took 0.052 seconds
[2021-09-14 18:37:40,311] {processor.py:162} INFO - Started process (PID=751) to work on /home/airflow/.local/lib/python3.8/site-packages/airflow/example_dags/example_kubernetes_executor_config.py
[2021-09-14 18:37:40,313] {processor.py:613} INFO - Processing file /home/airflow/.local/lib/python3.8/site-packages/airflow/example_dags/example_kubernetes_executor_config.py for tasks to queue
[2021-09-14 18:37:40,313] {logging_mixin.py:109} INFO - [2021-09-14 18:37:40,313] {dagbag.py:496} INFO - Filling up the DagBag from /home/airflow/.local/lib/python3.8/site-packages/airflow/example_dags/example_kubernetes_executor_config.py
[2021-09-14 18:37:40,337] {processor.py:623} INFO - DAG(s) dict_keys(['example_kubernetes_executor_config']) retrieved from /home/airflow/.local/lib/python3.8/site-packages/airflow/example_dags/example_kubernetes_executor_config.py
[2021-09-14 18:37:40,378] {logging_mixin.py:109} INFO - [2021-09-14 18:37:40,378] {dag.py:1833} INFO - Sync 1 DAGs
[2021-09-14 18:37:40,399] {logging_mixin.py:109} INFO - [2021-09-14 18:37:40,399] {dag.py:2306} INFO - Setting next_dagrun for example_kubernetes_executor_config to None
[2021-09-14 18:37:40,442] {processor.py:170} INFO - Processing /home/airflow/.local/lib/python3.8/site-packages/airflow/example_dags/example_kubernetes_executor_config.py took 0.137 seconds
[2021-09-14 18:38:11,084] {processor.py:162} INFO - Started process (PID=798) to work on /home/airflow/.local/lib/python3.8/site-packages/airflow/example_dags/example_kubernetes_executor_config.py
[2021-09-14 18:38:11,085] {processor.py:613} INFO - Processing file /home/airflow/.local/lib/python3.8/site-packages/airflow/example_dags/example_kubernetes_executor_config.py for tasks to queue
[2021-09-14 18:38:11,086] {logging_mixin.py:109} INFO - [2021-09-14 18:38:11,086] {dagbag.py:496} INFO - Filling up the DagBag from /home/airflow/.local/lib/python3.8/site-packages/airflow/example_dags/example_kubernetes_executor_config.py
[2021-09-14 18:38:11,100] {processor.py:623} INFO - DAG(s) dict_keys(['example_kubernetes_executor_config']) retrieved from /home/airflow/.local/lib/python3.8/site-packages/airflow/example_dags/example_kubernetes_executor_config.py
[2021-09-14 18:38:11,122] {logging_mixin.py:109} INFO - [2021-09-14 18:38:11,122] {dag.py:1833} INFO - Sync 1 DAGs
[2021-09-14 18:38:11,146] {logging_mixin.py:109} INFO - [2021-09-14 18:38:11,145] {dag.py:2306} INFO - Setting next_dagrun for example_kubernetes_executor_config to None
[2021-09-14 18:38:11,155] {processor.py:170} INFO - Processing /home/airflow/.local/lib/python3.8/site-packages/airflow/example_dags/example_kubernetes_executor_config.py took 0.074 seconds
[2021-09-14 18:38:41,344] {processor.py:162} INFO - Started process (PID=854) to work on /home/airflow/.local/lib/python3.8/site-packages/airflow/example_dags/example_kubernetes_executor_config.py
[2021-09-14 18:38:41,346] {processor.py:613} INFO - Processing file /home/airflow/.local/lib/python3.8/site-packages/airflow/example_dags/example_kubernetes_executor_config.py for tasks to queue
[2021-09-14 18:38:41,346] {logging_mixin.py:109} INFO - [2021-09-14 18:38:41,346] {dagbag.py:496} INFO - Filling up the DagBag from /home/airflow/.local/lib/python3.8/site-packages/airflow/example_dags/example_kubernetes_executor_config.py
[2021-09-14 18:38:41,359] {processor.py:623} INFO - DAG(s) dict_keys(['example_kubernetes_executor_config']) retrieved from /home/airflow/.local/lib/python3.8/site-packages/airflow/example_dags/example_kubernetes_executor_config.py
[2021-09-14 18:38:41,388] {logging_mixin.py:109} INFO - [2021-09-14 18:38:41,388] {dag.py:1833} INFO - Sync 1 DAGs
[2021-09-14 18:38:41,402] {logging_mixin.py:109} INFO - [2021-09-14 18:38:41,402] {dag.py:2306} INFO - Setting next_dagrun for example_kubernetes_executor_config to None
[2021-09-14 18:38:41,411] {processor.py:170} INFO - Processing /home/airflow/.local/lib/python3.8/site-packages/airflow/example_dags/example_kubernetes_executor_config.py took 0.071 seconds
[2021-09-14 18:39:11,833] {processor.py:162} INFO - Started process (PID=903) to work on /home/airflow/.local/lib/python3.8/site-packages/airflow/example_dags/example_kubernetes_executor_config.py
[2021-09-14 18:39:11,835] {processor.py:613} INFO - Processing file /home/airflow/.local/lib/python3.8/site-packages/airflow/example_dags/example_kubernetes_executor_config.py for tasks to queue
[2021-09-14 18:39:11,836] {logging_mixin.py:109} INFO - [2021-09-14 18:39:11,835] {dagbag.py:496} INFO - Filling up the DagBag from /home/airflow/.local/lib/python3.8/site-packages/airflow/example_dags/example_kubernetes_executor_config.py
[2021-09-14 18:39:11,852] {processor.py:623} INFO - DAG(s) dict_keys(['example_kubernetes_executor_config']) retrieved from /home/airflow/.local/lib/python3.8/site-packages/airflow/example_dags/example_kubernetes_executor_config.py
[2021-09-14 18:39:11,879] {logging_mixin.py:109} INFO - [2021-09-14 18:39:11,879] {dag.py:1833} INFO - Sync 1 DAGs
[2021-09-14 18:39:11,893] {logging_mixin.py:109} INFO - [2021-09-14 18:39:11,893] {dag.py:2306} INFO - Setting next_dagrun for example_kubernetes_executor_config to None
[2021-09-14 18:39:11,902] {processor.py:170} INFO - Processing /home/airflow/.local/lib/python3.8/site-packages/airflow/example_dags/example_kubernetes_executor_config.py took 0.072 seconds
[2021-09-14 18:39:42,175] {processor.py:162} INFO - Started process (PID=959) to work on /home/airflow/.local/lib/python3.8/site-packages/airflow/example_dags/example_kubernetes_executor_config.py
[2021-09-14 18:39:42,176] {processor.py:613} INFO - Processing file /home/airflow/.local/lib/python3.8/site-packages/airflow/example_dags/example_kubernetes_executor_config.py for tasks to queue
[2021-09-14 18:39:42,177] {logging_mixin.py:109} INFO - [2021-09-14 18:39:42,177] {dagbag.py:496} INFO - Filling up the DagBag from /home/airflow/.local/lib/python3.8/site-packages/airflow/example_dags/example_kubernetes_executor_config.py
[2021-09-14 18:39:42,193] {processor.py:623} INFO - DAG(s) dict_keys(['example_kubernetes_executor_config']) retrieved from /home/airflow/.local/lib/python3.8/site-packages/airflow/example_dags/example_kubernetes_executor_config.py
[2021-09-14 18:39:42,241] {logging_mixin.py:109} INFO - [2021-09-14 18:39:42,241] {dag.py:1833} INFO - Sync 1 DAGs
[2021-09-14 18:39:42,261] {logging_mixin.py:109} INFO - [2021-09-14 18:39:42,261] {dag.py:2306} INFO - Setting next_dagrun for example_kubernetes_executor_config to None
[2021-09-14 18:39:42,274] {processor.py:170} INFO - Processing /home/airflow/.local/lib/python3.8/site-packages/airflow/example_dags/example_kubernetes_executor_config.py took 0.102 seconds
[2021-09-14 18:40:12,974] {processor.py:162} INFO - Started process (PID=1007) to work on /home/airflow/.local/lib/python3.8/site-packages/airflow/example_dags/example_kubernetes_executor_config.py
[2021-09-14 18:40:12,975] {processor.py:613} INFO - Processing file /home/airflow/.local/lib/python3.8/site-packages/airflow/example_dags/example_kubernetes_executor_config.py for tasks to queue
[2021-09-14 18:40:12,976] {logging_mixin.py:109} INFO - [2021-09-14 18:40:12,975] {dagbag.py:496} INFO - Filling up the DagBag from /home/airflow/.local/lib/python3.8/site-packages/airflow/example_dags/example_kubernetes_executor_config.py
[2021-09-14 18:40:12,985] {processor.py:623} INFO - DAG(s) dict_keys(['example_kubernetes_executor_config']) retrieved from /home/airflow/.local/lib/python3.8/site-packages/airflow/example_dags/example_kubernetes_executor_config.py
[2021-09-14 18:40:13,010] {logging_mixin.py:109} INFO - [2021-09-14 18:40:13,010] {dag.py:1833} INFO - Sync 1 DAGs
[2021-09-14 18:40:13,022] {logging_mixin.py:109} INFO - [2021-09-14 18:40:13,022] {dag.py:2306} INFO - Setting next_dagrun for example_kubernetes_executor_config to None
[2021-09-14 18:40:13,029] {processor.py:170} INFO - Processing /home/airflow/.local/lib/python3.8/site-packages/airflow/example_dags/example_kubernetes_executor_config.py took 0.058 seconds
[2021-09-14 18:40:43,739] {processor.py:162} INFO - Started process (PID=1065) to work on /home/airflow/.local/lib/python3.8/site-packages/airflow/example_dags/example_kubernetes_executor_config.py
[2021-09-14 18:40:43,742] {processor.py:613} INFO - Processing file /home/airflow/.local/lib/python3.8/site-packages/airflow/example_dags/example_kubernetes_executor_config.py for tasks to queue
[2021-09-14 18:40:43,743] {logging_mixin.py:109} INFO - [2021-09-14 18:40:43,743] {dagbag.py:496} INFO - Filling up the DagBag from /home/airflow/.local/lib/python3.8/site-packages/airflow/example_dags/example_kubernetes_executor_config.py
[2021-09-14 18:40:43,756] {processor.py:623} INFO - DAG(s) dict_keys(['example_kubernetes_executor_config']) retrieved from /home/airflow/.local/lib/python3.8/site-packages/airflow/example_dags/example_kubernetes_executor_config.py
[2021-09-14 18:40:43,776] {logging_mixin.py:109} INFO - [2021-09-14 18:40:43,775] {dag.py:1833} INFO - Sync 1 DAGs
[2021-09-14 18:40:43,793] {logging_mixin.py:109} INFO - [2021-09-14 18:40:43,792] {dag.py:2306} INFO - Setting next_dagrun for example_kubernetes_executor_config to None
[2021-09-14 18:40:43,804] {processor.py:170} INFO - Processing /home/airflow/.local/lib/python3.8/site-packages/airflow/example_dags/example_kubernetes_executor_config.py took 0.068 seconds
[2021-09-14 18:41:14,002] {processor.py:162} INFO - Started process (PID=1112) to work on /home/airflow/.local/lib/python3.8/site-packages/airflow/example_dags/example_kubernetes_executor_config.py
[2021-09-14 18:41:14,003] {processor.py:613} INFO - Processing file /home/airflow/.local/lib/python3.8/site-packages/airflow/example_dags/example_kubernetes_executor_config.py for tasks to queue
[2021-09-14 18:41:14,004] {logging_mixin.py:109} INFO - [2021-09-14 18:41:14,003] {dagbag.py:496} INFO - Filling up the DagBag from /home/airflow/.local/lib/python3.8/site-packages/airflow/example_dags/example_kubernetes_executor_config.py
[2021-09-14 18:41:14,017] {processor.py:623} INFO - DAG(s) dict_keys(['example_kubernetes_executor_config']) retrieved from /home/airflow/.local/lib/python3.8/site-packages/airflow/example_dags/example_kubernetes_executor_config.py
[2021-09-14 18:41:14,055] {logging_mixin.py:109} INFO - [2021-09-14 18:41:14,055] {dag.py:1833} INFO - Sync 1 DAGs
[2021-09-14 18:41:14,074] {logging_mixin.py:109} INFO - [2021-09-14 18:41:14,074] {dag.py:2306} INFO - Setting next_dagrun for example_kubernetes_executor_config to None
[2021-09-14 18:41:14,089] {processor.py:170} INFO - Processing /home/airflow/.local/lib/python3.8/site-packages/airflow/example_dags/example_kubernetes_executor_config.py took 0.090 seconds
[2021-09-14 18:41:44,598] {processor.py:162} INFO - Started process (PID=1170) to work on /home/airflow/.local/lib/python3.8/site-packages/airflow/example_dags/example_kubernetes_executor_config.py
[2021-09-14 18:41:44,599] {processor.py:613} INFO - Processing file /home/airflow/.local/lib/python3.8/site-packages/airflow/example_dags/example_kubernetes_executor_config.py for tasks to queue
[2021-09-14 18:41:44,600] {logging_mixin.py:109} INFO - [2021-09-14 18:41:44,600] {dagbag.py:496} INFO - Filling up the DagBag from /home/airflow/.local/lib/python3.8/site-packages/airflow/example_dags/example_kubernetes_executor_config.py
[2021-09-14 18:41:44,609] {processor.py:623} INFO - DAG(s) dict_keys(['example_kubernetes_executor_config']) retrieved from /home/airflow/.local/lib/python3.8/site-packages/airflow/example_dags/example_kubernetes_executor_config.py
[2021-09-14 18:41:44,629] {logging_mixin.py:109} INFO - [2021-09-14 18:41:44,629] {dag.py:1833} INFO - Sync 1 DAGs
[2021-09-14 18:41:44,643] {logging_mixin.py:109} INFO - [2021-09-14 18:41:44,643] {dag.py:2306} INFO - Setting next_dagrun for example_kubernetes_executor_config to None
[2021-09-14 18:41:44,653] {processor.py:170} INFO - Processing /home/airflow/.local/lib/python3.8/site-packages/airflow/example_dags/example_kubernetes_executor_config.py took 0.058 seconds
[2021-09-14 18:42:15,697] {processor.py:162} INFO - Started process (PID=1226) to work on /home/airflow/.local/lib/python3.8/site-packages/airflow/example_dags/example_kubernetes_executor_config.py
[2021-09-14 18:42:15,698] {processor.py:613} INFO - Processing file /home/airflow/.local/lib/python3.8/site-packages/airflow/example_dags/example_kubernetes_executor_config.py for tasks to queue
[2021-09-14 18:42:15,699] {logging_mixin.py:109} INFO - [2021-09-14 18:42:15,698] {dagbag.py:496} INFO - Filling up the DagBag from /home/airflow/.local/lib/python3.8/site-packages/airflow/example_dags/example_kubernetes_executor_config.py
[2021-09-14 18:42:15,709] {processor.py:623} INFO - DAG(s) dict_keys(['example_kubernetes_executor_config']) retrieved from /home/airflow/.local/lib/python3.8/site-packages/airflow/example_dags/example_kubernetes_executor_config.py
[2021-09-14 18:42:15,728] {logging_mixin.py:109} INFO - [2021-09-14 18:42:15,727] {dag.py:1833} INFO - Sync 1 DAGs
[2021-09-14 18:42:15,738] {logging_mixin.py:109} INFO - [2021-09-14 18:42:15,738] {dag.py:2306} INFO - Setting next_dagrun for example_kubernetes_executor_config to None
[2021-09-14 18:42:15,744] {processor.py:170} INFO - Processing /home/airflow/.local/lib/python3.8/site-packages/airflow/example_dags/example_kubernetes_executor_config.py took 0.050 seconds
[2021-09-14 18:42:46,191] {processor.py:162} INFO - Started process (PID=1276) to work on /home/airflow/.local/lib/python3.8/site-packages/airflow/example_dags/example_kubernetes_executor_config.py
[2021-09-14 18:42:46,193] {processor.py:613} INFO - Processing file /home/airflow/.local/lib/python3.8/site-packages/airflow/example_dags/example_kubernetes_executor_config.py for tasks to queue
[2021-09-14 18:42:46,193] {logging_mixin.py:109} INFO - [2021-09-14 18:42:46,193] {dagbag.py:496} INFO - Filling up the DagBag from /home/airflow/.local/lib/python3.8/site-packages/airflow/example_dags/example_kubernetes_executor_config.py
[2021-09-14 18:42:46,207] {processor.py:623} INFO - DAG(s) dict_keys(['example_kubernetes_executor_config']) retrieved from /home/airflow/.local/lib/python3.8/site-packages/airflow/example_dags/example_kubernetes_executor_config.py
[2021-09-14 18:42:46,230] {logging_mixin.py:109} INFO - [2021-09-14 18:42:46,230] {dag.py:1833} INFO - Sync 1 DAGs
[2021-09-14 18:42:46,245] {logging_mixin.py:109} INFO - [2021-09-14 18:42:46,245] {dag.py:2306} INFO - Setting next_dagrun for example_kubernetes_executor_config to None
[2021-09-14 18:42:46,254] {processor.py:170} INFO - Processing /home/airflow/.local/lib/python3.8/site-packages/airflow/example_dags/example_kubernetes_executor_config.py took 0.066 seconds
[2021-09-14 18:43:16,517] {processor.py:162} INFO - Started process (PID=1332) to work on /home/airflow/.local/lib/python3.8/site-packages/airflow/example_dags/example_kubernetes_executor_config.py
[2021-09-14 18:43:16,518] {processor.py:613} INFO - Processing file /home/airflow/.local/lib/python3.8/site-packages/airflow/example_dags/example_kubernetes_executor_config.py for tasks to queue
[2021-09-14 18:43:16,519] {logging_mixin.py:109} INFO - [2021-09-14 18:43:16,519] {dagbag.py:496} INFO - Filling up the DagBag from /home/airflow/.local/lib/python3.8/site-packages/airflow/example_dags/example_kubernetes_executor_config.py
[2021-09-14 18:43:16,534] {processor.py:623} INFO - DAG(s) dict_keys(['example_kubernetes_executor_config']) retrieved from /home/airflow/.local/lib/python3.8/site-packages/airflow/example_dags/example_kubernetes_executor_config.py
[2021-09-14 18:43:16,557] {logging_mixin.py:109} INFO - [2021-09-14 18:43:16,557] {dag.py:1833} INFO - Sync 1 DAGs
[2021-09-14 18:43:16,571] {logging_mixin.py:109} INFO - [2021-09-14 18:43:16,571] {dag.py:2306} INFO - Setting next_dagrun for example_kubernetes_executor_config to None
[2021-09-14 18:43:16,582] {processor.py:170} INFO - Processing /home/airflow/.local/lib/python3.8/site-packages/airflow/example_dags/example_kubernetes_executor_config.py took 0.068 seconds
[2021-09-14 18:43:46,995] {processor.py:162} INFO - Started process (PID=1381) to work on /home/airflow/.local/lib/python3.8/site-packages/airflow/example_dags/example_kubernetes_executor_config.py
[2021-09-14 18:43:46,997] {processor.py:613} INFO - Processing file /home/airflow/.local/lib/python3.8/site-packages/airflow/example_dags/example_kubernetes_executor_config.py for tasks to queue
[2021-09-14 18:43:46,997] {logging_mixin.py:109} INFO - [2021-09-14 18:43:46,997] {dagbag.py:496} INFO - Filling up the DagBag from /home/airflow/.local/lib/python3.8/site-packages/airflow/example_dags/example_kubernetes_executor_config.py
[2021-09-14 18:43:47,007] {processor.py:623} INFO - DAG(s) dict_keys(['example_kubernetes_executor_config']) retrieved from /home/airflow/.local/lib/python3.8/site-packages/airflow/example_dags/example_kubernetes_executor_config.py
[2021-09-14 18:43:47,025] {logging_mixin.py:109} INFO - [2021-09-14 18:43:47,025] {dag.py:1833} INFO - Sync 1 DAGs
[2021-09-14 18:43:47,036] {logging_mixin.py:109} INFO - [2021-09-14 18:43:47,036] {dag.py:2306} INFO - Setting next_dagrun for example_kubernetes_executor_config to None
[2021-09-14 18:43:47,045] {processor.py:170} INFO - Processing /home/airflow/.local/lib/python3.8/site-packages/airflow/example_dags/example_kubernetes_executor_config.py took 0.053 seconds
[2021-09-14 18:44:17,700] {processor.py:162} INFO - Started process (PID=1438) to work on /home/airflow/.local/lib/python3.8/site-packages/airflow/example_dags/example_kubernetes_executor_config.py
[2021-09-14 18:44:17,702] {processor.py:613} INFO - Processing file /home/airflow/.local/lib/python3.8/site-packages/airflow/example_dags/example_kubernetes_executor_config.py for tasks to queue
[2021-09-14 18:44:17,703] {logging_mixin.py:109} INFO - [2021-09-14 18:44:17,703] {dagbag.py:496} INFO - Filling up the DagBag from /home/airflow/.local/lib/python3.8/site-packages/airflow/example_dags/example_kubernetes_executor_config.py
[2021-09-14 18:44:17,716] {processor.py:623} INFO - DAG(s) dict_keys(['example_kubernetes_executor_config']) retrieved from /home/airflow/.local/lib/python3.8/site-packages/airflow/example_dags/example_kubernetes_executor_config.py
[2021-09-14 18:44:17,738] {logging_mixin.py:109} INFO - [2021-09-14 18:44:17,738] {dag.py:1833} INFO - Sync 1 DAGs
[2021-09-14 18:44:17,753] {logging_mixin.py:109} INFO - [2021-09-14 18:44:17,753] {dag.py:2306} INFO - Setting next_dagrun for example_kubernetes_executor_config to None
[2021-09-14 18:44:17,762] {processor.py:170} INFO - Processing /home/airflow/.local/lib/python3.8/site-packages/airflow/example_dags/example_kubernetes_executor_config.py took 0.065 seconds
[2021-09-14 18:44:48,300] {processor.py:162} INFO - Started process (PID=1493) to work on /home/airflow/.local/lib/python3.8/site-packages/airflow/example_dags/example_kubernetes_executor_config.py
[2021-09-14 18:44:48,301] {processor.py:613} INFO - Processing file /home/airflow/.local/lib/python3.8/site-packages/airflow/example_dags/example_kubernetes_executor_config.py for tasks to queue
[2021-09-14 18:44:48,301] {logging_mixin.py:109} INFO - [2021-09-14 18:44:48,301] {dagbag.py:496} INFO - Filling up the DagBag from /home/airflow/.local/lib/python3.8/site-packages/airflow/example_dags/example_kubernetes_executor_config.py
[2021-09-14 18:44:48,311] {processor.py:623} INFO - DAG(s) dict_keys(['example_kubernetes_executor_config']) retrieved from /home/airflow/.local/lib/python3.8/site-packages/airflow/example_dags/example_kubernetes_executor_config.py
[2021-09-14 18:44:48,332] {logging_mixin.py:109} INFO - [2021-09-14 18:44:48,332] {dag.py:1833} INFO - Sync 1 DAGs
[2021-09-14 18:44:48,347] {logging_mixin.py:109} INFO - [2021-09-14 18:44:48,347] {dag.py:2306} INFO - Setting next_dagrun for example_kubernetes_executor_config to None
[2021-09-14 18:44:48,355] {processor.py:170} INFO - Processing /home/airflow/.local/lib/python3.8/site-packages/airflow/example_dags/example_kubernetes_executor_config.py took 0.058 seconds
[2021-09-14 18:45:18,694] {processor.py:162} INFO - Started process (PID=1541) to work on /home/airflow/.local/lib/python3.8/site-packages/airflow/example_dags/example_kubernetes_executor_config.py
[2021-09-14 18:45:18,694] {processor.py:613} INFO - Processing file /home/airflow/.local/lib/python3.8/site-packages/airflow/example_dags/example_kubernetes_executor_config.py for tasks to queue
[2021-09-14 18:45:18,695] {logging_mixin.py:109} INFO - [2021-09-14 18:45:18,695] {dagbag.py:496} INFO - Filling up the DagBag from /home/airflow/.local/lib/python3.8/site-packages/airflow/example_dags/example_kubernetes_executor_config.py
[2021-09-14 18:45:18,706] {processor.py:623} INFO - DAG(s) dict_keys(['example_kubernetes_executor_config']) retrieved from /home/airflow/.local/lib/python3.8/site-packages/airflow/example_dags/example_kubernetes_executor_config.py
[2021-09-14 18:45:18,725] {logging_mixin.py:109} INFO - [2021-09-14 18:45:18,725] {dag.py:1833} INFO - Sync 1 DAGs
[2021-09-14 18:45:18,737] {logging_mixin.py:109} INFO - [2021-09-14 18:45:18,737] {dag.py:2306} INFO - Setting next_dagrun for example_kubernetes_executor_config to None
[2021-09-14 18:45:18,745] {processor.py:170} INFO - Processing /home/airflow/.local/lib/python3.8/site-packages/airflow/example_dags/example_kubernetes_executor_config.py took 0.055 seconds
[2021-09-14 18:45:49,509] {processor.py:162} INFO - Started process (PID=1593) to work on /home/airflow/.local/lib/python3.8/site-packages/airflow/example_dags/example_kubernetes_executor_config.py
[2021-09-14 18:45:49,510] {processor.py:613} INFO - Processing file /home/airflow/.local/lib/python3.8/site-packages/airflow/example_dags/example_kubernetes_executor_config.py for tasks to queue
[2021-09-14 18:45:49,510] {logging_mixin.py:109} INFO - [2021-09-14 18:45:49,510] {dagbag.py:496} INFO - Filling up the DagBag from /home/airflow/.local/lib/python3.8/site-packages/airflow/example_dags/example_kubernetes_executor_config.py
[2021-09-14 18:45:49,522] {processor.py:623} INFO - DAG(s) dict_keys(['example_kubernetes_executor_config']) retrieved from /home/airflow/.local/lib/python3.8/site-packages/airflow/example_dags/example_kubernetes_executor_config.py
[2021-09-14 18:45:49,544] {logging_mixin.py:109} INFO - [2021-09-14 18:45:49,544] {dag.py:1833} INFO - Sync 1 DAGs
[2021-09-14 18:45:49,556] {logging_mixin.py:109} INFO - [2021-09-14 18:45:49,556] {dag.py:2306} INFO - Setting next_dagrun for example_kubernetes_executor_config to None
[2021-09-14 18:45:49,564] {processor.py:170} INFO - Processing /home/airflow/.local/lib/python3.8/site-packages/airflow/example_dags/example_kubernetes_executor_config.py took 0.059 seconds
[2021-09-14 18:46:20,509] {processor.py:162} INFO - Started process (PID=1648) to work on /home/airflow/.local/lib/python3.8/site-packages/airflow/example_dags/example_kubernetes_executor_config.py
[2021-09-14 18:46:20,510] {processor.py:613} INFO - Processing file /home/airflow/.local/lib/python3.8/site-packages/airflow/example_dags/example_kubernetes_executor_config.py for tasks to queue
[2021-09-14 18:46:20,513] {logging_mixin.py:109} INFO - [2021-09-14 18:46:20,512] {dagbag.py:496} INFO - Filling up the DagBag from /home/airflow/.local/lib/python3.8/site-packages/airflow/example_dags/example_kubernetes_executor_config.py
[2021-09-14 18:46:20,528] {processor.py:623} INFO - DAG(s) dict_keys(['example_kubernetes_executor_config']) retrieved from /home/airflow/.local/lib/python3.8/site-packages/airflow/example_dags/example_kubernetes_executor_config.py
[2021-09-14 18:46:20,552] {logging_mixin.py:109} INFO - [2021-09-14 18:46:20,552] {dag.py:1833} INFO - Sync 1 DAGs
[2021-09-14 18:46:20,566] {logging_mixin.py:109} INFO - [2021-09-14 18:46:20,566] {dag.py:2306} INFO - Setting next_dagrun for example_kubernetes_executor_config to None
[2021-09-14 18:46:20,575] {processor.py:170} INFO - Processing /home/airflow/.local/lib/python3.8/site-packages/airflow/example_dags/example_kubernetes_executor_config.py took 0.070 seconds
[2021-09-14 18:46:51,501] {processor.py:162} INFO - Started process (PID=1695) to work on /home/airflow/.local/lib/python3.8/site-packages/airflow/example_dags/example_kubernetes_executor_config.py
[2021-09-14 18:46:51,507] {processor.py:613} INFO - Processing file /home/airflow/.local/lib/python3.8/site-packages/airflow/example_dags/example_kubernetes_executor_config.py for tasks to queue
[2021-09-14 18:46:51,508] {logging_mixin.py:109} INFO - [2021-09-14 18:46:51,508] {dagbag.py:496} INFO - Filling up the DagBag from /home/airflow/.local/lib/python3.8/site-packages/airflow/example_dags/example_kubernetes_executor_config.py
[2021-09-14 18:46:51,532] {processor.py:623} INFO - DAG(s) dict_keys(['example_kubernetes_executor_config']) retrieved from /home/airflow/.local/lib/python3.8/site-packages/airflow/example_dags/example_kubernetes_executor_config.py
[2021-09-14 18:46:51,613] {logging_mixin.py:109} INFO - [2021-09-14 18:46:51,613] {dag.py:1833} INFO - Sync 1 DAGs
[2021-09-14 18:46:51,634] {logging_mixin.py:109} INFO - [2021-09-14 18:46:51,634] {dag.py:2306} INFO - Setting next_dagrun for example_kubernetes_executor_config to None
[2021-09-14 18:46:51,672] {processor.py:170} INFO - Processing /home/airflow/.local/lib/python3.8/site-packages/airflow/example_dags/example_kubernetes_executor_config.py took 0.174 seconds
[2021-09-14 18:47:22,054] {processor.py:162} INFO - Started process (PID=1749) to work on /home/airflow/.local/lib/python3.8/site-packages/airflow/example_dags/example_kubernetes_executor_config.py
[2021-09-14 18:47:22,055] {processor.py:613} INFO - Processing file /home/airflow/.local/lib/python3.8/site-packages/airflow/example_dags/example_kubernetes_executor_config.py for tasks to queue
[2021-09-14 18:47:22,055] {logging_mixin.py:109} INFO - [2021-09-14 18:47:22,055] {dagbag.py:496} INFO - Filling up the DagBag from /home/airflow/.local/lib/python3.8/site-packages/airflow/example_dags/example_kubernetes_executor_config.py
[2021-09-14 18:47:22,065] {processor.py:623} INFO - DAG(s) dict_keys(['example_kubernetes_executor_config']) retrieved from /home/airflow/.local/lib/python3.8/site-packages/airflow/example_dags/example_kubernetes_executor_config.py
[2021-09-14 18:47:22,081] {logging_mixin.py:109} INFO - [2021-09-14 18:47:22,081] {dag.py:1833} INFO - Sync 1 DAGs
[2021-09-14 18:47:22,091] {logging_mixin.py:109} INFO - [2021-09-14 18:47:22,091] {dag.py:2306} INFO - Setting next_dagrun for example_kubernetes_executor_config to None
[2021-09-14 18:47:22,098] {processor.py:170} INFO - Processing /home/airflow/.local/lib/python3.8/site-packages/airflow/example_dags/example_kubernetes_executor_config.py took 0.047 seconds
[2021-09-14 18:47:52,587] {processor.py:162} INFO - Started process (PID=1800) to work on /home/airflow/.local/lib/python3.8/site-packages/airflow/example_dags/example_kubernetes_executor_config.py
[2021-09-14 18:47:52,589] {processor.py:613} INFO - Processing file /home/airflow/.local/lib/python3.8/site-packages/airflow/example_dags/example_kubernetes_executor_config.py for tasks to queue
[2021-09-14 18:47:52,591] {logging_mixin.py:109} INFO - [2021-09-14 18:47:52,591] {dagbag.py:496} INFO - Filling up the DagBag from /home/airflow/.local/lib/python3.8/site-packages/airflow/example_dags/example_kubernetes_executor_config.py
[2021-09-14 18:47:52,602] {processor.py:623} INFO - DAG(s) dict_keys(['example_kubernetes_executor_config']) retrieved from /home/airflow/.local/lib/python3.8/site-packages/airflow/example_dags/example_kubernetes_executor_config.py
[2021-09-14 18:47:52,621] {logging_mixin.py:109} INFO - [2021-09-14 18:47:52,621] {dag.py:1833} INFO - Sync 1 DAGs
[2021-09-14 18:47:52,631] {logging_mixin.py:109} INFO - [2021-09-14 18:47:52,631] {dag.py:2306} INFO - Setting next_dagrun for example_kubernetes_executor_config to None
[2021-09-14 18:47:52,638] {processor.py:170} INFO - Processing /home/airflow/.local/lib/python3.8/site-packages/airflow/example_dags/example_kubernetes_executor_config.py took 0.054 seconds
[2021-09-14 18:48:22,867] {processor.py:162} INFO - Started process (PID=1855) to work on /home/airflow/.local/lib/python3.8/site-packages/airflow/example_dags/example_kubernetes_executor_config.py
[2021-09-14 18:48:22,868] {processor.py:613} INFO - Processing file /home/airflow/.local/lib/python3.8/site-packages/airflow/example_dags/example_kubernetes_executor_config.py for tasks to queue
[2021-09-14 18:48:22,868] {logging_mixin.py:109} INFO - [2021-09-14 18:48:22,868] {dagbag.py:496} INFO - Filling up the DagBag from /home/airflow/.local/lib/python3.8/site-packages/airflow/example_dags/example_kubernetes_executor_config.py
[2021-09-14 18:48:22,878] {processor.py:623} INFO - DAG(s) dict_keys(['example_kubernetes_executor_config']) retrieved from /home/airflow/.local/lib/python3.8/site-packages/airflow/example_dags/example_kubernetes_executor_config.py
[2021-09-14 18:48:22,894] {logging_mixin.py:109} INFO - [2021-09-14 18:48:22,894] {dag.py:1833} INFO - Sync 1 DAGs
[2021-09-14 18:48:22,903] {logging_mixin.py:109} INFO - [2021-09-14 18:48:22,903] {dag.py:2306} INFO - Setting next_dagrun for example_kubernetes_executor_config to None
[2021-09-14 18:48:22,911] {processor.py:170} INFO - Processing /home/airflow/.local/lib/python3.8/site-packages/airflow/example_dags/example_kubernetes_executor_config.py took 0.046 seconds
[2021-09-14 18:48:53,571] {processor.py:162} INFO - Started process (PID=1912) to work on /home/airflow/.local/lib/python3.8/site-packages/airflow/example_dags/example_kubernetes_executor_config.py
[2021-09-14 18:48:53,574] {processor.py:613} INFO - Processing file /home/airflow/.local/lib/python3.8/site-packages/airflow/example_dags/example_kubernetes_executor_config.py for tasks to queue
[2021-09-14 18:48:53,575] {logging_mixin.py:109} INFO - [2021-09-14 18:48:53,574] {dagbag.py:496} INFO - Filling up the DagBag from /home/airflow/.local/lib/python3.8/site-packages/airflow/example_dags/example_kubernetes_executor_config.py
[2021-09-14 18:48:53,589] {processor.py:623} INFO - DAG(s) dict_keys(['example_kubernetes_executor_config']) retrieved from /home/airflow/.local/lib/python3.8/site-packages/airflow/example_dags/example_kubernetes_executor_config.py
[2021-09-14 18:48:53,613] {logging_mixin.py:109} INFO - [2021-09-14 18:48:53,613] {dag.py:1833} INFO - Sync 1 DAGs
[2021-09-14 18:48:53,627] {logging_mixin.py:109} INFO - [2021-09-14 18:48:53,627] {dag.py:2306} INFO - Setting next_dagrun for example_kubernetes_executor_config to None
[2021-09-14 18:48:53,646] {processor.py:170} INFO - Processing /home/airflow/.local/lib/python3.8/site-packages/airflow/example_dags/example_kubernetes_executor_config.py took 0.081 seconds
[2021-09-14 18:49:24,226] {processor.py:162} INFO - Started process (PID=1960) to work on /home/airflow/.local/lib/python3.8/site-packages/airflow/example_dags/example_kubernetes_executor_config.py
[2021-09-14 18:49:24,227] {processor.py:613} INFO - Processing file /home/airflow/.local/lib/python3.8/site-packages/airflow/example_dags/example_kubernetes_executor_config.py for tasks to queue
[2021-09-14 18:49:24,227] {logging_mixin.py:109} INFO - [2021-09-14 18:49:24,227] {dagbag.py:496} INFO - Filling up the DagBag from /home/airflow/.local/lib/python3.8/site-packages/airflow/example_dags/example_kubernetes_executor_config.py
[2021-09-14 18:49:24,240] {processor.py:623} INFO - DAG(s) dict_keys(['example_kubernetes_executor_config']) retrieved from /home/airflow/.local/lib/python3.8/site-packages/airflow/example_dags/example_kubernetes_executor_config.py
[2021-09-14 18:49:24,261] {logging_mixin.py:109} INFO - [2021-09-14 18:49:24,261] {dag.py:1833} INFO - Sync 1 DAGs
[2021-09-14 18:49:24,285] {logging_mixin.py:109} INFO - [2021-09-14 18:49:24,284] {dag.py:2306} INFO - Setting next_dagrun for example_kubernetes_executor_config to None
[2021-09-14 18:49:24,294] {processor.py:170} INFO - Processing /home/airflow/.local/lib/python3.8/site-packages/airflow/example_dags/example_kubernetes_executor_config.py took 0.071 seconds
[2021-09-14 18:49:54,651] {processor.py:162} INFO - Started process (PID=2014) to work on /home/airflow/.local/lib/python3.8/site-packages/airflow/example_dags/example_kubernetes_executor_config.py
[2021-09-14 18:49:54,652] {processor.py:613} INFO - Processing file /home/airflow/.local/lib/python3.8/site-packages/airflow/example_dags/example_kubernetes_executor_config.py for tasks to queue
[2021-09-14 18:49:54,653] {logging_mixin.py:109} INFO - [2021-09-14 18:49:54,653] {dagbag.py:496} INFO - Filling up the DagBag from /home/airflow/.local/lib/python3.8/site-packages/airflow/example_dags/example_kubernetes_executor_config.py
[2021-09-14 18:49:54,664] {processor.py:623} INFO - DAG(s) dict_keys(['example_kubernetes_executor_config']) retrieved from /home/airflow/.local/lib/python3.8/site-packages/airflow/example_dags/example_kubernetes_executor_config.py
[2021-09-14 18:49:54,683] {logging_mixin.py:109} INFO - [2021-09-14 18:49:54,683] {dag.py:1833} INFO - Sync 1 DAGs
[2021-09-14 18:49:54,694] {logging_mixin.py:109} INFO - [2021-09-14 18:49:54,694] {dag.py:2306} INFO - Setting next_dagrun for example_kubernetes_executor_config to None
[2021-09-14 18:49:54,703] {processor.py:170} INFO - Processing /home/airflow/.local/lib/python3.8/site-packages/airflow/example_dags/example_kubernetes_executor_config.py took 0.055 seconds
[2021-09-14 18:50:25,343] {processor.py:162} INFO - Started process (PID=2062) to work on /home/airflow/.local/lib/python3.8/site-packages/airflow/example_dags/example_kubernetes_executor_config.py
[2021-09-14 18:50:25,344] {processor.py:613} INFO - Processing file /home/airflow/.local/lib/python3.8/site-packages/airflow/example_dags/example_kubernetes_executor_config.py for tasks to queue
[2021-09-14 18:50:25,345] {logging_mixin.py:109} INFO - [2021-09-14 18:50:25,345] {dagbag.py:496} INFO - Filling up the DagBag from /home/airflow/.local/lib/python3.8/site-packages/airflow/example_dags/example_kubernetes_executor_config.py
[2021-09-14 18:50:25,360] {processor.py:623} INFO - DAG(s) dict_keys(['example_kubernetes_executor_config']) retrieved from /home/airflow/.local/lib/python3.8/site-packages/airflow/example_dags/example_kubernetes_executor_config.py
[2021-09-14 18:50:25,386] {logging_mixin.py:109} INFO - [2021-09-14 18:50:25,385] {dag.py:1833} INFO - Sync 1 DAGs
[2021-09-14 18:50:25,417] {logging_mixin.py:109} INFO - [2021-09-14 18:50:25,417] {dag.py:2306} INFO - Setting next_dagrun for example_kubernetes_executor_config to None
[2021-09-14 18:50:25,432] {processor.py:170} INFO - Processing /home/airflow/.local/lib/python3.8/site-packages/airflow/example_dags/example_kubernetes_executor_config.py took 0.093 seconds
[2021-09-14 18:50:55,965] {processor.py:162} INFO - Started process (PID=2120) to work on /home/airflow/.local/lib/python3.8/site-packages/airflow/example_dags/example_kubernetes_executor_config.py
[2021-09-14 18:50:55,968] {processor.py:613} INFO - Processing file /home/airflow/.local/lib/python3.8/site-packages/airflow/example_dags/example_kubernetes_executor_config.py for tasks to queue
[2021-09-14 18:50:55,969] {logging_mixin.py:109} INFO - [2021-09-14 18:50:55,969] {dagbag.py:496} INFO - Filling up the DagBag from /home/airflow/.local/lib/python3.8/site-packages/airflow/example_dags/example_kubernetes_executor_config.py
[2021-09-14 18:50:55,980] {processor.py:623} INFO - DAG(s) dict_keys(['example_kubernetes_executor_config']) retrieved from /home/airflow/.local/lib/python3.8/site-packages/airflow/example_dags/example_kubernetes_executor_config.py
[2021-09-14 18:50:56,012] {logging_mixin.py:109} INFO - [2021-09-14 18:50:56,012] {dag.py:1833} INFO - Sync 1 DAGs
[2021-09-14 18:50:56,022] {logging_mixin.py:109} INFO - [2021-09-14 18:50:56,022] {dag.py:2306} INFO - Setting next_dagrun for example_kubernetes_executor_config to None
[2021-09-14 18:50:56,036] {processor.py:170} INFO - Processing /home/airflow/.local/lib/python3.8/site-packages/airflow/example_dags/example_kubernetes_executor_config.py took 0.075 seconds
[2021-09-14 18:51:26,289] {processor.py:162} INFO - Started process (PID=2180) to work on /home/airflow/.local/lib/python3.8/site-packages/airflow/example_dags/example_kubernetes_executor_config.py
[2021-09-14 18:51:26,290] {processor.py:613} INFO - Processing file /home/airflow/.local/lib/python3.8/site-packages/airflow/example_dags/example_kubernetes_executor_config.py for tasks to queue
[2021-09-14 18:51:26,291] {logging_mixin.py:109} INFO - [2021-09-14 18:51:26,291] {dagbag.py:496} INFO - Filling up the DagBag from /home/airflow/.local/lib/python3.8/site-packages/airflow/example_dags/example_kubernetes_executor_config.py
[2021-09-14 18:51:26,308] {processor.py:623} INFO - DAG(s) dict_keys(['example_kubernetes_executor_config']) retrieved from /home/airflow/.local/lib/python3.8/site-packages/airflow/example_dags/example_kubernetes_executor_config.py
[2021-09-14 18:51:26,333] {logging_mixin.py:109} INFO - [2021-09-14 18:51:26,333] {dag.py:1833} INFO - Sync 1 DAGs
[2021-09-14 18:51:26,354] {logging_mixin.py:109} INFO - [2021-09-14 18:51:26,354] {dag.py:2306} INFO - Setting next_dagrun for example_kubernetes_executor_config to None
[2021-09-14 18:51:26,437] {processor.py:170} INFO - Processing /home/airflow/.local/lib/python3.8/site-packages/airflow/example_dags/example_kubernetes_executor_config.py took 0.152 seconds
[2021-09-14 18:51:56,766] {processor.py:162} INFO - Started process (PID=2229) to work on /home/airflow/.local/lib/python3.8/site-packages/airflow/example_dags/example_kubernetes_executor_config.py
[2021-09-14 18:51:56,770] {processor.py:613} INFO - Processing file /home/airflow/.local/lib/python3.8/site-packages/airflow/example_dags/example_kubernetes_executor_config.py for tasks to queue
[2021-09-14 18:51:56,774] {logging_mixin.py:109} INFO - [2021-09-14 18:51:56,774] {dagbag.py:496} INFO - Filling up the DagBag from /home/airflow/.local/lib/python3.8/site-packages/airflow/example_dags/example_kubernetes_executor_config.py
[2021-09-14 18:51:56,815] {processor.py:623} INFO - DAG(s) dict_keys(['example_kubernetes_executor_config']) retrieved from /home/airflow/.local/lib/python3.8/site-packages/airflow/example_dags/example_kubernetes_executor_config.py
[2021-09-14 18:51:56,853] {logging_mixin.py:109} INFO - [2021-09-14 18:51:56,853] {dag.py:1833} INFO - Sync 1 DAGs
[2021-09-14 18:51:56,954] {logging_mixin.py:109} INFO - [2021-09-14 18:51:56,954] {dag.py:2306} INFO - Setting next_dagrun for example_kubernetes_executor_config to None
[2021-09-14 18:51:56,963] {processor.py:170} INFO - Processing /home/airflow/.local/lib/python3.8/site-packages/airflow/example_dags/example_kubernetes_executor_config.py took 0.204 seconds
[2021-09-14 18:52:27,143] {processor.py:162} INFO - Started process (PID=2287) to work on /home/airflow/.local/lib/python3.8/site-packages/airflow/example_dags/example_kubernetes_executor_config.py
[2021-09-14 18:52:27,145] {processor.py:613} INFO - Processing file /home/airflow/.local/lib/python3.8/site-packages/airflow/example_dags/example_kubernetes_executor_config.py for tasks to queue
[2021-09-14 18:52:27,147] {logging_mixin.py:109} INFO - [2021-09-14 18:52:27,146] {dagbag.py:496} INFO - Filling up the DagBag from /home/airflow/.local/lib/python3.8/site-packages/airflow/example_dags/example_kubernetes_executor_config.py
[2021-09-14 18:52:27,161] {processor.py:623} INFO - DAG(s) dict_keys(['example_kubernetes_executor_config']) retrieved from /home/airflow/.local/lib/python3.8/site-packages/airflow/example_dags/example_kubernetes_executor_config.py
[2021-09-14 18:52:27,181] {logging_mixin.py:109} INFO - [2021-09-14 18:52:27,181] {dag.py:1833} INFO - Sync 1 DAGs
[2021-09-14 18:52:27,191] {logging_mixin.py:109} INFO - [2021-09-14 18:52:27,191] {dag.py:2306} INFO - Setting next_dagrun for example_kubernetes_executor_config to None
[2021-09-14 18:52:27,201] {processor.py:170} INFO - Processing /home/airflow/.local/lib/python3.8/site-packages/airflow/example_dags/example_kubernetes_executor_config.py took 0.061 seconds
[2021-09-14 18:52:57,611] {processor.py:162} INFO - Started process (PID=2335) to work on /home/airflow/.local/lib/python3.8/site-packages/airflow/example_dags/example_kubernetes_executor_config.py
[2021-09-14 18:52:57,617] {processor.py:613} INFO - Processing file /home/airflow/.local/lib/python3.8/site-packages/airflow/example_dags/example_kubernetes_executor_config.py for tasks to queue
[2021-09-14 18:52:57,618] {logging_mixin.py:109} INFO - [2021-09-14 18:52:57,617] {dagbag.py:496} INFO - Filling up the DagBag from /home/airflow/.local/lib/python3.8/site-packages/airflow/example_dags/example_kubernetes_executor_config.py
[2021-09-14 18:52:57,651] {processor.py:623} INFO - DAG(s) dict_keys(['example_kubernetes_executor_config']) retrieved from /home/airflow/.local/lib/python3.8/site-packages/airflow/example_dags/example_kubernetes_executor_config.py
[2021-09-14 18:52:57,704] {logging_mixin.py:109} INFO - [2021-09-14 18:52:57,704] {dag.py:1833} INFO - Sync 1 DAGs
[2021-09-14 18:52:57,749] {logging_mixin.py:109} INFO - [2021-09-14 18:52:57,748] {dag.py:2306} INFO - Setting next_dagrun for example_kubernetes_executor_config to None
[2021-09-14 18:52:57,782] {processor.py:170} INFO - Processing /home/airflow/.local/lib/python3.8/site-packages/airflow/example_dags/example_kubernetes_executor_config.py took 0.176 seconds
[2021-09-14 18:53:27,960] {processor.py:162} INFO - Started process (PID=2389) to work on /home/airflow/.local/lib/python3.8/site-packages/airflow/example_dags/example_kubernetes_executor_config.py
[2021-09-14 18:53:27,962] {processor.py:613} INFO - Processing file /home/airflow/.local/lib/python3.8/site-packages/airflow/example_dags/example_kubernetes_executor_config.py for tasks to queue
[2021-09-14 18:53:27,963] {logging_mixin.py:109} INFO - [2021-09-14 18:53:27,963] {dagbag.py:496} INFO - Filling up the DagBag from /home/airflow/.local/lib/python3.8/site-packages/airflow/example_dags/example_kubernetes_executor_config.py
[2021-09-14 18:53:27,977] {processor.py:623} INFO - DAG(s) dict_keys(['example_kubernetes_executor_config']) retrieved from /home/airflow/.local/lib/python3.8/site-packages/airflow/example_dags/example_kubernetes_executor_config.py
[2021-09-14 18:53:28,009] {logging_mixin.py:109} INFO - [2021-09-14 18:53:28,009] {dag.py:1833} INFO - Sync 1 DAGs
[2021-09-14 18:53:28,028] {logging_mixin.py:109} INFO - [2021-09-14 18:53:28,028] {dag.py:2306} INFO - Setting next_dagrun for example_kubernetes_executor_config to None
[2021-09-14 18:53:28,039] {processor.py:170} INFO - Processing /home/airflow/.local/lib/python3.8/site-packages/airflow/example_dags/example_kubernetes_executor_config.py took 0.081 seconds
[2021-09-14 18:53:58,993] {processor.py:162} INFO - Started process (PID=2437) to work on /home/airflow/.local/lib/python3.8/site-packages/airflow/example_dags/example_kubernetes_executor_config.py
[2021-09-14 18:53:58,995] {processor.py:613} INFO - Processing file /home/airflow/.local/lib/python3.8/site-packages/airflow/example_dags/example_kubernetes_executor_config.py for tasks to queue
[2021-09-14 18:53:58,996] {logging_mixin.py:109} INFO - [2021-09-14 18:53:58,996] {dagbag.py:496} INFO - Filling up the DagBag from /home/airflow/.local/lib/python3.8/site-packages/airflow/example_dags/example_kubernetes_executor_config.py
[2021-09-14 18:53:59,010] {processor.py:623} INFO - DAG(s) dict_keys(['example_kubernetes_executor_config']) retrieved from /home/airflow/.local/lib/python3.8/site-packages/airflow/example_dags/example_kubernetes_executor_config.py
[2021-09-14 18:53:59,032] {logging_mixin.py:109} INFO - [2021-09-14 18:53:59,032] {dag.py:1833} INFO - Sync 1 DAGs
[2021-09-14 18:53:59,046] {logging_mixin.py:109} INFO - [2021-09-14 18:53:59,046] {dag.py:2306} INFO - Setting next_dagrun for example_kubernetes_executor_config to None
[2021-09-14 18:53:59,054] {processor.py:170} INFO - Processing /home/airflow/.local/lib/python3.8/site-packages/airflow/example_dags/example_kubernetes_executor_config.py took 0.064 seconds
[2021-09-14 18:54:29,687] {processor.py:162} INFO - Started process (PID=2493) to work on /home/airflow/.local/lib/python3.8/site-packages/airflow/example_dags/example_kubernetes_executor_config.py
[2021-09-14 18:54:29,688] {processor.py:613} INFO - Processing file /home/airflow/.local/lib/python3.8/site-packages/airflow/example_dags/example_kubernetes_executor_config.py for tasks to queue
[2021-09-14 18:54:29,689] {logging_mixin.py:109} INFO - [2021-09-14 18:54:29,689] {dagbag.py:496} INFO - Filling up the DagBag from /home/airflow/.local/lib/python3.8/site-packages/airflow/example_dags/example_kubernetes_executor_config.py
[2021-09-14 18:54:29,699] {processor.py:623} INFO - DAG(s) dict_keys(['example_kubernetes_executor_config']) retrieved from /home/airflow/.local/lib/python3.8/site-packages/airflow/example_dags/example_kubernetes_executor_config.py
[2021-09-14 18:54:29,717] {logging_mixin.py:109} INFO - [2021-09-14 18:54:29,717] {dag.py:1833} INFO - Sync 1 DAGs
[2021-09-14 18:54:29,727] {logging_mixin.py:109} INFO - [2021-09-14 18:54:29,727] {dag.py:2306} INFO - Setting next_dagrun for example_kubernetes_executor_config to None
[2021-09-14 18:54:29,736] {processor.py:170} INFO - Processing /home/airflow/.local/lib/python3.8/site-packages/airflow/example_dags/example_kubernetes_executor_config.py took 0.052 seconds
[2021-09-14 18:55:00,038] {processor.py:162} INFO - Started process (PID=2548) to work on /home/airflow/.local/lib/python3.8/site-packages/airflow/example_dags/example_kubernetes_executor_config.py
[2021-09-14 18:55:00,039] {processor.py:613} INFO - Processing file /home/airflow/.local/lib/python3.8/site-packages/airflow/example_dags/example_kubernetes_executor_config.py for tasks to queue
[2021-09-14 18:55:00,039] {logging_mixin.py:109} INFO - [2021-09-14 18:55:00,039] {dagbag.py:496} INFO - Filling up the DagBag from /home/airflow/.local/lib/python3.8/site-packages/airflow/example_dags/example_kubernetes_executor_config.py
[2021-09-14 18:55:00,052] {processor.py:623} INFO - DAG(s) dict_keys(['example_kubernetes_executor_config']) retrieved from /home/airflow/.local/lib/python3.8/site-packages/airflow/example_dags/example_kubernetes_executor_config.py
[2021-09-14 18:55:00,072] {logging_mixin.py:109} INFO - [2021-09-14 18:55:00,072] {dag.py:1833} INFO - Sync 1 DAGs
[2021-09-14 18:55:00,083] {logging_mixin.py:109} INFO - [2021-09-14 18:55:00,083] {dag.py:2306} INFO - Setting next_dagrun for example_kubernetes_executor_config to None
[2021-09-14 18:55:00,096] {processor.py:170} INFO - Processing /home/airflow/.local/lib/python3.8/site-packages/airflow/example_dags/example_kubernetes_executor_config.py took 0.063 seconds
[2021-09-14 18:55:30,304] {processor.py:162} INFO - Started process (PID=2595) to work on /home/airflow/.local/lib/python3.8/site-packages/airflow/example_dags/example_kubernetes_executor_config.py
[2021-09-14 18:55:30,305] {processor.py:613} INFO - Processing file /home/airflow/.local/lib/python3.8/site-packages/airflow/example_dags/example_kubernetes_executor_config.py for tasks to queue
[2021-09-14 18:55:30,305] {logging_mixin.py:109} INFO - [2021-09-14 18:55:30,305] {dagbag.py:496} INFO - Filling up the DagBag from /home/airflow/.local/lib/python3.8/site-packages/airflow/example_dags/example_kubernetes_executor_config.py
[2021-09-14 18:55:30,316] {processor.py:623} INFO - DAG(s) dict_keys(['example_kubernetes_executor_config']) retrieved from /home/airflow/.local/lib/python3.8/site-packages/airflow/example_dags/example_kubernetes_executor_config.py
[2021-09-14 18:55:30,339] {logging_mixin.py:109} INFO - [2021-09-14 18:55:30,339] {dag.py:1833} INFO - Sync 1 DAGs
[2021-09-14 18:55:30,354] {logging_mixin.py:109} INFO - [2021-09-14 18:55:30,354] {dag.py:2306} INFO - Setting next_dagrun for example_kubernetes_executor_config to None
[2021-09-14 18:55:30,366] {processor.py:170} INFO - Processing /home/airflow/.local/lib/python3.8/site-packages/airflow/example_dags/example_kubernetes_executor_config.py took 0.065 seconds
[2021-09-14 18:56:01,191] {processor.py:162} INFO - Started process (PID=2650) to work on /home/airflow/.local/lib/python3.8/site-packages/airflow/example_dags/example_kubernetes_executor_config.py
[2021-09-14 18:56:01,192] {processor.py:613} INFO - Processing file /home/airflow/.local/lib/python3.8/site-packages/airflow/example_dags/example_kubernetes_executor_config.py for tasks to queue
[2021-09-14 18:56:01,193] {logging_mixin.py:109} INFO - [2021-09-14 18:56:01,193] {dagbag.py:496} INFO - Filling up the DagBag from /home/airflow/.local/lib/python3.8/site-packages/airflow/example_dags/example_kubernetes_executor_config.py
[2021-09-14 18:56:01,203] {processor.py:623} INFO - DAG(s) dict_keys(['example_kubernetes_executor_config']) retrieved from /home/airflow/.local/lib/python3.8/site-packages/airflow/example_dags/example_kubernetes_executor_config.py
[2021-09-14 18:56:01,223] {logging_mixin.py:109} INFO - [2021-09-14 18:56:01,222] {dag.py:1833} INFO - Sync 1 DAGs
[2021-09-14 18:56:01,234] {logging_mixin.py:109} INFO - [2021-09-14 18:56:01,233] {dag.py:2306} INFO - Setting next_dagrun for example_kubernetes_executor_config to None
[2021-09-14 18:56:01,249] {processor.py:170} INFO - Processing /home/airflow/.local/lib/python3.8/site-packages/airflow/example_dags/example_kubernetes_executor_config.py took 0.061 seconds
[2021-09-14 18:56:31,640] {processor.py:162} INFO - Started process (PID=2698) to work on /home/airflow/.local/lib/python3.8/site-packages/airflow/example_dags/example_kubernetes_executor_config.py
[2021-09-14 18:56:31,642] {processor.py:613} INFO - Processing file /home/airflow/.local/lib/python3.8/site-packages/airflow/example_dags/example_kubernetes_executor_config.py for tasks to queue
[2021-09-14 18:56:31,644] {logging_mixin.py:109} INFO - [2021-09-14 18:56:31,643] {dagbag.py:496} INFO - Filling up the DagBag from /home/airflow/.local/lib/python3.8/site-packages/airflow/example_dags/example_kubernetes_executor_config.py
[2021-09-14 18:56:31,664] {processor.py:623} INFO - DAG(s) dict_keys(['example_kubernetes_executor_config']) retrieved from /home/airflow/.local/lib/python3.8/site-packages/airflow/example_dags/example_kubernetes_executor_config.py
[2021-09-14 18:56:31,701] {logging_mixin.py:109} INFO - [2021-09-14 18:56:31,701] {dag.py:1833} INFO - Sync 1 DAGs
[2021-09-14 18:56:31,723] {logging_mixin.py:109} INFO - [2021-09-14 18:56:31,723] {dag.py:2306} INFO - Setting next_dagrun for example_kubernetes_executor_config to None
[2021-09-14 18:56:31,743] {processor.py:170} INFO - Processing /home/airflow/.local/lib/python3.8/site-packages/airflow/example_dags/example_kubernetes_executor_config.py took 0.107 seconds
[2021-09-14 18:57:02,193] {processor.py:162} INFO - Started process (PID=2756) to work on /home/airflow/.local/lib/python3.8/site-packages/airflow/example_dags/example_kubernetes_executor_config.py
[2021-09-14 18:57:02,194] {processor.py:613} INFO - Processing file /home/airflow/.local/lib/python3.8/site-packages/airflow/example_dags/example_kubernetes_executor_config.py for tasks to queue
[2021-09-14 18:57:02,194] {logging_mixin.py:109} INFO - [2021-09-14 18:57:02,194] {dagbag.py:496} INFO - Filling up the DagBag from /home/airflow/.local/lib/python3.8/site-packages/airflow/example_dags/example_kubernetes_executor_config.py
[2021-09-14 18:57:02,204] {processor.py:623} INFO - DAG(s) dict_keys(['example_kubernetes_executor_config']) retrieved from /home/airflow/.local/lib/python3.8/site-packages/airflow/example_dags/example_kubernetes_executor_config.py
[2021-09-14 18:57:02,224] {logging_mixin.py:109} INFO - [2021-09-14 18:57:02,224] {dag.py:1833} INFO - Sync 1 DAGs
[2021-09-14 18:57:02,236] {logging_mixin.py:109} INFO - [2021-09-14 18:57:02,236] {dag.py:2306} INFO - Setting next_dagrun for example_kubernetes_executor_config to None
[2021-09-14 18:57:02,245] {processor.py:170} INFO - Processing /home/airflow/.local/lib/python3.8/site-packages/airflow/example_dags/example_kubernetes_executor_config.py took 0.055 seconds
[2021-09-14 18:57:32,629] {processor.py:162} INFO - Started process (PID=2811) to work on /home/airflow/.local/lib/python3.8/site-packages/airflow/example_dags/example_kubernetes_executor_config.py
[2021-09-14 18:57:32,632] {processor.py:613} INFO - Processing file /home/airflow/.local/lib/python3.8/site-packages/airflow/example_dags/example_kubernetes_executor_config.py for tasks to queue
[2021-09-14 18:57:32,633] {logging_mixin.py:109} INFO - [2021-09-14 18:57:32,633] {dagbag.py:496} INFO - Filling up the DagBag from /home/airflow/.local/lib/python3.8/site-packages/airflow/example_dags/example_kubernetes_executor_config.py
[2021-09-14 18:57:32,647] {processor.py:623} INFO - DAG(s) dict_keys(['example_kubernetes_executor_config']) retrieved from /home/airflow/.local/lib/python3.8/site-packages/airflow/example_dags/example_kubernetes_executor_config.py
[2021-09-14 18:57:32,674] {logging_mixin.py:109} INFO - [2021-09-14 18:57:32,674] {dag.py:1833} INFO - Sync 1 DAGs
[2021-09-14 18:57:32,697] {logging_mixin.py:109} INFO - [2021-09-14 18:57:32,697] {dag.py:2306} INFO - Setting next_dagrun for example_kubernetes_executor_config to None
[2021-09-14 18:57:32,706] {processor.py:170} INFO - Processing /home/airflow/.local/lib/python3.8/site-packages/airflow/example_dags/example_kubernetes_executor_config.py took 0.081 seconds
[2021-09-14 18:58:03,412] {processor.py:162} INFO - Started process (PID=2858) to work on /home/airflow/.local/lib/python3.8/site-packages/airflow/example_dags/example_kubernetes_executor_config.py
[2021-09-14 18:58:03,413] {processor.py:613} INFO - Processing file /home/airflow/.local/lib/python3.8/site-packages/airflow/example_dags/example_kubernetes_executor_config.py for tasks to queue
[2021-09-14 18:58:03,414] {logging_mixin.py:109} INFO - [2021-09-14 18:58:03,414] {dagbag.py:496} INFO - Filling up the DagBag from /home/airflow/.local/lib/python3.8/site-packages/airflow/example_dags/example_kubernetes_executor_config.py
[2021-09-14 18:58:03,429] {processor.py:623} INFO - DAG(s) dict_keys(['example_kubernetes_executor_config']) retrieved from /home/airflow/.local/lib/python3.8/site-packages/airflow/example_dags/example_kubernetes_executor_config.py
[2021-09-14 18:58:03,450] {logging_mixin.py:109} INFO - [2021-09-14 18:58:03,450] {dag.py:1833} INFO - Sync 1 DAGs
[2021-09-14 18:58:03,468] {logging_mixin.py:109} INFO - [2021-09-14 18:58:03,468] {dag.py:2306} INFO - Setting next_dagrun for example_kubernetes_executor_config to None
[2021-09-14 18:58:03,478] {processor.py:170} INFO - Processing /home/airflow/.local/lib/python3.8/site-packages/airflow/example_dags/example_kubernetes_executor_config.py took 0.068 seconds
[2021-09-14 18:58:33,887] {processor.py:162} INFO - Started process (PID=2915) to work on /home/airflow/.local/lib/python3.8/site-packages/airflow/example_dags/example_kubernetes_executor_config.py
[2021-09-14 18:58:33,888] {processor.py:613} INFO - Processing file /home/airflow/.local/lib/python3.8/site-packages/airflow/example_dags/example_kubernetes_executor_config.py for tasks to queue
[2021-09-14 18:58:33,889] {logging_mixin.py:109} INFO - [2021-09-14 18:58:33,889] {dagbag.py:496} INFO - Filling up the DagBag from /home/airflow/.local/lib/python3.8/site-packages/airflow/example_dags/example_kubernetes_executor_config.py
[2021-09-14 18:58:33,904] {processor.py:623} INFO - DAG(s) dict_keys(['example_kubernetes_executor_config']) retrieved from /home/airflow/.local/lib/python3.8/site-packages/airflow/example_dags/example_kubernetes_executor_config.py
[2021-09-14 18:58:33,926] {logging_mixin.py:109} INFO - [2021-09-14 18:58:33,926] {dag.py:1833} INFO - Sync 1 DAGs
[2021-09-14 18:58:33,940] {logging_mixin.py:109} INFO - [2021-09-14 18:58:33,940] {dag.py:2306} INFO - Setting next_dagrun for example_kubernetes_executor_config to None
[2021-09-14 18:58:33,954] {processor.py:170} INFO - Processing /home/airflow/.local/lib/python3.8/site-packages/airflow/example_dags/example_kubernetes_executor_config.py took 0.070 seconds
[2021-09-14 18:59:04,107] {processor.py:162} INFO - Started process (PID=2963) to work on /home/airflow/.local/lib/python3.8/site-packages/airflow/example_dags/example_kubernetes_executor_config.py
[2021-09-14 18:59:04,108] {processor.py:613} INFO - Processing file /home/airflow/.local/lib/python3.8/site-packages/airflow/example_dags/example_kubernetes_executor_config.py for tasks to queue
[2021-09-14 18:59:04,109] {logging_mixin.py:109} INFO - [2021-09-14 18:59:04,109] {dagbag.py:496} INFO - Filling up the DagBag from /home/airflow/.local/lib/python3.8/site-packages/airflow/example_dags/example_kubernetes_executor_config.py
[2021-09-14 18:59:04,118] {processor.py:623} INFO - DAG(s) dict_keys(['example_kubernetes_executor_config']) retrieved from /home/airflow/.local/lib/python3.8/site-packages/airflow/example_dags/example_kubernetes_executor_config.py
[2021-09-14 18:59:04,135] {logging_mixin.py:109} INFO - [2021-09-14 18:59:04,135] {dag.py:1833} INFO - Sync 1 DAGs
[2021-09-14 18:59:04,145] {logging_mixin.py:109} INFO - [2021-09-14 18:59:04,145] {dag.py:2306} INFO - Setting next_dagrun for example_kubernetes_executor_config to None
[2021-09-14 18:59:04,152] {processor.py:170} INFO - Processing /home/airflow/.local/lib/python3.8/site-packages/airflow/example_dags/example_kubernetes_executor_config.py took 0.048 seconds
[2021-09-14 18:59:34,326] {processor.py:162} INFO - Started process (PID=3018) to work on /home/airflow/.local/lib/python3.8/site-packages/airflow/example_dags/example_kubernetes_executor_config.py
[2021-09-14 18:59:34,329] {processor.py:613} INFO - Processing file /home/airflow/.local/lib/python3.8/site-packages/airflow/example_dags/example_kubernetes_executor_config.py for tasks to queue
[2021-09-14 18:59:34,334] {logging_mixin.py:109} INFO - [2021-09-14 18:59:34,334] {dagbag.py:496} INFO - Filling up the DagBag from /home/airflow/.local/lib/python3.8/site-packages/airflow/example_dags/example_kubernetes_executor_config.py
[2021-09-14 18:59:34,356] {processor.py:623} INFO - DAG(s) dict_keys(['example_kubernetes_executor_config']) retrieved from /home/airflow/.local/lib/python3.8/site-packages/airflow/example_dags/example_kubernetes_executor_config.py
[2021-09-14 18:59:34,383] {logging_mixin.py:109} INFO - [2021-09-14 18:59:34,383] {dag.py:1833} INFO - Sync 1 DAGs
[2021-09-14 18:59:34,399] {logging_mixin.py:109} INFO - [2021-09-14 18:59:34,398] {dag.py:2306} INFO - Setting next_dagrun for example_kubernetes_executor_config to None
[2021-09-14 18:59:34,411] {processor.py:170} INFO - Processing /home/airflow/.local/lib/python3.8/site-packages/airflow/example_dags/example_kubernetes_executor_config.py took 0.089 seconds
[2021-09-14 19:00:05,432] {processor.py:162} INFO - Started process (PID=3076) to work on /home/airflow/.local/lib/python3.8/site-packages/airflow/example_dags/example_kubernetes_executor_config.py
[2021-09-14 19:00:05,433] {processor.py:613} INFO - Processing file /home/airflow/.local/lib/python3.8/site-packages/airflow/example_dags/example_kubernetes_executor_config.py for tasks to queue
[2021-09-14 19:00:05,433] {logging_mixin.py:109} INFO - [2021-09-14 19:00:05,433] {dagbag.py:496} INFO - Filling up the DagBag from /home/airflow/.local/lib/python3.8/site-packages/airflow/example_dags/example_kubernetes_executor_config.py
[2021-09-14 19:00:05,451] {processor.py:623} INFO - DAG(s) dict_keys(['example_kubernetes_executor_config']) retrieved from /home/airflow/.local/lib/python3.8/site-packages/airflow/example_dags/example_kubernetes_executor_config.py
[2021-09-14 19:00:05,490] {logging_mixin.py:109} INFO - [2021-09-14 19:00:05,490] {dag.py:1833} INFO - Sync 1 DAGs
[2021-09-14 19:00:05,526] {logging_mixin.py:109} INFO - [2021-09-14 19:00:05,526] {dag.py:2306} INFO - Setting next_dagrun for example_kubernetes_executor_config to None
[2021-09-14 19:00:05,542] {processor.py:170} INFO - Processing /home/airflow/.local/lib/python3.8/site-packages/airflow/example_dags/example_kubernetes_executor_config.py took 0.113 seconds
[2021-09-14 19:00:35,908] {processor.py:162} INFO - Started process (PID=3125) to work on /home/airflow/.local/lib/python3.8/site-packages/airflow/example_dags/example_kubernetes_executor_config.py
[2021-09-14 19:00:35,909] {processor.py:613} INFO - Processing file /home/airflow/.local/lib/python3.8/site-packages/airflow/example_dags/example_kubernetes_executor_config.py for tasks to queue
[2021-09-14 19:00:35,910] {logging_mixin.py:109} INFO - [2021-09-14 19:00:35,910] {dagbag.py:496} INFO - Filling up the DagBag from /home/airflow/.local/lib/python3.8/site-packages/airflow/example_dags/example_kubernetes_executor_config.py
[2021-09-14 19:00:35,920] {processor.py:623} INFO - DAG(s) dict_keys(['example_kubernetes_executor_config']) retrieved from /home/airflow/.local/lib/python3.8/site-packages/airflow/example_dags/example_kubernetes_executor_config.py
[2021-09-14 19:00:35,942] {logging_mixin.py:109} INFO - [2021-09-14 19:00:35,941] {dag.py:1833} INFO - Sync 1 DAGs
[2021-09-14 19:00:35,953] {logging_mixin.py:109} INFO - [2021-09-14 19:00:35,952] {dag.py:2306} INFO - Setting next_dagrun for example_kubernetes_executor_config to None
[2021-09-14 19:00:35,962] {processor.py:170} INFO - Processing /home/airflow/.local/lib/python3.8/site-packages/airflow/example_dags/example_kubernetes_executor_config.py took 0.057 seconds
[2021-09-14 19:01:06,821] {processor.py:162} INFO - Started process (PID=3181) to work on /home/airflow/.local/lib/python3.8/site-packages/airflow/example_dags/example_kubernetes_executor_config.py
[2021-09-14 19:01:06,822] {processor.py:613} INFO - Processing file /home/airflow/.local/lib/python3.8/site-packages/airflow/example_dags/example_kubernetes_executor_config.py for tasks to queue
[2021-09-14 19:01:06,823] {logging_mixin.py:109} INFO - [2021-09-14 19:01:06,823] {dagbag.py:496} INFO - Filling up the DagBag from /home/airflow/.local/lib/python3.8/site-packages/airflow/example_dags/example_kubernetes_executor_config.py
[2021-09-14 19:01:06,838] {processor.py:623} INFO - DAG(s) dict_keys(['example_kubernetes_executor_config']) retrieved from /home/airflow/.local/lib/python3.8/site-packages/airflow/example_dags/example_kubernetes_executor_config.py
[2021-09-14 19:01:06,870] {logging_mixin.py:109} INFO - [2021-09-14 19:01:06,870] {dag.py:1833} INFO - Sync 1 DAGs
[2021-09-14 19:01:06,887] {logging_mixin.py:109} INFO - [2021-09-14 19:01:06,886] {dag.py:2306} INFO - Setting next_dagrun for example_kubernetes_executor_config to None
[2021-09-14 19:01:06,908] {processor.py:170} INFO - Processing /home/airflow/.local/lib/python3.8/site-packages/airflow/example_dags/example_kubernetes_executor_config.py took 0.090 seconds
[2021-09-14 19:01:37,196] {processor.py:162} INFO - Started process (PID=3229) to work on /home/airflow/.local/lib/python3.8/site-packages/airflow/example_dags/example_kubernetes_executor_config.py
[2021-09-14 19:01:37,198] {processor.py:613} INFO - Processing file /home/airflow/.local/lib/python3.8/site-packages/airflow/example_dags/example_kubernetes_executor_config.py for tasks to queue
[2021-09-14 19:01:37,198] {logging_mixin.py:109} INFO - [2021-09-14 19:01:37,198] {dagbag.py:496} INFO - Filling up the DagBag from /home/airflow/.local/lib/python3.8/site-packages/airflow/example_dags/example_kubernetes_executor_config.py
[2021-09-14 19:01:37,214] {processor.py:623} INFO - DAG(s) dict_keys(['example_kubernetes_executor_config']) retrieved from /home/airflow/.local/lib/python3.8/site-packages/airflow/example_dags/example_kubernetes_executor_config.py
[2021-09-14 19:01:37,240] {logging_mixin.py:109} INFO - [2021-09-14 19:01:37,240] {dag.py:1833} INFO - Sync 1 DAGs
[2021-09-14 19:01:37,267] {logging_mixin.py:109} INFO - [2021-09-14 19:01:37,267] {dag.py:2306} INFO - Setting next_dagrun for example_kubernetes_executor_config to None
[2021-09-14 19:01:37,282] {processor.py:170} INFO - Processing /home/airflow/.local/lib/python3.8/site-packages/airflow/example_dags/example_kubernetes_executor_config.py took 0.089 seconds
[2021-09-14 19:02:08,215] {processor.py:162} INFO - Started process (PID=3287) to work on /home/airflow/.local/lib/python3.8/site-packages/airflow/example_dags/example_kubernetes_executor_config.py
[2021-09-14 19:02:08,216] {processor.py:613} INFO - Processing file /home/airflow/.local/lib/python3.8/site-packages/airflow/example_dags/example_kubernetes_executor_config.py for tasks to queue
[2021-09-14 19:02:08,217] {logging_mixin.py:109} INFO - [2021-09-14 19:02:08,217] {dagbag.py:496} INFO - Filling up the DagBag from /home/airflow/.local/lib/python3.8/site-packages/airflow/example_dags/example_kubernetes_executor_config.py
[2021-09-14 19:02:08,227] {processor.py:623} INFO - DAG(s) dict_keys(['example_kubernetes_executor_config']) retrieved from /home/airflow/.local/lib/python3.8/site-packages/airflow/example_dags/example_kubernetes_executor_config.py
[2021-09-14 19:02:08,248] {logging_mixin.py:109} INFO - [2021-09-14 19:02:08,248] {dag.py:1833} INFO - Sync 1 DAGs
[2021-09-14 19:02:08,259] {logging_mixin.py:109} INFO - [2021-09-14 19:02:08,259] {dag.py:2306} INFO - Setting next_dagrun for example_kubernetes_executor_config to None
[2021-09-14 19:02:08,268] {processor.py:170} INFO - Processing /home/airflow/.local/lib/python3.8/site-packages/airflow/example_dags/example_kubernetes_executor_config.py took 0.056 seconds
[2021-09-14 19:02:38,682] {processor.py:162} INFO - Started process (PID=3344) to work on /home/airflow/.local/lib/python3.8/site-packages/airflow/example_dags/example_kubernetes_executor_config.py
[2021-09-14 19:02:38,683] {processor.py:613} INFO - Processing file /home/airflow/.local/lib/python3.8/site-packages/airflow/example_dags/example_kubernetes_executor_config.py for tasks to queue
[2021-09-14 19:02:38,684] {logging_mixin.py:109} INFO - [2021-09-14 19:02:38,684] {dagbag.py:496} INFO - Filling up the DagBag from /home/airflow/.local/lib/python3.8/site-packages/airflow/example_dags/example_kubernetes_executor_config.py
[2021-09-14 19:02:38,694] {processor.py:623} INFO - DAG(s) dict_keys(['example_kubernetes_executor_config']) retrieved from /home/airflow/.local/lib/python3.8/site-packages/airflow/example_dags/example_kubernetes_executor_config.py
[2021-09-14 19:02:38,711] {logging_mixin.py:109} INFO - [2021-09-14 19:02:38,711] {dag.py:1833} INFO - Sync 1 DAGs
[2021-09-14 19:02:38,721] {logging_mixin.py:109} INFO - [2021-09-14 19:02:38,721] {dag.py:2306} INFO - Setting next_dagrun for example_kubernetes_executor_config to None
[2021-09-14 19:02:38,729] {processor.py:170} INFO - Processing /home/airflow/.local/lib/python3.8/site-packages/airflow/example_dags/example_kubernetes_executor_config.py took 0.050 seconds
[2021-09-14 19:03:09,266] {processor.py:162} INFO - Started process (PID=3391) to work on /home/airflow/.local/lib/python3.8/site-packages/airflow/example_dags/example_kubernetes_executor_config.py
[2021-09-14 19:03:09,267] {processor.py:613} INFO - Processing file /home/airflow/.local/lib/python3.8/site-packages/airflow/example_dags/example_kubernetes_executor_config.py for tasks to queue
[2021-09-14 19:03:09,268] {logging_mixin.py:109} INFO - [2021-09-14 19:03:09,268] {dagbag.py:496} INFO - Filling up the DagBag from /home/airflow/.local/lib/python3.8/site-packages/airflow/example_dags/example_kubernetes_executor_config.py
[2021-09-14 19:03:09,282] {processor.py:623} INFO - DAG(s) dict_keys(['example_kubernetes_executor_config']) retrieved from /home/airflow/.local/lib/python3.8/site-packages/airflow/example_dags/example_kubernetes_executor_config.py
[2021-09-14 19:03:09,300] {logging_mixin.py:109} INFO - [2021-09-14 19:03:09,299] {dag.py:1833} INFO - Sync 1 DAGs
[2021-09-14 19:03:09,309] {logging_mixin.py:109} INFO - [2021-09-14 19:03:09,309] {dag.py:2306} INFO - Setting next_dagrun for example_kubernetes_executor_config to None
[2021-09-14 19:03:09,318] {processor.py:170} INFO - Processing /home/airflow/.local/lib/python3.8/site-packages/airflow/example_dags/example_kubernetes_executor_config.py took 0.055 seconds
[2021-09-14 19:03:39,766] {processor.py:162} INFO - Started process (PID=3449) to work on /home/airflow/.local/lib/python3.8/site-packages/airflow/example_dags/example_kubernetes_executor_config.py
[2021-09-14 19:03:39,769] {processor.py:613} INFO - Processing file /home/airflow/.local/lib/python3.8/site-packages/airflow/example_dags/example_kubernetes_executor_config.py for tasks to queue
[2021-09-14 19:03:39,769] {logging_mixin.py:109} INFO - [2021-09-14 19:03:39,769] {dagbag.py:496} INFO - Filling up the DagBag from /home/airflow/.local/lib/python3.8/site-packages/airflow/example_dags/example_kubernetes_executor_config.py
[2021-09-14 19:03:39,781] {processor.py:623} INFO - DAG(s) dict_keys(['example_kubernetes_executor_config']) retrieved from /home/airflow/.local/lib/python3.8/site-packages/airflow/example_dags/example_kubernetes_executor_config.py
[2021-09-14 19:03:39,812] {logging_mixin.py:109} INFO - [2021-09-14 19:03:39,812] {dag.py:1833} INFO - Sync 1 DAGs
[2021-09-14 19:03:39,829] {logging_mixin.py:109} INFO - [2021-09-14 19:03:39,829] {dag.py:2306} INFO - Setting next_dagrun for example_kubernetes_executor_config to None
[2021-09-14 19:03:39,838] {processor.py:170} INFO - Processing /home/airflow/.local/lib/python3.8/site-packages/airflow/example_dags/example_kubernetes_executor_config.py took 0.075 seconds
