[2021-09-14 18:32:02,984] {processor.py:162} INFO - Started process (PID=90) to work on /home/airflow/.local/lib/python3.8/site-packages/airflow/example_dags/example_latest_only.py
[2021-09-14 18:32:02,985] {processor.py:613} INFO - Processing file /home/airflow/.local/lib/python3.8/site-packages/airflow/example_dags/example_latest_only.py for tasks to queue
[2021-09-14 18:32:02,985] {logging_mixin.py:109} INFO - [2021-09-14 18:32:02,985] {dagbag.py:496} INFO - Filling up the DagBag from /home/airflow/.local/lib/python3.8/site-packages/airflow/example_dags/example_latest_only.py
[2021-09-14 18:32:02,995] {processor.py:623} INFO - DAG(s) dict_keys(['latest_only']) retrieved from /home/airflow/.local/lib/python3.8/site-packages/airflow/example_dags/example_latest_only.py
[2021-09-14 18:32:04,722] {logging_mixin.py:109} INFO - [2021-09-14 18:32:04,722] {dag.py:1833} INFO - Sync 1 DAGs
[2021-09-14 18:32:04,727] {logging_mixin.py:109} INFO - [2021-09-14 18:32:04,727] {dag.py:1852} INFO - Creating ORM DAG for latest_only
[2021-09-14 18:32:04,806] {logging_mixin.py:109} INFO - [2021-09-14 18:32:04,805] {dag.py:2306} INFO - Setting next_dagrun for latest_only to 2021-09-12 00:00:00+00:00
[2021-09-14 18:32:04,814] {processor.py:170} INFO - Processing /home/airflow/.local/lib/python3.8/site-packages/airflow/example_dags/example_latest_only.py took 1.834 seconds
[2021-09-14 18:32:34,974] {processor.py:162} INFO - Started process (PID=226) to work on /home/airflow/.local/lib/python3.8/site-packages/airflow/example_dags/example_latest_only.py
[2021-09-14 18:32:34,975] {processor.py:613} INFO - Processing file /home/airflow/.local/lib/python3.8/site-packages/airflow/example_dags/example_latest_only.py for tasks to queue
[2021-09-14 18:32:34,976] {logging_mixin.py:109} INFO - [2021-09-14 18:32:34,976] {dagbag.py:496} INFO - Filling up the DagBag from /home/airflow/.local/lib/python3.8/site-packages/airflow/example_dags/example_latest_only.py
[2021-09-14 18:32:34,984] {processor.py:623} INFO - DAG(s) dict_keys(['latest_only']) retrieved from /home/airflow/.local/lib/python3.8/site-packages/airflow/example_dags/example_latest_only.py
[2021-09-14 18:32:34,998] {logging_mixin.py:109} INFO - [2021-09-14 18:32:34,998] {dag.py:1833} INFO - Sync 1 DAGs
[2021-09-14 18:32:35,010] {logging_mixin.py:109} INFO - [2021-09-14 18:32:35,010] {dag.py:2306} INFO - Setting next_dagrun for latest_only to 2021-09-12 00:00:00+00:00
[2021-09-14 18:32:35,020] {processor.py:170} INFO - Processing /home/airflow/.local/lib/python3.8/site-packages/airflow/example_dags/example_latest_only.py took 0.048 seconds
[2021-09-14 18:33:05,685] {processor.py:162} INFO - Started process (PID=282) to work on /home/airflow/.local/lib/python3.8/site-packages/airflow/example_dags/example_latest_only.py
[2021-09-14 18:33:05,686] {processor.py:613} INFO - Processing file /home/airflow/.local/lib/python3.8/site-packages/airflow/example_dags/example_latest_only.py for tasks to queue
[2021-09-14 18:33:05,686] {logging_mixin.py:109} INFO - [2021-09-14 18:33:05,686] {dagbag.py:496} INFO - Filling up the DagBag from /home/airflow/.local/lib/python3.8/site-packages/airflow/example_dags/example_latest_only.py
[2021-09-14 18:33:05,698] {processor.py:623} INFO - DAG(s) dict_keys(['latest_only']) retrieved from /home/airflow/.local/lib/python3.8/site-packages/airflow/example_dags/example_latest_only.py
[2021-09-14 18:33:05,718] {logging_mixin.py:109} INFO - [2021-09-14 18:33:05,718] {dag.py:1833} INFO - Sync 1 DAGs
[2021-09-14 18:33:05,740] {logging_mixin.py:109} INFO - [2021-09-14 18:33:05,740] {dag.py:2306} INFO - Setting next_dagrun for latest_only to 2021-09-12 00:00:00+00:00
[2021-09-14 18:33:05,755] {processor.py:170} INFO - Processing /home/airflow/.local/lib/python3.8/site-packages/airflow/example_dags/example_latest_only.py took 0.075 seconds
[2021-09-14 18:33:36,442] {processor.py:162} INFO - Started process (PID=329) to work on /home/airflow/.local/lib/python3.8/site-packages/airflow/example_dags/example_latest_only.py
[2021-09-14 18:33:36,443] {processor.py:613} INFO - Processing file /home/airflow/.local/lib/python3.8/site-packages/airflow/example_dags/example_latest_only.py for tasks to queue
[2021-09-14 18:33:36,444] {logging_mixin.py:109} INFO - [2021-09-14 18:33:36,444] {dagbag.py:496} INFO - Filling up the DagBag from /home/airflow/.local/lib/python3.8/site-packages/airflow/example_dags/example_latest_only.py
[2021-09-14 18:33:36,452] {processor.py:623} INFO - DAG(s) dict_keys(['latest_only']) retrieved from /home/airflow/.local/lib/python3.8/site-packages/airflow/example_dags/example_latest_only.py
[2021-09-14 18:33:36,469] {logging_mixin.py:109} INFO - [2021-09-14 18:33:36,469] {dag.py:1833} INFO - Sync 1 DAGs
[2021-09-14 18:33:36,481] {logging_mixin.py:109} INFO - [2021-09-14 18:33:36,481] {dag.py:2306} INFO - Setting next_dagrun for latest_only to 2021-09-12 00:00:00+00:00
[2021-09-14 18:33:36,491] {processor.py:170} INFO - Processing /home/airflow/.local/lib/python3.8/site-packages/airflow/example_dags/example_latest_only.py took 0.052 seconds
[2021-09-14 18:34:06,656] {processor.py:162} INFO - Started process (PID=386) to work on /home/airflow/.local/lib/python3.8/site-packages/airflow/example_dags/example_latest_only.py
[2021-09-14 18:34:06,660] {processor.py:613} INFO - Processing file /home/airflow/.local/lib/python3.8/site-packages/airflow/example_dags/example_latest_only.py for tasks to queue
[2021-09-14 18:34:06,661] {logging_mixin.py:109} INFO - [2021-09-14 18:34:06,661] {dagbag.py:496} INFO - Filling up the DagBag from /home/airflow/.local/lib/python3.8/site-packages/airflow/example_dags/example_latest_only.py
[2021-09-14 18:34:06,680] {processor.py:623} INFO - DAG(s) dict_keys(['latest_only']) retrieved from /home/airflow/.local/lib/python3.8/site-packages/airflow/example_dags/example_latest_only.py
[2021-09-14 18:34:06,759] {logging_mixin.py:109} INFO - [2021-09-14 18:34:06,759] {dag.py:1833} INFO - Sync 1 DAGs
[2021-09-14 18:34:06,785] {logging_mixin.py:109} INFO - [2021-09-14 18:34:06,785] {dag.py:2306} INFO - Setting next_dagrun for latest_only to 2021-09-12 00:00:00+00:00
[2021-09-14 18:34:06,811] {processor.py:170} INFO - Processing /home/airflow/.local/lib/python3.8/site-packages/airflow/example_dags/example_latest_only.py took 0.159 seconds
[2021-09-14 18:34:36,979] {processor.py:162} INFO - Started process (PID=434) to work on /home/airflow/.local/lib/python3.8/site-packages/airflow/example_dags/example_latest_only.py
[2021-09-14 18:34:36,980] {processor.py:613} INFO - Processing file /home/airflow/.local/lib/python3.8/site-packages/airflow/example_dags/example_latest_only.py for tasks to queue
[2021-09-14 18:34:36,980] {logging_mixin.py:109} INFO - [2021-09-14 18:34:36,980] {dagbag.py:496} INFO - Filling up the DagBag from /home/airflow/.local/lib/python3.8/site-packages/airflow/example_dags/example_latest_only.py
[2021-09-14 18:34:36,992] {processor.py:623} INFO - DAG(s) dict_keys(['latest_only']) retrieved from /home/airflow/.local/lib/python3.8/site-packages/airflow/example_dags/example_latest_only.py
[2021-09-14 18:34:37,014] {logging_mixin.py:109} INFO - [2021-09-14 18:34:37,014] {dag.py:1833} INFO - Sync 1 DAGs
[2021-09-14 18:34:37,034] {logging_mixin.py:109} INFO - [2021-09-14 18:34:37,033] {dag.py:2306} INFO - Setting next_dagrun for latest_only to 2021-09-12 00:00:00+00:00
[2021-09-14 18:34:37,049] {processor.py:170} INFO - Processing /home/airflow/.local/lib/python3.8/site-packages/airflow/example_dags/example_latest_only.py took 0.074 seconds
[2021-09-14 18:35:07,245] {processor.py:162} INFO - Started process (PID=489) to work on /home/airflow/.local/lib/python3.8/site-packages/airflow/example_dags/example_latest_only.py
[2021-09-14 18:35:07,250] {processor.py:613} INFO - Processing file /home/airflow/.local/lib/python3.8/site-packages/airflow/example_dags/example_latest_only.py for tasks to queue
[2021-09-14 18:35:07,250] {logging_mixin.py:109} INFO - [2021-09-14 18:35:07,250] {dagbag.py:496} INFO - Filling up the DagBag from /home/airflow/.local/lib/python3.8/site-packages/airflow/example_dags/example_latest_only.py
[2021-09-14 18:35:07,279] {processor.py:623} INFO - DAG(s) dict_keys(['latest_only']) retrieved from /home/airflow/.local/lib/python3.8/site-packages/airflow/example_dags/example_latest_only.py
[2021-09-14 18:35:07,310] {logging_mixin.py:109} INFO - [2021-09-14 18:35:07,310] {dag.py:1833} INFO - Sync 1 DAGs
[2021-09-14 18:35:07,330] {logging_mixin.py:109} INFO - [2021-09-14 18:35:07,330] {dag.py:2306} INFO - Setting next_dagrun for latest_only to 2021-09-12 00:00:00+00:00
[2021-09-14 18:35:07,349] {processor.py:170} INFO - Processing /home/airflow/.local/lib/python3.8/site-packages/airflow/example_dags/example_latest_only.py took 0.107 seconds
[2021-09-14 18:35:38,200] {processor.py:162} INFO - Started process (PID=536) to work on /home/airflow/.local/lib/python3.8/site-packages/airflow/example_dags/example_latest_only.py
[2021-09-14 18:35:38,201] {processor.py:613} INFO - Processing file /home/airflow/.local/lib/python3.8/site-packages/airflow/example_dags/example_latest_only.py for tasks to queue
[2021-09-14 18:35:38,202] {logging_mixin.py:109} INFO - [2021-09-14 18:35:38,201] {dagbag.py:496} INFO - Filling up the DagBag from /home/airflow/.local/lib/python3.8/site-packages/airflow/example_dags/example_latest_only.py
[2021-09-14 18:35:38,213] {processor.py:623} INFO - DAG(s) dict_keys(['latest_only']) retrieved from /home/airflow/.local/lib/python3.8/site-packages/airflow/example_dags/example_latest_only.py
[2021-09-14 18:35:38,237] {logging_mixin.py:109} INFO - [2021-09-14 18:35:38,237] {dag.py:1833} INFO - Sync 1 DAGs
[2021-09-14 18:35:38,261] {logging_mixin.py:109} INFO - [2021-09-14 18:35:38,261] {dag.py:2306} INFO - Setting next_dagrun for latest_only to 2021-09-12 00:00:00+00:00
[2021-09-14 18:35:38,271] {processor.py:170} INFO - Processing /home/airflow/.local/lib/python3.8/site-packages/airflow/example_dags/example_latest_only.py took 0.074 seconds
[2021-09-14 18:36:08,722] {processor.py:162} INFO - Started process (PID=591) to work on /home/airflow/.local/lib/python3.8/site-packages/airflow/example_dags/example_latest_only.py
[2021-09-14 18:36:08,730] {processor.py:613} INFO - Processing file /home/airflow/.local/lib/python3.8/site-packages/airflow/example_dags/example_latest_only.py for tasks to queue
[2021-09-14 18:36:08,732] {logging_mixin.py:109} INFO - [2021-09-14 18:36:08,732] {dagbag.py:496} INFO - Filling up the DagBag from /home/airflow/.local/lib/python3.8/site-packages/airflow/example_dags/example_latest_only.py
[2021-09-14 18:36:08,745] {processor.py:623} INFO - DAG(s) dict_keys(['latest_only']) retrieved from /home/airflow/.local/lib/python3.8/site-packages/airflow/example_dags/example_latest_only.py
[2021-09-14 18:36:08,790] {logging_mixin.py:109} INFO - [2021-09-14 18:36:08,789] {dag.py:1833} INFO - Sync 1 DAGs
[2021-09-14 18:36:08,803] {logging_mixin.py:109} INFO - [2021-09-14 18:36:08,803] {dag.py:2306} INFO - Setting next_dagrun for latest_only to 2021-09-12 00:00:00+00:00
[2021-09-14 18:36:08,814] {processor.py:170} INFO - Processing /home/airflow/.local/lib/python3.8/site-packages/airflow/example_dags/example_latest_only.py took 0.095 seconds
[2021-09-14 18:36:39,461] {processor.py:162} INFO - Started process (PID=638) to work on /home/airflow/.local/lib/python3.8/site-packages/airflow/example_dags/example_latest_only.py
[2021-09-14 18:36:39,462] {processor.py:613} INFO - Processing file /home/airflow/.local/lib/python3.8/site-packages/airflow/example_dags/example_latest_only.py for tasks to queue
[2021-09-14 18:36:39,466] {logging_mixin.py:109} INFO - [2021-09-14 18:36:39,464] {dagbag.py:496} INFO - Filling up the DagBag from /home/airflow/.local/lib/python3.8/site-packages/airflow/example_dags/example_latest_only.py
[2021-09-14 18:36:39,478] {processor.py:623} INFO - DAG(s) dict_keys(['latest_only']) retrieved from /home/airflow/.local/lib/python3.8/site-packages/airflow/example_dags/example_latest_only.py
[2021-09-14 18:36:39,554] {logging_mixin.py:109} INFO - [2021-09-14 18:36:39,554] {dag.py:1833} INFO - Sync 1 DAGs
[2021-09-14 18:36:39,575] {logging_mixin.py:109} INFO - [2021-09-14 18:36:39,575] {dag.py:2306} INFO - Setting next_dagrun for latest_only to 2021-09-12 00:00:00+00:00
[2021-09-14 18:36:39,601] {processor.py:170} INFO - Processing /home/airflow/.local/lib/python3.8/site-packages/airflow/example_dags/example_latest_only.py took 0.143 seconds
[2021-09-14 18:37:09,816] {processor.py:162} INFO - Started process (PID=696) to work on /home/airflow/.local/lib/python3.8/site-packages/airflow/example_dags/example_latest_only.py
[2021-09-14 18:37:09,881] {processor.py:613} INFO - Processing file /home/airflow/.local/lib/python3.8/site-packages/airflow/example_dags/example_latest_only.py for tasks to queue
[2021-09-14 18:37:09,882] {logging_mixin.py:109} INFO - [2021-09-14 18:37:09,882] {dagbag.py:496} INFO - Filling up the DagBag from /home/airflow/.local/lib/python3.8/site-packages/airflow/example_dags/example_latest_only.py
[2021-09-14 18:37:09,890] {processor.py:623} INFO - DAG(s) dict_keys(['latest_only']) retrieved from /home/airflow/.local/lib/python3.8/site-packages/airflow/example_dags/example_latest_only.py
[2021-09-14 18:37:09,924] {logging_mixin.py:109} INFO - [2021-09-14 18:37:09,924] {dag.py:1833} INFO - Sync 1 DAGs
[2021-09-14 18:37:09,934] {logging_mixin.py:109} INFO - [2021-09-14 18:37:09,934] {dag.py:2306} INFO - Setting next_dagrun for latest_only to 2021-09-12 00:00:00+00:00
[2021-09-14 18:37:09,941] {processor.py:170} INFO - Processing /home/airflow/.local/lib/python3.8/site-packages/airflow/example_dags/example_latest_only.py took 0.128 seconds
[2021-09-14 18:37:40,307] {processor.py:162} INFO - Started process (PID=752) to work on /home/airflow/.local/lib/python3.8/site-packages/airflow/example_dags/example_latest_only.py
[2021-09-14 18:37:40,308] {processor.py:613} INFO - Processing file /home/airflow/.local/lib/python3.8/site-packages/airflow/example_dags/example_latest_only.py for tasks to queue
[2021-09-14 18:37:40,309] {logging_mixin.py:109} INFO - [2021-09-14 18:37:40,309] {dagbag.py:496} INFO - Filling up the DagBag from /home/airflow/.local/lib/python3.8/site-packages/airflow/example_dags/example_latest_only.py
[2021-09-14 18:37:40,321] {processor.py:623} INFO - DAG(s) dict_keys(['latest_only']) retrieved from /home/airflow/.local/lib/python3.8/site-packages/airflow/example_dags/example_latest_only.py
[2021-09-14 18:37:40,350] {logging_mixin.py:109} INFO - [2021-09-14 18:37:40,350] {dag.py:1833} INFO - Sync 1 DAGs
[2021-09-14 18:37:40,375] {logging_mixin.py:109} INFO - [2021-09-14 18:37:40,375] {dag.py:2306} INFO - Setting next_dagrun for latest_only to 2021-09-12 00:00:00+00:00
[2021-09-14 18:37:40,388] {processor.py:170} INFO - Processing /home/airflow/.local/lib/python3.8/site-packages/airflow/example_dags/example_latest_only.py took 0.084 seconds
[2021-09-14 18:38:11,091] {processor.py:162} INFO - Started process (PID=799) to work on /home/airflow/.local/lib/python3.8/site-packages/airflow/example_dags/example_latest_only.py
[2021-09-14 18:38:11,092] {processor.py:613} INFO - Processing file /home/airflow/.local/lib/python3.8/site-packages/airflow/example_dags/example_latest_only.py for tasks to queue
[2021-09-14 18:38:11,093] {logging_mixin.py:109} INFO - [2021-09-14 18:38:11,093] {dagbag.py:496} INFO - Filling up the DagBag from /home/airflow/.local/lib/python3.8/site-packages/airflow/example_dags/example_latest_only.py
[2021-09-14 18:38:11,105] {processor.py:623} INFO - DAG(s) dict_keys(['latest_only']) retrieved from /home/airflow/.local/lib/python3.8/site-packages/airflow/example_dags/example_latest_only.py
[2021-09-14 18:38:11,146] {logging_mixin.py:109} INFO - [2021-09-14 18:38:11,146] {dag.py:1833} INFO - Sync 1 DAGs
[2021-09-14 18:38:11,162] {logging_mixin.py:109} INFO - [2021-09-14 18:38:11,162] {dag.py:2306} INFO - Setting next_dagrun for latest_only to 2021-09-12 00:00:00+00:00
[2021-09-14 18:38:11,176] {processor.py:170} INFO - Processing /home/airflow/.local/lib/python3.8/site-packages/airflow/example_dags/example_latest_only.py took 0.092 seconds
[2021-09-14 18:38:41,343] {processor.py:162} INFO - Started process (PID=855) to work on /home/airflow/.local/lib/python3.8/site-packages/airflow/example_dags/example_latest_only.py
[2021-09-14 18:38:41,345] {processor.py:613} INFO - Processing file /home/airflow/.local/lib/python3.8/site-packages/airflow/example_dags/example_latest_only.py for tasks to queue
[2021-09-14 18:38:41,347] {logging_mixin.py:109} INFO - [2021-09-14 18:38:41,347] {dagbag.py:496} INFO - Filling up the DagBag from /home/airflow/.local/lib/python3.8/site-packages/airflow/example_dags/example_latest_only.py
[2021-09-14 18:38:41,354] {processor.py:623} INFO - DAG(s) dict_keys(['latest_only']) retrieved from /home/airflow/.local/lib/python3.8/site-packages/airflow/example_dags/example_latest_only.py
[2021-09-14 18:38:41,386] {logging_mixin.py:109} INFO - [2021-09-14 18:38:41,386] {dag.py:1833} INFO - Sync 1 DAGs
[2021-09-14 18:38:41,397] {logging_mixin.py:109} INFO - [2021-09-14 18:38:41,397] {dag.py:2306} INFO - Setting next_dagrun for latest_only to 2021-09-12 00:00:00+00:00
[2021-09-14 18:38:41,409] {processor.py:170} INFO - Processing /home/airflow/.local/lib/python3.8/site-packages/airflow/example_dags/example_latest_only.py took 0.068 seconds
[2021-09-14 18:39:11,838] {processor.py:162} INFO - Started process (PID=904) to work on /home/airflow/.local/lib/python3.8/site-packages/airflow/example_dags/example_latest_only.py
[2021-09-14 18:39:11,839] {processor.py:613} INFO - Processing file /home/airflow/.local/lib/python3.8/site-packages/airflow/example_dags/example_latest_only.py for tasks to queue
[2021-09-14 18:39:11,840] {logging_mixin.py:109} INFO - [2021-09-14 18:39:11,840] {dagbag.py:496} INFO - Filling up the DagBag from /home/airflow/.local/lib/python3.8/site-packages/airflow/example_dags/example_latest_only.py
[2021-09-14 18:39:11,848] {processor.py:623} INFO - DAG(s) dict_keys(['latest_only']) retrieved from /home/airflow/.local/lib/python3.8/site-packages/airflow/example_dags/example_latest_only.py
[2021-09-14 18:39:11,867] {logging_mixin.py:109} INFO - [2021-09-14 18:39:11,867] {dag.py:1833} INFO - Sync 1 DAGs
[2021-09-14 18:39:11,888] {logging_mixin.py:109} INFO - [2021-09-14 18:39:11,888] {dag.py:2306} INFO - Setting next_dagrun for latest_only to 2021-09-12 00:00:00+00:00
[2021-09-14 18:39:11,906] {processor.py:170} INFO - Processing /home/airflow/.local/lib/python3.8/site-packages/airflow/example_dags/example_latest_only.py took 0.071 seconds
[2021-09-14 18:39:42,176] {processor.py:162} INFO - Started process (PID=960) to work on /home/airflow/.local/lib/python3.8/site-packages/airflow/example_dags/example_latest_only.py
[2021-09-14 18:39:42,177] {processor.py:613} INFO - Processing file /home/airflow/.local/lib/python3.8/site-packages/airflow/example_dags/example_latest_only.py for tasks to queue
[2021-09-14 18:39:42,178] {logging_mixin.py:109} INFO - [2021-09-14 18:39:42,178] {dagbag.py:496} INFO - Filling up the DagBag from /home/airflow/.local/lib/python3.8/site-packages/airflow/example_dags/example_latest_only.py
[2021-09-14 18:39:42,189] {processor.py:623} INFO - DAG(s) dict_keys(['latest_only']) retrieved from /home/airflow/.local/lib/python3.8/site-packages/airflow/example_dags/example_latest_only.py
[2021-09-14 18:39:42,213] {logging_mixin.py:109} INFO - [2021-09-14 18:39:42,213] {dag.py:1833} INFO - Sync 1 DAGs
[2021-09-14 18:39:42,238] {logging_mixin.py:109} INFO - [2021-09-14 18:39:42,238] {dag.py:2306} INFO - Setting next_dagrun for latest_only to 2021-09-12 00:00:00+00:00
[2021-09-14 18:39:42,254] {processor.py:170} INFO - Processing /home/airflow/.local/lib/python3.8/site-packages/airflow/example_dags/example_latest_only.py took 0.081 seconds
[2021-09-14 18:40:13,091] {processor.py:162} INFO - Started process (PID=1008) to work on /home/airflow/.local/lib/python3.8/site-packages/airflow/example_dags/example_latest_only.py
[2021-09-14 18:40:13,092] {processor.py:613} INFO - Processing file /home/airflow/.local/lib/python3.8/site-packages/airflow/example_dags/example_latest_only.py for tasks to queue
[2021-09-14 18:40:13,093] {logging_mixin.py:109} INFO - [2021-09-14 18:40:13,093] {dagbag.py:496} INFO - Filling up the DagBag from /home/airflow/.local/lib/python3.8/site-packages/airflow/example_dags/example_latest_only.py
[2021-09-14 18:40:13,101] {processor.py:623} INFO - DAG(s) dict_keys(['latest_only']) retrieved from /home/airflow/.local/lib/python3.8/site-packages/airflow/example_dags/example_latest_only.py
[2021-09-14 18:40:13,118] {logging_mixin.py:109} INFO - [2021-09-14 18:40:13,118] {dag.py:1833} INFO - Sync 1 DAGs
[2021-09-14 18:40:13,129] {logging_mixin.py:109} INFO - [2021-09-14 18:40:13,129] {dag.py:2306} INFO - Setting next_dagrun for latest_only to 2021-09-12 00:00:00+00:00
[2021-09-14 18:40:13,135] {processor.py:170} INFO - Processing /home/airflow/.local/lib/python3.8/site-packages/airflow/example_dags/example_latest_only.py took 0.047 seconds
[2021-09-14 18:40:43,867] {processor.py:162} INFO - Started process (PID=1066) to work on /home/airflow/.local/lib/python3.8/site-packages/airflow/example_dags/example_latest_only.py
[2021-09-14 18:40:43,868] {processor.py:613} INFO - Processing file /home/airflow/.local/lib/python3.8/site-packages/airflow/example_dags/example_latest_only.py for tasks to queue
[2021-09-14 18:40:43,869] {logging_mixin.py:109} INFO - [2021-09-14 18:40:43,869] {dagbag.py:496} INFO - Filling up the DagBag from /home/airflow/.local/lib/python3.8/site-packages/airflow/example_dags/example_latest_only.py
[2021-09-14 18:40:43,880] {processor.py:623} INFO - DAG(s) dict_keys(['latest_only']) retrieved from /home/airflow/.local/lib/python3.8/site-packages/airflow/example_dags/example_latest_only.py
[2021-09-14 18:40:43,902] {logging_mixin.py:109} INFO - [2021-09-14 18:40:43,902] {dag.py:1833} INFO - Sync 1 DAGs
[2021-09-14 18:40:43,917] {logging_mixin.py:109} INFO - [2021-09-14 18:40:43,917] {dag.py:2306} INFO - Setting next_dagrun for latest_only to 2021-09-12 00:00:00+00:00
[2021-09-14 18:40:43,926] {processor.py:170} INFO - Processing /home/airflow/.local/lib/python3.8/site-packages/airflow/example_dags/example_latest_only.py took 0.063 seconds
[2021-09-14 18:41:13,996] {processor.py:162} INFO - Started process (PID=1113) to work on /home/airflow/.local/lib/python3.8/site-packages/airflow/example_dags/example_latest_only.py
[2021-09-14 18:41:13,997] {processor.py:613} INFO - Processing file /home/airflow/.local/lib/python3.8/site-packages/airflow/example_dags/example_latest_only.py for tasks to queue
[2021-09-14 18:41:13,998] {logging_mixin.py:109} INFO - [2021-09-14 18:41:13,998] {dagbag.py:496} INFO - Filling up the DagBag from /home/airflow/.local/lib/python3.8/site-packages/airflow/example_dags/example_latest_only.py
[2021-09-14 18:41:14,014] {processor.py:623} INFO - DAG(s) dict_keys(['latest_only']) retrieved from /home/airflow/.local/lib/python3.8/site-packages/airflow/example_dags/example_latest_only.py
[2021-09-14 18:41:14,046] {logging_mixin.py:109} INFO - [2021-09-14 18:41:14,046] {dag.py:1833} INFO - Sync 1 DAGs
[2021-09-14 18:41:14,068] {logging_mixin.py:109} INFO - [2021-09-14 18:41:14,068] {dag.py:2306} INFO - Setting next_dagrun for latest_only to 2021-09-12 00:00:00+00:00
[2021-09-14 18:41:14,080] {processor.py:170} INFO - Processing /home/airflow/.local/lib/python3.8/site-packages/airflow/example_dags/example_latest_only.py took 0.086 seconds
[2021-09-14 18:41:44,767] {processor.py:162} INFO - Started process (PID=1171) to work on /home/airflow/.local/lib/python3.8/site-packages/airflow/example_dags/example_latest_only.py
[2021-09-14 18:41:44,768] {processor.py:613} INFO - Processing file /home/airflow/.local/lib/python3.8/site-packages/airflow/example_dags/example_latest_only.py for tasks to queue
[2021-09-14 18:41:44,769] {logging_mixin.py:109} INFO - [2021-09-14 18:41:44,769] {dagbag.py:496} INFO - Filling up the DagBag from /home/airflow/.local/lib/python3.8/site-packages/airflow/example_dags/example_latest_only.py
[2021-09-14 18:41:44,780] {processor.py:623} INFO - DAG(s) dict_keys(['latest_only']) retrieved from /home/airflow/.local/lib/python3.8/site-packages/airflow/example_dags/example_latest_only.py
[2021-09-14 18:41:44,802] {logging_mixin.py:109} INFO - [2021-09-14 18:41:44,801] {dag.py:1833} INFO - Sync 1 DAGs
[2021-09-14 18:41:44,818] {logging_mixin.py:109} INFO - [2021-09-14 18:41:44,817] {dag.py:2306} INFO - Setting next_dagrun for latest_only to 2021-09-12 00:00:00+00:00
[2021-09-14 18:41:44,826] {processor.py:170} INFO - Processing /home/airflow/.local/lib/python3.8/site-packages/airflow/example_dags/example_latest_only.py took 0.063 seconds
[2021-09-14 18:42:15,831] {processor.py:162} INFO - Started process (PID=1227) to work on /home/airflow/.local/lib/python3.8/site-packages/airflow/example_dags/example_latest_only.py
[2021-09-14 18:42:15,832] {processor.py:613} INFO - Processing file /home/airflow/.local/lib/python3.8/site-packages/airflow/example_dags/example_latest_only.py for tasks to queue
[2021-09-14 18:42:15,832] {logging_mixin.py:109} INFO - [2021-09-14 18:42:15,832] {dagbag.py:496} INFO - Filling up the DagBag from /home/airflow/.local/lib/python3.8/site-packages/airflow/example_dags/example_latest_only.py
[2021-09-14 18:42:15,843] {processor.py:623} INFO - DAG(s) dict_keys(['latest_only']) retrieved from /home/airflow/.local/lib/python3.8/site-packages/airflow/example_dags/example_latest_only.py
[2021-09-14 18:42:15,862] {logging_mixin.py:109} INFO - [2021-09-14 18:42:15,862] {dag.py:1833} INFO - Sync 1 DAGs
[2021-09-14 18:42:15,875] {logging_mixin.py:109} INFO - [2021-09-14 18:42:15,875] {dag.py:2306} INFO - Setting next_dagrun for latest_only to 2021-09-12 00:00:00+00:00
[2021-09-14 18:42:15,884] {processor.py:170} INFO - Processing /home/airflow/.local/lib/python3.8/site-packages/airflow/example_dags/example_latest_only.py took 0.057 seconds
[2021-09-14 18:42:46,403] {processor.py:162} INFO - Started process (PID=1277) to work on /home/airflow/.local/lib/python3.8/site-packages/airflow/example_dags/example_latest_only.py
[2021-09-14 18:42:46,404] {processor.py:613} INFO - Processing file /home/airflow/.local/lib/python3.8/site-packages/airflow/example_dags/example_latest_only.py for tasks to queue
[2021-09-14 18:42:46,405] {logging_mixin.py:109} INFO - [2021-09-14 18:42:46,405] {dagbag.py:496} INFO - Filling up the DagBag from /home/airflow/.local/lib/python3.8/site-packages/airflow/example_dags/example_latest_only.py
[2021-09-14 18:42:46,416] {processor.py:623} INFO - DAG(s) dict_keys(['latest_only']) retrieved from /home/airflow/.local/lib/python3.8/site-packages/airflow/example_dags/example_latest_only.py
[2021-09-14 18:42:46,441] {logging_mixin.py:109} INFO - [2021-09-14 18:42:46,441] {dag.py:1833} INFO - Sync 1 DAGs
[2021-09-14 18:42:46,454] {logging_mixin.py:109} INFO - [2021-09-14 18:42:46,454] {dag.py:2306} INFO - Setting next_dagrun for latest_only to 2021-09-12 00:00:00+00:00
[2021-09-14 18:42:46,466] {processor.py:170} INFO - Processing /home/airflow/.local/lib/python3.8/site-packages/airflow/example_dags/example_latest_only.py took 0.067 seconds
[2021-09-14 18:43:16,786] {processor.py:162} INFO - Started process (PID=1334) to work on /home/airflow/.local/lib/python3.8/site-packages/airflow/example_dags/example_latest_only.py
[2021-09-14 18:43:16,790] {processor.py:613} INFO - Processing file /home/airflow/.local/lib/python3.8/site-packages/airflow/example_dags/example_latest_only.py for tasks to queue
[2021-09-14 18:43:16,791] {logging_mixin.py:109} INFO - [2021-09-14 18:43:16,791] {dagbag.py:496} INFO - Filling up the DagBag from /home/airflow/.local/lib/python3.8/site-packages/airflow/example_dags/example_latest_only.py
[2021-09-14 18:43:16,801] {processor.py:623} INFO - DAG(s) dict_keys(['latest_only']) retrieved from /home/airflow/.local/lib/python3.8/site-packages/airflow/example_dags/example_latest_only.py
[2021-09-14 18:43:16,818] {logging_mixin.py:109} INFO - [2021-09-14 18:43:16,818] {dag.py:1833} INFO - Sync 1 DAGs
[2021-09-14 18:43:16,831] {logging_mixin.py:109} INFO - [2021-09-14 18:43:16,831] {dag.py:2306} INFO - Setting next_dagrun for latest_only to 2021-09-12 00:00:00+00:00
[2021-09-14 18:43:16,840] {processor.py:170} INFO - Processing /home/airflow/.local/lib/python3.8/site-packages/airflow/example_dags/example_latest_only.py took 0.058 seconds
[2021-09-14 18:43:46,995] {processor.py:162} INFO - Started process (PID=1382) to work on /home/airflow/.local/lib/python3.8/site-packages/airflow/example_dags/example_latest_only.py
[2021-09-14 18:43:46,996] {processor.py:613} INFO - Processing file /home/airflow/.local/lib/python3.8/site-packages/airflow/example_dags/example_latest_only.py for tasks to queue
[2021-09-14 18:43:46,997] {logging_mixin.py:109} INFO - [2021-09-14 18:43:46,997] {dagbag.py:496} INFO - Filling up the DagBag from /home/airflow/.local/lib/python3.8/site-packages/airflow/example_dags/example_latest_only.py
[2021-09-14 18:43:47,006] {processor.py:623} INFO - DAG(s) dict_keys(['latest_only']) retrieved from /home/airflow/.local/lib/python3.8/site-packages/airflow/example_dags/example_latest_only.py
[2021-09-14 18:43:47,023] {logging_mixin.py:109} INFO - [2021-09-14 18:43:47,023] {dag.py:1833} INFO - Sync 1 DAGs
[2021-09-14 18:43:47,034] {logging_mixin.py:109} INFO - [2021-09-14 18:43:47,034] {dag.py:2306} INFO - Setting next_dagrun for latest_only to 2021-09-12 00:00:00+00:00
[2021-09-14 18:43:47,046] {processor.py:170} INFO - Processing /home/airflow/.local/lib/python3.8/site-packages/airflow/example_dags/example_latest_only.py took 0.054 seconds
[2021-09-14 18:44:17,923] {processor.py:162} INFO - Started process (PID=1439) to work on /home/airflow/.local/lib/python3.8/site-packages/airflow/example_dags/example_latest_only.py
[2021-09-14 18:44:17,925] {processor.py:613} INFO - Processing file /home/airflow/.local/lib/python3.8/site-packages/airflow/example_dags/example_latest_only.py for tasks to queue
[2021-09-14 18:44:17,926] {logging_mixin.py:109} INFO - [2021-09-14 18:44:17,926] {dagbag.py:496} INFO - Filling up the DagBag from /home/airflow/.local/lib/python3.8/site-packages/airflow/example_dags/example_latest_only.py
[2021-09-14 18:44:17,937] {processor.py:623} INFO - DAG(s) dict_keys(['latest_only']) retrieved from /home/airflow/.local/lib/python3.8/site-packages/airflow/example_dags/example_latest_only.py
[2021-09-14 18:44:17,957] {logging_mixin.py:109} INFO - [2021-09-14 18:44:17,957] {dag.py:1833} INFO - Sync 1 DAGs
[2021-09-14 18:44:17,973] {logging_mixin.py:109} INFO - [2021-09-14 18:44:17,973] {dag.py:2306} INFO - Setting next_dagrun for latest_only to 2021-09-12 00:00:00+00:00
[2021-09-14 18:44:17,992] {processor.py:170} INFO - Processing /home/airflow/.local/lib/python3.8/site-packages/airflow/example_dags/example_latest_only.py took 0.072 seconds
[2021-09-14 18:44:48,528] {processor.py:162} INFO - Started process (PID=1494) to work on /home/airflow/.local/lib/python3.8/site-packages/airflow/example_dags/example_latest_only.py
[2021-09-14 18:44:48,529] {processor.py:613} INFO - Processing file /home/airflow/.local/lib/python3.8/site-packages/airflow/example_dags/example_latest_only.py for tasks to queue
[2021-09-14 18:44:48,530] {logging_mixin.py:109} INFO - [2021-09-14 18:44:48,530] {dagbag.py:496} INFO - Filling up the DagBag from /home/airflow/.local/lib/python3.8/site-packages/airflow/example_dags/example_latest_only.py
[2021-09-14 18:44:48,538] {processor.py:623} INFO - DAG(s) dict_keys(['latest_only']) retrieved from /home/airflow/.local/lib/python3.8/site-packages/airflow/example_dags/example_latest_only.py
[2021-09-14 18:44:48,554] {logging_mixin.py:109} INFO - [2021-09-14 18:44:48,554] {dag.py:1833} INFO - Sync 1 DAGs
[2021-09-14 18:44:48,565] {logging_mixin.py:109} INFO - [2021-09-14 18:44:48,565] {dag.py:2306} INFO - Setting next_dagrun for latest_only to 2021-09-12 00:00:00+00:00
[2021-09-14 18:44:48,573] {processor.py:170} INFO - Processing /home/airflow/.local/lib/python3.8/site-packages/airflow/example_dags/example_latest_only.py took 0.048 seconds
[2021-09-14 18:45:18,818] {processor.py:162} INFO - Started process (PID=1542) to work on /home/airflow/.local/lib/python3.8/site-packages/airflow/example_dags/example_latest_only.py
[2021-09-14 18:45:18,819] {processor.py:613} INFO - Processing file /home/airflow/.local/lib/python3.8/site-packages/airflow/example_dags/example_latest_only.py for tasks to queue
[2021-09-14 18:45:18,820] {logging_mixin.py:109} INFO - [2021-09-14 18:45:18,820] {dagbag.py:496} INFO - Filling up the DagBag from /home/airflow/.local/lib/python3.8/site-packages/airflow/example_dags/example_latest_only.py
[2021-09-14 18:45:18,828] {processor.py:623} INFO - DAG(s) dict_keys(['latest_only']) retrieved from /home/airflow/.local/lib/python3.8/site-packages/airflow/example_dags/example_latest_only.py
[2021-09-14 18:45:18,843] {logging_mixin.py:109} INFO - [2021-09-14 18:45:18,843] {dag.py:1833} INFO - Sync 1 DAGs
[2021-09-14 18:45:18,853] {logging_mixin.py:109} INFO - [2021-09-14 18:45:18,853] {dag.py:2306} INFO - Setting next_dagrun for latest_only to 2021-09-12 00:00:00+00:00
[2021-09-14 18:45:18,860] {processor.py:170} INFO - Processing /home/airflow/.local/lib/python3.8/site-packages/airflow/example_dags/example_latest_only.py took 0.045 seconds
[2021-09-14 18:45:49,724] {processor.py:162} INFO - Started process (PID=1594) to work on /home/airflow/.local/lib/python3.8/site-packages/airflow/example_dags/example_latest_only.py
[2021-09-14 18:45:49,725] {processor.py:613} INFO - Processing file /home/airflow/.local/lib/python3.8/site-packages/airflow/example_dags/example_latest_only.py for tasks to queue
[2021-09-14 18:45:49,726] {logging_mixin.py:109} INFO - [2021-09-14 18:45:49,726] {dagbag.py:496} INFO - Filling up the DagBag from /home/airflow/.local/lib/python3.8/site-packages/airflow/example_dags/example_latest_only.py
[2021-09-14 18:45:49,734] {processor.py:623} INFO - DAG(s) dict_keys(['latest_only']) retrieved from /home/airflow/.local/lib/python3.8/site-packages/airflow/example_dags/example_latest_only.py
[2021-09-14 18:45:49,749] {logging_mixin.py:109} INFO - [2021-09-14 18:45:49,749] {dag.py:1833} INFO - Sync 1 DAGs
[2021-09-14 18:45:49,759] {logging_mixin.py:109} INFO - [2021-09-14 18:45:49,759] {dag.py:2306} INFO - Setting next_dagrun for latest_only to 2021-09-12 00:00:00+00:00
[2021-09-14 18:45:49,766] {processor.py:170} INFO - Processing /home/airflow/.local/lib/python3.8/site-packages/airflow/example_dags/example_latest_only.py took 0.045 seconds
[2021-09-14 18:46:20,722] {processor.py:162} INFO - Started process (PID=1649) to work on /home/airflow/.local/lib/python3.8/site-packages/airflow/example_dags/example_latest_only.py
[2021-09-14 18:46:20,724] {processor.py:613} INFO - Processing file /home/airflow/.local/lib/python3.8/site-packages/airflow/example_dags/example_latest_only.py for tasks to queue
[2021-09-14 18:46:20,724] {logging_mixin.py:109} INFO - [2021-09-14 18:46:20,724] {dagbag.py:496} INFO - Filling up the DagBag from /home/airflow/.local/lib/python3.8/site-packages/airflow/example_dags/example_latest_only.py
[2021-09-14 18:46:20,733] {processor.py:623} INFO - DAG(s) dict_keys(['latest_only']) retrieved from /home/airflow/.local/lib/python3.8/site-packages/airflow/example_dags/example_latest_only.py
[2021-09-14 18:46:20,750] {logging_mixin.py:109} INFO - [2021-09-14 18:46:20,750] {dag.py:1833} INFO - Sync 1 DAGs
[2021-09-14 18:46:20,763] {logging_mixin.py:109} INFO - [2021-09-14 18:46:20,763] {dag.py:2306} INFO - Setting next_dagrun for latest_only to 2021-09-12 00:00:00+00:00
[2021-09-14 18:46:20,818] {processor.py:170} INFO - Processing /home/airflow/.local/lib/python3.8/site-packages/airflow/example_dags/example_latest_only.py took 0.099 seconds
[2021-09-14 18:46:51,905] {processor.py:162} INFO - Started process (PID=1696) to work on /home/airflow/.local/lib/python3.8/site-packages/airflow/example_dags/example_latest_only.py
[2021-09-14 18:46:51,911] {processor.py:613} INFO - Processing file /home/airflow/.local/lib/python3.8/site-packages/airflow/example_dags/example_latest_only.py for tasks to queue
[2021-09-14 18:46:51,912] {logging_mixin.py:109} INFO - [2021-09-14 18:46:51,912] {dagbag.py:496} INFO - Filling up the DagBag from /home/airflow/.local/lib/python3.8/site-packages/airflow/example_dags/example_latest_only.py
[2021-09-14 18:46:51,930] {processor.py:623} INFO - DAG(s) dict_keys(['latest_only']) retrieved from /home/airflow/.local/lib/python3.8/site-packages/airflow/example_dags/example_latest_only.py
[2021-09-14 18:46:51,951] {logging_mixin.py:109} INFO - [2021-09-14 18:46:51,951] {dag.py:1833} INFO - Sync 1 DAGs
[2021-09-14 18:46:51,978] {logging_mixin.py:109} INFO - [2021-09-14 18:46:51,978] {dag.py:2306} INFO - Setting next_dagrun for latest_only to 2021-09-12 00:00:00+00:00
[2021-09-14 18:46:51,998] {processor.py:170} INFO - Processing /home/airflow/.local/lib/python3.8/site-packages/airflow/example_dags/example_latest_only.py took 0.096 seconds
[2021-09-14 18:47:22,268] {processor.py:162} INFO - Started process (PID=1751) to work on /home/airflow/.local/lib/python3.8/site-packages/airflow/example_dags/example_latest_only.py
[2021-09-14 18:47:22,269] {processor.py:613} INFO - Processing file /home/airflow/.local/lib/python3.8/site-packages/airflow/example_dags/example_latest_only.py for tasks to queue
[2021-09-14 18:47:22,270] {logging_mixin.py:109} INFO - [2021-09-14 18:47:22,270] {dagbag.py:496} INFO - Filling up the DagBag from /home/airflow/.local/lib/python3.8/site-packages/airflow/example_dags/example_latest_only.py
[2021-09-14 18:47:22,283] {processor.py:623} INFO - DAG(s) dict_keys(['latest_only']) retrieved from /home/airflow/.local/lib/python3.8/site-packages/airflow/example_dags/example_latest_only.py
[2021-09-14 18:47:22,307] {logging_mixin.py:109} INFO - [2021-09-14 18:47:22,307] {dag.py:1833} INFO - Sync 1 DAGs
[2021-09-14 18:47:22,325] {logging_mixin.py:109} INFO - [2021-09-14 18:47:22,325] {dag.py:2306} INFO - Setting next_dagrun for latest_only to 2021-09-12 00:00:00+00:00
[2021-09-14 18:47:22,340] {processor.py:170} INFO - Processing /home/airflow/.local/lib/python3.8/site-packages/airflow/example_dags/example_latest_only.py took 0.075 seconds
[2021-09-14 18:47:52,791] {processor.py:162} INFO - Started process (PID=1807) to work on /home/airflow/.local/lib/python3.8/site-packages/airflow/example_dags/example_latest_only.py
[2021-09-14 18:47:52,792] {processor.py:613} INFO - Processing file /home/airflow/.local/lib/python3.8/site-packages/airflow/example_dags/example_latest_only.py for tasks to queue
[2021-09-14 18:47:52,793] {logging_mixin.py:109} INFO - [2021-09-14 18:47:52,793] {dagbag.py:496} INFO - Filling up the DagBag from /home/airflow/.local/lib/python3.8/site-packages/airflow/example_dags/example_latest_only.py
[2021-09-14 18:47:52,803] {processor.py:623} INFO - DAG(s) dict_keys(['latest_only']) retrieved from /home/airflow/.local/lib/python3.8/site-packages/airflow/example_dags/example_latest_only.py
[2021-09-14 18:47:52,825] {logging_mixin.py:109} INFO - [2021-09-14 18:47:52,825] {dag.py:1833} INFO - Sync 1 DAGs
[2021-09-14 18:47:52,841] {logging_mixin.py:109} INFO - [2021-09-14 18:47:52,841] {dag.py:2306} INFO - Setting next_dagrun for latest_only to 2021-09-12 00:00:00+00:00
[2021-09-14 18:47:52,852] {processor.py:170} INFO - Processing /home/airflow/.local/lib/python3.8/site-packages/airflow/example_dags/example_latest_only.py took 0.064 seconds
[2021-09-14 18:48:23,033] {processor.py:162} INFO - Started process (PID=1857) to work on /home/airflow/.local/lib/python3.8/site-packages/airflow/example_dags/example_latest_only.py
[2021-09-14 18:48:23,034] {processor.py:613} INFO - Processing file /home/airflow/.local/lib/python3.8/site-packages/airflow/example_dags/example_latest_only.py for tasks to queue
[2021-09-14 18:48:23,035] {logging_mixin.py:109} INFO - [2021-09-14 18:48:23,035] {dagbag.py:496} INFO - Filling up the DagBag from /home/airflow/.local/lib/python3.8/site-packages/airflow/example_dags/example_latest_only.py
[2021-09-14 18:48:23,044] {processor.py:623} INFO - DAG(s) dict_keys(['latest_only']) retrieved from /home/airflow/.local/lib/python3.8/site-packages/airflow/example_dags/example_latest_only.py
[2021-09-14 18:48:23,060] {logging_mixin.py:109} INFO - [2021-09-14 18:48:23,060] {dag.py:1833} INFO - Sync 1 DAGs
[2021-09-14 18:48:23,070] {logging_mixin.py:109} INFO - [2021-09-14 18:48:23,070] {dag.py:2306} INFO - Setting next_dagrun for latest_only to 2021-09-12 00:00:00+00:00
[2021-09-14 18:48:23,077] {processor.py:170} INFO - Processing /home/airflow/.local/lib/python3.8/site-packages/airflow/example_dags/example_latest_only.py took 0.047 seconds
[2021-09-14 18:48:53,789] {processor.py:162} INFO - Started process (PID=1913) to work on /home/airflow/.local/lib/python3.8/site-packages/airflow/example_dags/example_latest_only.py
[2021-09-14 18:48:53,793] {processor.py:613} INFO - Processing file /home/airflow/.local/lib/python3.8/site-packages/airflow/example_dags/example_latest_only.py for tasks to queue
[2021-09-14 18:48:53,794] {logging_mixin.py:109} INFO - [2021-09-14 18:48:53,794] {dagbag.py:496} INFO - Filling up the DagBag from /home/airflow/.local/lib/python3.8/site-packages/airflow/example_dags/example_latest_only.py
[2021-09-14 18:48:53,805] {processor.py:623} INFO - DAG(s) dict_keys(['latest_only']) retrieved from /home/airflow/.local/lib/python3.8/site-packages/airflow/example_dags/example_latest_only.py
[2021-09-14 18:48:53,828] {logging_mixin.py:109} INFO - [2021-09-14 18:48:53,828] {dag.py:1833} INFO - Sync 1 DAGs
[2021-09-14 18:48:53,848] {logging_mixin.py:109} INFO - [2021-09-14 18:48:53,848] {dag.py:2306} INFO - Setting next_dagrun for latest_only to 2021-09-12 00:00:00+00:00
[2021-09-14 18:48:53,865] {processor.py:170} INFO - Processing /home/airflow/.local/lib/python3.8/site-packages/airflow/example_dags/example_latest_only.py took 0.079 seconds
[2021-09-14 18:49:24,451] {processor.py:162} INFO - Started process (PID=1961) to work on /home/airflow/.local/lib/python3.8/site-packages/airflow/example_dags/example_latest_only.py
[2021-09-14 18:49:24,452] {processor.py:613} INFO - Processing file /home/airflow/.local/lib/python3.8/site-packages/airflow/example_dags/example_latest_only.py for tasks to queue
[2021-09-14 18:49:24,453] {logging_mixin.py:109} INFO - [2021-09-14 18:49:24,453] {dagbag.py:496} INFO - Filling up the DagBag from /home/airflow/.local/lib/python3.8/site-packages/airflow/example_dags/example_latest_only.py
[2021-09-14 18:49:24,461] {processor.py:623} INFO - DAG(s) dict_keys(['latest_only']) retrieved from /home/airflow/.local/lib/python3.8/site-packages/airflow/example_dags/example_latest_only.py
[2021-09-14 18:49:24,477] {logging_mixin.py:109} INFO - [2021-09-14 18:49:24,477] {dag.py:1833} INFO - Sync 1 DAGs
[2021-09-14 18:49:24,488] {logging_mixin.py:109} INFO - [2021-09-14 18:49:24,488] {dag.py:2306} INFO - Setting next_dagrun for latest_only to 2021-09-12 00:00:00+00:00
[2021-09-14 18:49:24,499] {processor.py:170} INFO - Processing /home/airflow/.local/lib/python3.8/site-packages/airflow/example_dags/example_latest_only.py took 0.050 seconds
[2021-09-14 18:49:54,651] {processor.py:162} INFO - Started process (PID=2015) to work on /home/airflow/.local/lib/python3.8/site-packages/airflow/example_dags/example_latest_only.py
[2021-09-14 18:49:54,651] {processor.py:613} INFO - Processing file /home/airflow/.local/lib/python3.8/site-packages/airflow/example_dags/example_latest_only.py for tasks to queue
[2021-09-14 18:49:54,652] {logging_mixin.py:109} INFO - [2021-09-14 18:49:54,652] {dagbag.py:496} INFO - Filling up the DagBag from /home/airflow/.local/lib/python3.8/site-packages/airflow/example_dags/example_latest_only.py
[2021-09-14 18:49:54,661] {processor.py:623} INFO - DAG(s) dict_keys(['latest_only']) retrieved from /home/airflow/.local/lib/python3.8/site-packages/airflow/example_dags/example_latest_only.py
[2021-09-14 18:49:54,678] {logging_mixin.py:109} INFO - [2021-09-14 18:49:54,678] {dag.py:1833} INFO - Sync 1 DAGs
[2021-09-14 18:49:54,690] {logging_mixin.py:109} INFO - [2021-09-14 18:49:54,690] {dag.py:2306} INFO - Setting next_dagrun for latest_only to 2021-09-12 00:00:00+00:00
[2021-09-14 18:49:54,699] {processor.py:170} INFO - Processing /home/airflow/.local/lib/python3.8/site-packages/airflow/example_dags/example_latest_only.py took 0.051 seconds
[2021-09-14 18:50:25,614] {processor.py:162} INFO - Started process (PID=2069) to work on /home/airflow/.local/lib/python3.8/site-packages/airflow/example_dags/example_latest_only.py
[2021-09-14 18:50:25,615] {processor.py:613} INFO - Processing file /home/airflow/.local/lib/python3.8/site-packages/airflow/example_dags/example_latest_only.py for tasks to queue
[2021-09-14 18:50:25,617] {logging_mixin.py:109} INFO - [2021-09-14 18:50:25,617] {dagbag.py:496} INFO - Filling up the DagBag from /home/airflow/.local/lib/python3.8/site-packages/airflow/example_dags/example_latest_only.py
[2021-09-14 18:50:25,705] {processor.py:623} INFO - DAG(s) dict_keys(['latest_only']) retrieved from /home/airflow/.local/lib/python3.8/site-packages/airflow/example_dags/example_latest_only.py
[2021-09-14 18:50:25,758] {logging_mixin.py:109} INFO - [2021-09-14 18:50:25,758] {dag.py:1833} INFO - Sync 1 DAGs
[2021-09-14 18:50:25,792] {logging_mixin.py:109} INFO - [2021-09-14 18:50:25,792] {dag.py:2306} INFO - Setting next_dagrun for latest_only to 2021-09-12 00:00:00+00:00
[2021-09-14 18:50:25,802] {processor.py:170} INFO - Processing /home/airflow/.local/lib/python3.8/site-packages/airflow/example_dags/example_latest_only.py took 0.192 seconds
[2021-09-14 18:50:55,967] {processor.py:162} INFO - Started process (PID=2121) to work on /home/airflow/.local/lib/python3.8/site-packages/airflow/example_dags/example_latest_only.py
[2021-09-14 18:50:55,969] {processor.py:613} INFO - Processing file /home/airflow/.local/lib/python3.8/site-packages/airflow/example_dags/example_latest_only.py for tasks to queue
[2021-09-14 18:50:55,970] {logging_mixin.py:109} INFO - [2021-09-14 18:50:55,970] {dagbag.py:496} INFO - Filling up the DagBag from /home/airflow/.local/lib/python3.8/site-packages/airflow/example_dags/example_latest_only.py
[2021-09-14 18:50:55,982] {processor.py:623} INFO - DAG(s) dict_keys(['latest_only']) retrieved from /home/airflow/.local/lib/python3.8/site-packages/airflow/example_dags/example_latest_only.py
[2021-09-14 18:50:56,004] {logging_mixin.py:109} INFO - [2021-09-14 18:50:56,004] {dag.py:1833} INFO - Sync 1 DAGs
[2021-09-14 18:50:56,017] {logging_mixin.py:109} INFO - [2021-09-14 18:50:56,017] {dag.py:2306} INFO - Setting next_dagrun for latest_only to 2021-09-12 00:00:00+00:00
[2021-09-14 18:50:56,031] {processor.py:170} INFO - Processing /home/airflow/.local/lib/python3.8/site-packages/airflow/example_dags/example_latest_only.py took 0.068 seconds
[2021-09-14 18:51:26,289] {processor.py:162} INFO - Started process (PID=2181) to work on /home/airflow/.local/lib/python3.8/site-packages/airflow/example_dags/example_latest_only.py
[2021-09-14 18:51:26,290] {processor.py:613} INFO - Processing file /home/airflow/.local/lib/python3.8/site-packages/airflow/example_dags/example_latest_only.py for tasks to queue
[2021-09-14 18:51:26,291] {logging_mixin.py:109} INFO - [2021-09-14 18:51:26,291] {dagbag.py:496} INFO - Filling up the DagBag from /home/airflow/.local/lib/python3.8/site-packages/airflow/example_dags/example_latest_only.py
[2021-09-14 18:51:26,301] {processor.py:623} INFO - DAG(s) dict_keys(['latest_only']) retrieved from /home/airflow/.local/lib/python3.8/site-packages/airflow/example_dags/example_latest_only.py
[2021-09-14 18:51:26,318] {logging_mixin.py:109} INFO - [2021-09-14 18:51:26,318] {dag.py:1833} INFO - Sync 1 DAGs
[2021-09-14 18:51:26,328] {logging_mixin.py:109} INFO - [2021-09-14 18:51:26,328] {dag.py:2306} INFO - Setting next_dagrun for latest_only to 2021-09-12 00:00:00+00:00
[2021-09-14 18:51:26,345] {processor.py:170} INFO - Processing /home/airflow/.local/lib/python3.8/site-packages/airflow/example_dags/example_latest_only.py took 0.058 seconds
[2021-09-14 18:51:56,722] {processor.py:162} INFO - Started process (PID=2230) to work on /home/airflow/.local/lib/python3.8/site-packages/airflow/example_dags/example_latest_only.py
[2021-09-14 18:51:56,726] {processor.py:613} INFO - Processing file /home/airflow/.local/lib/python3.8/site-packages/airflow/example_dags/example_latest_only.py for tasks to queue
[2021-09-14 18:51:56,727] {logging_mixin.py:109} INFO - [2021-09-14 18:51:56,727] {dagbag.py:496} INFO - Filling up the DagBag from /home/airflow/.local/lib/python3.8/site-packages/airflow/example_dags/example_latest_only.py
[2021-09-14 18:51:56,740] {processor.py:623} INFO - DAG(s) dict_keys(['latest_only']) retrieved from /home/airflow/.local/lib/python3.8/site-packages/airflow/example_dags/example_latest_only.py
[2021-09-14 18:51:56,777] {logging_mixin.py:109} INFO - [2021-09-14 18:51:56,777] {dag.py:1833} INFO - Sync 1 DAGs
[2021-09-14 18:51:56,793] {logging_mixin.py:109} INFO - [2021-09-14 18:51:56,793] {dag.py:2306} INFO - Setting next_dagrun for latest_only to 2021-09-12 00:00:00+00:00
[2021-09-14 18:51:56,819] {processor.py:170} INFO - Processing /home/airflow/.local/lib/python3.8/site-packages/airflow/example_dags/example_latest_only.py took 0.101 seconds
[2021-09-14 18:52:27,140] {processor.py:162} INFO - Started process (PID=2288) to work on /home/airflow/.local/lib/python3.8/site-packages/airflow/example_dags/example_latest_only.py
[2021-09-14 18:52:27,141] {processor.py:613} INFO - Processing file /home/airflow/.local/lib/python3.8/site-packages/airflow/example_dags/example_latest_only.py for tasks to queue
[2021-09-14 18:52:27,142] {logging_mixin.py:109} INFO - [2021-09-14 18:52:27,142] {dagbag.py:496} INFO - Filling up the DagBag from /home/airflow/.local/lib/python3.8/site-packages/airflow/example_dags/example_latest_only.py
[2021-09-14 18:52:27,155] {processor.py:623} INFO - DAG(s) dict_keys(['latest_only']) retrieved from /home/airflow/.local/lib/python3.8/site-packages/airflow/example_dags/example_latest_only.py
[2021-09-14 18:52:27,174] {logging_mixin.py:109} INFO - [2021-09-14 18:52:27,173] {dag.py:1833} INFO - Sync 1 DAGs
[2021-09-14 18:52:27,186] {logging_mixin.py:109} INFO - [2021-09-14 18:52:27,186] {dag.py:2306} INFO - Setting next_dagrun for latest_only to 2021-09-12 00:00:00+00:00
[2021-09-14 18:52:27,194] {processor.py:170} INFO - Processing /home/airflow/.local/lib/python3.8/site-packages/airflow/example_dags/example_latest_only.py took 0.057 seconds
[2021-09-14 18:52:57,605] {processor.py:162} INFO - Started process (PID=2336) to work on /home/airflow/.local/lib/python3.8/site-packages/airflow/example_dags/example_latest_only.py
[2021-09-14 18:52:57,616] {processor.py:613} INFO - Processing file /home/airflow/.local/lib/python3.8/site-packages/airflow/example_dags/example_latest_only.py for tasks to queue
[2021-09-14 18:52:57,618] {logging_mixin.py:109} INFO - [2021-09-14 18:52:57,618] {dagbag.py:496} INFO - Filling up the DagBag from /home/airflow/.local/lib/python3.8/site-packages/airflow/example_dags/example_latest_only.py
[2021-09-14 18:52:57,643] {processor.py:623} INFO - DAG(s) dict_keys(['latest_only']) retrieved from /home/airflow/.local/lib/python3.8/site-packages/airflow/example_dags/example_latest_only.py
[2021-09-14 18:52:57,700] {logging_mixin.py:109} INFO - [2021-09-14 18:52:57,700] {dag.py:1833} INFO - Sync 1 DAGs
[2021-09-14 18:52:57,723] {logging_mixin.py:109} INFO - [2021-09-14 18:52:57,722] {dag.py:2306} INFO - Setting next_dagrun for latest_only to 2021-09-12 00:00:00+00:00
[2021-09-14 18:52:57,743] {processor.py:170} INFO - Processing /home/airflow/.local/lib/python3.8/site-packages/airflow/example_dags/example_latest_only.py took 0.141 seconds
[2021-09-14 18:53:27,961] {processor.py:162} INFO - Started process (PID=2390) to work on /home/airflow/.local/lib/python3.8/site-packages/airflow/example_dags/example_latest_only.py
[2021-09-14 18:53:27,966] {processor.py:613} INFO - Processing file /home/airflow/.local/lib/python3.8/site-packages/airflow/example_dags/example_latest_only.py for tasks to queue
[2021-09-14 18:53:27,969] {logging_mixin.py:109} INFO - [2021-09-14 18:53:27,969] {dagbag.py:496} INFO - Filling up the DagBag from /home/airflow/.local/lib/python3.8/site-packages/airflow/example_dags/example_latest_only.py
[2021-09-14 18:53:27,984] {processor.py:623} INFO - DAG(s) dict_keys(['latest_only']) retrieved from /home/airflow/.local/lib/python3.8/site-packages/airflow/example_dags/example_latest_only.py
[2021-09-14 18:53:28,007] {logging_mixin.py:109} INFO - [2021-09-14 18:53:28,007] {dag.py:1833} INFO - Sync 1 DAGs
[2021-09-14 18:53:28,027] {logging_mixin.py:109} INFO - [2021-09-14 18:53:28,027] {dag.py:2306} INFO - Setting next_dagrun for latest_only to 2021-09-12 00:00:00+00:00
[2021-09-14 18:53:28,040] {processor.py:170} INFO - Processing /home/airflow/.local/lib/python3.8/site-packages/airflow/example_dags/example_latest_only.py took 0.083 seconds
[2021-09-14 18:53:58,996] {processor.py:162} INFO - Started process (PID=2438) to work on /home/airflow/.local/lib/python3.8/site-packages/airflow/example_dags/example_latest_only.py
[2021-09-14 18:53:58,999] {processor.py:613} INFO - Processing file /home/airflow/.local/lib/python3.8/site-packages/airflow/example_dags/example_latest_only.py for tasks to queue
[2021-09-14 18:53:58,999] {logging_mixin.py:109} INFO - [2021-09-14 18:53:58,999] {dagbag.py:496} INFO - Filling up the DagBag from /home/airflow/.local/lib/python3.8/site-packages/airflow/example_dags/example_latest_only.py
[2021-09-14 18:53:59,010] {processor.py:623} INFO - DAG(s) dict_keys(['latest_only']) retrieved from /home/airflow/.local/lib/python3.8/site-packages/airflow/example_dags/example_latest_only.py
[2021-09-14 18:53:59,034] {logging_mixin.py:109} INFO - [2021-09-14 18:53:59,034] {dag.py:1833} INFO - Sync 1 DAGs
[2021-09-14 18:53:59,050] {logging_mixin.py:109} INFO - [2021-09-14 18:53:59,049] {dag.py:2306} INFO - Setting next_dagrun for latest_only to 2021-09-12 00:00:00+00:00
[2021-09-14 18:53:59,058] {processor.py:170} INFO - Processing /home/airflow/.local/lib/python3.8/site-packages/airflow/example_dags/example_latest_only.py took 0.065 seconds
[2021-09-14 18:54:29,688] {processor.py:162} INFO - Started process (PID=2494) to work on /home/airflow/.local/lib/python3.8/site-packages/airflow/example_dags/example_latest_only.py
[2021-09-14 18:54:29,689] {processor.py:613} INFO - Processing file /home/airflow/.local/lib/python3.8/site-packages/airflow/example_dags/example_latest_only.py for tasks to queue
[2021-09-14 18:54:29,689] {logging_mixin.py:109} INFO - [2021-09-14 18:54:29,689] {dagbag.py:496} INFO - Filling up the DagBag from /home/airflow/.local/lib/python3.8/site-packages/airflow/example_dags/example_latest_only.py
[2021-09-14 18:54:29,697] {processor.py:623} INFO - DAG(s) dict_keys(['latest_only']) retrieved from /home/airflow/.local/lib/python3.8/site-packages/airflow/example_dags/example_latest_only.py
[2021-09-14 18:54:29,714] {logging_mixin.py:109} INFO - [2021-09-14 18:54:29,714] {dag.py:1833} INFO - Sync 1 DAGs
[2021-09-14 18:54:29,724] {logging_mixin.py:109} INFO - [2021-09-14 18:54:29,724] {dag.py:2306} INFO - Setting next_dagrun for latest_only to 2021-09-12 00:00:00+00:00
[2021-09-14 18:54:29,733] {processor.py:170} INFO - Processing /home/airflow/.local/lib/python3.8/site-packages/airflow/example_dags/example_latest_only.py took 0.048 seconds
[2021-09-14 18:55:00,035] {processor.py:162} INFO - Started process (PID=2549) to work on /home/airflow/.local/lib/python3.8/site-packages/airflow/example_dags/example_latest_only.py
[2021-09-14 18:55:00,036] {processor.py:613} INFO - Processing file /home/airflow/.local/lib/python3.8/site-packages/airflow/example_dags/example_latest_only.py for tasks to queue
[2021-09-14 18:55:00,038] {logging_mixin.py:109} INFO - [2021-09-14 18:55:00,038] {dagbag.py:496} INFO - Filling up the DagBag from /home/airflow/.local/lib/python3.8/site-packages/airflow/example_dags/example_latest_only.py
[2021-09-14 18:55:00,049] {processor.py:623} INFO - DAG(s) dict_keys(['latest_only']) retrieved from /home/airflow/.local/lib/python3.8/site-packages/airflow/example_dags/example_latest_only.py
[2021-09-14 18:55:00,071] {logging_mixin.py:109} INFO - [2021-09-14 18:55:00,070] {dag.py:1833} INFO - Sync 1 DAGs
[2021-09-14 18:55:00,085] {logging_mixin.py:109} INFO - [2021-09-14 18:55:00,085] {dag.py:2306} INFO - Setting next_dagrun for latest_only to 2021-09-12 00:00:00+00:00
[2021-09-14 18:55:00,101] {processor.py:170} INFO - Processing /home/airflow/.local/lib/python3.8/site-packages/airflow/example_dags/example_latest_only.py took 0.069 seconds
[2021-09-14 18:55:30,305] {processor.py:162} INFO - Started process (PID=2596) to work on /home/airflow/.local/lib/python3.8/site-packages/airflow/example_dags/example_latest_only.py
[2021-09-14 18:55:30,306] {processor.py:613} INFO - Processing file /home/airflow/.local/lib/python3.8/site-packages/airflow/example_dags/example_latest_only.py for tasks to queue
[2021-09-14 18:55:30,306] {logging_mixin.py:109} INFO - [2021-09-14 18:55:30,306] {dagbag.py:496} INFO - Filling up the DagBag from /home/airflow/.local/lib/python3.8/site-packages/airflow/example_dags/example_latest_only.py
[2021-09-14 18:55:30,318] {processor.py:623} INFO - DAG(s) dict_keys(['latest_only']) retrieved from /home/airflow/.local/lib/python3.8/site-packages/airflow/example_dags/example_latest_only.py
[2021-09-14 18:55:30,335] {logging_mixin.py:109} INFO - [2021-09-14 18:55:30,335] {dag.py:1833} INFO - Sync 1 DAGs
[2021-09-14 18:55:30,344] {logging_mixin.py:109} INFO - [2021-09-14 18:55:30,344] {dag.py:2306} INFO - Setting next_dagrun for latest_only to 2021-09-12 00:00:00+00:00
[2021-09-14 18:55:30,357] {processor.py:170} INFO - Processing /home/airflow/.local/lib/python3.8/site-packages/airflow/example_dags/example_latest_only.py took 0.056 seconds
[2021-09-14 18:56:01,192] {processor.py:162} INFO - Started process (PID=2651) to work on /home/airflow/.local/lib/python3.8/site-packages/airflow/example_dags/example_latest_only.py
[2021-09-14 18:56:01,193] {processor.py:613} INFO - Processing file /home/airflow/.local/lib/python3.8/site-packages/airflow/example_dags/example_latest_only.py for tasks to queue
[2021-09-14 18:56:01,194] {logging_mixin.py:109} INFO - [2021-09-14 18:56:01,194] {dagbag.py:496} INFO - Filling up the DagBag from /home/airflow/.local/lib/python3.8/site-packages/airflow/example_dags/example_latest_only.py
[2021-09-14 18:56:01,202] {processor.py:623} INFO - DAG(s) dict_keys(['latest_only']) retrieved from /home/airflow/.local/lib/python3.8/site-packages/airflow/example_dags/example_latest_only.py
[2021-09-14 18:56:01,220] {logging_mixin.py:109} INFO - [2021-09-14 18:56:01,220] {dag.py:1833} INFO - Sync 1 DAGs
[2021-09-14 18:56:01,231] {logging_mixin.py:109} INFO - [2021-09-14 18:56:01,231] {dag.py:2306} INFO - Setting next_dagrun for latest_only to 2021-09-12 00:00:00+00:00
[2021-09-14 18:56:01,241] {processor.py:170} INFO - Processing /home/airflow/.local/lib/python3.8/site-packages/airflow/example_dags/example_latest_only.py took 0.052 seconds
[2021-09-14 18:56:31,649] {processor.py:162} INFO - Started process (PID=2699) to work on /home/airflow/.local/lib/python3.8/site-packages/airflow/example_dags/example_latest_only.py
[2021-09-14 18:56:31,651] {processor.py:613} INFO - Processing file /home/airflow/.local/lib/python3.8/site-packages/airflow/example_dags/example_latest_only.py for tasks to queue
[2021-09-14 18:56:31,651] {logging_mixin.py:109} INFO - [2021-09-14 18:56:31,651] {dagbag.py:496} INFO - Filling up the DagBag from /home/airflow/.local/lib/python3.8/site-packages/airflow/example_dags/example_latest_only.py
[2021-09-14 18:56:31,665] {processor.py:623} INFO - DAG(s) dict_keys(['latest_only']) retrieved from /home/airflow/.local/lib/python3.8/site-packages/airflow/example_dags/example_latest_only.py
[2021-09-14 18:56:31,699] {logging_mixin.py:109} INFO - [2021-09-14 18:56:31,699] {dag.py:1833} INFO - Sync 1 DAGs
[2021-09-14 18:56:31,715] {logging_mixin.py:109} INFO - [2021-09-14 18:56:31,715] {dag.py:2306} INFO - Setting next_dagrun for latest_only to 2021-09-12 00:00:00+00:00
[2021-09-14 18:56:31,735] {processor.py:170} INFO - Processing /home/airflow/.local/lib/python3.8/site-packages/airflow/example_dags/example_latest_only.py took 0.090 seconds
[2021-09-14 18:57:02,191] {processor.py:162} INFO - Started process (PID=2757) to work on /home/airflow/.local/lib/python3.8/site-packages/airflow/example_dags/example_latest_only.py
[2021-09-14 18:57:02,192] {processor.py:613} INFO - Processing file /home/airflow/.local/lib/python3.8/site-packages/airflow/example_dags/example_latest_only.py for tasks to queue
[2021-09-14 18:57:02,192] {logging_mixin.py:109} INFO - [2021-09-14 18:57:02,192] {dagbag.py:496} INFO - Filling up the DagBag from /home/airflow/.local/lib/python3.8/site-packages/airflow/example_dags/example_latest_only.py
[2021-09-14 18:57:02,202] {processor.py:623} INFO - DAG(s) dict_keys(['latest_only']) retrieved from /home/airflow/.local/lib/python3.8/site-packages/airflow/example_dags/example_latest_only.py
[2021-09-14 18:57:02,219] {logging_mixin.py:109} INFO - [2021-09-14 18:57:02,219] {dag.py:1833} INFO - Sync 1 DAGs
[2021-09-14 18:57:02,232] {logging_mixin.py:109} INFO - [2021-09-14 18:57:02,232] {dag.py:2306} INFO - Setting next_dagrun for latest_only to 2021-09-12 00:00:00+00:00
[2021-09-14 18:57:02,241] {processor.py:170} INFO - Processing /home/airflow/.local/lib/python3.8/site-packages/airflow/example_dags/example_latest_only.py took 0.054 seconds
[2021-09-14 18:57:32,634] {processor.py:162} INFO - Started process (PID=2812) to work on /home/airflow/.local/lib/python3.8/site-packages/airflow/example_dags/example_latest_only.py
[2021-09-14 18:57:32,636] {processor.py:613} INFO - Processing file /home/airflow/.local/lib/python3.8/site-packages/airflow/example_dags/example_latest_only.py for tasks to queue
[2021-09-14 18:57:32,637] {logging_mixin.py:109} INFO - [2021-09-14 18:57:32,637] {dagbag.py:496} INFO - Filling up the DagBag from /home/airflow/.local/lib/python3.8/site-packages/airflow/example_dags/example_latest_only.py
[2021-09-14 18:57:32,648] {processor.py:623} INFO - DAG(s) dict_keys(['latest_only']) retrieved from /home/airflow/.local/lib/python3.8/site-packages/airflow/example_dags/example_latest_only.py
[2021-09-14 18:57:32,671] {logging_mixin.py:109} INFO - [2021-09-14 18:57:32,671] {dag.py:1833} INFO - Sync 1 DAGs
[2021-09-14 18:57:32,697] {logging_mixin.py:109} INFO - [2021-09-14 18:57:32,697] {dag.py:2306} INFO - Setting next_dagrun for latest_only to 2021-09-12 00:00:00+00:00
[2021-09-14 18:57:32,710] {processor.py:170} INFO - Processing /home/airflow/.local/lib/python3.8/site-packages/airflow/example_dags/example_latest_only.py took 0.083 seconds
[2021-09-14 18:58:03,415] {processor.py:162} INFO - Started process (PID=2859) to work on /home/airflow/.local/lib/python3.8/site-packages/airflow/example_dags/example_latest_only.py
[2021-09-14 18:58:03,416] {processor.py:613} INFO - Processing file /home/airflow/.local/lib/python3.8/site-packages/airflow/example_dags/example_latest_only.py for tasks to queue
[2021-09-14 18:58:03,417] {logging_mixin.py:109} INFO - [2021-09-14 18:58:03,417] {dagbag.py:496} INFO - Filling up the DagBag from /home/airflow/.local/lib/python3.8/site-packages/airflow/example_dags/example_latest_only.py
[2021-09-14 18:58:03,428] {processor.py:623} INFO - DAG(s) dict_keys(['latest_only']) retrieved from /home/airflow/.local/lib/python3.8/site-packages/airflow/example_dags/example_latest_only.py
[2021-09-14 18:58:03,447] {logging_mixin.py:109} INFO - [2021-09-14 18:58:03,447] {dag.py:1833} INFO - Sync 1 DAGs
[2021-09-14 18:58:03,457] {logging_mixin.py:109} INFO - [2021-09-14 18:58:03,457] {dag.py:2306} INFO - Setting next_dagrun for latest_only to 2021-09-12 00:00:00+00:00
[2021-09-14 18:58:03,472] {processor.py:170} INFO - Processing /home/airflow/.local/lib/python3.8/site-packages/airflow/example_dags/example_latest_only.py took 0.060 seconds
[2021-09-14 18:58:33,891] {processor.py:162} INFO - Started process (PID=2916) to work on /home/airflow/.local/lib/python3.8/site-packages/airflow/example_dags/example_latest_only.py
[2021-09-14 18:58:33,892] {processor.py:613} INFO - Processing file /home/airflow/.local/lib/python3.8/site-packages/airflow/example_dags/example_latest_only.py for tasks to queue
[2021-09-14 18:58:33,893] {logging_mixin.py:109} INFO - [2021-09-14 18:58:33,893] {dagbag.py:496} INFO - Filling up the DagBag from /home/airflow/.local/lib/python3.8/site-packages/airflow/example_dags/example_latest_only.py
[2021-09-14 18:58:33,901] {processor.py:623} INFO - DAG(s) dict_keys(['latest_only']) retrieved from /home/airflow/.local/lib/python3.8/site-packages/airflow/example_dags/example_latest_only.py
[2021-09-14 18:58:33,918] {logging_mixin.py:109} INFO - [2021-09-14 18:58:33,918] {dag.py:1833} INFO - Sync 1 DAGs
[2021-09-14 18:58:33,928] {logging_mixin.py:109} INFO - [2021-09-14 18:58:33,928] {dag.py:2306} INFO - Setting next_dagrun for latest_only to 2021-09-12 00:00:00+00:00
[2021-09-14 18:58:33,936] {processor.py:170} INFO - Processing /home/airflow/.local/lib/python3.8/site-packages/airflow/example_dags/example_latest_only.py took 0.049 seconds
[2021-09-14 18:59:04,107] {processor.py:162} INFO - Started process (PID=2964) to work on /home/airflow/.local/lib/python3.8/site-packages/airflow/example_dags/example_latest_only.py
[2021-09-14 18:59:04,109] {processor.py:613} INFO - Processing file /home/airflow/.local/lib/python3.8/site-packages/airflow/example_dags/example_latest_only.py for tasks to queue
[2021-09-14 18:59:04,110] {logging_mixin.py:109} INFO - [2021-09-14 18:59:04,110] {dagbag.py:496} INFO - Filling up the DagBag from /home/airflow/.local/lib/python3.8/site-packages/airflow/example_dags/example_latest_only.py
[2021-09-14 18:59:04,117] {processor.py:623} INFO - DAG(s) dict_keys(['latest_only']) retrieved from /home/airflow/.local/lib/python3.8/site-packages/airflow/example_dags/example_latest_only.py
[2021-09-14 18:59:04,133] {logging_mixin.py:109} INFO - [2021-09-14 18:59:04,132] {dag.py:1833} INFO - Sync 1 DAGs
[2021-09-14 18:59:04,143] {logging_mixin.py:109} INFO - [2021-09-14 18:59:04,143] {dag.py:2306} INFO - Setting next_dagrun for latest_only to 2021-09-12 00:00:00+00:00
[2021-09-14 18:59:04,151] {processor.py:170} INFO - Processing /home/airflow/.local/lib/python3.8/site-packages/airflow/example_dags/example_latest_only.py took 0.047 seconds
[2021-09-14 18:59:34,327] {processor.py:162} INFO - Started process (PID=3019) to work on /home/airflow/.local/lib/python3.8/site-packages/airflow/example_dags/example_latest_only.py
[2021-09-14 18:59:34,329] {processor.py:613} INFO - Processing file /home/airflow/.local/lib/python3.8/site-packages/airflow/example_dags/example_latest_only.py for tasks to queue
[2021-09-14 18:59:34,329] {logging_mixin.py:109} INFO - [2021-09-14 18:59:34,329] {dagbag.py:496} INFO - Filling up the DagBag from /home/airflow/.local/lib/python3.8/site-packages/airflow/example_dags/example_latest_only.py
[2021-09-14 18:59:34,341] {processor.py:623} INFO - DAG(s) dict_keys(['latest_only']) retrieved from /home/airflow/.local/lib/python3.8/site-packages/airflow/example_dags/example_latest_only.py
[2021-09-14 18:59:34,363] {logging_mixin.py:109} INFO - [2021-09-14 18:59:34,362] {dag.py:1833} INFO - Sync 1 DAGs
[2021-09-14 18:59:34,382] {logging_mixin.py:109} INFO - [2021-09-14 18:59:34,382] {dag.py:2306} INFO - Setting next_dagrun for latest_only to 2021-09-12 00:00:00+00:00
[2021-09-14 18:59:34,404] {processor.py:170} INFO - Processing /home/airflow/.local/lib/python3.8/site-packages/airflow/example_dags/example_latest_only.py took 0.079 seconds
[2021-09-14 19:00:05,441] {processor.py:162} INFO - Started process (PID=3077) to work on /home/airflow/.local/lib/python3.8/site-packages/airflow/example_dags/example_latest_only.py
[2021-09-14 19:00:05,442] {processor.py:613} INFO - Processing file /home/airflow/.local/lib/python3.8/site-packages/airflow/example_dags/example_latest_only.py for tasks to queue
[2021-09-14 19:00:05,444] {logging_mixin.py:109} INFO - [2021-09-14 19:00:05,443] {dagbag.py:496} INFO - Filling up the DagBag from /home/airflow/.local/lib/python3.8/site-packages/airflow/example_dags/example_latest_only.py
[2021-09-14 19:00:05,457] {processor.py:623} INFO - DAG(s) dict_keys(['latest_only']) retrieved from /home/airflow/.local/lib/python3.8/site-packages/airflow/example_dags/example_latest_only.py
[2021-09-14 19:00:05,524] {logging_mixin.py:109} INFO - [2021-09-14 19:00:05,524] {dag.py:1833} INFO - Sync 1 DAGs
[2021-09-14 19:00:05,552] {logging_mixin.py:109} INFO - [2021-09-14 19:00:05,552] {dag.py:2306} INFO - Setting next_dagrun for latest_only to 2021-09-12 00:00:00+00:00
[2021-09-14 19:00:05,562] {processor.py:170} INFO - Processing /home/airflow/.local/lib/python3.8/site-packages/airflow/example_dags/example_latest_only.py took 0.125 seconds
[2021-09-14 19:00:35,911] {processor.py:162} INFO - Started process (PID=3126) to work on /home/airflow/.local/lib/python3.8/site-packages/airflow/example_dags/example_latest_only.py
[2021-09-14 19:00:35,912] {processor.py:613} INFO - Processing file /home/airflow/.local/lib/python3.8/site-packages/airflow/example_dags/example_latest_only.py for tasks to queue
[2021-09-14 19:00:35,913] {logging_mixin.py:109} INFO - [2021-09-14 19:00:35,913] {dagbag.py:496} INFO - Filling up the DagBag from /home/airflow/.local/lib/python3.8/site-packages/airflow/example_dags/example_latest_only.py
[2021-09-14 19:00:35,921] {processor.py:623} INFO - DAG(s) dict_keys(['latest_only']) retrieved from /home/airflow/.local/lib/python3.8/site-packages/airflow/example_dags/example_latest_only.py
[2021-09-14 19:00:35,939] {logging_mixin.py:109} INFO - [2021-09-14 19:00:35,939] {dag.py:1833} INFO - Sync 1 DAGs
[2021-09-14 19:00:35,951] {logging_mixin.py:109} INFO - [2021-09-14 19:00:35,951] {dag.py:2306} INFO - Setting next_dagrun for latest_only to 2021-09-12 00:00:00+00:00
[2021-09-14 19:00:35,961] {processor.py:170} INFO - Processing /home/airflow/.local/lib/python3.8/site-packages/airflow/example_dags/example_latest_only.py took 0.053 seconds
[2021-09-14 19:01:06,823] {processor.py:162} INFO - Started process (PID=3182) to work on /home/airflow/.local/lib/python3.8/site-packages/airflow/example_dags/example_latest_only.py
[2021-09-14 19:01:06,826] {processor.py:613} INFO - Processing file /home/airflow/.local/lib/python3.8/site-packages/airflow/example_dags/example_latest_only.py for tasks to queue
[2021-09-14 19:01:06,826] {logging_mixin.py:109} INFO - [2021-09-14 19:01:06,826] {dagbag.py:496} INFO - Filling up the DagBag from /home/airflow/.local/lib/python3.8/site-packages/airflow/example_dags/example_latest_only.py
[2021-09-14 19:01:06,837] {processor.py:623} INFO - DAG(s) dict_keys(['latest_only']) retrieved from /home/airflow/.local/lib/python3.8/site-packages/airflow/example_dags/example_latest_only.py
[2021-09-14 19:01:06,860] {logging_mixin.py:109} INFO - [2021-09-14 19:01:06,859] {dag.py:1833} INFO - Sync 1 DAGs
[2021-09-14 19:01:06,879] {logging_mixin.py:109} INFO - [2021-09-14 19:01:06,879] {dag.py:2306} INFO - Setting next_dagrun for latest_only to 2021-09-12 00:00:00+00:00
[2021-09-14 19:01:06,892] {processor.py:170} INFO - Processing /home/airflow/.local/lib/python3.8/site-packages/airflow/example_dags/example_latest_only.py took 0.072 seconds
[2021-09-14 19:01:37,199] {processor.py:162} INFO - Started process (PID=3230) to work on /home/airflow/.local/lib/python3.8/site-packages/airflow/example_dags/example_latest_only.py
[2021-09-14 19:01:37,201] {processor.py:613} INFO - Processing file /home/airflow/.local/lib/python3.8/site-packages/airflow/example_dags/example_latest_only.py for tasks to queue
[2021-09-14 19:01:37,202] {logging_mixin.py:109} INFO - [2021-09-14 19:01:37,202] {dagbag.py:496} INFO - Filling up the DagBag from /home/airflow/.local/lib/python3.8/site-packages/airflow/example_dags/example_latest_only.py
[2021-09-14 19:01:37,212] {processor.py:623} INFO - DAG(s) dict_keys(['latest_only']) retrieved from /home/airflow/.local/lib/python3.8/site-packages/airflow/example_dags/example_latest_only.py
[2021-09-14 19:01:37,236] {logging_mixin.py:109} INFO - [2021-09-14 19:01:37,236] {dag.py:1833} INFO - Sync 1 DAGs
[2021-09-14 19:01:37,266] {logging_mixin.py:109} INFO - [2021-09-14 19:01:37,266] {dag.py:2306} INFO - Setting next_dagrun for latest_only to 2021-09-12 00:00:00+00:00
[2021-09-14 19:01:37,277] {processor.py:170} INFO - Processing /home/airflow/.local/lib/python3.8/site-packages/airflow/example_dags/example_latest_only.py took 0.081 seconds
[2021-09-14 19:02:08,219] {processor.py:162} INFO - Started process (PID=3288) to work on /home/airflow/.local/lib/python3.8/site-packages/airflow/example_dags/example_latest_only.py
[2021-09-14 19:02:08,219] {processor.py:613} INFO - Processing file /home/airflow/.local/lib/python3.8/site-packages/airflow/example_dags/example_latest_only.py for tasks to queue
[2021-09-14 19:02:08,220] {logging_mixin.py:109} INFO - [2021-09-14 19:02:08,220] {dagbag.py:496} INFO - Filling up the DagBag from /home/airflow/.local/lib/python3.8/site-packages/airflow/example_dags/example_latest_only.py
[2021-09-14 19:02:08,228] {processor.py:623} INFO - DAG(s) dict_keys(['latest_only']) retrieved from /home/airflow/.local/lib/python3.8/site-packages/airflow/example_dags/example_latest_only.py
[2021-09-14 19:02:08,244] {logging_mixin.py:109} INFO - [2021-09-14 19:02:08,244] {dag.py:1833} INFO - Sync 1 DAGs
[2021-09-14 19:02:08,255] {logging_mixin.py:109} INFO - [2021-09-14 19:02:08,255] {dag.py:2306} INFO - Setting next_dagrun for latest_only to 2021-09-12 00:00:00+00:00
[2021-09-14 19:02:08,266] {processor.py:170} INFO - Processing /home/airflow/.local/lib/python3.8/site-packages/airflow/example_dags/example_latest_only.py took 0.050 seconds
[2021-09-14 19:02:38,684] {processor.py:162} INFO - Started process (PID=3345) to work on /home/airflow/.local/lib/python3.8/site-packages/airflow/example_dags/example_latest_only.py
[2021-09-14 19:02:38,685] {processor.py:613} INFO - Processing file /home/airflow/.local/lib/python3.8/site-packages/airflow/example_dags/example_latest_only.py for tasks to queue
[2021-09-14 19:02:38,686] {logging_mixin.py:109} INFO - [2021-09-14 19:02:38,686] {dagbag.py:496} INFO - Filling up the DagBag from /home/airflow/.local/lib/python3.8/site-packages/airflow/example_dags/example_latest_only.py
[2021-09-14 19:02:38,693] {processor.py:623} INFO - DAG(s) dict_keys(['latest_only']) retrieved from /home/airflow/.local/lib/python3.8/site-packages/airflow/example_dags/example_latest_only.py
[2021-09-14 19:02:38,708] {logging_mixin.py:109} INFO - [2021-09-14 19:02:38,708] {dag.py:1833} INFO - Sync 1 DAGs
[2021-09-14 19:02:38,718] {logging_mixin.py:109} INFO - [2021-09-14 19:02:38,718] {dag.py:2306} INFO - Setting next_dagrun for latest_only to 2021-09-12 00:00:00+00:00
[2021-09-14 19:02:38,725] {processor.py:170} INFO - Processing /home/airflow/.local/lib/python3.8/site-packages/airflow/example_dags/example_latest_only.py took 0.043 seconds
[2021-09-14 19:03:09,267] {processor.py:162} INFO - Started process (PID=3392) to work on /home/airflow/.local/lib/python3.8/site-packages/airflow/example_dags/example_latest_only.py
[2021-09-14 19:03:09,268] {processor.py:613} INFO - Processing file /home/airflow/.local/lib/python3.8/site-packages/airflow/example_dags/example_latest_only.py for tasks to queue
[2021-09-14 19:03:09,269] {logging_mixin.py:109} INFO - [2021-09-14 19:03:09,269] {dagbag.py:496} INFO - Filling up the DagBag from /home/airflow/.local/lib/python3.8/site-packages/airflow/example_dags/example_latest_only.py
[2021-09-14 19:03:09,280] {processor.py:623} INFO - DAG(s) dict_keys(['latest_only']) retrieved from /home/airflow/.local/lib/python3.8/site-packages/airflow/example_dags/example_latest_only.py
[2021-09-14 19:03:09,296] {logging_mixin.py:109} INFO - [2021-09-14 19:03:09,296] {dag.py:1833} INFO - Sync 1 DAGs
[2021-09-14 19:03:09,306] {logging_mixin.py:109} INFO - [2021-09-14 19:03:09,306] {dag.py:2306} INFO - Setting next_dagrun for latest_only to 2021-09-12 00:00:00+00:00
[2021-09-14 19:03:09,314] {processor.py:170} INFO - Processing /home/airflow/.local/lib/python3.8/site-packages/airflow/example_dags/example_latest_only.py took 0.050 seconds
[2021-09-14 19:03:39,766] {processor.py:162} INFO - Started process (PID=3450) to work on /home/airflow/.local/lib/python3.8/site-packages/airflow/example_dags/example_latest_only.py
[2021-09-14 19:03:39,768] {processor.py:613} INFO - Processing file /home/airflow/.local/lib/python3.8/site-packages/airflow/example_dags/example_latest_only.py for tasks to queue
[2021-09-14 19:03:39,768] {logging_mixin.py:109} INFO - [2021-09-14 19:03:39,768] {dagbag.py:496} INFO - Filling up the DagBag from /home/airflow/.local/lib/python3.8/site-packages/airflow/example_dags/example_latest_only.py
[2021-09-14 19:03:39,778] {processor.py:623} INFO - DAG(s) dict_keys(['latest_only']) retrieved from /home/airflow/.local/lib/python3.8/site-packages/airflow/example_dags/example_latest_only.py
[2021-09-14 19:03:39,803] {logging_mixin.py:109} INFO - [2021-09-14 19:03:39,803] {dag.py:1833} INFO - Sync 1 DAGs
[2021-09-14 19:03:39,820] {logging_mixin.py:109} INFO - [2021-09-14 19:03:39,820] {dag.py:2306} INFO - Setting next_dagrun for latest_only to 2021-09-12 00:00:00+00:00
[2021-09-14 19:03:39,833] {processor.py:170} INFO - Processing /home/airflow/.local/lib/python3.8/site-packages/airflow/example_dags/example_latest_only.py took 0.070 seconds
