[2021-09-14 18:31:35,968] {processor.py:162} INFO - Started process (PID=23) to work on /home/airflow/.local/lib/python3.8/site-packages/airflow/example_dags/example_bash_operator.py
[2021-09-14 18:31:35,969] {processor.py:613} INFO - Processing file /home/airflow/.local/lib/python3.8/site-packages/airflow/example_dags/example_bash_operator.py for tasks to queue
[2021-09-14 18:31:35,970] {logging_mixin.py:109} INFO - [2021-09-14 18:31:35,970] {dagbag.py:496} INFO - Filling up the DagBag from /home/airflow/.local/lib/python3.8/site-packages/airflow/example_dags/example_bash_operator.py
[2021-09-14 18:31:36,008] {processor.py:623} INFO - DAG(s) dict_keys(['example_bash_operator']) retrieved from /home/airflow/.local/lib/python3.8/site-packages/airflow/example_dags/example_bash_operator.py
[2021-09-14 18:31:49,604] {logging_mixin.py:109} WARNING - /home/airflow/.local/lib/python3.8/site-packages/azure/cosmos/session.py:186 SyntaxWarning: "is not" with a literal. Did you mean "!="?
[2021-09-14 18:31:49,873] {logging_mixin.py:109} WARNING - /home/airflow/.local/lib/python3.8/site-packages/azure/storage/common/_connection.py:82 SyntaxWarning: "is" with a literal. Did you mean "=="?
[2021-09-14 18:31:51,687] {logging_mixin.py:109} INFO - [2021-09-14 18:31:51,686] {dag.py:1833} INFO - Sync 1 DAGs
[2021-09-14 18:31:51,704] {logging_mixin.py:109} INFO - [2021-09-14 18:31:51,703] {dag.py:1852} INFO - Creating ORM DAG for example_bash_operator
[2021-09-14 18:31:51,717] {logging_mixin.py:109} INFO - [2021-09-14 18:31:51,716] {dag.py:2306} INFO - Setting next_dagrun for example_bash_operator to 2021-09-12 00:00:00+00:00
[2021-09-14 18:31:51,727] {processor.py:170} INFO - Processing /home/airflow/.local/lib/python3.8/site-packages/airflow/example_dags/example_bash_operator.py took 15.762 seconds
[2021-09-14 18:32:27,948] {processor.py:162} INFO - Started process (PID=207) to work on /home/airflow/.local/lib/python3.8/site-packages/airflow/example_dags/example_bash_operator.py
[2021-09-14 18:32:27,951] {processor.py:613} INFO - Processing file /home/airflow/.local/lib/python3.8/site-packages/airflow/example_dags/example_bash_operator.py for tasks to queue
[2021-09-14 18:32:27,952] {logging_mixin.py:109} INFO - [2021-09-14 18:32:27,952] {dagbag.py:496} INFO - Filling up the DagBag from /home/airflow/.local/lib/python3.8/site-packages/airflow/example_dags/example_bash_operator.py
[2021-09-14 18:32:27,966] {processor.py:623} INFO - DAG(s) dict_keys(['example_bash_operator']) retrieved from /home/airflow/.local/lib/python3.8/site-packages/airflow/example_dags/example_bash_operator.py
[2021-09-14 18:32:27,988] {logging_mixin.py:109} INFO - [2021-09-14 18:32:27,988] {dag.py:1833} INFO - Sync 1 DAGs
[2021-09-14 18:32:28,008] {logging_mixin.py:109} INFO - [2021-09-14 18:32:28,008] {dag.py:2306} INFO - Setting next_dagrun for example_bash_operator to 2021-09-12 00:00:00+00:00
[2021-09-14 18:32:28,017] {processor.py:170} INFO - Processing /home/airflow/.local/lib/python3.8/site-packages/airflow/example_dags/example_bash_operator.py took 0.073 seconds
[2021-09-14 18:32:58,259] {processor.py:162} INFO - Started process (PID=260) to work on /home/airflow/.local/lib/python3.8/site-packages/airflow/example_dags/example_bash_operator.py
[2021-09-14 18:32:58,260] {processor.py:613} INFO - Processing file /home/airflow/.local/lib/python3.8/site-packages/airflow/example_dags/example_bash_operator.py for tasks to queue
[2021-09-14 18:32:58,261] {logging_mixin.py:109} INFO - [2021-09-14 18:32:58,261] {dagbag.py:496} INFO - Filling up the DagBag from /home/airflow/.local/lib/python3.8/site-packages/airflow/example_dags/example_bash_operator.py
[2021-09-14 18:32:58,272] {processor.py:623} INFO - DAG(s) dict_keys(['example_bash_operator']) retrieved from /home/airflow/.local/lib/python3.8/site-packages/airflow/example_dags/example_bash_operator.py
[2021-09-14 18:32:58,291] {logging_mixin.py:109} INFO - [2021-09-14 18:32:58,291] {dag.py:1833} INFO - Sync 1 DAGs
[2021-09-14 18:32:58,308] {logging_mixin.py:109} INFO - [2021-09-14 18:32:58,308] {dag.py:2306} INFO - Setting next_dagrun for example_bash_operator to 2021-09-12 00:00:00+00:00
[2021-09-14 18:32:58,315] {processor.py:170} INFO - Processing /home/airflow/.local/lib/python3.8/site-packages/airflow/example_dags/example_bash_operator.py took 0.059 seconds
[2021-09-14 18:33:28,885] {processor.py:162} INFO - Started process (PID=315) to work on /home/airflow/.local/lib/python3.8/site-packages/airflow/example_dags/example_bash_operator.py
[2021-09-14 18:33:28,886] {processor.py:613} INFO - Processing file /home/airflow/.local/lib/python3.8/site-packages/airflow/example_dags/example_bash_operator.py for tasks to queue
[2021-09-14 18:33:28,887] {logging_mixin.py:109} INFO - [2021-09-14 18:33:28,887] {dagbag.py:496} INFO - Filling up the DagBag from /home/airflow/.local/lib/python3.8/site-packages/airflow/example_dags/example_bash_operator.py
[2021-09-14 18:33:28,899] {processor.py:623} INFO - DAG(s) dict_keys(['example_bash_operator']) retrieved from /home/airflow/.local/lib/python3.8/site-packages/airflow/example_dags/example_bash_operator.py
[2021-09-14 18:33:28,917] {logging_mixin.py:109} INFO - [2021-09-14 18:33:28,917] {dag.py:1833} INFO - Sync 1 DAGs
[2021-09-14 18:33:28,940] {logging_mixin.py:109} INFO - [2021-09-14 18:33:28,940] {dag.py:2306} INFO - Setting next_dagrun for example_bash_operator to 2021-09-12 00:00:00+00:00
[2021-09-14 18:33:28,947] {processor.py:170} INFO - Processing /home/airflow/.local/lib/python3.8/site-packages/airflow/example_dags/example_bash_operator.py took 0.065 seconds
[2021-09-14 18:33:59,214] {processor.py:162} INFO - Started process (PID=364) to work on /home/airflow/.local/lib/python3.8/site-packages/airflow/example_dags/example_bash_operator.py
[2021-09-14 18:33:59,215] {processor.py:613} INFO - Processing file /home/airflow/.local/lib/python3.8/site-packages/airflow/example_dags/example_bash_operator.py for tasks to queue
[2021-09-14 18:33:59,216] {logging_mixin.py:109} INFO - [2021-09-14 18:33:59,216] {dagbag.py:496} INFO - Filling up the DagBag from /home/airflow/.local/lib/python3.8/site-packages/airflow/example_dags/example_bash_operator.py
[2021-09-14 18:33:59,226] {processor.py:623} INFO - DAG(s) dict_keys(['example_bash_operator']) retrieved from /home/airflow/.local/lib/python3.8/site-packages/airflow/example_dags/example_bash_operator.py
[2021-09-14 18:33:59,242] {logging_mixin.py:109} INFO - [2021-09-14 18:33:59,242] {dag.py:1833} INFO - Sync 1 DAGs
[2021-09-14 18:33:59,258] {logging_mixin.py:109} INFO - [2021-09-14 18:33:59,258] {dag.py:2306} INFO - Setting next_dagrun for example_bash_operator to 2021-09-12 00:00:00+00:00
[2021-09-14 18:33:59,264] {processor.py:170} INFO - Processing /home/airflow/.local/lib/python3.8/site-packages/airflow/example_dags/example_bash_operator.py took 0.053 seconds
[2021-09-14 18:34:29,350] {processor.py:162} INFO - Started process (PID=420) to work on /home/airflow/.local/lib/python3.8/site-packages/airflow/example_dags/example_bash_operator.py
[2021-09-14 18:34:29,351] {processor.py:613} INFO - Processing file /home/airflow/.local/lib/python3.8/site-packages/airflow/example_dags/example_bash_operator.py for tasks to queue
[2021-09-14 18:34:29,352] {logging_mixin.py:109} INFO - [2021-09-14 18:34:29,352] {dagbag.py:496} INFO - Filling up the DagBag from /home/airflow/.local/lib/python3.8/site-packages/airflow/example_dags/example_bash_operator.py
[2021-09-14 18:34:29,365] {processor.py:623} INFO - DAG(s) dict_keys(['example_bash_operator']) retrieved from /home/airflow/.local/lib/python3.8/site-packages/airflow/example_dags/example_bash_operator.py
[2021-09-14 18:34:29,383] {logging_mixin.py:109} INFO - [2021-09-14 18:34:29,383] {dag.py:1833} INFO - Sync 1 DAGs
[2021-09-14 18:34:29,401] {logging_mixin.py:109} INFO - [2021-09-14 18:34:29,401] {dag.py:2306} INFO - Setting next_dagrun for example_bash_operator to 2021-09-12 00:00:00+00:00
[2021-09-14 18:34:29,410] {processor.py:170} INFO - Processing /home/airflow/.local/lib/python3.8/site-packages/airflow/example_dags/example_bash_operator.py took 0.064 seconds
[2021-09-14 18:34:59,813] {processor.py:162} INFO - Started process (PID=467) to work on /home/airflow/.local/lib/python3.8/site-packages/airflow/example_dags/example_bash_operator.py
[2021-09-14 18:34:59,814] {processor.py:613} INFO - Processing file /home/airflow/.local/lib/python3.8/site-packages/airflow/example_dags/example_bash_operator.py for tasks to queue
[2021-09-14 18:34:59,815] {logging_mixin.py:109} INFO - [2021-09-14 18:34:59,815] {dagbag.py:496} INFO - Filling up the DagBag from /home/airflow/.local/lib/python3.8/site-packages/airflow/example_dags/example_bash_operator.py
[2021-09-14 18:34:59,828] {processor.py:623} INFO - DAG(s) dict_keys(['example_bash_operator']) retrieved from /home/airflow/.local/lib/python3.8/site-packages/airflow/example_dags/example_bash_operator.py
[2021-09-14 18:34:59,852] {logging_mixin.py:109} INFO - [2021-09-14 18:34:59,851] {dag.py:1833} INFO - Sync 1 DAGs
[2021-09-14 18:34:59,872] {logging_mixin.py:109} INFO - [2021-09-14 18:34:59,872] {dag.py:2306} INFO - Setting next_dagrun for example_bash_operator to 2021-09-12 00:00:00+00:00
[2021-09-14 18:34:59,881] {processor.py:170} INFO - Processing /home/airflow/.local/lib/python3.8/site-packages/airflow/example_dags/example_bash_operator.py took 0.071 seconds
[2021-09-14 18:35:30,748] {processor.py:162} INFO - Started process (PID=522) to work on /home/airflow/.local/lib/python3.8/site-packages/airflow/example_dags/example_bash_operator.py
[2021-09-14 18:35:30,749] {processor.py:613} INFO - Processing file /home/airflow/.local/lib/python3.8/site-packages/airflow/example_dags/example_bash_operator.py for tasks to queue
[2021-09-14 18:35:30,750] {logging_mixin.py:109} INFO - [2021-09-14 18:35:30,750] {dagbag.py:496} INFO - Filling up the DagBag from /home/airflow/.local/lib/python3.8/site-packages/airflow/example_dags/example_bash_operator.py
[2021-09-14 18:35:30,760] {processor.py:623} INFO - DAG(s) dict_keys(['example_bash_operator']) retrieved from /home/airflow/.local/lib/python3.8/site-packages/airflow/example_dags/example_bash_operator.py
[2021-09-14 18:35:30,778] {logging_mixin.py:109} INFO - [2021-09-14 18:35:30,778] {dag.py:1833} INFO - Sync 1 DAGs
[2021-09-14 18:35:30,791] {logging_mixin.py:109} INFO - [2021-09-14 18:35:30,791] {dag.py:2306} INFO - Setting next_dagrun for example_bash_operator to 2021-09-12 00:00:00+00:00
[2021-09-14 18:35:30,798] {processor.py:170} INFO - Processing /home/airflow/.local/lib/python3.8/site-packages/airflow/example_dags/example_bash_operator.py took 0.053 seconds
[2021-09-14 18:36:01,179] {processor.py:162} INFO - Started process (PID=569) to work on /home/airflow/.local/lib/python3.8/site-packages/airflow/example_dags/example_bash_operator.py
[2021-09-14 18:36:01,180] {processor.py:613} INFO - Processing file /home/airflow/.local/lib/python3.8/site-packages/airflow/example_dags/example_bash_operator.py for tasks to queue
[2021-09-14 18:36:01,182] {logging_mixin.py:109} INFO - [2021-09-14 18:36:01,182] {dagbag.py:496} INFO - Filling up the DagBag from /home/airflow/.local/lib/python3.8/site-packages/airflow/example_dags/example_bash_operator.py
[2021-09-14 18:36:01,197] {processor.py:623} INFO - DAG(s) dict_keys(['example_bash_operator']) retrieved from /home/airflow/.local/lib/python3.8/site-packages/airflow/example_dags/example_bash_operator.py
[2021-09-14 18:36:01,222] {logging_mixin.py:109} INFO - [2021-09-14 18:36:01,221] {dag.py:1833} INFO - Sync 1 DAGs
[2021-09-14 18:36:01,244] {logging_mixin.py:109} INFO - [2021-09-14 18:36:01,243] {dag.py:2306} INFO - Setting next_dagrun for example_bash_operator to 2021-09-12 00:00:00+00:00
[2021-09-14 18:36:01,254] {processor.py:170} INFO - Processing /home/airflow/.local/lib/python3.8/site-packages/airflow/example_dags/example_bash_operator.py took 0.079 seconds
[2021-09-14 18:36:32,230] {processor.py:162} INFO - Started process (PID=624) to work on /home/airflow/.local/lib/python3.8/site-packages/airflow/example_dags/example_bash_operator.py
[2021-09-14 18:36:32,232] {processor.py:613} INFO - Processing file /home/airflow/.local/lib/python3.8/site-packages/airflow/example_dags/example_bash_operator.py for tasks to queue
[2021-09-14 18:36:32,232] {logging_mixin.py:109} INFO - [2021-09-14 18:36:32,232] {dagbag.py:496} INFO - Filling up the DagBag from /home/airflow/.local/lib/python3.8/site-packages/airflow/example_dags/example_bash_operator.py
[2021-09-14 18:36:32,242] {processor.py:623} INFO - DAG(s) dict_keys(['example_bash_operator']) retrieved from /home/airflow/.local/lib/python3.8/site-packages/airflow/example_dags/example_bash_operator.py
[2021-09-14 18:36:32,261] {logging_mixin.py:109} INFO - [2021-09-14 18:36:32,261] {dag.py:1833} INFO - Sync 1 DAGs
[2021-09-14 18:36:32,277] {logging_mixin.py:109} INFO - [2021-09-14 18:36:32,277] {dag.py:2306} INFO - Setting next_dagrun for example_bash_operator to 2021-09-12 00:00:00+00:00
[2021-09-14 18:36:32,286] {processor.py:170} INFO - Processing /home/airflow/.local/lib/python3.8/site-packages/airflow/example_dags/example_bash_operator.py took 0.058 seconds
[2021-09-14 18:37:02,948] {processor.py:162} INFO - Started process (PID=673) to work on /home/airflow/.local/lib/python3.8/site-packages/airflow/example_dags/example_bash_operator.py
[2021-09-14 18:37:02,949] {processor.py:613} INFO - Processing file /home/airflow/.local/lib/python3.8/site-packages/airflow/example_dags/example_bash_operator.py for tasks to queue
[2021-09-14 18:37:02,950] {logging_mixin.py:109} INFO - [2021-09-14 18:37:02,950] {dagbag.py:496} INFO - Filling up the DagBag from /home/airflow/.local/lib/python3.8/site-packages/airflow/example_dags/example_bash_operator.py
[2021-09-14 18:37:02,959] {processor.py:623} INFO - DAG(s) dict_keys(['example_bash_operator']) retrieved from /home/airflow/.local/lib/python3.8/site-packages/airflow/example_dags/example_bash_operator.py
[2021-09-14 18:37:02,976] {logging_mixin.py:109} INFO - [2021-09-14 18:37:02,976] {dag.py:1833} INFO - Sync 1 DAGs
[2021-09-14 18:37:02,989] {logging_mixin.py:109} INFO - [2021-09-14 18:37:02,989] {dag.py:2306} INFO - Setting next_dagrun for example_bash_operator to 2021-09-12 00:00:00+00:00
[2021-09-14 18:37:02,998] {processor.py:170} INFO - Processing /home/airflow/.local/lib/python3.8/site-packages/airflow/example_dags/example_bash_operator.py took 0.053 seconds
[2021-09-14 18:37:33,275] {processor.py:162} INFO - Started process (PID=729) to work on /home/airflow/.local/lib/python3.8/site-packages/airflow/example_dags/example_bash_operator.py
[2021-09-14 18:37:33,276] {processor.py:613} INFO - Processing file /home/airflow/.local/lib/python3.8/site-packages/airflow/example_dags/example_bash_operator.py for tasks to queue
[2021-09-14 18:37:33,276] {logging_mixin.py:109} INFO - [2021-09-14 18:37:33,276] {dagbag.py:496} INFO - Filling up the DagBag from /home/airflow/.local/lib/python3.8/site-packages/airflow/example_dags/example_bash_operator.py
[2021-09-14 18:37:33,286] {processor.py:623} INFO - DAG(s) dict_keys(['example_bash_operator']) retrieved from /home/airflow/.local/lib/python3.8/site-packages/airflow/example_dags/example_bash_operator.py
[2021-09-14 18:37:33,302] {logging_mixin.py:109} INFO - [2021-09-14 18:37:33,302] {dag.py:1833} INFO - Sync 1 DAGs
[2021-09-14 18:37:33,318] {logging_mixin.py:109} INFO - [2021-09-14 18:37:33,318] {dag.py:2306} INFO - Setting next_dagrun for example_bash_operator to 2021-09-12 00:00:00+00:00
[2021-09-14 18:37:33,324] {processor.py:170} INFO - Processing /home/airflow/.local/lib/python3.8/site-packages/airflow/example_dags/example_bash_operator.py took 0.052 seconds
[2021-09-14 18:38:03,901] {processor.py:162} INFO - Started process (PID=785) to work on /home/airflow/.local/lib/python3.8/site-packages/airflow/example_dags/example_bash_operator.py
[2021-09-14 18:38:03,902] {processor.py:613} INFO - Processing file /home/airflow/.local/lib/python3.8/site-packages/airflow/example_dags/example_bash_operator.py for tasks to queue
[2021-09-14 18:38:03,903] {logging_mixin.py:109} INFO - [2021-09-14 18:38:03,903] {dagbag.py:496} INFO - Filling up the DagBag from /home/airflow/.local/lib/python3.8/site-packages/airflow/example_dags/example_bash_operator.py
[2021-09-14 18:38:03,913] {processor.py:623} INFO - DAG(s) dict_keys(['example_bash_operator']) retrieved from /home/airflow/.local/lib/python3.8/site-packages/airflow/example_dags/example_bash_operator.py
[2021-09-14 18:38:03,930] {logging_mixin.py:109} INFO - [2021-09-14 18:38:03,930] {dag.py:1833} INFO - Sync 1 DAGs
[2021-09-14 18:38:03,947] {logging_mixin.py:109} INFO - [2021-09-14 18:38:03,947] {dag.py:2306} INFO - Setting next_dagrun for example_bash_operator to 2021-09-12 00:00:00+00:00
[2021-09-14 18:38:03,957] {processor.py:170} INFO - Processing /home/airflow/.local/lib/python3.8/site-packages/airflow/example_dags/example_bash_operator.py took 0.059 seconds
[2021-09-14 18:38:34,877] {processor.py:162} INFO - Started process (PID=832) to work on /home/airflow/.local/lib/python3.8/site-packages/airflow/example_dags/example_bash_operator.py
[2021-09-14 18:38:34,878] {processor.py:613} INFO - Processing file /home/airflow/.local/lib/python3.8/site-packages/airflow/example_dags/example_bash_operator.py for tasks to queue
[2021-09-14 18:38:34,879] {logging_mixin.py:109} INFO - [2021-09-14 18:38:34,879] {dagbag.py:496} INFO - Filling up the DagBag from /home/airflow/.local/lib/python3.8/site-packages/airflow/example_dags/example_bash_operator.py
[2021-09-14 18:38:34,888] {processor.py:623} INFO - DAG(s) dict_keys(['example_bash_operator']) retrieved from /home/airflow/.local/lib/python3.8/site-packages/airflow/example_dags/example_bash_operator.py
[2021-09-14 18:38:34,903] {logging_mixin.py:109} INFO - [2021-09-14 18:38:34,903] {dag.py:1833} INFO - Sync 1 DAGs
[2021-09-14 18:38:34,914] {logging_mixin.py:109} INFO - [2021-09-14 18:38:34,914] {dag.py:2306} INFO - Setting next_dagrun for example_bash_operator to 2021-09-12 00:00:00+00:00
[2021-09-14 18:38:34,923] {processor.py:170} INFO - Processing /home/airflow/.local/lib/python3.8/site-packages/airflow/example_dags/example_bash_operator.py took 0.048 seconds
[2021-09-14 18:39:05,166] {processor.py:162} INFO - Started process (PID=890) to work on /home/airflow/.local/lib/python3.8/site-packages/airflow/example_dags/example_bash_operator.py
[2021-09-14 18:39:05,174] {processor.py:613} INFO - Processing file /home/airflow/.local/lib/python3.8/site-packages/airflow/example_dags/example_bash_operator.py for tasks to queue
[2021-09-14 18:39:05,176] {logging_mixin.py:109} INFO - [2021-09-14 18:39:05,176] {dagbag.py:496} INFO - Filling up the DagBag from /home/airflow/.local/lib/python3.8/site-packages/airflow/example_dags/example_bash_operator.py
[2021-09-14 18:39:05,217] {processor.py:623} INFO - DAG(s) dict_keys(['example_bash_operator']) retrieved from /home/airflow/.local/lib/python3.8/site-packages/airflow/example_dags/example_bash_operator.py
[2021-09-14 18:39:05,241] {logging_mixin.py:109} INFO - [2021-09-14 18:39:05,241] {dag.py:1833} INFO - Sync 1 DAGs
[2021-09-14 18:39:05,306] {logging_mixin.py:109} INFO - [2021-09-14 18:39:05,305] {dag.py:2306} INFO - Setting next_dagrun for example_bash_operator to 2021-09-12 00:00:00+00:00
[2021-09-14 18:39:05,326] {processor.py:170} INFO - Processing /home/airflow/.local/lib/python3.8/site-packages/airflow/example_dags/example_bash_operator.py took 0.175 seconds
[2021-09-14 18:39:35,513] {processor.py:162} INFO - Started process (PID=936) to work on /home/airflow/.local/lib/python3.8/site-packages/airflow/example_dags/example_bash_operator.py
[2021-09-14 18:39:35,514] {processor.py:613} INFO - Processing file /home/airflow/.local/lib/python3.8/site-packages/airflow/example_dags/example_bash_operator.py for tasks to queue
[2021-09-14 18:39:35,515] {logging_mixin.py:109} INFO - [2021-09-14 18:39:35,514] {dagbag.py:496} INFO - Filling up the DagBag from /home/airflow/.local/lib/python3.8/site-packages/airflow/example_dags/example_bash_operator.py
[2021-09-14 18:39:35,525] {processor.py:623} INFO - DAG(s) dict_keys(['example_bash_operator']) retrieved from /home/airflow/.local/lib/python3.8/site-packages/airflow/example_dags/example_bash_operator.py
[2021-09-14 18:39:35,552] {logging_mixin.py:109} INFO - [2021-09-14 18:39:35,552] {dag.py:1833} INFO - Sync 1 DAGs
[2021-09-14 18:39:35,572] {logging_mixin.py:109} INFO - [2021-09-14 18:39:35,571] {dag.py:2306} INFO - Setting next_dagrun for example_bash_operator to 2021-09-12 00:00:00+00:00
[2021-09-14 18:39:35,581] {processor.py:170} INFO - Processing /home/airflow/.local/lib/python3.8/site-packages/airflow/example_dags/example_bash_operator.py took 0.071 seconds
[2021-09-14 18:40:05,811] {processor.py:162} INFO - Started process (PID=994) to work on /home/airflow/.local/lib/python3.8/site-packages/airflow/example_dags/example_bash_operator.py
[2021-09-14 18:40:05,814] {processor.py:613} INFO - Processing file /home/airflow/.local/lib/python3.8/site-packages/airflow/example_dags/example_bash_operator.py for tasks to queue
[2021-09-14 18:40:05,814] {logging_mixin.py:109} INFO - [2021-09-14 18:40:05,814] {dagbag.py:496} INFO - Filling up the DagBag from /home/airflow/.local/lib/python3.8/site-packages/airflow/example_dags/example_bash_operator.py
[2021-09-14 18:40:05,828] {processor.py:623} INFO - DAG(s) dict_keys(['example_bash_operator']) retrieved from /home/airflow/.local/lib/python3.8/site-packages/airflow/example_dags/example_bash_operator.py
[2021-09-14 18:40:05,849] {logging_mixin.py:109} INFO - [2021-09-14 18:40:05,849] {dag.py:1833} INFO - Sync 1 DAGs
[2021-09-14 18:40:05,865] {logging_mixin.py:109} INFO - [2021-09-14 18:40:05,865] {dag.py:2306} INFO - Setting next_dagrun for example_bash_operator to 2021-09-12 00:00:00+00:00
[2021-09-14 18:40:05,873] {processor.py:170} INFO - Processing /home/airflow/.local/lib/python3.8/site-packages/airflow/example_dags/example_bash_operator.py took 0.065 seconds
[2021-09-14 18:40:36,261] {processor.py:162} INFO - Started process (PID=1043) to work on /home/airflow/.local/lib/python3.8/site-packages/airflow/example_dags/example_bash_operator.py
[2021-09-14 18:40:36,262] {processor.py:613} INFO - Processing file /home/airflow/.local/lib/python3.8/site-packages/airflow/example_dags/example_bash_operator.py for tasks to queue
[2021-09-14 18:40:36,263] {logging_mixin.py:109} INFO - [2021-09-14 18:40:36,263] {dagbag.py:496} INFO - Filling up the DagBag from /home/airflow/.local/lib/python3.8/site-packages/airflow/example_dags/example_bash_operator.py
[2021-09-14 18:40:36,274] {processor.py:623} INFO - DAG(s) dict_keys(['example_bash_operator']) retrieved from /home/airflow/.local/lib/python3.8/site-packages/airflow/example_dags/example_bash_operator.py
[2021-09-14 18:40:36,295] {logging_mixin.py:109} INFO - [2021-09-14 18:40:36,294] {dag.py:1833} INFO - Sync 1 DAGs
[2021-09-14 18:40:36,314] {logging_mixin.py:109} INFO - [2021-09-14 18:40:36,314] {dag.py:2306} INFO - Setting next_dagrun for example_bash_operator to 2021-09-12 00:00:00+00:00
[2021-09-14 18:40:36,321] {processor.py:170} INFO - Processing /home/airflow/.local/lib/python3.8/site-packages/airflow/example_dags/example_bash_operator.py took 0.063 seconds
[2021-09-14 18:41:06,764] {processor.py:162} INFO - Started process (PID=1100) to work on /home/airflow/.local/lib/python3.8/site-packages/airflow/example_dags/example_bash_operator.py
[2021-09-14 18:41:06,765] {processor.py:613} INFO - Processing file /home/airflow/.local/lib/python3.8/site-packages/airflow/example_dags/example_bash_operator.py for tasks to queue
[2021-09-14 18:41:06,766] {logging_mixin.py:109} INFO - [2021-09-14 18:41:06,766] {dagbag.py:496} INFO - Filling up the DagBag from /home/airflow/.local/lib/python3.8/site-packages/airflow/example_dags/example_bash_operator.py
[2021-09-14 18:41:06,777] {processor.py:623} INFO - DAG(s) dict_keys(['example_bash_operator']) retrieved from /home/airflow/.local/lib/python3.8/site-packages/airflow/example_dags/example_bash_operator.py
[2021-09-14 18:41:06,793] {logging_mixin.py:109} INFO - [2021-09-14 18:41:06,793] {dag.py:1833} INFO - Sync 1 DAGs
[2021-09-14 18:41:06,805] {logging_mixin.py:109} INFO - [2021-09-14 18:41:06,805] {dag.py:2306} INFO - Setting next_dagrun for example_bash_operator to 2021-09-12 00:00:00+00:00
[2021-09-14 18:41:06,814] {processor.py:170} INFO - Processing /home/airflow/.local/lib/python3.8/site-packages/airflow/example_dags/example_bash_operator.py took 0.052 seconds
[2021-09-14 18:41:37,298] {processor.py:162} INFO - Started process (PID=1149) to work on /home/airflow/.local/lib/python3.8/site-packages/airflow/example_dags/example_bash_operator.py
[2021-09-14 18:41:37,299] {processor.py:613} INFO - Processing file /home/airflow/.local/lib/python3.8/site-packages/airflow/example_dags/example_bash_operator.py for tasks to queue
[2021-09-14 18:41:37,300] {logging_mixin.py:109} INFO - [2021-09-14 18:41:37,300] {dagbag.py:496} INFO - Filling up the DagBag from /home/airflow/.local/lib/python3.8/site-packages/airflow/example_dags/example_bash_operator.py
[2021-09-14 18:41:37,311] {processor.py:623} INFO - DAG(s) dict_keys(['example_bash_operator']) retrieved from /home/airflow/.local/lib/python3.8/site-packages/airflow/example_dags/example_bash_operator.py
[2021-09-14 18:41:37,326] {logging_mixin.py:109} INFO - [2021-09-14 18:41:37,326] {dag.py:1833} INFO - Sync 1 DAGs
[2021-09-14 18:41:37,340] {logging_mixin.py:109} INFO - [2021-09-14 18:41:37,340] {dag.py:2306} INFO - Setting next_dagrun for example_bash_operator to 2021-09-12 00:00:00+00:00
[2021-09-14 18:41:37,349] {processor.py:170} INFO - Processing /home/airflow/.local/lib/python3.8/site-packages/airflow/example_dags/example_bash_operator.py took 0.054 seconds
[2021-09-14 18:42:07,513] {processor.py:162} INFO - Started process (PID=1205) to work on /home/airflow/.local/lib/python3.8/site-packages/airflow/example_dags/example_bash_operator.py
[2021-09-14 18:42:07,514] {processor.py:613} INFO - Processing file /home/airflow/.local/lib/python3.8/site-packages/airflow/example_dags/example_bash_operator.py for tasks to queue
[2021-09-14 18:42:07,515] {logging_mixin.py:109} INFO - [2021-09-14 18:42:07,515] {dagbag.py:496} INFO - Filling up the DagBag from /home/airflow/.local/lib/python3.8/site-packages/airflow/example_dags/example_bash_operator.py
[2021-09-14 18:42:07,525] {processor.py:623} INFO - DAG(s) dict_keys(['example_bash_operator']) retrieved from /home/airflow/.local/lib/python3.8/site-packages/airflow/example_dags/example_bash_operator.py
[2021-09-14 18:42:07,539] {logging_mixin.py:109} INFO - [2021-09-14 18:42:07,539] {dag.py:1833} INFO - Sync 1 DAGs
[2021-09-14 18:42:07,550] {logging_mixin.py:109} INFO - [2021-09-14 18:42:07,550] {dag.py:2306} INFO - Setting next_dagrun for example_bash_operator to 2021-09-12 00:00:00+00:00
[2021-09-14 18:42:07,557] {processor.py:170} INFO - Processing /home/airflow/.local/lib/python3.8/site-packages/airflow/example_dags/example_bash_operator.py took 0.047 seconds
[2021-09-14 18:42:38,124] {processor.py:162} INFO - Started process (PID=1263) to work on /home/airflow/.local/lib/python3.8/site-packages/airflow/example_dags/example_bash_operator.py
[2021-09-14 18:42:38,125] {processor.py:613} INFO - Processing file /home/airflow/.local/lib/python3.8/site-packages/airflow/example_dags/example_bash_operator.py for tasks to queue
[2021-09-14 18:42:38,126] {logging_mixin.py:109} INFO - [2021-09-14 18:42:38,126] {dagbag.py:496} INFO - Filling up the DagBag from /home/airflow/.local/lib/python3.8/site-packages/airflow/example_dags/example_bash_operator.py
[2021-09-14 18:42:38,136] {processor.py:623} INFO - DAG(s) dict_keys(['example_bash_operator']) retrieved from /home/airflow/.local/lib/python3.8/site-packages/airflow/example_dags/example_bash_operator.py
[2021-09-14 18:42:38,154] {logging_mixin.py:109} INFO - [2021-09-14 18:42:38,153] {dag.py:1833} INFO - Sync 1 DAGs
[2021-09-14 18:42:38,168] {logging_mixin.py:109} INFO - [2021-09-14 18:42:38,168] {dag.py:2306} INFO - Setting next_dagrun for example_bash_operator to 2021-09-12 00:00:00+00:00
[2021-09-14 18:42:38,179] {processor.py:170} INFO - Processing /home/airflow/.local/lib/python3.8/site-packages/airflow/example_dags/example_bash_operator.py took 0.057 seconds
[2021-09-14 18:43:08,348] {processor.py:162} INFO - Started process (PID=1311) to work on /home/airflow/.local/lib/python3.8/site-packages/airflow/example_dags/example_bash_operator.py
[2021-09-14 18:43:08,349] {processor.py:613} INFO - Processing file /home/airflow/.local/lib/python3.8/site-packages/airflow/example_dags/example_bash_operator.py for tasks to queue
[2021-09-14 18:43:08,350] {logging_mixin.py:109} INFO - [2021-09-14 18:43:08,350] {dagbag.py:496} INFO - Filling up the DagBag from /home/airflow/.local/lib/python3.8/site-packages/airflow/example_dags/example_bash_operator.py
[2021-09-14 18:43:08,360] {processor.py:623} INFO - DAG(s) dict_keys(['example_bash_operator']) retrieved from /home/airflow/.local/lib/python3.8/site-packages/airflow/example_dags/example_bash_operator.py
[2021-09-14 18:43:08,376] {logging_mixin.py:109} INFO - [2021-09-14 18:43:08,376] {dag.py:1833} INFO - Sync 1 DAGs
[2021-09-14 18:43:08,391] {logging_mixin.py:109} INFO - [2021-09-14 18:43:08,391] {dag.py:2306} INFO - Setting next_dagrun for example_bash_operator to 2021-09-12 00:00:00+00:00
[2021-09-14 18:43:08,398] {processor.py:170} INFO - Processing /home/airflow/.local/lib/python3.8/site-packages/airflow/example_dags/example_bash_operator.py took 0.052 seconds
[2021-09-14 18:43:38,806] {processor.py:162} INFO - Started process (PID=1369) to work on /home/airflow/.local/lib/python3.8/site-packages/airflow/example_dags/example_bash_operator.py
[2021-09-14 18:43:38,808] {processor.py:613} INFO - Processing file /home/airflow/.local/lib/python3.8/site-packages/airflow/example_dags/example_bash_operator.py for tasks to queue
[2021-09-14 18:43:38,809] {logging_mixin.py:109} INFO - [2021-09-14 18:43:38,809] {dagbag.py:496} INFO - Filling up the DagBag from /home/airflow/.local/lib/python3.8/site-packages/airflow/example_dags/example_bash_operator.py
[2021-09-14 18:43:38,827] {processor.py:623} INFO - DAG(s) dict_keys(['example_bash_operator']) retrieved from /home/airflow/.local/lib/python3.8/site-packages/airflow/example_dags/example_bash_operator.py
[2021-09-14 18:43:38,854] {logging_mixin.py:109} INFO - [2021-09-14 18:43:38,854] {dag.py:1833} INFO - Sync 1 DAGs
[2021-09-14 18:43:38,872] {logging_mixin.py:109} INFO - [2021-09-14 18:43:38,872] {dag.py:2306} INFO - Setting next_dagrun for example_bash_operator to 2021-09-12 00:00:00+00:00
[2021-09-14 18:43:38,892] {processor.py:170} INFO - Processing /home/airflow/.local/lib/python3.8/site-packages/airflow/example_dags/example_bash_operator.py took 0.089 seconds
[2021-09-14 18:44:09,217] {processor.py:162} INFO - Started process (PID=1413) to work on /home/airflow/.local/lib/python3.8/site-packages/airflow/example_dags/example_bash_operator.py
[2021-09-14 18:44:09,218] {processor.py:613} INFO - Processing file /home/airflow/.local/lib/python3.8/site-packages/airflow/example_dags/example_bash_operator.py for tasks to queue
[2021-09-14 18:44:09,218] {logging_mixin.py:109} INFO - [2021-09-14 18:44:09,218] {dagbag.py:496} INFO - Filling up the DagBag from /home/airflow/.local/lib/python3.8/site-packages/airflow/example_dags/example_bash_operator.py
[2021-09-14 18:44:09,228] {processor.py:623} INFO - DAG(s) dict_keys(['example_bash_operator']) retrieved from /home/airflow/.local/lib/python3.8/site-packages/airflow/example_dags/example_bash_operator.py
[2021-09-14 18:44:09,246] {logging_mixin.py:109} INFO - [2021-09-14 18:44:09,246] {dag.py:1833} INFO - Sync 1 DAGs
[2021-09-14 18:44:09,260] {logging_mixin.py:109} INFO - [2021-09-14 18:44:09,260] {dag.py:2306} INFO - Setting next_dagrun for example_bash_operator to 2021-09-12 00:00:00+00:00
[2021-09-14 18:44:09,269] {processor.py:170} INFO - Processing /home/airflow/.local/lib/python3.8/site-packages/airflow/example_dags/example_bash_operator.py took 0.055 seconds
[2021-09-14 18:44:39,969] {processor.py:162} INFO - Started process (PID=1468) to work on /home/airflow/.local/lib/python3.8/site-packages/airflow/example_dags/example_bash_operator.py
[2021-09-14 18:44:39,970] {processor.py:613} INFO - Processing file /home/airflow/.local/lib/python3.8/site-packages/airflow/example_dags/example_bash_operator.py for tasks to queue
[2021-09-14 18:44:39,971] {logging_mixin.py:109} INFO - [2021-09-14 18:44:39,971] {dagbag.py:496} INFO - Filling up the DagBag from /home/airflow/.local/lib/python3.8/site-packages/airflow/example_dags/example_bash_operator.py
[2021-09-14 18:44:39,985] {processor.py:623} INFO - DAG(s) dict_keys(['example_bash_operator']) retrieved from /home/airflow/.local/lib/python3.8/site-packages/airflow/example_dags/example_bash_operator.py
[2021-09-14 18:44:40,018] {logging_mixin.py:109} INFO - [2021-09-14 18:44:40,018] {dag.py:1833} INFO - Sync 1 DAGs
[2021-09-14 18:44:40,041] {logging_mixin.py:109} INFO - [2021-09-14 18:44:40,039] {dag.py:2306} INFO - Setting next_dagrun for example_bash_operator to 2021-09-12 00:00:00+00:00
[2021-09-14 18:44:40,051] {processor.py:170} INFO - Processing /home/airflow/.local/lib/python3.8/site-packages/airflow/example_dags/example_bash_operator.py took 0.085 seconds
[2021-09-14 18:45:10,648] {processor.py:162} INFO - Started process (PID=1524) to work on /home/airflow/.local/lib/python3.8/site-packages/airflow/example_dags/example_bash_operator.py
[2021-09-14 18:45:10,649] {processor.py:613} INFO - Processing file /home/airflow/.local/lib/python3.8/site-packages/airflow/example_dags/example_bash_operator.py for tasks to queue
[2021-09-14 18:45:10,649] {logging_mixin.py:109} INFO - [2021-09-14 18:45:10,649] {dagbag.py:496} INFO - Filling up the DagBag from /home/airflow/.local/lib/python3.8/site-packages/airflow/example_dags/example_bash_operator.py
[2021-09-14 18:45:10,659] {processor.py:623} INFO - DAG(s) dict_keys(['example_bash_operator']) retrieved from /home/airflow/.local/lib/python3.8/site-packages/airflow/example_dags/example_bash_operator.py
[2021-09-14 18:45:10,676] {logging_mixin.py:109} INFO - [2021-09-14 18:45:10,676] {dag.py:1833} INFO - Sync 1 DAGs
[2021-09-14 18:45:10,690] {logging_mixin.py:109} INFO - [2021-09-14 18:45:10,690] {dag.py:2306} INFO - Setting next_dagrun for example_bash_operator to 2021-09-12 00:00:00+00:00
[2021-09-14 18:45:10,702] {processor.py:170} INFO - Processing /home/airflow/.local/lib/python3.8/site-packages/airflow/example_dags/example_bash_operator.py took 0.057 seconds
[2021-09-14 18:45:40,873] {processor.py:162} INFO - Started process (PID=1571) to work on /home/airflow/.local/lib/python3.8/site-packages/airflow/example_dags/example_bash_operator.py
[2021-09-14 18:45:40,874] {processor.py:613} INFO - Processing file /home/airflow/.local/lib/python3.8/site-packages/airflow/example_dags/example_bash_operator.py for tasks to queue
[2021-09-14 18:45:40,874] {logging_mixin.py:109} INFO - [2021-09-14 18:45:40,874] {dagbag.py:496} INFO - Filling up the DagBag from /home/airflow/.local/lib/python3.8/site-packages/airflow/example_dags/example_bash_operator.py
[2021-09-14 18:45:40,884] {processor.py:623} INFO - DAG(s) dict_keys(['example_bash_operator']) retrieved from /home/airflow/.local/lib/python3.8/site-packages/airflow/example_dags/example_bash_operator.py
[2021-09-14 18:45:40,902] {logging_mixin.py:109} INFO - [2021-09-14 18:45:40,901] {dag.py:1833} INFO - Sync 1 DAGs
[2021-09-14 18:45:40,919] {logging_mixin.py:109} INFO - [2021-09-14 18:45:40,919] {dag.py:2306} INFO - Setting next_dagrun for example_bash_operator to 2021-09-12 00:00:00+00:00
[2021-09-14 18:45:40,929] {processor.py:170} INFO - Processing /home/airflow/.local/lib/python3.8/site-packages/airflow/example_dags/example_bash_operator.py took 0.058 seconds
[2021-09-14 18:46:11,223] {processor.py:162} INFO - Started process (PID=1626) to work on /home/airflow/.local/lib/python3.8/site-packages/airflow/example_dags/example_bash_operator.py
[2021-09-14 18:46:11,224] {processor.py:613} INFO - Processing file /home/airflow/.local/lib/python3.8/site-packages/airflow/example_dags/example_bash_operator.py for tasks to queue
[2021-09-14 18:46:11,224] {logging_mixin.py:109} INFO - [2021-09-14 18:46:11,224] {dagbag.py:496} INFO - Filling up the DagBag from /home/airflow/.local/lib/python3.8/site-packages/airflow/example_dags/example_bash_operator.py
[2021-09-14 18:46:11,235] {processor.py:623} INFO - DAG(s) dict_keys(['example_bash_operator']) retrieved from /home/airflow/.local/lib/python3.8/site-packages/airflow/example_dags/example_bash_operator.py
[2021-09-14 18:46:11,249] {logging_mixin.py:109} INFO - [2021-09-14 18:46:11,248] {dag.py:1833} INFO - Sync 1 DAGs
[2021-09-14 18:46:11,260] {logging_mixin.py:109} INFO - [2021-09-14 18:46:11,260] {dag.py:2306} INFO - Setting next_dagrun for example_bash_operator to 2021-09-12 00:00:00+00:00
[2021-09-14 18:46:11,266] {processor.py:170} INFO - Processing /home/airflow/.local/lib/python3.8/site-packages/airflow/example_dags/example_bash_operator.py took 0.046 seconds
[2021-09-14 18:46:42,210] {processor.py:162} INFO - Started process (PID=1680) to work on /home/airflow/.local/lib/python3.8/site-packages/airflow/example_dags/example_bash_operator.py
[2021-09-14 18:46:42,211] {processor.py:613} INFO - Processing file /home/airflow/.local/lib/python3.8/site-packages/airflow/example_dags/example_bash_operator.py for tasks to queue
[2021-09-14 18:46:42,212] {logging_mixin.py:109} INFO - [2021-09-14 18:46:42,212] {dagbag.py:496} INFO - Filling up the DagBag from /home/airflow/.local/lib/python3.8/site-packages/airflow/example_dags/example_bash_operator.py
[2021-09-14 18:46:42,222] {processor.py:623} INFO - DAG(s) dict_keys(['example_bash_operator']) retrieved from /home/airflow/.local/lib/python3.8/site-packages/airflow/example_dags/example_bash_operator.py
[2021-09-14 18:46:42,241] {logging_mixin.py:109} INFO - [2021-09-14 18:46:42,241] {dag.py:1833} INFO - Sync 1 DAGs
[2021-09-14 18:46:42,262] {logging_mixin.py:109} INFO - [2021-09-14 18:46:42,262] {dag.py:2306} INFO - Setting next_dagrun for example_bash_operator to 2021-09-12 00:00:00+00:00
[2021-09-14 18:46:42,272] {processor.py:170} INFO - Processing /home/airflow/.local/lib/python3.8/site-packages/airflow/example_dags/example_bash_operator.py took 0.064 seconds
[2021-09-14 18:47:12,705] {processor.py:162} INFO - Started process (PID=1728) to work on /home/airflow/.local/lib/python3.8/site-packages/airflow/example_dags/example_bash_operator.py
[2021-09-14 18:47:12,706] {processor.py:613} INFO - Processing file /home/airflow/.local/lib/python3.8/site-packages/airflow/example_dags/example_bash_operator.py for tasks to queue
[2021-09-14 18:47:12,707] {logging_mixin.py:109} INFO - [2021-09-14 18:47:12,706] {dagbag.py:496} INFO - Filling up the DagBag from /home/airflow/.local/lib/python3.8/site-packages/airflow/example_dags/example_bash_operator.py
[2021-09-14 18:47:12,717] {processor.py:623} INFO - DAG(s) dict_keys(['example_bash_operator']) retrieved from /home/airflow/.local/lib/python3.8/site-packages/airflow/example_dags/example_bash_operator.py
[2021-09-14 18:47:12,732] {logging_mixin.py:109} INFO - [2021-09-14 18:47:12,732] {dag.py:1833} INFO - Sync 1 DAGs
[2021-09-14 18:47:12,744] {logging_mixin.py:109} INFO - [2021-09-14 18:47:12,744] {dag.py:2306} INFO - Setting next_dagrun for example_bash_operator to 2021-09-12 00:00:00+00:00
[2021-09-14 18:47:12,753] {processor.py:170} INFO - Processing /home/airflow/.local/lib/python3.8/site-packages/airflow/example_dags/example_bash_operator.py took 0.050 seconds
[2021-09-14 18:47:43,232] {processor.py:162} INFO - Started process (PID=1786) to work on /home/airflow/.local/lib/python3.8/site-packages/airflow/example_dags/example_bash_operator.py
[2021-09-14 18:47:43,233] {processor.py:613} INFO - Processing file /home/airflow/.local/lib/python3.8/site-packages/airflow/example_dags/example_bash_operator.py for tasks to queue
[2021-09-14 18:47:43,234] {logging_mixin.py:109} INFO - [2021-09-14 18:47:43,233] {dagbag.py:496} INFO - Filling up the DagBag from /home/airflow/.local/lib/python3.8/site-packages/airflow/example_dags/example_bash_operator.py
[2021-09-14 18:47:43,243] {processor.py:623} INFO - DAG(s) dict_keys(['example_bash_operator']) retrieved from /home/airflow/.local/lib/python3.8/site-packages/airflow/example_dags/example_bash_operator.py
[2021-09-14 18:47:43,259] {logging_mixin.py:109} INFO - [2021-09-14 18:47:43,259] {dag.py:1833} INFO - Sync 1 DAGs
[2021-09-14 18:47:43,271] {logging_mixin.py:109} INFO - [2021-09-14 18:47:43,271] {dag.py:2306} INFO - Setting next_dagrun for example_bash_operator to 2021-09-12 00:00:00+00:00
[2021-09-14 18:47:43,279] {processor.py:170} INFO - Processing /home/airflow/.local/lib/python3.8/site-packages/airflow/example_dags/example_bash_operator.py took 0.050 seconds
[2021-09-14 18:48:13,718] {processor.py:162} INFO - Started process (PID=1833) to work on /home/airflow/.local/lib/python3.8/site-packages/airflow/example_dags/example_bash_operator.py
[2021-09-14 18:48:13,719] {processor.py:613} INFO - Processing file /home/airflow/.local/lib/python3.8/site-packages/airflow/example_dags/example_bash_operator.py for tasks to queue
[2021-09-14 18:48:13,719] {logging_mixin.py:109} INFO - [2021-09-14 18:48:13,719] {dagbag.py:496} INFO - Filling up the DagBag from /home/airflow/.local/lib/python3.8/site-packages/airflow/example_dags/example_bash_operator.py
[2021-09-14 18:48:13,730] {processor.py:623} INFO - DAG(s) dict_keys(['example_bash_operator']) retrieved from /home/airflow/.local/lib/python3.8/site-packages/airflow/example_dags/example_bash_operator.py
[2021-09-14 18:48:13,747] {logging_mixin.py:109} INFO - [2021-09-14 18:48:13,746] {dag.py:1833} INFO - Sync 1 DAGs
[2021-09-14 18:48:13,762] {logging_mixin.py:109} INFO - [2021-09-14 18:48:13,762] {dag.py:2306} INFO - Setting next_dagrun for example_bash_operator to 2021-09-12 00:00:00+00:00
[2021-09-14 18:48:13,771] {processor.py:170} INFO - Processing /home/airflow/.local/lib/python3.8/site-packages/airflow/example_dags/example_bash_operator.py took 0.055 seconds
[2021-09-14 18:48:44,919] {processor.py:162} INFO - Started process (PID=1890) to work on /home/airflow/.local/lib/python3.8/site-packages/airflow/example_dags/example_bash_operator.py
[2021-09-14 18:48:44,923] {processor.py:613} INFO - Processing file /home/airflow/.local/lib/python3.8/site-packages/airflow/example_dags/example_bash_operator.py for tasks to queue
[2021-09-14 18:48:44,924] {logging_mixin.py:109} INFO - [2021-09-14 18:48:44,924] {dagbag.py:496} INFO - Filling up the DagBag from /home/airflow/.local/lib/python3.8/site-packages/airflow/example_dags/example_bash_operator.py
[2021-09-14 18:48:44,941] {processor.py:623} INFO - DAG(s) dict_keys(['example_bash_operator']) retrieved from /home/airflow/.local/lib/python3.8/site-packages/airflow/example_dags/example_bash_operator.py
[2021-09-14 18:48:44,975] {logging_mixin.py:109} INFO - [2021-09-14 18:48:44,975] {dag.py:1833} INFO - Sync 1 DAGs
[2021-09-14 18:48:45,005] {logging_mixin.py:109} INFO - [2021-09-14 18:48:45,004] {dag.py:2306} INFO - Setting next_dagrun for example_bash_operator to 2021-09-12 00:00:00+00:00
[2021-09-14 18:48:45,022] {processor.py:170} INFO - Processing /home/airflow/.local/lib/python3.8/site-packages/airflow/example_dags/example_bash_operator.py took 0.106 seconds
[2021-09-14 18:49:15,712] {processor.py:162} INFO - Started process (PID=1946) to work on /home/airflow/.local/lib/python3.8/site-packages/airflow/example_dags/example_bash_operator.py
[2021-09-14 18:49:15,716] {processor.py:613} INFO - Processing file /home/airflow/.local/lib/python3.8/site-packages/airflow/example_dags/example_bash_operator.py for tasks to queue
[2021-09-14 18:49:15,717] {logging_mixin.py:109} INFO - [2021-09-14 18:49:15,717] {dagbag.py:496} INFO - Filling up the DagBag from /home/airflow/.local/lib/python3.8/site-packages/airflow/example_dags/example_bash_operator.py
[2021-09-14 18:49:15,734] {processor.py:623} INFO - DAG(s) dict_keys(['example_bash_operator']) retrieved from /home/airflow/.local/lib/python3.8/site-packages/airflow/example_dags/example_bash_operator.py
[2021-09-14 18:49:15,791] {logging_mixin.py:109} INFO - [2021-09-14 18:49:15,791] {dag.py:1833} INFO - Sync 1 DAGs
[2021-09-14 18:49:15,812] {logging_mixin.py:109} INFO - [2021-09-14 18:49:15,811] {dag.py:2306} INFO - Setting next_dagrun for example_bash_operator to 2021-09-12 00:00:00+00:00
[2021-09-14 18:49:15,828] {processor.py:170} INFO - Processing /home/airflow/.local/lib/python3.8/site-packages/airflow/example_dags/example_bash_operator.py took 0.119 seconds
[2021-09-14 18:49:46,210] {processor.py:162} INFO - Started process (PID=1993) to work on /home/airflow/.local/lib/python3.8/site-packages/airflow/example_dags/example_bash_operator.py
[2021-09-14 18:49:46,218] {processor.py:613} INFO - Processing file /home/airflow/.local/lib/python3.8/site-packages/airflow/example_dags/example_bash_operator.py for tasks to queue
[2021-09-14 18:49:46,236] {logging_mixin.py:109} INFO - [2021-09-14 18:49:46,234] {dagbag.py:496} INFO - Filling up the DagBag from /home/airflow/.local/lib/python3.8/site-packages/airflow/example_dags/example_bash_operator.py
[2021-09-14 18:49:46,270] {processor.py:623} INFO - DAG(s) dict_keys(['example_bash_operator']) retrieved from /home/airflow/.local/lib/python3.8/site-packages/airflow/example_dags/example_bash_operator.py
[2021-09-14 18:49:46,298] {logging_mixin.py:109} INFO - [2021-09-14 18:49:46,298] {dag.py:1833} INFO - Sync 1 DAGs
[2021-09-14 18:49:46,376] {logging_mixin.py:109} INFO - [2021-09-14 18:49:46,376] {dag.py:2306} INFO - Setting next_dagrun for example_bash_operator to 2021-09-12 00:00:00+00:00
[2021-09-14 18:49:46,386] {processor.py:170} INFO - Processing /home/airflow/.local/lib/python3.8/site-packages/airflow/example_dags/example_bash_operator.py took 0.187 seconds
[2021-09-14 18:50:16,487] {processor.py:162} INFO - Started process (PID=2048) to work on /home/airflow/.local/lib/python3.8/site-packages/airflow/example_dags/example_bash_operator.py
[2021-09-14 18:50:16,488] {processor.py:613} INFO - Processing file /home/airflow/.local/lib/python3.8/site-packages/airflow/example_dags/example_bash_operator.py for tasks to queue
[2021-09-14 18:50:16,489] {logging_mixin.py:109} INFO - [2021-09-14 18:50:16,489] {dagbag.py:496} INFO - Filling up the DagBag from /home/airflow/.local/lib/python3.8/site-packages/airflow/example_dags/example_bash_operator.py
[2021-09-14 18:50:16,503] {processor.py:623} INFO - DAG(s) dict_keys(['example_bash_operator']) retrieved from /home/airflow/.local/lib/python3.8/site-packages/airflow/example_dags/example_bash_operator.py
[2021-09-14 18:50:16,525] {logging_mixin.py:109} INFO - [2021-09-14 18:50:16,525] {dag.py:1833} INFO - Sync 1 DAGs
[2021-09-14 18:50:16,542] {logging_mixin.py:109} INFO - [2021-09-14 18:50:16,542] {dag.py:2306} INFO - Setting next_dagrun for example_bash_operator to 2021-09-12 00:00:00+00:00
[2021-09-14 18:50:16,554] {processor.py:170} INFO - Processing /home/airflow/.local/lib/python3.8/site-packages/airflow/example_dags/example_bash_operator.py took 0.070 seconds
[2021-09-14 18:50:46,908] {processor.py:162} INFO - Started process (PID=2097) to work on /home/airflow/.local/lib/python3.8/site-packages/airflow/example_dags/example_bash_operator.py
[2021-09-14 18:50:46,909] {processor.py:613} INFO - Processing file /home/airflow/.local/lib/python3.8/site-packages/airflow/example_dags/example_bash_operator.py for tasks to queue
[2021-09-14 18:50:46,911] {logging_mixin.py:109} INFO - [2021-09-14 18:50:46,911] {dagbag.py:496} INFO - Filling up the DagBag from /home/airflow/.local/lib/python3.8/site-packages/airflow/example_dags/example_bash_operator.py
[2021-09-14 18:50:46,926] {processor.py:623} INFO - DAG(s) dict_keys(['example_bash_operator']) retrieved from /home/airflow/.local/lib/python3.8/site-packages/airflow/example_dags/example_bash_operator.py
[2021-09-14 18:50:46,954] {logging_mixin.py:109} INFO - [2021-09-14 18:50:46,954] {dag.py:1833} INFO - Sync 1 DAGs
[2021-09-14 18:50:46,973] {logging_mixin.py:109} INFO - [2021-09-14 18:50:46,973] {dag.py:2306} INFO - Setting next_dagrun for example_bash_operator to 2021-09-12 00:00:00+00:00
[2021-09-14 18:50:46,982] {processor.py:170} INFO - Processing /home/airflow/.local/lib/python3.8/site-packages/airflow/example_dags/example_bash_operator.py took 0.077 seconds
[2021-09-14 18:51:17,672] {processor.py:162} INFO - Started process (PID=2160) to work on /home/airflow/.local/lib/python3.8/site-packages/airflow/example_dags/example_bash_operator.py
[2021-09-14 18:51:17,673] {processor.py:613} INFO - Processing file /home/airflow/.local/lib/python3.8/site-packages/airflow/example_dags/example_bash_operator.py for tasks to queue
[2021-09-14 18:51:17,674] {logging_mixin.py:109} INFO - [2021-09-14 18:51:17,674] {dagbag.py:496} INFO - Filling up the DagBag from /home/airflow/.local/lib/python3.8/site-packages/airflow/example_dags/example_bash_operator.py
[2021-09-14 18:51:17,689] {processor.py:623} INFO - DAG(s) dict_keys(['example_bash_operator']) retrieved from /home/airflow/.local/lib/python3.8/site-packages/airflow/example_dags/example_bash_operator.py
[2021-09-14 18:51:17,709] {logging_mixin.py:109} INFO - [2021-09-14 18:51:17,709] {dag.py:1833} INFO - Sync 1 DAGs
[2021-09-14 18:51:17,733] {logging_mixin.py:109} INFO - [2021-09-14 18:51:17,733] {dag.py:2306} INFO - Setting next_dagrun for example_bash_operator to 2021-09-12 00:00:00+00:00
[2021-09-14 18:51:17,758] {processor.py:170} INFO - Processing /home/airflow/.local/lib/python3.8/site-packages/airflow/example_dags/example_bash_operator.py took 0.088 seconds
[2021-09-14 18:51:48,497] {processor.py:162} INFO - Started process (PID=2207) to work on /home/airflow/.local/lib/python3.8/site-packages/airflow/example_dags/example_bash_operator.py
[2021-09-14 18:51:48,500] {processor.py:613} INFO - Processing file /home/airflow/.local/lib/python3.8/site-packages/airflow/example_dags/example_bash_operator.py for tasks to queue
[2021-09-14 18:51:48,502] {logging_mixin.py:109} INFO - [2021-09-14 18:51:48,501] {dagbag.py:496} INFO - Filling up the DagBag from /home/airflow/.local/lib/python3.8/site-packages/airflow/example_dags/example_bash_operator.py
[2021-09-14 18:51:48,511] {processor.py:623} INFO - DAG(s) dict_keys(['example_bash_operator']) retrieved from /home/airflow/.local/lib/python3.8/site-packages/airflow/example_dags/example_bash_operator.py
[2021-09-14 18:51:48,532] {logging_mixin.py:109} INFO - [2021-09-14 18:51:48,532] {dag.py:1833} INFO - Sync 1 DAGs
[2021-09-14 18:51:48,554] {logging_mixin.py:109} INFO - [2021-09-14 18:51:48,554] {dag.py:2306} INFO - Setting next_dagrun for example_bash_operator to 2021-09-12 00:00:00+00:00
[2021-09-14 18:51:48,564] {processor.py:170} INFO - Processing /home/airflow/.local/lib/python3.8/site-packages/airflow/example_dags/example_bash_operator.py took 0.070 seconds
[2021-09-14 18:52:18,709] {processor.py:162} INFO - Started process (PID=2265) to work on /home/airflow/.local/lib/python3.8/site-packages/airflow/example_dags/example_bash_operator.py
[2021-09-14 18:52:18,710] {processor.py:613} INFO - Processing file /home/airflow/.local/lib/python3.8/site-packages/airflow/example_dags/example_bash_operator.py for tasks to queue
[2021-09-14 18:52:18,711] {logging_mixin.py:109} INFO - [2021-09-14 18:52:18,711] {dagbag.py:496} INFO - Filling up the DagBag from /home/airflow/.local/lib/python3.8/site-packages/airflow/example_dags/example_bash_operator.py
[2021-09-14 18:52:18,722] {processor.py:623} INFO - DAG(s) dict_keys(['example_bash_operator']) retrieved from /home/airflow/.local/lib/python3.8/site-packages/airflow/example_dags/example_bash_operator.py
[2021-09-14 18:52:18,738] {logging_mixin.py:109} INFO - [2021-09-14 18:52:18,738] {dag.py:1833} INFO - Sync 1 DAGs
[2021-09-14 18:52:18,749] {logging_mixin.py:109} INFO - [2021-09-14 18:52:18,749] {dag.py:2306} INFO - Setting next_dagrun for example_bash_operator to 2021-09-12 00:00:00+00:00
[2021-09-14 18:52:18,755] {processor.py:170} INFO - Processing /home/airflow/.local/lib/python3.8/site-packages/airflow/example_dags/example_bash_operator.py took 0.048 seconds
[2021-09-14 18:52:49,003] {processor.py:162} INFO - Started process (PID=2322) to work on /home/airflow/.local/lib/python3.8/site-packages/airflow/example_dags/example_bash_operator.py
[2021-09-14 18:52:49,005] {processor.py:613} INFO - Processing file /home/airflow/.local/lib/python3.8/site-packages/airflow/example_dags/example_bash_operator.py for tasks to queue
[2021-09-14 18:52:49,007] {logging_mixin.py:109} INFO - [2021-09-14 18:52:49,007] {dagbag.py:496} INFO - Filling up the DagBag from /home/airflow/.local/lib/python3.8/site-packages/airflow/example_dags/example_bash_operator.py
[2021-09-14 18:52:49,023] {processor.py:623} INFO - DAG(s) dict_keys(['example_bash_operator']) retrieved from /home/airflow/.local/lib/python3.8/site-packages/airflow/example_dags/example_bash_operator.py
[2021-09-14 18:52:49,047] {logging_mixin.py:109} INFO - [2021-09-14 18:52:49,046] {dag.py:1833} INFO - Sync 1 DAGs
[2021-09-14 18:52:49,064] {logging_mixin.py:109} INFO - [2021-09-14 18:52:49,064] {dag.py:2306} INFO - Setting next_dagrun for example_bash_operator to 2021-09-12 00:00:00+00:00
[2021-09-14 18:52:49,073] {processor.py:170} INFO - Processing /home/airflow/.local/lib/python3.8/site-packages/airflow/example_dags/example_bash_operator.py took 0.073 seconds
[2021-09-14 18:53:19,372] {processor.py:162} INFO - Started process (PID=2368) to work on /home/airflow/.local/lib/python3.8/site-packages/airflow/example_dags/example_bash_operator.py
[2021-09-14 18:53:19,373] {processor.py:613} INFO - Processing file /home/airflow/.local/lib/python3.8/site-packages/airflow/example_dags/example_bash_operator.py for tasks to queue
[2021-09-14 18:53:19,373] {logging_mixin.py:109} INFO - [2021-09-14 18:53:19,373] {dagbag.py:496} INFO - Filling up the DagBag from /home/airflow/.local/lib/python3.8/site-packages/airflow/example_dags/example_bash_operator.py
[2021-09-14 18:53:19,386] {processor.py:623} INFO - DAG(s) dict_keys(['example_bash_operator']) retrieved from /home/airflow/.local/lib/python3.8/site-packages/airflow/example_dags/example_bash_operator.py
[2021-09-14 18:53:19,405] {logging_mixin.py:109} INFO - [2021-09-14 18:53:19,405] {dag.py:1833} INFO - Sync 1 DAGs
[2021-09-14 18:53:19,420] {logging_mixin.py:109} INFO - [2021-09-14 18:53:19,420] {dag.py:2306} INFO - Setting next_dagrun for example_bash_operator to 2021-09-12 00:00:00+00:00
[2021-09-14 18:53:19,434] {processor.py:170} INFO - Processing /home/airflow/.local/lib/python3.8/site-packages/airflow/example_dags/example_bash_operator.py took 0.064 seconds
[2021-09-14 18:53:49,844] {processor.py:162} INFO - Started process (PID=2424) to work on /home/airflow/.local/lib/python3.8/site-packages/airflow/example_dags/example_bash_operator.py
[2021-09-14 18:53:49,845] {processor.py:613} INFO - Processing file /home/airflow/.local/lib/python3.8/site-packages/airflow/example_dags/example_bash_operator.py for tasks to queue
[2021-09-14 18:53:49,846] {logging_mixin.py:109} INFO - [2021-09-14 18:53:49,846] {dagbag.py:496} INFO - Filling up the DagBag from /home/airflow/.local/lib/python3.8/site-packages/airflow/example_dags/example_bash_operator.py
[2021-09-14 18:53:49,860] {processor.py:623} INFO - DAG(s) dict_keys(['example_bash_operator']) retrieved from /home/airflow/.local/lib/python3.8/site-packages/airflow/example_dags/example_bash_operator.py
[2021-09-14 18:53:49,883] {logging_mixin.py:109} INFO - [2021-09-14 18:53:49,882] {dag.py:1833} INFO - Sync 1 DAGs
[2021-09-14 18:53:49,899] {logging_mixin.py:109} INFO - [2021-09-14 18:53:49,899] {dag.py:2306} INFO - Setting next_dagrun for example_bash_operator to 2021-09-12 00:00:00+00:00
[2021-09-14 18:53:49,914] {processor.py:170} INFO - Processing /home/airflow/.local/lib/python3.8/site-packages/airflow/example_dags/example_bash_operator.py took 0.074 seconds
[2021-09-14 18:54:20,228] {processor.py:162} INFO - Started process (PID=2472) to work on /home/airflow/.local/lib/python3.8/site-packages/airflow/example_dags/example_bash_operator.py
[2021-09-14 18:54:20,229] {processor.py:613} INFO - Processing file /home/airflow/.local/lib/python3.8/site-packages/airflow/example_dags/example_bash_operator.py for tasks to queue
[2021-09-14 18:54:20,230] {logging_mixin.py:109} INFO - [2021-09-14 18:54:20,230] {dagbag.py:496} INFO - Filling up the DagBag from /home/airflow/.local/lib/python3.8/site-packages/airflow/example_dags/example_bash_operator.py
[2021-09-14 18:54:20,240] {processor.py:623} INFO - DAG(s) dict_keys(['example_bash_operator']) retrieved from /home/airflow/.local/lib/python3.8/site-packages/airflow/example_dags/example_bash_operator.py
[2021-09-14 18:54:20,261] {logging_mixin.py:109} INFO - [2021-09-14 18:54:20,261] {dag.py:1833} INFO - Sync 1 DAGs
[2021-09-14 18:54:20,284] {logging_mixin.py:109} INFO - [2021-09-14 18:54:20,284] {dag.py:2306} INFO - Setting next_dagrun for example_bash_operator to 2021-09-12 00:00:00+00:00
[2021-09-14 18:54:20,295] {processor.py:170} INFO - Processing /home/airflow/.local/lib/python3.8/site-packages/airflow/example_dags/example_bash_operator.py took 0.069 seconds
[2021-09-14 18:54:50,544] {processor.py:162} INFO - Started process (PID=2527) to work on /home/airflow/.local/lib/python3.8/site-packages/airflow/example_dags/example_bash_operator.py
[2021-09-14 18:54:50,544] {processor.py:613} INFO - Processing file /home/airflow/.local/lib/python3.8/site-packages/airflow/example_dags/example_bash_operator.py for tasks to queue
[2021-09-14 18:54:50,545] {logging_mixin.py:109} INFO - [2021-09-14 18:54:50,545] {dagbag.py:496} INFO - Filling up the DagBag from /home/airflow/.local/lib/python3.8/site-packages/airflow/example_dags/example_bash_operator.py
[2021-09-14 18:54:50,558] {processor.py:623} INFO - DAG(s) dict_keys(['example_bash_operator']) retrieved from /home/airflow/.local/lib/python3.8/site-packages/airflow/example_dags/example_bash_operator.py
[2021-09-14 18:54:50,590] {logging_mixin.py:109} INFO - [2021-09-14 18:54:50,590] {dag.py:1833} INFO - Sync 1 DAGs
[2021-09-14 18:54:50,608] {logging_mixin.py:109} INFO - [2021-09-14 18:54:50,608] {dag.py:2306} INFO - Setting next_dagrun for example_bash_operator to 2021-09-12 00:00:00+00:00
[2021-09-14 18:54:50,616] {processor.py:170} INFO - Processing /home/airflow/.local/lib/python3.8/site-packages/airflow/example_dags/example_bash_operator.py took 0.076 seconds
[2021-09-14 18:55:21,107] {processor.py:162} INFO - Started process (PID=2574) to work on /home/airflow/.local/lib/python3.8/site-packages/airflow/example_dags/example_bash_operator.py
[2021-09-14 18:55:21,108] {processor.py:613} INFO - Processing file /home/airflow/.local/lib/python3.8/site-packages/airflow/example_dags/example_bash_operator.py for tasks to queue
[2021-09-14 18:55:21,110] {logging_mixin.py:109} INFO - [2021-09-14 18:55:21,110] {dagbag.py:496} INFO - Filling up the DagBag from /home/airflow/.local/lib/python3.8/site-packages/airflow/example_dags/example_bash_operator.py
[2021-09-14 18:55:21,121] {processor.py:623} INFO - DAG(s) dict_keys(['example_bash_operator']) retrieved from /home/airflow/.local/lib/python3.8/site-packages/airflow/example_dags/example_bash_operator.py
[2021-09-14 18:55:21,139] {logging_mixin.py:109} INFO - [2021-09-14 18:55:21,139] {dag.py:1833} INFO - Sync 1 DAGs
[2021-09-14 18:55:21,158] {logging_mixin.py:109} INFO - [2021-09-14 18:55:21,158] {dag.py:2306} INFO - Setting next_dagrun for example_bash_operator to 2021-09-12 00:00:00+00:00
[2021-09-14 18:55:21,171] {processor.py:170} INFO - Processing /home/airflow/.local/lib/python3.8/site-packages/airflow/example_dags/example_bash_operator.py took 0.068 seconds
[2021-09-14 18:55:51,831] {processor.py:162} INFO - Started process (PID=2629) to work on /home/airflow/.local/lib/python3.8/site-packages/airflow/example_dags/example_bash_operator.py
[2021-09-14 18:55:51,834] {processor.py:613} INFO - Processing file /home/airflow/.local/lib/python3.8/site-packages/airflow/example_dags/example_bash_operator.py for tasks to queue
[2021-09-14 18:55:51,834] {logging_mixin.py:109} INFO - [2021-09-14 18:55:51,834] {dagbag.py:496} INFO - Filling up the DagBag from /home/airflow/.local/lib/python3.8/site-packages/airflow/example_dags/example_bash_operator.py
[2021-09-14 18:55:51,852] {processor.py:623} INFO - DAG(s) dict_keys(['example_bash_operator']) retrieved from /home/airflow/.local/lib/python3.8/site-packages/airflow/example_dags/example_bash_operator.py
[2021-09-14 18:55:51,890] {logging_mixin.py:109} INFO - [2021-09-14 18:55:51,890] {dag.py:1833} INFO - Sync 1 DAGs
[2021-09-14 18:55:51,930] {logging_mixin.py:109} INFO - [2021-09-14 18:55:51,930] {dag.py:2306} INFO - Setting next_dagrun for example_bash_operator to 2021-09-12 00:00:00+00:00
[2021-09-14 18:55:51,954] {processor.py:170} INFO - Processing /home/airflow/.local/lib/python3.8/site-packages/airflow/example_dags/example_bash_operator.py took 0.126 seconds
[2021-09-14 18:56:22,183] {processor.py:162} INFO - Started process (PID=2685) to work on /home/airflow/.local/lib/python3.8/site-packages/airflow/example_dags/example_bash_operator.py
[2021-09-14 18:56:22,184] {processor.py:613} INFO - Processing file /home/airflow/.local/lib/python3.8/site-packages/airflow/example_dags/example_bash_operator.py for tasks to queue
[2021-09-14 18:56:22,185] {logging_mixin.py:109} INFO - [2021-09-14 18:56:22,185] {dagbag.py:496} INFO - Filling up the DagBag from /home/airflow/.local/lib/python3.8/site-packages/airflow/example_dags/example_bash_operator.py
[2021-09-14 18:56:22,198] {processor.py:623} INFO - DAG(s) dict_keys(['example_bash_operator']) retrieved from /home/airflow/.local/lib/python3.8/site-packages/airflow/example_dags/example_bash_operator.py
[2021-09-14 18:56:22,215] {logging_mixin.py:109} INFO - [2021-09-14 18:56:22,215] {dag.py:1833} INFO - Sync 1 DAGs
[2021-09-14 18:56:22,229] {logging_mixin.py:109} INFO - [2021-09-14 18:56:22,229] {dag.py:2306} INFO - Setting next_dagrun for example_bash_operator to 2021-09-12 00:00:00+00:00
[2021-09-14 18:56:22,239] {processor.py:170} INFO - Processing /home/airflow/.local/lib/python3.8/site-packages/airflow/example_dags/example_bash_operator.py took 0.058 seconds
[2021-09-14 18:56:52,551] {processor.py:162} INFO - Started process (PID=2734) to work on /home/airflow/.local/lib/python3.8/site-packages/airflow/example_dags/example_bash_operator.py
[2021-09-14 18:56:52,552] {processor.py:613} INFO - Processing file /home/airflow/.local/lib/python3.8/site-packages/airflow/example_dags/example_bash_operator.py for tasks to queue
[2021-09-14 18:56:52,553] {logging_mixin.py:109} INFO - [2021-09-14 18:56:52,553] {dagbag.py:496} INFO - Filling up the DagBag from /home/airflow/.local/lib/python3.8/site-packages/airflow/example_dags/example_bash_operator.py
[2021-09-14 18:56:52,563] {processor.py:623} INFO - DAG(s) dict_keys(['example_bash_operator']) retrieved from /home/airflow/.local/lib/python3.8/site-packages/airflow/example_dags/example_bash_operator.py
[2021-09-14 18:56:52,580] {logging_mixin.py:109} INFO - [2021-09-14 18:56:52,579] {dag.py:1833} INFO - Sync 1 DAGs
[2021-09-14 18:56:52,593] {logging_mixin.py:109} INFO - [2021-09-14 18:56:52,593] {dag.py:2306} INFO - Setting next_dagrun for example_bash_operator to 2021-09-12 00:00:00+00:00
[2021-09-14 18:56:52,605] {processor.py:170} INFO - Processing /home/airflow/.local/lib/python3.8/site-packages/airflow/example_dags/example_bash_operator.py took 0.056 seconds
[2021-09-14 18:57:23,286] {processor.py:162} INFO - Started process (PID=2790) to work on /home/airflow/.local/lib/python3.8/site-packages/airflow/example_dags/example_bash_operator.py
[2021-09-14 18:57:23,287] {processor.py:613} INFO - Processing file /home/airflow/.local/lib/python3.8/site-packages/airflow/example_dags/example_bash_operator.py for tasks to queue
[2021-09-14 18:57:23,287] {logging_mixin.py:109} INFO - [2021-09-14 18:57:23,287] {dagbag.py:496} INFO - Filling up the DagBag from /home/airflow/.local/lib/python3.8/site-packages/airflow/example_dags/example_bash_operator.py
[2021-09-14 18:57:23,301] {processor.py:623} INFO - DAG(s) dict_keys(['example_bash_operator']) retrieved from /home/airflow/.local/lib/python3.8/site-packages/airflow/example_dags/example_bash_operator.py
[2021-09-14 18:57:23,333] {logging_mixin.py:109} INFO - [2021-09-14 18:57:23,333] {dag.py:1833} INFO - Sync 1 DAGs
[2021-09-14 18:57:23,352] {logging_mixin.py:109} INFO - [2021-09-14 18:57:23,352] {dag.py:2306} INFO - Setting next_dagrun for example_bash_operator to 2021-09-12 00:00:00+00:00
[2021-09-14 18:57:23,363] {processor.py:170} INFO - Processing /home/airflow/.local/lib/python3.8/site-packages/airflow/example_dags/example_bash_operator.py took 0.081 seconds
[2021-09-14 18:57:54,306] {processor.py:162} INFO - Started process (PID=2837) to work on /home/airflow/.local/lib/python3.8/site-packages/airflow/example_dags/example_bash_operator.py
[2021-09-14 18:57:54,307] {processor.py:613} INFO - Processing file /home/airflow/.local/lib/python3.8/site-packages/airflow/example_dags/example_bash_operator.py for tasks to queue
[2021-09-14 18:57:54,307] {logging_mixin.py:109} INFO - [2021-09-14 18:57:54,307] {dagbag.py:496} INFO - Filling up the DagBag from /home/airflow/.local/lib/python3.8/site-packages/airflow/example_dags/example_bash_operator.py
[2021-09-14 18:57:54,318] {processor.py:623} INFO - DAG(s) dict_keys(['example_bash_operator']) retrieved from /home/airflow/.local/lib/python3.8/site-packages/airflow/example_dags/example_bash_operator.py
[2021-09-14 18:57:54,334] {logging_mixin.py:109} INFO - [2021-09-14 18:57:54,334] {dag.py:1833} INFO - Sync 1 DAGs
[2021-09-14 18:57:54,345] {logging_mixin.py:109} INFO - [2021-09-14 18:57:54,345] {dag.py:2306} INFO - Setting next_dagrun for example_bash_operator to 2021-09-12 00:00:00+00:00
[2021-09-14 18:57:54,354] {processor.py:170} INFO - Processing /home/airflow/.local/lib/python3.8/site-packages/airflow/example_dags/example_bash_operator.py took 0.051 seconds
[2021-09-14 18:58:25,248] {processor.py:162} INFO - Started process (PID=2893) to work on /home/airflow/.local/lib/python3.8/site-packages/airflow/example_dags/example_bash_operator.py
[2021-09-14 18:58:25,249] {processor.py:613} INFO - Processing file /home/airflow/.local/lib/python3.8/site-packages/airflow/example_dags/example_bash_operator.py for tasks to queue
[2021-09-14 18:58:25,250] {logging_mixin.py:109} INFO - [2021-09-14 18:58:25,250] {dagbag.py:496} INFO - Filling up the DagBag from /home/airflow/.local/lib/python3.8/site-packages/airflow/example_dags/example_bash_operator.py
[2021-09-14 18:58:25,265] {processor.py:623} INFO - DAG(s) dict_keys(['example_bash_operator']) retrieved from /home/airflow/.local/lib/python3.8/site-packages/airflow/example_dags/example_bash_operator.py
[2021-09-14 18:58:25,297] {logging_mixin.py:109} INFO - [2021-09-14 18:58:25,297] {dag.py:1833} INFO - Sync 1 DAGs
[2021-09-14 18:58:25,314] {logging_mixin.py:109} INFO - [2021-09-14 18:58:25,314] {dag.py:2306} INFO - Setting next_dagrun for example_bash_operator to 2021-09-12 00:00:00+00:00
[2021-09-14 18:58:25,323] {processor.py:170} INFO - Processing /home/airflow/.local/lib/python3.8/site-packages/airflow/example_dags/example_bash_operator.py took 0.078 seconds
[2021-09-14 18:58:55,599] {processor.py:162} INFO - Started process (PID=2950) to work on /home/airflow/.local/lib/python3.8/site-packages/airflow/example_dags/example_bash_operator.py
[2021-09-14 18:58:55,600] {processor.py:613} INFO - Processing file /home/airflow/.local/lib/python3.8/site-packages/airflow/example_dags/example_bash_operator.py for tasks to queue
[2021-09-14 18:58:55,601] {logging_mixin.py:109} INFO - [2021-09-14 18:58:55,601] {dagbag.py:496} INFO - Filling up the DagBag from /home/airflow/.local/lib/python3.8/site-packages/airflow/example_dags/example_bash_operator.py
[2021-09-14 18:58:55,610] {processor.py:623} INFO - DAG(s) dict_keys(['example_bash_operator']) retrieved from /home/airflow/.local/lib/python3.8/site-packages/airflow/example_dags/example_bash_operator.py
[2021-09-14 18:58:55,626] {logging_mixin.py:109} INFO - [2021-09-14 18:58:55,626] {dag.py:1833} INFO - Sync 1 DAGs
[2021-09-14 18:58:55,640] {logging_mixin.py:109} INFO - [2021-09-14 18:58:55,640] {dag.py:2306} INFO - Setting next_dagrun for example_bash_operator to 2021-09-12 00:00:00+00:00
[2021-09-14 18:58:55,648] {processor.py:170} INFO - Processing /home/airflow/.local/lib/python3.8/site-packages/airflow/example_dags/example_bash_operator.py took 0.053 seconds
[2021-09-14 18:59:26,015] {processor.py:162} INFO - Started process (PID=2997) to work on /home/airflow/.local/lib/python3.8/site-packages/airflow/example_dags/example_bash_operator.py
[2021-09-14 18:59:26,016] {processor.py:613} INFO - Processing file /home/airflow/.local/lib/python3.8/site-packages/airflow/example_dags/example_bash_operator.py for tasks to queue
[2021-09-14 18:59:26,016] {logging_mixin.py:109} INFO - [2021-09-14 18:59:26,016] {dagbag.py:496} INFO - Filling up the DagBag from /home/airflow/.local/lib/python3.8/site-packages/airflow/example_dags/example_bash_operator.py
[2021-09-14 18:59:26,027] {processor.py:623} INFO - DAG(s) dict_keys(['example_bash_operator']) retrieved from /home/airflow/.local/lib/python3.8/site-packages/airflow/example_dags/example_bash_operator.py
[2021-09-14 18:59:26,042] {logging_mixin.py:109} INFO - [2021-09-14 18:59:26,042] {dag.py:1833} INFO - Sync 1 DAGs
[2021-09-14 18:59:26,054] {logging_mixin.py:109} INFO - [2021-09-14 18:59:26,054] {dag.py:2306} INFO - Setting next_dagrun for example_bash_operator to 2021-09-12 00:00:00+00:00
[2021-09-14 18:59:26,061] {processor.py:170} INFO - Processing /home/airflow/.local/lib/python3.8/site-packages/airflow/example_dags/example_bash_operator.py took 0.049 seconds
[2021-09-14 18:59:56,275] {processor.py:162} INFO - Started process (PID=3054) to work on /home/airflow/.local/lib/python3.8/site-packages/airflow/example_dags/example_bash_operator.py
[2021-09-14 18:59:56,276] {processor.py:613} INFO - Processing file /home/airflow/.local/lib/python3.8/site-packages/airflow/example_dags/example_bash_operator.py for tasks to queue
[2021-09-14 18:59:56,277] {logging_mixin.py:109} INFO - [2021-09-14 18:59:56,277] {dagbag.py:496} INFO - Filling up the DagBag from /home/airflow/.local/lib/python3.8/site-packages/airflow/example_dags/example_bash_operator.py
[2021-09-14 18:59:56,287] {processor.py:623} INFO - DAG(s) dict_keys(['example_bash_operator']) retrieved from /home/airflow/.local/lib/python3.8/site-packages/airflow/example_dags/example_bash_operator.py
[2021-09-14 18:59:56,303] {logging_mixin.py:109} INFO - [2021-09-14 18:59:56,303] {dag.py:1833} INFO - Sync 1 DAGs
[2021-09-14 18:59:56,315] {logging_mixin.py:109} INFO - [2021-09-14 18:59:56,315] {dag.py:2306} INFO - Setting next_dagrun for example_bash_operator to 2021-09-12 00:00:00+00:00
[2021-09-14 18:59:56,323] {processor.py:170} INFO - Processing /home/airflow/.local/lib/python3.8/site-packages/airflow/example_dags/example_bash_operator.py took 0.051 seconds
[2021-09-14 19:00:26,718] {processor.py:162} INFO - Started process (PID=3110) to work on /home/airflow/.local/lib/python3.8/site-packages/airflow/example_dags/example_bash_operator.py
[2021-09-14 19:00:26,721] {processor.py:613} INFO - Processing file /home/airflow/.local/lib/python3.8/site-packages/airflow/example_dags/example_bash_operator.py for tasks to queue
[2021-09-14 19:00:26,721] {logging_mixin.py:109} INFO - [2021-09-14 19:00:26,721] {dagbag.py:496} INFO - Filling up the DagBag from /home/airflow/.local/lib/python3.8/site-packages/airflow/example_dags/example_bash_operator.py
[2021-09-14 19:00:26,740] {processor.py:623} INFO - DAG(s) dict_keys(['example_bash_operator']) retrieved from /home/airflow/.local/lib/python3.8/site-packages/airflow/example_dags/example_bash_operator.py
[2021-09-14 19:00:26,780] {logging_mixin.py:109} INFO - [2021-09-14 19:00:26,778] {dag.py:1833} INFO - Sync 1 DAGs
[2021-09-14 19:00:26,809] {logging_mixin.py:109} INFO - [2021-09-14 19:00:26,809] {dag.py:2306} INFO - Setting next_dagrun for example_bash_operator to 2021-09-12 00:00:00+00:00
[2021-09-14 19:00:26,884] {processor.py:170} INFO - Processing /home/airflow/.local/lib/python3.8/site-packages/airflow/example_dags/example_bash_operator.py took 0.170 seconds
[2021-09-14 19:00:57,592] {processor.py:162} INFO - Started process (PID=3160) to work on /home/airflow/.local/lib/python3.8/site-packages/airflow/example_dags/example_bash_operator.py
[2021-09-14 19:00:57,593] {processor.py:613} INFO - Processing file /home/airflow/.local/lib/python3.8/site-packages/airflow/example_dags/example_bash_operator.py for tasks to queue
[2021-09-14 19:00:57,594] {logging_mixin.py:109} INFO - [2021-09-14 19:00:57,594] {dagbag.py:496} INFO - Filling up the DagBag from /home/airflow/.local/lib/python3.8/site-packages/airflow/example_dags/example_bash_operator.py
[2021-09-14 19:00:57,605] {processor.py:623} INFO - DAG(s) dict_keys(['example_bash_operator']) retrieved from /home/airflow/.local/lib/python3.8/site-packages/airflow/example_dags/example_bash_operator.py
[2021-09-14 19:00:57,626] {logging_mixin.py:109} INFO - [2021-09-14 19:00:57,626] {dag.py:1833} INFO - Sync 1 DAGs
[2021-09-14 19:00:57,637] {logging_mixin.py:109} INFO - [2021-09-14 19:00:57,637] {dag.py:2306} INFO - Setting next_dagrun for example_bash_operator to 2021-09-12 00:00:00+00:00
[2021-09-14 19:00:57,646] {processor.py:170} INFO - Processing /home/airflow/.local/lib/python3.8/site-packages/airflow/example_dags/example_bash_operator.py took 0.056 seconds
[2021-09-14 19:01:28,480] {processor.py:162} INFO - Started process (PID=3216) to work on /home/airflow/.local/lib/python3.8/site-packages/airflow/example_dags/example_bash_operator.py
[2021-09-14 19:01:28,491] {processor.py:613} INFO - Processing file /home/airflow/.local/lib/python3.8/site-packages/airflow/example_dags/example_bash_operator.py for tasks to queue
[2021-09-14 19:01:28,492] {logging_mixin.py:109} INFO - [2021-09-14 19:01:28,492] {dagbag.py:496} INFO - Filling up the DagBag from /home/airflow/.local/lib/python3.8/site-packages/airflow/example_dags/example_bash_operator.py
[2021-09-14 19:01:28,561] {processor.py:623} INFO - DAG(s) dict_keys(['example_bash_operator']) retrieved from /home/airflow/.local/lib/python3.8/site-packages/airflow/example_dags/example_bash_operator.py
[2021-09-14 19:01:28,668] {logging_mixin.py:109} INFO - [2021-09-14 19:01:28,668] {dag.py:1833} INFO - Sync 1 DAGs
[2021-09-14 19:01:28,684] {logging_mixin.py:109} INFO - [2021-09-14 19:01:28,684] {dag.py:2306} INFO - Setting next_dagrun for example_bash_operator to 2021-09-12 00:00:00+00:00
[2021-09-14 19:01:28,694] {processor.py:170} INFO - Processing /home/airflow/.local/lib/python3.8/site-packages/airflow/example_dags/example_bash_operator.py took 0.232 seconds
[2021-09-14 19:01:58,775] {processor.py:162} INFO - Started process (PID=3265) to work on /home/airflow/.local/lib/python3.8/site-packages/airflow/example_dags/example_bash_operator.py
[2021-09-14 19:01:58,778] {processor.py:613} INFO - Processing file /home/airflow/.local/lib/python3.8/site-packages/airflow/example_dags/example_bash_operator.py for tasks to queue
[2021-09-14 19:01:58,779] {logging_mixin.py:109} INFO - [2021-09-14 19:01:58,779] {dagbag.py:496} INFO - Filling up the DagBag from /home/airflow/.local/lib/python3.8/site-packages/airflow/example_dags/example_bash_operator.py
[2021-09-14 19:01:58,793] {processor.py:623} INFO - DAG(s) dict_keys(['example_bash_operator']) retrieved from /home/airflow/.local/lib/python3.8/site-packages/airflow/example_dags/example_bash_operator.py
[2021-09-14 19:01:58,840] {logging_mixin.py:109} INFO - [2021-09-14 19:01:58,840] {dag.py:1833} INFO - Sync 1 DAGs
[2021-09-14 19:01:58,859] {logging_mixin.py:109} INFO - [2021-09-14 19:01:58,859] {dag.py:2306} INFO - Setting next_dagrun for example_bash_operator to 2021-09-12 00:00:00+00:00
[2021-09-14 19:01:58,870] {processor.py:170} INFO - Processing /home/airflow/.local/lib/python3.8/site-packages/airflow/example_dags/example_bash_operator.py took 0.098 seconds
[2021-09-14 19:02:29,998] {processor.py:162} INFO - Started process (PID=3322) to work on /home/airflow/.local/lib/python3.8/site-packages/airflow/example_dags/example_bash_operator.py
[2021-09-14 19:02:29,999] {processor.py:613} INFO - Processing file /home/airflow/.local/lib/python3.8/site-packages/airflow/example_dags/example_bash_operator.py for tasks to queue
[2021-09-14 19:02:30,003] {logging_mixin.py:109} INFO - [2021-09-14 19:02:30,003] {dagbag.py:496} INFO - Filling up the DagBag from /home/airflow/.local/lib/python3.8/site-packages/airflow/example_dags/example_bash_operator.py
[2021-09-14 19:02:30,057] {processor.py:623} INFO - DAG(s) dict_keys(['example_bash_operator']) retrieved from /home/airflow/.local/lib/python3.8/site-packages/airflow/example_dags/example_bash_operator.py
[2021-09-14 19:02:30,120] {logging_mixin.py:109} INFO - [2021-09-14 19:02:30,120] {dag.py:1833} INFO - Sync 1 DAGs
[2021-09-14 19:02:30,142] {logging_mixin.py:109} INFO - [2021-09-14 19:02:30,142] {dag.py:2306} INFO - Setting next_dagrun for example_bash_operator to 2021-09-12 00:00:00+00:00
[2021-09-14 19:02:30,154] {processor.py:170} INFO - Processing /home/airflow/.local/lib/python3.8/site-packages/airflow/example_dags/example_bash_operator.py took 0.162 seconds
[2021-09-14 19:03:00,377] {processor.py:162} INFO - Started process (PID=3378) to work on /home/airflow/.local/lib/python3.8/site-packages/airflow/example_dags/example_bash_operator.py
[2021-09-14 19:03:00,378] {processor.py:613} INFO - Processing file /home/airflow/.local/lib/python3.8/site-packages/airflow/example_dags/example_bash_operator.py for tasks to queue
[2021-09-14 19:03:00,378] {logging_mixin.py:109} INFO - [2021-09-14 19:03:00,378] {dagbag.py:496} INFO - Filling up the DagBag from /home/airflow/.local/lib/python3.8/site-packages/airflow/example_dags/example_bash_operator.py
[2021-09-14 19:03:00,389] {processor.py:623} INFO - DAG(s) dict_keys(['example_bash_operator']) retrieved from /home/airflow/.local/lib/python3.8/site-packages/airflow/example_dags/example_bash_operator.py
[2021-09-14 19:03:00,424] {logging_mixin.py:109} INFO - [2021-09-14 19:03:00,423] {dag.py:1833} INFO - Sync 1 DAGs
[2021-09-14 19:03:00,451] {logging_mixin.py:109} INFO - [2021-09-14 19:03:00,451] {dag.py:2306} INFO - Setting next_dagrun for example_bash_operator to 2021-09-12 00:00:00+00:00
[2021-09-14 19:03:00,464] {processor.py:170} INFO - Processing /home/airflow/.local/lib/python3.8/site-packages/airflow/example_dags/example_bash_operator.py took 0.090 seconds
[2021-09-14 19:03:30,972] {processor.py:162} INFO - Started process (PID=3426) to work on /home/airflow/.local/lib/python3.8/site-packages/airflow/example_dags/example_bash_operator.py
[2021-09-14 19:03:30,973] {processor.py:613} INFO - Processing file /home/airflow/.local/lib/python3.8/site-packages/airflow/example_dags/example_bash_operator.py for tasks to queue
[2021-09-14 19:03:30,974] {logging_mixin.py:109} INFO - [2021-09-14 19:03:30,974] {dagbag.py:496} INFO - Filling up the DagBag from /home/airflow/.local/lib/python3.8/site-packages/airflow/example_dags/example_bash_operator.py
[2021-09-14 19:03:30,988] {processor.py:623} INFO - DAG(s) dict_keys(['example_bash_operator']) retrieved from /home/airflow/.local/lib/python3.8/site-packages/airflow/example_dags/example_bash_operator.py
[2021-09-14 19:03:31,009] {logging_mixin.py:109} INFO - [2021-09-14 19:03:31,009] {dag.py:1833} INFO - Sync 1 DAGs
[2021-09-14 19:03:31,027] {logging_mixin.py:109} INFO - [2021-09-14 19:03:31,027] {dag.py:2306} INFO - Setting next_dagrun for example_bash_operator to 2021-09-12 00:00:00+00:00
[2021-09-14 19:03:31,035] {processor.py:170} INFO - Processing /home/airflow/.local/lib/python3.8/site-packages/airflow/example_dags/example_bash_operator.py took 0.067 seconds
