[2021-09-14 18:32:17,610] {processor.py:162} INFO - Started process (PID=164) to work on /home/airflow/.local/lib/python3.8/site-packages/airflow/example_dags/example_trigger_target_dag.py
[2021-09-14 18:32:17,611] {processor.py:613} INFO - Processing file /home/airflow/.local/lib/python3.8/site-packages/airflow/example_dags/example_trigger_target_dag.py for tasks to queue
[2021-09-14 18:32:17,612] {logging_mixin.py:109} INFO - [2021-09-14 18:32:17,612] {dagbag.py:496} INFO - Filling up the DagBag from /home/airflow/.local/lib/python3.8/site-packages/airflow/example_dags/example_trigger_target_dag.py
[2021-09-14 18:32:17,632] {processor.py:623} INFO - DAG(s) dict_keys(['example_trigger_target_dag']) retrieved from /home/airflow/.local/lib/python3.8/site-packages/airflow/example_dags/example_trigger_target_dag.py
[2021-09-14 18:32:19,850] {logging_mixin.py:109} INFO - [2021-09-14 18:32:19,850] {dag.py:1833} INFO - Sync 1 DAGs
[2021-09-14 18:32:19,858] {logging_mixin.py:109} INFO - [2021-09-14 18:32:19,858] {dag.py:1852} INFO - Creating ORM DAG for example_trigger_target_dag
[2021-09-14 18:32:19,862] {logging_mixin.py:109} INFO - [2021-09-14 18:32:19,862] {dag.py:2306} INFO - Setting next_dagrun for example_trigger_target_dag to None
[2021-09-14 18:32:19,870] {processor.py:170} INFO - Processing /home/airflow/.local/lib/python3.8/site-packages/airflow/example_dags/example_trigger_target_dag.py took 2.264 seconds
[2021-09-14 18:32:50,844] {processor.py:162} INFO - Started process (PID=246) to work on /home/airflow/.local/lib/python3.8/site-packages/airflow/example_dags/example_trigger_target_dag.py
[2021-09-14 18:32:50,845] {processor.py:613} INFO - Processing file /home/airflow/.local/lib/python3.8/site-packages/airflow/example_dags/example_trigger_target_dag.py for tasks to queue
[2021-09-14 18:32:50,846] {logging_mixin.py:109} INFO - [2021-09-14 18:32:50,846] {dagbag.py:496} INFO - Filling up the DagBag from /home/airflow/.local/lib/python3.8/site-packages/airflow/example_dags/example_trigger_target_dag.py
[2021-09-14 18:32:50,858] {processor.py:623} INFO - DAG(s) dict_keys(['example_trigger_target_dag']) retrieved from /home/airflow/.local/lib/python3.8/site-packages/airflow/example_dags/example_trigger_target_dag.py
[2021-09-14 18:32:50,884] {logging_mixin.py:109} INFO - [2021-09-14 18:32:50,884] {dag.py:1833} INFO - Sync 1 DAGs
[2021-09-14 18:32:50,901] {logging_mixin.py:109} INFO - [2021-09-14 18:32:50,901] {dag.py:2306} INFO - Setting next_dagrun for example_trigger_target_dag to None
[2021-09-14 18:32:50,910] {processor.py:170} INFO - Processing /home/airflow/.local/lib/python3.8/site-packages/airflow/example_dags/example_trigger_target_dag.py took 0.069 seconds
[2021-09-14 18:33:21,449] {processor.py:162} INFO - Started process (PID=301) to work on /home/airflow/.local/lib/python3.8/site-packages/airflow/example_dags/example_trigger_target_dag.py
[2021-09-14 18:33:21,450] {processor.py:613} INFO - Processing file /home/airflow/.local/lib/python3.8/site-packages/airflow/example_dags/example_trigger_target_dag.py for tasks to queue
[2021-09-14 18:33:21,452] {logging_mixin.py:109} INFO - [2021-09-14 18:33:21,452] {dagbag.py:496} INFO - Filling up the DagBag from /home/airflow/.local/lib/python3.8/site-packages/airflow/example_dags/example_trigger_target_dag.py
[2021-09-14 18:33:21,463] {processor.py:623} INFO - DAG(s) dict_keys(['example_trigger_target_dag']) retrieved from /home/airflow/.local/lib/python3.8/site-packages/airflow/example_dags/example_trigger_target_dag.py
[2021-09-14 18:33:21,492] {logging_mixin.py:109} INFO - [2021-09-14 18:33:21,492] {dag.py:1833} INFO - Sync 1 DAGs
[2021-09-14 18:33:21,506] {logging_mixin.py:109} INFO - [2021-09-14 18:33:21,505] {dag.py:2306} INFO - Setting next_dagrun for example_trigger_target_dag to None
[2021-09-14 18:33:21,513] {processor.py:170} INFO - Processing /home/airflow/.local/lib/python3.8/site-packages/airflow/example_dags/example_trigger_target_dag.py took 0.066 seconds
[2021-09-14 18:33:51,649] {processor.py:162} INFO - Started process (PID=350) to work on /home/airflow/.local/lib/python3.8/site-packages/airflow/example_dags/example_trigger_target_dag.py
[2021-09-14 18:33:51,650] {processor.py:613} INFO - Processing file /home/airflow/.local/lib/python3.8/site-packages/airflow/example_dags/example_trigger_target_dag.py for tasks to queue
[2021-09-14 18:33:51,651] {logging_mixin.py:109} INFO - [2021-09-14 18:33:51,650] {dagbag.py:496} INFO - Filling up the DagBag from /home/airflow/.local/lib/python3.8/site-packages/airflow/example_dags/example_trigger_target_dag.py
[2021-09-14 18:33:51,664] {processor.py:623} INFO - DAG(s) dict_keys(['example_trigger_target_dag']) retrieved from /home/airflow/.local/lib/python3.8/site-packages/airflow/example_dags/example_trigger_target_dag.py
[2021-09-14 18:33:51,679] {logging_mixin.py:109} INFO - [2021-09-14 18:33:51,679] {dag.py:1833} INFO - Sync 1 DAGs
[2021-09-14 18:33:51,689] {logging_mixin.py:109} INFO - [2021-09-14 18:33:51,688] {dag.py:2306} INFO - Setting next_dagrun for example_trigger_target_dag to None
[2021-09-14 18:33:51,695] {processor.py:170} INFO - Processing /home/airflow/.local/lib/python3.8/site-packages/airflow/example_dags/example_trigger_target_dag.py took 0.049 seconds
[2021-09-14 18:34:22,105] {processor.py:162} INFO - Started process (PID=406) to work on /home/airflow/.local/lib/python3.8/site-packages/airflow/example_dags/example_trigger_target_dag.py
[2021-09-14 18:34:22,106] {processor.py:613} INFO - Processing file /home/airflow/.local/lib/python3.8/site-packages/airflow/example_dags/example_trigger_target_dag.py for tasks to queue
[2021-09-14 18:34:22,107] {logging_mixin.py:109} INFO - [2021-09-14 18:34:22,107] {dagbag.py:496} INFO - Filling up the DagBag from /home/airflow/.local/lib/python3.8/site-packages/airflow/example_dags/example_trigger_target_dag.py
[2021-09-14 18:34:22,117] {processor.py:623} INFO - DAG(s) dict_keys(['example_trigger_target_dag']) retrieved from /home/airflow/.local/lib/python3.8/site-packages/airflow/example_dags/example_trigger_target_dag.py
[2021-09-14 18:34:22,134] {logging_mixin.py:109} INFO - [2021-09-14 18:34:22,134] {dag.py:1833} INFO - Sync 1 DAGs
[2021-09-14 18:34:22,146] {logging_mixin.py:109} INFO - [2021-09-14 18:34:22,146] {dag.py:2306} INFO - Setting next_dagrun for example_trigger_target_dag to None
[2021-09-14 18:34:22,158] {processor.py:170} INFO - Processing /home/airflow/.local/lib/python3.8/site-packages/airflow/example_dags/example_trigger_target_dag.py took 0.055 seconds
[2021-09-14 18:34:52,520] {processor.py:162} INFO - Started process (PID=461) to work on /home/airflow/.local/lib/python3.8/site-packages/airflow/example_dags/example_trigger_target_dag.py
[2021-09-14 18:34:52,521] {processor.py:613} INFO - Processing file /home/airflow/.local/lib/python3.8/site-packages/airflow/example_dags/example_trigger_target_dag.py for tasks to queue
[2021-09-14 18:34:52,522] {logging_mixin.py:109} INFO - [2021-09-14 18:34:52,521] {dagbag.py:496} INFO - Filling up the DagBag from /home/airflow/.local/lib/python3.8/site-packages/airflow/example_dags/example_trigger_target_dag.py
[2021-09-14 18:34:52,532] {processor.py:623} INFO - DAG(s) dict_keys(['example_trigger_target_dag']) retrieved from /home/airflow/.local/lib/python3.8/site-packages/airflow/example_dags/example_trigger_target_dag.py
[2021-09-14 18:34:52,559] {logging_mixin.py:109} INFO - [2021-09-14 18:34:52,559] {dag.py:1833} INFO - Sync 1 DAGs
[2021-09-14 18:34:52,579] {logging_mixin.py:109} INFO - [2021-09-14 18:34:52,579] {dag.py:2306} INFO - Setting next_dagrun for example_trigger_target_dag to None
[2021-09-14 18:34:52,593] {processor.py:170} INFO - Processing /home/airflow/.local/lib/python3.8/site-packages/airflow/example_dags/example_trigger_target_dag.py took 0.076 seconds
[2021-09-14 18:35:23,220] {processor.py:162} INFO - Started process (PID=508) to work on /home/airflow/.local/lib/python3.8/site-packages/airflow/example_dags/example_trigger_target_dag.py
[2021-09-14 18:35:23,222] {processor.py:613} INFO - Processing file /home/airflow/.local/lib/python3.8/site-packages/airflow/example_dags/example_trigger_target_dag.py for tasks to queue
[2021-09-14 18:35:23,222] {logging_mixin.py:109} INFO - [2021-09-14 18:35:23,222] {dagbag.py:496} INFO - Filling up the DagBag from /home/airflow/.local/lib/python3.8/site-packages/airflow/example_dags/example_trigger_target_dag.py
[2021-09-14 18:35:23,232] {processor.py:623} INFO - DAG(s) dict_keys(['example_trigger_target_dag']) retrieved from /home/airflow/.local/lib/python3.8/site-packages/airflow/example_dags/example_trigger_target_dag.py
[2021-09-14 18:35:23,250] {logging_mixin.py:109} INFO - [2021-09-14 18:35:23,249] {dag.py:1833} INFO - Sync 1 DAGs
[2021-09-14 18:35:23,263] {logging_mixin.py:109} INFO - [2021-09-14 18:35:23,263] {dag.py:2306} INFO - Setting next_dagrun for example_trigger_target_dag to None
[2021-09-14 18:35:23,273] {processor.py:170} INFO - Processing /home/airflow/.local/lib/python3.8/site-packages/airflow/example_dags/example_trigger_target_dag.py took 0.056 seconds
[2021-09-14 18:35:54,302] {processor.py:162} INFO - Started process (PID=563) to work on /home/airflow/.local/lib/python3.8/site-packages/airflow/example_dags/example_trigger_target_dag.py
[2021-09-14 18:35:54,303] {processor.py:613} INFO - Processing file /home/airflow/.local/lib/python3.8/site-packages/airflow/example_dags/example_trigger_target_dag.py for tasks to queue
[2021-09-14 18:35:54,303] {logging_mixin.py:109} INFO - [2021-09-14 18:35:54,303] {dagbag.py:496} INFO - Filling up the DagBag from /home/airflow/.local/lib/python3.8/site-packages/airflow/example_dags/example_trigger_target_dag.py
[2021-09-14 18:35:54,318] {processor.py:623} INFO - DAG(s) dict_keys(['example_trigger_target_dag']) retrieved from /home/airflow/.local/lib/python3.8/site-packages/airflow/example_dags/example_trigger_target_dag.py
[2021-09-14 18:35:54,346] {logging_mixin.py:109} INFO - [2021-09-14 18:35:54,346] {dag.py:1833} INFO - Sync 1 DAGs
[2021-09-14 18:35:54,359] {logging_mixin.py:109} INFO - [2021-09-14 18:35:54,359] {dag.py:2306} INFO - Setting next_dagrun for example_trigger_target_dag to None
[2021-09-14 18:35:54,368] {processor.py:170} INFO - Processing /home/airflow/.local/lib/python3.8/site-packages/airflow/example_dags/example_trigger_target_dag.py took 0.070 seconds
[2021-09-14 18:36:24,725] {processor.py:162} INFO - Started process (PID=610) to work on /home/airflow/.local/lib/python3.8/site-packages/airflow/example_dags/example_trigger_target_dag.py
[2021-09-14 18:36:24,726] {processor.py:613} INFO - Processing file /home/airflow/.local/lib/python3.8/site-packages/airflow/example_dags/example_trigger_target_dag.py for tasks to queue
[2021-09-14 18:36:24,727] {logging_mixin.py:109} INFO - [2021-09-14 18:36:24,727] {dagbag.py:496} INFO - Filling up the DagBag from /home/airflow/.local/lib/python3.8/site-packages/airflow/example_dags/example_trigger_target_dag.py
[2021-09-14 18:36:24,738] {processor.py:623} INFO - DAG(s) dict_keys(['example_trigger_target_dag']) retrieved from /home/airflow/.local/lib/python3.8/site-packages/airflow/example_dags/example_trigger_target_dag.py
[2021-09-14 18:36:24,754] {logging_mixin.py:109} INFO - [2021-09-14 18:36:24,754] {dag.py:1833} INFO - Sync 1 DAGs
[2021-09-14 18:36:24,764] {logging_mixin.py:109} INFO - [2021-09-14 18:36:24,764] {dag.py:2306} INFO - Setting next_dagrun for example_trigger_target_dag to None
[2021-09-14 18:36:24,779] {processor.py:170} INFO - Processing /home/airflow/.local/lib/python3.8/site-packages/airflow/example_dags/example_trigger_target_dag.py took 0.056 seconds
[2021-09-14 18:36:55,498] {processor.py:162} INFO - Started process (PID=667) to work on /home/airflow/.local/lib/python3.8/site-packages/airflow/example_dags/example_trigger_target_dag.py
[2021-09-14 18:36:55,499] {processor.py:613} INFO - Processing file /home/airflow/.local/lib/python3.8/site-packages/airflow/example_dags/example_trigger_target_dag.py for tasks to queue
[2021-09-14 18:36:55,500] {logging_mixin.py:109} INFO - [2021-09-14 18:36:55,500] {dagbag.py:496} INFO - Filling up the DagBag from /home/airflow/.local/lib/python3.8/site-packages/airflow/example_dags/example_trigger_target_dag.py
[2021-09-14 18:36:55,513] {processor.py:623} INFO - DAG(s) dict_keys(['example_trigger_target_dag']) retrieved from /home/airflow/.local/lib/python3.8/site-packages/airflow/example_dags/example_trigger_target_dag.py
[2021-09-14 18:36:55,531] {logging_mixin.py:109} INFO - [2021-09-14 18:36:55,531] {dag.py:1833} INFO - Sync 1 DAGs
[2021-09-14 18:36:55,541] {logging_mixin.py:109} INFO - [2021-09-14 18:36:55,541] {dag.py:2306} INFO - Setting next_dagrun for example_trigger_target_dag to None
[2021-09-14 18:36:55,550] {processor.py:170} INFO - Processing /home/airflow/.local/lib/python3.8/site-packages/airflow/example_dags/example_trigger_target_dag.py took 0.055 seconds
[2021-09-14 18:37:25,892] {processor.py:162} INFO - Started process (PID=714) to work on /home/airflow/.local/lib/python3.8/site-packages/airflow/example_dags/example_trigger_target_dag.py
[2021-09-14 18:37:25,893] {processor.py:613} INFO - Processing file /home/airflow/.local/lib/python3.8/site-packages/airflow/example_dags/example_trigger_target_dag.py for tasks to queue
[2021-09-14 18:37:25,894] {logging_mixin.py:109} INFO - [2021-09-14 18:37:25,894] {dagbag.py:496} INFO - Filling up the DagBag from /home/airflow/.local/lib/python3.8/site-packages/airflow/example_dags/example_trigger_target_dag.py
[2021-09-14 18:37:25,904] {processor.py:623} INFO - DAG(s) dict_keys(['example_trigger_target_dag']) retrieved from /home/airflow/.local/lib/python3.8/site-packages/airflow/example_dags/example_trigger_target_dag.py
[2021-09-14 18:37:25,923] {logging_mixin.py:109} INFO - [2021-09-14 18:37:25,923] {dag.py:1833} INFO - Sync 1 DAGs
[2021-09-14 18:37:25,936] {logging_mixin.py:109} INFO - [2021-09-14 18:37:25,936] {dag.py:2306} INFO - Setting next_dagrun for example_trigger_target_dag to None
[2021-09-14 18:37:25,947] {processor.py:170} INFO - Processing /home/airflow/.local/lib/python3.8/site-packages/airflow/example_dags/example_trigger_target_dag.py took 0.057 seconds
[2021-09-14 18:37:56,244] {processor.py:162} INFO - Started process (PID=770) to work on /home/airflow/.local/lib/python3.8/site-packages/airflow/example_dags/example_trigger_target_dag.py
[2021-09-14 18:37:56,245] {processor.py:613} INFO - Processing file /home/airflow/.local/lib/python3.8/site-packages/airflow/example_dags/example_trigger_target_dag.py for tasks to queue
[2021-09-14 18:37:56,246] {logging_mixin.py:109} INFO - [2021-09-14 18:37:56,246] {dagbag.py:496} INFO - Filling up the DagBag from /home/airflow/.local/lib/python3.8/site-packages/airflow/example_dags/example_trigger_target_dag.py
[2021-09-14 18:37:56,257] {processor.py:623} INFO - DAG(s) dict_keys(['example_trigger_target_dag']) retrieved from /home/airflow/.local/lib/python3.8/site-packages/airflow/example_dags/example_trigger_target_dag.py
[2021-09-14 18:37:56,276] {logging_mixin.py:109} INFO - [2021-09-14 18:37:56,276] {dag.py:1833} INFO - Sync 1 DAGs
[2021-09-14 18:37:56,289] {logging_mixin.py:109} INFO - [2021-09-14 18:37:56,289] {dag.py:2306} INFO - Setting next_dagrun for example_trigger_target_dag to None
[2021-09-14 18:37:56,302] {processor.py:170} INFO - Processing /home/airflow/.local/lib/python3.8/site-packages/airflow/example_dags/example_trigger_target_dag.py took 0.060 seconds
[2021-09-14 18:38:26,977] {processor.py:162} INFO - Started process (PID=823) to work on /home/airflow/.local/lib/python3.8/site-packages/airflow/example_dags/example_trigger_target_dag.py
[2021-09-14 18:38:26,979] {processor.py:613} INFO - Processing file /home/airflow/.local/lib/python3.8/site-packages/airflow/example_dags/example_trigger_target_dag.py for tasks to queue
[2021-09-14 18:38:26,980] {logging_mixin.py:109} INFO - [2021-09-14 18:38:26,980] {dagbag.py:496} INFO - Filling up the DagBag from /home/airflow/.local/lib/python3.8/site-packages/airflow/example_dags/example_trigger_target_dag.py
[2021-09-14 18:38:27,002] {processor.py:623} INFO - DAG(s) dict_keys(['example_trigger_target_dag']) retrieved from /home/airflow/.local/lib/python3.8/site-packages/airflow/example_dags/example_trigger_target_dag.py
[2021-09-14 18:38:27,042] {logging_mixin.py:109} INFO - [2021-09-14 18:38:27,042] {dag.py:1833} INFO - Sync 1 DAGs
[2021-09-14 18:38:27,057] {logging_mixin.py:109} INFO - [2021-09-14 18:38:27,057] {dag.py:2306} INFO - Setting next_dagrun for example_trigger_target_dag to None
[2021-09-14 18:38:27,071] {processor.py:170} INFO - Processing /home/airflow/.local/lib/python3.8/site-packages/airflow/example_dags/example_trigger_target_dag.py took 0.098 seconds
[2021-09-14 18:38:57,256] {processor.py:162} INFO - Started process (PID=873) to work on /home/airflow/.local/lib/python3.8/site-packages/airflow/example_dags/example_trigger_target_dag.py
[2021-09-14 18:38:57,257] {processor.py:613} INFO - Processing file /home/airflow/.local/lib/python3.8/site-packages/airflow/example_dags/example_trigger_target_dag.py for tasks to queue
[2021-09-14 18:38:57,257] {logging_mixin.py:109} INFO - [2021-09-14 18:38:57,257] {dagbag.py:496} INFO - Filling up the DagBag from /home/airflow/.local/lib/python3.8/site-packages/airflow/example_dags/example_trigger_target_dag.py
[2021-09-14 18:38:57,267] {processor.py:623} INFO - DAG(s) dict_keys(['example_trigger_target_dag']) retrieved from /home/airflow/.local/lib/python3.8/site-packages/airflow/example_dags/example_trigger_target_dag.py
[2021-09-14 18:38:57,281] {logging_mixin.py:109} INFO - [2021-09-14 18:38:57,281] {dag.py:1833} INFO - Sync 1 DAGs
[2021-09-14 18:38:57,290] {logging_mixin.py:109} INFO - [2021-09-14 18:38:57,290] {dag.py:2306} INFO - Setting next_dagrun for example_trigger_target_dag to None
[2021-09-14 18:38:57,298] {processor.py:170} INFO - Processing /home/airflow/.local/lib/python3.8/site-packages/airflow/example_dags/example_trigger_target_dag.py took 0.045 seconds
[2021-09-14 18:39:27,749] {processor.py:162} INFO - Started process (PID=927) to work on /home/airflow/.local/lib/python3.8/site-packages/airflow/example_dags/example_trigger_target_dag.py
[2021-09-14 18:39:27,750] {processor.py:613} INFO - Processing file /home/airflow/.local/lib/python3.8/site-packages/airflow/example_dags/example_trigger_target_dag.py for tasks to queue
[2021-09-14 18:39:27,750] {logging_mixin.py:109} INFO - [2021-09-14 18:39:27,750] {dagbag.py:496} INFO - Filling up the DagBag from /home/airflow/.local/lib/python3.8/site-packages/airflow/example_dags/example_trigger_target_dag.py
[2021-09-14 18:39:27,760] {processor.py:623} INFO - DAG(s) dict_keys(['example_trigger_target_dag']) retrieved from /home/airflow/.local/lib/python3.8/site-packages/airflow/example_dags/example_trigger_target_dag.py
[2021-09-14 18:39:27,780] {logging_mixin.py:109} INFO - [2021-09-14 18:39:27,780] {dag.py:1833} INFO - Sync 1 DAGs
[2021-09-14 18:39:27,792] {logging_mixin.py:109} INFO - [2021-09-14 18:39:27,792] {dag.py:2306} INFO - Setting next_dagrun for example_trigger_target_dag to None
[2021-09-14 18:39:27,801] {processor.py:170} INFO - Processing /home/airflow/.local/lib/python3.8/site-packages/airflow/example_dags/example_trigger_target_dag.py took 0.055 seconds
[2021-09-14 18:39:58,031] {processor.py:162} INFO - Started process (PID=978) to work on /home/airflow/.local/lib/python3.8/site-packages/airflow/example_dags/example_trigger_target_dag.py
[2021-09-14 18:39:58,032] {processor.py:613} INFO - Processing file /home/airflow/.local/lib/python3.8/site-packages/airflow/example_dags/example_trigger_target_dag.py for tasks to queue
[2021-09-14 18:39:58,033] {logging_mixin.py:109} INFO - [2021-09-14 18:39:58,033] {dagbag.py:496} INFO - Filling up the DagBag from /home/airflow/.local/lib/python3.8/site-packages/airflow/example_dags/example_trigger_target_dag.py
[2021-09-14 18:39:58,044] {processor.py:623} INFO - DAG(s) dict_keys(['example_trigger_target_dag']) retrieved from /home/airflow/.local/lib/python3.8/site-packages/airflow/example_dags/example_trigger_target_dag.py
[2021-09-14 18:39:58,067] {logging_mixin.py:109} INFO - [2021-09-14 18:39:58,067] {dag.py:1833} INFO - Sync 1 DAGs
[2021-09-14 18:39:58,089] {logging_mixin.py:109} INFO - [2021-09-14 18:39:58,089] {dag.py:2306} INFO - Setting next_dagrun for example_trigger_target_dag to None
[2021-09-14 18:39:58,101] {processor.py:170} INFO - Processing /home/airflow/.local/lib/python3.8/site-packages/airflow/example_dags/example_trigger_target_dag.py took 0.073 seconds
[2021-09-14 18:40:28,344] {processor.py:162} INFO - Started process (PID=1036) to work on /home/airflow/.local/lib/python3.8/site-packages/airflow/example_dags/example_trigger_target_dag.py
[2021-09-14 18:40:28,345] {processor.py:613} INFO - Processing file /home/airflow/.local/lib/python3.8/site-packages/airflow/example_dags/example_trigger_target_dag.py for tasks to queue
[2021-09-14 18:40:28,347] {logging_mixin.py:109} INFO - [2021-09-14 18:40:28,346] {dagbag.py:496} INFO - Filling up the DagBag from /home/airflow/.local/lib/python3.8/site-packages/airflow/example_dags/example_trigger_target_dag.py
[2021-09-14 18:40:28,360] {processor.py:623} INFO - DAG(s) dict_keys(['example_trigger_target_dag']) retrieved from /home/airflow/.local/lib/python3.8/site-packages/airflow/example_dags/example_trigger_target_dag.py
[2021-09-14 18:40:28,385] {logging_mixin.py:109} INFO - [2021-09-14 18:40:28,385] {dag.py:1833} INFO - Sync 1 DAGs
[2021-09-14 18:40:28,398] {logging_mixin.py:109} INFO - [2021-09-14 18:40:28,398] {dag.py:2306} INFO - Setting next_dagrun for example_trigger_target_dag to None
[2021-09-14 18:40:28,409] {processor.py:170} INFO - Processing /home/airflow/.local/lib/python3.8/site-packages/airflow/example_dags/example_trigger_target_dag.py took 0.068 seconds
[2021-09-14 18:40:58,853] {processor.py:162} INFO - Started process (PID=1085) to work on /home/airflow/.local/lib/python3.8/site-packages/airflow/example_dags/example_trigger_target_dag.py
[2021-09-14 18:40:58,855] {processor.py:613} INFO - Processing file /home/airflow/.local/lib/python3.8/site-packages/airflow/example_dags/example_trigger_target_dag.py for tasks to queue
[2021-09-14 18:40:58,855] {logging_mixin.py:109} INFO - [2021-09-14 18:40:58,855] {dagbag.py:496} INFO - Filling up the DagBag from /home/airflow/.local/lib/python3.8/site-packages/airflow/example_dags/example_trigger_target_dag.py
[2021-09-14 18:40:58,865] {processor.py:623} INFO - DAG(s) dict_keys(['example_trigger_target_dag']) retrieved from /home/airflow/.local/lib/python3.8/site-packages/airflow/example_dags/example_trigger_target_dag.py
[2021-09-14 18:40:58,884] {logging_mixin.py:109} INFO - [2021-09-14 18:40:58,883] {dag.py:1833} INFO - Sync 1 DAGs
[2021-09-14 18:40:58,895] {logging_mixin.py:109} INFO - [2021-09-14 18:40:58,895] {dag.py:2306} INFO - Setting next_dagrun for example_trigger_target_dag to None
[2021-09-14 18:40:58,903] {processor.py:170} INFO - Processing /home/airflow/.local/lib/python3.8/site-packages/airflow/example_dags/example_trigger_target_dag.py took 0.053 seconds
[2021-09-14 18:41:29,422] {processor.py:162} INFO - Started process (PID=1142) to work on /home/airflow/.local/lib/python3.8/site-packages/airflow/example_dags/example_trigger_target_dag.py
[2021-09-14 18:41:29,423] {processor.py:613} INFO - Processing file /home/airflow/.local/lib/python3.8/site-packages/airflow/example_dags/example_trigger_target_dag.py for tasks to queue
[2021-09-14 18:41:29,424] {logging_mixin.py:109} INFO - [2021-09-14 18:41:29,424] {dagbag.py:496} INFO - Filling up the DagBag from /home/airflow/.local/lib/python3.8/site-packages/airflow/example_dags/example_trigger_target_dag.py
[2021-09-14 18:41:29,434] {processor.py:623} INFO - DAG(s) dict_keys(['example_trigger_target_dag']) retrieved from /home/airflow/.local/lib/python3.8/site-packages/airflow/example_dags/example_trigger_target_dag.py
[2021-09-14 18:41:29,453] {logging_mixin.py:109} INFO - [2021-09-14 18:41:29,452] {dag.py:1833} INFO - Sync 1 DAGs
[2021-09-14 18:41:29,462] {logging_mixin.py:109} INFO - [2021-09-14 18:41:29,462] {dag.py:2306} INFO - Setting next_dagrun for example_trigger_target_dag to None
[2021-09-14 18:41:29,473] {processor.py:170} INFO - Processing /home/airflow/.local/lib/python3.8/site-packages/airflow/example_dags/example_trigger_target_dag.py took 0.054 seconds
[2021-09-14 18:41:59,730] {processor.py:162} INFO - Started process (PID=1189) to work on /home/airflow/.local/lib/python3.8/site-packages/airflow/example_dags/example_trigger_target_dag.py
[2021-09-14 18:41:59,731] {processor.py:613} INFO - Processing file /home/airflow/.local/lib/python3.8/site-packages/airflow/example_dags/example_trigger_target_dag.py for tasks to queue
[2021-09-14 18:41:59,731] {logging_mixin.py:109} INFO - [2021-09-14 18:41:59,731] {dagbag.py:496} INFO - Filling up the DagBag from /home/airflow/.local/lib/python3.8/site-packages/airflow/example_dags/example_trigger_target_dag.py
[2021-09-14 18:41:59,741] {processor.py:623} INFO - DAG(s) dict_keys(['example_trigger_target_dag']) retrieved from /home/airflow/.local/lib/python3.8/site-packages/airflow/example_dags/example_trigger_target_dag.py
[2021-09-14 18:41:59,755] {logging_mixin.py:109} INFO - [2021-09-14 18:41:59,755] {dag.py:1833} INFO - Sync 1 DAGs
[2021-09-14 18:41:59,767] {logging_mixin.py:109} INFO - [2021-09-14 18:41:59,767] {dag.py:2306} INFO - Setting next_dagrun for example_trigger_target_dag to None
[2021-09-14 18:41:59,774] {processor.py:170} INFO - Processing /home/airflow/.local/lib/python3.8/site-packages/airflow/example_dags/example_trigger_target_dag.py took 0.047 seconds
[2021-09-14 18:42:29,960] {processor.py:162} INFO - Started process (PID=1248) to work on /home/airflow/.local/lib/python3.8/site-packages/airflow/example_dags/example_trigger_target_dag.py
[2021-09-14 18:42:29,961] {processor.py:613} INFO - Processing file /home/airflow/.local/lib/python3.8/site-packages/airflow/example_dags/example_trigger_target_dag.py for tasks to queue
[2021-09-14 18:42:29,962] {logging_mixin.py:109} INFO - [2021-09-14 18:42:29,961] {dagbag.py:496} INFO - Filling up the DagBag from /home/airflow/.local/lib/python3.8/site-packages/airflow/example_dags/example_trigger_target_dag.py
[2021-09-14 18:42:29,971] {processor.py:623} INFO - DAG(s) dict_keys(['example_trigger_target_dag']) retrieved from /home/airflow/.local/lib/python3.8/site-packages/airflow/example_dags/example_trigger_target_dag.py
[2021-09-14 18:42:29,987] {logging_mixin.py:109} INFO - [2021-09-14 18:42:29,987] {dag.py:1833} INFO - Sync 1 DAGs
[2021-09-14 18:42:29,999] {logging_mixin.py:109} INFO - [2021-09-14 18:42:29,999] {dag.py:2306} INFO - Setting next_dagrun for example_trigger_target_dag to None
[2021-09-14 18:42:30,014] {processor.py:170} INFO - Processing /home/airflow/.local/lib/python3.8/site-packages/airflow/example_dags/example_trigger_target_dag.py took 0.057 seconds
[2021-09-14 18:43:00,227] {processor.py:162} INFO - Started process (PID=1302) to work on /home/airflow/.local/lib/python3.8/site-packages/airflow/example_dags/example_trigger_target_dag.py
[2021-09-14 18:43:00,229] {processor.py:613} INFO - Processing file /home/airflow/.local/lib/python3.8/site-packages/airflow/example_dags/example_trigger_target_dag.py for tasks to queue
[2021-09-14 18:43:00,231] {logging_mixin.py:109} INFO - [2021-09-14 18:43:00,231] {dagbag.py:496} INFO - Filling up the DagBag from /home/airflow/.local/lib/python3.8/site-packages/airflow/example_dags/example_trigger_target_dag.py
[2021-09-14 18:43:00,250] {processor.py:623} INFO - DAG(s) dict_keys(['example_trigger_target_dag']) retrieved from /home/airflow/.local/lib/python3.8/site-packages/airflow/example_dags/example_trigger_target_dag.py
[2021-09-14 18:43:00,279] {logging_mixin.py:109} INFO - [2021-09-14 18:43:00,279] {dag.py:1833} INFO - Sync 1 DAGs
[2021-09-14 18:43:00,293] {logging_mixin.py:109} INFO - [2021-09-14 18:43:00,293] {dag.py:2306} INFO - Setting next_dagrun for example_trigger_target_dag to None
[2021-09-14 18:43:00,305] {processor.py:170} INFO - Processing /home/airflow/.local/lib/python3.8/site-packages/airflow/example_dags/example_trigger_target_dag.py took 0.081 seconds
[2021-09-14 18:43:30,494] {processor.py:162} INFO - Started process (PID=1353) to work on /home/airflow/.local/lib/python3.8/site-packages/airflow/example_dags/example_trigger_target_dag.py
[2021-09-14 18:43:30,495] {processor.py:613} INFO - Processing file /home/airflow/.local/lib/python3.8/site-packages/airflow/example_dags/example_trigger_target_dag.py for tasks to queue
[2021-09-14 18:43:30,496] {logging_mixin.py:109} INFO - [2021-09-14 18:43:30,496] {dagbag.py:496} INFO - Filling up the DagBag from /home/airflow/.local/lib/python3.8/site-packages/airflow/example_dags/example_trigger_target_dag.py
[2021-09-14 18:43:30,507] {processor.py:623} INFO - DAG(s) dict_keys(['example_trigger_target_dag']) retrieved from /home/airflow/.local/lib/python3.8/site-packages/airflow/example_dags/example_trigger_target_dag.py
[2021-09-14 18:43:30,536] {logging_mixin.py:109} INFO - [2021-09-14 18:43:30,534] {dag.py:1833} INFO - Sync 1 DAGs
[2021-09-14 18:43:30,549] {logging_mixin.py:109} INFO - [2021-09-14 18:43:30,549] {dag.py:2306} INFO - Setting next_dagrun for example_trigger_target_dag to None
[2021-09-14 18:43:30,556] {processor.py:170} INFO - Processing /home/airflow/.local/lib/python3.8/site-packages/airflow/example_dags/example_trigger_target_dag.py took 0.065 seconds
[2021-09-14 18:44:00,945] {processor.py:162} INFO - Started process (PID=1410) to work on /home/airflow/.local/lib/python3.8/site-packages/airflow/example_dags/example_trigger_target_dag.py
[2021-09-14 18:44:00,949] {processor.py:613} INFO - Processing file /home/airflow/.local/lib/python3.8/site-packages/airflow/example_dags/example_trigger_target_dag.py for tasks to queue
[2021-09-14 18:44:00,949] {logging_mixin.py:109} INFO - [2021-09-14 18:44:00,949] {dagbag.py:496} INFO - Filling up the DagBag from /home/airflow/.local/lib/python3.8/site-packages/airflow/example_dags/example_trigger_target_dag.py
[2021-09-14 18:44:00,959] {processor.py:623} INFO - DAG(s) dict_keys(['example_trigger_target_dag']) retrieved from /home/airflow/.local/lib/python3.8/site-packages/airflow/example_dags/example_trigger_target_dag.py
[2021-09-14 18:44:00,979] {logging_mixin.py:109} INFO - [2021-09-14 18:44:00,979] {dag.py:1833} INFO - Sync 1 DAGs
[2021-09-14 18:44:00,995] {logging_mixin.py:109} INFO - [2021-09-14 18:44:00,995] {dag.py:2306} INFO - Setting next_dagrun for example_trigger_target_dag to None
[2021-09-14 18:44:01,005] {processor.py:170} INFO - Processing /home/airflow/.local/lib/python3.8/site-packages/airflow/example_dags/example_trigger_target_dag.py took 0.063 seconds
[2021-09-14 18:44:31,726] {processor.py:162} INFO - Started process (PID=1457) to work on /home/airflow/.local/lib/python3.8/site-packages/airflow/example_dags/example_trigger_target_dag.py
[2021-09-14 18:44:31,729] {processor.py:613} INFO - Processing file /home/airflow/.local/lib/python3.8/site-packages/airflow/example_dags/example_trigger_target_dag.py for tasks to queue
[2021-09-14 18:44:31,729] {logging_mixin.py:109} INFO - [2021-09-14 18:44:31,729] {dagbag.py:496} INFO - Filling up the DagBag from /home/airflow/.local/lib/python3.8/site-packages/airflow/example_dags/example_trigger_target_dag.py
[2021-09-14 18:44:31,760] {processor.py:623} INFO - DAG(s) dict_keys(['example_trigger_target_dag']) retrieved from /home/airflow/.local/lib/python3.8/site-packages/airflow/example_dags/example_trigger_target_dag.py
[2021-09-14 18:44:31,799] {logging_mixin.py:109} INFO - [2021-09-14 18:44:31,799] {dag.py:1833} INFO - Sync 1 DAGs
[2021-09-14 18:44:31,817] {logging_mixin.py:109} INFO - [2021-09-14 18:44:31,817] {dag.py:2306} INFO - Setting next_dagrun for example_trigger_target_dag to None
[2021-09-14 18:44:31,827] {processor.py:170} INFO - Processing /home/airflow/.local/lib/python3.8/site-packages/airflow/example_dags/example_trigger_target_dag.py took 0.105 seconds
[2021-09-14 18:45:02,363] {processor.py:162} INFO - Started process (PID=1512) to work on /home/airflow/.local/lib/python3.8/site-packages/airflow/example_dags/example_trigger_target_dag.py
[2021-09-14 18:45:02,364] {processor.py:613} INFO - Processing file /home/airflow/.local/lib/python3.8/site-packages/airflow/example_dags/example_trigger_target_dag.py for tasks to queue
[2021-09-14 18:45:02,364] {logging_mixin.py:109} INFO - [2021-09-14 18:45:02,364] {dagbag.py:496} INFO - Filling up the DagBag from /home/airflow/.local/lib/python3.8/site-packages/airflow/example_dags/example_trigger_target_dag.py
[2021-09-14 18:45:02,374] {processor.py:623} INFO - DAG(s) dict_keys(['example_trigger_target_dag']) retrieved from /home/airflow/.local/lib/python3.8/site-packages/airflow/example_dags/example_trigger_target_dag.py
[2021-09-14 18:45:02,389] {logging_mixin.py:109} INFO - [2021-09-14 18:45:02,389] {dag.py:1833} INFO - Sync 1 DAGs
[2021-09-14 18:45:02,398] {logging_mixin.py:109} INFO - [2021-09-14 18:45:02,398] {dag.py:2306} INFO - Setting next_dagrun for example_trigger_target_dag to None
[2021-09-14 18:45:02,405] {processor.py:170} INFO - Processing /home/airflow/.local/lib/python3.8/site-packages/airflow/example_dags/example_trigger_target_dag.py took 0.045 seconds
[2021-09-14 18:45:32,588] {processor.py:162} INFO - Started process (PID=1568) to work on /home/airflow/.local/lib/python3.8/site-packages/airflow/example_dags/example_trigger_target_dag.py
[2021-09-14 18:45:32,589] {processor.py:613} INFO - Processing file /home/airflow/.local/lib/python3.8/site-packages/airflow/example_dags/example_trigger_target_dag.py for tasks to queue
[2021-09-14 18:45:32,590] {logging_mixin.py:109} INFO - [2021-09-14 18:45:32,589] {dagbag.py:496} INFO - Filling up the DagBag from /home/airflow/.local/lib/python3.8/site-packages/airflow/example_dags/example_trigger_target_dag.py
[2021-09-14 18:45:32,599] {processor.py:623} INFO - DAG(s) dict_keys(['example_trigger_target_dag']) retrieved from /home/airflow/.local/lib/python3.8/site-packages/airflow/example_dags/example_trigger_target_dag.py
[2021-09-14 18:45:32,614] {logging_mixin.py:109} INFO - [2021-09-14 18:45:32,613] {dag.py:1833} INFO - Sync 1 DAGs
[2021-09-14 18:45:32,623] {logging_mixin.py:109} INFO - [2021-09-14 18:45:32,623] {dag.py:2306} INFO - Setting next_dagrun for example_trigger_target_dag to None
[2021-09-14 18:45:32,630] {processor.py:170} INFO - Processing /home/airflow/.local/lib/python3.8/site-packages/airflow/example_dags/example_trigger_target_dag.py took 0.044 seconds
[2021-09-14 18:46:02,946] {processor.py:162} INFO - Started process (PID=1615) to work on /home/airflow/.local/lib/python3.8/site-packages/airflow/example_dags/example_trigger_target_dag.py
[2021-09-14 18:46:02,947] {processor.py:613} INFO - Processing file /home/airflow/.local/lib/python3.8/site-packages/airflow/example_dags/example_trigger_target_dag.py for tasks to queue
[2021-09-14 18:46:02,948] {logging_mixin.py:109} INFO - [2021-09-14 18:46:02,948] {dagbag.py:496} INFO - Filling up the DagBag from /home/airflow/.local/lib/python3.8/site-packages/airflow/example_dags/example_trigger_target_dag.py
[2021-09-14 18:46:02,961] {processor.py:623} INFO - DAG(s) dict_keys(['example_trigger_target_dag']) retrieved from /home/airflow/.local/lib/python3.8/site-packages/airflow/example_dags/example_trigger_target_dag.py
[2021-09-14 18:46:02,983] {logging_mixin.py:109} INFO - [2021-09-14 18:46:02,983] {dag.py:1833} INFO - Sync 1 DAGs
[2021-09-14 18:46:02,998] {logging_mixin.py:109} INFO - [2021-09-14 18:46:02,998] {dag.py:2306} INFO - Setting next_dagrun for example_trigger_target_dag to None
[2021-09-14 18:46:03,007] {processor.py:170} INFO - Processing /home/airflow/.local/lib/python3.8/site-packages/airflow/example_dags/example_trigger_target_dag.py took 0.064 seconds
[2021-09-14 18:46:33,946] {processor.py:162} INFO - Started process (PID=1670) to work on /home/airflow/.local/lib/python3.8/site-packages/airflow/example_dags/example_trigger_target_dag.py
[2021-09-14 18:46:33,948] {processor.py:613} INFO - Processing file /home/airflow/.local/lib/python3.8/site-packages/airflow/example_dags/example_trigger_target_dag.py for tasks to queue
[2021-09-14 18:46:33,949] {logging_mixin.py:109} INFO - [2021-09-14 18:46:33,949] {dagbag.py:496} INFO - Filling up the DagBag from /home/airflow/.local/lib/python3.8/site-packages/airflow/example_dags/example_trigger_target_dag.py
[2021-09-14 18:46:33,958] {processor.py:623} INFO - DAG(s) dict_keys(['example_trigger_target_dag']) retrieved from /home/airflow/.local/lib/python3.8/site-packages/airflow/example_dags/example_trigger_target_dag.py
[2021-09-14 18:46:33,975] {logging_mixin.py:109} INFO - [2021-09-14 18:46:33,975] {dag.py:1833} INFO - Sync 1 DAGs
[2021-09-14 18:46:33,985] {logging_mixin.py:109} INFO - [2021-09-14 18:46:33,985] {dag.py:2306} INFO - Setting next_dagrun for example_trigger_target_dag to None
[2021-09-14 18:46:33,992] {processor.py:170} INFO - Processing /home/airflow/.local/lib/python3.8/site-packages/airflow/example_dags/example_trigger_target_dag.py took 0.049 seconds
[2021-09-14 18:47:04,381] {processor.py:162} INFO - Started process (PID=1717) to work on /home/airflow/.local/lib/python3.8/site-packages/airflow/example_dags/example_trigger_target_dag.py
[2021-09-14 18:47:04,382] {processor.py:613} INFO - Processing file /home/airflow/.local/lib/python3.8/site-packages/airflow/example_dags/example_trigger_target_dag.py for tasks to queue
[2021-09-14 18:47:04,383] {logging_mixin.py:109} INFO - [2021-09-14 18:47:04,383] {dagbag.py:496} INFO - Filling up the DagBag from /home/airflow/.local/lib/python3.8/site-packages/airflow/example_dags/example_trigger_target_dag.py
[2021-09-14 18:47:04,393] {processor.py:623} INFO - DAG(s) dict_keys(['example_trigger_target_dag']) retrieved from /home/airflow/.local/lib/python3.8/site-packages/airflow/example_dags/example_trigger_target_dag.py
[2021-09-14 18:47:04,411] {logging_mixin.py:109} INFO - [2021-09-14 18:47:04,411] {dag.py:1833} INFO - Sync 1 DAGs
[2021-09-14 18:47:04,420] {logging_mixin.py:109} INFO - [2021-09-14 18:47:04,420] {dag.py:2306} INFO - Setting next_dagrun for example_trigger_target_dag to None
[2021-09-14 18:47:04,429] {processor.py:170} INFO - Processing /home/airflow/.local/lib/python3.8/site-packages/airflow/example_dags/example_trigger_target_dag.py took 0.050 seconds
[2021-09-14 18:47:34,944] {processor.py:162} INFO - Started process (PID=1773) to work on /home/airflow/.local/lib/python3.8/site-packages/airflow/example_dags/example_trigger_target_dag.py
[2021-09-14 18:47:34,945] {processor.py:613} INFO - Processing file /home/airflow/.local/lib/python3.8/site-packages/airflow/example_dags/example_trigger_target_dag.py for tasks to queue
[2021-09-14 18:47:34,946] {logging_mixin.py:109} INFO - [2021-09-14 18:47:34,946] {dagbag.py:496} INFO - Filling up the DagBag from /home/airflow/.local/lib/python3.8/site-packages/airflow/example_dags/example_trigger_target_dag.py
[2021-09-14 18:47:34,956] {processor.py:623} INFO - DAG(s) dict_keys(['example_trigger_target_dag']) retrieved from /home/airflow/.local/lib/python3.8/site-packages/airflow/example_dags/example_trigger_target_dag.py
[2021-09-14 18:47:34,979] {logging_mixin.py:109} INFO - [2021-09-14 18:47:34,979] {dag.py:1833} INFO - Sync 1 DAGs
[2021-09-14 18:47:34,999] {logging_mixin.py:109} INFO - [2021-09-14 18:47:34,999] {dag.py:2306} INFO - Setting next_dagrun for example_trigger_target_dag to None
[2021-09-14 18:47:35,007] {processor.py:170} INFO - Processing /home/airflow/.local/lib/python3.8/site-packages/airflow/example_dags/example_trigger_target_dag.py took 0.066 seconds
[2021-09-14 18:48:05,397] {processor.py:162} INFO - Started process (PID=1830) to work on /home/airflow/.local/lib/python3.8/site-packages/airflow/example_dags/example_trigger_target_dag.py
[2021-09-14 18:48:05,398] {processor.py:613} INFO - Processing file /home/airflow/.local/lib/python3.8/site-packages/airflow/example_dags/example_trigger_target_dag.py for tasks to queue
[2021-09-14 18:48:05,400] {logging_mixin.py:109} INFO - [2021-09-14 18:48:05,399] {dagbag.py:496} INFO - Filling up the DagBag from /home/airflow/.local/lib/python3.8/site-packages/airflow/example_dags/example_trigger_target_dag.py
[2021-09-14 18:48:05,415] {processor.py:623} INFO - DAG(s) dict_keys(['example_trigger_target_dag']) retrieved from /home/airflow/.local/lib/python3.8/site-packages/airflow/example_dags/example_trigger_target_dag.py
[2021-09-14 18:48:05,445] {logging_mixin.py:109} INFO - [2021-09-14 18:48:05,445] {dag.py:1833} INFO - Sync 1 DAGs
[2021-09-14 18:48:05,469] {logging_mixin.py:109} INFO - [2021-09-14 18:48:05,469] {dag.py:2306} INFO - Setting next_dagrun for example_trigger_target_dag to None
[2021-09-14 18:48:05,480] {processor.py:170} INFO - Processing /home/airflow/.local/lib/python3.8/site-packages/airflow/example_dags/example_trigger_target_dag.py took 0.087 seconds
[2021-09-14 18:48:35,655] {processor.py:162} INFO - Started process (PID=1878) to work on /home/airflow/.local/lib/python3.8/site-packages/airflow/example_dags/example_trigger_target_dag.py
[2021-09-14 18:48:35,657] {processor.py:613} INFO - Processing file /home/airflow/.local/lib/python3.8/site-packages/airflow/example_dags/example_trigger_target_dag.py for tasks to queue
[2021-09-14 18:48:35,657] {logging_mixin.py:109} INFO - [2021-09-14 18:48:35,657] {dagbag.py:496} INFO - Filling up the DagBag from /home/airflow/.local/lib/python3.8/site-packages/airflow/example_dags/example_trigger_target_dag.py
[2021-09-14 18:48:35,668] {processor.py:623} INFO - DAG(s) dict_keys(['example_trigger_target_dag']) retrieved from /home/airflow/.local/lib/python3.8/site-packages/airflow/example_dags/example_trigger_target_dag.py
[2021-09-14 18:48:35,691] {logging_mixin.py:109} INFO - [2021-09-14 18:48:35,691] {dag.py:1833} INFO - Sync 1 DAGs
[2021-09-14 18:48:35,705] {logging_mixin.py:109} INFO - [2021-09-14 18:48:35,705] {dag.py:2306} INFO - Setting next_dagrun for example_trigger_target_dag to None
[2021-09-14 18:48:35,722] {processor.py:170} INFO - Processing /home/airflow/.local/lib/python3.8/site-packages/airflow/example_dags/example_trigger_target_dag.py took 0.070 seconds
[2021-09-14 18:49:09,319] {processor.py:162} INFO - Started process (PID=1935) to work on /home/airflow/.local/lib/python3.8/site-packages/airflow/example_dags/example_trigger_target_dag.py
[2021-09-14 18:49:09,321] {processor.py:613} INFO - Processing file /home/airflow/.local/lib/python3.8/site-packages/airflow/example_dags/example_trigger_target_dag.py for tasks to queue
[2021-09-14 18:49:09,321] {logging_mixin.py:109} INFO - [2021-09-14 18:49:09,321] {dagbag.py:496} INFO - Filling up the DagBag from /home/airflow/.local/lib/python3.8/site-packages/airflow/example_dags/example_trigger_target_dag.py
[2021-09-14 18:49:09,336] {processor.py:623} INFO - DAG(s) dict_keys(['example_trigger_target_dag']) retrieved from /home/airflow/.local/lib/python3.8/site-packages/airflow/example_dags/example_trigger_target_dag.py
[2021-09-14 18:49:09,359] {logging_mixin.py:109} INFO - [2021-09-14 18:49:09,359] {dag.py:1833} INFO - Sync 1 DAGs
[2021-09-14 18:49:09,373] {logging_mixin.py:109} INFO - [2021-09-14 18:49:09,373] {dag.py:2306} INFO - Setting next_dagrun for example_trigger_target_dag to None
[2021-09-14 18:49:09,381] {processor.py:170} INFO - Processing /home/airflow/.local/lib/python3.8/site-packages/airflow/example_dags/example_trigger_target_dag.py took 0.065 seconds
[2021-09-14 18:49:39,898] {processor.py:162} INFO - Started process (PID=1990) to work on /home/airflow/.local/lib/python3.8/site-packages/airflow/example_dags/example_trigger_target_dag.py
[2021-09-14 18:49:39,899] {processor.py:613} INFO - Processing file /home/airflow/.local/lib/python3.8/site-packages/airflow/example_dags/example_trigger_target_dag.py for tasks to queue
[2021-09-14 18:49:39,899] {logging_mixin.py:109} INFO - [2021-09-14 18:49:39,899] {dagbag.py:496} INFO - Filling up the DagBag from /home/airflow/.local/lib/python3.8/site-packages/airflow/example_dags/example_trigger_target_dag.py
[2021-09-14 18:49:39,912] {processor.py:623} INFO - DAG(s) dict_keys(['example_trigger_target_dag']) retrieved from /home/airflow/.local/lib/python3.8/site-packages/airflow/example_dags/example_trigger_target_dag.py
[2021-09-14 18:49:39,930] {logging_mixin.py:109} INFO - [2021-09-14 18:49:39,930] {dag.py:1833} INFO - Sync 1 DAGs
[2021-09-14 18:49:39,939] {logging_mixin.py:109} INFO - [2021-09-14 18:49:39,939] {dag.py:2306} INFO - Setting next_dagrun for example_trigger_target_dag to None
[2021-09-14 18:49:39,950] {processor.py:170} INFO - Processing /home/airflow/.local/lib/python3.8/site-packages/airflow/example_dags/example_trigger_target_dag.py took 0.054 seconds
[2021-09-14 18:50:10,223] {processor.py:162} INFO - Started process (PID=2037) to work on /home/airflow/.local/lib/python3.8/site-packages/airflow/example_dags/example_trigger_target_dag.py
[2021-09-14 18:50:10,224] {processor.py:613} INFO - Processing file /home/airflow/.local/lib/python3.8/site-packages/airflow/example_dags/example_trigger_target_dag.py for tasks to queue
[2021-09-14 18:50:10,224] {logging_mixin.py:109} INFO - [2021-09-14 18:50:10,224] {dagbag.py:496} INFO - Filling up the DagBag from /home/airflow/.local/lib/python3.8/site-packages/airflow/example_dags/example_trigger_target_dag.py
[2021-09-14 18:50:10,238] {processor.py:623} INFO - DAG(s) dict_keys(['example_trigger_target_dag']) retrieved from /home/airflow/.local/lib/python3.8/site-packages/airflow/example_dags/example_trigger_target_dag.py
[2021-09-14 18:50:10,256] {logging_mixin.py:109} INFO - [2021-09-14 18:50:10,256] {dag.py:1833} INFO - Sync 1 DAGs
[2021-09-14 18:50:10,271] {logging_mixin.py:109} INFO - [2021-09-14 18:50:10,271] {dag.py:2306} INFO - Setting next_dagrun for example_trigger_target_dag to None
[2021-09-14 18:50:10,283] {processor.py:170} INFO - Processing /home/airflow/.local/lib/python3.8/site-packages/airflow/example_dags/example_trigger_target_dag.py took 0.064 seconds
[2021-09-14 18:50:40,557] {processor.py:162} INFO - Started process (PID=2094) to work on /home/airflow/.local/lib/python3.8/site-packages/airflow/example_dags/example_trigger_target_dag.py
[2021-09-14 18:50:40,562] {processor.py:613} INFO - Processing file /home/airflow/.local/lib/python3.8/site-packages/airflow/example_dags/example_trigger_target_dag.py for tasks to queue
[2021-09-14 18:50:40,562] {logging_mixin.py:109} INFO - [2021-09-14 18:50:40,562] {dagbag.py:496} INFO - Filling up the DagBag from /home/airflow/.local/lib/python3.8/site-packages/airflow/example_dags/example_trigger_target_dag.py
[2021-09-14 18:50:40,578] {processor.py:623} INFO - DAG(s) dict_keys(['example_trigger_target_dag']) retrieved from /home/airflow/.local/lib/python3.8/site-packages/airflow/example_dags/example_trigger_target_dag.py
[2021-09-14 18:50:40,626] {logging_mixin.py:109} INFO - [2021-09-14 18:50:40,626] {dag.py:1833} INFO - Sync 1 DAGs
[2021-09-14 18:50:40,650] {logging_mixin.py:109} INFO - [2021-09-14 18:50:40,650] {dag.py:2306} INFO - Setting next_dagrun for example_trigger_target_dag to None
[2021-09-14 18:50:40,664] {processor.py:170} INFO - Processing /home/airflow/.local/lib/python3.8/site-packages/airflow/example_dags/example_trigger_target_dag.py took 0.110 seconds
[2021-09-14 18:51:11,419] {processor.py:162} INFO - Started process (PID=2143) to work on /home/airflow/.local/lib/python3.8/site-packages/airflow/example_dags/example_trigger_target_dag.py
[2021-09-14 18:51:11,420] {processor.py:613} INFO - Processing file /home/airflow/.local/lib/python3.8/site-packages/airflow/example_dags/example_trigger_target_dag.py for tasks to queue
[2021-09-14 18:51:11,421] {logging_mixin.py:109} INFO - [2021-09-14 18:51:11,421] {dagbag.py:496} INFO - Filling up the DagBag from /home/airflow/.local/lib/python3.8/site-packages/airflow/example_dags/example_trigger_target_dag.py
[2021-09-14 18:51:11,432] {processor.py:623} INFO - DAG(s) dict_keys(['example_trigger_target_dag']) retrieved from /home/airflow/.local/lib/python3.8/site-packages/airflow/example_dags/example_trigger_target_dag.py
[2021-09-14 18:51:11,449] {logging_mixin.py:109} INFO - [2021-09-14 18:51:11,449] {dag.py:1833} INFO - Sync 1 DAGs
[2021-09-14 18:51:11,460] {logging_mixin.py:109} INFO - [2021-09-14 18:51:11,460] {dag.py:2306} INFO - Setting next_dagrun for example_trigger_target_dag to None
[2021-09-14 18:51:11,469] {processor.py:170} INFO - Processing /home/airflow/.local/lib/python3.8/site-packages/airflow/example_dags/example_trigger_target_dag.py took 0.053 seconds
[2021-09-14 18:51:42,024] {processor.py:162} INFO - Started process (PID=2204) to work on /home/airflow/.local/lib/python3.8/site-packages/airflow/example_dags/example_trigger_target_dag.py
[2021-09-14 18:51:42,028] {processor.py:613} INFO - Processing file /home/airflow/.local/lib/python3.8/site-packages/airflow/example_dags/example_trigger_target_dag.py for tasks to queue
[2021-09-14 18:51:42,030] {logging_mixin.py:109} INFO - [2021-09-14 18:51:42,030] {dagbag.py:496} INFO - Filling up the DagBag from /home/airflow/.local/lib/python3.8/site-packages/airflow/example_dags/example_trigger_target_dag.py
[2021-09-14 18:51:42,112] {processor.py:623} INFO - DAG(s) dict_keys(['example_trigger_target_dag']) retrieved from /home/airflow/.local/lib/python3.8/site-packages/airflow/example_dags/example_trigger_target_dag.py
[2021-09-14 18:51:42,163] {logging_mixin.py:109} INFO - [2021-09-14 18:51:42,163] {dag.py:1833} INFO - Sync 1 DAGs
[2021-09-14 18:51:42,209] {logging_mixin.py:109} INFO - [2021-09-14 18:51:42,209] {dag.py:2306} INFO - Setting next_dagrun for example_trigger_target_dag to None
[2021-09-14 18:51:42,235] {processor.py:170} INFO - Processing /home/airflow/.local/lib/python3.8/site-packages/airflow/example_dags/example_trigger_target_dag.py took 0.213 seconds
[2021-09-14 18:52:12,461] {processor.py:162} INFO - Started process (PID=2253) to work on /home/airflow/.local/lib/python3.8/site-packages/airflow/example_dags/example_trigger_target_dag.py
[2021-09-14 18:52:12,462] {processor.py:613} INFO - Processing file /home/airflow/.local/lib/python3.8/site-packages/airflow/example_dags/example_trigger_target_dag.py for tasks to queue
[2021-09-14 18:52:12,462] {logging_mixin.py:109} INFO - [2021-09-14 18:52:12,462] {dagbag.py:496} INFO - Filling up the DagBag from /home/airflow/.local/lib/python3.8/site-packages/airflow/example_dags/example_trigger_target_dag.py
[2021-09-14 18:52:12,472] {processor.py:623} INFO - DAG(s) dict_keys(['example_trigger_target_dag']) retrieved from /home/airflow/.local/lib/python3.8/site-packages/airflow/example_dags/example_trigger_target_dag.py
[2021-09-14 18:52:12,486] {logging_mixin.py:109} INFO - [2021-09-14 18:52:12,486] {dag.py:1833} INFO - Sync 1 DAGs
[2021-09-14 18:52:12,495] {logging_mixin.py:109} INFO - [2021-09-14 18:52:12,495] {dag.py:2306} INFO - Setting next_dagrun for example_trigger_target_dag to None
[2021-09-14 18:52:12,503] {processor.py:170} INFO - Processing /home/airflow/.local/lib/python3.8/site-packages/airflow/example_dags/example_trigger_target_dag.py took 0.045 seconds
[2021-09-14 18:52:42,626] {processor.py:162} INFO - Started process (PID=2310) to work on /home/airflow/.local/lib/python3.8/site-packages/airflow/example_dags/example_trigger_target_dag.py
[2021-09-14 18:52:42,627] {processor.py:613} INFO - Processing file /home/airflow/.local/lib/python3.8/site-packages/airflow/example_dags/example_trigger_target_dag.py for tasks to queue
[2021-09-14 18:52:42,628] {logging_mixin.py:109} INFO - [2021-09-14 18:52:42,628] {dagbag.py:496} INFO - Filling up the DagBag from /home/airflow/.local/lib/python3.8/site-packages/airflow/example_dags/example_trigger_target_dag.py
[2021-09-14 18:52:42,637] {processor.py:623} INFO - DAG(s) dict_keys(['example_trigger_target_dag']) retrieved from /home/airflow/.local/lib/python3.8/site-packages/airflow/example_dags/example_trigger_target_dag.py
[2021-09-14 18:52:42,652] {logging_mixin.py:109} INFO - [2021-09-14 18:52:42,652] {dag.py:1833} INFO - Sync 1 DAGs
[2021-09-14 18:52:42,661] {logging_mixin.py:109} INFO - [2021-09-14 18:52:42,661] {dag.py:2306} INFO - Setting next_dagrun for example_trigger_target_dag to None
[2021-09-14 18:52:42,667] {processor.py:170} INFO - Processing /home/airflow/.local/lib/python3.8/site-packages/airflow/example_dags/example_trigger_target_dag.py took 0.043 seconds
[2021-09-14 18:53:13,119] {processor.py:162} INFO - Started process (PID=2365) to work on /home/airflow/.local/lib/python3.8/site-packages/airflow/example_dags/example_trigger_target_dag.py
[2021-09-14 18:53:13,120] {processor.py:613} INFO - Processing file /home/airflow/.local/lib/python3.8/site-packages/airflow/example_dags/example_trigger_target_dag.py for tasks to queue
[2021-09-14 18:53:13,121] {logging_mixin.py:109} INFO - [2021-09-14 18:53:13,121] {dagbag.py:496} INFO - Filling up the DagBag from /home/airflow/.local/lib/python3.8/site-packages/airflow/example_dags/example_trigger_target_dag.py
[2021-09-14 18:53:13,135] {processor.py:623} INFO - DAG(s) dict_keys(['example_trigger_target_dag']) retrieved from /home/airflow/.local/lib/python3.8/site-packages/airflow/example_dags/example_trigger_target_dag.py
[2021-09-14 18:53:13,175] {logging_mixin.py:109} INFO - [2021-09-14 18:53:13,175] {dag.py:1833} INFO - Sync 1 DAGs
[2021-09-14 18:53:13,218] {logging_mixin.py:109} INFO - [2021-09-14 18:53:13,218] {dag.py:2306} INFO - Setting next_dagrun for example_trigger_target_dag to None
[2021-09-14 18:53:13,246] {processor.py:170} INFO - Processing /home/airflow/.local/lib/python3.8/site-packages/airflow/example_dags/example_trigger_target_dag.py took 0.130 seconds
[2021-09-14 18:53:43,593] {processor.py:162} INFO - Started process (PID=2413) to work on /home/airflow/.local/lib/python3.8/site-packages/airflow/example_dags/example_trigger_target_dag.py
[2021-09-14 18:53:43,595] {processor.py:613} INFO - Processing file /home/airflow/.local/lib/python3.8/site-packages/airflow/example_dags/example_trigger_target_dag.py for tasks to queue
[2021-09-14 18:53:43,596] {logging_mixin.py:109} INFO - [2021-09-14 18:53:43,595] {dagbag.py:496} INFO - Filling up the DagBag from /home/airflow/.local/lib/python3.8/site-packages/airflow/example_dags/example_trigger_target_dag.py
[2021-09-14 18:53:43,605] {processor.py:623} INFO - DAG(s) dict_keys(['example_trigger_target_dag']) retrieved from /home/airflow/.local/lib/python3.8/site-packages/airflow/example_dags/example_trigger_target_dag.py
[2021-09-14 18:53:43,623] {logging_mixin.py:109} INFO - [2021-09-14 18:53:43,623] {dag.py:1833} INFO - Sync 1 DAGs
[2021-09-14 18:53:43,634] {logging_mixin.py:109} INFO - [2021-09-14 18:53:43,634] {dag.py:2306} INFO - Setting next_dagrun for example_trigger_target_dag to None
[2021-09-14 18:53:43,650] {processor.py:170} INFO - Processing /home/airflow/.local/lib/python3.8/site-packages/airflow/example_dags/example_trigger_target_dag.py took 0.061 seconds
[2021-09-14 18:54:13,861] {processor.py:162} INFO - Started process (PID=2469) to work on /home/airflow/.local/lib/python3.8/site-packages/airflow/example_dags/example_trigger_target_dag.py
[2021-09-14 18:54:13,864] {processor.py:613} INFO - Processing file /home/airflow/.local/lib/python3.8/site-packages/airflow/example_dags/example_trigger_target_dag.py for tasks to queue
[2021-09-14 18:54:13,866] {logging_mixin.py:109} INFO - [2021-09-14 18:54:13,865] {dagbag.py:496} INFO - Filling up the DagBag from /home/airflow/.local/lib/python3.8/site-packages/airflow/example_dags/example_trigger_target_dag.py
[2021-09-14 18:54:13,878] {processor.py:623} INFO - DAG(s) dict_keys(['example_trigger_target_dag']) retrieved from /home/airflow/.local/lib/python3.8/site-packages/airflow/example_dags/example_trigger_target_dag.py
[2021-09-14 18:54:13,899] {logging_mixin.py:109} INFO - [2021-09-14 18:54:13,899] {dag.py:1833} INFO - Sync 1 DAGs
[2021-09-14 18:54:13,942] {logging_mixin.py:109} INFO - [2021-09-14 18:54:13,942] {dag.py:2306} INFO - Setting next_dagrun for example_trigger_target_dag to None
[2021-09-14 18:54:13,956] {processor.py:170} INFO - Processing /home/airflow/.local/lib/python3.8/site-packages/airflow/example_dags/example_trigger_target_dag.py took 0.098 seconds
[2021-09-14 18:54:44,216] {processor.py:162} INFO - Started process (PID=2516) to work on /home/airflow/.local/lib/python3.8/site-packages/airflow/example_dags/example_trigger_target_dag.py
[2021-09-14 18:54:44,217] {processor.py:613} INFO - Processing file /home/airflow/.local/lib/python3.8/site-packages/airflow/example_dags/example_trigger_target_dag.py for tasks to queue
[2021-09-14 18:54:44,217] {logging_mixin.py:109} INFO - [2021-09-14 18:54:44,217] {dagbag.py:496} INFO - Filling up the DagBag from /home/airflow/.local/lib/python3.8/site-packages/airflow/example_dags/example_trigger_target_dag.py
[2021-09-14 18:54:44,226] {processor.py:623} INFO - DAG(s) dict_keys(['example_trigger_target_dag']) retrieved from /home/airflow/.local/lib/python3.8/site-packages/airflow/example_dags/example_trigger_target_dag.py
[2021-09-14 18:54:44,247] {logging_mixin.py:109} INFO - [2021-09-14 18:54:44,247] {dag.py:1833} INFO - Sync 1 DAGs
[2021-09-14 18:54:44,264] {logging_mixin.py:109} INFO - [2021-09-14 18:54:44,264] {dag.py:2306} INFO - Setting next_dagrun for example_trigger_target_dag to None
[2021-09-14 18:54:44,272] {processor.py:170} INFO - Processing /home/airflow/.local/lib/python3.8/site-packages/airflow/example_dags/example_trigger_target_dag.py took 0.059 seconds
[2021-09-14 18:55:14,859] {processor.py:162} INFO - Started process (PID=2571) to work on /home/airflow/.local/lib/python3.8/site-packages/airflow/example_dags/example_trigger_target_dag.py
[2021-09-14 18:55:14,859] {processor.py:613} INFO - Processing file /home/airflow/.local/lib/python3.8/site-packages/airflow/example_dags/example_trigger_target_dag.py for tasks to queue
[2021-09-14 18:55:14,860] {logging_mixin.py:109} INFO - [2021-09-14 18:55:14,860] {dagbag.py:496} INFO - Filling up the DagBag from /home/airflow/.local/lib/python3.8/site-packages/airflow/example_dags/example_trigger_target_dag.py
[2021-09-14 18:55:14,874] {processor.py:623} INFO - DAG(s) dict_keys(['example_trigger_target_dag']) retrieved from /home/airflow/.local/lib/python3.8/site-packages/airflow/example_dags/example_trigger_target_dag.py
[2021-09-14 18:55:14,892] {logging_mixin.py:109} INFO - [2021-09-14 18:55:14,892] {dag.py:1833} INFO - Sync 1 DAGs
[2021-09-14 18:55:14,902] {logging_mixin.py:109} INFO - [2021-09-14 18:55:14,902] {dag.py:2306} INFO - Setting next_dagrun for example_trigger_target_dag to None
[2021-09-14 18:55:14,918] {processor.py:170} INFO - Processing /home/airflow/.local/lib/python3.8/site-packages/airflow/example_dags/example_trigger_target_dag.py took 0.062 seconds
[2021-09-14 18:55:45,541] {processor.py:162} INFO - Started process (PID=2626) to work on /home/airflow/.local/lib/python3.8/site-packages/airflow/example_dags/example_trigger_target_dag.py
[2021-09-14 18:55:45,542] {processor.py:613} INFO - Processing file /home/airflow/.local/lib/python3.8/site-packages/airflow/example_dags/example_trigger_target_dag.py for tasks to queue
[2021-09-14 18:55:45,543] {logging_mixin.py:109} INFO - [2021-09-14 18:55:45,543] {dagbag.py:496} INFO - Filling up the DagBag from /home/airflow/.local/lib/python3.8/site-packages/airflow/example_dags/example_trigger_target_dag.py
[2021-09-14 18:55:45,562] {processor.py:623} INFO - DAG(s) dict_keys(['example_trigger_target_dag']) retrieved from /home/airflow/.local/lib/python3.8/site-packages/airflow/example_dags/example_trigger_target_dag.py
[2021-09-14 18:55:45,585] {logging_mixin.py:109} INFO - [2021-09-14 18:55:45,585] {dag.py:1833} INFO - Sync 1 DAGs
[2021-09-14 18:55:45,598] {logging_mixin.py:109} INFO - [2021-09-14 18:55:45,597] {dag.py:2306} INFO - Setting next_dagrun for example_trigger_target_dag to None
[2021-09-14 18:55:45,608] {processor.py:170} INFO - Processing /home/airflow/.local/lib/python3.8/site-packages/airflow/example_dags/example_trigger_target_dag.py took 0.074 seconds
[2021-09-14 18:56:15,943] {processor.py:162} INFO - Started process (PID=2674) to work on /home/airflow/.local/lib/python3.8/site-packages/airflow/example_dags/example_trigger_target_dag.py
[2021-09-14 18:56:15,944] {processor.py:613} INFO - Processing file /home/airflow/.local/lib/python3.8/site-packages/airflow/example_dags/example_trigger_target_dag.py for tasks to queue
[2021-09-14 18:56:15,945] {logging_mixin.py:109} INFO - [2021-09-14 18:56:15,945] {dagbag.py:496} INFO - Filling up the DagBag from /home/airflow/.local/lib/python3.8/site-packages/airflow/example_dags/example_trigger_target_dag.py
[2021-09-14 18:56:15,958] {processor.py:623} INFO - DAG(s) dict_keys(['example_trigger_target_dag']) retrieved from /home/airflow/.local/lib/python3.8/site-packages/airflow/example_dags/example_trigger_target_dag.py
[2021-09-14 18:56:15,976] {logging_mixin.py:109} INFO - [2021-09-14 18:56:15,976] {dag.py:1833} INFO - Sync 1 DAGs
[2021-09-14 18:56:15,992] {logging_mixin.py:109} INFO - [2021-09-14 18:56:15,992] {dag.py:2306} INFO - Setting next_dagrun for example_trigger_target_dag to None
[2021-09-14 18:56:16,003] {processor.py:170} INFO - Processing /home/airflow/.local/lib/python3.8/site-packages/airflow/example_dags/example_trigger_target_dag.py took 0.064 seconds
[2021-09-14 18:56:46,338] {processor.py:162} INFO - Started process (PID=2731) to work on /home/airflow/.local/lib/python3.8/site-packages/airflow/example_dags/example_trigger_target_dag.py
[2021-09-14 18:56:46,339] {processor.py:613} INFO - Processing file /home/airflow/.local/lib/python3.8/site-packages/airflow/example_dags/example_trigger_target_dag.py for tasks to queue
[2021-09-14 18:56:46,340] {logging_mixin.py:109} INFO - [2021-09-14 18:56:46,340] {dagbag.py:496} INFO - Filling up the DagBag from /home/airflow/.local/lib/python3.8/site-packages/airflow/example_dags/example_trigger_target_dag.py
[2021-09-14 18:56:46,350] {processor.py:623} INFO - DAG(s) dict_keys(['example_trigger_target_dag']) retrieved from /home/airflow/.local/lib/python3.8/site-packages/airflow/example_dags/example_trigger_target_dag.py
[2021-09-14 18:56:46,367] {logging_mixin.py:109} INFO - [2021-09-14 18:56:46,367] {dag.py:1833} INFO - Sync 1 DAGs
[2021-09-14 18:56:46,376] {logging_mixin.py:109} INFO - [2021-09-14 18:56:46,376] {dag.py:2306} INFO - Setting next_dagrun for example_trigger_target_dag to None
[2021-09-14 18:56:46,385] {processor.py:170} INFO - Processing /home/airflow/.local/lib/python3.8/site-packages/airflow/example_dags/example_trigger_target_dag.py took 0.049 seconds
[2021-09-14 18:57:17,001] {processor.py:162} INFO - Started process (PID=2779) to work on /home/airflow/.local/lib/python3.8/site-packages/airflow/example_dags/example_trigger_target_dag.py
[2021-09-14 18:57:17,002] {processor.py:613} INFO - Processing file /home/airflow/.local/lib/python3.8/site-packages/airflow/example_dags/example_trigger_target_dag.py for tasks to queue
[2021-09-14 18:57:17,003] {logging_mixin.py:109} INFO - [2021-09-14 18:57:17,003] {dagbag.py:496} INFO - Filling up the DagBag from /home/airflow/.local/lib/python3.8/site-packages/airflow/example_dags/example_trigger_target_dag.py
[2021-09-14 18:57:17,012] {processor.py:623} INFO - DAG(s) dict_keys(['example_trigger_target_dag']) retrieved from /home/airflow/.local/lib/python3.8/site-packages/airflow/example_dags/example_trigger_target_dag.py
[2021-09-14 18:57:17,028] {logging_mixin.py:109} INFO - [2021-09-14 18:57:17,027] {dag.py:1833} INFO - Sync 1 DAGs
[2021-09-14 18:57:17,037] {logging_mixin.py:109} INFO - [2021-09-14 18:57:17,037] {dag.py:2306} INFO - Setting next_dagrun for example_trigger_target_dag to None
[2021-09-14 18:57:17,046] {processor.py:170} INFO - Processing /home/airflow/.local/lib/python3.8/site-packages/airflow/example_dags/example_trigger_target_dag.py took 0.047 seconds
[2021-09-14 18:57:47,929] {processor.py:162} INFO - Started process (PID=2834) to work on /home/airflow/.local/lib/python3.8/site-packages/airflow/example_dags/example_trigger_target_dag.py
[2021-09-14 18:57:47,930] {processor.py:613} INFO - Processing file /home/airflow/.local/lib/python3.8/site-packages/airflow/example_dags/example_trigger_target_dag.py for tasks to queue
[2021-09-14 18:57:47,931] {logging_mixin.py:109} INFO - [2021-09-14 18:57:47,931] {dagbag.py:496} INFO - Filling up the DagBag from /home/airflow/.local/lib/python3.8/site-packages/airflow/example_dags/example_trigger_target_dag.py
[2021-09-14 18:57:47,944] {processor.py:623} INFO - DAG(s) dict_keys(['example_trigger_target_dag']) retrieved from /home/airflow/.local/lib/python3.8/site-packages/airflow/example_dags/example_trigger_target_dag.py
[2021-09-14 18:57:47,962] {logging_mixin.py:109} INFO - [2021-09-14 18:57:47,962] {dag.py:1833} INFO - Sync 1 DAGs
[2021-09-14 18:57:47,977] {logging_mixin.py:109} INFO - [2021-09-14 18:57:47,977] {dag.py:2306} INFO - Setting next_dagrun for example_trigger_target_dag to None
[2021-09-14 18:57:47,990] {processor.py:170} INFO - Processing /home/airflow/.local/lib/python3.8/site-packages/airflow/example_dags/example_trigger_target_dag.py took 0.063 seconds
[2021-09-14 18:58:18,873] {processor.py:162} INFO - Started process (PID=2890) to work on /home/airflow/.local/lib/python3.8/site-packages/airflow/example_dags/example_trigger_target_dag.py
[2021-09-14 18:58:18,879] {processor.py:613} INFO - Processing file /home/airflow/.local/lib/python3.8/site-packages/airflow/example_dags/example_trigger_target_dag.py for tasks to queue
[2021-09-14 18:58:18,883] {logging_mixin.py:109} INFO - [2021-09-14 18:58:18,883] {dagbag.py:496} INFO - Filling up the DagBag from /home/airflow/.local/lib/python3.8/site-packages/airflow/example_dags/example_trigger_target_dag.py
[2021-09-14 18:58:18,930] {processor.py:623} INFO - DAG(s) dict_keys(['example_trigger_target_dag']) retrieved from /home/airflow/.local/lib/python3.8/site-packages/airflow/example_dags/example_trigger_target_dag.py
[2021-09-14 18:58:19,019] {logging_mixin.py:109} INFO - [2021-09-14 18:58:19,019] {dag.py:1833} INFO - Sync 1 DAGs
[2021-09-14 18:58:19,053] {logging_mixin.py:109} INFO - [2021-09-14 18:58:19,053] {dag.py:2306} INFO - Setting next_dagrun for example_trigger_target_dag to None
[2021-09-14 18:58:19,130] {processor.py:170} INFO - Processing /home/airflow/.local/lib/python3.8/site-packages/airflow/example_dags/example_trigger_target_dag.py took 0.260 seconds
[2021-09-14 18:58:49,352] {processor.py:162} INFO - Started process (PID=2939) to work on /home/airflow/.local/lib/python3.8/site-packages/airflow/example_dags/example_trigger_target_dag.py
[2021-09-14 18:58:49,354] {processor.py:613} INFO - Processing file /home/airflow/.local/lib/python3.8/site-packages/airflow/example_dags/example_trigger_target_dag.py for tasks to queue
[2021-09-14 18:58:49,355] {logging_mixin.py:109} INFO - [2021-09-14 18:58:49,355] {dagbag.py:496} INFO - Filling up the DagBag from /home/airflow/.local/lib/python3.8/site-packages/airflow/example_dags/example_trigger_target_dag.py
[2021-09-14 18:58:49,364] {processor.py:623} INFO - DAG(s) dict_keys(['example_trigger_target_dag']) retrieved from /home/airflow/.local/lib/python3.8/site-packages/airflow/example_dags/example_trigger_target_dag.py
[2021-09-14 18:58:49,380] {logging_mixin.py:109} INFO - [2021-09-14 18:58:49,380] {dag.py:1833} INFO - Sync 1 DAGs
[2021-09-14 18:58:49,392] {logging_mixin.py:109} INFO - [2021-09-14 18:58:49,391] {dag.py:2306} INFO - Setting next_dagrun for example_trigger_target_dag to None
[2021-09-14 18:58:49,403] {processor.py:170} INFO - Processing /home/airflow/.local/lib/python3.8/site-packages/airflow/example_dags/example_trigger_target_dag.py took 0.053 seconds
[2021-09-14 18:59:19,788] {processor.py:162} INFO - Started process (PID=2994) to work on /home/airflow/.local/lib/python3.8/site-packages/airflow/example_dags/example_trigger_target_dag.py
[2021-09-14 18:59:19,790] {processor.py:613} INFO - Processing file /home/airflow/.local/lib/python3.8/site-packages/airflow/example_dags/example_trigger_target_dag.py for tasks to queue
[2021-09-14 18:59:19,790] {logging_mixin.py:109} INFO - [2021-09-14 18:59:19,790] {dagbag.py:496} INFO - Filling up the DagBag from /home/airflow/.local/lib/python3.8/site-packages/airflow/example_dags/example_trigger_target_dag.py
[2021-09-14 18:59:19,805] {processor.py:623} INFO - DAG(s) dict_keys(['example_trigger_target_dag']) retrieved from /home/airflow/.local/lib/python3.8/site-packages/airflow/example_dags/example_trigger_target_dag.py
[2021-09-14 18:59:19,829] {logging_mixin.py:109} INFO - [2021-09-14 18:59:19,829] {dag.py:1833} INFO - Sync 1 DAGs
[2021-09-14 18:59:19,852] {logging_mixin.py:109} INFO - [2021-09-14 18:59:19,852] {dag.py:2306} INFO - Setting next_dagrun for example_trigger_target_dag to None
[2021-09-14 18:59:19,861] {processor.py:170} INFO - Processing /home/airflow/.local/lib/python3.8/site-packages/airflow/example_dags/example_trigger_target_dag.py took 0.079 seconds
[2021-09-14 18:59:50,057] {processor.py:162} INFO - Started process (PID=3043) to work on /home/airflow/.local/lib/python3.8/site-packages/airflow/example_dags/example_trigger_target_dag.py
[2021-09-14 18:59:50,058] {processor.py:613} INFO - Processing file /home/airflow/.local/lib/python3.8/site-packages/airflow/example_dags/example_trigger_target_dag.py for tasks to queue
[2021-09-14 18:59:50,059] {logging_mixin.py:109} INFO - [2021-09-14 18:59:50,059] {dagbag.py:496} INFO - Filling up the DagBag from /home/airflow/.local/lib/python3.8/site-packages/airflow/example_dags/example_trigger_target_dag.py
[2021-09-14 18:59:50,070] {processor.py:623} INFO - DAG(s) dict_keys(['example_trigger_target_dag']) retrieved from /home/airflow/.local/lib/python3.8/site-packages/airflow/example_dags/example_trigger_target_dag.py
[2021-09-14 18:59:50,093] {logging_mixin.py:109} INFO - [2021-09-14 18:59:50,093] {dag.py:1833} INFO - Sync 1 DAGs
[2021-09-14 18:59:50,109] {logging_mixin.py:109} INFO - [2021-09-14 18:59:50,108] {dag.py:2306} INFO - Setting next_dagrun for example_trigger_target_dag to None
[2021-09-14 18:59:50,124] {processor.py:170} INFO - Processing /home/airflow/.local/lib/python3.8/site-packages/airflow/example_dags/example_trigger_target_dag.py took 0.069 seconds
[2021-09-14 19:00:20,503] {processor.py:162} INFO - Started process (PID=3100) to work on /home/airflow/.local/lib/python3.8/site-packages/airflow/example_dags/example_trigger_target_dag.py
[2021-09-14 19:00:20,505] {processor.py:613} INFO - Processing file /home/airflow/.local/lib/python3.8/site-packages/airflow/example_dags/example_trigger_target_dag.py for tasks to queue
[2021-09-14 19:00:20,506] {logging_mixin.py:109} INFO - [2021-09-14 19:00:20,505] {dagbag.py:496} INFO - Filling up the DagBag from /home/airflow/.local/lib/python3.8/site-packages/airflow/example_dags/example_trigger_target_dag.py
[2021-09-14 19:00:20,519] {processor.py:623} INFO - DAG(s) dict_keys(['example_trigger_target_dag']) retrieved from /home/airflow/.local/lib/python3.8/site-packages/airflow/example_dags/example_trigger_target_dag.py
[2021-09-14 19:00:20,567] {logging_mixin.py:109} INFO - [2021-09-14 19:00:20,567] {dag.py:1833} INFO - Sync 1 DAGs
[2021-09-14 19:00:20,582] {logging_mixin.py:109} INFO - [2021-09-14 19:00:20,582] {dag.py:2306} INFO - Setting next_dagrun for example_trigger_target_dag to None
[2021-09-14 19:00:20,592] {processor.py:170} INFO - Processing /home/airflow/.local/lib/python3.8/site-packages/airflow/example_dags/example_trigger_target_dag.py took 0.091 seconds
[2021-09-14 19:00:51,377] {processor.py:162} INFO - Started process (PID=3157) to work on /home/airflow/.local/lib/python3.8/site-packages/airflow/example_dags/example_trigger_target_dag.py
[2021-09-14 19:00:51,378] {processor.py:613} INFO - Processing file /home/airflow/.local/lib/python3.8/site-packages/airflow/example_dags/example_trigger_target_dag.py for tasks to queue
[2021-09-14 19:00:51,379] {logging_mixin.py:109} INFO - [2021-09-14 19:00:51,379] {dagbag.py:496} INFO - Filling up the DagBag from /home/airflow/.local/lib/python3.8/site-packages/airflow/example_dags/example_trigger_target_dag.py
[2021-09-14 19:00:51,398] {processor.py:623} INFO - DAG(s) dict_keys(['example_trigger_target_dag']) retrieved from /home/airflow/.local/lib/python3.8/site-packages/airflow/example_dags/example_trigger_target_dag.py
[2021-09-14 19:00:51,441] {logging_mixin.py:109} INFO - [2021-09-14 19:00:51,441] {dag.py:1833} INFO - Sync 1 DAGs
[2021-09-14 19:00:51,455] {logging_mixin.py:109} INFO - [2021-09-14 19:00:51,454] {dag.py:2306} INFO - Setting next_dagrun for example_trigger_target_dag to None
[2021-09-14 19:00:51,467] {processor.py:170} INFO - Processing /home/airflow/.local/lib/python3.8/site-packages/airflow/example_dags/example_trigger_target_dag.py took 0.093 seconds
[2021-09-14 19:01:22,209] {processor.py:162} INFO - Started process (PID=3204) to work on /home/airflow/.local/lib/python3.8/site-packages/airflow/example_dags/example_trigger_target_dag.py
[2021-09-14 19:01:22,210] {processor.py:613} INFO - Processing file /home/airflow/.local/lib/python3.8/site-packages/airflow/example_dags/example_trigger_target_dag.py for tasks to queue
[2021-09-14 19:01:22,210] {logging_mixin.py:109} INFO - [2021-09-14 19:01:22,210] {dagbag.py:496} INFO - Filling up the DagBag from /home/airflow/.local/lib/python3.8/site-packages/airflow/example_dags/example_trigger_target_dag.py
[2021-09-14 19:01:22,220] {processor.py:623} INFO - DAG(s) dict_keys(['example_trigger_target_dag']) retrieved from /home/airflow/.local/lib/python3.8/site-packages/airflow/example_dags/example_trigger_target_dag.py
[2021-09-14 19:01:22,238] {logging_mixin.py:109} INFO - [2021-09-14 19:01:22,238] {dag.py:1833} INFO - Sync 1 DAGs
[2021-09-14 19:01:22,250] {logging_mixin.py:109} INFO - [2021-09-14 19:01:22,250] {dag.py:2306} INFO - Setting next_dagrun for example_trigger_target_dag to None
[2021-09-14 19:01:22,262] {processor.py:170} INFO - Processing /home/airflow/.local/lib/python3.8/site-packages/airflow/example_dags/example_trigger_target_dag.py took 0.057 seconds
[2021-09-14 19:01:52,464] {processor.py:162} INFO - Started process (PID=3262) to work on /home/airflow/.local/lib/python3.8/site-packages/airflow/example_dags/example_trigger_target_dag.py
[2021-09-14 19:01:52,465] {processor.py:613} INFO - Processing file /home/airflow/.local/lib/python3.8/site-packages/airflow/example_dags/example_trigger_target_dag.py for tasks to queue
[2021-09-14 19:01:52,468] {logging_mixin.py:109} INFO - [2021-09-14 19:01:52,468] {dagbag.py:496} INFO - Filling up the DagBag from /home/airflow/.local/lib/python3.8/site-packages/airflow/example_dags/example_trigger_target_dag.py
[2021-09-14 19:01:52,482] {processor.py:623} INFO - DAG(s) dict_keys(['example_trigger_target_dag']) retrieved from /home/airflow/.local/lib/python3.8/site-packages/airflow/example_dags/example_trigger_target_dag.py
[2021-09-14 19:01:52,506] {logging_mixin.py:109} INFO - [2021-09-14 19:01:52,506] {dag.py:1833} INFO - Sync 1 DAGs
[2021-09-14 19:01:52,522] {logging_mixin.py:109} INFO - [2021-09-14 19:01:52,522] {dag.py:2306} INFO - Setting next_dagrun for example_trigger_target_dag to None
[2021-09-14 19:01:52,531] {processor.py:170} INFO - Processing /home/airflow/.local/lib/python3.8/site-packages/airflow/example_dags/example_trigger_target_dag.py took 0.071 seconds
[2021-09-14 19:02:22,758] {processor.py:162} INFO - Started process (PID=3310) to work on /home/airflow/.local/lib/python3.8/site-packages/airflow/example_dags/example_trigger_target_dag.py
[2021-09-14 19:02:22,759] {processor.py:613} INFO - Processing file /home/airflow/.local/lib/python3.8/site-packages/airflow/example_dags/example_trigger_target_dag.py for tasks to queue
[2021-09-14 19:02:22,760] {logging_mixin.py:109} INFO - [2021-09-14 19:02:22,760] {dagbag.py:496} INFO - Filling up the DagBag from /home/airflow/.local/lib/python3.8/site-packages/airflow/example_dags/example_trigger_target_dag.py
[2021-09-14 19:02:22,774] {processor.py:623} INFO - DAG(s) dict_keys(['example_trigger_target_dag']) retrieved from /home/airflow/.local/lib/python3.8/site-packages/airflow/example_dags/example_trigger_target_dag.py
[2021-09-14 19:02:22,792] {logging_mixin.py:109} INFO - [2021-09-14 19:02:22,792] {dag.py:1833} INFO - Sync 1 DAGs
[2021-09-14 19:02:22,807] {logging_mixin.py:109} INFO - [2021-09-14 19:02:22,807] {dag.py:2306} INFO - Setting next_dagrun for example_trigger_target_dag to None
[2021-09-14 19:02:22,816] {processor.py:170} INFO - Processing /home/airflow/.local/lib/python3.8/site-packages/airflow/example_dags/example_trigger_target_dag.py took 0.060 seconds
[2021-09-14 19:02:53,078] {processor.py:162} INFO - Started process (PID=3367) to work on /home/airflow/.local/lib/python3.8/site-packages/airflow/example_dags/example_trigger_target_dag.py
[2021-09-14 19:02:53,082] {processor.py:613} INFO - Processing file /home/airflow/.local/lib/python3.8/site-packages/airflow/example_dags/example_trigger_target_dag.py for tasks to queue
[2021-09-14 19:02:53,083] {logging_mixin.py:109} INFO - [2021-09-14 19:02:53,083] {dagbag.py:496} INFO - Filling up the DagBag from /home/airflow/.local/lib/python3.8/site-packages/airflow/example_dags/example_trigger_target_dag.py
[2021-09-14 19:02:53,097] {processor.py:623} INFO - DAG(s) dict_keys(['example_trigger_target_dag']) retrieved from /home/airflow/.local/lib/python3.8/site-packages/airflow/example_dags/example_trigger_target_dag.py
[2021-09-14 19:02:53,127] {logging_mixin.py:109} INFO - [2021-09-14 19:02:53,127] {dag.py:1833} INFO - Sync 1 DAGs
[2021-09-14 19:02:53,148] {logging_mixin.py:109} INFO - [2021-09-14 19:02:53,148] {dag.py:2306} INFO - Setting next_dagrun for example_trigger_target_dag to None
[2021-09-14 19:02:53,157] {processor.py:170} INFO - Processing /home/airflow/.local/lib/python3.8/site-packages/airflow/example_dags/example_trigger_target_dag.py took 0.083 seconds
[2021-09-14 19:03:23,745] {processor.py:162} INFO - Started process (PID=3414) to work on /home/airflow/.local/lib/python3.8/site-packages/airflow/example_dags/example_trigger_target_dag.py
[2021-09-14 19:03:23,748] {processor.py:613} INFO - Processing file /home/airflow/.local/lib/python3.8/site-packages/airflow/example_dags/example_trigger_target_dag.py for tasks to queue
[2021-09-14 19:03:23,748] {logging_mixin.py:109} INFO - [2021-09-14 19:03:23,748] {dagbag.py:496} INFO - Filling up the DagBag from /home/airflow/.local/lib/python3.8/site-packages/airflow/example_dags/example_trigger_target_dag.py
[2021-09-14 19:03:23,764] {processor.py:623} INFO - DAG(s) dict_keys(['example_trigger_target_dag']) retrieved from /home/airflow/.local/lib/python3.8/site-packages/airflow/example_dags/example_trigger_target_dag.py
[2021-09-14 19:03:23,819] {logging_mixin.py:109} INFO - [2021-09-14 19:03:23,819] {dag.py:1833} INFO - Sync 1 DAGs
[2021-09-14 19:03:23,836] {logging_mixin.py:109} INFO - [2021-09-14 19:03:23,836] {dag.py:2306} INFO - Setting next_dagrun for example_trigger_target_dag to None
[2021-09-14 19:03:23,845] {processor.py:170} INFO - Processing /home/airflow/.local/lib/python3.8/site-packages/airflow/example_dags/example_trigger_target_dag.py took 0.103 seconds
[2021-09-14 19:03:54,437] {processor.py:162} INFO - Started process (PID=3472) to work on /home/airflow/.local/lib/python3.8/site-packages/airflow/example_dags/example_trigger_target_dag.py
[2021-09-14 19:03:54,439] {processor.py:613} INFO - Processing file /home/airflow/.local/lib/python3.8/site-packages/airflow/example_dags/example_trigger_target_dag.py for tasks to queue
[2021-09-14 19:03:54,439] {logging_mixin.py:109} INFO - [2021-09-14 19:03:54,439] {dagbag.py:496} INFO - Filling up the DagBag from /home/airflow/.local/lib/python3.8/site-packages/airflow/example_dags/example_trigger_target_dag.py
[2021-09-14 19:03:54,452] {processor.py:623} INFO - DAG(s) dict_keys(['example_trigger_target_dag']) retrieved from /home/airflow/.local/lib/python3.8/site-packages/airflow/example_dags/example_trigger_target_dag.py
[2021-09-14 19:03:54,468] {logging_mixin.py:109} INFO - [2021-09-14 19:03:54,468] {dag.py:1833} INFO - Sync 1 DAGs
[2021-09-14 19:03:54,484] {logging_mixin.py:109} INFO - [2021-09-14 19:03:54,484] {dag.py:2306} INFO - Setting next_dagrun for example_trigger_target_dag to None
[2021-09-14 19:03:54,493] {processor.py:170} INFO - Processing /home/airflow/.local/lib/python3.8/site-packages/airflow/example_dags/example_trigger_target_dag.py took 0.058 seconds
