[2021-09-14 18:32:20,043] {processor.py:162} INFO - Started process (PID=176) to work on /home/airflow/.local/lib/python3.8/site-packages/airflow/example_dags/example_xcomargs.py
[2021-09-14 18:32:20,044] {processor.py:613} INFO - Processing file /home/airflow/.local/lib/python3.8/site-packages/airflow/example_dags/example_xcomargs.py for tasks to queue
[2021-09-14 18:32:20,045] {logging_mixin.py:109} INFO - [2021-09-14 18:32:20,045] {dagbag.py:496} INFO - Filling up the DagBag from /home/airflow/.local/lib/python3.8/site-packages/airflow/example_dags/example_xcomargs.py
[2021-09-14 18:32:20,074] {processor.py:623} INFO - DAG(s) dict_keys(['example_xcom_args', 'example_xcom_args_with_operators']) retrieved from /home/airflow/.local/lib/python3.8/site-packages/airflow/example_dags/example_xcomargs.py
[2021-09-14 18:32:22,200] {logging_mixin.py:109} INFO - [2021-09-14 18:32:22,199] {dag.py:1833} INFO - Sync 2 DAGs
[2021-09-14 18:32:22,210] {logging_mixin.py:109} INFO - [2021-09-14 18:32:22,210] {dag.py:1852} INFO - Creating ORM DAG for example_xcom_args_with_operators
[2021-09-14 18:32:22,212] {logging_mixin.py:109} INFO - [2021-09-14 18:32:22,211] {dag.py:1852} INFO - Creating ORM DAG for example_xcom_args
[2021-09-14 18:32:22,216] {logging_mixin.py:109} INFO - [2021-09-14 18:32:22,216] {dag.py:2306} INFO - Setting next_dagrun for example_xcom_args to None
[2021-09-14 18:32:22,217] {logging_mixin.py:109} INFO - [2021-09-14 18:32:22,217] {dag.py:2306} INFO - Setting next_dagrun for example_xcom_args_with_operators to None
[2021-09-14 18:32:22,225] {processor.py:170} INFO - Processing /home/airflow/.local/lib/python3.8/site-packages/airflow/example_dags/example_xcomargs.py took 2.185 seconds
[2021-09-14 18:32:53,008] {processor.py:162} INFO - Started process (PID=254) to work on /home/airflow/.local/lib/python3.8/site-packages/airflow/example_dags/example_xcomargs.py
[2021-09-14 18:32:53,011] {processor.py:613} INFO - Processing file /home/airflow/.local/lib/python3.8/site-packages/airflow/example_dags/example_xcomargs.py for tasks to queue
[2021-09-14 18:32:53,012] {logging_mixin.py:109} INFO - [2021-09-14 18:32:53,012] {dagbag.py:496} INFO - Filling up the DagBag from /home/airflow/.local/lib/python3.8/site-packages/airflow/example_dags/example_xcomargs.py
[2021-09-14 18:32:53,031] {processor.py:623} INFO - DAG(s) dict_keys(['example_xcom_args', 'example_xcom_args_with_operators']) retrieved from /home/airflow/.local/lib/python3.8/site-packages/airflow/example_dags/example_xcomargs.py
[2021-09-14 18:32:53,423] {logging_mixin.py:109} INFO - [2021-09-14 18:32:53,423] {dag.py:1833} INFO - Sync 2 DAGs
[2021-09-14 18:32:53,438] {logging_mixin.py:109} INFO - [2021-09-14 18:32:53,438] {dag.py:2306} INFO - Setting next_dagrun for example_xcom_args to None
[2021-09-14 18:32:53,441] {logging_mixin.py:109} INFO - [2021-09-14 18:32:53,441] {dag.py:2306} INFO - Setting next_dagrun for example_xcom_args_with_operators to None
[2021-09-14 18:32:53,454] {processor.py:170} INFO - Processing /home/airflow/.local/lib/python3.8/site-packages/airflow/example_dags/example_xcomargs.py took 0.450 seconds
[2021-09-14 18:33:23,639] {processor.py:162} INFO - Started process (PID=303) to work on /home/airflow/.local/lib/python3.8/site-packages/airflow/example_dags/example_xcomargs.py
[2021-09-14 18:33:23,640] {processor.py:613} INFO - Processing file /home/airflow/.local/lib/python3.8/site-packages/airflow/example_dags/example_xcomargs.py for tasks to queue
[2021-09-14 18:33:23,641] {logging_mixin.py:109} INFO - [2021-09-14 18:33:23,641] {dagbag.py:496} INFO - Filling up the DagBag from /home/airflow/.local/lib/python3.8/site-packages/airflow/example_dags/example_xcomargs.py
[2021-09-14 18:33:23,655] {processor.py:623} INFO - DAG(s) dict_keys(['example_xcom_args', 'example_xcom_args_with_operators']) retrieved from /home/airflow/.local/lib/python3.8/site-packages/airflow/example_dags/example_xcomargs.py
[2021-09-14 18:33:23,925] {logging_mixin.py:109} INFO - [2021-09-14 18:33:23,925] {dag.py:1833} INFO - Sync 2 DAGs
[2021-09-14 18:33:23,935] {logging_mixin.py:109} INFO - [2021-09-14 18:33:23,935] {dag.py:2306} INFO - Setting next_dagrun for example_xcom_args to None
[2021-09-14 18:33:23,936] {logging_mixin.py:109} INFO - [2021-09-14 18:33:23,936] {dag.py:2306} INFO - Setting next_dagrun for example_xcom_args_with_operators to None
[2021-09-14 18:33:23,943] {processor.py:170} INFO - Processing /home/airflow/.local/lib/python3.8/site-packages/airflow/example_dags/example_xcomargs.py took 0.307 seconds
[2021-09-14 18:33:54,055] {processor.py:162} INFO - Started process (PID=361) to work on /home/airflow/.local/lib/python3.8/site-packages/airflow/example_dags/example_xcomargs.py
[2021-09-14 18:33:54,058] {processor.py:613} INFO - Processing file /home/airflow/.local/lib/python3.8/site-packages/airflow/example_dags/example_xcomargs.py for tasks to queue
[2021-09-14 18:33:54,059] {logging_mixin.py:109} INFO - [2021-09-14 18:33:54,059] {dagbag.py:496} INFO - Filling up the DagBag from /home/airflow/.local/lib/python3.8/site-packages/airflow/example_dags/example_xcomargs.py
[2021-09-14 18:33:54,077] {processor.py:623} INFO - DAG(s) dict_keys(['example_xcom_args', 'example_xcom_args_with_operators']) retrieved from /home/airflow/.local/lib/python3.8/site-packages/airflow/example_dags/example_xcomargs.py
[2021-09-14 18:33:54,495] {logging_mixin.py:109} INFO - [2021-09-14 18:33:54,495] {dag.py:1833} INFO - Sync 2 DAGs
[2021-09-14 18:33:54,510] {logging_mixin.py:109} INFO - [2021-09-14 18:33:54,510] {dag.py:2306} INFO - Setting next_dagrun for example_xcom_args to None
[2021-09-14 18:33:54,511] {logging_mixin.py:109} INFO - [2021-09-14 18:33:54,511] {dag.py:2306} INFO - Setting next_dagrun for example_xcom_args_with_operators to None
[2021-09-14 18:33:54,524] {processor.py:170} INFO - Processing /home/airflow/.local/lib/python3.8/site-packages/airflow/example_dags/example_xcomargs.py took 0.472 seconds
[2021-09-14 18:34:25,124] {processor.py:162} INFO - Started process (PID=409) to work on /home/airflow/.local/lib/python3.8/site-packages/airflow/example_dags/example_xcomargs.py
[2021-09-14 18:34:25,125] {processor.py:613} INFO - Processing file /home/airflow/.local/lib/python3.8/site-packages/airflow/example_dags/example_xcomargs.py for tasks to queue
[2021-09-14 18:34:25,126] {logging_mixin.py:109} INFO - [2021-09-14 18:34:25,126] {dagbag.py:496} INFO - Filling up the DagBag from /home/airflow/.local/lib/python3.8/site-packages/airflow/example_dags/example_xcomargs.py
[2021-09-14 18:34:25,143] {processor.py:623} INFO - DAG(s) dict_keys(['example_xcom_args', 'example_xcom_args_with_operators']) retrieved from /home/airflow/.local/lib/python3.8/site-packages/airflow/example_dags/example_xcomargs.py
[2021-09-14 18:34:25,372] {logging_mixin.py:109} INFO - [2021-09-14 18:34:25,372] {dag.py:1833} INFO - Sync 2 DAGs
[2021-09-14 18:34:25,380] {logging_mixin.py:109} INFO - [2021-09-14 18:34:25,380] {dag.py:2306} INFO - Setting next_dagrun for example_xcom_args to None
[2021-09-14 18:34:25,381] {logging_mixin.py:109} INFO - [2021-09-14 18:34:25,381] {dag.py:2306} INFO - Setting next_dagrun for example_xcom_args_with_operators to None
[2021-09-14 18:34:25,388] {processor.py:170} INFO - Processing /home/airflow/.local/lib/python3.8/site-packages/airflow/example_dags/example_xcomargs.py took 0.267 seconds
[2021-09-14 18:34:55,721] {processor.py:162} INFO - Started process (PID=464) to work on /home/airflow/.local/lib/python3.8/site-packages/airflow/example_dags/example_xcomargs.py
[2021-09-14 18:34:55,722] {processor.py:613} INFO - Processing file /home/airflow/.local/lib/python3.8/site-packages/airflow/example_dags/example_xcomargs.py for tasks to queue
[2021-09-14 18:34:55,722] {logging_mixin.py:109} INFO - [2021-09-14 18:34:55,722] {dagbag.py:496} INFO - Filling up the DagBag from /home/airflow/.local/lib/python3.8/site-packages/airflow/example_dags/example_xcomargs.py
[2021-09-14 18:34:55,736] {processor.py:623} INFO - DAG(s) dict_keys(['example_xcom_args', 'example_xcom_args_with_operators']) retrieved from /home/airflow/.local/lib/python3.8/site-packages/airflow/example_dags/example_xcomargs.py
[2021-09-14 18:34:56,039] {logging_mixin.py:109} INFO - [2021-09-14 18:34:56,039] {dag.py:1833} INFO - Sync 2 DAGs
[2021-09-14 18:34:56,049] {logging_mixin.py:109} INFO - [2021-09-14 18:34:56,049] {dag.py:2306} INFO - Setting next_dagrun for example_xcom_args to None
[2021-09-14 18:34:56,050] {logging_mixin.py:109} INFO - [2021-09-14 18:34:56,050] {dag.py:2306} INFO - Setting next_dagrun for example_xcom_args_with_operators to None
[2021-09-14 18:34:56,058] {processor.py:170} INFO - Processing /home/airflow/.local/lib/python3.8/site-packages/airflow/example_dags/example_xcomargs.py took 0.340 seconds
[2021-09-14 18:35:26,599] {processor.py:162} INFO - Started process (PID=511) to work on /home/airflow/.local/lib/python3.8/site-packages/airflow/example_dags/example_xcomargs.py
[2021-09-14 18:35:26,600] {processor.py:613} INFO - Processing file /home/airflow/.local/lib/python3.8/site-packages/airflow/example_dags/example_xcomargs.py for tasks to queue
[2021-09-14 18:35:26,601] {logging_mixin.py:109} INFO - [2021-09-14 18:35:26,601] {dagbag.py:496} INFO - Filling up the DagBag from /home/airflow/.local/lib/python3.8/site-packages/airflow/example_dags/example_xcomargs.py
[2021-09-14 18:35:26,614] {processor.py:623} INFO - DAG(s) dict_keys(['example_xcom_args', 'example_xcom_args_with_operators']) retrieved from /home/airflow/.local/lib/python3.8/site-packages/airflow/example_dags/example_xcomargs.py
[2021-09-14 18:35:26,633] {logging_mixin.py:109} INFO - [2021-09-14 18:35:26,633] {dag.py:1833} INFO - Sync 2 DAGs
[2021-09-14 18:35:26,644] {logging_mixin.py:109} INFO - [2021-09-14 18:35:26,644] {dag.py:2306} INFO - Setting next_dagrun for example_xcom_args to None
[2021-09-14 18:35:26,645] {logging_mixin.py:109} INFO - [2021-09-14 18:35:26,645] {dag.py:2306} INFO - Setting next_dagrun for example_xcom_args_with_operators to None
[2021-09-14 18:35:26,653] {processor.py:170} INFO - Processing /home/airflow/.local/lib/python3.8/site-packages/airflow/example_dags/example_xcomargs.py took 0.058 seconds
[2021-09-14 18:35:56,800] {processor.py:162} INFO - Started process (PID=566) to work on /home/airflow/.local/lib/python3.8/site-packages/airflow/example_dags/example_xcomargs.py
[2021-09-14 18:35:56,801] {processor.py:613} INFO - Processing file /home/airflow/.local/lib/python3.8/site-packages/airflow/example_dags/example_xcomargs.py for tasks to queue
[2021-09-14 18:35:56,802] {logging_mixin.py:109} INFO - [2021-09-14 18:35:56,802] {dagbag.py:496} INFO - Filling up the DagBag from /home/airflow/.local/lib/python3.8/site-packages/airflow/example_dags/example_xcomargs.py
[2021-09-14 18:35:56,815] {processor.py:623} INFO - DAG(s) dict_keys(['example_xcom_args', 'example_xcom_args_with_operators']) retrieved from /home/airflow/.local/lib/python3.8/site-packages/airflow/example_dags/example_xcomargs.py
[2021-09-14 18:35:57,052] {logging_mixin.py:109} INFO - [2021-09-14 18:35:57,052] {dag.py:1833} INFO - Sync 2 DAGs
[2021-09-14 18:35:57,060] {logging_mixin.py:109} INFO - [2021-09-14 18:35:57,060] {dag.py:2306} INFO - Setting next_dagrun for example_xcom_args to None
[2021-09-14 18:35:57,061] {logging_mixin.py:109} INFO - [2021-09-14 18:35:57,061] {dag.py:2306} INFO - Setting next_dagrun for example_xcom_args_with_operators to None
[2021-09-14 18:35:57,069] {processor.py:170} INFO - Processing /home/airflow/.local/lib/python3.8/site-packages/airflow/example_dags/example_xcomargs.py took 0.271 seconds
[2021-09-14 18:36:28,005] {processor.py:162} INFO - Started process (PID=619) to work on /home/airflow/.local/lib/python3.8/site-packages/airflow/example_dags/example_xcomargs.py
[2021-09-14 18:36:28,007] {processor.py:613} INFO - Processing file /home/airflow/.local/lib/python3.8/site-packages/airflow/example_dags/example_xcomargs.py for tasks to queue
[2021-09-14 18:36:28,008] {logging_mixin.py:109} INFO - [2021-09-14 18:36:28,008] {dagbag.py:496} INFO - Filling up the DagBag from /home/airflow/.local/lib/python3.8/site-packages/airflow/example_dags/example_xcomargs.py
[2021-09-14 18:36:28,022] {processor.py:623} INFO - DAG(s) dict_keys(['example_xcom_args', 'example_xcom_args_with_operators']) retrieved from /home/airflow/.local/lib/python3.8/site-packages/airflow/example_dags/example_xcomargs.py
[2021-09-14 18:36:28,049] {logging_mixin.py:109} INFO - [2021-09-14 18:36:28,049] {dag.py:1833} INFO - Sync 2 DAGs
[2021-09-14 18:36:28,071] {logging_mixin.py:109} INFO - [2021-09-14 18:36:28,071] {dag.py:2306} INFO - Setting next_dagrun for example_xcom_args to None
[2021-09-14 18:36:28,073] {logging_mixin.py:109} INFO - [2021-09-14 18:36:28,072] {dag.py:2306} INFO - Setting next_dagrun for example_xcom_args_with_operators to None
[2021-09-14 18:36:28,080] {processor.py:170} INFO - Processing /home/airflow/.local/lib/python3.8/site-packages/airflow/example_dags/example_xcomargs.py took 0.079 seconds
[2021-09-14 18:36:58,927] {processor.py:162} INFO - Started process (PID=670) to work on /home/airflow/.local/lib/python3.8/site-packages/airflow/example_dags/example_xcomargs.py
[2021-09-14 18:36:58,929] {processor.py:613} INFO - Processing file /home/airflow/.local/lib/python3.8/site-packages/airflow/example_dags/example_xcomargs.py for tasks to queue
[2021-09-14 18:36:58,930] {logging_mixin.py:109} INFO - [2021-09-14 18:36:58,930] {dagbag.py:496} INFO - Filling up the DagBag from /home/airflow/.local/lib/python3.8/site-packages/airflow/example_dags/example_xcomargs.py
[2021-09-14 18:36:58,949] {processor.py:623} INFO - DAG(s) dict_keys(['example_xcom_args', 'example_xcom_args_with_operators']) retrieved from /home/airflow/.local/lib/python3.8/site-packages/airflow/example_dags/example_xcomargs.py
[2021-09-14 18:36:58,978] {logging_mixin.py:109} INFO - [2021-09-14 18:36:58,978] {dag.py:1833} INFO - Sync 2 DAGs
[2021-09-14 18:36:58,997] {logging_mixin.py:109} INFO - [2021-09-14 18:36:58,997] {dag.py:2306} INFO - Setting next_dagrun for example_xcom_args to None
[2021-09-14 18:36:58,998] {logging_mixin.py:109} INFO - [2021-09-14 18:36:58,998] {dag.py:2306} INFO - Setting next_dagrun for example_xcom_args_with_operators to None
[2021-09-14 18:36:59,011] {processor.py:170} INFO - Processing /home/airflow/.local/lib/python3.8/site-packages/airflow/example_dags/example_xcomargs.py took 0.087 seconds
[2021-09-14 18:37:29,241] {processor.py:162} INFO - Started process (PID=726) to work on /home/airflow/.local/lib/python3.8/site-packages/airflow/example_dags/example_xcomargs.py
[2021-09-14 18:37:29,242] {processor.py:613} INFO - Processing file /home/airflow/.local/lib/python3.8/site-packages/airflow/example_dags/example_xcomargs.py for tasks to queue
[2021-09-14 18:37:29,243] {logging_mixin.py:109} INFO - [2021-09-14 18:37:29,243] {dagbag.py:496} INFO - Filling up the DagBag from /home/airflow/.local/lib/python3.8/site-packages/airflow/example_dags/example_xcomargs.py
[2021-09-14 18:37:29,256] {processor.py:623} INFO - DAG(s) dict_keys(['example_xcom_args', 'example_xcom_args_with_operators']) retrieved from /home/airflow/.local/lib/python3.8/site-packages/airflow/example_dags/example_xcomargs.py
[2021-09-14 18:37:29,548] {logging_mixin.py:109} INFO - [2021-09-14 18:37:29,548] {dag.py:1833} INFO - Sync 2 DAGs
[2021-09-14 18:37:29,560] {logging_mixin.py:109} INFO - [2021-09-14 18:37:29,560] {dag.py:2306} INFO - Setting next_dagrun for example_xcom_args to None
[2021-09-14 18:37:29,561] {logging_mixin.py:109} INFO - [2021-09-14 18:37:29,561] {dag.py:2306} INFO - Setting next_dagrun for example_xcom_args_with_operators to None
[2021-09-14 18:37:29,571] {processor.py:170} INFO - Processing /home/airflow/.local/lib/python3.8/site-packages/airflow/example_dags/example_xcomargs.py took 0.333 seconds
[2021-09-14 18:37:59,767] {processor.py:162} INFO - Started process (PID=774) to work on /home/airflow/.local/lib/python3.8/site-packages/airflow/example_dags/example_xcomargs.py
[2021-09-14 18:37:59,768] {processor.py:613} INFO - Processing file /home/airflow/.local/lib/python3.8/site-packages/airflow/example_dags/example_xcomargs.py for tasks to queue
[2021-09-14 18:37:59,769] {logging_mixin.py:109} INFO - [2021-09-14 18:37:59,769] {dagbag.py:496} INFO - Filling up the DagBag from /home/airflow/.local/lib/python3.8/site-packages/airflow/example_dags/example_xcomargs.py
[2021-09-14 18:37:59,782] {processor.py:623} INFO - DAG(s) dict_keys(['example_xcom_args', 'example_xcom_args_with_operators']) retrieved from /home/airflow/.local/lib/python3.8/site-packages/airflow/example_dags/example_xcomargs.py
[2021-09-14 18:38:00,002] {logging_mixin.py:109} INFO - [2021-09-14 18:38:00,002] {dag.py:1833} INFO - Sync 2 DAGs
[2021-09-14 18:38:00,010] {logging_mixin.py:109} INFO - [2021-09-14 18:38:00,010] {dag.py:2306} INFO - Setting next_dagrun for example_xcom_args to None
[2021-09-14 18:38:00,011] {logging_mixin.py:109} INFO - [2021-09-14 18:38:00,011] {dag.py:2306} INFO - Setting next_dagrun for example_xcom_args_with_operators to None
[2021-09-14 18:38:00,018] {processor.py:170} INFO - Processing /home/airflow/.local/lib/python3.8/site-packages/airflow/example_dags/example_xcomargs.py took 0.254 seconds
[2021-09-14 18:38:30,424] {processor.py:162} INFO - Started process (PID=829) to work on /home/airflow/.local/lib/python3.8/site-packages/airflow/example_dags/example_xcomargs.py
[2021-09-14 18:38:30,426] {processor.py:613} INFO - Processing file /home/airflow/.local/lib/python3.8/site-packages/airflow/example_dags/example_xcomargs.py for tasks to queue
[2021-09-14 18:38:30,426] {logging_mixin.py:109} INFO - [2021-09-14 18:38:30,426] {dagbag.py:496} INFO - Filling up the DagBag from /home/airflow/.local/lib/python3.8/site-packages/airflow/example_dags/example_xcomargs.py
[2021-09-14 18:38:30,439] {processor.py:623} INFO - DAG(s) dict_keys(['example_xcom_args', 'example_xcom_args_with_operators']) retrieved from /home/airflow/.local/lib/python3.8/site-packages/airflow/example_dags/example_xcomargs.py
[2021-09-14 18:38:30,670] {logging_mixin.py:109} INFO - [2021-09-14 18:38:30,670] {dag.py:1833} INFO - Sync 2 DAGs
[2021-09-14 18:38:30,678] {logging_mixin.py:109} INFO - [2021-09-14 18:38:30,678] {dag.py:2306} INFO - Setting next_dagrun for example_xcom_args to None
[2021-09-14 18:38:30,678] {logging_mixin.py:109} INFO - [2021-09-14 18:38:30,678] {dag.py:2306} INFO - Setting next_dagrun for example_xcom_args_with_operators to None
[2021-09-14 18:38:30,685] {processor.py:170} INFO - Processing /home/airflow/.local/lib/python3.8/site-packages/airflow/example_dags/example_xcomargs.py took 0.264 seconds
[2021-09-14 18:39:00,950] {processor.py:162} INFO - Started process (PID=877) to work on /home/airflow/.local/lib/python3.8/site-packages/airflow/example_dags/example_xcomargs.py
[2021-09-14 18:39:00,951] {processor.py:613} INFO - Processing file /home/airflow/.local/lib/python3.8/site-packages/airflow/example_dags/example_xcomargs.py for tasks to queue
[2021-09-14 18:39:00,951] {logging_mixin.py:109} INFO - [2021-09-14 18:39:00,951] {dagbag.py:496} INFO - Filling up the DagBag from /home/airflow/.local/lib/python3.8/site-packages/airflow/example_dags/example_xcomargs.py
[2021-09-14 18:39:00,964] {processor.py:623} INFO - DAG(s) dict_keys(['example_xcom_args', 'example_xcom_args_with_operators']) retrieved from /home/airflow/.local/lib/python3.8/site-packages/airflow/example_dags/example_xcomargs.py
[2021-09-14 18:39:01,219] {logging_mixin.py:109} INFO - [2021-09-14 18:39:01,219] {dag.py:1833} INFO - Sync 2 DAGs
[2021-09-14 18:39:01,230] {logging_mixin.py:109} INFO - [2021-09-14 18:39:01,230] {dag.py:2306} INFO - Setting next_dagrun for example_xcom_args to None
[2021-09-14 18:39:01,231] {logging_mixin.py:109} INFO - [2021-09-14 18:39:01,231] {dag.py:2306} INFO - Setting next_dagrun for example_xcom_args_with_operators to None
[2021-09-14 18:39:01,244] {processor.py:170} INFO - Processing /home/airflow/.local/lib/python3.8/site-packages/airflow/example_dags/example_xcomargs.py took 0.297 seconds
[2021-09-14 18:39:31,370] {processor.py:162} INFO - Started process (PID=933) to work on /home/airflow/.local/lib/python3.8/site-packages/airflow/example_dags/example_xcomargs.py
[2021-09-14 18:39:31,371] {processor.py:613} INFO - Processing file /home/airflow/.local/lib/python3.8/site-packages/airflow/example_dags/example_xcomargs.py for tasks to queue
[2021-09-14 18:39:31,371] {logging_mixin.py:109} INFO - [2021-09-14 18:39:31,371] {dagbag.py:496} INFO - Filling up the DagBag from /home/airflow/.local/lib/python3.8/site-packages/airflow/example_dags/example_xcomargs.py
[2021-09-14 18:39:31,387] {processor.py:623} INFO - DAG(s) dict_keys(['example_xcom_args', 'example_xcom_args_with_operators']) retrieved from /home/airflow/.local/lib/python3.8/site-packages/airflow/example_dags/example_xcomargs.py
[2021-09-14 18:39:31,652] {logging_mixin.py:109} INFO - [2021-09-14 18:39:31,652] {dag.py:1833} INFO - Sync 2 DAGs
[2021-09-14 18:39:31,662] {logging_mixin.py:109} INFO - [2021-09-14 18:39:31,662] {dag.py:2306} INFO - Setting next_dagrun for example_xcom_args to None
[2021-09-14 18:39:31,662] {logging_mixin.py:109} INFO - [2021-09-14 18:39:31,662] {dag.py:2306} INFO - Setting next_dagrun for example_xcom_args_with_operators to None
[2021-09-14 18:39:31,671] {processor.py:170} INFO - Processing /home/airflow/.local/lib/python3.8/site-packages/airflow/example_dags/example_xcomargs.py took 0.305 seconds
[2021-09-14 18:40:02,357] {processor.py:162} INFO - Started process (PID=982) to work on /home/airflow/.local/lib/python3.8/site-packages/airflow/example_dags/example_xcomargs.py
[2021-09-14 18:40:02,358] {processor.py:613} INFO - Processing file /home/airflow/.local/lib/python3.8/site-packages/airflow/example_dags/example_xcomargs.py for tasks to queue
[2021-09-14 18:40:02,359] {logging_mixin.py:109} INFO - [2021-09-14 18:40:02,359] {dagbag.py:496} INFO - Filling up the DagBag from /home/airflow/.local/lib/python3.8/site-packages/airflow/example_dags/example_xcomargs.py
[2021-09-14 18:40:02,372] {processor.py:623} INFO - DAG(s) dict_keys(['example_xcom_args', 'example_xcom_args_with_operators']) retrieved from /home/airflow/.local/lib/python3.8/site-packages/airflow/example_dags/example_xcomargs.py
[2021-09-14 18:40:02,607] {logging_mixin.py:109} INFO - [2021-09-14 18:40:02,607] {dag.py:1833} INFO - Sync 2 DAGs
[2021-09-14 18:40:02,617] {logging_mixin.py:109} INFO - [2021-09-14 18:40:02,617] {dag.py:2306} INFO - Setting next_dagrun for example_xcom_args to None
[2021-09-14 18:40:02,618] {logging_mixin.py:109} INFO - [2021-09-14 18:40:02,618] {dag.py:2306} INFO - Setting next_dagrun for example_xcom_args_with_operators to None
[2021-09-14 18:40:02,630] {processor.py:170} INFO - Processing /home/airflow/.local/lib/python3.8/site-packages/airflow/example_dags/example_xcomargs.py took 0.275 seconds
[2021-09-14 18:40:33,083] {processor.py:162} INFO - Started process (PID=1040) to work on /home/airflow/.local/lib/python3.8/site-packages/airflow/example_dags/example_xcomargs.py
[2021-09-14 18:40:33,085] {processor.py:613} INFO - Processing file /home/airflow/.local/lib/python3.8/site-packages/airflow/example_dags/example_xcomargs.py for tasks to queue
[2021-09-14 18:40:33,086] {logging_mixin.py:109} INFO - [2021-09-14 18:40:33,085] {dagbag.py:496} INFO - Filling up the DagBag from /home/airflow/.local/lib/python3.8/site-packages/airflow/example_dags/example_xcomargs.py
[2021-09-14 18:40:33,106] {processor.py:623} INFO - DAG(s) dict_keys(['example_xcom_args', 'example_xcom_args_with_operators']) retrieved from /home/airflow/.local/lib/python3.8/site-packages/airflow/example_dags/example_xcomargs.py
[2021-09-14 18:40:33,369] {logging_mixin.py:109} INFO - [2021-09-14 18:40:33,369] {dag.py:1833} INFO - Sync 2 DAGs
[2021-09-14 18:40:33,379] {logging_mixin.py:109} INFO - [2021-09-14 18:40:33,379] {dag.py:2306} INFO - Setting next_dagrun for example_xcom_args to None
[2021-09-14 18:40:33,380] {logging_mixin.py:109} INFO - [2021-09-14 18:40:33,379] {dag.py:2306} INFO - Setting next_dagrun for example_xcom_args_with_operators to None
[2021-09-14 18:40:33,387] {processor.py:170} INFO - Processing /home/airflow/.local/lib/python3.8/site-packages/airflow/example_dags/example_xcomargs.py took 0.307 seconds
[2021-09-14 18:41:03,536] {processor.py:162} INFO - Started process (PID=1095) to work on /home/airflow/.local/lib/python3.8/site-packages/airflow/example_dags/example_xcomargs.py
[2021-09-14 18:41:03,537] {processor.py:613} INFO - Processing file /home/airflow/.local/lib/python3.8/site-packages/airflow/example_dags/example_xcomargs.py for tasks to queue
[2021-09-14 18:41:03,538] {logging_mixin.py:109} INFO - [2021-09-14 18:41:03,538] {dagbag.py:496} INFO - Filling up the DagBag from /home/airflow/.local/lib/python3.8/site-packages/airflow/example_dags/example_xcomargs.py
[2021-09-14 18:41:03,552] {processor.py:623} INFO - DAG(s) dict_keys(['example_xcom_args', 'example_xcom_args_with_operators']) retrieved from /home/airflow/.local/lib/python3.8/site-packages/airflow/example_dags/example_xcomargs.py
[2021-09-14 18:41:03,572] {logging_mixin.py:109} INFO - [2021-09-14 18:41:03,572] {dag.py:1833} INFO - Sync 2 DAGs
[2021-09-14 18:41:03,584] {logging_mixin.py:109} INFO - [2021-09-14 18:41:03,584] {dag.py:2306} INFO - Setting next_dagrun for example_xcom_args to None
[2021-09-14 18:41:03,587] {logging_mixin.py:109} INFO - [2021-09-14 18:41:03,587] {dag.py:2306} INFO - Setting next_dagrun for example_xcom_args_with_operators to None
[2021-09-14 18:41:03,599] {processor.py:170} INFO - Processing /home/airflow/.local/lib/python3.8/site-packages/airflow/example_dags/example_xcomargs.py took 0.065 seconds
[2021-09-14 18:41:34,051] {processor.py:162} INFO - Started process (PID=1146) to work on /home/airflow/.local/lib/python3.8/site-packages/airflow/example_dags/example_xcomargs.py
[2021-09-14 18:41:34,053] {processor.py:613} INFO - Processing file /home/airflow/.local/lib/python3.8/site-packages/airflow/example_dags/example_xcomargs.py for tasks to queue
[2021-09-14 18:41:34,054] {logging_mixin.py:109} INFO - [2021-09-14 18:41:34,054] {dagbag.py:496} INFO - Filling up the DagBag from /home/airflow/.local/lib/python3.8/site-packages/airflow/example_dags/example_xcomargs.py
[2021-09-14 18:41:34,067] {processor.py:623} INFO - DAG(s) dict_keys(['example_xcom_args', 'example_xcom_args_with_operators']) retrieved from /home/airflow/.local/lib/python3.8/site-packages/airflow/example_dags/example_xcomargs.py
[2021-09-14 18:41:34,368] {logging_mixin.py:109} INFO - [2021-09-14 18:41:34,367] {dag.py:1833} INFO - Sync 2 DAGs
[2021-09-14 18:41:34,380] {logging_mixin.py:109} INFO - [2021-09-14 18:41:34,380] {dag.py:2306} INFO - Setting next_dagrun for example_xcom_args to None
[2021-09-14 18:41:34,382] {logging_mixin.py:109} INFO - [2021-09-14 18:41:34,382] {dag.py:2306} INFO - Setting next_dagrun for example_xcom_args_with_operators to None
[2021-09-14 18:41:34,389] {processor.py:170} INFO - Processing /home/airflow/.local/lib/python3.8/site-packages/airflow/example_dags/example_xcomargs.py took 0.340 seconds
[2021-09-14 18:42:04,513] {processor.py:162} INFO - Started process (PID=1203) to work on /home/airflow/.local/lib/python3.8/site-packages/airflow/example_dags/example_xcomargs.py
[2021-09-14 18:42:04,514] {processor.py:613} INFO - Processing file /home/airflow/.local/lib/python3.8/site-packages/airflow/example_dags/example_xcomargs.py for tasks to queue
[2021-09-14 18:42:04,514] {logging_mixin.py:109} INFO - [2021-09-14 18:42:04,514] {dagbag.py:496} INFO - Filling up the DagBag from /home/airflow/.local/lib/python3.8/site-packages/airflow/example_dags/example_xcomargs.py
[2021-09-14 18:42:04,527] {processor.py:623} INFO - DAG(s) dict_keys(['example_xcom_args', 'example_xcom_args_with_operators']) retrieved from /home/airflow/.local/lib/python3.8/site-packages/airflow/example_dags/example_xcomargs.py
[2021-09-14 18:42:04,739] {logging_mixin.py:109} INFO - [2021-09-14 18:42:04,739] {dag.py:1833} INFO - Sync 2 DAGs
[2021-09-14 18:42:04,748] {logging_mixin.py:109} INFO - [2021-09-14 18:42:04,748] {dag.py:2306} INFO - Setting next_dagrun for example_xcom_args to None
[2021-09-14 18:42:04,748] {logging_mixin.py:109} INFO - [2021-09-14 18:42:04,748] {dag.py:2306} INFO - Setting next_dagrun for example_xcom_args_with_operators to None
[2021-09-14 18:42:04,755] {processor.py:170} INFO - Processing /home/airflow/.local/lib/python3.8/site-packages/airflow/example_dags/example_xcomargs.py took 0.245 seconds
[2021-09-14 18:42:35,148] {processor.py:162} INFO - Started process (PID=1252) to work on /home/airflow/.local/lib/python3.8/site-packages/airflow/example_dags/example_xcomargs.py
[2021-09-14 18:42:35,149] {processor.py:613} INFO - Processing file /home/airflow/.local/lib/python3.8/site-packages/airflow/example_dags/example_xcomargs.py for tasks to queue
[2021-09-14 18:42:35,150] {logging_mixin.py:109} INFO - [2021-09-14 18:42:35,150] {dagbag.py:496} INFO - Filling up the DagBag from /home/airflow/.local/lib/python3.8/site-packages/airflow/example_dags/example_xcomargs.py
[2021-09-14 18:42:35,170] {processor.py:623} INFO - DAG(s) dict_keys(['example_xcom_args', 'example_xcom_args_with_operators']) retrieved from /home/airflow/.local/lib/python3.8/site-packages/airflow/example_dags/example_xcomargs.py
[2021-09-14 18:42:35,625] {logging_mixin.py:109} INFO - [2021-09-14 18:42:35,625] {dag.py:1833} INFO - Sync 2 DAGs
[2021-09-14 18:42:35,642] {logging_mixin.py:109} INFO - [2021-09-14 18:42:35,642] {dag.py:2306} INFO - Setting next_dagrun for example_xcom_args to None
[2021-09-14 18:42:35,644] {logging_mixin.py:109} INFO - [2021-09-14 18:42:35,644] {dag.py:2306} INFO - Setting next_dagrun for example_xcom_args_with_operators to None
[2021-09-14 18:42:35,661] {processor.py:170} INFO - Processing /home/airflow/.local/lib/python3.8/site-packages/airflow/example_dags/example_xcomargs.py took 0.517 seconds
[2021-09-14 18:43:06,472] {processor.py:162} INFO - Started process (PID=1308) to work on /home/airflow/.local/lib/python3.8/site-packages/airflow/example_dags/example_xcomargs.py
[2021-09-14 18:43:06,473] {processor.py:613} INFO - Processing file /home/airflow/.local/lib/python3.8/site-packages/airflow/example_dags/example_xcomargs.py for tasks to queue
[2021-09-14 18:43:06,473] {logging_mixin.py:109} INFO - [2021-09-14 18:43:06,473] {dagbag.py:496} INFO - Filling up the DagBag from /home/airflow/.local/lib/python3.8/site-packages/airflow/example_dags/example_xcomargs.py
[2021-09-14 18:43:06,491] {processor.py:623} INFO - DAG(s) dict_keys(['example_xcom_args', 'example_xcom_args_with_operators']) retrieved from /home/airflow/.local/lib/python3.8/site-packages/airflow/example_dags/example_xcomargs.py
[2021-09-14 18:43:06,716] {logging_mixin.py:109} INFO - [2021-09-14 18:43:06,716] {dag.py:1833} INFO - Sync 2 DAGs
[2021-09-14 18:43:06,727] {logging_mixin.py:109} INFO - [2021-09-14 18:43:06,727] {dag.py:2306} INFO - Setting next_dagrun for example_xcom_args to None
[2021-09-14 18:43:06,727] {logging_mixin.py:109} INFO - [2021-09-14 18:43:06,727] {dag.py:2306} INFO - Setting next_dagrun for example_xcom_args_with_operators to None
[2021-09-14 18:43:06,735] {processor.py:170} INFO - Processing /home/airflow/.local/lib/python3.8/site-packages/airflow/example_dags/example_xcomargs.py took 0.266 seconds
[2021-09-14 18:43:37,833] {processor.py:162} INFO - Started process (PID=1366) to work on /home/airflow/.local/lib/python3.8/site-packages/airflow/example_dags/example_xcomargs.py
[2021-09-14 18:43:37,835] {processor.py:613} INFO - Processing file /home/airflow/.local/lib/python3.8/site-packages/airflow/example_dags/example_xcomargs.py for tasks to queue
[2021-09-14 18:43:37,836] {logging_mixin.py:109} INFO - [2021-09-14 18:43:37,836] {dagbag.py:496} INFO - Filling up the DagBag from /home/airflow/.local/lib/python3.8/site-packages/airflow/example_dags/example_xcomargs.py
[2021-09-14 18:43:37,862] {processor.py:623} INFO - DAG(s) dict_keys(['example_xcom_args', 'example_xcom_args_with_operators']) retrieved from /home/airflow/.local/lib/python3.8/site-packages/airflow/example_dags/example_xcomargs.py
[2021-09-14 18:43:38,363] {logging_mixin.py:109} INFO - [2021-09-14 18:43:38,363] {dag.py:1833} INFO - Sync 2 DAGs
[2021-09-14 18:43:38,412] {logging_mixin.py:109} INFO - [2021-09-14 18:43:38,411] {dag.py:2306} INFO - Setting next_dagrun for example_xcom_args to None
[2021-09-14 18:43:38,471] {logging_mixin.py:109} INFO - [2021-09-14 18:43:38,471] {dag.py:2306} INFO - Setting next_dagrun for example_xcom_args_with_operators to None
[2021-09-14 18:43:38,487] {processor.py:170} INFO - Processing /home/airflow/.local/lib/python3.8/site-packages/airflow/example_dags/example_xcomargs.py took 0.659 seconds
[2021-09-14 18:44:09,362] {processor.py:162} INFO - Started process (PID=1415) to work on /home/airflow/.local/lib/python3.8/site-packages/airflow/example_dags/example_xcomargs.py
[2021-09-14 18:44:09,363] {processor.py:613} INFO - Processing file /home/airflow/.local/lib/python3.8/site-packages/airflow/example_dags/example_xcomargs.py for tasks to queue
[2021-09-14 18:44:09,364] {logging_mixin.py:109} INFO - [2021-09-14 18:44:09,363] {dagbag.py:496} INFO - Filling up the DagBag from /home/airflow/.local/lib/python3.8/site-packages/airflow/example_dags/example_xcomargs.py
[2021-09-14 18:44:09,376] {processor.py:623} INFO - DAG(s) dict_keys(['example_xcom_args', 'example_xcom_args_with_operators']) retrieved from /home/airflow/.local/lib/python3.8/site-packages/airflow/example_dags/example_xcomargs.py
[2021-09-14 18:44:09,633] {logging_mixin.py:109} INFO - [2021-09-14 18:44:09,633] {dag.py:1833} INFO - Sync 2 DAGs
[2021-09-14 18:44:09,644] {logging_mixin.py:109} INFO - [2021-09-14 18:44:09,643] {dag.py:2306} INFO - Setting next_dagrun for example_xcom_args to None
[2021-09-14 18:44:09,644] {logging_mixin.py:109} INFO - [2021-09-14 18:44:09,644] {dag.py:2306} INFO - Setting next_dagrun for example_xcom_args_with_operators to None
[2021-09-14 18:44:09,653] {processor.py:170} INFO - Processing /home/airflow/.local/lib/python3.8/site-packages/airflow/example_dags/example_xcomargs.py took 0.293 seconds
[2021-09-14 18:44:40,205] {processor.py:162} INFO - Started process (PID=1470) to work on /home/airflow/.local/lib/python3.8/site-packages/airflow/example_dags/example_xcomargs.py
[2021-09-14 18:44:40,207] {processor.py:613} INFO - Processing file /home/airflow/.local/lib/python3.8/site-packages/airflow/example_dags/example_xcomargs.py for tasks to queue
[2021-09-14 18:44:40,209] {logging_mixin.py:109} INFO - [2021-09-14 18:44:40,209] {dagbag.py:496} INFO - Filling up the DagBag from /home/airflow/.local/lib/python3.8/site-packages/airflow/example_dags/example_xcomargs.py
[2021-09-14 18:44:40,233] {processor.py:623} INFO - DAG(s) dict_keys(['example_xcom_args', 'example_xcom_args_with_operators']) retrieved from /home/airflow/.local/lib/python3.8/site-packages/airflow/example_dags/example_xcomargs.py
[2021-09-14 18:44:40,650] {logging_mixin.py:109} INFO - [2021-09-14 18:44:40,650] {dag.py:1833} INFO - Sync 2 DAGs
[2021-09-14 18:44:40,664] {logging_mixin.py:109} INFO - [2021-09-14 18:44:40,664] {dag.py:2306} INFO - Setting next_dagrun for example_xcom_args to None
[2021-09-14 18:44:40,665] {logging_mixin.py:109} INFO - [2021-09-14 18:44:40,664] {dag.py:2306} INFO - Setting next_dagrun for example_xcom_args_with_operators to None
[2021-09-14 18:44:40,677] {processor.py:170} INFO - Processing /home/airflow/.local/lib/python3.8/site-packages/airflow/example_dags/example_xcomargs.py took 0.476 seconds
[2021-09-14 18:45:10,832] {processor.py:162} INFO - Started process (PID=1526) to work on /home/airflow/.local/lib/python3.8/site-packages/airflow/example_dags/example_xcomargs.py
[2021-09-14 18:45:10,833] {processor.py:613} INFO - Processing file /home/airflow/.local/lib/python3.8/site-packages/airflow/example_dags/example_xcomargs.py for tasks to queue
[2021-09-14 18:45:10,834] {logging_mixin.py:109} INFO - [2021-09-14 18:45:10,834] {dagbag.py:496} INFO - Filling up the DagBag from /home/airflow/.local/lib/python3.8/site-packages/airflow/example_dags/example_xcomargs.py
[2021-09-14 18:45:10,850] {processor.py:623} INFO - DAG(s) dict_keys(['example_xcom_args', 'example_xcom_args_with_operators']) retrieved from /home/airflow/.local/lib/python3.8/site-packages/airflow/example_dags/example_xcomargs.py
[2021-09-14 18:45:11,107] {logging_mixin.py:109} INFO - [2021-09-14 18:45:11,107] {dag.py:1833} INFO - Sync 2 DAGs
[2021-09-14 18:45:11,115] {logging_mixin.py:109} INFO - [2021-09-14 18:45:11,115] {dag.py:2306} INFO - Setting next_dagrun for example_xcom_args to None
[2021-09-14 18:45:11,115] {logging_mixin.py:109} INFO - [2021-09-14 18:45:11,115] {dag.py:2306} INFO - Setting next_dagrun for example_xcom_args_with_operators to None
[2021-09-14 18:45:11,123] {processor.py:170} INFO - Processing /home/airflow/.local/lib/python3.8/site-packages/airflow/example_dags/example_xcomargs.py took 0.293 seconds
[2021-09-14 18:45:42,375] {processor.py:162} INFO - Started process (PID=1578) to work on /home/airflow/.local/lib/python3.8/site-packages/airflow/example_dags/example_xcomargs.py
[2021-09-14 18:45:42,376] {processor.py:613} INFO - Processing file /home/airflow/.local/lib/python3.8/site-packages/airflow/example_dags/example_xcomargs.py for tasks to queue
[2021-09-14 18:45:42,376] {logging_mixin.py:109} INFO - [2021-09-14 18:45:42,376] {dagbag.py:496} INFO - Filling up the DagBag from /home/airflow/.local/lib/python3.8/site-packages/airflow/example_dags/example_xcomargs.py
[2021-09-14 18:45:42,396] {processor.py:623} INFO - DAG(s) dict_keys(['example_xcom_args', 'example_xcom_args_with_operators']) retrieved from /home/airflow/.local/lib/python3.8/site-packages/airflow/example_dags/example_xcomargs.py
[2021-09-14 18:45:42,782] {logging_mixin.py:109} INFO - [2021-09-14 18:45:42,782] {dag.py:1833} INFO - Sync 2 DAGs
[2021-09-14 18:45:42,794] {logging_mixin.py:109} INFO - [2021-09-14 18:45:42,793] {dag.py:2306} INFO - Setting next_dagrun for example_xcom_args to None
[2021-09-14 18:45:42,795] {logging_mixin.py:109} INFO - [2021-09-14 18:45:42,794] {dag.py:2306} INFO - Setting next_dagrun for example_xcom_args_with_operators to None
[2021-09-14 18:45:42,805] {processor.py:170} INFO - Processing /home/airflow/.local/lib/python3.8/site-packages/airflow/example_dags/example_xcomargs.py took 0.434 seconds
[2021-09-14 18:46:13,896] {processor.py:162} INFO - Started process (PID=1634) to work on /home/airflow/.local/lib/python3.8/site-packages/airflow/example_dags/example_xcomargs.py
[2021-09-14 18:46:13,897] {processor.py:613} INFO - Processing file /home/airflow/.local/lib/python3.8/site-packages/airflow/example_dags/example_xcomargs.py for tasks to queue
[2021-09-14 18:46:13,898] {logging_mixin.py:109} INFO - [2021-09-14 18:46:13,898] {dagbag.py:496} INFO - Filling up the DagBag from /home/airflow/.local/lib/python3.8/site-packages/airflow/example_dags/example_xcomargs.py
[2021-09-14 18:46:13,910] {processor.py:623} INFO - DAG(s) dict_keys(['example_xcom_args', 'example_xcom_args_with_operators']) retrieved from /home/airflow/.local/lib/python3.8/site-packages/airflow/example_dags/example_xcomargs.py
[2021-09-14 18:46:14,146] {logging_mixin.py:109} INFO - [2021-09-14 18:46:14,146] {dag.py:1833} INFO - Sync 2 DAGs
[2021-09-14 18:46:14,155] {logging_mixin.py:109} INFO - [2021-09-14 18:46:14,155] {dag.py:2306} INFO - Setting next_dagrun for example_xcom_args to None
[2021-09-14 18:46:14,156] {logging_mixin.py:109} INFO - [2021-09-14 18:46:14,155] {dag.py:2306} INFO - Setting next_dagrun for example_xcom_args_with_operators to None
[2021-09-14 18:46:14,163] {processor.py:170} INFO - Processing /home/airflow/.local/lib/python3.8/site-packages/airflow/example_dags/example_xcomargs.py took 0.269 seconds
[2021-09-14 18:46:44,880] {processor.py:162} INFO - Started process (PID=1689) to work on /home/airflow/.local/lib/python3.8/site-packages/airflow/example_dags/example_xcomargs.py
[2021-09-14 18:46:44,881] {processor.py:613} INFO - Processing file /home/airflow/.local/lib/python3.8/site-packages/airflow/example_dags/example_xcomargs.py for tasks to queue
[2021-09-14 18:46:44,882] {logging_mixin.py:109} INFO - [2021-09-14 18:46:44,882] {dagbag.py:496} INFO - Filling up the DagBag from /home/airflow/.local/lib/python3.8/site-packages/airflow/example_dags/example_xcomargs.py
[2021-09-14 18:46:44,895] {processor.py:623} INFO - DAG(s) dict_keys(['example_xcom_args', 'example_xcom_args_with_operators']) retrieved from /home/airflow/.local/lib/python3.8/site-packages/airflow/example_dags/example_xcomargs.py
[2021-09-14 18:46:45,122] {logging_mixin.py:109} INFO - [2021-09-14 18:46:45,122] {dag.py:1833} INFO - Sync 2 DAGs
[2021-09-14 18:46:45,131] {logging_mixin.py:109} INFO - [2021-09-14 18:46:45,131] {dag.py:2306} INFO - Setting next_dagrun for example_xcom_args to None
[2021-09-14 18:46:45,132] {logging_mixin.py:109} INFO - [2021-09-14 18:46:45,132] {dag.py:2306} INFO - Setting next_dagrun for example_xcom_args_with_operators to None
[2021-09-14 18:46:45,140] {processor.py:170} INFO - Processing /home/airflow/.local/lib/python3.8/site-packages/airflow/example_dags/example_xcomargs.py took 0.263 seconds
[2021-09-14 18:47:15,615] {processor.py:162} INFO - Started process (PID=1736) to work on /home/airflow/.local/lib/python3.8/site-packages/airflow/example_dags/example_xcomargs.py
[2021-09-14 18:47:15,616] {processor.py:613} INFO - Processing file /home/airflow/.local/lib/python3.8/site-packages/airflow/example_dags/example_xcomargs.py for tasks to queue
[2021-09-14 18:47:15,617] {logging_mixin.py:109} INFO - [2021-09-14 18:47:15,617] {dagbag.py:496} INFO - Filling up the DagBag from /home/airflow/.local/lib/python3.8/site-packages/airflow/example_dags/example_xcomargs.py
[2021-09-14 18:47:15,634] {processor.py:623} INFO - DAG(s) dict_keys(['example_xcom_args', 'example_xcom_args_with_operators']) retrieved from /home/airflow/.local/lib/python3.8/site-packages/airflow/example_dags/example_xcomargs.py
[2021-09-14 18:47:15,893] {logging_mixin.py:109} INFO - [2021-09-14 18:47:15,892] {dag.py:1833} INFO - Sync 2 DAGs
[2021-09-14 18:47:15,901] {logging_mixin.py:109} INFO - [2021-09-14 18:47:15,901] {dag.py:2306} INFO - Setting next_dagrun for example_xcom_args to None
[2021-09-14 18:47:15,901] {logging_mixin.py:109} INFO - [2021-09-14 18:47:15,901] {dag.py:2306} INFO - Setting next_dagrun for example_xcom_args_with_operators to None
[2021-09-14 18:47:15,909] {processor.py:170} INFO - Processing /home/airflow/.local/lib/python3.8/site-packages/airflow/example_dags/example_xcomargs.py took 0.296 seconds
[2021-09-14 18:47:46,183] {processor.py:162} INFO - Started process (PID=1795) to work on /home/airflow/.local/lib/python3.8/site-packages/airflow/example_dags/example_xcomargs.py
[2021-09-14 18:47:46,231] {processor.py:613} INFO - Processing file /home/airflow/.local/lib/python3.8/site-packages/airflow/example_dags/example_xcomargs.py for tasks to queue
[2021-09-14 18:47:46,232] {logging_mixin.py:109} INFO - [2021-09-14 18:47:46,232] {dagbag.py:496} INFO - Filling up the DagBag from /home/airflow/.local/lib/python3.8/site-packages/airflow/example_dags/example_xcomargs.py
[2021-09-14 18:47:46,249] {processor.py:623} INFO - DAG(s) dict_keys(['example_xcom_args', 'example_xcom_args_with_operators']) retrieved from /home/airflow/.local/lib/python3.8/site-packages/airflow/example_dags/example_xcomargs.py
[2021-09-14 18:47:46,485] {logging_mixin.py:109} INFO - [2021-09-14 18:47:46,485] {dag.py:1833} INFO - Sync 2 DAGs
[2021-09-14 18:47:46,493] {logging_mixin.py:109} INFO - [2021-09-14 18:47:46,493] {dag.py:2306} INFO - Setting next_dagrun for example_xcom_args to None
[2021-09-14 18:47:46,494] {logging_mixin.py:109} INFO - [2021-09-14 18:47:46,494] {dag.py:2306} INFO - Setting next_dagrun for example_xcom_args_with_operators to None
[2021-09-14 18:47:46,501] {processor.py:170} INFO - Processing /home/airflow/.local/lib/python3.8/site-packages/airflow/example_dags/example_xcomargs.py took 0.321 seconds
[2021-09-14 18:48:16,674] {processor.py:162} INFO - Started process (PID=1852) to work on /home/airflow/.local/lib/python3.8/site-packages/airflow/example_dags/example_xcomargs.py
[2021-09-14 18:48:16,693] {processor.py:613} INFO - Processing file /home/airflow/.local/lib/python3.8/site-packages/airflow/example_dags/example_xcomargs.py for tasks to queue
[2021-09-14 18:48:16,694] {logging_mixin.py:109} INFO - [2021-09-14 18:48:16,694] {dagbag.py:496} INFO - Filling up the DagBag from /home/airflow/.local/lib/python3.8/site-packages/airflow/example_dags/example_xcomargs.py
[2021-09-14 18:48:16,708] {processor.py:623} INFO - DAG(s) dict_keys(['example_xcom_args', 'example_xcom_args_with_operators']) retrieved from /home/airflow/.local/lib/python3.8/site-packages/airflow/example_dags/example_xcomargs.py
[2021-09-14 18:48:16,924] {logging_mixin.py:109} INFO - [2021-09-14 18:48:16,924] {dag.py:1833} INFO - Sync 2 DAGs
[2021-09-14 18:48:16,933] {logging_mixin.py:109} INFO - [2021-09-14 18:48:16,933] {dag.py:2306} INFO - Setting next_dagrun for example_xcom_args to None
[2021-09-14 18:48:16,934] {logging_mixin.py:109} INFO - [2021-09-14 18:48:16,934] {dag.py:2306} INFO - Setting next_dagrun for example_xcom_args_with_operators to None
[2021-09-14 18:48:16,941] {processor.py:170} INFO - Processing /home/airflow/.local/lib/python3.8/site-packages/airflow/example_dags/example_xcomargs.py took 0.270 seconds
[2021-09-14 18:48:47,224] {processor.py:162} INFO - Started process (PID=1900) to work on /home/airflow/.local/lib/python3.8/site-packages/airflow/example_dags/example_xcomargs.py
[2021-09-14 18:48:47,225] {processor.py:613} INFO - Processing file /home/airflow/.local/lib/python3.8/site-packages/airflow/example_dags/example_xcomargs.py for tasks to queue
[2021-09-14 18:48:47,226] {logging_mixin.py:109} INFO - [2021-09-14 18:48:47,226] {dagbag.py:496} INFO - Filling up the DagBag from /home/airflow/.local/lib/python3.8/site-packages/airflow/example_dags/example_xcomargs.py
[2021-09-14 18:48:47,242] {processor.py:623} INFO - DAG(s) dict_keys(['example_xcom_args', 'example_xcom_args_with_operators']) retrieved from /home/airflow/.local/lib/python3.8/site-packages/airflow/example_dags/example_xcomargs.py
[2021-09-14 18:48:47,584] {logging_mixin.py:109} INFO - [2021-09-14 18:48:47,584] {dag.py:1833} INFO - Sync 2 DAGs
[2021-09-14 18:48:47,592] {logging_mixin.py:109} INFO - [2021-09-14 18:48:47,592] {dag.py:2306} INFO - Setting next_dagrun for example_xcom_args to None
[2021-09-14 18:48:47,593] {logging_mixin.py:109} INFO - [2021-09-14 18:48:47,593] {dag.py:2306} INFO - Setting next_dagrun for example_xcom_args_with_operators to None
[2021-09-14 18:48:47,600] {processor.py:170} INFO - Processing /home/airflow/.local/lib/python3.8/site-packages/airflow/example_dags/example_xcomargs.py took 0.379 seconds
[2021-09-14 18:49:17,743] {processor.py:162} INFO - Started process (PID=1956) to work on /home/airflow/.local/lib/python3.8/site-packages/airflow/example_dags/example_xcomargs.py
[2021-09-14 18:49:17,745] {processor.py:613} INFO - Processing file /home/airflow/.local/lib/python3.8/site-packages/airflow/example_dags/example_xcomargs.py for tasks to queue
[2021-09-14 18:49:17,745] {logging_mixin.py:109} INFO - [2021-09-14 18:49:17,745] {dagbag.py:496} INFO - Filling up the DagBag from /home/airflow/.local/lib/python3.8/site-packages/airflow/example_dags/example_xcomargs.py
[2021-09-14 18:49:17,761] {processor.py:623} INFO - DAG(s) dict_keys(['example_xcom_args', 'example_xcom_args_with_operators']) retrieved from /home/airflow/.local/lib/python3.8/site-packages/airflow/example_dags/example_xcomargs.py
[2021-09-14 18:49:17,994] {logging_mixin.py:109} INFO - [2021-09-14 18:49:17,994] {dag.py:1833} INFO - Sync 2 DAGs
[2021-09-14 18:49:18,002] {logging_mixin.py:109} INFO - [2021-09-14 18:49:18,002] {dag.py:2306} INFO - Setting next_dagrun for example_xcom_args to None
[2021-09-14 18:49:18,003] {logging_mixin.py:109} INFO - [2021-09-14 18:49:18,003] {dag.py:2306} INFO - Setting next_dagrun for example_xcom_args_with_operators to None
[2021-09-14 18:49:18,011] {processor.py:170} INFO - Processing /home/airflow/.local/lib/python3.8/site-packages/airflow/example_dags/example_xcomargs.py took 0.270 seconds
[2021-09-14 18:49:48,401] {processor.py:162} INFO - Started process (PID=2003) to work on /home/airflow/.local/lib/python3.8/site-packages/airflow/example_dags/example_xcomargs.py
[2021-09-14 18:49:48,402] {processor.py:613} INFO - Processing file /home/airflow/.local/lib/python3.8/site-packages/airflow/example_dags/example_xcomargs.py for tasks to queue
[2021-09-14 18:49:48,403] {logging_mixin.py:109} INFO - [2021-09-14 18:49:48,403] {dagbag.py:496} INFO - Filling up the DagBag from /home/airflow/.local/lib/python3.8/site-packages/airflow/example_dags/example_xcomargs.py
[2021-09-14 18:49:48,445] {processor.py:623} INFO - DAG(s) dict_keys(['example_xcom_args', 'example_xcom_args_with_operators']) retrieved from /home/airflow/.local/lib/python3.8/site-packages/airflow/example_dags/example_xcomargs.py
[2021-09-14 18:49:49,449] {logging_mixin.py:109} INFO - [2021-09-14 18:49:49,449] {dag.py:1833} INFO - Sync 2 DAGs
[2021-09-14 18:49:49,466] {logging_mixin.py:109} INFO - [2021-09-14 18:49:49,466] {dag.py:2306} INFO - Setting next_dagrun for example_xcom_args to None
[2021-09-14 18:49:49,468] {logging_mixin.py:109} INFO - [2021-09-14 18:49:49,468] {dag.py:2306} INFO - Setting next_dagrun for example_xcom_args_with_operators to None
[2021-09-14 18:49:49,489] {processor.py:170} INFO - Processing /home/airflow/.local/lib/python3.8/site-packages/airflow/example_dags/example_xcomargs.py took 1.092 seconds
[2021-09-14 18:50:20,139] {processor.py:162} INFO - Started process (PID=2058) to work on /home/airflow/.local/lib/python3.8/site-packages/airflow/example_dags/example_xcomargs.py
[2021-09-14 18:50:20,140] {processor.py:613} INFO - Processing file /home/airflow/.local/lib/python3.8/site-packages/airflow/example_dags/example_xcomargs.py for tasks to queue
[2021-09-14 18:50:20,141] {logging_mixin.py:109} INFO - [2021-09-14 18:50:20,141] {dagbag.py:496} INFO - Filling up the DagBag from /home/airflow/.local/lib/python3.8/site-packages/airflow/example_dags/example_xcomargs.py
[2021-09-14 18:50:20,160] {processor.py:623} INFO - DAG(s) dict_keys(['example_xcom_args', 'example_xcom_args_with_operators']) retrieved from /home/airflow/.local/lib/python3.8/site-packages/airflow/example_dags/example_xcomargs.py
[2021-09-14 18:50:20,184] {logging_mixin.py:109} INFO - [2021-09-14 18:50:20,183] {dag.py:1833} INFO - Sync 2 DAGs
[2021-09-14 18:50:20,196] {logging_mixin.py:109} INFO - [2021-09-14 18:50:20,196] {dag.py:2306} INFO - Setting next_dagrun for example_xcom_args to None
[2021-09-14 18:50:20,197] {logging_mixin.py:109} INFO - [2021-09-14 18:50:20,197] {dag.py:2306} INFO - Setting next_dagrun for example_xcom_args_with_operators to None
[2021-09-14 18:50:20,206] {processor.py:170} INFO - Processing /home/airflow/.local/lib/python3.8/site-packages/airflow/example_dags/example_xcomargs.py took 0.070 seconds
[2021-09-14 18:50:50,872] {processor.py:162} INFO - Started process (PID=2117) to work on /home/airflow/.local/lib/python3.8/site-packages/airflow/example_dags/example_xcomargs.py
[2021-09-14 18:50:50,876] {processor.py:613} INFO - Processing file /home/airflow/.local/lib/python3.8/site-packages/airflow/example_dags/example_xcomargs.py for tasks to queue
[2021-09-14 18:50:50,877] {logging_mixin.py:109} INFO - [2021-09-14 18:50:50,877] {dagbag.py:496} INFO - Filling up the DagBag from /home/airflow/.local/lib/python3.8/site-packages/airflow/example_dags/example_xcomargs.py
[2021-09-14 18:50:50,919] {processor.py:623} INFO - DAG(s) dict_keys(['example_xcom_args', 'example_xcom_args_with_operators']) retrieved from /home/airflow/.local/lib/python3.8/site-packages/airflow/example_dags/example_xcomargs.py
[2021-09-14 18:50:51,443] {logging_mixin.py:109} INFO - [2021-09-14 18:50:51,442] {dag.py:1833} INFO - Sync 2 DAGs
[2021-09-14 18:50:51,478] {logging_mixin.py:109} INFO - [2021-09-14 18:50:51,478] {dag.py:2306} INFO - Setting next_dagrun for example_xcom_args to None
[2021-09-14 18:50:51,492] {logging_mixin.py:109} INFO - [2021-09-14 18:50:51,492] {dag.py:2306} INFO - Setting next_dagrun for example_xcom_args_with_operators to None
[2021-09-14 18:50:51,523] {processor.py:170} INFO - Processing /home/airflow/.local/lib/python3.8/site-packages/airflow/example_dags/example_xcomargs.py took 0.654 seconds
[2021-09-14 18:51:21,729] {processor.py:162} INFO - Started process (PID=2169) to work on /home/airflow/.local/lib/python3.8/site-packages/airflow/example_dags/example_xcomargs.py
[2021-09-14 18:51:21,730] {processor.py:613} INFO - Processing file /home/airflow/.local/lib/python3.8/site-packages/airflow/example_dags/example_xcomargs.py for tasks to queue
[2021-09-14 18:51:21,730] {logging_mixin.py:109} INFO - [2021-09-14 18:51:21,730] {dagbag.py:496} INFO - Filling up the DagBag from /home/airflow/.local/lib/python3.8/site-packages/airflow/example_dags/example_xcomargs.py
[2021-09-14 18:51:21,743] {processor.py:623} INFO - DAG(s) dict_keys(['example_xcom_args', 'example_xcom_args_with_operators']) retrieved from /home/airflow/.local/lib/python3.8/site-packages/airflow/example_dags/example_xcomargs.py
[2021-09-14 18:51:21,970] {logging_mixin.py:109} INFO - [2021-09-14 18:51:21,969] {dag.py:1833} INFO - Sync 2 DAGs
[2021-09-14 18:51:21,979] {logging_mixin.py:109} INFO - [2021-09-14 18:51:21,978] {dag.py:2306} INFO - Setting next_dagrun for example_xcom_args to None
[2021-09-14 18:51:21,979] {logging_mixin.py:109} INFO - [2021-09-14 18:51:21,979] {dag.py:2306} INFO - Setting next_dagrun for example_xcom_args_with_operators to None
[2021-09-14 18:51:21,987] {processor.py:170} INFO - Processing /home/airflow/.local/lib/python3.8/site-packages/airflow/example_dags/example_xcomargs.py took 0.262 seconds
[2021-09-14 18:51:52,318] {processor.py:162} INFO - Started process (PID=2226) to work on /home/airflow/.local/lib/python3.8/site-packages/airflow/example_dags/example_xcomargs.py
[2021-09-14 18:51:52,319] {processor.py:613} INFO - Processing file /home/airflow/.local/lib/python3.8/site-packages/airflow/example_dags/example_xcomargs.py for tasks to queue
[2021-09-14 18:51:52,319] {logging_mixin.py:109} INFO - [2021-09-14 18:51:52,319] {dagbag.py:496} INFO - Filling up the DagBag from /home/airflow/.local/lib/python3.8/site-packages/airflow/example_dags/example_xcomargs.py
[2021-09-14 18:51:52,333] {processor.py:623} INFO - DAG(s) dict_keys(['example_xcom_args', 'example_xcom_args_with_operators']) retrieved from /home/airflow/.local/lib/python3.8/site-packages/airflow/example_dags/example_xcomargs.py
[2021-09-14 18:51:52,583] {logging_mixin.py:109} INFO - [2021-09-14 18:51:52,583] {dag.py:1833} INFO - Sync 2 DAGs
[2021-09-14 18:51:52,591] {logging_mixin.py:109} INFO - [2021-09-14 18:51:52,591] {dag.py:2306} INFO - Setting next_dagrun for example_xcom_args to None
[2021-09-14 18:51:52,592] {logging_mixin.py:109} INFO - [2021-09-14 18:51:52,592] {dag.py:2306} INFO - Setting next_dagrun for example_xcom_args_with_operators to None
[2021-09-14 18:51:52,599] {processor.py:170} INFO - Processing /home/airflow/.local/lib/python3.8/site-packages/airflow/example_dags/example_xcomargs.py took 0.284 seconds
[2021-09-14 18:52:22,765] {processor.py:162} INFO - Started process (PID=2275) to work on /home/airflow/.local/lib/python3.8/site-packages/airflow/example_dags/example_xcomargs.py
[2021-09-14 18:52:22,766] {processor.py:613} INFO - Processing file /home/airflow/.local/lib/python3.8/site-packages/airflow/example_dags/example_xcomargs.py for tasks to queue
[2021-09-14 18:52:22,767] {logging_mixin.py:109} INFO - [2021-09-14 18:52:22,767] {dagbag.py:496} INFO - Filling up the DagBag from /home/airflow/.local/lib/python3.8/site-packages/airflow/example_dags/example_xcomargs.py
[2021-09-14 18:52:22,780] {processor.py:623} INFO - DAG(s) dict_keys(['example_xcom_args', 'example_xcom_args_with_operators']) retrieved from /home/airflow/.local/lib/python3.8/site-packages/airflow/example_dags/example_xcomargs.py
[2021-09-14 18:52:22,987] {logging_mixin.py:109} INFO - [2021-09-14 18:52:22,987] {dag.py:1833} INFO - Sync 2 DAGs
[2021-09-14 18:52:22,995] {logging_mixin.py:109} INFO - [2021-09-14 18:52:22,995] {dag.py:2306} INFO - Setting next_dagrun for example_xcom_args to None
[2021-09-14 18:52:22,996] {logging_mixin.py:109} INFO - [2021-09-14 18:52:22,996] {dag.py:2306} INFO - Setting next_dagrun for example_xcom_args_with_operators to None
[2021-09-14 18:52:23,003] {processor.py:170} INFO - Processing /home/airflow/.local/lib/python3.8/site-packages/airflow/example_dags/example_xcomargs.py took 0.240 seconds
[2021-09-14 18:52:53,198] {processor.py:162} INFO - Started process (PID=2332) to work on /home/airflow/.local/lib/python3.8/site-packages/airflow/example_dags/example_xcomargs.py
[2021-09-14 18:52:53,200] {processor.py:613} INFO - Processing file /home/airflow/.local/lib/python3.8/site-packages/airflow/example_dags/example_xcomargs.py for tasks to queue
[2021-09-14 18:52:53,200] {logging_mixin.py:109} INFO - [2021-09-14 18:52:53,200] {dagbag.py:496} INFO - Filling up the DagBag from /home/airflow/.local/lib/python3.8/site-packages/airflow/example_dags/example_xcomargs.py
[2021-09-14 18:52:53,215] {processor.py:623} INFO - DAG(s) dict_keys(['example_xcom_args', 'example_xcom_args_with_operators']) retrieved from /home/airflow/.local/lib/python3.8/site-packages/airflow/example_dags/example_xcomargs.py
[2021-09-14 18:52:53,463] {logging_mixin.py:109} INFO - [2021-09-14 18:52:53,463] {dag.py:1833} INFO - Sync 2 DAGs
[2021-09-14 18:52:53,474] {logging_mixin.py:109} INFO - [2021-09-14 18:52:53,474] {dag.py:2306} INFO - Setting next_dagrun for example_xcom_args to None
[2021-09-14 18:52:53,475] {logging_mixin.py:109} INFO - [2021-09-14 18:52:53,475] {dag.py:2306} INFO - Setting next_dagrun for example_xcom_args_with_operators to None
[2021-09-14 18:52:53,485] {processor.py:170} INFO - Processing /home/airflow/.local/lib/python3.8/site-packages/airflow/example_dags/example_xcomargs.py took 0.289 seconds
[2021-09-14 18:53:24,294] {processor.py:162} INFO - Started process (PID=2387) to work on /home/airflow/.local/lib/python3.8/site-packages/airflow/example_dags/example_xcomargs.py
[2021-09-14 18:53:24,295] {processor.py:613} INFO - Processing file /home/airflow/.local/lib/python3.8/site-packages/airflow/example_dags/example_xcomargs.py for tasks to queue
[2021-09-14 18:53:24,296] {logging_mixin.py:109} INFO - [2021-09-14 18:53:24,296] {dagbag.py:496} INFO - Filling up the DagBag from /home/airflow/.local/lib/python3.8/site-packages/airflow/example_dags/example_xcomargs.py
[2021-09-14 18:53:24,319] {processor.py:623} INFO - DAG(s) dict_keys(['example_xcom_args', 'example_xcom_args_with_operators']) retrieved from /home/airflow/.local/lib/python3.8/site-packages/airflow/example_dags/example_xcomargs.py
[2021-09-14 18:53:24,727] {logging_mixin.py:109} INFO - [2021-09-14 18:53:24,727] {dag.py:1833} INFO - Sync 2 DAGs
[2021-09-14 18:53:24,746] {logging_mixin.py:109} INFO - [2021-09-14 18:53:24,746] {dag.py:2306} INFO - Setting next_dagrun for example_xcom_args to None
[2021-09-14 18:53:24,762] {logging_mixin.py:109} INFO - [2021-09-14 18:53:24,762] {dag.py:2306} INFO - Setting next_dagrun for example_xcom_args_with_operators to None
[2021-09-14 18:53:24,779] {processor.py:170} INFO - Processing /home/airflow/.local/lib/python3.8/site-packages/airflow/example_dags/example_xcomargs.py took 0.489 seconds
[2021-09-14 18:53:55,720] {processor.py:162} INFO - Started process (PID=2436) to work on /home/airflow/.local/lib/python3.8/site-packages/airflow/example_dags/example_xcomargs.py
[2021-09-14 18:53:55,722] {processor.py:613} INFO - Processing file /home/airflow/.local/lib/python3.8/site-packages/airflow/example_dags/example_xcomargs.py for tasks to queue
[2021-09-14 18:53:55,723] {logging_mixin.py:109} INFO - [2021-09-14 18:53:55,723] {dagbag.py:496} INFO - Filling up the DagBag from /home/airflow/.local/lib/python3.8/site-packages/airflow/example_dags/example_xcomargs.py
[2021-09-14 18:53:55,735] {processor.py:623} INFO - DAG(s) dict_keys(['example_xcom_args', 'example_xcom_args_with_operators']) retrieved from /home/airflow/.local/lib/python3.8/site-packages/airflow/example_dags/example_xcomargs.py
[2021-09-14 18:53:55,957] {logging_mixin.py:109} INFO - [2021-09-14 18:53:55,957] {dag.py:1833} INFO - Sync 2 DAGs
[2021-09-14 18:53:55,965] {logging_mixin.py:109} INFO - [2021-09-14 18:53:55,965] {dag.py:2306} INFO - Setting next_dagrun for example_xcom_args to None
[2021-09-14 18:53:55,966] {logging_mixin.py:109} INFO - [2021-09-14 18:53:55,966] {dag.py:2306} INFO - Setting next_dagrun for example_xcom_args_with_operators to None
[2021-09-14 18:53:55,973] {processor.py:170} INFO - Processing /home/airflow/.local/lib/python3.8/site-packages/airflow/example_dags/example_xcomargs.py took 0.255 seconds
[2021-09-14 18:54:26,456] {processor.py:162} INFO - Started process (PID=2492) to work on /home/airflow/.local/lib/python3.8/site-packages/airflow/example_dags/example_xcomargs.py
[2021-09-14 18:54:26,457] {processor.py:613} INFO - Processing file /home/airflow/.local/lib/python3.8/site-packages/airflow/example_dags/example_xcomargs.py for tasks to queue
[2021-09-14 18:54:26,459] {logging_mixin.py:109} INFO - [2021-09-14 18:54:26,458] {dagbag.py:496} INFO - Filling up the DagBag from /home/airflow/.local/lib/python3.8/site-packages/airflow/example_dags/example_xcomargs.py
[2021-09-14 18:54:26,477] {processor.py:623} INFO - DAG(s) dict_keys(['example_xcom_args', 'example_xcom_args_with_operators']) retrieved from /home/airflow/.local/lib/python3.8/site-packages/airflow/example_dags/example_xcomargs.py
[2021-09-14 18:54:26,716] {logging_mixin.py:109} INFO - [2021-09-14 18:54:26,716] {dag.py:1833} INFO - Sync 2 DAGs
[2021-09-14 18:54:26,724] {logging_mixin.py:109} INFO - [2021-09-14 18:54:26,724] {dag.py:2306} INFO - Setting next_dagrun for example_xcom_args to None
[2021-09-14 18:54:26,725] {logging_mixin.py:109} INFO - [2021-09-14 18:54:26,725] {dag.py:2306} INFO - Setting next_dagrun for example_xcom_args_with_operators to None
[2021-09-14 18:54:26,732] {processor.py:170} INFO - Processing /home/airflow/.local/lib/python3.8/site-packages/airflow/example_dags/example_xcomargs.py took 0.280 seconds
[2021-09-14 18:54:57,609] {processor.py:162} INFO - Started process (PID=2539) to work on /home/airflow/.local/lib/python3.8/site-packages/airflow/example_dags/example_xcomargs.py
[2021-09-14 18:54:57,610] {processor.py:613} INFO - Processing file /home/airflow/.local/lib/python3.8/site-packages/airflow/example_dags/example_xcomargs.py for tasks to queue
[2021-09-14 18:54:57,611] {logging_mixin.py:109} INFO - [2021-09-14 18:54:57,611] {dagbag.py:496} INFO - Filling up the DagBag from /home/airflow/.local/lib/python3.8/site-packages/airflow/example_dags/example_xcomargs.py
[2021-09-14 18:54:57,628] {processor.py:623} INFO - DAG(s) dict_keys(['example_xcom_args', 'example_xcom_args_with_operators']) retrieved from /home/airflow/.local/lib/python3.8/site-packages/airflow/example_dags/example_xcomargs.py
[2021-09-14 18:54:57,919] {logging_mixin.py:109} INFO - [2021-09-14 18:54:57,919] {dag.py:1833} INFO - Sync 2 DAGs
[2021-09-14 18:54:57,929] {logging_mixin.py:109} INFO - [2021-09-14 18:54:57,929] {dag.py:2306} INFO - Setting next_dagrun for example_xcom_args to None
[2021-09-14 18:54:57,930] {logging_mixin.py:109} INFO - [2021-09-14 18:54:57,930] {dag.py:2306} INFO - Setting next_dagrun for example_xcom_args_with_operators to None
[2021-09-14 18:54:57,938] {processor.py:170} INFO - Processing /home/airflow/.local/lib/python3.8/site-packages/airflow/example_dags/example_xcomargs.py took 0.333 seconds
[2021-09-14 18:55:28,126] {processor.py:162} INFO - Started process (PID=2594) to work on /home/airflow/.local/lib/python3.8/site-packages/airflow/example_dags/example_xcomargs.py
[2021-09-14 18:55:28,128] {processor.py:613} INFO - Processing file /home/airflow/.local/lib/python3.8/site-packages/airflow/example_dags/example_xcomargs.py for tasks to queue
[2021-09-14 18:55:28,129] {logging_mixin.py:109} INFO - [2021-09-14 18:55:28,129] {dagbag.py:496} INFO - Filling up the DagBag from /home/airflow/.local/lib/python3.8/site-packages/airflow/example_dags/example_xcomargs.py
[2021-09-14 18:55:28,146] {processor.py:623} INFO - DAG(s) dict_keys(['example_xcom_args', 'example_xcom_args_with_operators']) retrieved from /home/airflow/.local/lib/python3.8/site-packages/airflow/example_dags/example_xcomargs.py
[2021-09-14 18:55:28,170] {logging_mixin.py:109} INFO - [2021-09-14 18:55:28,170] {dag.py:1833} INFO - Sync 2 DAGs
[2021-09-14 18:55:28,184] {logging_mixin.py:109} INFO - [2021-09-14 18:55:28,184] {dag.py:2306} INFO - Setting next_dagrun for example_xcom_args to None
[2021-09-14 18:55:28,185] {logging_mixin.py:109} INFO - [2021-09-14 18:55:28,185] {dag.py:2306} INFO - Setting next_dagrun for example_xcom_args_with_operators to None
[2021-09-14 18:55:28,193] {processor.py:170} INFO - Processing /home/airflow/.local/lib/python3.8/site-packages/airflow/example_dags/example_xcomargs.py took 0.071 seconds
[2021-09-14 18:55:59,027] {processor.py:162} INFO - Started process (PID=2649) to work on /home/airflow/.local/lib/python3.8/site-packages/airflow/example_dags/example_xcomargs.py
[2021-09-14 18:55:59,028] {processor.py:613} INFO - Processing file /home/airflow/.local/lib/python3.8/site-packages/airflow/example_dags/example_xcomargs.py for tasks to queue
[2021-09-14 18:55:59,029] {logging_mixin.py:109} INFO - [2021-09-14 18:55:59,029] {dagbag.py:496} INFO - Filling up the DagBag from /home/airflow/.local/lib/python3.8/site-packages/airflow/example_dags/example_xcomargs.py
[2021-09-14 18:55:59,042] {processor.py:623} INFO - DAG(s) dict_keys(['example_xcom_args', 'example_xcom_args_with_operators']) retrieved from /home/airflow/.local/lib/python3.8/site-packages/airflow/example_dags/example_xcomargs.py
[2021-09-14 18:55:59,264] {logging_mixin.py:109} INFO - [2021-09-14 18:55:59,264] {dag.py:1833} INFO - Sync 2 DAGs
[2021-09-14 18:55:59,272] {logging_mixin.py:109} INFO - [2021-09-14 18:55:59,272] {dag.py:2306} INFO - Setting next_dagrun for example_xcom_args to None
[2021-09-14 18:55:59,273] {logging_mixin.py:109} INFO - [2021-09-14 18:55:59,273] {dag.py:2306} INFO - Setting next_dagrun for example_xcom_args_with_operators to None
[2021-09-14 18:55:59,280] {processor.py:170} INFO - Processing /home/airflow/.local/lib/python3.8/site-packages/airflow/example_dags/example_xcomargs.py took 0.255 seconds
[2021-09-14 18:56:29,625] {processor.py:162} INFO - Started process (PID=2697) to work on /home/airflow/.local/lib/python3.8/site-packages/airflow/example_dags/example_xcomargs.py
[2021-09-14 18:56:29,626] {processor.py:613} INFO - Processing file /home/airflow/.local/lib/python3.8/site-packages/airflow/example_dags/example_xcomargs.py for tasks to queue
[2021-09-14 18:56:29,627] {logging_mixin.py:109} INFO - [2021-09-14 18:56:29,627] {dagbag.py:496} INFO - Filling up the DagBag from /home/airflow/.local/lib/python3.8/site-packages/airflow/example_dags/example_xcomargs.py
[2021-09-14 18:56:29,640] {processor.py:623} INFO - DAG(s) dict_keys(['example_xcom_args', 'example_xcom_args_with_operators']) retrieved from /home/airflow/.local/lib/python3.8/site-packages/airflow/example_dags/example_xcomargs.py
[2021-09-14 18:56:29,891] {logging_mixin.py:109} INFO - [2021-09-14 18:56:29,891] {dag.py:1833} INFO - Sync 2 DAGs
[2021-09-14 18:56:29,899] {logging_mixin.py:109} INFO - [2021-09-14 18:56:29,899] {dag.py:2306} INFO - Setting next_dagrun for example_xcom_args to None
[2021-09-14 18:56:29,900] {logging_mixin.py:109} INFO - [2021-09-14 18:56:29,900] {dag.py:2306} INFO - Setting next_dagrun for example_xcom_args_with_operators to None
[2021-09-14 18:56:29,908] {processor.py:170} INFO - Processing /home/airflow/.local/lib/python3.8/site-packages/airflow/example_dags/example_xcomargs.py took 0.287 seconds
[2021-09-14 18:57:00,181] {processor.py:162} INFO - Started process (PID=2755) to work on /home/airflow/.local/lib/python3.8/site-packages/airflow/example_dags/example_xcomargs.py
[2021-09-14 18:57:00,182] {processor.py:613} INFO - Processing file /home/airflow/.local/lib/python3.8/site-packages/airflow/example_dags/example_xcomargs.py for tasks to queue
[2021-09-14 18:57:00,183] {logging_mixin.py:109} INFO - [2021-09-14 18:57:00,183] {dagbag.py:496} INFO - Filling up the DagBag from /home/airflow/.local/lib/python3.8/site-packages/airflow/example_dags/example_xcomargs.py
[2021-09-14 18:57:00,196] {processor.py:623} INFO - DAG(s) dict_keys(['example_xcom_args', 'example_xcom_args_with_operators']) retrieved from /home/airflow/.local/lib/python3.8/site-packages/airflow/example_dags/example_xcomargs.py
[2021-09-14 18:57:00,515] {logging_mixin.py:109} INFO - [2021-09-14 18:57:00,515] {dag.py:1833} INFO - Sync 2 DAGs
[2021-09-14 18:57:00,530] {logging_mixin.py:109} INFO - [2021-09-14 18:57:00,530] {dag.py:2306} INFO - Setting next_dagrun for example_xcom_args to None
[2021-09-14 18:57:00,531] {logging_mixin.py:109} INFO - [2021-09-14 18:57:00,531] {dag.py:2306} INFO - Setting next_dagrun for example_xcom_args_with_operators to None
[2021-09-14 18:57:00,540] {processor.py:170} INFO - Processing /home/airflow/.local/lib/python3.8/site-packages/airflow/example_dags/example_xcomargs.py took 0.361 seconds
[2021-09-14 18:57:30,618] {processor.py:162} INFO - Started process (PID=2802) to work on /home/airflow/.local/lib/python3.8/site-packages/airflow/example_dags/example_xcomargs.py
[2021-09-14 18:57:30,619] {processor.py:613} INFO - Processing file /home/airflow/.local/lib/python3.8/site-packages/airflow/example_dags/example_xcomargs.py for tasks to queue
[2021-09-14 18:57:30,620] {logging_mixin.py:109} INFO - [2021-09-14 18:57:30,620] {dagbag.py:496} INFO - Filling up the DagBag from /home/airflow/.local/lib/python3.8/site-packages/airflow/example_dags/example_xcomargs.py
[2021-09-14 18:57:30,637] {processor.py:623} INFO - DAG(s) dict_keys(['example_xcom_args', 'example_xcom_args_with_operators']) retrieved from /home/airflow/.local/lib/python3.8/site-packages/airflow/example_dags/example_xcomargs.py
[2021-09-14 18:57:30,859] {logging_mixin.py:109} INFO - [2021-09-14 18:57:30,858] {dag.py:1833} INFO - Sync 2 DAGs
[2021-09-14 18:57:30,866] {logging_mixin.py:109} INFO - [2021-09-14 18:57:30,866] {dag.py:2306} INFO - Setting next_dagrun for example_xcom_args to None
[2021-09-14 18:57:30,867] {logging_mixin.py:109} INFO - [2021-09-14 18:57:30,867] {dag.py:2306} INFO - Setting next_dagrun for example_xcom_args_with_operators to None
[2021-09-14 18:57:30,874] {processor.py:170} INFO - Processing /home/airflow/.local/lib/python3.8/site-packages/airflow/example_dags/example_xcomargs.py took 0.259 seconds
[2021-09-14 18:58:01,250] {processor.py:162} INFO - Started process (PID=2857) to work on /home/airflow/.local/lib/python3.8/site-packages/airflow/example_dags/example_xcomargs.py
[2021-09-14 18:58:01,252] {processor.py:613} INFO - Processing file /home/airflow/.local/lib/python3.8/site-packages/airflow/example_dags/example_xcomargs.py for tasks to queue
[2021-09-14 18:58:01,252] {logging_mixin.py:109} INFO - [2021-09-14 18:58:01,252] {dagbag.py:496} INFO - Filling up the DagBag from /home/airflow/.local/lib/python3.8/site-packages/airflow/example_dags/example_xcomargs.py
[2021-09-14 18:58:01,270] {processor.py:623} INFO - DAG(s) dict_keys(['example_xcom_args', 'example_xcom_args_with_operators']) retrieved from /home/airflow/.local/lib/python3.8/site-packages/airflow/example_dags/example_xcomargs.py
[2021-09-14 18:58:01,520] {logging_mixin.py:109} INFO - [2021-09-14 18:58:01,520] {dag.py:1833} INFO - Sync 2 DAGs
[2021-09-14 18:58:01,530] {logging_mixin.py:109} INFO - [2021-09-14 18:58:01,530] {dag.py:2306} INFO - Setting next_dagrun for example_xcom_args to None
[2021-09-14 18:58:01,531] {logging_mixin.py:109} INFO - [2021-09-14 18:58:01,531] {dag.py:2306} INFO - Setting next_dagrun for example_xcom_args_with_operators to None
[2021-09-14 18:58:01,540] {processor.py:170} INFO - Processing /home/airflow/.local/lib/python3.8/site-packages/airflow/example_dags/example_xcomargs.py took 0.292 seconds
[2021-09-14 18:58:31,879] {processor.py:162} INFO - Started process (PID=2914) to work on /home/airflow/.local/lib/python3.8/site-packages/airflow/example_dags/example_xcomargs.py
[2021-09-14 18:58:31,880] {processor.py:613} INFO - Processing file /home/airflow/.local/lib/python3.8/site-packages/airflow/example_dags/example_xcomargs.py for tasks to queue
[2021-09-14 18:58:31,880] {logging_mixin.py:109} INFO - [2021-09-14 18:58:31,880] {dagbag.py:496} INFO - Filling up the DagBag from /home/airflow/.local/lib/python3.8/site-packages/airflow/example_dags/example_xcomargs.py
[2021-09-14 18:58:31,893] {processor.py:623} INFO - DAG(s) dict_keys(['example_xcom_args', 'example_xcom_args_with_operators']) retrieved from /home/airflow/.local/lib/python3.8/site-packages/airflow/example_dags/example_xcomargs.py
[2021-09-14 18:58:32,102] {logging_mixin.py:109} INFO - [2021-09-14 18:58:32,102] {dag.py:1833} INFO - Sync 2 DAGs
[2021-09-14 18:58:32,111] {logging_mixin.py:109} INFO - [2021-09-14 18:58:32,111] {dag.py:2306} INFO - Setting next_dagrun for example_xcom_args to None
[2021-09-14 18:58:32,111] {logging_mixin.py:109} INFO - [2021-09-14 18:58:32,111] {dag.py:2306} INFO - Setting next_dagrun for example_xcom_args_with_operators to None
[2021-09-14 18:58:32,119] {processor.py:170} INFO - Processing /home/airflow/.local/lib/python3.8/site-packages/airflow/example_dags/example_xcomargs.py took 0.242 seconds
[2021-09-14 18:59:02,719] {processor.py:162} INFO - Started process (PID=2962) to work on /home/airflow/.local/lib/python3.8/site-packages/airflow/example_dags/example_xcomargs.py
[2021-09-14 18:59:02,720] {processor.py:613} INFO - Processing file /home/airflow/.local/lib/python3.8/site-packages/airflow/example_dags/example_xcomargs.py for tasks to queue
[2021-09-14 18:59:02,721] {logging_mixin.py:109} INFO - [2021-09-14 18:59:02,721] {dagbag.py:496} INFO - Filling up the DagBag from /home/airflow/.local/lib/python3.8/site-packages/airflow/example_dags/example_xcomargs.py
[2021-09-14 18:59:02,738] {processor.py:623} INFO - DAG(s) dict_keys(['example_xcom_args', 'example_xcom_args_with_operators']) retrieved from /home/airflow/.local/lib/python3.8/site-packages/airflow/example_dags/example_xcomargs.py
[2021-09-14 18:59:02,958] {logging_mixin.py:109} INFO - [2021-09-14 18:59:02,957] {dag.py:1833} INFO - Sync 2 DAGs
[2021-09-14 18:59:02,966] {logging_mixin.py:109} INFO - [2021-09-14 18:59:02,966] {dag.py:2306} INFO - Setting next_dagrun for example_xcom_args to None
[2021-09-14 18:59:02,967] {logging_mixin.py:109} INFO - [2021-09-14 18:59:02,967] {dag.py:2306} INFO - Setting next_dagrun for example_xcom_args_with_operators to None
[2021-09-14 18:59:02,975] {processor.py:170} INFO - Processing /home/airflow/.local/lib/python3.8/site-packages/airflow/example_dags/example_xcomargs.py took 0.260 seconds
[2021-09-14 18:59:33,315] {processor.py:162} INFO - Started process (PID=3017) to work on /home/airflow/.local/lib/python3.8/site-packages/airflow/example_dags/example_xcomargs.py
[2021-09-14 18:59:33,316] {processor.py:613} INFO - Processing file /home/airflow/.local/lib/python3.8/site-packages/airflow/example_dags/example_xcomargs.py for tasks to queue
[2021-09-14 18:59:33,316] {logging_mixin.py:109} INFO - [2021-09-14 18:59:33,316] {dagbag.py:496} INFO - Filling up the DagBag from /home/airflow/.local/lib/python3.8/site-packages/airflow/example_dags/example_xcomargs.py
[2021-09-14 18:59:33,329] {processor.py:623} INFO - DAG(s) dict_keys(['example_xcom_args', 'example_xcom_args_with_operators']) retrieved from /home/airflow/.local/lib/python3.8/site-packages/airflow/example_dags/example_xcomargs.py
[2021-09-14 18:59:33,535] {logging_mixin.py:109} INFO - [2021-09-14 18:59:33,534] {dag.py:1833} INFO - Sync 2 DAGs
[2021-09-14 18:59:33,542] {logging_mixin.py:109} INFO - [2021-09-14 18:59:33,542] {dag.py:2306} INFO - Setting next_dagrun for example_xcom_args to None
[2021-09-14 18:59:33,543] {logging_mixin.py:109} INFO - [2021-09-14 18:59:33,543] {dag.py:2306} INFO - Setting next_dagrun for example_xcom_args_with_operators to None
[2021-09-14 18:59:33,549] {processor.py:170} INFO - Processing /home/airflow/.local/lib/python3.8/site-packages/airflow/example_dags/example_xcomargs.py took 0.237 seconds
[2021-09-14 19:00:03,737] {processor.py:162} INFO - Started process (PID=3075) to work on /home/airflow/.local/lib/python3.8/site-packages/airflow/example_dags/example_xcomargs.py
[2021-09-14 19:00:03,738] {processor.py:613} INFO - Processing file /home/airflow/.local/lib/python3.8/site-packages/airflow/example_dags/example_xcomargs.py for tasks to queue
[2021-09-14 19:00:03,739] {logging_mixin.py:109} INFO - [2021-09-14 19:00:03,739] {dagbag.py:496} INFO - Filling up the DagBag from /home/airflow/.local/lib/python3.8/site-packages/airflow/example_dags/example_xcomargs.py
[2021-09-14 19:00:03,771] {processor.py:623} INFO - DAG(s) dict_keys(['example_xcom_args', 'example_xcom_args_with_operators']) retrieved from /home/airflow/.local/lib/python3.8/site-packages/airflow/example_dags/example_xcomargs.py
[2021-09-14 19:00:04,146] {logging_mixin.py:109} INFO - [2021-09-14 19:00:04,146] {dag.py:1833} INFO - Sync 2 DAGs
[2021-09-14 19:00:04,174] {logging_mixin.py:109} INFO - [2021-09-14 19:00:04,174] {dag.py:2306} INFO - Setting next_dagrun for example_xcom_args to None
[2021-09-14 19:00:04,178] {logging_mixin.py:109} INFO - [2021-09-14 19:00:04,178] {dag.py:2306} INFO - Setting next_dagrun for example_xcom_args_with_operators to None
[2021-09-14 19:00:04,215] {processor.py:170} INFO - Processing /home/airflow/.local/lib/python3.8/site-packages/airflow/example_dags/example_xcomargs.py took 0.481 seconds
[2021-09-14 19:00:34,600] {processor.py:162} INFO - Started process (PID=3124) to work on /home/airflow/.local/lib/python3.8/site-packages/airflow/example_dags/example_xcomargs.py
[2021-09-14 19:00:34,602] {processor.py:613} INFO - Processing file /home/airflow/.local/lib/python3.8/site-packages/airflow/example_dags/example_xcomargs.py for tasks to queue
[2021-09-14 19:00:34,602] {logging_mixin.py:109} INFO - [2021-09-14 19:00:34,602] {dagbag.py:496} INFO - Filling up the DagBag from /home/airflow/.local/lib/python3.8/site-packages/airflow/example_dags/example_xcomargs.py
[2021-09-14 19:00:34,615] {processor.py:623} INFO - DAG(s) dict_keys(['example_xcom_args', 'example_xcom_args_with_operators']) retrieved from /home/airflow/.local/lib/python3.8/site-packages/airflow/example_dags/example_xcomargs.py
[2021-09-14 19:00:34,635] {logging_mixin.py:109} INFO - [2021-09-14 19:00:34,634] {dag.py:1833} INFO - Sync 2 DAGs
[2021-09-14 19:00:34,648] {logging_mixin.py:109} INFO - [2021-09-14 19:00:34,648] {dag.py:2306} INFO - Setting next_dagrun for example_xcom_args to None
[2021-09-14 19:00:34,649] {logging_mixin.py:109} INFO - [2021-09-14 19:00:34,649] {dag.py:2306} INFO - Setting next_dagrun for example_xcom_args_with_operators to None
[2021-09-14 19:00:34,658] {processor.py:170} INFO - Processing /home/airflow/.local/lib/python3.8/site-packages/airflow/example_dags/example_xcomargs.py took 0.060 seconds
[2021-09-14 19:01:05,507] {processor.py:162} INFO - Started process (PID=3180) to work on /home/airflow/.local/lib/python3.8/site-packages/airflow/example_dags/example_xcomargs.py
[2021-09-14 19:01:05,508] {processor.py:613} INFO - Processing file /home/airflow/.local/lib/python3.8/site-packages/airflow/example_dags/example_xcomargs.py for tasks to queue
[2021-09-14 19:01:05,509] {logging_mixin.py:109} INFO - [2021-09-14 19:01:05,509] {dagbag.py:496} INFO - Filling up the DagBag from /home/airflow/.local/lib/python3.8/site-packages/airflow/example_dags/example_xcomargs.py
[2021-09-14 19:01:05,527] {processor.py:623} INFO - DAG(s) dict_keys(['example_xcom_args', 'example_xcom_args_with_operators']) retrieved from /home/airflow/.local/lib/python3.8/site-packages/airflow/example_dags/example_xcomargs.py
[2021-09-14 19:01:05,782] {logging_mixin.py:109} INFO - [2021-09-14 19:01:05,782] {dag.py:1833} INFO - Sync 2 DAGs
[2021-09-14 19:01:05,790] {logging_mixin.py:109} INFO - [2021-09-14 19:01:05,790] {dag.py:2306} INFO - Setting next_dagrun for example_xcom_args to None
[2021-09-14 19:01:05,791] {logging_mixin.py:109} INFO - [2021-09-14 19:01:05,790] {dag.py:2306} INFO - Setting next_dagrun for example_xcom_args_with_operators to None
[2021-09-14 19:01:05,799] {processor.py:170} INFO - Processing /home/airflow/.local/lib/python3.8/site-packages/airflow/example_dags/example_xcomargs.py took 0.295 seconds
[2021-09-14 19:01:36,236] {processor.py:162} INFO - Started process (PID=3228) to work on /home/airflow/.local/lib/python3.8/site-packages/airflow/example_dags/example_xcomargs.py
[2021-09-14 19:01:36,237] {processor.py:613} INFO - Processing file /home/airflow/.local/lib/python3.8/site-packages/airflow/example_dags/example_xcomargs.py for tasks to queue
[2021-09-14 19:01:36,239] {logging_mixin.py:109} INFO - [2021-09-14 19:01:36,239] {dagbag.py:496} INFO - Filling up the DagBag from /home/airflow/.local/lib/python3.8/site-packages/airflow/example_dags/example_xcomargs.py
[2021-09-14 19:01:36,257] {processor.py:623} INFO - DAG(s) dict_keys(['example_xcom_args', 'example_xcom_args_with_operators']) retrieved from /home/airflow/.local/lib/python3.8/site-packages/airflow/example_dags/example_xcomargs.py
[2021-09-14 19:01:36,547] {logging_mixin.py:109} INFO - [2021-09-14 19:01:36,547] {dag.py:1833} INFO - Sync 2 DAGs
[2021-09-14 19:01:36,556] {logging_mixin.py:109} INFO - [2021-09-14 19:01:36,556] {dag.py:2306} INFO - Setting next_dagrun for example_xcom_args to None
[2021-09-14 19:01:36,557] {logging_mixin.py:109} INFO - [2021-09-14 19:01:36,557] {dag.py:2306} INFO - Setting next_dagrun for example_xcom_args_with_operators to None
[2021-09-14 19:01:36,565] {processor.py:170} INFO - Processing /home/airflow/.local/lib/python3.8/site-packages/airflow/example_dags/example_xcomargs.py took 0.332 seconds
[2021-09-14 19:02:06,771] {processor.py:162} INFO - Started process (PID=3286) to work on /home/airflow/.local/lib/python3.8/site-packages/airflow/example_dags/example_xcomargs.py
[2021-09-14 19:02:06,772] {processor.py:613} INFO - Processing file /home/airflow/.local/lib/python3.8/site-packages/airflow/example_dags/example_xcomargs.py for tasks to queue
[2021-09-14 19:02:06,773] {logging_mixin.py:109} INFO - [2021-09-14 19:02:06,773] {dagbag.py:496} INFO - Filling up the DagBag from /home/airflow/.local/lib/python3.8/site-packages/airflow/example_dags/example_xcomargs.py
[2021-09-14 19:02:06,791] {processor.py:623} INFO - DAG(s) dict_keys(['example_xcom_args', 'example_xcom_args_with_operators']) retrieved from /home/airflow/.local/lib/python3.8/site-packages/airflow/example_dags/example_xcomargs.py
[2021-09-14 19:02:07,108] {logging_mixin.py:109} INFO - [2021-09-14 19:02:07,108] {dag.py:1833} INFO - Sync 2 DAGs
[2021-09-14 19:02:07,119] {logging_mixin.py:109} INFO - [2021-09-14 19:02:07,119] {dag.py:2306} INFO - Setting next_dagrun for example_xcom_args to None
[2021-09-14 19:02:07,119] {logging_mixin.py:109} INFO - [2021-09-14 19:02:07,119] {dag.py:2306} INFO - Setting next_dagrun for example_xcom_args_with_operators to None
[2021-09-14 19:02:07,128] {processor.py:170} INFO - Processing /home/airflow/.local/lib/python3.8/site-packages/airflow/example_dags/example_xcomargs.py took 0.359 seconds
[2021-09-14 19:02:37,494] {processor.py:162} INFO - Started process (PID=3343) to work on /home/airflow/.local/lib/python3.8/site-packages/airflow/example_dags/example_xcomargs.py
[2021-09-14 19:02:37,495] {processor.py:613} INFO - Processing file /home/airflow/.local/lib/python3.8/site-packages/airflow/example_dags/example_xcomargs.py for tasks to queue
[2021-09-14 19:02:37,496] {logging_mixin.py:109} INFO - [2021-09-14 19:02:37,496] {dagbag.py:496} INFO - Filling up the DagBag from /home/airflow/.local/lib/python3.8/site-packages/airflow/example_dags/example_xcomargs.py
[2021-09-14 19:02:37,513] {processor.py:623} INFO - DAG(s) dict_keys(['example_xcom_args', 'example_xcom_args_with_operators']) retrieved from /home/airflow/.local/lib/python3.8/site-packages/airflow/example_dags/example_xcomargs.py
[2021-09-14 19:02:37,540] {logging_mixin.py:109} INFO - [2021-09-14 19:02:37,540] {dag.py:1833} INFO - Sync 2 DAGs
[2021-09-14 19:02:37,564] {logging_mixin.py:109} INFO - [2021-09-14 19:02:37,564] {dag.py:2306} INFO - Setting next_dagrun for example_xcom_args to None
[2021-09-14 19:02:37,567] {logging_mixin.py:109} INFO - [2021-09-14 19:02:37,566] {dag.py:2306} INFO - Setting next_dagrun for example_xcom_args_with_operators to None
[2021-09-14 19:02:37,577] {processor.py:170} INFO - Processing /home/airflow/.local/lib/python3.8/site-packages/airflow/example_dags/example_xcomargs.py took 0.087 seconds
[2021-09-14 19:03:07,814] {processor.py:162} INFO - Started process (PID=3389) to work on /home/airflow/.local/lib/python3.8/site-packages/airflow/example_dags/example_xcomargs.py
[2021-09-14 19:03:07,815] {processor.py:613} INFO - Processing file /home/airflow/.local/lib/python3.8/site-packages/airflow/example_dags/example_xcomargs.py for tasks to queue
[2021-09-14 19:03:07,816] {logging_mixin.py:109} INFO - [2021-09-14 19:03:07,816] {dagbag.py:496} INFO - Filling up the DagBag from /home/airflow/.local/lib/python3.8/site-packages/airflow/example_dags/example_xcomargs.py
[2021-09-14 19:03:07,831] {processor.py:623} INFO - DAG(s) dict_keys(['example_xcom_args', 'example_xcom_args_with_operators']) retrieved from /home/airflow/.local/lib/python3.8/site-packages/airflow/example_dags/example_xcomargs.py
[2021-09-14 19:03:08,145] {logging_mixin.py:109} INFO - [2021-09-14 19:03:08,145] {dag.py:1833} INFO - Sync 2 DAGs
[2021-09-14 19:03:08,156] {logging_mixin.py:109} INFO - [2021-09-14 19:03:08,156] {dag.py:2306} INFO - Setting next_dagrun for example_xcom_args to None
[2021-09-14 19:03:08,158] {logging_mixin.py:109} INFO - [2021-09-14 19:03:08,158] {dag.py:2306} INFO - Setting next_dagrun for example_xcom_args_with_operators to None
[2021-09-14 19:03:08,168] {processor.py:170} INFO - Processing /home/airflow/.local/lib/python3.8/site-packages/airflow/example_dags/example_xcomargs.py took 0.356 seconds
[2021-09-14 19:03:38,394] {processor.py:162} INFO - Started process (PID=3448) to work on /home/airflow/.local/lib/python3.8/site-packages/airflow/example_dags/example_xcomargs.py
[2021-09-14 19:03:38,395] {processor.py:613} INFO - Processing file /home/airflow/.local/lib/python3.8/site-packages/airflow/example_dags/example_xcomargs.py for tasks to queue
[2021-09-14 19:03:38,396] {logging_mixin.py:109} INFO - [2021-09-14 19:03:38,396] {dagbag.py:496} INFO - Filling up the DagBag from /home/airflow/.local/lib/python3.8/site-packages/airflow/example_dags/example_xcomargs.py
[2021-09-14 19:03:38,408] {processor.py:623} INFO - DAG(s) dict_keys(['example_xcom_args', 'example_xcom_args_with_operators']) retrieved from /home/airflow/.local/lib/python3.8/site-packages/airflow/example_dags/example_xcomargs.py
[2021-09-14 19:03:38,641] {logging_mixin.py:109} INFO - [2021-09-14 19:03:38,641] {dag.py:1833} INFO - Sync 2 DAGs
[2021-09-14 19:03:38,651] {logging_mixin.py:109} INFO - [2021-09-14 19:03:38,651] {dag.py:2306} INFO - Setting next_dagrun for example_xcom_args to None
[2021-09-14 19:03:38,651] {logging_mixin.py:109} INFO - [2021-09-14 19:03:38,651] {dag.py:2306} INFO - Setting next_dagrun for example_xcom_args_with_operators to None
[2021-09-14 19:03:38,661] {processor.py:170} INFO - Processing /home/airflow/.local/lib/python3.8/site-packages/airflow/example_dags/example_xcomargs.py took 0.270 seconds
