[2021-09-14 18:31:51,963] {processor.py:162} INFO - Started process (PID=41) to work on /home/airflow/.local/lib/python3.8/site-packages/airflow/example_dags/example_branch_day_of_week_operator.py
[2021-09-14 18:31:51,964] {processor.py:613} INFO - Processing file /home/airflow/.local/lib/python3.8/site-packages/airflow/example_dags/example_branch_day_of_week_operator.py for tasks to queue
[2021-09-14 18:31:51,965] {logging_mixin.py:109} INFO - [2021-09-14 18:31:51,965] {dagbag.py:496} INFO - Filling up the DagBag from /home/airflow/.local/lib/python3.8/site-packages/airflow/example_dags/example_branch_day_of_week_operator.py
[2021-09-14 18:31:51,977] {processor.py:623} INFO - DAG(s) dict_keys(['example_weekday_branch_operator']) retrieved from /home/airflow/.local/lib/python3.8/site-packages/airflow/example_dags/example_branch_day_of_week_operator.py
[2021-09-14 18:31:53,879] {logging_mixin.py:109} INFO - [2021-09-14 18:31:53,878] {dag.py:1833} INFO - Sync 1 DAGs
[2021-09-14 18:31:53,887] {logging_mixin.py:109} INFO - [2021-09-14 18:31:53,887] {dag.py:1852} INFO - Creating ORM DAG for example_weekday_branch_operator
[2021-09-14 18:31:53,893] {logging_mixin.py:109} INFO - [2021-09-14 18:31:53,893] {dag.py:2306} INFO - Setting next_dagrun for example_weekday_branch_operator to 2021-09-12 00:00:00+00:00
[2021-09-14 18:31:53,900] {processor.py:170} INFO - Processing /home/airflow/.local/lib/python3.8/site-packages/airflow/example_dags/example_branch_day_of_week_operator.py took 1.940 seconds
[2021-09-14 18:32:28,192] {processor.py:162} INFO - Started process (PID=209) to work on /home/airflow/.local/lib/python3.8/site-packages/airflow/example_dags/example_branch_day_of_week_operator.py
[2021-09-14 18:32:28,193] {processor.py:613} INFO - Processing file /home/airflow/.local/lib/python3.8/site-packages/airflow/example_dags/example_branch_day_of_week_operator.py for tasks to queue
[2021-09-14 18:32:28,194] {logging_mixin.py:109} INFO - [2021-09-14 18:32:28,194] {dagbag.py:496} INFO - Filling up the DagBag from /home/airflow/.local/lib/python3.8/site-packages/airflow/example_dags/example_branch_day_of_week_operator.py
[2021-09-14 18:32:28,207] {processor.py:623} INFO - DAG(s) dict_keys(['example_weekday_branch_operator']) retrieved from /home/airflow/.local/lib/python3.8/site-packages/airflow/example_dags/example_branch_day_of_week_operator.py
[2021-09-14 18:32:28,243] {logging_mixin.py:109} INFO - [2021-09-14 18:32:28,243] {dag.py:1833} INFO - Sync 1 DAGs
[2021-09-14 18:32:28,267] {logging_mixin.py:109} INFO - [2021-09-14 18:32:28,267] {dag.py:2306} INFO - Setting next_dagrun for example_weekday_branch_operator to 2021-09-12 00:00:00+00:00
[2021-09-14 18:32:28,278] {processor.py:170} INFO - Processing /home/airflow/.local/lib/python3.8/site-packages/airflow/example_dags/example_branch_day_of_week_operator.py took 0.089 seconds
[2021-09-14 18:32:58,848] {processor.py:162} INFO - Started process (PID=265) to work on /home/airflow/.local/lib/python3.8/site-packages/airflow/example_dags/example_branch_day_of_week_operator.py
[2021-09-14 18:32:58,848] {processor.py:613} INFO - Processing file /home/airflow/.local/lib/python3.8/site-packages/airflow/example_dags/example_branch_day_of_week_operator.py for tasks to queue
[2021-09-14 18:32:58,849] {logging_mixin.py:109} INFO - [2021-09-14 18:32:58,849] {dagbag.py:496} INFO - Filling up the DagBag from /home/airflow/.local/lib/python3.8/site-packages/airflow/example_dags/example_branch_day_of_week_operator.py
[2021-09-14 18:32:58,858] {processor.py:623} INFO - DAG(s) dict_keys(['example_weekday_branch_operator']) retrieved from /home/airflow/.local/lib/python3.8/site-packages/airflow/example_dags/example_branch_day_of_week_operator.py
[2021-09-14 18:32:58,890] {logging_mixin.py:109} INFO - [2021-09-14 18:32:58,889] {dag.py:1833} INFO - Sync 1 DAGs
[2021-09-14 18:32:58,903] {logging_mixin.py:109} INFO - [2021-09-14 18:32:58,903] {dag.py:2306} INFO - Setting next_dagrun for example_weekday_branch_operator to 2021-09-12 00:00:00+00:00
[2021-09-14 18:32:58,910] {processor.py:170} INFO - Processing /home/airflow/.local/lib/python3.8/site-packages/airflow/example_dags/example_branch_day_of_week_operator.py took 0.065 seconds
[2021-09-14 18:33:29,952] {processor.py:162} INFO - Started process (PID=320) to work on /home/airflow/.local/lib/python3.8/site-packages/airflow/example_dags/example_branch_day_of_week_operator.py
[2021-09-14 18:33:29,954] {processor.py:613} INFO - Processing file /home/airflow/.local/lib/python3.8/site-packages/airflow/example_dags/example_branch_day_of_week_operator.py for tasks to queue
[2021-09-14 18:33:29,955] {logging_mixin.py:109} INFO - [2021-09-14 18:33:29,955] {dagbag.py:496} INFO - Filling up the DagBag from /home/airflow/.local/lib/python3.8/site-packages/airflow/example_dags/example_branch_day_of_week_operator.py
[2021-09-14 18:33:29,964] {processor.py:623} INFO - DAG(s) dict_keys(['example_weekday_branch_operator']) retrieved from /home/airflow/.local/lib/python3.8/site-packages/airflow/example_dags/example_branch_day_of_week_operator.py
[2021-09-14 18:33:29,981] {logging_mixin.py:109} INFO - [2021-09-14 18:33:29,981] {dag.py:1833} INFO - Sync 1 DAGs
[2021-09-14 18:33:29,995] {logging_mixin.py:109} INFO - [2021-09-14 18:33:29,995] {dag.py:2306} INFO - Setting next_dagrun for example_weekday_branch_operator to 2021-09-12 00:00:00+00:00
[2021-09-14 18:33:30,002] {processor.py:170} INFO - Processing /home/airflow/.local/lib/python3.8/site-packages/airflow/example_dags/example_branch_day_of_week_operator.py took 0.054 seconds
[2021-09-14 18:34:00,092] {processor.py:162} INFO - Started process (PID=369) to work on /home/airflow/.local/lib/python3.8/site-packages/airflow/example_dags/example_branch_day_of_week_operator.py
[2021-09-14 18:34:00,093] {processor.py:613} INFO - Processing file /home/airflow/.local/lib/python3.8/site-packages/airflow/example_dags/example_branch_day_of_week_operator.py for tasks to queue
[2021-09-14 18:34:00,094] {logging_mixin.py:109} INFO - [2021-09-14 18:34:00,093] {dagbag.py:496} INFO - Filling up the DagBag from /home/airflow/.local/lib/python3.8/site-packages/airflow/example_dags/example_branch_day_of_week_operator.py
[2021-09-14 18:34:00,107] {processor.py:623} INFO - DAG(s) dict_keys(['example_weekday_branch_operator']) retrieved from /home/airflow/.local/lib/python3.8/site-packages/airflow/example_dags/example_branch_day_of_week_operator.py
[2021-09-14 18:34:00,124] {logging_mixin.py:109} INFO - [2021-09-14 18:34:00,124] {dag.py:1833} INFO - Sync 1 DAGs
[2021-09-14 18:34:00,140] {logging_mixin.py:109} INFO - [2021-09-14 18:34:00,140] {dag.py:2306} INFO - Setting next_dagrun for example_weekday_branch_operator to 2021-09-12 00:00:00+00:00
[2021-09-14 18:34:00,151] {processor.py:170} INFO - Processing /home/airflow/.local/lib/python3.8/site-packages/airflow/example_dags/example_branch_day_of_week_operator.py took 0.061 seconds
[2021-09-14 18:34:30,360] {processor.py:162} INFO - Started process (PID=422) to work on /home/airflow/.local/lib/python3.8/site-packages/airflow/example_dags/example_branch_day_of_week_operator.py
[2021-09-14 18:34:30,362] {processor.py:613} INFO - Processing file /home/airflow/.local/lib/python3.8/site-packages/airflow/example_dags/example_branch_day_of_week_operator.py for tasks to queue
[2021-09-14 18:34:30,363] {logging_mixin.py:109} INFO - [2021-09-14 18:34:30,363] {dagbag.py:496} INFO - Filling up the DagBag from /home/airflow/.local/lib/python3.8/site-packages/airflow/example_dags/example_branch_day_of_week_operator.py
[2021-09-14 18:34:30,376] {processor.py:623} INFO - DAG(s) dict_keys(['example_weekday_branch_operator']) retrieved from /home/airflow/.local/lib/python3.8/site-packages/airflow/example_dags/example_branch_day_of_week_operator.py
[2021-09-14 18:34:30,398] {logging_mixin.py:109} INFO - [2021-09-14 18:34:30,398] {dag.py:1833} INFO - Sync 1 DAGs
[2021-09-14 18:34:30,424] {logging_mixin.py:109} INFO - [2021-09-14 18:34:30,423] {dag.py:2306} INFO - Setting next_dagrun for example_weekday_branch_operator to 2021-09-12 00:00:00+00:00
[2021-09-14 18:34:30,437] {processor.py:170} INFO - Processing /home/airflow/.local/lib/python3.8/site-packages/airflow/example_dags/example_branch_day_of_week_operator.py took 0.081 seconds
[2021-09-14 18:35:00,934] {processor.py:162} INFO - Started process (PID=469) to work on /home/airflow/.local/lib/python3.8/site-packages/airflow/example_dags/example_branch_day_of_week_operator.py
[2021-09-14 18:35:00,935] {processor.py:613} INFO - Processing file /home/airflow/.local/lib/python3.8/site-packages/airflow/example_dags/example_branch_day_of_week_operator.py for tasks to queue
[2021-09-14 18:35:00,936] {logging_mixin.py:109} INFO - [2021-09-14 18:35:00,936] {dagbag.py:496} INFO - Filling up the DagBag from /home/airflow/.local/lib/python3.8/site-packages/airflow/example_dags/example_branch_day_of_week_operator.py
[2021-09-14 18:35:00,950] {processor.py:623} INFO - DAG(s) dict_keys(['example_weekday_branch_operator']) retrieved from /home/airflow/.local/lib/python3.8/site-packages/airflow/example_dags/example_branch_day_of_week_operator.py
[2021-09-14 18:35:00,990] {logging_mixin.py:109} INFO - [2021-09-14 18:35:00,988] {dag.py:1833} INFO - Sync 1 DAGs
[2021-09-14 18:35:01,005] {logging_mixin.py:109} INFO - [2021-09-14 18:35:01,005] {dag.py:2306} INFO - Setting next_dagrun for example_weekday_branch_operator to 2021-09-12 00:00:00+00:00
[2021-09-14 18:35:01,015] {processor.py:170} INFO - Processing /home/airflow/.local/lib/python3.8/site-packages/airflow/example_dags/example_branch_day_of_week_operator.py took 0.086 seconds
[2021-09-14 18:35:31,870] {processor.py:162} INFO - Started process (PID=524) to work on /home/airflow/.local/lib/python3.8/site-packages/airflow/example_dags/example_branch_day_of_week_operator.py
[2021-09-14 18:35:31,872] {processor.py:613} INFO - Processing file /home/airflow/.local/lib/python3.8/site-packages/airflow/example_dags/example_branch_day_of_week_operator.py for tasks to queue
[2021-09-14 18:35:31,873] {logging_mixin.py:109} INFO - [2021-09-14 18:35:31,872] {dagbag.py:496} INFO - Filling up the DagBag from /home/airflow/.local/lib/python3.8/site-packages/airflow/example_dags/example_branch_day_of_week_operator.py
[2021-09-14 18:35:31,885] {processor.py:623} INFO - DAG(s) dict_keys(['example_weekday_branch_operator']) retrieved from /home/airflow/.local/lib/python3.8/site-packages/airflow/example_dags/example_branch_day_of_week_operator.py
[2021-09-14 18:35:31,901] {logging_mixin.py:109} INFO - [2021-09-14 18:35:31,901] {dag.py:1833} INFO - Sync 1 DAGs
[2021-09-14 18:35:31,912] {logging_mixin.py:109} INFO - [2021-09-14 18:35:31,912] {dag.py:2306} INFO - Setting next_dagrun for example_weekday_branch_operator to 2021-09-12 00:00:00+00:00
[2021-09-14 18:35:31,920] {processor.py:170} INFO - Processing /home/airflow/.local/lib/python3.8/site-packages/airflow/example_dags/example_branch_day_of_week_operator.py took 0.052 seconds
[2021-09-14 18:36:02,307] {processor.py:162} INFO - Started process (PID=577) to work on /home/airflow/.local/lib/python3.8/site-packages/airflow/example_dags/example_branch_day_of_week_operator.py
[2021-09-14 18:36:02,317] {processor.py:613} INFO - Processing file /home/airflow/.local/lib/python3.8/site-packages/airflow/example_dags/example_branch_day_of_week_operator.py for tasks to queue
[2021-09-14 18:36:02,319] {logging_mixin.py:109} INFO - [2021-09-14 18:36:02,319] {dagbag.py:496} INFO - Filling up the DagBag from /home/airflow/.local/lib/python3.8/site-packages/airflow/example_dags/example_branch_day_of_week_operator.py
[2021-09-14 18:36:02,366] {processor.py:623} INFO - DAG(s) dict_keys(['example_weekday_branch_operator']) retrieved from /home/airflow/.local/lib/python3.8/site-packages/airflow/example_dags/example_branch_day_of_week_operator.py
[2021-09-14 18:36:02,417] {logging_mixin.py:109} INFO - [2021-09-14 18:36:02,417] {dag.py:1833} INFO - Sync 1 DAGs
[2021-09-14 18:36:02,457] {logging_mixin.py:109} INFO - [2021-09-14 18:36:02,457] {dag.py:2306} INFO - Setting next_dagrun for example_weekday_branch_operator to 2021-09-12 00:00:00+00:00
[2021-09-14 18:36:02,496] {processor.py:170} INFO - Processing /home/airflow/.local/lib/python3.8/site-packages/airflow/example_dags/example_branch_day_of_week_operator.py took 0.192 seconds
[2021-09-14 18:36:33,323] {processor.py:162} INFO - Started process (PID=626) to work on /home/airflow/.local/lib/python3.8/site-packages/airflow/example_dags/example_branch_day_of_week_operator.py
[2021-09-14 18:36:33,325] {processor.py:613} INFO - Processing file /home/airflow/.local/lib/python3.8/site-packages/airflow/example_dags/example_branch_day_of_week_operator.py for tasks to queue
[2021-09-14 18:36:33,325] {logging_mixin.py:109} INFO - [2021-09-14 18:36:33,325] {dagbag.py:496} INFO - Filling up the DagBag from /home/airflow/.local/lib/python3.8/site-packages/airflow/example_dags/example_branch_day_of_week_operator.py
[2021-09-14 18:36:33,334] {processor.py:623} INFO - DAG(s) dict_keys(['example_weekday_branch_operator']) retrieved from /home/airflow/.local/lib/python3.8/site-packages/airflow/example_dags/example_branch_day_of_week_operator.py
[2021-09-14 18:36:33,350] {logging_mixin.py:109} INFO - [2021-09-14 18:36:33,350] {dag.py:1833} INFO - Sync 1 DAGs
[2021-09-14 18:36:33,363] {logging_mixin.py:109} INFO - [2021-09-14 18:36:33,363] {dag.py:2306} INFO - Setting next_dagrun for example_weekday_branch_operator to 2021-09-12 00:00:00+00:00
[2021-09-14 18:36:33,378] {processor.py:170} INFO - Processing /home/airflow/.local/lib/python3.8/site-packages/airflow/example_dags/example_branch_day_of_week_operator.py took 0.059 seconds
[2021-09-14 18:37:03,982] {processor.py:162} INFO - Started process (PID=684) to work on /home/airflow/.local/lib/python3.8/site-packages/airflow/example_dags/example_branch_day_of_week_operator.py
[2021-09-14 18:37:03,985] {processor.py:613} INFO - Processing file /home/airflow/.local/lib/python3.8/site-packages/airflow/example_dags/example_branch_day_of_week_operator.py for tasks to queue
[2021-09-14 18:37:03,986] {logging_mixin.py:109} INFO - [2021-09-14 18:37:03,986] {dagbag.py:496} INFO - Filling up the DagBag from /home/airflow/.local/lib/python3.8/site-packages/airflow/example_dags/example_branch_day_of_week_operator.py
[2021-09-14 18:37:03,999] {processor.py:623} INFO - DAG(s) dict_keys(['example_weekday_branch_operator']) retrieved from /home/airflow/.local/lib/python3.8/site-packages/airflow/example_dags/example_branch_day_of_week_operator.py
[2021-09-14 18:37:04,024] {logging_mixin.py:109} INFO - [2021-09-14 18:37:04,024] {dag.py:1833} INFO - Sync 1 DAGs
[2021-09-14 18:37:04,042] {logging_mixin.py:109} INFO - [2021-09-14 18:37:04,041] {dag.py:2306} INFO - Setting next_dagrun for example_weekday_branch_operator to 2021-09-12 00:00:00+00:00
[2021-09-14 18:37:04,093] {processor.py:170} INFO - Processing /home/airflow/.local/lib/python3.8/site-packages/airflow/example_dags/example_branch_day_of_week_operator.py took 0.114 seconds
[2021-09-14 18:37:34,413] {processor.py:162} INFO - Started process (PID=731) to work on /home/airflow/.local/lib/python3.8/site-packages/airflow/example_dags/example_branch_day_of_week_operator.py
[2021-09-14 18:37:34,414] {processor.py:613} INFO - Processing file /home/airflow/.local/lib/python3.8/site-packages/airflow/example_dags/example_branch_day_of_week_operator.py for tasks to queue
[2021-09-14 18:37:34,415] {logging_mixin.py:109} INFO - [2021-09-14 18:37:34,415] {dagbag.py:496} INFO - Filling up the DagBag from /home/airflow/.local/lib/python3.8/site-packages/airflow/example_dags/example_branch_day_of_week_operator.py
[2021-09-14 18:37:34,427] {processor.py:623} INFO - DAG(s) dict_keys(['example_weekday_branch_operator']) retrieved from /home/airflow/.local/lib/python3.8/site-packages/airflow/example_dags/example_branch_day_of_week_operator.py
[2021-09-14 18:37:34,446] {logging_mixin.py:109} INFO - [2021-09-14 18:37:34,446] {dag.py:1833} INFO - Sync 1 DAGs
[2021-09-14 18:37:34,466] {logging_mixin.py:109} INFO - [2021-09-14 18:37:34,466] {dag.py:2306} INFO - Setting next_dagrun for example_weekday_branch_operator to 2021-09-12 00:00:00+00:00
[2021-09-14 18:37:34,474] {processor.py:170} INFO - Processing /home/airflow/.local/lib/python3.8/site-packages/airflow/example_dags/example_branch_day_of_week_operator.py took 0.065 seconds
[2021-09-14 18:38:05,049] {processor.py:162} INFO - Started process (PID=787) to work on /home/airflow/.local/lib/python3.8/site-packages/airflow/example_dags/example_branch_day_of_week_operator.py
[2021-09-14 18:38:05,054] {processor.py:613} INFO - Processing file /home/airflow/.local/lib/python3.8/site-packages/airflow/example_dags/example_branch_day_of_week_operator.py for tasks to queue
[2021-09-14 18:38:05,055] {logging_mixin.py:109} INFO - [2021-09-14 18:38:05,055] {dagbag.py:496} INFO - Filling up the DagBag from /home/airflow/.local/lib/python3.8/site-packages/airflow/example_dags/example_branch_day_of_week_operator.py
[2021-09-14 18:38:05,078] {processor.py:623} INFO - DAG(s) dict_keys(['example_weekday_branch_operator']) retrieved from /home/airflow/.local/lib/python3.8/site-packages/airflow/example_dags/example_branch_day_of_week_operator.py
[2021-09-14 18:38:05,111] {logging_mixin.py:109} INFO - [2021-09-14 18:38:05,110] {dag.py:1833} INFO - Sync 1 DAGs
[2021-09-14 18:38:05,132] {logging_mixin.py:109} INFO - [2021-09-14 18:38:05,132] {dag.py:2306} INFO - Setting next_dagrun for example_weekday_branch_operator to 2021-09-12 00:00:00+00:00
[2021-09-14 18:38:05,141] {processor.py:170} INFO - Processing /home/airflow/.local/lib/python3.8/site-packages/airflow/example_dags/example_branch_day_of_week_operator.py took 0.095 seconds
[2021-09-14 18:38:35,886] {processor.py:162} INFO - Started process (PID=834) to work on /home/airflow/.local/lib/python3.8/site-packages/airflow/example_dags/example_branch_day_of_week_operator.py
[2021-09-14 18:38:35,887] {processor.py:613} INFO - Processing file /home/airflow/.local/lib/python3.8/site-packages/airflow/example_dags/example_branch_day_of_week_operator.py for tasks to queue
[2021-09-14 18:38:35,888] {logging_mixin.py:109} INFO - [2021-09-14 18:38:35,888] {dagbag.py:496} INFO - Filling up the DagBag from /home/airflow/.local/lib/python3.8/site-packages/airflow/example_dags/example_branch_day_of_week_operator.py
[2021-09-14 18:38:35,896] {processor.py:623} INFO - DAG(s) dict_keys(['example_weekday_branch_operator']) retrieved from /home/airflow/.local/lib/python3.8/site-packages/airflow/example_dags/example_branch_day_of_week_operator.py
[2021-09-14 18:38:35,913] {logging_mixin.py:109} INFO - [2021-09-14 18:38:35,913] {dag.py:1833} INFO - Sync 1 DAGs
[2021-09-14 18:38:35,930] {logging_mixin.py:109} INFO - [2021-09-14 18:38:35,930] {dag.py:2306} INFO - Setting next_dagrun for example_weekday_branch_operator to 2021-09-12 00:00:00+00:00
[2021-09-14 18:38:35,939] {processor.py:170} INFO - Processing /home/airflow/.local/lib/python3.8/site-packages/airflow/example_dags/example_branch_day_of_week_operator.py took 0.056 seconds
[2021-09-14 18:39:06,149] {processor.py:162} INFO - Started process (PID=892) to work on /home/airflow/.local/lib/python3.8/site-packages/airflow/example_dags/example_branch_day_of_week_operator.py
[2021-09-14 18:39:06,150] {processor.py:613} INFO - Processing file /home/airflow/.local/lib/python3.8/site-packages/airflow/example_dags/example_branch_day_of_week_operator.py for tasks to queue
[2021-09-14 18:39:06,151] {logging_mixin.py:109} INFO - [2021-09-14 18:39:06,151] {dagbag.py:496} INFO - Filling up the DagBag from /home/airflow/.local/lib/python3.8/site-packages/airflow/example_dags/example_branch_day_of_week_operator.py
[2021-09-14 18:39:06,162] {processor.py:623} INFO - DAG(s) dict_keys(['example_weekday_branch_operator']) retrieved from /home/airflow/.local/lib/python3.8/site-packages/airflow/example_dags/example_branch_day_of_week_operator.py
[2021-09-14 18:39:06,187] {logging_mixin.py:109} INFO - [2021-09-14 18:39:06,187] {dag.py:1833} INFO - Sync 1 DAGs
[2021-09-14 18:39:06,205] {logging_mixin.py:109} INFO - [2021-09-14 18:39:06,205] {dag.py:2306} INFO - Setting next_dagrun for example_weekday_branch_operator to 2021-09-12 00:00:00+00:00
[2021-09-14 18:39:06,213] {processor.py:170} INFO - Processing /home/airflow/.local/lib/python3.8/site-packages/airflow/example_dags/example_branch_day_of_week_operator.py took 0.067 seconds
[2021-09-14 18:39:36,519] {processor.py:162} INFO - Started process (PID=938) to work on /home/airflow/.local/lib/python3.8/site-packages/airflow/example_dags/example_branch_day_of_week_operator.py
[2021-09-14 18:39:36,520] {processor.py:613} INFO - Processing file /home/airflow/.local/lib/python3.8/site-packages/airflow/example_dags/example_branch_day_of_week_operator.py for tasks to queue
[2021-09-14 18:39:36,520] {logging_mixin.py:109} INFO - [2021-09-14 18:39:36,520] {dagbag.py:496} INFO - Filling up the DagBag from /home/airflow/.local/lib/python3.8/site-packages/airflow/example_dags/example_branch_day_of_week_operator.py
[2021-09-14 18:39:36,533] {processor.py:623} INFO - DAG(s) dict_keys(['example_weekday_branch_operator']) retrieved from /home/airflow/.local/lib/python3.8/site-packages/airflow/example_dags/example_branch_day_of_week_operator.py
[2021-09-14 18:39:36,551] {logging_mixin.py:109} INFO - [2021-09-14 18:39:36,551] {dag.py:1833} INFO - Sync 1 DAGs
[2021-09-14 18:39:36,569] {logging_mixin.py:109} INFO - [2021-09-14 18:39:36,568] {dag.py:2306} INFO - Setting next_dagrun for example_weekday_branch_operator to 2021-09-12 00:00:00+00:00
[2021-09-14 18:39:36,582] {processor.py:170} INFO - Processing /home/airflow/.local/lib/python3.8/site-packages/airflow/example_dags/example_branch_day_of_week_operator.py took 0.067 seconds
[2021-09-14 18:40:06,895] {processor.py:162} INFO - Started process (PID=996) to work on /home/airflow/.local/lib/python3.8/site-packages/airflow/example_dags/example_branch_day_of_week_operator.py
[2021-09-14 18:40:06,896] {processor.py:613} INFO - Processing file /home/airflow/.local/lib/python3.8/site-packages/airflow/example_dags/example_branch_day_of_week_operator.py for tasks to queue
[2021-09-14 18:40:06,897] {logging_mixin.py:109} INFO - [2021-09-14 18:40:06,897] {dagbag.py:496} INFO - Filling up the DagBag from /home/airflow/.local/lib/python3.8/site-packages/airflow/example_dags/example_branch_day_of_week_operator.py
[2021-09-14 18:40:06,909] {processor.py:623} INFO - DAG(s) dict_keys(['example_weekday_branch_operator']) retrieved from /home/airflow/.local/lib/python3.8/site-packages/airflow/example_dags/example_branch_day_of_week_operator.py
[2021-09-14 18:40:06,934] {logging_mixin.py:109} INFO - [2021-09-14 18:40:06,934] {dag.py:1833} INFO - Sync 1 DAGs
[2021-09-14 18:40:06,949] {logging_mixin.py:109} INFO - [2021-09-14 18:40:06,949] {dag.py:2306} INFO - Setting next_dagrun for example_weekday_branch_operator to 2021-09-12 00:00:00+00:00
[2021-09-14 18:40:06,958] {processor.py:170} INFO - Processing /home/airflow/.local/lib/python3.8/site-packages/airflow/example_dags/example_branch_day_of_week_operator.py took 0.067 seconds
[2021-09-14 18:40:37,392] {processor.py:162} INFO - Started process (PID=1045) to work on /home/airflow/.local/lib/python3.8/site-packages/airflow/example_dags/example_branch_day_of_week_operator.py
[2021-09-14 18:40:37,393] {processor.py:613} INFO - Processing file /home/airflow/.local/lib/python3.8/site-packages/airflow/example_dags/example_branch_day_of_week_operator.py for tasks to queue
[2021-09-14 18:40:37,394] {logging_mixin.py:109} INFO - [2021-09-14 18:40:37,394] {dagbag.py:496} INFO - Filling up the DagBag from /home/airflow/.local/lib/python3.8/site-packages/airflow/example_dags/example_branch_day_of_week_operator.py
[2021-09-14 18:40:37,406] {processor.py:623} INFO - DAG(s) dict_keys(['example_weekday_branch_operator']) retrieved from /home/airflow/.local/lib/python3.8/site-packages/airflow/example_dags/example_branch_day_of_week_operator.py
[2021-09-14 18:40:37,422] {logging_mixin.py:109} INFO - [2021-09-14 18:40:37,421] {dag.py:1833} INFO - Sync 1 DAGs
[2021-09-14 18:40:37,436] {logging_mixin.py:109} INFO - [2021-09-14 18:40:37,436] {dag.py:2306} INFO - Setting next_dagrun for example_weekday_branch_operator to 2021-09-12 00:00:00+00:00
[2021-09-14 18:40:37,447] {processor.py:170} INFO - Processing /home/airflow/.local/lib/python3.8/site-packages/airflow/example_dags/example_branch_day_of_week_operator.py took 0.058 seconds
[2021-09-14 18:41:07,860] {processor.py:162} INFO - Started process (PID=1102) to work on /home/airflow/.local/lib/python3.8/site-packages/airflow/example_dags/example_branch_day_of_week_operator.py
[2021-09-14 18:41:07,865] {processor.py:613} INFO - Processing file /home/airflow/.local/lib/python3.8/site-packages/airflow/example_dags/example_branch_day_of_week_operator.py for tasks to queue
[2021-09-14 18:41:07,866] {logging_mixin.py:109} INFO - [2021-09-14 18:41:07,865] {dagbag.py:496} INFO - Filling up the DagBag from /home/airflow/.local/lib/python3.8/site-packages/airflow/example_dags/example_branch_day_of_week_operator.py
[2021-09-14 18:41:07,880] {processor.py:623} INFO - DAG(s) dict_keys(['example_weekday_branch_operator']) retrieved from /home/airflow/.local/lib/python3.8/site-packages/airflow/example_dags/example_branch_day_of_week_operator.py
[2021-09-14 18:41:07,908] {logging_mixin.py:109} INFO - [2021-09-14 18:41:07,908] {dag.py:1833} INFO - Sync 1 DAGs
[2021-09-14 18:41:07,940] {logging_mixin.py:109} INFO - [2021-09-14 18:41:07,939] {dag.py:2306} INFO - Setting next_dagrun for example_weekday_branch_operator to 2021-09-12 00:00:00+00:00
[2021-09-14 18:41:07,949] {processor.py:170} INFO - Processing /home/airflow/.local/lib/python3.8/site-packages/airflow/example_dags/example_branch_day_of_week_operator.py took 0.092 seconds
[2021-09-14 18:41:38,334] {processor.py:162} INFO - Started process (PID=1151) to work on /home/airflow/.local/lib/python3.8/site-packages/airflow/example_dags/example_branch_day_of_week_operator.py
[2021-09-14 18:41:38,335] {processor.py:613} INFO - Processing file /home/airflow/.local/lib/python3.8/site-packages/airflow/example_dags/example_branch_day_of_week_operator.py for tasks to queue
[2021-09-14 18:41:38,336] {logging_mixin.py:109} INFO - [2021-09-14 18:41:38,335] {dagbag.py:496} INFO - Filling up the DagBag from /home/airflow/.local/lib/python3.8/site-packages/airflow/example_dags/example_branch_day_of_week_operator.py
[2021-09-14 18:41:38,348] {processor.py:623} INFO - DAG(s) dict_keys(['example_weekday_branch_operator']) retrieved from /home/airflow/.local/lib/python3.8/site-packages/airflow/example_dags/example_branch_day_of_week_operator.py
[2021-09-14 18:41:38,369] {logging_mixin.py:109} INFO - [2021-09-14 18:41:38,369] {dag.py:1833} INFO - Sync 1 DAGs
[2021-09-14 18:41:38,386] {logging_mixin.py:109} INFO - [2021-09-14 18:41:38,386] {dag.py:2306} INFO - Setting next_dagrun for example_weekday_branch_operator to 2021-09-12 00:00:00+00:00
[2021-09-14 18:41:38,396] {processor.py:170} INFO - Processing /home/airflow/.local/lib/python3.8/site-packages/airflow/example_dags/example_branch_day_of_week_operator.py took 0.065 seconds
[2021-09-14 18:42:08,519] {processor.py:162} INFO - Started process (PID=1206) to work on /home/airflow/.local/lib/python3.8/site-packages/airflow/example_dags/example_branch_day_of_week_operator.py
[2021-09-14 18:42:08,520] {processor.py:613} INFO - Processing file /home/airflow/.local/lib/python3.8/site-packages/airflow/example_dags/example_branch_day_of_week_operator.py for tasks to queue
[2021-09-14 18:42:08,521] {logging_mixin.py:109} INFO - [2021-09-14 18:42:08,521] {dagbag.py:496} INFO - Filling up the DagBag from /home/airflow/.local/lib/python3.8/site-packages/airflow/example_dags/example_branch_day_of_week_operator.py
[2021-09-14 18:42:08,530] {processor.py:623} INFO - DAG(s) dict_keys(['example_weekday_branch_operator']) retrieved from /home/airflow/.local/lib/python3.8/site-packages/airflow/example_dags/example_branch_day_of_week_operator.py
[2021-09-14 18:42:08,544] {logging_mixin.py:109} INFO - [2021-09-14 18:42:08,544] {dag.py:1833} INFO - Sync 1 DAGs
[2021-09-14 18:42:08,555] {logging_mixin.py:109} INFO - [2021-09-14 18:42:08,555] {dag.py:2306} INFO - Setting next_dagrun for example_weekday_branch_operator to 2021-09-12 00:00:00+00:00
[2021-09-14 18:42:08,563] {processor.py:170} INFO - Processing /home/airflow/.local/lib/python3.8/site-packages/airflow/example_dags/example_branch_day_of_week_operator.py took 0.046 seconds
[2021-09-14 18:42:39,133] {processor.py:162} INFO - Started process (PID=1265) to work on /home/airflow/.local/lib/python3.8/site-packages/airflow/example_dags/example_branch_day_of_week_operator.py
[2021-09-14 18:42:39,138] {processor.py:613} INFO - Processing file /home/airflow/.local/lib/python3.8/site-packages/airflow/example_dags/example_branch_day_of_week_operator.py for tasks to queue
[2021-09-14 18:42:39,139] {logging_mixin.py:109} INFO - [2021-09-14 18:42:39,139] {dagbag.py:496} INFO - Filling up the DagBag from /home/airflow/.local/lib/python3.8/site-packages/airflow/example_dags/example_branch_day_of_week_operator.py
[2021-09-14 18:42:39,152] {processor.py:623} INFO - DAG(s) dict_keys(['example_weekday_branch_operator']) retrieved from /home/airflow/.local/lib/python3.8/site-packages/airflow/example_dags/example_branch_day_of_week_operator.py
[2021-09-14 18:42:39,178] {logging_mixin.py:109} INFO - [2021-09-14 18:42:39,178] {dag.py:1833} INFO - Sync 1 DAGs
[2021-09-14 18:42:39,198] {logging_mixin.py:109} INFO - [2021-09-14 18:42:39,197] {dag.py:2306} INFO - Setting next_dagrun for example_weekday_branch_operator to 2021-09-12 00:00:00+00:00
[2021-09-14 18:42:39,211] {processor.py:170} INFO - Processing /home/airflow/.local/lib/python3.8/site-packages/airflow/example_dags/example_branch_day_of_week_operator.py took 0.081 seconds
[2021-09-14 18:43:09,381] {processor.py:162} INFO - Started process (PID=1313) to work on /home/airflow/.local/lib/python3.8/site-packages/airflow/example_dags/example_branch_day_of_week_operator.py
[2021-09-14 18:43:09,382] {processor.py:613} INFO - Processing file /home/airflow/.local/lib/python3.8/site-packages/airflow/example_dags/example_branch_day_of_week_operator.py for tasks to queue
[2021-09-14 18:43:09,383] {logging_mixin.py:109} INFO - [2021-09-14 18:43:09,383] {dagbag.py:496} INFO - Filling up the DagBag from /home/airflow/.local/lib/python3.8/site-packages/airflow/example_dags/example_branch_day_of_week_operator.py
[2021-09-14 18:43:09,396] {processor.py:623} INFO - DAG(s) dict_keys(['example_weekday_branch_operator']) retrieved from /home/airflow/.local/lib/python3.8/site-packages/airflow/example_dags/example_branch_day_of_week_operator.py
[2021-09-14 18:43:09,423] {logging_mixin.py:109} INFO - [2021-09-14 18:43:09,422] {dag.py:1833} INFO - Sync 1 DAGs
[2021-09-14 18:43:09,445] {logging_mixin.py:109} INFO - [2021-09-14 18:43:09,445] {dag.py:2306} INFO - Setting next_dagrun for example_weekday_branch_operator to 2021-09-12 00:00:00+00:00
[2021-09-14 18:43:09,455] {processor.py:170} INFO - Processing /home/airflow/.local/lib/python3.8/site-packages/airflow/example_dags/example_branch_day_of_week_operator.py took 0.078 seconds
[2021-09-14 18:43:39,872] {processor.py:162} INFO - Started process (PID=1371) to work on /home/airflow/.local/lib/python3.8/site-packages/airflow/example_dags/example_branch_day_of_week_operator.py
[2021-09-14 18:43:39,874] {processor.py:613} INFO - Processing file /home/airflow/.local/lib/python3.8/site-packages/airflow/example_dags/example_branch_day_of_week_operator.py for tasks to queue
[2021-09-14 18:43:39,875] {logging_mixin.py:109} INFO - [2021-09-14 18:43:39,875] {dagbag.py:496} INFO - Filling up the DagBag from /home/airflow/.local/lib/python3.8/site-packages/airflow/example_dags/example_branch_day_of_week_operator.py
[2021-09-14 18:43:39,886] {processor.py:623} INFO - DAG(s) dict_keys(['example_weekday_branch_operator']) retrieved from /home/airflow/.local/lib/python3.8/site-packages/airflow/example_dags/example_branch_day_of_week_operator.py
[2021-09-14 18:43:39,908] {logging_mixin.py:109} INFO - [2021-09-14 18:43:39,908] {dag.py:1833} INFO - Sync 1 DAGs
[2021-09-14 18:43:39,924] {logging_mixin.py:109} INFO - [2021-09-14 18:43:39,924] {dag.py:2306} INFO - Setting next_dagrun for example_weekday_branch_operator to 2021-09-12 00:00:00+00:00
[2021-09-14 18:43:39,932] {processor.py:170} INFO - Processing /home/airflow/.local/lib/python3.8/site-packages/airflow/example_dags/example_branch_day_of_week_operator.py took 0.063 seconds
[2021-09-14 18:44:10,777] {processor.py:162} INFO - Started process (PID=1427) to work on /home/airflow/.local/lib/python3.8/site-packages/airflow/example_dags/example_branch_day_of_week_operator.py
[2021-09-14 18:44:10,779] {processor.py:613} INFO - Processing file /home/airflow/.local/lib/python3.8/site-packages/airflow/example_dags/example_branch_day_of_week_operator.py for tasks to queue
[2021-09-14 18:44:10,779] {logging_mixin.py:109} INFO - [2021-09-14 18:44:10,779] {dagbag.py:496} INFO - Filling up the DagBag from /home/airflow/.local/lib/python3.8/site-packages/airflow/example_dags/example_branch_day_of_week_operator.py
[2021-09-14 18:44:10,790] {processor.py:623} INFO - DAG(s) dict_keys(['example_weekday_branch_operator']) retrieved from /home/airflow/.local/lib/python3.8/site-packages/airflow/example_dags/example_branch_day_of_week_operator.py
[2021-09-14 18:44:10,823] {logging_mixin.py:109} INFO - [2021-09-14 18:44:10,823] {dag.py:1833} INFO - Sync 1 DAGs
[2021-09-14 18:44:10,844] {logging_mixin.py:109} INFO - [2021-09-14 18:44:10,844] {dag.py:2306} INFO - Setting next_dagrun for example_weekday_branch_operator to 2021-09-12 00:00:00+00:00
[2021-09-14 18:44:10,854] {processor.py:170} INFO - Processing /home/airflow/.local/lib/python3.8/site-packages/airflow/example_dags/example_branch_day_of_week_operator.py took 0.080 seconds
[2021-09-14 18:44:41,097] {processor.py:162} INFO - Started process (PID=1474) to work on /home/airflow/.local/lib/python3.8/site-packages/airflow/example_dags/example_branch_day_of_week_operator.py
[2021-09-14 18:44:41,099] {processor.py:613} INFO - Processing file /home/airflow/.local/lib/python3.8/site-packages/airflow/example_dags/example_branch_day_of_week_operator.py for tasks to queue
[2021-09-14 18:44:41,100] {logging_mixin.py:109} INFO - [2021-09-14 18:44:41,100] {dagbag.py:496} INFO - Filling up the DagBag from /home/airflow/.local/lib/python3.8/site-packages/airflow/example_dags/example_branch_day_of_week_operator.py
[2021-09-14 18:44:41,132] {processor.py:623} INFO - DAG(s) dict_keys(['example_weekday_branch_operator']) retrieved from /home/airflow/.local/lib/python3.8/site-packages/airflow/example_dags/example_branch_day_of_week_operator.py
[2021-09-14 18:44:41,181] {logging_mixin.py:109} INFO - [2021-09-14 18:44:41,181] {dag.py:1833} INFO - Sync 1 DAGs
[2021-09-14 18:44:41,245] {logging_mixin.py:109} INFO - [2021-09-14 18:44:41,245] {dag.py:2306} INFO - Setting next_dagrun for example_weekday_branch_operator to 2021-09-12 00:00:00+00:00
[2021-09-14 18:44:41,276] {processor.py:170} INFO - Processing /home/airflow/.local/lib/python3.8/site-packages/airflow/example_dags/example_branch_day_of_week_operator.py took 0.183 seconds
[2021-09-14 18:45:11,375] {processor.py:162} INFO - Started process (PID=1530) to work on /home/airflow/.local/lib/python3.8/site-packages/airflow/example_dags/example_branch_day_of_week_operator.py
[2021-09-14 18:45:11,376] {processor.py:613} INFO - Processing file /home/airflow/.local/lib/python3.8/site-packages/airflow/example_dags/example_branch_day_of_week_operator.py for tasks to queue
[2021-09-14 18:45:11,377] {logging_mixin.py:109} INFO - [2021-09-14 18:45:11,376] {dagbag.py:496} INFO - Filling up the DagBag from /home/airflow/.local/lib/python3.8/site-packages/airflow/example_dags/example_branch_day_of_week_operator.py
[2021-09-14 18:45:11,389] {processor.py:623} INFO - DAG(s) dict_keys(['example_weekday_branch_operator']) retrieved from /home/airflow/.local/lib/python3.8/site-packages/airflow/example_dags/example_branch_day_of_week_operator.py
[2021-09-14 18:45:11,407] {logging_mixin.py:109} INFO - [2021-09-14 18:45:11,407] {dag.py:1833} INFO - Sync 1 DAGs
[2021-09-14 18:45:11,421] {logging_mixin.py:109} INFO - [2021-09-14 18:45:11,421] {dag.py:2306} INFO - Setting next_dagrun for example_weekday_branch_operator to 2021-09-12 00:00:00+00:00
[2021-09-14 18:45:11,430] {processor.py:170} INFO - Processing /home/airflow/.local/lib/python3.8/site-packages/airflow/example_dags/example_branch_day_of_week_operator.py took 0.058 seconds
[2021-09-14 18:45:41,890] {processor.py:162} INFO - Started process (PID=1573) to work on /home/airflow/.local/lib/python3.8/site-packages/airflow/example_dags/example_branch_day_of_week_operator.py
[2021-09-14 18:45:41,891] {processor.py:613} INFO - Processing file /home/airflow/.local/lib/python3.8/site-packages/airflow/example_dags/example_branch_day_of_week_operator.py for tasks to queue
[2021-09-14 18:45:41,891] {logging_mixin.py:109} INFO - [2021-09-14 18:45:41,891] {dagbag.py:496} INFO - Filling up the DagBag from /home/airflow/.local/lib/python3.8/site-packages/airflow/example_dags/example_branch_day_of_week_operator.py
[2021-09-14 18:45:41,904] {processor.py:623} INFO - DAG(s) dict_keys(['example_weekday_branch_operator']) retrieved from /home/airflow/.local/lib/python3.8/site-packages/airflow/example_dags/example_branch_day_of_week_operator.py
[2021-09-14 18:45:41,923] {logging_mixin.py:109} INFO - [2021-09-14 18:45:41,922] {dag.py:1833} INFO - Sync 1 DAGs
[2021-09-14 18:45:41,940] {logging_mixin.py:109} INFO - [2021-09-14 18:45:41,940] {dag.py:2306} INFO - Setting next_dagrun for example_weekday_branch_operator to 2021-09-12 00:00:00+00:00
[2021-09-14 18:45:41,953] {processor.py:170} INFO - Processing /home/airflow/.local/lib/python3.8/site-packages/airflow/example_dags/example_branch_day_of_week_operator.py took 0.066 seconds
[2021-09-14 18:46:12,330] {processor.py:162} INFO - Started process (PID=1628) to work on /home/airflow/.local/lib/python3.8/site-packages/airflow/example_dags/example_branch_day_of_week_operator.py
[2021-09-14 18:46:12,331] {processor.py:613} INFO - Processing file /home/airflow/.local/lib/python3.8/site-packages/airflow/example_dags/example_branch_day_of_week_operator.py for tasks to queue
[2021-09-14 18:46:12,331] {logging_mixin.py:109} INFO - [2021-09-14 18:46:12,331] {dagbag.py:496} INFO - Filling up the DagBag from /home/airflow/.local/lib/python3.8/site-packages/airflow/example_dags/example_branch_day_of_week_operator.py
[2021-09-14 18:46:12,340] {processor.py:623} INFO - DAG(s) dict_keys(['example_weekday_branch_operator']) retrieved from /home/airflow/.local/lib/python3.8/site-packages/airflow/example_dags/example_branch_day_of_week_operator.py
[2021-09-14 18:46:12,357] {logging_mixin.py:109} INFO - [2021-09-14 18:46:12,357] {dag.py:1833} INFO - Sync 1 DAGs
[2021-09-14 18:46:12,369] {logging_mixin.py:109} INFO - [2021-09-14 18:46:12,369] {dag.py:2306} INFO - Setting next_dagrun for example_weekday_branch_operator to 2021-09-12 00:00:00+00:00
[2021-09-14 18:46:12,380] {processor.py:170} INFO - Processing /home/airflow/.local/lib/python3.8/site-packages/airflow/example_dags/example_branch_day_of_week_operator.py took 0.053 seconds
[2021-09-14 18:46:43,226] {processor.py:162} INFO - Started process (PID=1683) to work on /home/airflow/.local/lib/python3.8/site-packages/airflow/example_dags/example_branch_day_of_week_operator.py
[2021-09-14 18:46:43,228] {processor.py:613} INFO - Processing file /home/airflow/.local/lib/python3.8/site-packages/airflow/example_dags/example_branch_day_of_week_operator.py for tasks to queue
[2021-09-14 18:46:43,229] {logging_mixin.py:109} INFO - [2021-09-14 18:46:43,229] {dagbag.py:496} INFO - Filling up the DagBag from /home/airflow/.local/lib/python3.8/site-packages/airflow/example_dags/example_branch_day_of_week_operator.py
[2021-09-14 18:46:43,243] {processor.py:623} INFO - DAG(s) dict_keys(['example_weekday_branch_operator']) retrieved from /home/airflow/.local/lib/python3.8/site-packages/airflow/example_dags/example_branch_day_of_week_operator.py
[2021-09-14 18:46:43,272] {logging_mixin.py:109} INFO - [2021-09-14 18:46:43,272] {dag.py:1833} INFO - Sync 1 DAGs
[2021-09-14 18:46:43,294] {logging_mixin.py:109} INFO - [2021-09-14 18:46:43,294] {dag.py:2306} INFO - Setting next_dagrun for example_weekday_branch_operator to 2021-09-12 00:00:00+00:00
[2021-09-14 18:46:43,304] {processor.py:170} INFO - Processing /home/airflow/.local/lib/python3.8/site-packages/airflow/example_dags/example_branch_day_of_week_operator.py took 0.082 seconds
[2021-09-14 18:47:13,732] {processor.py:162} INFO - Started process (PID=1730) to work on /home/airflow/.local/lib/python3.8/site-packages/airflow/example_dags/example_branch_day_of_week_operator.py
[2021-09-14 18:47:13,733] {processor.py:613} INFO - Processing file /home/airflow/.local/lib/python3.8/site-packages/airflow/example_dags/example_branch_day_of_week_operator.py for tasks to queue
[2021-09-14 18:47:13,734] {logging_mixin.py:109} INFO - [2021-09-14 18:47:13,734] {dagbag.py:496} INFO - Filling up the DagBag from /home/airflow/.local/lib/python3.8/site-packages/airflow/example_dags/example_branch_day_of_week_operator.py
[2021-09-14 18:47:13,746] {processor.py:623} INFO - DAG(s) dict_keys(['example_weekday_branch_operator']) retrieved from /home/airflow/.local/lib/python3.8/site-packages/airflow/example_dags/example_branch_day_of_week_operator.py
[2021-09-14 18:47:13,765] {logging_mixin.py:109} INFO - [2021-09-14 18:47:13,765] {dag.py:1833} INFO - Sync 1 DAGs
[2021-09-14 18:47:13,778] {logging_mixin.py:109} INFO - [2021-09-14 18:47:13,778] {dag.py:2306} INFO - Setting next_dagrun for example_weekday_branch_operator to 2021-09-12 00:00:00+00:00
[2021-09-14 18:47:13,788] {processor.py:170} INFO - Processing /home/airflow/.local/lib/python3.8/site-packages/airflow/example_dags/example_branch_day_of_week_operator.py took 0.058 seconds
[2021-09-14 18:47:44,338] {processor.py:162} INFO - Started process (PID=1788) to work on /home/airflow/.local/lib/python3.8/site-packages/airflow/example_dags/example_branch_day_of_week_operator.py
[2021-09-14 18:47:44,340] {processor.py:613} INFO - Processing file /home/airflow/.local/lib/python3.8/site-packages/airflow/example_dags/example_branch_day_of_week_operator.py for tasks to queue
[2021-09-14 18:47:44,341] {logging_mixin.py:109} INFO - [2021-09-14 18:47:44,341] {dagbag.py:496} INFO - Filling up the DagBag from /home/airflow/.local/lib/python3.8/site-packages/airflow/example_dags/example_branch_day_of_week_operator.py
[2021-09-14 18:47:44,355] {processor.py:623} INFO - DAG(s) dict_keys(['example_weekday_branch_operator']) retrieved from /home/airflow/.local/lib/python3.8/site-packages/airflow/example_dags/example_branch_day_of_week_operator.py
[2021-09-14 18:47:44,378] {logging_mixin.py:109} INFO - [2021-09-14 18:47:44,377] {dag.py:1833} INFO - Sync 1 DAGs
[2021-09-14 18:47:44,403] {logging_mixin.py:109} INFO - [2021-09-14 18:47:44,403] {dag.py:2306} INFO - Setting next_dagrun for example_weekday_branch_operator to 2021-09-12 00:00:00+00:00
[2021-09-14 18:47:44,415] {processor.py:170} INFO - Processing /home/airflow/.local/lib/python3.8/site-packages/airflow/example_dags/example_branch_day_of_week_operator.py took 0.082 seconds
[2021-09-14 18:48:14,764] {processor.py:162} INFO - Started process (PID=1835) to work on /home/airflow/.local/lib/python3.8/site-packages/airflow/example_dags/example_branch_day_of_week_operator.py
[2021-09-14 18:48:14,765] {processor.py:613} INFO - Processing file /home/airflow/.local/lib/python3.8/site-packages/airflow/example_dags/example_branch_day_of_week_operator.py for tasks to queue
[2021-09-14 18:48:14,766] {logging_mixin.py:109} INFO - [2021-09-14 18:48:14,766] {dagbag.py:496} INFO - Filling up the DagBag from /home/airflow/.local/lib/python3.8/site-packages/airflow/example_dags/example_branch_day_of_week_operator.py
[2021-09-14 18:48:14,777] {processor.py:623} INFO - DAG(s) dict_keys(['example_weekday_branch_operator']) retrieved from /home/airflow/.local/lib/python3.8/site-packages/airflow/example_dags/example_branch_day_of_week_operator.py
[2021-09-14 18:48:14,796] {logging_mixin.py:109} INFO - [2021-09-14 18:48:14,796] {dag.py:1833} INFO - Sync 1 DAGs
[2021-09-14 18:48:14,814] {logging_mixin.py:109} INFO - [2021-09-14 18:48:14,814] {dag.py:2306} INFO - Setting next_dagrun for example_weekday_branch_operator to 2021-09-12 00:00:00+00:00
[2021-09-14 18:48:14,824] {processor.py:170} INFO - Processing /home/airflow/.local/lib/python3.8/site-packages/airflow/example_dags/example_branch_day_of_week_operator.py took 0.063 seconds
[2021-09-14 18:48:45,218] {processor.py:162} INFO - Started process (PID=1892) to work on /home/airflow/.local/lib/python3.8/site-packages/airflow/example_dags/example_branch_day_of_week_operator.py
[2021-09-14 18:48:45,253] {processor.py:613} INFO - Processing file /home/airflow/.local/lib/python3.8/site-packages/airflow/example_dags/example_branch_day_of_week_operator.py for tasks to queue
[2021-09-14 18:48:45,254] {logging_mixin.py:109} INFO - [2021-09-14 18:48:45,254] {dagbag.py:496} INFO - Filling up the DagBag from /home/airflow/.local/lib/python3.8/site-packages/airflow/example_dags/example_branch_day_of_week_operator.py
[2021-09-14 18:48:45,266] {processor.py:623} INFO - DAG(s) dict_keys(['example_weekday_branch_operator']) retrieved from /home/airflow/.local/lib/python3.8/site-packages/airflow/example_dags/example_branch_day_of_week_operator.py
[2021-09-14 18:48:45,288] {logging_mixin.py:109} INFO - [2021-09-14 18:48:45,288] {dag.py:1833} INFO - Sync 1 DAGs
[2021-09-14 18:48:45,307] {logging_mixin.py:109} INFO - [2021-09-14 18:48:45,306] {dag.py:2306} INFO - Setting next_dagrun for example_weekday_branch_operator to 2021-09-12 00:00:00+00:00
[2021-09-14 18:48:45,315] {processor.py:170} INFO - Processing /home/airflow/.local/lib/python3.8/site-packages/airflow/example_dags/example_branch_day_of_week_operator.py took 0.101 seconds
[2021-09-14 18:49:15,977] {processor.py:162} INFO - Started process (PID=1948) to work on /home/airflow/.local/lib/python3.8/site-packages/airflow/example_dags/example_branch_day_of_week_operator.py
[2021-09-14 18:49:15,994] {processor.py:613} INFO - Processing file /home/airflow/.local/lib/python3.8/site-packages/airflow/example_dags/example_branch_day_of_week_operator.py for tasks to queue
[2021-09-14 18:49:15,998] {logging_mixin.py:109} INFO - [2021-09-14 18:49:15,998] {dagbag.py:496} INFO - Filling up the DagBag from /home/airflow/.local/lib/python3.8/site-packages/airflow/example_dags/example_branch_day_of_week_operator.py
[2021-09-14 18:49:16,014] {processor.py:623} INFO - DAG(s) dict_keys(['example_weekday_branch_operator']) retrieved from /home/airflow/.local/lib/python3.8/site-packages/airflow/example_dags/example_branch_day_of_week_operator.py
[2021-09-14 18:49:16,052] {logging_mixin.py:109} INFO - [2021-09-14 18:49:16,052] {dag.py:1833} INFO - Sync 1 DAGs
[2021-09-14 18:49:16,085] {logging_mixin.py:109} INFO - [2021-09-14 18:49:16,085] {dag.py:2306} INFO - Setting next_dagrun for example_weekday_branch_operator to 2021-09-12 00:00:00+00:00
[2021-09-14 18:49:16,106] {processor.py:170} INFO - Processing /home/airflow/.local/lib/python3.8/site-packages/airflow/example_dags/example_branch_day_of_week_operator.py took 0.132 seconds
[2021-09-14 18:49:46,468] {processor.py:162} INFO - Started process (PID=1995) to work on /home/airflow/.local/lib/python3.8/site-packages/airflow/example_dags/example_branch_day_of_week_operator.py
[2021-09-14 18:49:46,469] {processor.py:613} INFO - Processing file /home/airflow/.local/lib/python3.8/site-packages/airflow/example_dags/example_branch_day_of_week_operator.py for tasks to queue
[2021-09-14 18:49:46,470] {logging_mixin.py:109} INFO - [2021-09-14 18:49:46,470] {dagbag.py:496} INFO - Filling up the DagBag from /home/airflow/.local/lib/python3.8/site-packages/airflow/example_dags/example_branch_day_of_week_operator.py
[2021-09-14 18:49:46,487] {processor.py:623} INFO - DAG(s) dict_keys(['example_weekday_branch_operator']) retrieved from /home/airflow/.local/lib/python3.8/site-packages/airflow/example_dags/example_branch_day_of_week_operator.py
[2021-09-14 18:49:46,515] {logging_mixin.py:109} INFO - [2021-09-14 18:49:46,514] {dag.py:1833} INFO - Sync 1 DAGs
[2021-09-14 18:49:46,539] {logging_mixin.py:109} INFO - [2021-09-14 18:49:46,539] {dag.py:2306} INFO - Setting next_dagrun for example_weekday_branch_operator to 2021-09-12 00:00:00+00:00
[2021-09-14 18:49:46,568] {processor.py:170} INFO - Processing /home/airflow/.local/lib/python3.8/site-packages/airflow/example_dags/example_branch_day_of_week_operator.py took 0.102 seconds
[2021-09-14 18:50:16,680] {processor.py:162} INFO - Started process (PID=2050) to work on /home/airflow/.local/lib/python3.8/site-packages/airflow/example_dags/example_branch_day_of_week_operator.py
[2021-09-14 18:50:16,681] {processor.py:613} INFO - Processing file /home/airflow/.local/lib/python3.8/site-packages/airflow/example_dags/example_branch_day_of_week_operator.py for tasks to queue
[2021-09-14 18:50:16,682] {logging_mixin.py:109} INFO - [2021-09-14 18:50:16,681] {dagbag.py:496} INFO - Filling up the DagBag from /home/airflow/.local/lib/python3.8/site-packages/airflow/example_dags/example_branch_day_of_week_operator.py
[2021-09-14 18:50:16,695] {processor.py:623} INFO - DAG(s) dict_keys(['example_weekday_branch_operator']) retrieved from /home/airflow/.local/lib/python3.8/site-packages/airflow/example_dags/example_branch_day_of_week_operator.py
[2021-09-14 18:50:16,714] {logging_mixin.py:109} INFO - [2021-09-14 18:50:16,714] {dag.py:1833} INFO - Sync 1 DAGs
[2021-09-14 18:50:16,731] {logging_mixin.py:109} INFO - [2021-09-14 18:50:16,731] {dag.py:2306} INFO - Setting next_dagrun for example_weekday_branch_operator to 2021-09-12 00:00:00+00:00
[2021-09-14 18:50:16,741] {processor.py:170} INFO - Processing /home/airflow/.local/lib/python3.8/site-packages/airflow/example_dags/example_branch_day_of_week_operator.py took 0.066 seconds
[2021-09-14 18:50:47,079] {processor.py:162} INFO - Started process (PID=2099) to work on /home/airflow/.local/lib/python3.8/site-packages/airflow/example_dags/example_branch_day_of_week_operator.py
[2021-09-14 18:50:47,080] {processor.py:613} INFO - Processing file /home/airflow/.local/lib/python3.8/site-packages/airflow/example_dags/example_branch_day_of_week_operator.py for tasks to queue
[2021-09-14 18:50:47,082] {logging_mixin.py:109} INFO - [2021-09-14 18:50:47,082] {dagbag.py:496} INFO - Filling up the DagBag from /home/airflow/.local/lib/python3.8/site-packages/airflow/example_dags/example_branch_day_of_week_operator.py
[2021-09-14 18:50:47,112] {processor.py:623} INFO - DAG(s) dict_keys(['example_weekday_branch_operator']) retrieved from /home/airflow/.local/lib/python3.8/site-packages/airflow/example_dags/example_branch_day_of_week_operator.py
[2021-09-14 18:50:47,144] {logging_mixin.py:109} INFO - [2021-09-14 18:50:47,143] {dag.py:1833} INFO - Sync 1 DAGs
[2021-09-14 18:50:47,162] {logging_mixin.py:109} INFO - [2021-09-14 18:50:47,162] {dag.py:2306} INFO - Setting next_dagrun for example_weekday_branch_operator to 2021-09-12 00:00:00+00:00
[2021-09-14 18:50:47,173] {processor.py:170} INFO - Processing /home/airflow/.local/lib/python3.8/site-packages/airflow/example_dags/example_branch_day_of_week_operator.py took 0.097 seconds
[2021-09-14 18:51:17,916] {processor.py:162} INFO - Started process (PID=2162) to work on /home/airflow/.local/lib/python3.8/site-packages/airflow/example_dags/example_branch_day_of_week_operator.py
[2021-09-14 18:51:17,917] {processor.py:613} INFO - Processing file /home/airflow/.local/lib/python3.8/site-packages/airflow/example_dags/example_branch_day_of_week_operator.py for tasks to queue
[2021-09-14 18:51:17,918] {logging_mixin.py:109} INFO - [2021-09-14 18:51:17,918] {dagbag.py:496} INFO - Filling up the DagBag from /home/airflow/.local/lib/python3.8/site-packages/airflow/example_dags/example_branch_day_of_week_operator.py
[2021-09-14 18:51:17,931] {processor.py:623} INFO - DAG(s) dict_keys(['example_weekday_branch_operator']) retrieved from /home/airflow/.local/lib/python3.8/site-packages/airflow/example_dags/example_branch_day_of_week_operator.py
[2021-09-14 18:51:17,953] {logging_mixin.py:109} INFO - [2021-09-14 18:51:17,953] {dag.py:1833} INFO - Sync 1 DAGs
[2021-09-14 18:51:17,970] {logging_mixin.py:109} INFO - [2021-09-14 18:51:17,970] {dag.py:2306} INFO - Setting next_dagrun for example_weekday_branch_operator to 2021-09-12 00:00:00+00:00
[2021-09-14 18:51:17,979] {processor.py:170} INFO - Processing /home/airflow/.local/lib/python3.8/site-packages/airflow/example_dags/example_branch_day_of_week_operator.py took 0.066 seconds
[2021-09-14 18:51:48,745] {processor.py:162} INFO - Started process (PID=2209) to work on /home/airflow/.local/lib/python3.8/site-packages/airflow/example_dags/example_branch_day_of_week_operator.py
[2021-09-14 18:51:48,746] {processor.py:613} INFO - Processing file /home/airflow/.local/lib/python3.8/site-packages/airflow/example_dags/example_branch_day_of_week_operator.py for tasks to queue
[2021-09-14 18:51:48,746] {logging_mixin.py:109} INFO - [2021-09-14 18:51:48,746] {dagbag.py:496} INFO - Filling up the DagBag from /home/airflow/.local/lib/python3.8/site-packages/airflow/example_dags/example_branch_day_of_week_operator.py
[2021-09-14 18:51:48,759] {processor.py:623} INFO - DAG(s) dict_keys(['example_weekday_branch_operator']) retrieved from /home/airflow/.local/lib/python3.8/site-packages/airflow/example_dags/example_branch_day_of_week_operator.py
[2021-09-14 18:51:48,778] {logging_mixin.py:109} INFO - [2021-09-14 18:51:48,778] {dag.py:1833} INFO - Sync 1 DAGs
[2021-09-14 18:51:48,792] {logging_mixin.py:109} INFO - [2021-09-14 18:51:48,792] {dag.py:2306} INFO - Setting next_dagrun for example_weekday_branch_operator to 2021-09-12 00:00:00+00:00
[2021-09-14 18:51:48,799] {processor.py:170} INFO - Processing /home/airflow/.local/lib/python3.8/site-packages/airflow/example_dags/example_branch_day_of_week_operator.py took 0.057 seconds
[2021-09-14 18:52:18,953] {processor.py:162} INFO - Started process (PID=2267) to work on /home/airflow/.local/lib/python3.8/site-packages/airflow/example_dags/example_branch_day_of_week_operator.py
[2021-09-14 18:52:18,954] {processor.py:613} INFO - Processing file /home/airflow/.local/lib/python3.8/site-packages/airflow/example_dags/example_branch_day_of_week_operator.py for tasks to queue
[2021-09-14 18:52:18,955] {logging_mixin.py:109} INFO - [2021-09-14 18:52:18,955] {dagbag.py:496} INFO - Filling up the DagBag from /home/airflow/.local/lib/python3.8/site-packages/airflow/example_dags/example_branch_day_of_week_operator.py
[2021-09-14 18:52:18,964] {processor.py:623} INFO - DAG(s) dict_keys(['example_weekday_branch_operator']) retrieved from /home/airflow/.local/lib/python3.8/site-packages/airflow/example_dags/example_branch_day_of_week_operator.py
[2021-09-14 18:52:18,977] {logging_mixin.py:109} INFO - [2021-09-14 18:52:18,977] {dag.py:1833} INFO - Sync 1 DAGs
[2021-09-14 18:52:18,988] {logging_mixin.py:109} INFO - [2021-09-14 18:52:18,988] {dag.py:2306} INFO - Setting next_dagrun for example_weekday_branch_operator to 2021-09-12 00:00:00+00:00
[2021-09-14 18:52:18,995] {processor.py:170} INFO - Processing /home/airflow/.local/lib/python3.8/site-packages/airflow/example_dags/example_branch_day_of_week_operator.py took 0.044 seconds
[2021-09-14 18:52:49,259] {processor.py:162} INFO - Started process (PID=2324) to work on /home/airflow/.local/lib/python3.8/site-packages/airflow/example_dags/example_branch_day_of_week_operator.py
[2021-09-14 18:52:49,281] {processor.py:613} INFO - Processing file /home/airflow/.local/lib/python3.8/site-packages/airflow/example_dags/example_branch_day_of_week_operator.py for tasks to queue
[2021-09-14 18:52:49,282] {logging_mixin.py:109} INFO - [2021-09-14 18:52:49,282] {dagbag.py:496} INFO - Filling up the DagBag from /home/airflow/.local/lib/python3.8/site-packages/airflow/example_dags/example_branch_day_of_week_operator.py
[2021-09-14 18:52:49,292] {processor.py:623} INFO - DAG(s) dict_keys(['example_weekday_branch_operator']) retrieved from /home/airflow/.local/lib/python3.8/site-packages/airflow/example_dags/example_branch_day_of_week_operator.py
[2021-09-14 18:52:49,309] {logging_mixin.py:109} INFO - [2021-09-14 18:52:49,309] {dag.py:1833} INFO - Sync 1 DAGs
[2021-09-14 18:52:49,322] {logging_mixin.py:109} INFO - [2021-09-14 18:52:49,322] {dag.py:2306} INFO - Setting next_dagrun for example_weekday_branch_operator to 2021-09-12 00:00:00+00:00
[2021-09-14 18:52:49,330] {processor.py:170} INFO - Processing /home/airflow/.local/lib/python3.8/site-packages/airflow/example_dags/example_branch_day_of_week_operator.py took 0.075 seconds
[2021-09-14 18:53:19,675] {processor.py:162} INFO - Started process (PID=2370) to work on /home/airflow/.local/lib/python3.8/site-packages/airflow/example_dags/example_branch_day_of_week_operator.py
[2021-09-14 18:53:19,676] {processor.py:613} INFO - Processing file /home/airflow/.local/lib/python3.8/site-packages/airflow/example_dags/example_branch_day_of_week_operator.py for tasks to queue
[2021-09-14 18:53:19,677] {logging_mixin.py:109} INFO - [2021-09-14 18:53:19,676] {dagbag.py:496} INFO - Filling up the DagBag from /home/airflow/.local/lib/python3.8/site-packages/airflow/example_dags/example_branch_day_of_week_operator.py
[2021-09-14 18:53:19,686] {processor.py:623} INFO - DAG(s) dict_keys(['example_weekday_branch_operator']) retrieved from /home/airflow/.local/lib/python3.8/site-packages/airflow/example_dags/example_branch_day_of_week_operator.py
[2021-09-14 18:53:19,705] {logging_mixin.py:109} INFO - [2021-09-14 18:53:19,704] {dag.py:1833} INFO - Sync 1 DAGs
[2021-09-14 18:53:19,724] {logging_mixin.py:109} INFO - [2021-09-14 18:53:19,724] {dag.py:2306} INFO - Setting next_dagrun for example_weekday_branch_operator to 2021-09-12 00:00:00+00:00
[2021-09-14 18:53:19,734] {processor.py:170} INFO - Processing /home/airflow/.local/lib/python3.8/site-packages/airflow/example_dags/example_branch_day_of_week_operator.py took 0.061 seconds
[2021-09-14 18:53:50,081] {processor.py:162} INFO - Started process (PID=2426) to work on /home/airflow/.local/lib/python3.8/site-packages/airflow/example_dags/example_branch_day_of_week_operator.py
[2021-09-14 18:53:50,084] {processor.py:613} INFO - Processing file /home/airflow/.local/lib/python3.8/site-packages/airflow/example_dags/example_branch_day_of_week_operator.py for tasks to queue
[2021-09-14 18:53:50,085] {logging_mixin.py:109} INFO - [2021-09-14 18:53:50,084] {dagbag.py:496} INFO - Filling up the DagBag from /home/airflow/.local/lib/python3.8/site-packages/airflow/example_dags/example_branch_day_of_week_operator.py
[2021-09-14 18:53:50,104] {processor.py:623} INFO - DAG(s) dict_keys(['example_weekday_branch_operator']) retrieved from /home/airflow/.local/lib/python3.8/site-packages/airflow/example_dags/example_branch_day_of_week_operator.py
[2021-09-14 18:53:50,167] {logging_mixin.py:109} INFO - [2021-09-14 18:53:50,166] {dag.py:1833} INFO - Sync 1 DAGs
[2021-09-14 18:53:50,187] {logging_mixin.py:109} INFO - [2021-09-14 18:53:50,187] {dag.py:2306} INFO - Setting next_dagrun for example_weekday_branch_operator to 2021-09-12 00:00:00+00:00
[2021-09-14 18:53:50,195] {processor.py:170} INFO - Processing /home/airflow/.local/lib/python3.8/site-packages/airflow/example_dags/example_branch_day_of_week_operator.py took 0.118 seconds
[2021-09-14 18:54:20,451] {processor.py:162} INFO - Started process (PID=2474) to work on /home/airflow/.local/lib/python3.8/site-packages/airflow/example_dags/example_branch_day_of_week_operator.py
[2021-09-14 18:54:20,452] {processor.py:613} INFO - Processing file /home/airflow/.local/lib/python3.8/site-packages/airflow/example_dags/example_branch_day_of_week_operator.py for tasks to queue
[2021-09-14 18:54:20,453] {logging_mixin.py:109} INFO - [2021-09-14 18:54:20,453] {dagbag.py:496} INFO - Filling up the DagBag from /home/airflow/.local/lib/python3.8/site-packages/airflow/example_dags/example_branch_day_of_week_operator.py
[2021-09-14 18:54:20,462] {processor.py:623} INFO - DAG(s) dict_keys(['example_weekday_branch_operator']) retrieved from /home/airflow/.local/lib/python3.8/site-packages/airflow/example_dags/example_branch_day_of_week_operator.py
[2021-09-14 18:54:20,484] {logging_mixin.py:109} INFO - [2021-09-14 18:54:20,484] {dag.py:1833} INFO - Sync 1 DAGs
[2021-09-14 18:54:20,495] {logging_mixin.py:109} INFO - [2021-09-14 18:54:20,495] {dag.py:2306} INFO - Setting next_dagrun for example_weekday_branch_operator to 2021-09-12 00:00:00+00:00
[2021-09-14 18:54:20,501] {processor.py:170} INFO - Processing /home/airflow/.local/lib/python3.8/site-packages/airflow/example_dags/example_branch_day_of_week_operator.py took 0.052 seconds
[2021-09-14 18:54:50,816] {processor.py:162} INFO - Started process (PID=2529) to work on /home/airflow/.local/lib/python3.8/site-packages/airflow/example_dags/example_branch_day_of_week_operator.py
[2021-09-14 18:54:50,817] {processor.py:613} INFO - Processing file /home/airflow/.local/lib/python3.8/site-packages/airflow/example_dags/example_branch_day_of_week_operator.py for tasks to queue
[2021-09-14 18:54:50,818] {logging_mixin.py:109} INFO - [2021-09-14 18:54:50,818] {dagbag.py:496} INFO - Filling up the DagBag from /home/airflow/.local/lib/python3.8/site-packages/airflow/example_dags/example_branch_day_of_week_operator.py
[2021-09-14 18:54:50,830] {processor.py:623} INFO - DAG(s) dict_keys(['example_weekday_branch_operator']) retrieved from /home/airflow/.local/lib/python3.8/site-packages/airflow/example_dags/example_branch_day_of_week_operator.py
[2021-09-14 18:54:50,846] {logging_mixin.py:109} INFO - [2021-09-14 18:54:50,846] {dag.py:1833} INFO - Sync 1 DAGs
[2021-09-14 18:54:50,858] {logging_mixin.py:109} INFO - [2021-09-14 18:54:50,858] {dag.py:2306} INFO - Setting next_dagrun for example_weekday_branch_operator to 2021-09-12 00:00:00+00:00
[2021-09-14 18:54:50,864] {processor.py:170} INFO - Processing /home/airflow/.local/lib/python3.8/site-packages/airflow/example_dags/example_branch_day_of_week_operator.py took 0.051 seconds
[2021-09-14 18:55:21,245] {processor.py:162} INFO - Started process (PID=2576) to work on /home/airflow/.local/lib/python3.8/site-packages/airflow/example_dags/example_branch_day_of_week_operator.py
[2021-09-14 18:55:21,268] {processor.py:613} INFO - Processing file /home/airflow/.local/lib/python3.8/site-packages/airflow/example_dags/example_branch_day_of_week_operator.py for tasks to queue
[2021-09-14 18:55:21,268] {logging_mixin.py:109} INFO - [2021-09-14 18:55:21,268] {dagbag.py:496} INFO - Filling up the DagBag from /home/airflow/.local/lib/python3.8/site-packages/airflow/example_dags/example_branch_day_of_week_operator.py
[2021-09-14 18:55:21,277] {processor.py:623} INFO - DAG(s) dict_keys(['example_weekday_branch_operator']) retrieved from /home/airflow/.local/lib/python3.8/site-packages/airflow/example_dags/example_branch_day_of_week_operator.py
[2021-09-14 18:55:21,293] {logging_mixin.py:109} INFO - [2021-09-14 18:55:21,293] {dag.py:1833} INFO - Sync 1 DAGs
[2021-09-14 18:55:21,306] {logging_mixin.py:109} INFO - [2021-09-14 18:55:21,306] {dag.py:2306} INFO - Setting next_dagrun for example_weekday_branch_operator to 2021-09-12 00:00:00+00:00
[2021-09-14 18:55:21,313] {processor.py:170} INFO - Processing /home/airflow/.local/lib/python3.8/site-packages/airflow/example_dags/example_branch_day_of_week_operator.py took 0.071 seconds
[2021-09-14 18:55:52,025] {processor.py:162} INFO - Started process (PID=2631) to work on /home/airflow/.local/lib/python3.8/site-packages/airflow/example_dags/example_branch_day_of_week_operator.py
[2021-09-14 18:55:52,026] {processor.py:613} INFO - Processing file /home/airflow/.local/lib/python3.8/site-packages/airflow/example_dags/example_branch_day_of_week_operator.py for tasks to queue
[2021-09-14 18:55:52,027] {logging_mixin.py:109} INFO - [2021-09-14 18:55:52,027] {dagbag.py:496} INFO - Filling up the DagBag from /home/airflow/.local/lib/python3.8/site-packages/airflow/example_dags/example_branch_day_of_week_operator.py
[2021-09-14 18:55:52,039] {processor.py:623} INFO - DAG(s) dict_keys(['example_weekday_branch_operator']) retrieved from /home/airflow/.local/lib/python3.8/site-packages/airflow/example_dags/example_branch_day_of_week_operator.py
[2021-09-14 18:55:52,058] {logging_mixin.py:109} INFO - [2021-09-14 18:55:52,058] {dag.py:1833} INFO - Sync 1 DAGs
[2021-09-14 18:55:52,075] {logging_mixin.py:109} INFO - [2021-09-14 18:55:52,075] {dag.py:2306} INFO - Setting next_dagrun for example_weekday_branch_operator to 2021-09-12 00:00:00+00:00
[2021-09-14 18:55:52,083] {processor.py:170} INFO - Processing /home/airflow/.local/lib/python3.8/site-packages/airflow/example_dags/example_branch_day_of_week_operator.py took 0.062 seconds
[2021-09-14 18:56:22,326] {processor.py:162} INFO - Started process (PID=2687) to work on /home/airflow/.local/lib/python3.8/site-packages/airflow/example_dags/example_branch_day_of_week_operator.py
[2021-09-14 18:56:22,372] {processor.py:613} INFO - Processing file /home/airflow/.local/lib/python3.8/site-packages/airflow/example_dags/example_branch_day_of_week_operator.py for tasks to queue
[2021-09-14 18:56:22,373] {logging_mixin.py:109} INFO - [2021-09-14 18:56:22,372] {dagbag.py:496} INFO - Filling up the DagBag from /home/airflow/.local/lib/python3.8/site-packages/airflow/example_dags/example_branch_day_of_week_operator.py
[2021-09-14 18:56:22,382] {processor.py:623} INFO - DAG(s) dict_keys(['example_weekday_branch_operator']) retrieved from /home/airflow/.local/lib/python3.8/site-packages/airflow/example_dags/example_branch_day_of_week_operator.py
[2021-09-14 18:56:22,396] {logging_mixin.py:109} INFO - [2021-09-14 18:56:22,396] {dag.py:1833} INFO - Sync 1 DAGs
[2021-09-14 18:56:22,408] {logging_mixin.py:109} INFO - [2021-09-14 18:56:22,408] {dag.py:2306} INFO - Setting next_dagrun for example_weekday_branch_operator to 2021-09-12 00:00:00+00:00
[2021-09-14 18:56:22,414] {processor.py:170} INFO - Processing /home/airflow/.local/lib/python3.8/site-packages/airflow/example_dags/example_branch_day_of_week_operator.py took 0.091 seconds
[2021-09-14 18:56:52,670] {processor.py:162} INFO - Started process (PID=2736) to work on /home/airflow/.local/lib/python3.8/site-packages/airflow/example_dags/example_branch_day_of_week_operator.py
[2021-09-14 18:56:52,711] {processor.py:613} INFO - Processing file /home/airflow/.local/lib/python3.8/site-packages/airflow/example_dags/example_branch_day_of_week_operator.py for tasks to queue
[2021-09-14 18:56:52,711] {logging_mixin.py:109} INFO - [2021-09-14 18:56:52,711] {dagbag.py:496} INFO - Filling up the DagBag from /home/airflow/.local/lib/python3.8/site-packages/airflow/example_dags/example_branch_day_of_week_operator.py
[2021-09-14 18:56:52,721] {processor.py:623} INFO - DAG(s) dict_keys(['example_weekday_branch_operator']) retrieved from /home/airflow/.local/lib/python3.8/site-packages/airflow/example_dags/example_branch_day_of_week_operator.py
[2021-09-14 18:56:52,735] {logging_mixin.py:109} INFO - [2021-09-14 18:56:52,734] {dag.py:1833} INFO - Sync 1 DAGs
[2021-09-14 18:56:52,745] {logging_mixin.py:109} INFO - [2021-09-14 18:56:52,745] {dag.py:2306} INFO - Setting next_dagrun for example_weekday_branch_operator to 2021-09-12 00:00:00+00:00
[2021-09-14 18:56:52,751] {processor.py:170} INFO - Processing /home/airflow/.local/lib/python3.8/site-packages/airflow/example_dags/example_branch_day_of_week_operator.py took 0.083 seconds
[2021-09-14 18:57:23,437] {processor.py:162} INFO - Started process (PID=2792) to work on /home/airflow/.local/lib/python3.8/site-packages/airflow/example_dags/example_branch_day_of_week_operator.py
[2021-09-14 18:57:23,462] {processor.py:613} INFO - Processing file /home/airflow/.local/lib/python3.8/site-packages/airflow/example_dags/example_branch_day_of_week_operator.py for tasks to queue
[2021-09-14 18:57:23,463] {logging_mixin.py:109} INFO - [2021-09-14 18:57:23,463] {dagbag.py:496} INFO - Filling up the DagBag from /home/airflow/.local/lib/python3.8/site-packages/airflow/example_dags/example_branch_day_of_week_operator.py
[2021-09-14 18:57:23,473] {processor.py:623} INFO - DAG(s) dict_keys(['example_weekday_branch_operator']) retrieved from /home/airflow/.local/lib/python3.8/site-packages/airflow/example_dags/example_branch_day_of_week_operator.py
[2021-09-14 18:57:23,491] {logging_mixin.py:109} INFO - [2021-09-14 18:57:23,491] {dag.py:1833} INFO - Sync 1 DAGs
[2021-09-14 18:57:23,508] {logging_mixin.py:109} INFO - [2021-09-14 18:57:23,508] {dag.py:2306} INFO - Setting next_dagrun for example_weekday_branch_operator to 2021-09-12 00:00:00+00:00
[2021-09-14 18:57:23,516] {processor.py:170} INFO - Processing /home/airflow/.local/lib/python3.8/site-packages/airflow/example_dags/example_branch_day_of_week_operator.py took 0.081 seconds
[2021-09-14 18:57:54,420] {processor.py:162} INFO - Started process (PID=2839) to work on /home/airflow/.local/lib/python3.8/site-packages/airflow/example_dags/example_branch_day_of_week_operator.py
[2021-09-14 18:57:54,420] {processor.py:613} INFO - Processing file /home/airflow/.local/lib/python3.8/site-packages/airflow/example_dags/example_branch_day_of_week_operator.py for tasks to queue
[2021-09-14 18:57:54,421] {logging_mixin.py:109} INFO - [2021-09-14 18:57:54,421] {dagbag.py:496} INFO - Filling up the DagBag from /home/airflow/.local/lib/python3.8/site-packages/airflow/example_dags/example_branch_day_of_week_operator.py
[2021-09-14 18:57:54,430] {processor.py:623} INFO - DAG(s) dict_keys(['example_weekday_branch_operator']) retrieved from /home/airflow/.local/lib/python3.8/site-packages/airflow/example_dags/example_branch_day_of_week_operator.py
[2021-09-14 18:57:54,444] {logging_mixin.py:109} INFO - [2021-09-14 18:57:54,444] {dag.py:1833} INFO - Sync 1 DAGs
[2021-09-14 18:57:54,455] {logging_mixin.py:109} INFO - [2021-09-14 18:57:54,455] {dag.py:2306} INFO - Setting next_dagrun for example_weekday_branch_operator to 2021-09-12 00:00:00+00:00
[2021-09-14 18:57:54,462] {processor.py:170} INFO - Processing /home/airflow/.local/lib/python3.8/site-packages/airflow/example_dags/example_branch_day_of_week_operator.py took 0.045 seconds
[2021-09-14 18:58:25,414] {processor.py:162} INFO - Started process (PID=2895) to work on /home/airflow/.local/lib/python3.8/site-packages/airflow/example_dags/example_branch_day_of_week_operator.py
[2021-09-14 18:58:25,415] {processor.py:613} INFO - Processing file /home/airflow/.local/lib/python3.8/site-packages/airflow/example_dags/example_branch_day_of_week_operator.py for tasks to queue
[2021-09-14 18:58:25,416] {logging_mixin.py:109} INFO - [2021-09-14 18:58:25,416] {dagbag.py:496} INFO - Filling up the DagBag from /home/airflow/.local/lib/python3.8/site-packages/airflow/example_dags/example_branch_day_of_week_operator.py
[2021-09-14 18:58:25,425] {processor.py:623} INFO - DAG(s) dict_keys(['example_weekday_branch_operator']) retrieved from /home/airflow/.local/lib/python3.8/site-packages/airflow/example_dags/example_branch_day_of_week_operator.py
[2021-09-14 18:58:25,439] {logging_mixin.py:109} INFO - [2021-09-14 18:58:25,439] {dag.py:1833} INFO - Sync 1 DAGs
[2021-09-14 18:58:25,450] {logging_mixin.py:109} INFO - [2021-09-14 18:58:25,450] {dag.py:2306} INFO - Setting next_dagrun for example_weekday_branch_operator to 2021-09-12 00:00:00+00:00
[2021-09-14 18:58:25,456] {processor.py:170} INFO - Processing /home/airflow/.local/lib/python3.8/site-packages/airflow/example_dags/example_branch_day_of_week_operator.py took 0.045 seconds
[2021-09-14 18:58:55,748] {processor.py:162} INFO - Started process (PID=2952) to work on /home/airflow/.local/lib/python3.8/site-packages/airflow/example_dags/example_branch_day_of_week_operator.py
[2021-09-14 18:58:55,750] {processor.py:613} INFO - Processing file /home/airflow/.local/lib/python3.8/site-packages/airflow/example_dags/example_branch_day_of_week_operator.py for tasks to queue
[2021-09-14 18:58:55,751] {logging_mixin.py:109} INFO - [2021-09-14 18:58:55,751] {dagbag.py:496} INFO - Filling up the DagBag from /home/airflow/.local/lib/python3.8/site-packages/airflow/example_dags/example_branch_day_of_week_operator.py
[2021-09-14 18:58:55,759] {processor.py:623} INFO - DAG(s) dict_keys(['example_weekday_branch_operator']) retrieved from /home/airflow/.local/lib/python3.8/site-packages/airflow/example_dags/example_branch_day_of_week_operator.py
[2021-09-14 18:58:55,773] {logging_mixin.py:109} INFO - [2021-09-14 18:58:55,772] {dag.py:1833} INFO - Sync 1 DAGs
[2021-09-14 18:58:55,783] {logging_mixin.py:109} INFO - [2021-09-14 18:58:55,783] {dag.py:2306} INFO - Setting next_dagrun for example_weekday_branch_operator to 2021-09-12 00:00:00+00:00
[2021-09-14 18:58:55,791] {processor.py:170} INFO - Processing /home/airflow/.local/lib/python3.8/site-packages/airflow/example_dags/example_branch_day_of_week_operator.py took 0.045 seconds
[2021-09-14 18:59:26,130] {processor.py:162} INFO - Started process (PID=2999) to work on /home/airflow/.local/lib/python3.8/site-packages/airflow/example_dags/example_branch_day_of_week_operator.py
[2021-09-14 18:59:26,131] {processor.py:613} INFO - Processing file /home/airflow/.local/lib/python3.8/site-packages/airflow/example_dags/example_branch_day_of_week_operator.py for tasks to queue
[2021-09-14 18:59:26,132] {logging_mixin.py:109} INFO - [2021-09-14 18:59:26,132] {dagbag.py:496} INFO - Filling up the DagBag from /home/airflow/.local/lib/python3.8/site-packages/airflow/example_dags/example_branch_day_of_week_operator.py
[2021-09-14 18:59:26,140] {processor.py:623} INFO - DAG(s) dict_keys(['example_weekday_branch_operator']) retrieved from /home/airflow/.local/lib/python3.8/site-packages/airflow/example_dags/example_branch_day_of_week_operator.py
[2021-09-14 18:59:26,156] {logging_mixin.py:109} INFO - [2021-09-14 18:59:26,156] {dag.py:1833} INFO - Sync 1 DAGs
[2021-09-14 18:59:26,167] {logging_mixin.py:109} INFO - [2021-09-14 18:59:26,167] {dag.py:2306} INFO - Setting next_dagrun for example_weekday_branch_operator to 2021-09-12 00:00:00+00:00
[2021-09-14 18:59:26,174] {processor.py:170} INFO - Processing /home/airflow/.local/lib/python3.8/site-packages/airflow/example_dags/example_branch_day_of_week_operator.py took 0.048 seconds
[2021-09-14 18:59:56,531] {processor.py:162} INFO - Started process (PID=3056) to work on /home/airflow/.local/lib/python3.8/site-packages/airflow/example_dags/example_branch_day_of_week_operator.py
[2021-09-14 18:59:56,532] {processor.py:613} INFO - Processing file /home/airflow/.local/lib/python3.8/site-packages/airflow/example_dags/example_branch_day_of_week_operator.py for tasks to queue
[2021-09-14 18:59:56,532] {logging_mixin.py:109} INFO - [2021-09-14 18:59:56,532] {dagbag.py:496} INFO - Filling up the DagBag from /home/airflow/.local/lib/python3.8/site-packages/airflow/example_dags/example_branch_day_of_week_operator.py
[2021-09-14 18:59:56,541] {processor.py:623} INFO - DAG(s) dict_keys(['example_weekday_branch_operator']) retrieved from /home/airflow/.local/lib/python3.8/site-packages/airflow/example_dags/example_branch_day_of_week_operator.py
[2021-09-14 18:59:56,555] {logging_mixin.py:109} INFO - [2021-09-14 18:59:56,555] {dag.py:1833} INFO - Sync 1 DAGs
[2021-09-14 18:59:56,566] {logging_mixin.py:109} INFO - [2021-09-14 18:59:56,566] {dag.py:2306} INFO - Setting next_dagrun for example_weekday_branch_operator to 2021-09-12 00:00:00+00:00
[2021-09-14 18:59:56,573] {processor.py:170} INFO - Processing /home/airflow/.local/lib/python3.8/site-packages/airflow/example_dags/example_branch_day_of_week_operator.py took 0.044 seconds
[2021-09-14 19:00:26,952] {processor.py:162} INFO - Started process (PID=3112) to work on /home/airflow/.local/lib/python3.8/site-packages/airflow/example_dags/example_branch_day_of_week_operator.py
[2021-09-14 19:00:26,953] {processor.py:613} INFO - Processing file /home/airflow/.local/lib/python3.8/site-packages/airflow/example_dags/example_branch_day_of_week_operator.py for tasks to queue
[2021-09-14 19:00:26,954] {logging_mixin.py:109} INFO - [2021-09-14 19:00:26,954] {dagbag.py:496} INFO - Filling up the DagBag from /home/airflow/.local/lib/python3.8/site-packages/airflow/example_dags/example_branch_day_of_week_operator.py
[2021-09-14 19:00:26,963] {processor.py:623} INFO - DAG(s) dict_keys(['example_weekday_branch_operator']) retrieved from /home/airflow/.local/lib/python3.8/site-packages/airflow/example_dags/example_branch_day_of_week_operator.py
[2021-09-14 19:00:26,979] {logging_mixin.py:109} INFO - [2021-09-14 19:00:26,979] {dag.py:1833} INFO - Sync 1 DAGs
[2021-09-14 19:00:26,995] {logging_mixin.py:109} INFO - [2021-09-14 19:00:26,995] {dag.py:2306} INFO - Setting next_dagrun for example_weekday_branch_operator to 2021-09-12 00:00:00+00:00
[2021-09-14 19:00:27,013] {processor.py:170} INFO - Processing /home/airflow/.local/lib/python3.8/site-packages/airflow/example_dags/example_branch_day_of_week_operator.py took 0.063 seconds
[2021-09-14 19:00:57,833] {processor.py:162} INFO - Started process (PID=3162) to work on /home/airflow/.local/lib/python3.8/site-packages/airflow/example_dags/example_branch_day_of_week_operator.py
[2021-09-14 19:00:57,834] {processor.py:613} INFO - Processing file /home/airflow/.local/lib/python3.8/site-packages/airflow/example_dags/example_branch_day_of_week_operator.py for tasks to queue
[2021-09-14 19:00:57,835] {logging_mixin.py:109} INFO - [2021-09-14 19:00:57,835] {dagbag.py:496} INFO - Filling up the DagBag from /home/airflow/.local/lib/python3.8/site-packages/airflow/example_dags/example_branch_day_of_week_operator.py
[2021-09-14 19:00:57,844] {processor.py:623} INFO - DAG(s) dict_keys(['example_weekday_branch_operator']) retrieved from /home/airflow/.local/lib/python3.8/site-packages/airflow/example_dags/example_branch_day_of_week_operator.py
[2021-09-14 19:00:57,858] {logging_mixin.py:109} INFO - [2021-09-14 19:00:57,858] {dag.py:1833} INFO - Sync 1 DAGs
[2021-09-14 19:00:57,869] {logging_mixin.py:109} INFO - [2021-09-14 19:00:57,869] {dag.py:2306} INFO - Setting next_dagrun for example_weekday_branch_operator to 2021-09-12 00:00:00+00:00
[2021-09-14 19:00:57,877] {processor.py:170} INFO - Processing /home/airflow/.local/lib/python3.8/site-packages/airflow/example_dags/example_branch_day_of_week_operator.py took 0.047 seconds
[2021-09-14 19:01:28,750] {processor.py:162} INFO - Started process (PID=3218) to work on /home/airflow/.local/lib/python3.8/site-packages/airflow/example_dags/example_branch_day_of_week_operator.py
[2021-09-14 19:01:28,752] {processor.py:613} INFO - Processing file /home/airflow/.local/lib/python3.8/site-packages/airflow/example_dags/example_branch_day_of_week_operator.py for tasks to queue
[2021-09-14 19:01:28,753] {logging_mixin.py:109} INFO - [2021-09-14 19:01:28,753] {dagbag.py:496} INFO - Filling up the DagBag from /home/airflow/.local/lib/python3.8/site-packages/airflow/example_dags/example_branch_day_of_week_operator.py
[2021-09-14 19:01:28,774] {processor.py:623} INFO - DAG(s) dict_keys(['example_weekday_branch_operator']) retrieved from /home/airflow/.local/lib/python3.8/site-packages/airflow/example_dags/example_branch_day_of_week_operator.py
[2021-09-14 19:01:28,804] {logging_mixin.py:109} INFO - [2021-09-14 19:01:28,802] {dag.py:1833} INFO - Sync 1 DAGs
[2021-09-14 19:01:28,836] {logging_mixin.py:109} INFO - [2021-09-14 19:01:28,836] {dag.py:2306} INFO - Setting next_dagrun for example_weekday_branch_operator to 2021-09-12 00:00:00+00:00
[2021-09-14 19:01:28,850] {processor.py:170} INFO - Processing /home/airflow/.local/lib/python3.8/site-packages/airflow/example_dags/example_branch_day_of_week_operator.py took 0.103 seconds
[2021-09-14 19:01:59,038] {processor.py:162} INFO - Started process (PID=3267) to work on /home/airflow/.local/lib/python3.8/site-packages/airflow/example_dags/example_branch_day_of_week_operator.py
[2021-09-14 19:01:59,039] {processor.py:613} INFO - Processing file /home/airflow/.local/lib/python3.8/site-packages/airflow/example_dags/example_branch_day_of_week_operator.py for tasks to queue
[2021-09-14 19:01:59,040] {logging_mixin.py:109} INFO - [2021-09-14 19:01:59,040] {dagbag.py:496} INFO - Filling up the DagBag from /home/airflow/.local/lib/python3.8/site-packages/airflow/example_dags/example_branch_day_of_week_operator.py
[2021-09-14 19:01:59,049] {processor.py:623} INFO - DAG(s) dict_keys(['example_weekday_branch_operator']) retrieved from /home/airflow/.local/lib/python3.8/site-packages/airflow/example_dags/example_branch_day_of_week_operator.py
[2021-09-14 19:01:59,063] {logging_mixin.py:109} INFO - [2021-09-14 19:01:59,063] {dag.py:1833} INFO - Sync 1 DAGs
[2021-09-14 19:01:59,081] {logging_mixin.py:109} INFO - [2021-09-14 19:01:59,081] {dag.py:2306} INFO - Setting next_dagrun for example_weekday_branch_operator to 2021-09-12 00:00:00+00:00
[2021-09-14 19:01:59,088] {processor.py:170} INFO - Processing /home/airflow/.local/lib/python3.8/site-packages/airflow/example_dags/example_branch_day_of_week_operator.py took 0.052 seconds
[2021-09-14 19:02:30,427] {processor.py:162} INFO - Started process (PID=3324) to work on /home/airflow/.local/lib/python3.8/site-packages/airflow/example_dags/example_branch_day_of_week_operator.py
[2021-09-14 19:02:30,428] {processor.py:613} INFO - Processing file /home/airflow/.local/lib/python3.8/site-packages/airflow/example_dags/example_branch_day_of_week_operator.py for tasks to queue
[2021-09-14 19:02:30,429] {logging_mixin.py:109} INFO - [2021-09-14 19:02:30,429] {dagbag.py:496} INFO - Filling up the DagBag from /home/airflow/.local/lib/python3.8/site-packages/airflow/example_dags/example_branch_day_of_week_operator.py
[2021-09-14 19:02:30,448] {processor.py:623} INFO - DAG(s) dict_keys(['example_weekday_branch_operator']) retrieved from /home/airflow/.local/lib/python3.8/site-packages/airflow/example_dags/example_branch_day_of_week_operator.py
[2021-09-14 19:02:30,485] {logging_mixin.py:109} INFO - [2021-09-14 19:02:30,485] {dag.py:1833} INFO - Sync 1 DAGs
[2021-09-14 19:02:30,509] {logging_mixin.py:109} INFO - [2021-09-14 19:02:30,508] {dag.py:2306} INFO - Setting next_dagrun for example_weekday_branch_operator to 2021-09-12 00:00:00+00:00
[2021-09-14 19:02:30,522] {processor.py:170} INFO - Processing /home/airflow/.local/lib/python3.8/site-packages/airflow/example_dags/example_branch_day_of_week_operator.py took 0.097 seconds
[2021-09-14 19:03:00,904] {processor.py:162} INFO - Started process (PID=3380) to work on /home/airflow/.local/lib/python3.8/site-packages/airflow/example_dags/example_branch_day_of_week_operator.py
[2021-09-14 19:03:00,905] {processor.py:613} INFO - Processing file /home/airflow/.local/lib/python3.8/site-packages/airflow/example_dags/example_branch_day_of_week_operator.py for tasks to queue
[2021-09-14 19:03:00,908] {logging_mixin.py:109} INFO - [2021-09-14 19:03:00,908] {dagbag.py:496} INFO - Filling up the DagBag from /home/airflow/.local/lib/python3.8/site-packages/airflow/example_dags/example_branch_day_of_week_operator.py
[2021-09-14 19:03:00,935] {processor.py:623} INFO - DAG(s) dict_keys(['example_weekday_branch_operator']) retrieved from /home/airflow/.local/lib/python3.8/site-packages/airflow/example_dags/example_branch_day_of_week_operator.py
[2021-09-14 19:03:00,960] {logging_mixin.py:109} INFO - [2021-09-14 19:03:00,960] {dag.py:1833} INFO - Sync 1 DAGs
[2021-09-14 19:03:00,978] {logging_mixin.py:109} INFO - [2021-09-14 19:03:00,978] {dag.py:2306} INFO - Setting next_dagrun for example_weekday_branch_operator to 2021-09-12 00:00:00+00:00
[2021-09-14 19:03:00,997] {processor.py:170} INFO - Processing /home/airflow/.local/lib/python3.8/site-packages/airflow/example_dags/example_branch_day_of_week_operator.py took 0.097 seconds
[2021-09-14 19:03:32,123] {processor.py:162} INFO - Started process (PID=3428) to work on /home/airflow/.local/lib/python3.8/site-packages/airflow/example_dags/example_branch_day_of_week_operator.py
[2021-09-14 19:03:32,129] {processor.py:613} INFO - Processing file /home/airflow/.local/lib/python3.8/site-packages/airflow/example_dags/example_branch_day_of_week_operator.py for tasks to queue
[2021-09-14 19:03:32,131] {logging_mixin.py:109} INFO - [2021-09-14 19:03:32,131] {dagbag.py:496} INFO - Filling up the DagBag from /home/airflow/.local/lib/python3.8/site-packages/airflow/example_dags/example_branch_day_of_week_operator.py
[2021-09-14 19:03:32,145] {processor.py:623} INFO - DAG(s) dict_keys(['example_weekday_branch_operator']) retrieved from /home/airflow/.local/lib/python3.8/site-packages/airflow/example_dags/example_branch_day_of_week_operator.py
[2021-09-14 19:03:32,181] {logging_mixin.py:109} INFO - [2021-09-14 19:03:32,181] {dag.py:1833} INFO - Sync 1 DAGs
[2021-09-14 19:03:32,212] {logging_mixin.py:109} INFO - [2021-09-14 19:03:32,211] {dag.py:2306} INFO - Setting next_dagrun for example_weekday_branch_operator to 2021-09-12 00:00:00+00:00
[2021-09-14 19:03:32,233] {processor.py:170} INFO - Processing /home/airflow/.local/lib/python3.8/site-packages/airflow/example_dags/example_branch_day_of_week_operator.py took 0.118 seconds
