[2021-09-14 18:32:10,043] {processor.py:162} INFO - Started process (PID=127) to work on /home/airflow/.local/lib/python3.8/site-packages/airflow/example_dags/example_short_circuit_operator.py
[2021-09-14 18:32:10,044] {processor.py:613} INFO - Processing file /home/airflow/.local/lib/python3.8/site-packages/airflow/example_dags/example_short_circuit_operator.py for tasks to queue
[2021-09-14 18:32:10,045] {logging_mixin.py:109} INFO - [2021-09-14 18:32:10,045] {dagbag.py:496} INFO - Filling up the DagBag from /home/airflow/.local/lib/python3.8/site-packages/airflow/example_dags/example_short_circuit_operator.py
[2021-09-14 18:32:10,056] {processor.py:623} INFO - DAG(s) dict_keys(['example_short_circuit_operator']) retrieved from /home/airflow/.local/lib/python3.8/site-packages/airflow/example_dags/example_short_circuit_operator.py
[2021-09-14 18:32:12,510] {logging_mixin.py:109} INFO - [2021-09-14 18:32:12,509] {dag.py:1833} INFO - Sync 1 DAGs
[2021-09-14 18:32:12,525] {logging_mixin.py:109} INFO - [2021-09-14 18:32:12,524] {dag.py:1852} INFO - Creating ORM DAG for example_short_circuit_operator
[2021-09-14 18:32:12,531] {logging_mixin.py:109} INFO - [2021-09-14 18:32:12,531] {dag.py:2306} INFO - Setting next_dagrun for example_short_circuit_operator to 2021-09-12 00:00:00+00:00
[2021-09-14 18:32:12,570] {processor.py:170} INFO - Processing /home/airflow/.local/lib/python3.8/site-packages/airflow/example_dags/example_short_circuit_operator.py took 2.529 seconds
[2021-09-14 18:32:43,168] {processor.py:162} INFO - Started process (PID=240) to work on /home/airflow/.local/lib/python3.8/site-packages/airflow/example_dags/example_short_circuit_operator.py
[2021-09-14 18:32:43,170] {processor.py:613} INFO - Processing file /home/airflow/.local/lib/python3.8/site-packages/airflow/example_dags/example_short_circuit_operator.py for tasks to queue
[2021-09-14 18:32:43,171] {logging_mixin.py:109} INFO - [2021-09-14 18:32:43,171] {dagbag.py:496} INFO - Filling up the DagBag from /home/airflow/.local/lib/python3.8/site-packages/airflow/example_dags/example_short_circuit_operator.py
[2021-09-14 18:32:43,182] {processor.py:623} INFO - DAG(s) dict_keys(['example_short_circuit_operator']) retrieved from /home/airflow/.local/lib/python3.8/site-packages/airflow/example_dags/example_short_circuit_operator.py
[2021-09-14 18:32:43,203] {logging_mixin.py:109} INFO - [2021-09-14 18:32:43,203] {dag.py:1833} INFO - Sync 1 DAGs
[2021-09-14 18:32:43,217] {logging_mixin.py:109} INFO - [2021-09-14 18:32:43,217] {dag.py:2306} INFO - Setting next_dagrun for example_short_circuit_operator to 2021-09-12 00:00:00+00:00
[2021-09-14 18:32:43,227] {processor.py:170} INFO - Processing /home/airflow/.local/lib/python3.8/site-packages/airflow/example_dags/example_short_circuit_operator.py took 0.062 seconds
[2021-09-14 18:33:14,041] {processor.py:162} INFO - Started process (PID=287) to work on /home/airflow/.local/lib/python3.8/site-packages/airflow/example_dags/example_short_circuit_operator.py
[2021-09-14 18:33:14,043] {processor.py:613} INFO - Processing file /home/airflow/.local/lib/python3.8/site-packages/airflow/example_dags/example_short_circuit_operator.py for tasks to queue
[2021-09-14 18:33:14,044] {logging_mixin.py:109} INFO - [2021-09-14 18:33:14,044] {dagbag.py:496} INFO - Filling up the DagBag from /home/airflow/.local/lib/python3.8/site-packages/airflow/example_dags/example_short_circuit_operator.py
[2021-09-14 18:33:14,067] {processor.py:623} INFO - DAG(s) dict_keys(['example_short_circuit_operator']) retrieved from /home/airflow/.local/lib/python3.8/site-packages/airflow/example_dags/example_short_circuit_operator.py
[2021-09-14 18:33:14,089] {logging_mixin.py:109} INFO - [2021-09-14 18:33:14,089] {dag.py:1833} INFO - Sync 1 DAGs
[2021-09-14 18:33:14,101] {logging_mixin.py:109} INFO - [2021-09-14 18:33:14,100] {dag.py:2306} INFO - Setting next_dagrun for example_short_circuit_operator to 2021-09-12 00:00:00+00:00
[2021-09-14 18:33:14,111] {processor.py:170} INFO - Processing /home/airflow/.local/lib/python3.8/site-packages/airflow/example_dags/example_short_circuit_operator.py took 0.074 seconds
[2021-09-14 18:33:44,257] {processor.py:162} INFO - Started process (PID=345) to work on /home/airflow/.local/lib/python3.8/site-packages/airflow/example_dags/example_short_circuit_operator.py
[2021-09-14 18:33:44,259] {processor.py:613} INFO - Processing file /home/airflow/.local/lib/python3.8/site-packages/airflow/example_dags/example_short_circuit_operator.py for tasks to queue
[2021-09-14 18:33:44,259] {logging_mixin.py:109} INFO - [2021-09-14 18:33:44,259] {dagbag.py:496} INFO - Filling up the DagBag from /home/airflow/.local/lib/python3.8/site-packages/airflow/example_dags/example_short_circuit_operator.py
[2021-09-14 18:33:44,268] {processor.py:623} INFO - DAG(s) dict_keys(['example_short_circuit_operator']) retrieved from /home/airflow/.local/lib/python3.8/site-packages/airflow/example_dags/example_short_circuit_operator.py
[2021-09-14 18:33:44,283] {logging_mixin.py:109} INFO - [2021-09-14 18:33:44,283] {dag.py:1833} INFO - Sync 1 DAGs
[2021-09-14 18:33:44,294] {logging_mixin.py:109} INFO - [2021-09-14 18:33:44,294] {dag.py:2306} INFO - Setting next_dagrun for example_short_circuit_operator to 2021-09-12 00:00:00+00:00
[2021-09-14 18:33:44,302] {processor.py:170} INFO - Processing /home/airflow/.local/lib/python3.8/site-packages/airflow/example_dags/example_short_circuit_operator.py took 0.047 seconds
[2021-09-14 18:34:14,431] {processor.py:162} INFO - Started process (PID=392) to work on /home/airflow/.local/lib/python3.8/site-packages/airflow/example_dags/example_short_circuit_operator.py
[2021-09-14 18:34:14,432] {processor.py:613} INFO - Processing file /home/airflow/.local/lib/python3.8/site-packages/airflow/example_dags/example_short_circuit_operator.py for tasks to queue
[2021-09-14 18:34:14,433] {logging_mixin.py:109} INFO - [2021-09-14 18:34:14,432] {dagbag.py:496} INFO - Filling up the DagBag from /home/airflow/.local/lib/python3.8/site-packages/airflow/example_dags/example_short_circuit_operator.py
[2021-09-14 18:34:14,442] {processor.py:623} INFO - DAG(s) dict_keys(['example_short_circuit_operator']) retrieved from /home/airflow/.local/lib/python3.8/site-packages/airflow/example_dags/example_short_circuit_operator.py
[2021-09-14 18:34:14,459] {logging_mixin.py:109} INFO - [2021-09-14 18:34:14,459] {dag.py:1833} INFO - Sync 1 DAGs
[2021-09-14 18:34:14,469] {logging_mixin.py:109} INFO - [2021-09-14 18:34:14,469] {dag.py:2306} INFO - Setting next_dagrun for example_short_circuit_operator to 2021-09-12 00:00:00+00:00
[2021-09-14 18:34:14,477] {processor.py:170} INFO - Processing /home/airflow/.local/lib/python3.8/site-packages/airflow/example_dags/example_short_circuit_operator.py took 0.049 seconds
[2021-09-14 18:34:44,620] {processor.py:162} INFO - Started process (PID=448) to work on /home/airflow/.local/lib/python3.8/site-packages/airflow/example_dags/example_short_circuit_operator.py
[2021-09-14 18:34:44,621] {processor.py:613} INFO - Processing file /home/airflow/.local/lib/python3.8/site-packages/airflow/example_dags/example_short_circuit_operator.py for tasks to queue
[2021-09-14 18:34:44,622] {logging_mixin.py:109} INFO - [2021-09-14 18:34:44,621] {dagbag.py:496} INFO - Filling up the DagBag from /home/airflow/.local/lib/python3.8/site-packages/airflow/example_dags/example_short_circuit_operator.py
[2021-09-14 18:34:44,634] {processor.py:623} INFO - DAG(s) dict_keys(['example_short_circuit_operator']) retrieved from /home/airflow/.local/lib/python3.8/site-packages/airflow/example_dags/example_short_circuit_operator.py
[2021-09-14 18:34:44,654] {logging_mixin.py:109} INFO - [2021-09-14 18:34:44,654] {dag.py:1833} INFO - Sync 1 DAGs
[2021-09-14 18:34:44,668] {logging_mixin.py:109} INFO - [2021-09-14 18:34:44,668] {dag.py:2306} INFO - Setting next_dagrun for example_short_circuit_operator to 2021-09-12 00:00:00+00:00
[2021-09-14 18:34:44,680] {processor.py:170} INFO - Processing /home/airflow/.local/lib/python3.8/site-packages/airflow/example_dags/example_short_circuit_operator.py took 0.064 seconds
[2021-09-14 18:35:14,886] {processor.py:162} INFO - Started process (PID=494) to work on /home/airflow/.local/lib/python3.8/site-packages/airflow/example_dags/example_short_circuit_operator.py
[2021-09-14 18:35:14,886] {processor.py:613} INFO - Processing file /home/airflow/.local/lib/python3.8/site-packages/airflow/example_dags/example_short_circuit_operator.py for tasks to queue
[2021-09-14 18:35:14,887] {logging_mixin.py:109} INFO - [2021-09-14 18:35:14,887] {dagbag.py:496} INFO - Filling up the DagBag from /home/airflow/.local/lib/python3.8/site-packages/airflow/example_dags/example_short_circuit_operator.py
[2021-09-14 18:35:14,896] {processor.py:623} INFO - DAG(s) dict_keys(['example_short_circuit_operator']) retrieved from /home/airflow/.local/lib/python3.8/site-packages/airflow/example_dags/example_short_circuit_operator.py
[2021-09-14 18:35:14,912] {logging_mixin.py:109} INFO - [2021-09-14 18:35:14,912] {dag.py:1833} INFO - Sync 1 DAGs
[2021-09-14 18:35:14,923] {logging_mixin.py:109} INFO - [2021-09-14 18:35:14,923] {dag.py:2306} INFO - Setting next_dagrun for example_short_circuit_operator to 2021-09-12 00:00:00+00:00
[2021-09-14 18:35:14,934] {processor.py:170} INFO - Processing /home/airflow/.local/lib/python3.8/site-packages/airflow/example_dags/example_short_circuit_operator.py took 0.052 seconds
[2021-09-14 18:35:45,746] {processor.py:162} INFO - Started process (PID=549) to work on /home/airflow/.local/lib/python3.8/site-packages/airflow/example_dags/example_short_circuit_operator.py
[2021-09-14 18:35:45,748] {processor.py:613} INFO - Processing file /home/airflow/.local/lib/python3.8/site-packages/airflow/example_dags/example_short_circuit_operator.py for tasks to queue
[2021-09-14 18:35:45,750] {logging_mixin.py:109} INFO - [2021-09-14 18:35:45,750] {dagbag.py:496} INFO - Filling up the DagBag from /home/airflow/.local/lib/python3.8/site-packages/airflow/example_dags/example_short_circuit_operator.py
[2021-09-14 18:35:45,772] {processor.py:623} INFO - DAG(s) dict_keys(['example_short_circuit_operator']) retrieved from /home/airflow/.local/lib/python3.8/site-packages/airflow/example_dags/example_short_circuit_operator.py
[2021-09-14 18:35:45,903] {logging_mixin.py:109} INFO - [2021-09-14 18:35:45,903] {dag.py:1833} INFO - Sync 1 DAGs
[2021-09-14 18:35:45,947] {logging_mixin.py:109} INFO - [2021-09-14 18:35:45,947] {dag.py:2306} INFO - Setting next_dagrun for example_short_circuit_operator to 2021-09-12 00:00:00+00:00
[2021-09-14 18:35:45,981] {processor.py:170} INFO - Processing /home/airflow/.local/lib/python3.8/site-packages/airflow/example_dags/example_short_circuit_operator.py took 0.239 seconds
[2021-09-14 18:36:16,330] {processor.py:162} INFO - Started process (PID=602) to work on /home/airflow/.local/lib/python3.8/site-packages/airflow/example_dags/example_short_circuit_operator.py
[2021-09-14 18:36:16,333] {processor.py:613} INFO - Processing file /home/airflow/.local/lib/python3.8/site-packages/airflow/example_dags/example_short_circuit_operator.py for tasks to queue
[2021-09-14 18:36:16,334] {logging_mixin.py:109} INFO - [2021-09-14 18:36:16,334] {dagbag.py:496} INFO - Filling up the DagBag from /home/airflow/.local/lib/python3.8/site-packages/airflow/example_dags/example_short_circuit_operator.py
[2021-09-14 18:36:16,345] {processor.py:623} INFO - DAG(s) dict_keys(['example_short_circuit_operator']) retrieved from /home/airflow/.local/lib/python3.8/site-packages/airflow/example_dags/example_short_circuit_operator.py
[2021-09-14 18:36:16,364] {logging_mixin.py:109} INFO - [2021-09-14 18:36:16,364] {dag.py:1833} INFO - Sync 1 DAGs
[2021-09-14 18:36:16,383] {logging_mixin.py:109} INFO - [2021-09-14 18:36:16,383] {dag.py:2306} INFO - Setting next_dagrun for example_short_circuit_operator to 2021-09-12 00:00:00+00:00
[2021-09-14 18:36:16,394] {processor.py:170} INFO - Processing /home/airflow/.local/lib/python3.8/site-packages/airflow/example_dags/example_short_circuit_operator.py took 0.067 seconds
[2021-09-14 18:36:46,982] {processor.py:162} INFO - Started process (PID=651) to work on /home/airflow/.local/lib/python3.8/site-packages/airflow/example_dags/example_short_circuit_operator.py
[2021-09-14 18:36:46,984] {processor.py:613} INFO - Processing file /home/airflow/.local/lib/python3.8/site-packages/airflow/example_dags/example_short_circuit_operator.py for tasks to queue
[2021-09-14 18:36:46,986] {logging_mixin.py:109} INFO - [2021-09-14 18:36:46,986] {dagbag.py:496} INFO - Filling up the DagBag from /home/airflow/.local/lib/python3.8/site-packages/airflow/example_dags/example_short_circuit_operator.py
[2021-09-14 18:36:47,004] {processor.py:623} INFO - DAG(s) dict_keys(['example_short_circuit_operator']) retrieved from /home/airflow/.local/lib/python3.8/site-packages/airflow/example_dags/example_short_circuit_operator.py
[2021-09-14 18:36:47,039] {logging_mixin.py:109} INFO - [2021-09-14 18:36:47,039] {dag.py:1833} INFO - Sync 1 DAGs
[2021-09-14 18:36:47,054] {logging_mixin.py:109} INFO - [2021-09-14 18:36:47,053] {dag.py:2306} INFO - Setting next_dagrun for example_short_circuit_operator to 2021-09-12 00:00:00+00:00
[2021-09-14 18:36:47,067] {processor.py:170} INFO - Processing /home/airflow/.local/lib/python3.8/site-packages/airflow/example_dags/example_short_circuit_operator.py took 0.092 seconds
[2021-09-14 18:37:17,423] {processor.py:162} INFO - Started process (PID=709) to work on /home/airflow/.local/lib/python3.8/site-packages/airflow/example_dags/example_short_circuit_operator.py
[2021-09-14 18:37:17,427] {processor.py:613} INFO - Processing file /home/airflow/.local/lib/python3.8/site-packages/airflow/example_dags/example_short_circuit_operator.py for tasks to queue
[2021-09-14 18:37:17,430] {logging_mixin.py:109} INFO - [2021-09-14 18:37:17,430] {dagbag.py:496} INFO - Filling up the DagBag from /home/airflow/.local/lib/python3.8/site-packages/airflow/example_dags/example_short_circuit_operator.py
[2021-09-14 18:37:17,466] {processor.py:623} INFO - DAG(s) dict_keys(['example_short_circuit_operator']) retrieved from /home/airflow/.local/lib/python3.8/site-packages/airflow/example_dags/example_short_circuit_operator.py
[2021-09-14 18:37:17,504] {logging_mixin.py:109} INFO - [2021-09-14 18:37:17,503] {dag.py:1833} INFO - Sync 1 DAGs
[2021-09-14 18:37:17,524] {logging_mixin.py:109} INFO - [2021-09-14 18:37:17,523] {dag.py:2306} INFO - Setting next_dagrun for example_short_circuit_operator to 2021-09-12 00:00:00+00:00
[2021-09-14 18:37:17,548] {processor.py:170} INFO - Processing /home/airflow/.local/lib/python3.8/site-packages/airflow/example_dags/example_short_circuit_operator.py took 0.142 seconds
[2021-09-14 18:37:47,874] {processor.py:162} INFO - Started process (PID=757) to work on /home/airflow/.local/lib/python3.8/site-packages/airflow/example_dags/example_short_circuit_operator.py
[2021-09-14 18:37:47,875] {processor.py:613} INFO - Processing file /home/airflow/.local/lib/python3.8/site-packages/airflow/example_dags/example_short_circuit_operator.py for tasks to queue
[2021-09-14 18:37:47,876] {logging_mixin.py:109} INFO - [2021-09-14 18:37:47,876] {dagbag.py:496} INFO - Filling up the DagBag from /home/airflow/.local/lib/python3.8/site-packages/airflow/example_dags/example_short_circuit_operator.py
[2021-09-14 18:37:47,886] {processor.py:623} INFO - DAG(s) dict_keys(['example_short_circuit_operator']) retrieved from /home/airflow/.local/lib/python3.8/site-packages/airflow/example_dags/example_short_circuit_operator.py
[2021-09-14 18:37:47,904] {logging_mixin.py:109} INFO - [2021-09-14 18:37:47,903] {dag.py:1833} INFO - Sync 1 DAGs
[2021-09-14 18:37:47,916] {logging_mixin.py:109} INFO - [2021-09-14 18:37:47,915] {dag.py:2306} INFO - Setting next_dagrun for example_short_circuit_operator to 2021-09-12 00:00:00+00:00
[2021-09-14 18:37:47,923] {processor.py:170} INFO - Processing /home/airflow/.local/lib/python3.8/site-packages/airflow/example_dags/example_short_circuit_operator.py took 0.052 seconds
[2021-09-14 18:38:18,602] {processor.py:162} INFO - Started process (PID=812) to work on /home/airflow/.local/lib/python3.8/site-packages/airflow/example_dags/example_short_circuit_operator.py
[2021-09-14 18:38:18,604] {processor.py:613} INFO - Processing file /home/airflow/.local/lib/python3.8/site-packages/airflow/example_dags/example_short_circuit_operator.py for tasks to queue
[2021-09-14 18:38:18,605] {logging_mixin.py:109} INFO - [2021-09-14 18:38:18,605] {dagbag.py:496} INFO - Filling up the DagBag from /home/airflow/.local/lib/python3.8/site-packages/airflow/example_dags/example_short_circuit_operator.py
[2021-09-14 18:38:18,617] {processor.py:623} INFO - DAG(s) dict_keys(['example_short_circuit_operator']) retrieved from /home/airflow/.local/lib/python3.8/site-packages/airflow/example_dags/example_short_circuit_operator.py
[2021-09-14 18:38:18,637] {logging_mixin.py:109} INFO - [2021-09-14 18:38:18,637] {dag.py:1833} INFO - Sync 1 DAGs
[2021-09-14 18:38:18,649] {logging_mixin.py:109} INFO - [2021-09-14 18:38:18,649] {dag.py:2306} INFO - Setting next_dagrun for example_short_circuit_operator to 2021-09-12 00:00:00+00:00
[2021-09-14 18:38:18,658] {processor.py:170} INFO - Processing /home/airflow/.local/lib/python3.8/site-packages/airflow/example_dags/example_short_circuit_operator.py took 0.059 seconds
[2021-09-14 18:38:48,841] {processor.py:162} INFO - Started process (PID=860) to work on /home/airflow/.local/lib/python3.8/site-packages/airflow/example_dags/example_short_circuit_operator.py
[2021-09-14 18:38:48,842] {processor.py:613} INFO - Processing file /home/airflow/.local/lib/python3.8/site-packages/airflow/example_dags/example_short_circuit_operator.py for tasks to queue
[2021-09-14 18:38:48,843] {logging_mixin.py:109} INFO - [2021-09-14 18:38:48,843] {dagbag.py:496} INFO - Filling up the DagBag from /home/airflow/.local/lib/python3.8/site-packages/airflow/example_dags/example_short_circuit_operator.py
[2021-09-14 18:38:48,855] {processor.py:623} INFO - DAG(s) dict_keys(['example_short_circuit_operator']) retrieved from /home/airflow/.local/lib/python3.8/site-packages/airflow/example_dags/example_short_circuit_operator.py
[2021-09-14 18:38:48,875] {logging_mixin.py:109} INFO - [2021-09-14 18:38:48,875] {dag.py:1833} INFO - Sync 1 DAGs
[2021-09-14 18:38:48,890] {logging_mixin.py:109} INFO - [2021-09-14 18:38:48,890] {dag.py:2306} INFO - Setting next_dagrun for example_short_circuit_operator to 2021-09-12 00:00:00+00:00
[2021-09-14 18:38:48,897] {processor.py:170} INFO - Processing /home/airflow/.local/lib/python3.8/site-packages/airflow/example_dags/example_short_circuit_operator.py took 0.059 seconds
[2021-09-14 18:39:19,473] {processor.py:162} INFO - Started process (PID=916) to work on /home/airflow/.local/lib/python3.8/site-packages/airflow/example_dags/example_short_circuit_operator.py
[2021-09-14 18:39:19,474] {processor.py:613} INFO - Processing file /home/airflow/.local/lib/python3.8/site-packages/airflow/example_dags/example_short_circuit_operator.py for tasks to queue
[2021-09-14 18:39:19,475] {logging_mixin.py:109} INFO - [2021-09-14 18:39:19,475] {dagbag.py:496} INFO - Filling up the DagBag from /home/airflow/.local/lib/python3.8/site-packages/airflow/example_dags/example_short_circuit_operator.py
[2021-09-14 18:39:19,487] {processor.py:623} INFO - DAG(s) dict_keys(['example_short_circuit_operator']) retrieved from /home/airflow/.local/lib/python3.8/site-packages/airflow/example_dags/example_short_circuit_operator.py
[2021-09-14 18:39:19,504] {logging_mixin.py:109} INFO - [2021-09-14 18:39:19,503] {dag.py:1833} INFO - Sync 1 DAGs
[2021-09-14 18:39:19,513] {logging_mixin.py:109} INFO - [2021-09-14 18:39:19,513] {dag.py:2306} INFO - Setting next_dagrun for example_short_circuit_operator to 2021-09-12 00:00:00+00:00
[2021-09-14 18:39:19,522] {processor.py:170} INFO - Processing /home/airflow/.local/lib/python3.8/site-packages/airflow/example_dags/example_short_circuit_operator.py took 0.051 seconds
[2021-09-14 18:39:49,712] {processor.py:162} INFO - Started process (PID=965) to work on /home/airflow/.local/lib/python3.8/site-packages/airflow/example_dags/example_short_circuit_operator.py
[2021-09-14 18:39:49,713] {processor.py:613} INFO - Processing file /home/airflow/.local/lib/python3.8/site-packages/airflow/example_dags/example_short_circuit_operator.py for tasks to queue
[2021-09-14 18:39:49,714] {logging_mixin.py:109} INFO - [2021-09-14 18:39:49,714] {dagbag.py:496} INFO - Filling up the DagBag from /home/airflow/.local/lib/python3.8/site-packages/airflow/example_dags/example_short_circuit_operator.py
[2021-09-14 18:39:49,726] {processor.py:623} INFO - DAG(s) dict_keys(['example_short_circuit_operator']) retrieved from /home/airflow/.local/lib/python3.8/site-packages/airflow/example_dags/example_short_circuit_operator.py
[2021-09-14 18:39:49,746] {logging_mixin.py:109} INFO - [2021-09-14 18:39:49,746] {dag.py:1833} INFO - Sync 1 DAGs
[2021-09-14 18:39:49,760] {logging_mixin.py:109} INFO - [2021-09-14 18:39:49,760] {dag.py:2306} INFO - Setting next_dagrun for example_short_circuit_operator to 2021-09-12 00:00:00+00:00
[2021-09-14 18:39:49,767] {processor.py:170} INFO - Processing /home/airflow/.local/lib/python3.8/site-packages/airflow/example_dags/example_short_circuit_operator.py took 0.058 seconds
[2021-09-14 18:40:19,902] {processor.py:162} INFO - Started process (PID=1022) to work on /home/airflow/.local/lib/python3.8/site-packages/airflow/example_dags/example_short_circuit_operator.py
[2021-09-14 18:40:19,903] {processor.py:613} INFO - Processing file /home/airflow/.local/lib/python3.8/site-packages/airflow/example_dags/example_short_circuit_operator.py for tasks to queue
[2021-09-14 18:40:19,917] {logging_mixin.py:109} INFO - [2021-09-14 18:40:19,916] {dagbag.py:496} INFO - Filling up the DagBag from /home/airflow/.local/lib/python3.8/site-packages/airflow/example_dags/example_short_circuit_operator.py
[2021-09-14 18:40:19,972] {processor.py:623} INFO - DAG(s) dict_keys(['example_short_circuit_operator']) retrieved from /home/airflow/.local/lib/python3.8/site-packages/airflow/example_dags/example_short_circuit_operator.py
[2021-09-14 18:40:20,057] {logging_mixin.py:109} INFO - [2021-09-14 18:40:20,057] {dag.py:1833} INFO - Sync 1 DAGs
[2021-09-14 18:40:20,097] {logging_mixin.py:109} INFO - [2021-09-14 18:40:20,096] {dag.py:2306} INFO - Setting next_dagrun for example_short_circuit_operator to 2021-09-12 00:00:00+00:00
[2021-09-14 18:40:20,118] {processor.py:170} INFO - Processing /home/airflow/.local/lib/python3.8/site-packages/airflow/example_dags/example_short_circuit_operator.py took 0.219 seconds
[2021-09-14 18:40:50,468] {processor.py:162} INFO - Started process (PID=1071) to work on /home/airflow/.local/lib/python3.8/site-packages/airflow/example_dags/example_short_circuit_operator.py
[2021-09-14 18:40:50,469] {processor.py:613} INFO - Processing file /home/airflow/.local/lib/python3.8/site-packages/airflow/example_dags/example_short_circuit_operator.py for tasks to queue
[2021-09-14 18:40:50,470] {logging_mixin.py:109} INFO - [2021-09-14 18:40:50,470] {dagbag.py:496} INFO - Filling up the DagBag from /home/airflow/.local/lib/python3.8/site-packages/airflow/example_dags/example_short_circuit_operator.py
[2021-09-14 18:40:50,481] {processor.py:623} INFO - DAG(s) dict_keys(['example_short_circuit_operator']) retrieved from /home/airflow/.local/lib/python3.8/site-packages/airflow/example_dags/example_short_circuit_operator.py
[2021-09-14 18:40:50,512] {logging_mixin.py:109} INFO - [2021-09-14 18:40:50,512] {dag.py:1833} INFO - Sync 1 DAGs
[2021-09-14 18:40:50,536] {logging_mixin.py:109} INFO - [2021-09-14 18:40:50,536] {dag.py:2306} INFO - Setting next_dagrun for example_short_circuit_operator to 2021-09-12 00:00:00+00:00
[2021-09-14 18:40:50,545] {processor.py:170} INFO - Processing /home/airflow/.local/lib/python3.8/site-packages/airflow/example_dags/example_short_circuit_operator.py took 0.080 seconds
[2021-09-14 18:41:20,873] {processor.py:162} INFO - Started process (PID=1129) to work on /home/airflow/.local/lib/python3.8/site-packages/airflow/example_dags/example_short_circuit_operator.py
[2021-09-14 18:41:20,876] {processor.py:613} INFO - Processing file /home/airflow/.local/lib/python3.8/site-packages/airflow/example_dags/example_short_circuit_operator.py for tasks to queue
[2021-09-14 18:41:20,876] {logging_mixin.py:109} INFO - [2021-09-14 18:41:20,876] {dagbag.py:496} INFO - Filling up the DagBag from /home/airflow/.local/lib/python3.8/site-packages/airflow/example_dags/example_short_circuit_operator.py
[2021-09-14 18:41:20,890] {processor.py:623} INFO - DAG(s) dict_keys(['example_short_circuit_operator']) retrieved from /home/airflow/.local/lib/python3.8/site-packages/airflow/example_dags/example_short_circuit_operator.py
[2021-09-14 18:41:20,948] {logging_mixin.py:109} INFO - [2021-09-14 18:41:20,948] {dag.py:1833} INFO - Sync 1 DAGs
[2021-09-14 18:41:20,969] {logging_mixin.py:109} INFO - [2021-09-14 18:41:20,969] {dag.py:2306} INFO - Setting next_dagrun for example_short_circuit_operator to 2021-09-12 00:00:00+00:00
[2021-09-14 18:41:20,988] {processor.py:170} INFO - Processing /home/airflow/.local/lib/python3.8/site-packages/airflow/example_dags/example_short_circuit_operator.py took 0.119 seconds
[2021-09-14 18:41:51,332] {processor.py:162} INFO - Started process (PID=1184) to work on /home/airflow/.local/lib/python3.8/site-packages/airflow/example_dags/example_short_circuit_operator.py
[2021-09-14 18:41:51,334] {processor.py:613} INFO - Processing file /home/airflow/.local/lib/python3.8/site-packages/airflow/example_dags/example_short_circuit_operator.py for tasks to queue
[2021-09-14 18:41:51,335] {logging_mixin.py:109} INFO - [2021-09-14 18:41:51,335] {dagbag.py:496} INFO - Filling up the DagBag from /home/airflow/.local/lib/python3.8/site-packages/airflow/example_dags/example_short_circuit_operator.py
[2021-09-14 18:41:51,347] {processor.py:623} INFO - DAG(s) dict_keys(['example_short_circuit_operator']) retrieved from /home/airflow/.local/lib/python3.8/site-packages/airflow/example_dags/example_short_circuit_operator.py
[2021-09-14 18:41:51,392] {logging_mixin.py:109} INFO - [2021-09-14 18:41:51,392] {dag.py:1833} INFO - Sync 1 DAGs
[2021-09-14 18:41:51,407] {logging_mixin.py:109} INFO - [2021-09-14 18:41:51,407] {dag.py:2306} INFO - Setting next_dagrun for example_short_circuit_operator to 2021-09-12 00:00:00+00:00
[2021-09-14 18:41:51,419] {processor.py:170} INFO - Processing /home/airflow/.local/lib/python3.8/site-packages/airflow/example_dags/example_short_circuit_operator.py took 0.092 seconds
[2021-09-14 18:42:21,516] {processor.py:162} INFO - Started process (PID=1232) to work on /home/airflow/.local/lib/python3.8/site-packages/airflow/example_dags/example_short_circuit_operator.py
[2021-09-14 18:42:21,518] {processor.py:613} INFO - Processing file /home/airflow/.local/lib/python3.8/site-packages/airflow/example_dags/example_short_circuit_operator.py for tasks to queue
[2021-09-14 18:42:21,518] {logging_mixin.py:109} INFO - [2021-09-14 18:42:21,518] {dagbag.py:496} INFO - Filling up the DagBag from /home/airflow/.local/lib/python3.8/site-packages/airflow/example_dags/example_short_circuit_operator.py
[2021-09-14 18:42:21,535] {processor.py:623} INFO - DAG(s) dict_keys(['example_short_circuit_operator']) retrieved from /home/airflow/.local/lib/python3.8/site-packages/airflow/example_dags/example_short_circuit_operator.py
[2021-09-14 18:42:21,556] {logging_mixin.py:109} INFO - [2021-09-14 18:42:21,555] {dag.py:1833} INFO - Sync 1 DAGs
[2021-09-14 18:42:21,570] {logging_mixin.py:109} INFO - [2021-09-14 18:42:21,569] {dag.py:2306} INFO - Setting next_dagrun for example_short_circuit_operator to 2021-09-12 00:00:00+00:00
[2021-09-14 18:42:21,580] {processor.py:170} INFO - Processing /home/airflow/.local/lib/python3.8/site-packages/airflow/example_dags/example_short_circuit_operator.py took 0.066 seconds
[2021-09-14 18:42:51,786] {processor.py:162} INFO - Started process (PID=1290) to work on /home/airflow/.local/lib/python3.8/site-packages/airflow/example_dags/example_short_circuit_operator.py
[2021-09-14 18:42:51,787] {processor.py:613} INFO - Processing file /home/airflow/.local/lib/python3.8/site-packages/airflow/example_dags/example_short_circuit_operator.py for tasks to queue
[2021-09-14 18:42:51,787] {logging_mixin.py:109} INFO - [2021-09-14 18:42:51,787] {dagbag.py:496} INFO - Filling up the DagBag from /home/airflow/.local/lib/python3.8/site-packages/airflow/example_dags/example_short_circuit_operator.py
[2021-09-14 18:42:51,797] {processor.py:623} INFO - DAG(s) dict_keys(['example_short_circuit_operator']) retrieved from /home/airflow/.local/lib/python3.8/site-packages/airflow/example_dags/example_short_circuit_operator.py
[2021-09-14 18:42:51,816] {logging_mixin.py:109} INFO - [2021-09-14 18:42:51,816] {dag.py:1833} INFO - Sync 1 DAGs
[2021-09-14 18:42:51,831] {logging_mixin.py:109} INFO - [2021-09-14 18:42:51,831] {dag.py:2306} INFO - Setting next_dagrun for example_short_circuit_operator to 2021-09-12 00:00:00+00:00
[2021-09-14 18:42:51,842] {processor.py:170} INFO - Processing /home/airflow/.local/lib/python3.8/site-packages/airflow/example_dags/example_short_circuit_operator.py took 0.059 seconds
[2021-09-14 18:43:22,272] {processor.py:162} INFO - Started process (PID=1339) to work on /home/airflow/.local/lib/python3.8/site-packages/airflow/example_dags/example_short_circuit_operator.py
[2021-09-14 18:43:22,274] {processor.py:613} INFO - Processing file /home/airflow/.local/lib/python3.8/site-packages/airflow/example_dags/example_short_circuit_operator.py for tasks to queue
[2021-09-14 18:43:22,274] {logging_mixin.py:109} INFO - [2021-09-14 18:43:22,274] {dagbag.py:496} INFO - Filling up the DagBag from /home/airflow/.local/lib/python3.8/site-packages/airflow/example_dags/example_short_circuit_operator.py
[2021-09-14 18:43:22,287] {processor.py:623} INFO - DAG(s) dict_keys(['example_short_circuit_operator']) retrieved from /home/airflow/.local/lib/python3.8/site-packages/airflow/example_dags/example_short_circuit_operator.py
[2021-09-14 18:43:22,308] {logging_mixin.py:109} INFO - [2021-09-14 18:43:22,308] {dag.py:1833} INFO - Sync 1 DAGs
[2021-09-14 18:43:22,333] {logging_mixin.py:109} INFO - [2021-09-14 18:43:22,332] {dag.py:2306} INFO - Setting next_dagrun for example_short_circuit_operator to 2021-09-12 00:00:00+00:00
[2021-09-14 18:43:22,342] {processor.py:170} INFO - Processing /home/airflow/.local/lib/python3.8/site-packages/airflow/example_dags/example_short_circuit_operator.py took 0.073 seconds
[2021-09-14 18:43:52,621] {processor.py:162} INFO - Started process (PID=1396) to work on /home/airflow/.local/lib/python3.8/site-packages/airflow/example_dags/example_short_circuit_operator.py
[2021-09-14 18:43:52,623] {processor.py:613} INFO - Processing file /home/airflow/.local/lib/python3.8/site-packages/airflow/example_dags/example_short_circuit_operator.py for tasks to queue
[2021-09-14 18:43:52,624] {logging_mixin.py:109} INFO - [2021-09-14 18:43:52,624] {dagbag.py:496} INFO - Filling up the DagBag from /home/airflow/.local/lib/python3.8/site-packages/airflow/example_dags/example_short_circuit_operator.py
[2021-09-14 18:43:52,636] {processor.py:623} INFO - DAG(s) dict_keys(['example_short_circuit_operator']) retrieved from /home/airflow/.local/lib/python3.8/site-packages/airflow/example_dags/example_short_circuit_operator.py
[2021-09-14 18:43:52,656] {logging_mixin.py:109} INFO - [2021-09-14 18:43:52,656] {dag.py:1833} INFO - Sync 1 DAGs
[2021-09-14 18:43:52,673] {logging_mixin.py:109} INFO - [2021-09-14 18:43:52,673] {dag.py:2306} INFO - Setting next_dagrun for example_short_circuit_operator to 2021-09-12 00:00:00+00:00
[2021-09-14 18:43:52,686] {processor.py:170} INFO - Processing /home/airflow/.local/lib/python3.8/site-packages/airflow/example_dags/example_short_circuit_operator.py took 0.067 seconds
[2021-09-14 18:44:23,373] {processor.py:162} INFO - Started process (PID=1452) to work on /home/airflow/.local/lib/python3.8/site-packages/airflow/example_dags/example_short_circuit_operator.py
[2021-09-14 18:44:23,374] {processor.py:613} INFO - Processing file /home/airflow/.local/lib/python3.8/site-packages/airflow/example_dags/example_short_circuit_operator.py for tasks to queue
[2021-09-14 18:44:23,375] {logging_mixin.py:109} INFO - [2021-09-14 18:44:23,375] {dagbag.py:496} INFO - Filling up the DagBag from /home/airflow/.local/lib/python3.8/site-packages/airflow/example_dags/example_short_circuit_operator.py
[2021-09-14 18:44:23,387] {processor.py:623} INFO - DAG(s) dict_keys(['example_short_circuit_operator']) retrieved from /home/airflow/.local/lib/python3.8/site-packages/airflow/example_dags/example_short_circuit_operator.py
[2021-09-14 18:44:23,419] {logging_mixin.py:109} INFO - [2021-09-14 18:44:23,419] {dag.py:1833} INFO - Sync 1 DAGs
[2021-09-14 18:44:23,434] {logging_mixin.py:109} INFO - [2021-09-14 18:44:23,434] {dag.py:2306} INFO - Setting next_dagrun for example_short_circuit_operator to 2021-09-12 00:00:00+00:00
[2021-09-14 18:44:23,443] {processor.py:170} INFO - Processing /home/airflow/.local/lib/python3.8/site-packages/airflow/example_dags/example_short_circuit_operator.py took 0.074 seconds
[2021-09-14 18:44:54,031] {processor.py:162} INFO - Started process (PID=1499) to work on /home/airflow/.local/lib/python3.8/site-packages/airflow/example_dags/example_short_circuit_operator.py
[2021-09-14 18:44:54,032] {processor.py:613} INFO - Processing file /home/airflow/.local/lib/python3.8/site-packages/airflow/example_dags/example_short_circuit_operator.py for tasks to queue
[2021-09-14 18:44:54,033] {logging_mixin.py:109} INFO - [2021-09-14 18:44:54,033] {dagbag.py:496} INFO - Filling up the DagBag from /home/airflow/.local/lib/python3.8/site-packages/airflow/example_dags/example_short_circuit_operator.py
[2021-09-14 18:44:54,042] {processor.py:623} INFO - DAG(s) dict_keys(['example_short_circuit_operator']) retrieved from /home/airflow/.local/lib/python3.8/site-packages/airflow/example_dags/example_short_circuit_operator.py
[2021-09-14 18:44:54,057] {logging_mixin.py:109} INFO - [2021-09-14 18:44:54,057] {dag.py:1833} INFO - Sync 1 DAGs
[2021-09-14 18:44:54,067] {logging_mixin.py:109} INFO - [2021-09-14 18:44:54,067] {dag.py:2306} INFO - Setting next_dagrun for example_short_circuit_operator to 2021-09-12 00:00:00+00:00
[2021-09-14 18:44:54,076] {processor.py:170} INFO - Processing /home/airflow/.local/lib/python3.8/site-packages/airflow/example_dags/example_short_circuit_operator.py took 0.047 seconds
[2021-09-14 18:45:24,223] {processor.py:162} INFO - Started process (PID=1555) to work on /home/airflow/.local/lib/python3.8/site-packages/airflow/example_dags/example_short_circuit_operator.py
[2021-09-14 18:45:24,224] {processor.py:613} INFO - Processing file /home/airflow/.local/lib/python3.8/site-packages/airflow/example_dags/example_short_circuit_operator.py for tasks to queue
[2021-09-14 18:45:24,225] {logging_mixin.py:109} INFO - [2021-09-14 18:45:24,225] {dagbag.py:496} INFO - Filling up the DagBag from /home/airflow/.local/lib/python3.8/site-packages/airflow/example_dags/example_short_circuit_operator.py
[2021-09-14 18:45:24,234] {processor.py:623} INFO - DAG(s) dict_keys(['example_short_circuit_operator']) retrieved from /home/airflow/.local/lib/python3.8/site-packages/airflow/example_dags/example_short_circuit_operator.py
[2021-09-14 18:45:24,250] {logging_mixin.py:109} INFO - [2021-09-14 18:45:24,250] {dag.py:1833} INFO - Sync 1 DAGs
[2021-09-14 18:45:24,259] {logging_mixin.py:109} INFO - [2021-09-14 18:45:24,259] {dag.py:2306} INFO - Setting next_dagrun for example_short_circuit_operator to 2021-09-12 00:00:00+00:00
[2021-09-14 18:45:24,268] {processor.py:170} INFO - Processing /home/airflow/.local/lib/python3.8/site-packages/airflow/example_dags/example_short_circuit_operator.py took 0.047 seconds
[2021-09-14 18:45:54,576] {processor.py:162} INFO - Started process (PID=1608) to work on /home/airflow/.local/lib/python3.8/site-packages/airflow/example_dags/example_short_circuit_operator.py
[2021-09-14 18:45:54,577] {processor.py:613} INFO - Processing file /home/airflow/.local/lib/python3.8/site-packages/airflow/example_dags/example_short_circuit_operator.py for tasks to queue
[2021-09-14 18:45:54,578] {logging_mixin.py:109} INFO - [2021-09-14 18:45:54,578] {dagbag.py:496} INFO - Filling up the DagBag from /home/airflow/.local/lib/python3.8/site-packages/airflow/example_dags/example_short_circuit_operator.py
[2021-09-14 18:45:54,610] {processor.py:623} INFO - DAG(s) dict_keys(['example_short_circuit_operator']) retrieved from /home/airflow/.local/lib/python3.8/site-packages/airflow/example_dags/example_short_circuit_operator.py
[2021-09-14 18:45:54,660] {logging_mixin.py:109} INFO - [2021-09-14 18:45:54,660] {dag.py:1833} INFO - Sync 1 DAGs
[2021-09-14 18:45:54,687] {logging_mixin.py:109} INFO - [2021-09-14 18:45:54,687] {dag.py:2306} INFO - Setting next_dagrun for example_short_circuit_operator to 2021-09-12 00:00:00+00:00
[2021-09-14 18:45:54,706] {processor.py:170} INFO - Processing /home/airflow/.local/lib/python3.8/site-packages/airflow/example_dags/example_short_circuit_operator.py took 0.133 seconds
[2021-09-14 18:46:25,602] {processor.py:162} INFO - Started process (PID=1657) to work on /home/airflow/.local/lib/python3.8/site-packages/airflow/example_dags/example_short_circuit_operator.py
[2021-09-14 18:46:25,603] {processor.py:613} INFO - Processing file /home/airflow/.local/lib/python3.8/site-packages/airflow/example_dags/example_short_circuit_operator.py for tasks to queue
[2021-09-14 18:46:25,604] {logging_mixin.py:109} INFO - [2021-09-14 18:46:25,604] {dagbag.py:496} INFO - Filling up the DagBag from /home/airflow/.local/lib/python3.8/site-packages/airflow/example_dags/example_short_circuit_operator.py
[2021-09-14 18:46:25,617] {processor.py:623} INFO - DAG(s) dict_keys(['example_short_circuit_operator']) retrieved from /home/airflow/.local/lib/python3.8/site-packages/airflow/example_dags/example_short_circuit_operator.py
[2021-09-14 18:46:25,635] {logging_mixin.py:109} INFO - [2021-09-14 18:46:25,635] {dag.py:1833} INFO - Sync 1 DAGs
[2021-09-14 18:46:25,645] {logging_mixin.py:109} INFO - [2021-09-14 18:46:25,645] {dag.py:2306} INFO - Setting next_dagrun for example_short_circuit_operator to 2021-09-12 00:00:00+00:00
[2021-09-14 18:46:25,653] {processor.py:170} INFO - Processing /home/airflow/.local/lib/python3.8/site-packages/airflow/example_dags/example_short_circuit_operator.py took 0.055 seconds
[2021-09-14 18:46:56,023] {processor.py:162} INFO - Started process (PID=1712) to work on /home/airflow/.local/lib/python3.8/site-packages/airflow/example_dags/example_short_circuit_operator.py
[2021-09-14 18:46:56,024] {processor.py:613} INFO - Processing file /home/airflow/.local/lib/python3.8/site-packages/airflow/example_dags/example_short_circuit_operator.py for tasks to queue
[2021-09-14 18:46:56,025] {logging_mixin.py:109} INFO - [2021-09-14 18:46:56,025] {dagbag.py:496} INFO - Filling up the DagBag from /home/airflow/.local/lib/python3.8/site-packages/airflow/example_dags/example_short_circuit_operator.py
[2021-09-14 18:46:56,035] {processor.py:623} INFO - DAG(s) dict_keys(['example_short_circuit_operator']) retrieved from /home/airflow/.local/lib/python3.8/site-packages/airflow/example_dags/example_short_circuit_operator.py
[2021-09-14 18:46:56,055] {logging_mixin.py:109} INFO - [2021-09-14 18:46:56,055] {dag.py:1833} INFO - Sync 1 DAGs
[2021-09-14 18:46:56,065] {logging_mixin.py:109} INFO - [2021-09-14 18:46:56,065] {dag.py:2306} INFO - Setting next_dagrun for example_short_circuit_operator to 2021-09-12 00:00:00+00:00
[2021-09-14 18:46:56,077] {processor.py:170} INFO - Processing /home/airflow/.local/lib/python3.8/site-packages/airflow/example_dags/example_short_circuit_operator.py took 0.057 seconds
[2021-09-14 18:47:26,469] {processor.py:162} INFO - Started process (PID=1759) to work on /home/airflow/.local/lib/python3.8/site-packages/airflow/example_dags/example_short_circuit_operator.py
[2021-09-14 18:47:26,476] {processor.py:613} INFO - Processing file /home/airflow/.local/lib/python3.8/site-packages/airflow/example_dags/example_short_circuit_operator.py for tasks to queue
[2021-09-14 18:47:26,478] {logging_mixin.py:109} INFO - [2021-09-14 18:47:26,478] {dagbag.py:496} INFO - Filling up the DagBag from /home/airflow/.local/lib/python3.8/site-packages/airflow/example_dags/example_short_circuit_operator.py
[2021-09-14 18:47:26,493] {processor.py:623} INFO - DAG(s) dict_keys(['example_short_circuit_operator']) retrieved from /home/airflow/.local/lib/python3.8/site-packages/airflow/example_dags/example_short_circuit_operator.py
[2021-09-14 18:47:26,511] {logging_mixin.py:109} INFO - [2021-09-14 18:47:26,511] {dag.py:1833} INFO - Sync 1 DAGs
[2021-09-14 18:47:26,528] {logging_mixin.py:109} INFO - [2021-09-14 18:47:26,528] {dag.py:2306} INFO - Setting next_dagrun for example_short_circuit_operator to 2021-09-12 00:00:00+00:00
[2021-09-14 18:47:26,537] {processor.py:170} INFO - Processing /home/airflow/.local/lib/python3.8/site-packages/airflow/example_dags/example_short_circuit_operator.py took 0.072 seconds
[2021-09-14 18:47:57,070] {processor.py:162} INFO - Started process (PID=1817) to work on /home/airflow/.local/lib/python3.8/site-packages/airflow/example_dags/example_short_circuit_operator.py
[2021-09-14 18:47:57,071] {processor.py:613} INFO - Processing file /home/airflow/.local/lib/python3.8/site-packages/airflow/example_dags/example_short_circuit_operator.py for tasks to queue
[2021-09-14 18:47:57,073] {logging_mixin.py:109} INFO - [2021-09-14 18:47:57,073] {dagbag.py:496} INFO - Filling up the DagBag from /home/airflow/.local/lib/python3.8/site-packages/airflow/example_dags/example_short_circuit_operator.py
[2021-09-14 18:47:57,085] {processor.py:623} INFO - DAG(s) dict_keys(['example_short_circuit_operator']) retrieved from /home/airflow/.local/lib/python3.8/site-packages/airflow/example_dags/example_short_circuit_operator.py
[2021-09-14 18:47:57,104] {logging_mixin.py:109} INFO - [2021-09-14 18:47:57,104] {dag.py:1833} INFO - Sync 1 DAGs
[2021-09-14 18:47:57,120] {logging_mixin.py:109} INFO - [2021-09-14 18:47:57,120] {dag.py:2306} INFO - Setting next_dagrun for example_short_circuit_operator to 2021-09-12 00:00:00+00:00
[2021-09-14 18:47:57,130] {processor.py:170} INFO - Processing /home/airflow/.local/lib/python3.8/site-packages/airflow/example_dags/example_short_circuit_operator.py took 0.063 seconds
[2021-09-14 18:48:28,142] {processor.py:162} INFO - Started process (PID=1873) to work on /home/airflow/.local/lib/python3.8/site-packages/airflow/example_dags/example_short_circuit_operator.py
[2021-09-14 18:48:28,143] {processor.py:613} INFO - Processing file /home/airflow/.local/lib/python3.8/site-packages/airflow/example_dags/example_short_circuit_operator.py for tasks to queue
[2021-09-14 18:48:28,145] {logging_mixin.py:109} INFO - [2021-09-14 18:48:28,145] {dagbag.py:496} INFO - Filling up the DagBag from /home/airflow/.local/lib/python3.8/site-packages/airflow/example_dags/example_short_circuit_operator.py
[2021-09-14 18:48:28,158] {processor.py:623} INFO - DAG(s) dict_keys(['example_short_circuit_operator']) retrieved from /home/airflow/.local/lib/python3.8/site-packages/airflow/example_dags/example_short_circuit_operator.py
[2021-09-14 18:48:28,184] {logging_mixin.py:109} INFO - [2021-09-14 18:48:28,184] {dag.py:1833} INFO - Sync 1 DAGs
[2021-09-14 18:48:28,198] {logging_mixin.py:109} INFO - [2021-09-14 18:48:28,198] {dag.py:2306} INFO - Setting next_dagrun for example_short_circuit_operator to 2021-09-12 00:00:00+00:00
[2021-09-14 18:48:28,206] {processor.py:170} INFO - Processing /home/airflow/.local/lib/python3.8/site-packages/airflow/example_dags/example_short_circuit_operator.py took 0.068 seconds
[2021-09-14 18:48:58,827] {processor.py:162} INFO - Started process (PID=1921) to work on /home/airflow/.local/lib/python3.8/site-packages/airflow/example_dags/example_short_circuit_operator.py
[2021-09-14 18:48:58,829] {processor.py:613} INFO - Processing file /home/airflow/.local/lib/python3.8/site-packages/airflow/example_dags/example_short_circuit_operator.py for tasks to queue
[2021-09-14 18:48:58,829] {logging_mixin.py:109} INFO - [2021-09-14 18:48:58,829] {dagbag.py:496} INFO - Filling up the DagBag from /home/airflow/.local/lib/python3.8/site-packages/airflow/example_dags/example_short_circuit_operator.py
[2021-09-14 18:48:58,843] {processor.py:623} INFO - DAG(s) dict_keys(['example_short_circuit_operator']) retrieved from /home/airflow/.local/lib/python3.8/site-packages/airflow/example_dags/example_short_circuit_operator.py
[2021-09-14 18:48:58,863] {logging_mixin.py:109} INFO - [2021-09-14 18:48:58,863] {dag.py:1833} INFO - Sync 1 DAGs
[2021-09-14 18:48:58,875] {logging_mixin.py:109} INFO - [2021-09-14 18:48:58,875] {dag.py:2306} INFO - Setting next_dagrun for example_short_circuit_operator to 2021-09-12 00:00:00+00:00
[2021-09-14 18:48:58,904] {processor.py:170} INFO - Processing /home/airflow/.local/lib/python3.8/site-packages/airflow/example_dags/example_short_circuit_operator.py took 0.079 seconds
[2021-09-14 18:49:29,441] {processor.py:162} INFO - Started process (PID=1977) to work on /home/airflow/.local/lib/python3.8/site-packages/airflow/example_dags/example_short_circuit_operator.py
[2021-09-14 18:49:29,444] {processor.py:613} INFO - Processing file /home/airflow/.local/lib/python3.8/site-packages/airflow/example_dags/example_short_circuit_operator.py for tasks to queue
[2021-09-14 18:49:29,444] {logging_mixin.py:109} INFO - [2021-09-14 18:49:29,444] {dagbag.py:496} INFO - Filling up the DagBag from /home/airflow/.local/lib/python3.8/site-packages/airflow/example_dags/example_short_circuit_operator.py
[2021-09-14 18:49:29,467] {processor.py:623} INFO - DAG(s) dict_keys(['example_short_circuit_operator']) retrieved from /home/airflow/.local/lib/python3.8/site-packages/airflow/example_dags/example_short_circuit_operator.py
[2021-09-14 18:49:29,523] {logging_mixin.py:109} INFO - [2021-09-14 18:49:29,523] {dag.py:1833} INFO - Sync 1 DAGs
[2021-09-14 18:49:29,539] {logging_mixin.py:109} INFO - [2021-09-14 18:49:29,539] {dag.py:2306} INFO - Setting next_dagrun for example_short_circuit_operator to 2021-09-12 00:00:00+00:00
[2021-09-14 18:49:29,577] {processor.py:170} INFO - Processing /home/airflow/.local/lib/python3.8/site-packages/airflow/example_dags/example_short_circuit_operator.py took 0.139 seconds
[2021-09-14 18:49:59,895] {processor.py:162} INFO - Started process (PID=2024) to work on /home/airflow/.local/lib/python3.8/site-packages/airflow/example_dags/example_short_circuit_operator.py
[2021-09-14 18:49:59,896] {processor.py:613} INFO - Processing file /home/airflow/.local/lib/python3.8/site-packages/airflow/example_dags/example_short_circuit_operator.py for tasks to queue
[2021-09-14 18:49:59,897] {logging_mixin.py:109} INFO - [2021-09-14 18:49:59,897] {dagbag.py:496} INFO - Filling up the DagBag from /home/airflow/.local/lib/python3.8/site-packages/airflow/example_dags/example_short_circuit_operator.py
[2021-09-14 18:49:59,907] {processor.py:623} INFO - DAG(s) dict_keys(['example_short_circuit_operator']) retrieved from /home/airflow/.local/lib/python3.8/site-packages/airflow/example_dags/example_short_circuit_operator.py
[2021-09-14 18:49:59,924] {logging_mixin.py:109} INFO - [2021-09-14 18:49:59,924] {dag.py:1833} INFO - Sync 1 DAGs
[2021-09-14 18:49:59,939] {logging_mixin.py:109} INFO - [2021-09-14 18:49:59,939] {dag.py:2306} INFO - Setting next_dagrun for example_short_circuit_operator to 2021-09-12 00:00:00+00:00
[2021-09-14 18:49:59,948] {processor.py:170} INFO - Processing /home/airflow/.local/lib/python3.8/site-packages/airflow/example_dags/example_short_circuit_operator.py took 0.055 seconds
[2021-09-14 18:50:30,193] {processor.py:162} INFO - Started process (PID=2079) to work on /home/airflow/.local/lib/python3.8/site-packages/airflow/example_dags/example_short_circuit_operator.py
[2021-09-14 18:50:30,194] {processor.py:613} INFO - Processing file /home/airflow/.local/lib/python3.8/site-packages/airflow/example_dags/example_short_circuit_operator.py for tasks to queue
[2021-09-14 18:50:30,195] {logging_mixin.py:109} INFO - [2021-09-14 18:50:30,195] {dagbag.py:496} INFO - Filling up the DagBag from /home/airflow/.local/lib/python3.8/site-packages/airflow/example_dags/example_short_circuit_operator.py
[2021-09-14 18:50:30,205] {processor.py:623} INFO - DAG(s) dict_keys(['example_short_circuit_operator']) retrieved from /home/airflow/.local/lib/python3.8/site-packages/airflow/example_dags/example_short_circuit_operator.py
[2021-09-14 18:50:30,223] {logging_mixin.py:109} INFO - [2021-09-14 18:50:30,223] {dag.py:1833} INFO - Sync 1 DAGs
[2021-09-14 18:50:30,234] {logging_mixin.py:109} INFO - [2021-09-14 18:50:30,234] {dag.py:2306} INFO - Setting next_dagrun for example_short_circuit_operator to 2021-09-12 00:00:00+00:00
[2021-09-14 18:50:30,241] {processor.py:170} INFO - Processing /home/airflow/.local/lib/python3.8/site-packages/airflow/example_dags/example_short_circuit_operator.py took 0.051 seconds
[2021-09-14 18:51:00,330] {processor.py:162} INFO - Started process (PID=2130) to work on /home/airflow/.local/lib/python3.8/site-packages/airflow/example_dags/example_short_circuit_operator.py
[2021-09-14 18:51:00,331] {processor.py:613} INFO - Processing file /home/airflow/.local/lib/python3.8/site-packages/airflow/example_dags/example_short_circuit_operator.py for tasks to queue
[2021-09-14 18:51:00,332] {logging_mixin.py:109} INFO - [2021-09-14 18:51:00,332] {dagbag.py:496} INFO - Filling up the DagBag from /home/airflow/.local/lib/python3.8/site-packages/airflow/example_dags/example_short_circuit_operator.py
[2021-09-14 18:51:00,341] {processor.py:623} INFO - DAG(s) dict_keys(['example_short_circuit_operator']) retrieved from /home/airflow/.local/lib/python3.8/site-packages/airflow/example_dags/example_short_circuit_operator.py
[2021-09-14 18:51:00,356] {logging_mixin.py:109} INFO - [2021-09-14 18:51:00,355] {dag.py:1833} INFO - Sync 1 DAGs
[2021-09-14 18:51:00,365] {logging_mixin.py:109} INFO - [2021-09-14 18:51:00,365] {dag.py:2306} INFO - Setting next_dagrun for example_short_circuit_operator to 2021-09-12 00:00:00+00:00
[2021-09-14 18:51:00,371] {processor.py:170} INFO - Processing /home/airflow/.local/lib/python3.8/site-packages/airflow/example_dags/example_short_circuit_operator.py took 0.044 seconds
[2021-09-14 18:51:31,066] {processor.py:162} INFO - Started process (PID=2188) to work on /home/airflow/.local/lib/python3.8/site-packages/airflow/example_dags/example_short_circuit_operator.py
[2021-09-14 18:51:31,067] {processor.py:613} INFO - Processing file /home/airflow/.local/lib/python3.8/site-packages/airflow/example_dags/example_short_circuit_operator.py for tasks to queue
[2021-09-14 18:51:31,069] {logging_mixin.py:109} INFO - [2021-09-14 18:51:31,069] {dagbag.py:496} INFO - Filling up the DagBag from /home/airflow/.local/lib/python3.8/site-packages/airflow/example_dags/example_short_circuit_operator.py
[2021-09-14 18:51:31,082] {processor.py:623} INFO - DAG(s) dict_keys(['example_short_circuit_operator']) retrieved from /home/airflow/.local/lib/python3.8/site-packages/airflow/example_dags/example_short_circuit_operator.py
[2021-09-14 18:51:31,102] {logging_mixin.py:109} INFO - [2021-09-14 18:51:31,102] {dag.py:1833} INFO - Sync 1 DAGs
[2021-09-14 18:51:31,123] {logging_mixin.py:109} INFO - [2021-09-14 18:51:31,122] {dag.py:2306} INFO - Setting next_dagrun for example_short_circuit_operator to 2021-09-12 00:00:00+00:00
[2021-09-14 18:51:31,138] {processor.py:170} INFO - Processing /home/airflow/.local/lib/python3.8/site-packages/airflow/example_dags/example_short_circuit_operator.py took 0.075 seconds
[2021-09-14 18:52:01,495] {processor.py:162} INFO - Started process (PID=2245) to work on /home/airflow/.local/lib/python3.8/site-packages/airflow/example_dags/example_short_circuit_operator.py
[2021-09-14 18:52:01,496] {processor.py:613} INFO - Processing file /home/airflow/.local/lib/python3.8/site-packages/airflow/example_dags/example_short_circuit_operator.py for tasks to queue
[2021-09-14 18:52:01,497] {logging_mixin.py:109} INFO - [2021-09-14 18:52:01,497] {dagbag.py:496} INFO - Filling up the DagBag from /home/airflow/.local/lib/python3.8/site-packages/airflow/example_dags/example_short_circuit_operator.py
[2021-09-14 18:52:01,512] {processor.py:623} INFO - DAG(s) dict_keys(['example_short_circuit_operator']) retrieved from /home/airflow/.local/lib/python3.8/site-packages/airflow/example_dags/example_short_circuit_operator.py
[2021-09-14 18:52:01,536] {logging_mixin.py:109} INFO - [2021-09-14 18:52:01,536] {dag.py:1833} INFO - Sync 1 DAGs
[2021-09-14 18:52:01,551] {logging_mixin.py:109} INFO - [2021-09-14 18:52:01,551] {dag.py:2306} INFO - Setting next_dagrun for example_short_circuit_operator to 2021-09-12 00:00:00+00:00
[2021-09-14 18:52:01,564] {processor.py:170} INFO - Processing /home/airflow/.local/lib/python3.8/site-packages/airflow/example_dags/example_short_circuit_operator.py took 0.072 seconds
[2021-09-14 18:52:31,754] {processor.py:162} INFO - Started process (PID=2294) to work on /home/airflow/.local/lib/python3.8/site-packages/airflow/example_dags/example_short_circuit_operator.py
[2021-09-14 18:52:31,755] {processor.py:613} INFO - Processing file /home/airflow/.local/lib/python3.8/site-packages/airflow/example_dags/example_short_circuit_operator.py for tasks to queue
[2021-09-14 18:52:31,756] {logging_mixin.py:109} INFO - [2021-09-14 18:52:31,756] {dagbag.py:496} INFO - Filling up the DagBag from /home/airflow/.local/lib/python3.8/site-packages/airflow/example_dags/example_short_circuit_operator.py
[2021-09-14 18:52:31,768] {processor.py:623} INFO - DAG(s) dict_keys(['example_short_circuit_operator']) retrieved from /home/airflow/.local/lib/python3.8/site-packages/airflow/example_dags/example_short_circuit_operator.py
[2021-09-14 18:52:31,784] {logging_mixin.py:109} INFO - [2021-09-14 18:52:31,784] {dag.py:1833} INFO - Sync 1 DAGs
[2021-09-14 18:52:31,796] {logging_mixin.py:109} INFO - [2021-09-14 18:52:31,796] {dag.py:2306} INFO - Setting next_dagrun for example_short_circuit_operator to 2021-09-12 00:00:00+00:00
[2021-09-14 18:52:31,804] {processor.py:170} INFO - Processing /home/airflow/.local/lib/python3.8/site-packages/airflow/example_dags/example_short_circuit_operator.py took 0.053 seconds
[2021-09-14 18:53:02,172] {processor.py:162} INFO - Started process (PID=2349) to work on /home/airflow/.local/lib/python3.8/site-packages/airflow/example_dags/example_short_circuit_operator.py
[2021-09-14 18:53:02,173] {processor.py:613} INFO - Processing file /home/airflow/.local/lib/python3.8/site-packages/airflow/example_dags/example_short_circuit_operator.py for tasks to queue
[2021-09-14 18:53:02,174] {logging_mixin.py:109} INFO - [2021-09-14 18:53:02,174] {dagbag.py:496} INFO - Filling up the DagBag from /home/airflow/.local/lib/python3.8/site-packages/airflow/example_dags/example_short_circuit_operator.py
[2021-09-14 18:53:02,183] {processor.py:623} INFO - DAG(s) dict_keys(['example_short_circuit_operator']) retrieved from /home/airflow/.local/lib/python3.8/site-packages/airflow/example_dags/example_short_circuit_operator.py
[2021-09-14 18:53:02,200] {logging_mixin.py:109} INFO - [2021-09-14 18:53:02,200] {dag.py:1833} INFO - Sync 1 DAGs
[2021-09-14 18:53:02,210] {logging_mixin.py:109} INFO - [2021-09-14 18:53:02,210] {dag.py:2306} INFO - Setting next_dagrun for example_short_circuit_operator to 2021-09-12 00:00:00+00:00
[2021-09-14 18:53:02,218] {processor.py:170} INFO - Processing /home/airflow/.local/lib/python3.8/site-packages/airflow/example_dags/example_short_circuit_operator.py took 0.048 seconds
[2021-09-14 18:53:32,672] {processor.py:162} INFO - Started process (PID=2396) to work on /home/airflow/.local/lib/python3.8/site-packages/airflow/example_dags/example_short_circuit_operator.py
[2021-09-14 18:53:32,674] {processor.py:613} INFO - Processing file /home/airflow/.local/lib/python3.8/site-packages/airflow/example_dags/example_short_circuit_operator.py for tasks to queue
[2021-09-14 18:53:32,676] {logging_mixin.py:109} INFO - [2021-09-14 18:53:32,676] {dagbag.py:496} INFO - Filling up the DagBag from /home/airflow/.local/lib/python3.8/site-packages/airflow/example_dags/example_short_circuit_operator.py
[2021-09-14 18:53:32,688] {processor.py:623} INFO - DAG(s) dict_keys(['example_short_circuit_operator']) retrieved from /home/airflow/.local/lib/python3.8/site-packages/airflow/example_dags/example_short_circuit_operator.py
[2021-09-14 18:53:32,718] {logging_mixin.py:109} INFO - [2021-09-14 18:53:32,717] {dag.py:1833} INFO - Sync 1 DAGs
[2021-09-14 18:53:32,733] {logging_mixin.py:109} INFO - [2021-09-14 18:53:32,733] {dag.py:2306} INFO - Setting next_dagrun for example_short_circuit_operator to 2021-09-12 00:00:00+00:00
[2021-09-14 18:53:32,741] {processor.py:170} INFO - Processing /home/airflow/.local/lib/python3.8/site-packages/airflow/example_dags/example_short_circuit_operator.py took 0.072 seconds
[2021-09-14 18:54:03,715] {processor.py:162} INFO - Started process (PID=2453) to work on /home/airflow/.local/lib/python3.8/site-packages/airflow/example_dags/example_short_circuit_operator.py
[2021-09-14 18:54:03,719] {processor.py:613} INFO - Processing file /home/airflow/.local/lib/python3.8/site-packages/airflow/example_dags/example_short_circuit_operator.py for tasks to queue
[2021-09-14 18:54:03,726] {logging_mixin.py:109} INFO - [2021-09-14 18:54:03,726] {dagbag.py:496} INFO - Filling up the DagBag from /home/airflow/.local/lib/python3.8/site-packages/airflow/example_dags/example_short_circuit_operator.py
[2021-09-14 18:54:03,764] {processor.py:623} INFO - DAG(s) dict_keys(['example_short_circuit_operator']) retrieved from /home/airflow/.local/lib/python3.8/site-packages/airflow/example_dags/example_short_circuit_operator.py
[2021-09-14 18:54:03,829] {logging_mixin.py:109} INFO - [2021-09-14 18:54:03,829] {dag.py:1833} INFO - Sync 1 DAGs
[2021-09-14 18:54:03,875] {logging_mixin.py:109} INFO - [2021-09-14 18:54:03,875] {dag.py:2306} INFO - Setting next_dagrun for example_short_circuit_operator to 2021-09-12 00:00:00+00:00
[2021-09-14 18:54:03,895] {processor.py:170} INFO - Processing /home/airflow/.local/lib/python3.8/site-packages/airflow/example_dags/example_short_circuit_operator.py took 0.182 seconds
[2021-09-14 18:54:34,289] {processor.py:162} INFO - Started process (PID=2500) to work on /home/airflow/.local/lib/python3.8/site-packages/airflow/example_dags/example_short_circuit_operator.py
[2021-09-14 18:54:34,290] {processor.py:613} INFO - Processing file /home/airflow/.local/lib/python3.8/site-packages/airflow/example_dags/example_short_circuit_operator.py for tasks to queue
[2021-09-14 18:54:34,291] {logging_mixin.py:109} INFO - [2021-09-14 18:54:34,291] {dagbag.py:496} INFO - Filling up the DagBag from /home/airflow/.local/lib/python3.8/site-packages/airflow/example_dags/example_short_circuit_operator.py
[2021-09-14 18:54:34,300] {processor.py:623} INFO - DAG(s) dict_keys(['example_short_circuit_operator']) retrieved from /home/airflow/.local/lib/python3.8/site-packages/airflow/example_dags/example_short_circuit_operator.py
[2021-09-14 18:54:34,318] {logging_mixin.py:109} INFO - [2021-09-14 18:54:34,318] {dag.py:1833} INFO - Sync 1 DAGs
[2021-09-14 18:54:34,329] {logging_mixin.py:109} INFO - [2021-09-14 18:54:34,329] {dag.py:2306} INFO - Setting next_dagrun for example_short_circuit_operator to 2021-09-12 00:00:00+00:00
[2021-09-14 18:54:34,337] {processor.py:170} INFO - Processing /home/airflow/.local/lib/python3.8/site-packages/airflow/example_dags/example_short_circuit_operator.py took 0.051 seconds
[2021-09-14 18:55:04,698] {processor.py:162} INFO - Started process (PID=2555) to work on /home/airflow/.local/lib/python3.8/site-packages/airflow/example_dags/example_short_circuit_operator.py
[2021-09-14 18:55:04,699] {processor.py:613} INFO - Processing file /home/airflow/.local/lib/python3.8/site-packages/airflow/example_dags/example_short_circuit_operator.py for tasks to queue
[2021-09-14 18:55:04,700] {logging_mixin.py:109} INFO - [2021-09-14 18:55:04,700] {dagbag.py:496} INFO - Filling up the DagBag from /home/airflow/.local/lib/python3.8/site-packages/airflow/example_dags/example_short_circuit_operator.py
[2021-09-14 18:55:04,715] {processor.py:623} INFO - DAG(s) dict_keys(['example_short_circuit_operator']) retrieved from /home/airflow/.local/lib/python3.8/site-packages/airflow/example_dags/example_short_circuit_operator.py
[2021-09-14 18:55:04,739] {logging_mixin.py:109} INFO - [2021-09-14 18:55:04,739] {dag.py:1833} INFO - Sync 1 DAGs
[2021-09-14 18:55:04,752] {logging_mixin.py:109} INFO - [2021-09-14 18:55:04,752] {dag.py:2306} INFO - Setting next_dagrun for example_short_circuit_operator to 2021-09-12 00:00:00+00:00
[2021-09-14 18:55:04,765] {processor.py:170} INFO - Processing /home/airflow/.local/lib/python3.8/site-packages/airflow/example_dags/example_short_circuit_operator.py took 0.071 seconds
[2021-09-14 18:55:35,086] {processor.py:162} INFO - Started process (PID=2610) to work on /home/airflow/.local/lib/python3.8/site-packages/airflow/example_dags/example_short_circuit_operator.py
[2021-09-14 18:55:35,087] {processor.py:613} INFO - Processing file /home/airflow/.local/lib/python3.8/site-packages/airflow/example_dags/example_short_circuit_operator.py for tasks to queue
[2021-09-14 18:55:35,088] {logging_mixin.py:109} INFO - [2021-09-14 18:55:35,088] {dagbag.py:496} INFO - Filling up the DagBag from /home/airflow/.local/lib/python3.8/site-packages/airflow/example_dags/example_short_circuit_operator.py
[2021-09-14 18:55:35,099] {processor.py:623} INFO - DAG(s) dict_keys(['example_short_circuit_operator']) retrieved from /home/airflow/.local/lib/python3.8/site-packages/airflow/example_dags/example_short_circuit_operator.py
[2021-09-14 18:55:35,121] {logging_mixin.py:109} INFO - [2021-09-14 18:55:35,121] {dag.py:1833} INFO - Sync 1 DAGs
[2021-09-14 18:55:35,133] {logging_mixin.py:109} INFO - [2021-09-14 18:55:35,133] {dag.py:2306} INFO - Setting next_dagrun for example_short_circuit_operator to 2021-09-12 00:00:00+00:00
[2021-09-14 18:55:35,144] {processor.py:170} INFO - Processing /home/airflow/.local/lib/python3.8/site-packages/airflow/example_dags/example_short_circuit_operator.py took 0.061 seconds
[2021-09-14 18:56:05,854] {processor.py:162} INFO - Started process (PID=2657) to work on /home/airflow/.local/lib/python3.8/site-packages/airflow/example_dags/example_short_circuit_operator.py
[2021-09-14 18:56:05,864] {processor.py:613} INFO - Processing file /home/airflow/.local/lib/python3.8/site-packages/airflow/example_dags/example_short_circuit_operator.py for tasks to queue
[2021-09-14 18:56:05,866] {logging_mixin.py:109} INFO - [2021-09-14 18:56:05,866] {dagbag.py:496} INFO - Filling up the DagBag from /home/airflow/.local/lib/python3.8/site-packages/airflow/example_dags/example_short_circuit_operator.py
[2021-09-14 18:56:05,885] {processor.py:623} INFO - DAG(s) dict_keys(['example_short_circuit_operator']) retrieved from /home/airflow/.local/lib/python3.8/site-packages/airflow/example_dags/example_short_circuit_operator.py
[2021-09-14 18:56:05,918] {logging_mixin.py:109} INFO - [2021-09-14 18:56:05,917] {dag.py:1833} INFO - Sync 1 DAGs
[2021-09-14 18:56:05,942] {logging_mixin.py:109} INFO - [2021-09-14 18:56:05,942] {dag.py:2306} INFO - Setting next_dagrun for example_short_circuit_operator to 2021-09-12 00:00:00+00:00
[2021-09-14 18:56:05,953] {processor.py:170} INFO - Processing /home/airflow/.local/lib/python3.8/site-packages/airflow/example_dags/example_short_circuit_operator.py took 0.102 seconds
[2021-09-14 18:56:36,279] {processor.py:162} INFO - Started process (PID=2714) to work on /home/airflow/.local/lib/python3.8/site-packages/airflow/example_dags/example_short_circuit_operator.py
[2021-09-14 18:56:36,280] {processor.py:613} INFO - Processing file /home/airflow/.local/lib/python3.8/site-packages/airflow/example_dags/example_short_circuit_operator.py for tasks to queue
[2021-09-14 18:56:36,281] {logging_mixin.py:109} INFO - [2021-09-14 18:56:36,281] {dagbag.py:496} INFO - Filling up the DagBag from /home/airflow/.local/lib/python3.8/site-packages/airflow/example_dags/example_short_circuit_operator.py
[2021-09-14 18:56:36,294] {processor.py:623} INFO - DAG(s) dict_keys(['example_short_circuit_operator']) retrieved from /home/airflow/.local/lib/python3.8/site-packages/airflow/example_dags/example_short_circuit_operator.py
[2021-09-14 18:56:36,314] {logging_mixin.py:109} INFO - [2021-09-14 18:56:36,314] {dag.py:1833} INFO - Sync 1 DAGs
[2021-09-14 18:56:36,330] {logging_mixin.py:109} INFO - [2021-09-14 18:56:36,330] {dag.py:2306} INFO - Setting next_dagrun for example_short_circuit_operator to 2021-09-12 00:00:00+00:00
[2021-09-14 18:56:36,341] {processor.py:170} INFO - Processing /home/airflow/.local/lib/python3.8/site-packages/airflow/example_dags/example_short_circuit_operator.py took 0.065 seconds
[2021-09-14 18:57:06,960] {processor.py:162} INFO - Started process (PID=2763) to work on /home/airflow/.local/lib/python3.8/site-packages/airflow/example_dags/example_short_circuit_operator.py
[2021-09-14 18:57:06,961] {processor.py:613} INFO - Processing file /home/airflow/.local/lib/python3.8/site-packages/airflow/example_dags/example_short_circuit_operator.py for tasks to queue
[2021-09-14 18:57:06,961] {logging_mixin.py:109} INFO - [2021-09-14 18:57:06,961] {dagbag.py:496} INFO - Filling up the DagBag from /home/airflow/.local/lib/python3.8/site-packages/airflow/example_dags/example_short_circuit_operator.py
[2021-09-14 18:57:06,970] {processor.py:623} INFO - DAG(s) dict_keys(['example_short_circuit_operator']) retrieved from /home/airflow/.local/lib/python3.8/site-packages/airflow/example_dags/example_short_circuit_operator.py
[2021-09-14 18:57:06,996] {logging_mixin.py:109} INFO - [2021-09-14 18:57:06,995] {dag.py:1833} INFO - Sync 1 DAGs
[2021-09-14 18:57:07,005] {logging_mixin.py:109} INFO - [2021-09-14 18:57:07,005] {dag.py:2306} INFO - Setting next_dagrun for example_short_circuit_operator to 2021-09-12 00:00:00+00:00
[2021-09-14 18:57:07,012] {processor.py:170} INFO - Processing /home/airflow/.local/lib/python3.8/site-packages/airflow/example_dags/example_short_circuit_operator.py took 0.055 seconds
[2021-09-14 18:57:37,194] {processor.py:162} INFO - Started process (PID=2818) to work on /home/airflow/.local/lib/python3.8/site-packages/airflow/example_dags/example_short_circuit_operator.py
[2021-09-14 18:57:37,195] {processor.py:613} INFO - Processing file /home/airflow/.local/lib/python3.8/site-packages/airflow/example_dags/example_short_circuit_operator.py for tasks to queue
[2021-09-14 18:57:37,196] {logging_mixin.py:109} INFO - [2021-09-14 18:57:37,196] {dagbag.py:496} INFO - Filling up the DagBag from /home/airflow/.local/lib/python3.8/site-packages/airflow/example_dags/example_short_circuit_operator.py
[2021-09-14 18:57:37,205] {processor.py:623} INFO - DAG(s) dict_keys(['example_short_circuit_operator']) retrieved from /home/airflow/.local/lib/python3.8/site-packages/airflow/example_dags/example_short_circuit_operator.py
[2021-09-14 18:57:37,221] {logging_mixin.py:109} INFO - [2021-09-14 18:57:37,221] {dag.py:1833} INFO - Sync 1 DAGs
[2021-09-14 18:57:37,231] {logging_mixin.py:109} INFO - [2021-09-14 18:57:37,231] {dag.py:2306} INFO - Setting next_dagrun for example_short_circuit_operator to 2021-09-12 00:00:00+00:00
[2021-09-14 18:57:37,237] {processor.py:170} INFO - Processing /home/airflow/.local/lib/python3.8/site-packages/airflow/example_dags/example_short_circuit_operator.py took 0.046 seconds
[2021-09-14 18:58:07,977] {processor.py:162} INFO - Started process (PID=2873) to work on /home/airflow/.local/lib/python3.8/site-packages/airflow/example_dags/example_short_circuit_operator.py
[2021-09-14 18:58:07,979] {processor.py:613} INFO - Processing file /home/airflow/.local/lib/python3.8/site-packages/airflow/example_dags/example_short_circuit_operator.py for tasks to queue
[2021-09-14 18:58:07,980] {logging_mixin.py:109} INFO - [2021-09-14 18:58:07,979] {dagbag.py:496} INFO - Filling up the DagBag from /home/airflow/.local/lib/python3.8/site-packages/airflow/example_dags/example_short_circuit_operator.py
[2021-09-14 18:58:08,001] {processor.py:623} INFO - DAG(s) dict_keys(['example_short_circuit_operator']) retrieved from /home/airflow/.local/lib/python3.8/site-packages/airflow/example_dags/example_short_circuit_operator.py
[2021-09-14 18:58:08,024] {logging_mixin.py:109} INFO - [2021-09-14 18:58:08,024] {dag.py:1833} INFO - Sync 1 DAGs
[2021-09-14 18:58:08,037] {logging_mixin.py:109} INFO - [2021-09-14 18:58:08,037] {dag.py:2306} INFO - Setting next_dagrun for example_short_circuit_operator to 2021-09-12 00:00:00+00:00
[2021-09-14 18:58:08,052] {processor.py:170} INFO - Processing /home/airflow/.local/lib/python3.8/site-packages/airflow/example_dags/example_short_circuit_operator.py took 0.078 seconds
[2021-09-14 18:58:38,539] {processor.py:162} INFO - Started process (PID=2922) to work on /home/airflow/.local/lib/python3.8/site-packages/airflow/example_dags/example_short_circuit_operator.py
[2021-09-14 18:58:38,540] {processor.py:613} INFO - Processing file /home/airflow/.local/lib/python3.8/site-packages/airflow/example_dags/example_short_circuit_operator.py for tasks to queue
[2021-09-14 18:58:38,541] {logging_mixin.py:109} INFO - [2021-09-14 18:58:38,541] {dagbag.py:496} INFO - Filling up the DagBag from /home/airflow/.local/lib/python3.8/site-packages/airflow/example_dags/example_short_circuit_operator.py
[2021-09-14 18:58:38,553] {processor.py:623} INFO - DAG(s) dict_keys(['example_short_circuit_operator']) retrieved from /home/airflow/.local/lib/python3.8/site-packages/airflow/example_dags/example_short_circuit_operator.py
[2021-09-14 18:58:38,576] {logging_mixin.py:109} INFO - [2021-09-14 18:58:38,575] {dag.py:1833} INFO - Sync 1 DAGs
[2021-09-14 18:58:38,598] {logging_mixin.py:109} INFO - [2021-09-14 18:58:38,598] {dag.py:2306} INFO - Setting next_dagrun for example_short_circuit_operator to 2021-09-12 00:00:00+00:00
[2021-09-14 18:58:38,686] {processor.py:170} INFO - Processing /home/airflow/.local/lib/python3.8/site-packages/airflow/example_dags/example_short_circuit_operator.py took 0.150 seconds
[2021-09-14 18:59:09,008] {processor.py:162} INFO - Started process (PID=2979) to work on /home/airflow/.local/lib/python3.8/site-packages/airflow/example_dags/example_short_circuit_operator.py
[2021-09-14 18:59:09,009] {processor.py:613} INFO - Processing file /home/airflow/.local/lib/python3.8/site-packages/airflow/example_dags/example_short_circuit_operator.py for tasks to queue
[2021-09-14 18:59:09,010] {logging_mixin.py:109} INFO - [2021-09-14 18:59:09,010] {dagbag.py:496} INFO - Filling up the DagBag from /home/airflow/.local/lib/python3.8/site-packages/airflow/example_dags/example_short_circuit_operator.py
[2021-09-14 18:59:09,022] {processor.py:623} INFO - DAG(s) dict_keys(['example_short_circuit_operator']) retrieved from /home/airflow/.local/lib/python3.8/site-packages/airflow/example_dags/example_short_circuit_operator.py
[2021-09-14 18:59:09,043] {logging_mixin.py:109} INFO - [2021-09-14 18:59:09,042] {dag.py:1833} INFO - Sync 1 DAGs
[2021-09-14 18:59:09,055] {logging_mixin.py:109} INFO - [2021-09-14 18:59:09,055] {dag.py:2306} INFO - Setting next_dagrun for example_short_circuit_operator to 2021-09-12 00:00:00+00:00
[2021-09-14 18:59:09,064] {processor.py:170} INFO - Processing /home/airflow/.local/lib/python3.8/site-packages/airflow/example_dags/example_short_circuit_operator.py took 0.059 seconds
[2021-09-14 18:59:39,169] {processor.py:162} INFO - Started process (PID=3025) to work on /home/airflow/.local/lib/python3.8/site-packages/airflow/example_dags/example_short_circuit_operator.py
[2021-09-14 18:59:39,170] {processor.py:613} INFO - Processing file /home/airflow/.local/lib/python3.8/site-packages/airflow/example_dags/example_short_circuit_operator.py for tasks to queue
[2021-09-14 18:59:39,171] {logging_mixin.py:109} INFO - [2021-09-14 18:59:39,171] {dagbag.py:496} INFO - Filling up the DagBag from /home/airflow/.local/lib/python3.8/site-packages/airflow/example_dags/example_short_circuit_operator.py
[2021-09-14 18:59:39,180] {processor.py:623} INFO - DAG(s) dict_keys(['example_short_circuit_operator']) retrieved from /home/airflow/.local/lib/python3.8/site-packages/airflow/example_dags/example_short_circuit_operator.py
[2021-09-14 18:59:39,197] {logging_mixin.py:109} INFO - [2021-09-14 18:59:39,197] {dag.py:1833} INFO - Sync 1 DAGs
[2021-09-14 18:59:39,206] {logging_mixin.py:109} INFO - [2021-09-14 18:59:39,206] {dag.py:2306} INFO - Setting next_dagrun for example_short_circuit_operator to 2021-09-12 00:00:00+00:00
[2021-09-14 18:59:39,215] {processor.py:170} INFO - Processing /home/airflow/.local/lib/python3.8/site-packages/airflow/example_dags/example_short_circuit_operator.py took 0.048 seconds
[2021-09-14 19:00:09,538] {processor.py:162} INFO - Started process (PID=3083) to work on /home/airflow/.local/lib/python3.8/site-packages/airflow/example_dags/example_short_circuit_operator.py
[2021-09-14 19:00:09,539] {processor.py:613} INFO - Processing file /home/airflow/.local/lib/python3.8/site-packages/airflow/example_dags/example_short_circuit_operator.py for tasks to queue
[2021-09-14 19:00:09,540] {logging_mixin.py:109} INFO - [2021-09-14 19:00:09,540] {dagbag.py:496} INFO - Filling up the DagBag from /home/airflow/.local/lib/python3.8/site-packages/airflow/example_dags/example_short_circuit_operator.py
[2021-09-14 19:00:09,550] {processor.py:623} INFO - DAG(s) dict_keys(['example_short_circuit_operator']) retrieved from /home/airflow/.local/lib/python3.8/site-packages/airflow/example_dags/example_short_circuit_operator.py
[2021-09-14 19:00:09,571] {logging_mixin.py:109} INFO - [2021-09-14 19:00:09,570] {dag.py:1833} INFO - Sync 1 DAGs
[2021-09-14 19:00:09,581] {logging_mixin.py:109} INFO - [2021-09-14 19:00:09,581] {dag.py:2306} INFO - Setting next_dagrun for example_short_circuit_operator to 2021-09-12 00:00:00+00:00
[2021-09-14 19:00:09,588] {processor.py:170} INFO - Processing /home/airflow/.local/lib/python3.8/site-packages/airflow/example_dags/example_short_circuit_operator.py took 0.053 seconds
[2021-09-14 19:00:39,698] {processor.py:162} INFO - Started process (PID=3140) to work on /home/airflow/.local/lib/python3.8/site-packages/airflow/example_dags/example_short_circuit_operator.py
[2021-09-14 19:00:39,703] {processor.py:613} INFO - Processing file /home/airflow/.local/lib/python3.8/site-packages/airflow/example_dags/example_short_circuit_operator.py for tasks to queue
[2021-09-14 19:00:39,704] {logging_mixin.py:109} INFO - [2021-09-14 19:00:39,703] {dagbag.py:496} INFO - Filling up the DagBag from /home/airflow/.local/lib/python3.8/site-packages/airflow/example_dags/example_short_circuit_operator.py
[2021-09-14 19:00:39,728] {processor.py:623} INFO - DAG(s) dict_keys(['example_short_circuit_operator']) retrieved from /home/airflow/.local/lib/python3.8/site-packages/airflow/example_dags/example_short_circuit_operator.py
[2021-09-14 19:00:39,808] {logging_mixin.py:109} INFO - [2021-09-14 19:00:39,808] {dag.py:1833} INFO - Sync 1 DAGs
[2021-09-14 19:00:39,821] {logging_mixin.py:109} INFO - [2021-09-14 19:00:39,821] {dag.py:2306} INFO - Setting next_dagrun for example_short_circuit_operator to 2021-09-12 00:00:00+00:00
[2021-09-14 19:00:39,831] {processor.py:170} INFO - Processing /home/airflow/.local/lib/python3.8/site-packages/airflow/example_dags/example_short_circuit_operator.py took 0.136 seconds
[2021-09-14 19:01:10,280] {processor.py:162} INFO - Started process (PID=3188) to work on /home/airflow/.local/lib/python3.8/site-packages/airflow/example_dags/example_short_circuit_operator.py
[2021-09-14 19:01:10,281] {processor.py:613} INFO - Processing file /home/airflow/.local/lib/python3.8/site-packages/airflow/example_dags/example_short_circuit_operator.py for tasks to queue
[2021-09-14 19:01:10,281] {logging_mixin.py:109} INFO - [2021-09-14 19:01:10,281] {dagbag.py:496} INFO - Filling up the DagBag from /home/airflow/.local/lib/python3.8/site-packages/airflow/example_dags/example_short_circuit_operator.py
[2021-09-14 19:01:10,290] {processor.py:623} INFO - DAG(s) dict_keys(['example_short_circuit_operator']) retrieved from /home/airflow/.local/lib/python3.8/site-packages/airflow/example_dags/example_short_circuit_operator.py
[2021-09-14 19:01:10,306] {logging_mixin.py:109} INFO - [2021-09-14 19:01:10,306] {dag.py:1833} INFO - Sync 1 DAGs
[2021-09-14 19:01:10,318] {logging_mixin.py:109} INFO - [2021-09-14 19:01:10,318] {dag.py:2306} INFO - Setting next_dagrun for example_short_circuit_operator to 2021-09-12 00:00:00+00:00
[2021-09-14 19:01:10,326] {processor.py:170} INFO - Processing /home/airflow/.local/lib/python3.8/site-packages/airflow/example_dags/example_short_circuit_operator.py took 0.049 seconds
[2021-09-14 19:01:40,537] {processor.py:162} INFO - Started process (PID=3243) to work on /home/airflow/.local/lib/python3.8/site-packages/airflow/example_dags/example_short_circuit_operator.py
[2021-09-14 19:01:40,539] {processor.py:613} INFO - Processing file /home/airflow/.local/lib/python3.8/site-packages/airflow/example_dags/example_short_circuit_operator.py for tasks to queue
[2021-09-14 19:01:40,540] {logging_mixin.py:109} INFO - [2021-09-14 19:01:40,540] {dagbag.py:496} INFO - Filling up the DagBag from /home/airflow/.local/lib/python3.8/site-packages/airflow/example_dags/example_short_circuit_operator.py
[2021-09-14 19:01:40,552] {processor.py:623} INFO - DAG(s) dict_keys(['example_short_circuit_operator']) retrieved from /home/airflow/.local/lib/python3.8/site-packages/airflow/example_dags/example_short_circuit_operator.py
[2021-09-14 19:01:40,582] {logging_mixin.py:109} INFO - [2021-09-14 19:01:40,582] {dag.py:1833} INFO - Sync 1 DAGs
[2021-09-14 19:01:40,600] {logging_mixin.py:109} INFO - [2021-09-14 19:01:40,600] {dag.py:2306} INFO - Setting next_dagrun for example_short_circuit_operator to 2021-09-12 00:00:00+00:00
[2021-09-14 19:01:40,608] {processor.py:170} INFO - Processing /home/airflow/.local/lib/python3.8/site-packages/airflow/example_dags/example_short_circuit_operator.py took 0.074 seconds
[2021-09-14 19:02:10,871] {processor.py:162} INFO - Started process (PID=3293) to work on /home/airflow/.local/lib/python3.8/site-packages/airflow/example_dags/example_short_circuit_operator.py
[2021-09-14 19:02:10,873] {processor.py:613} INFO - Processing file /home/airflow/.local/lib/python3.8/site-packages/airflow/example_dags/example_short_circuit_operator.py for tasks to queue
[2021-09-14 19:02:10,873] {logging_mixin.py:109} INFO - [2021-09-14 19:02:10,873] {dagbag.py:496} INFO - Filling up the DagBag from /home/airflow/.local/lib/python3.8/site-packages/airflow/example_dags/example_short_circuit_operator.py
[2021-09-14 19:02:10,883] {processor.py:623} INFO - DAG(s) dict_keys(['example_short_circuit_operator']) retrieved from /home/airflow/.local/lib/python3.8/site-packages/airflow/example_dags/example_short_circuit_operator.py
[2021-09-14 19:02:10,901] {logging_mixin.py:109} INFO - [2021-09-14 19:02:10,901] {dag.py:1833} INFO - Sync 1 DAGs
[2021-09-14 19:02:10,912] {logging_mixin.py:109} INFO - [2021-09-14 19:02:10,911] {dag.py:2306} INFO - Setting next_dagrun for example_short_circuit_operator to 2021-09-12 00:00:00+00:00
[2021-09-14 19:02:10,918] {processor.py:170} INFO - Processing /home/airflow/.local/lib/python3.8/site-packages/airflow/example_dags/example_short_circuit_operator.py took 0.049 seconds
[2021-09-14 19:02:41,198] {processor.py:162} INFO - Started process (PID=3350) to work on /home/airflow/.local/lib/python3.8/site-packages/airflow/example_dags/example_short_circuit_operator.py
[2021-09-14 19:02:41,200] {processor.py:613} INFO - Processing file /home/airflow/.local/lib/python3.8/site-packages/airflow/example_dags/example_short_circuit_operator.py for tasks to queue
[2021-09-14 19:02:41,200] {logging_mixin.py:109} INFO - [2021-09-14 19:02:41,200] {dagbag.py:496} INFO - Filling up the DagBag from /home/airflow/.local/lib/python3.8/site-packages/airflow/example_dags/example_short_circuit_operator.py
[2021-09-14 19:02:41,213] {processor.py:623} INFO - DAG(s) dict_keys(['example_short_circuit_operator']) retrieved from /home/airflow/.local/lib/python3.8/site-packages/airflow/example_dags/example_short_circuit_operator.py
[2021-09-14 19:02:41,256] {logging_mixin.py:109} INFO - [2021-09-14 19:02:41,256] {dag.py:1833} INFO - Sync 1 DAGs
[2021-09-14 19:02:41,274] {logging_mixin.py:109} INFO - [2021-09-14 19:02:41,273] {dag.py:2306} INFO - Setting next_dagrun for example_short_circuit_operator to 2021-09-12 00:00:00+00:00
[2021-09-14 19:02:41,283] {processor.py:170} INFO - Processing /home/airflow/.local/lib/python3.8/site-packages/airflow/example_dags/example_short_circuit_operator.py took 0.088 seconds
[2021-09-14 19:03:11,728] {processor.py:162} INFO - Started process (PID=3397) to work on /home/airflow/.local/lib/python3.8/site-packages/airflow/example_dags/example_short_circuit_operator.py
[2021-09-14 19:03:11,729] {processor.py:613} INFO - Processing file /home/airflow/.local/lib/python3.8/site-packages/airflow/example_dags/example_short_circuit_operator.py for tasks to queue
[2021-09-14 19:03:11,729] {logging_mixin.py:109} INFO - [2021-09-14 19:03:11,729] {dagbag.py:496} INFO - Filling up the DagBag from /home/airflow/.local/lib/python3.8/site-packages/airflow/example_dags/example_short_circuit_operator.py
[2021-09-14 19:03:11,741] {processor.py:623} INFO - DAG(s) dict_keys(['example_short_circuit_operator']) retrieved from /home/airflow/.local/lib/python3.8/site-packages/airflow/example_dags/example_short_circuit_operator.py
[2021-09-14 19:03:11,758] {logging_mixin.py:109} INFO - [2021-09-14 19:03:11,758] {dag.py:1833} INFO - Sync 1 DAGs
[2021-09-14 19:03:11,767] {logging_mixin.py:109} INFO - [2021-09-14 19:03:11,767] {dag.py:2306} INFO - Setting next_dagrun for example_short_circuit_operator to 2021-09-12 00:00:00+00:00
[2021-09-14 19:03:11,775] {processor.py:170} INFO - Processing /home/airflow/.local/lib/python3.8/site-packages/airflow/example_dags/example_short_circuit_operator.py took 0.050 seconds
[2021-09-14 19:03:42,349] {processor.py:162} INFO - Started process (PID=3455) to work on /home/airflow/.local/lib/python3.8/site-packages/airflow/example_dags/example_short_circuit_operator.py
[2021-09-14 19:03:42,350] {processor.py:613} INFO - Processing file /home/airflow/.local/lib/python3.8/site-packages/airflow/example_dags/example_short_circuit_operator.py for tasks to queue
[2021-09-14 19:03:42,351] {logging_mixin.py:109} INFO - [2021-09-14 19:03:42,351] {dagbag.py:496} INFO - Filling up the DagBag from /home/airflow/.local/lib/python3.8/site-packages/airflow/example_dags/example_short_circuit_operator.py
[2021-09-14 19:03:42,360] {processor.py:623} INFO - DAG(s) dict_keys(['example_short_circuit_operator']) retrieved from /home/airflow/.local/lib/python3.8/site-packages/airflow/example_dags/example_short_circuit_operator.py
[2021-09-14 19:03:42,378] {logging_mixin.py:109} INFO - [2021-09-14 19:03:42,378] {dag.py:1833} INFO - Sync 1 DAGs
[2021-09-14 19:03:42,391] {logging_mixin.py:109} INFO - [2021-09-14 19:03:42,391] {dag.py:2306} INFO - Setting next_dagrun for example_short_circuit_operator to 2021-09-12 00:00:00+00:00
[2021-09-14 19:03:42,401] {processor.py:170} INFO - Processing /home/airflow/.local/lib/python3.8/site-packages/airflow/example_dags/example_short_circuit_operator.py took 0.055 seconds
