[2021-09-14 18:31:54,115] {processor.py:162} INFO - Started process (PID=59) to work on /home/airflow/.local/lib/python3.8/site-packages/airflow/example_dags/example_branch_operator.py
[2021-09-14 18:31:54,121] {processor.py:613} INFO - Processing file /home/airflow/.local/lib/python3.8/site-packages/airflow/example_dags/example_branch_operator.py for tasks to queue
[2021-09-14 18:31:54,124] {logging_mixin.py:109} INFO - [2021-09-14 18:31:54,124] {dagbag.py:496} INFO - Filling up the DagBag from /home/airflow/.local/lib/python3.8/site-packages/airflow/example_dags/example_branch_operator.py
[2021-09-14 18:31:54,170] {processor.py:623} INFO - DAG(s) dict_keys(['example_branch_operator']) retrieved from /home/airflow/.local/lib/python3.8/site-packages/airflow/example_dags/example_branch_operator.py
[2021-09-14 18:31:57,508] {logging_mixin.py:109} INFO - [2021-09-14 18:31:57,507] {dag.py:1833} INFO - Sync 1 DAGs
[2021-09-14 18:31:57,518] {logging_mixin.py:109} INFO - [2021-09-14 18:31:57,517] {dag.py:1852} INFO - Creating ORM DAG for example_branch_operator
[2021-09-14 18:31:57,525] {logging_mixin.py:109} INFO - [2021-09-14 18:31:57,525] {dag.py:2306} INFO - Setting next_dagrun for example_branch_operator to 2021-09-12 00:00:00+00:00
[2021-09-14 18:31:57,536] {processor.py:170} INFO - Processing /home/airflow/.local/lib/python3.8/site-packages/airflow/example_dags/example_branch_operator.py took 3.426 seconds
[2021-09-14 18:32:28,381] {processor.py:162} INFO - Started process (PID=211) to work on /home/airflow/.local/lib/python3.8/site-packages/airflow/example_dags/example_branch_operator.py
[2021-09-14 18:32:28,382] {processor.py:613} INFO - Processing file /home/airflow/.local/lib/python3.8/site-packages/airflow/example_dags/example_branch_operator.py for tasks to queue
[2021-09-14 18:32:28,384] {logging_mixin.py:109} INFO - [2021-09-14 18:32:28,384] {dagbag.py:496} INFO - Filling up the DagBag from /home/airflow/.local/lib/python3.8/site-packages/airflow/example_dags/example_branch_operator.py
[2021-09-14 18:32:28,403] {processor.py:623} INFO - DAG(s) dict_keys(['example_branch_operator']) retrieved from /home/airflow/.local/lib/python3.8/site-packages/airflow/example_dags/example_branch_operator.py
[2021-09-14 18:32:28,430] {logging_mixin.py:109} INFO - [2021-09-14 18:32:28,430] {dag.py:1833} INFO - Sync 1 DAGs
[2021-09-14 18:32:28,487] {logging_mixin.py:109} INFO - [2021-09-14 18:32:28,486] {dag.py:2306} INFO - Setting next_dagrun for example_branch_operator to 2021-09-12 00:00:00+00:00
[2021-09-14 18:32:28,504] {processor.py:170} INFO - Processing /home/airflow/.local/lib/python3.8/site-packages/airflow/example_dags/example_branch_operator.py took 0.127 seconds
[2021-09-14 18:32:59,041] {processor.py:162} INFO - Started process (PID=267) to work on /home/airflow/.local/lib/python3.8/site-packages/airflow/example_dags/example_branch_operator.py
[2021-09-14 18:32:59,042] {processor.py:613} INFO - Processing file /home/airflow/.local/lib/python3.8/site-packages/airflow/example_dags/example_branch_operator.py for tasks to queue
[2021-09-14 18:32:59,042] {logging_mixin.py:109} INFO - [2021-09-14 18:32:59,042] {dagbag.py:496} INFO - Filling up the DagBag from /home/airflow/.local/lib/python3.8/site-packages/airflow/example_dags/example_branch_operator.py
[2021-09-14 18:32:59,054] {processor.py:623} INFO - DAG(s) dict_keys(['example_branch_operator']) retrieved from /home/airflow/.local/lib/python3.8/site-packages/airflow/example_dags/example_branch_operator.py
[2021-09-14 18:32:59,085] {logging_mixin.py:109} INFO - [2021-09-14 18:32:59,085] {dag.py:1833} INFO - Sync 1 DAGs
[2021-09-14 18:32:59,097] {logging_mixin.py:109} INFO - [2021-09-14 18:32:59,097] {dag.py:2306} INFO - Setting next_dagrun for example_branch_operator to 2021-09-12 00:00:00+00:00
[2021-09-14 18:32:59,105] {processor.py:170} INFO - Processing /home/airflow/.local/lib/python3.8/site-packages/airflow/example_dags/example_branch_operator.py took 0.067 seconds
[2021-09-14 18:33:30,062] {processor.py:162} INFO - Started process (PID=322) to work on /home/airflow/.local/lib/python3.8/site-packages/airflow/example_dags/example_branch_operator.py
[2021-09-14 18:33:30,070] {processor.py:613} INFO - Processing file /home/airflow/.local/lib/python3.8/site-packages/airflow/example_dags/example_branch_operator.py for tasks to queue
[2021-09-14 18:33:30,070] {logging_mixin.py:109} INFO - [2021-09-14 18:33:30,070] {dagbag.py:496} INFO - Filling up the DagBag from /home/airflow/.local/lib/python3.8/site-packages/airflow/example_dags/example_branch_operator.py
[2021-09-14 18:33:30,080] {processor.py:623} INFO - DAG(s) dict_keys(['example_branch_operator']) retrieved from /home/airflow/.local/lib/python3.8/site-packages/airflow/example_dags/example_branch_operator.py
[2021-09-14 18:33:30,096] {logging_mixin.py:109} INFO - [2021-09-14 18:33:30,096] {dag.py:1833} INFO - Sync 1 DAGs
[2021-09-14 18:33:30,108] {logging_mixin.py:109} INFO - [2021-09-14 18:33:30,108] {dag.py:2306} INFO - Setting next_dagrun for example_branch_operator to 2021-09-12 00:00:00+00:00
[2021-09-14 18:33:30,115] {processor.py:170} INFO - Processing /home/airflow/.local/lib/python3.8/site-packages/airflow/example_dags/example_branch_operator.py took 0.056 seconds
[2021-09-14 18:34:00,218] {processor.py:162} INFO - Started process (PID=371) to work on /home/airflow/.local/lib/python3.8/site-packages/airflow/example_dags/example_branch_operator.py
[2021-09-14 18:34:00,219] {processor.py:613} INFO - Processing file /home/airflow/.local/lib/python3.8/site-packages/airflow/example_dags/example_branch_operator.py for tasks to queue
[2021-09-14 18:34:00,220] {logging_mixin.py:109} INFO - [2021-09-14 18:34:00,220] {dagbag.py:496} INFO - Filling up the DagBag from /home/airflow/.local/lib/python3.8/site-packages/airflow/example_dags/example_branch_operator.py
[2021-09-14 18:34:00,230] {processor.py:623} INFO - DAG(s) dict_keys(['example_branch_operator']) retrieved from /home/airflow/.local/lib/python3.8/site-packages/airflow/example_dags/example_branch_operator.py
[2021-09-14 18:34:00,246] {logging_mixin.py:109} INFO - [2021-09-14 18:34:00,246] {dag.py:1833} INFO - Sync 1 DAGs
[2021-09-14 18:34:00,259] {logging_mixin.py:109} INFO - [2021-09-14 18:34:00,259] {dag.py:2306} INFO - Setting next_dagrun for example_branch_operator to 2021-09-12 00:00:00+00:00
[2021-09-14 18:34:00,268] {processor.py:170} INFO - Processing /home/airflow/.local/lib/python3.8/site-packages/airflow/example_dags/example_branch_operator.py took 0.052 seconds
[2021-09-14 18:34:30,676] {processor.py:162} INFO - Started process (PID=424) to work on /home/airflow/.local/lib/python3.8/site-packages/airflow/example_dags/example_branch_operator.py
[2021-09-14 18:34:30,677] {processor.py:613} INFO - Processing file /home/airflow/.local/lib/python3.8/site-packages/airflow/example_dags/example_branch_operator.py for tasks to queue
[2021-09-14 18:34:30,678] {logging_mixin.py:109} INFO - [2021-09-14 18:34:30,678] {dagbag.py:496} INFO - Filling up the DagBag from /home/airflow/.local/lib/python3.8/site-packages/airflow/example_dags/example_branch_operator.py
[2021-09-14 18:34:30,700] {processor.py:623} INFO - DAG(s) dict_keys(['example_branch_operator']) retrieved from /home/airflow/.local/lib/python3.8/site-packages/airflow/example_dags/example_branch_operator.py
[2021-09-14 18:34:30,728] {logging_mixin.py:109} INFO - [2021-09-14 18:34:30,728] {dag.py:1833} INFO - Sync 1 DAGs
[2021-09-14 18:34:30,753] {logging_mixin.py:109} INFO - [2021-09-14 18:34:30,753] {dag.py:2306} INFO - Setting next_dagrun for example_branch_operator to 2021-09-12 00:00:00+00:00
[2021-09-14 18:34:30,763] {processor.py:170} INFO - Processing /home/airflow/.local/lib/python3.8/site-packages/airflow/example_dags/example_branch_operator.py took 0.091 seconds
[2021-09-14 18:35:01,163] {processor.py:162} INFO - Started process (PID=471) to work on /home/airflow/.local/lib/python3.8/site-packages/airflow/example_dags/example_branch_operator.py
[2021-09-14 18:35:01,165] {processor.py:613} INFO - Processing file /home/airflow/.local/lib/python3.8/site-packages/airflow/example_dags/example_branch_operator.py for tasks to queue
[2021-09-14 18:35:01,166] {logging_mixin.py:109} INFO - [2021-09-14 18:35:01,166] {dagbag.py:496} INFO - Filling up the DagBag from /home/airflow/.local/lib/python3.8/site-packages/airflow/example_dags/example_branch_operator.py
[2021-09-14 18:35:01,184] {processor.py:623} INFO - DAG(s) dict_keys(['example_branch_operator']) retrieved from /home/airflow/.local/lib/python3.8/site-packages/airflow/example_dags/example_branch_operator.py
[2021-09-14 18:35:01,207] {logging_mixin.py:109} INFO - [2021-09-14 18:35:01,207] {dag.py:1833} INFO - Sync 1 DAGs
[2021-09-14 18:35:01,233] {logging_mixin.py:109} INFO - [2021-09-14 18:35:01,233] {dag.py:2306} INFO - Setting next_dagrun for example_branch_operator to 2021-09-12 00:00:00+00:00
[2021-09-14 18:35:01,243] {processor.py:170} INFO - Processing /home/airflow/.local/lib/python3.8/site-packages/airflow/example_dags/example_branch_operator.py took 0.084 seconds
[2021-09-14 18:35:32,034] {processor.py:162} INFO - Started process (PID=526) to work on /home/airflow/.local/lib/python3.8/site-packages/airflow/example_dags/example_branch_operator.py
[2021-09-14 18:35:32,036] {processor.py:613} INFO - Processing file /home/airflow/.local/lib/python3.8/site-packages/airflow/example_dags/example_branch_operator.py for tasks to queue
[2021-09-14 18:35:32,037] {logging_mixin.py:109} INFO - [2021-09-14 18:35:32,036] {dagbag.py:496} INFO - Filling up the DagBag from /home/airflow/.local/lib/python3.8/site-packages/airflow/example_dags/example_branch_operator.py
[2021-09-14 18:35:32,052] {processor.py:623} INFO - DAG(s) dict_keys(['example_branch_operator']) retrieved from /home/airflow/.local/lib/python3.8/site-packages/airflow/example_dags/example_branch_operator.py
[2021-09-14 18:35:32,069] {logging_mixin.py:109} INFO - [2021-09-14 18:35:32,069] {dag.py:1833} INFO - Sync 1 DAGs
[2021-09-14 18:35:32,081] {logging_mixin.py:109} INFO - [2021-09-14 18:35:32,081] {dag.py:2306} INFO - Setting next_dagrun for example_branch_operator to 2021-09-12 00:00:00+00:00
[2021-09-14 18:35:32,122] {processor.py:170} INFO - Processing /home/airflow/.local/lib/python3.8/site-packages/airflow/example_dags/example_branch_operator.py took 0.091 seconds
[2021-09-14 18:36:02,724] {processor.py:162} INFO - Started process (PID=579) to work on /home/airflow/.local/lib/python3.8/site-packages/airflow/example_dags/example_branch_operator.py
[2021-09-14 18:36:02,728] {processor.py:613} INFO - Processing file /home/airflow/.local/lib/python3.8/site-packages/airflow/example_dags/example_branch_operator.py for tasks to queue
[2021-09-14 18:36:02,730] {logging_mixin.py:109} INFO - [2021-09-14 18:36:02,730] {dagbag.py:496} INFO - Filling up the DagBag from /home/airflow/.local/lib/python3.8/site-packages/airflow/example_dags/example_branch_operator.py
[2021-09-14 18:36:02,770] {processor.py:623} INFO - DAG(s) dict_keys(['example_branch_operator']) retrieved from /home/airflow/.local/lib/python3.8/site-packages/airflow/example_dags/example_branch_operator.py
[2021-09-14 18:36:02,802] {logging_mixin.py:109} INFO - [2021-09-14 18:36:02,802] {dag.py:1833} INFO - Sync 1 DAGs
[2021-09-14 18:36:02,905] {logging_mixin.py:109} INFO - [2021-09-14 18:36:02,905] {dag.py:2306} INFO - Setting next_dagrun for example_branch_operator to 2021-09-12 00:00:00+00:00
[2021-09-14 18:36:02,953] {processor.py:170} INFO - Processing /home/airflow/.local/lib/python3.8/site-packages/airflow/example_dags/example_branch_operator.py took 0.232 seconds
[2021-09-14 18:36:33,509] {processor.py:162} INFO - Started process (PID=628) to work on /home/airflow/.local/lib/python3.8/site-packages/airflow/example_dags/example_branch_operator.py
[2021-09-14 18:36:33,513] {processor.py:613} INFO - Processing file /home/airflow/.local/lib/python3.8/site-packages/airflow/example_dags/example_branch_operator.py for tasks to queue
[2021-09-14 18:36:33,513] {logging_mixin.py:109} INFO - [2021-09-14 18:36:33,513] {dagbag.py:496} INFO - Filling up the DagBag from /home/airflow/.local/lib/python3.8/site-packages/airflow/example_dags/example_branch_operator.py
[2021-09-14 18:36:33,528] {processor.py:623} INFO - DAG(s) dict_keys(['example_branch_operator']) retrieved from /home/airflow/.local/lib/python3.8/site-packages/airflow/example_dags/example_branch_operator.py
[2021-09-14 18:36:33,550] {logging_mixin.py:109} INFO - [2021-09-14 18:36:33,550] {dag.py:1833} INFO - Sync 1 DAGs
[2021-09-14 18:36:33,588] {logging_mixin.py:109} INFO - [2021-09-14 18:36:33,588] {dag.py:2306} INFO - Setting next_dagrun for example_branch_operator to 2021-09-12 00:00:00+00:00
[2021-09-14 18:36:33,600] {processor.py:170} INFO - Processing /home/airflow/.local/lib/python3.8/site-packages/airflow/example_dags/example_branch_operator.py took 0.094 seconds
[2021-09-14 18:37:04,169] {processor.py:162} INFO - Started process (PID=686) to work on /home/airflow/.local/lib/python3.8/site-packages/airflow/example_dags/example_branch_operator.py
[2021-09-14 18:37:04,172] {processor.py:613} INFO - Processing file /home/airflow/.local/lib/python3.8/site-packages/airflow/example_dags/example_branch_operator.py for tasks to queue
[2021-09-14 18:37:04,172] {logging_mixin.py:109} INFO - [2021-09-14 18:37:04,172] {dagbag.py:496} INFO - Filling up the DagBag from /home/airflow/.local/lib/python3.8/site-packages/airflow/example_dags/example_branch_operator.py
[2021-09-14 18:37:04,186] {processor.py:623} INFO - DAG(s) dict_keys(['example_branch_operator']) retrieved from /home/airflow/.local/lib/python3.8/site-packages/airflow/example_dags/example_branch_operator.py
[2021-09-14 18:37:04,210] {logging_mixin.py:109} INFO - [2021-09-14 18:37:04,210] {dag.py:1833} INFO - Sync 1 DAGs
[2021-09-14 18:37:04,228] {logging_mixin.py:109} INFO - [2021-09-14 18:37:04,227] {dag.py:2306} INFO - Setting next_dagrun for example_branch_operator to 2021-09-12 00:00:00+00:00
[2021-09-14 18:37:04,257] {processor.py:170} INFO - Processing /home/airflow/.local/lib/python3.8/site-packages/airflow/example_dags/example_branch_operator.py took 0.091 seconds
[2021-09-14 18:37:34,708] {processor.py:162} INFO - Started process (PID=733) to work on /home/airflow/.local/lib/python3.8/site-packages/airflow/example_dags/example_branch_operator.py
[2021-09-14 18:37:34,709] {processor.py:613} INFO - Processing file /home/airflow/.local/lib/python3.8/site-packages/airflow/example_dags/example_branch_operator.py for tasks to queue
[2021-09-14 18:37:34,709] {logging_mixin.py:109} INFO - [2021-09-14 18:37:34,709] {dagbag.py:496} INFO - Filling up the DagBag from /home/airflow/.local/lib/python3.8/site-packages/airflow/example_dags/example_branch_operator.py
[2021-09-14 18:37:34,720] {processor.py:623} INFO - DAG(s) dict_keys(['example_branch_operator']) retrieved from /home/airflow/.local/lib/python3.8/site-packages/airflow/example_dags/example_branch_operator.py
[2021-09-14 18:37:34,742] {logging_mixin.py:109} INFO - [2021-09-14 18:37:34,742] {dag.py:1833} INFO - Sync 1 DAGs
[2021-09-14 18:37:34,757] {logging_mixin.py:109} INFO - [2021-09-14 18:37:34,757] {dag.py:2306} INFO - Setting next_dagrun for example_branch_operator to 2021-09-12 00:00:00+00:00
[2021-09-14 18:37:34,765] {processor.py:170} INFO - Processing /home/airflow/.local/lib/python3.8/site-packages/airflow/example_dags/example_branch_operator.py took 0.060 seconds
[2021-09-14 18:38:05,239] {processor.py:162} INFO - Started process (PID=789) to work on /home/airflow/.local/lib/python3.8/site-packages/airflow/example_dags/example_branch_operator.py
[2021-09-14 18:38:05,240] {processor.py:613} INFO - Processing file /home/airflow/.local/lib/python3.8/site-packages/airflow/example_dags/example_branch_operator.py for tasks to queue
[2021-09-14 18:38:05,241] {logging_mixin.py:109} INFO - [2021-09-14 18:38:05,241] {dagbag.py:496} INFO - Filling up the DagBag from /home/airflow/.local/lib/python3.8/site-packages/airflow/example_dags/example_branch_operator.py
[2021-09-14 18:38:05,256] {processor.py:623} INFO - DAG(s) dict_keys(['example_branch_operator']) retrieved from /home/airflow/.local/lib/python3.8/site-packages/airflow/example_dags/example_branch_operator.py
[2021-09-14 18:38:05,282] {logging_mixin.py:109} INFO - [2021-09-14 18:38:05,282] {dag.py:1833} INFO - Sync 1 DAGs
[2021-09-14 18:38:05,298] {logging_mixin.py:109} INFO - [2021-09-14 18:38:05,298] {dag.py:2306} INFO - Setting next_dagrun for example_branch_operator to 2021-09-12 00:00:00+00:00
[2021-09-14 18:38:05,331] {processor.py:170} INFO - Processing /home/airflow/.local/lib/python3.8/site-packages/airflow/example_dags/example_branch_operator.py took 0.096 seconds
[2021-09-14 18:38:36,040] {processor.py:162} INFO - Started process (PID=836) to work on /home/airflow/.local/lib/python3.8/site-packages/airflow/example_dags/example_branch_operator.py
[2021-09-14 18:38:36,041] {processor.py:613} INFO - Processing file /home/airflow/.local/lib/python3.8/site-packages/airflow/example_dags/example_branch_operator.py for tasks to queue
[2021-09-14 18:38:36,042] {logging_mixin.py:109} INFO - [2021-09-14 18:38:36,042] {dagbag.py:496} INFO - Filling up the DagBag from /home/airflow/.local/lib/python3.8/site-packages/airflow/example_dags/example_branch_operator.py
[2021-09-14 18:38:36,052] {processor.py:623} INFO - DAG(s) dict_keys(['example_branch_operator']) retrieved from /home/airflow/.local/lib/python3.8/site-packages/airflow/example_dags/example_branch_operator.py
[2021-09-14 18:38:36,070] {logging_mixin.py:109} INFO - [2021-09-14 18:38:36,070] {dag.py:1833} INFO - Sync 1 DAGs
[2021-09-14 18:38:36,086] {logging_mixin.py:109} INFO - [2021-09-14 18:38:36,085] {dag.py:2306} INFO - Setting next_dagrun for example_branch_operator to 2021-09-12 00:00:00+00:00
[2021-09-14 18:38:36,094] {processor.py:170} INFO - Processing /home/airflow/.local/lib/python3.8/site-packages/airflow/example_dags/example_branch_operator.py took 0.057 seconds
[2021-09-14 18:39:06,635] {processor.py:162} INFO - Started process (PID=894) to work on /home/airflow/.local/lib/python3.8/site-packages/airflow/example_dags/example_branch_operator.py
[2021-09-14 18:39:06,636] {processor.py:613} INFO - Processing file /home/airflow/.local/lib/python3.8/site-packages/airflow/example_dags/example_branch_operator.py for tasks to queue
[2021-09-14 18:39:06,637] {logging_mixin.py:109} INFO - [2021-09-14 18:39:06,637] {dagbag.py:496} INFO - Filling up the DagBag from /home/airflow/.local/lib/python3.8/site-packages/airflow/example_dags/example_branch_operator.py
[2021-09-14 18:39:06,654] {processor.py:623} INFO - DAG(s) dict_keys(['example_branch_operator']) retrieved from /home/airflow/.local/lib/python3.8/site-packages/airflow/example_dags/example_branch_operator.py
[2021-09-14 18:39:06,675] {logging_mixin.py:109} INFO - [2021-09-14 18:39:06,675] {dag.py:1833} INFO - Sync 1 DAGs
[2021-09-14 18:39:06,692] {logging_mixin.py:109} INFO - [2021-09-14 18:39:06,692] {dag.py:2306} INFO - Setting next_dagrun for example_branch_operator to 2021-09-12 00:00:00+00:00
[2021-09-14 18:39:06,702] {processor.py:170} INFO - Processing /home/airflow/.local/lib/python3.8/site-packages/airflow/example_dags/example_branch_operator.py took 0.070 seconds
[2021-09-14 18:39:36,800] {processor.py:162} INFO - Started process (PID=940) to work on /home/airflow/.local/lib/python3.8/site-packages/airflow/example_dags/example_branch_operator.py
[2021-09-14 18:39:36,801] {processor.py:613} INFO - Processing file /home/airflow/.local/lib/python3.8/site-packages/airflow/example_dags/example_branch_operator.py for tasks to queue
[2021-09-14 18:39:36,801] {logging_mixin.py:109} INFO - [2021-09-14 18:39:36,801] {dagbag.py:496} INFO - Filling up the DagBag from /home/airflow/.local/lib/python3.8/site-packages/airflow/example_dags/example_branch_operator.py
[2021-09-14 18:39:36,812] {processor.py:623} INFO - DAG(s) dict_keys(['example_branch_operator']) retrieved from /home/airflow/.local/lib/python3.8/site-packages/airflow/example_dags/example_branch_operator.py
[2021-09-14 18:39:36,829] {logging_mixin.py:109} INFO - [2021-09-14 18:39:36,829] {dag.py:1833} INFO - Sync 1 DAGs
[2021-09-14 18:39:36,845] {logging_mixin.py:109} INFO - [2021-09-14 18:39:36,845] {dag.py:2306} INFO - Setting next_dagrun for example_branch_operator to 2021-09-12 00:00:00+00:00
[2021-09-14 18:39:36,853] {processor.py:170} INFO - Processing /home/airflow/.local/lib/python3.8/site-packages/airflow/example_dags/example_branch_operator.py took 0.056 seconds
[2021-09-14 18:40:07,179] {processor.py:162} INFO - Started process (PID=998) to work on /home/airflow/.local/lib/python3.8/site-packages/airflow/example_dags/example_branch_operator.py
[2021-09-14 18:40:07,180] {processor.py:613} INFO - Processing file /home/airflow/.local/lib/python3.8/site-packages/airflow/example_dags/example_branch_operator.py for tasks to queue
[2021-09-14 18:40:07,181] {logging_mixin.py:109} INFO - [2021-09-14 18:40:07,181] {dagbag.py:496} INFO - Filling up the DagBag from /home/airflow/.local/lib/python3.8/site-packages/airflow/example_dags/example_branch_operator.py
[2021-09-14 18:40:07,202] {processor.py:623} INFO - DAG(s) dict_keys(['example_branch_operator']) retrieved from /home/airflow/.local/lib/python3.8/site-packages/airflow/example_dags/example_branch_operator.py
[2021-09-14 18:40:07,230] {logging_mixin.py:109} INFO - [2021-09-14 18:40:07,230] {dag.py:1833} INFO - Sync 1 DAGs
[2021-09-14 18:40:07,244] {logging_mixin.py:109} INFO - [2021-09-14 18:40:07,244] {dag.py:2306} INFO - Setting next_dagrun for example_branch_operator to 2021-09-12 00:00:00+00:00
[2021-09-14 18:40:07,253] {processor.py:170} INFO - Processing /home/airflow/.local/lib/python3.8/site-packages/airflow/example_dags/example_branch_operator.py took 0.080 seconds
[2021-09-14 18:40:37,558] {processor.py:162} INFO - Started process (PID=1047) to work on /home/airflow/.local/lib/python3.8/site-packages/airflow/example_dags/example_branch_operator.py
[2021-09-14 18:40:37,559] {processor.py:613} INFO - Processing file /home/airflow/.local/lib/python3.8/site-packages/airflow/example_dags/example_branch_operator.py for tasks to queue
[2021-09-14 18:40:37,560] {logging_mixin.py:109} INFO - [2021-09-14 18:40:37,559] {dagbag.py:496} INFO - Filling up the DagBag from /home/airflow/.local/lib/python3.8/site-packages/airflow/example_dags/example_branch_operator.py
[2021-09-14 18:40:37,570] {processor.py:623} INFO - DAG(s) dict_keys(['example_branch_operator']) retrieved from /home/airflow/.local/lib/python3.8/site-packages/airflow/example_dags/example_branch_operator.py
[2021-09-14 18:40:37,589] {logging_mixin.py:109} INFO - [2021-09-14 18:40:37,588] {dag.py:1833} INFO - Sync 1 DAGs
[2021-09-14 18:40:37,600] {logging_mixin.py:109} INFO - [2021-09-14 18:40:37,600] {dag.py:2306} INFO - Setting next_dagrun for example_branch_operator to 2021-09-12 00:00:00+00:00
[2021-09-14 18:40:37,646] {processor.py:170} INFO - Processing /home/airflow/.local/lib/python3.8/site-packages/airflow/example_dags/example_branch_operator.py took 0.092 seconds
[2021-09-14 18:41:08,173] {processor.py:162} INFO - Started process (PID=1104) to work on /home/airflow/.local/lib/python3.8/site-packages/airflow/example_dags/example_branch_operator.py
[2021-09-14 18:41:08,174] {processor.py:613} INFO - Processing file /home/airflow/.local/lib/python3.8/site-packages/airflow/example_dags/example_branch_operator.py for tasks to queue
[2021-09-14 18:41:08,175] {logging_mixin.py:109} INFO - [2021-09-14 18:41:08,175] {dagbag.py:496} INFO - Filling up the DagBag from /home/airflow/.local/lib/python3.8/site-packages/airflow/example_dags/example_branch_operator.py
[2021-09-14 18:41:08,188] {processor.py:623} INFO - DAG(s) dict_keys(['example_branch_operator']) retrieved from /home/airflow/.local/lib/python3.8/site-packages/airflow/example_dags/example_branch_operator.py
[2021-09-14 18:41:08,210] {logging_mixin.py:109} INFO - [2021-09-14 18:41:08,210] {dag.py:1833} INFO - Sync 1 DAGs
[2021-09-14 18:41:08,231] {logging_mixin.py:109} INFO - [2021-09-14 18:41:08,231] {dag.py:2306} INFO - Setting next_dagrun for example_branch_operator to 2021-09-12 00:00:00+00:00
[2021-09-14 18:41:08,240] {processor.py:170} INFO - Processing /home/airflow/.local/lib/python3.8/site-packages/airflow/example_dags/example_branch_operator.py took 0.070 seconds
[2021-09-14 18:41:38,648] {processor.py:162} INFO - Started process (PID=1159) to work on /home/airflow/.local/lib/python3.8/site-packages/airflow/example_dags/example_branch_operator.py
[2021-09-14 18:41:38,649] {processor.py:613} INFO - Processing file /home/airflow/.local/lib/python3.8/site-packages/airflow/example_dags/example_branch_operator.py for tasks to queue
[2021-09-14 18:41:38,649] {logging_mixin.py:109} INFO - [2021-09-14 18:41:38,649] {dagbag.py:496} INFO - Filling up the DagBag from /home/airflow/.local/lib/python3.8/site-packages/airflow/example_dags/example_branch_operator.py
[2021-09-14 18:41:38,664] {processor.py:623} INFO - DAG(s) dict_keys(['example_branch_operator']) retrieved from /home/airflow/.local/lib/python3.8/site-packages/airflow/example_dags/example_branch_operator.py
[2021-09-14 18:41:38,686] {logging_mixin.py:109} INFO - [2021-09-14 18:41:38,686] {dag.py:1833} INFO - Sync 1 DAGs
[2021-09-14 18:41:38,704] {logging_mixin.py:109} INFO - [2021-09-14 18:41:38,704] {dag.py:2306} INFO - Setting next_dagrun for example_branch_operator to 2021-09-12 00:00:00+00:00
[2021-09-14 18:41:38,716] {processor.py:170} INFO - Processing /home/airflow/.local/lib/python3.8/site-packages/airflow/example_dags/example_branch_operator.py took 0.072 seconds
[2021-09-14 18:42:08,887] {processor.py:162} INFO - Started process (PID=1209) to work on /home/airflow/.local/lib/python3.8/site-packages/airflow/example_dags/example_branch_operator.py
[2021-09-14 18:42:08,888] {processor.py:613} INFO - Processing file /home/airflow/.local/lib/python3.8/site-packages/airflow/example_dags/example_branch_operator.py for tasks to queue
[2021-09-14 18:42:08,889] {logging_mixin.py:109} INFO - [2021-09-14 18:42:08,888] {dagbag.py:496} INFO - Filling up the DagBag from /home/airflow/.local/lib/python3.8/site-packages/airflow/example_dags/example_branch_operator.py
[2021-09-14 18:42:08,901] {processor.py:623} INFO - DAG(s) dict_keys(['example_branch_operator']) retrieved from /home/airflow/.local/lib/python3.8/site-packages/airflow/example_dags/example_branch_operator.py
[2021-09-14 18:42:08,918] {logging_mixin.py:109} INFO - [2021-09-14 18:42:08,918] {dag.py:1833} INFO - Sync 1 DAGs
[2021-09-14 18:42:08,933] {logging_mixin.py:109} INFO - [2021-09-14 18:42:08,933] {dag.py:2306} INFO - Setting next_dagrun for example_branch_operator to 2021-09-12 00:00:00+00:00
[2021-09-14 18:42:08,941] {processor.py:170} INFO - Processing /home/airflow/.local/lib/python3.8/site-packages/airflow/example_dags/example_branch_operator.py took 0.056 seconds
[2021-09-14 18:42:39,335] {processor.py:162} INFO - Started process (PID=1267) to work on /home/airflow/.local/lib/python3.8/site-packages/airflow/example_dags/example_branch_operator.py
[2021-09-14 18:42:39,336] {processor.py:613} INFO - Processing file /home/airflow/.local/lib/python3.8/site-packages/airflow/example_dags/example_branch_operator.py for tasks to queue
[2021-09-14 18:42:39,337] {logging_mixin.py:109} INFO - [2021-09-14 18:42:39,336] {dagbag.py:496} INFO - Filling up the DagBag from /home/airflow/.local/lib/python3.8/site-packages/airflow/example_dags/example_branch_operator.py
[2021-09-14 18:42:39,352] {processor.py:623} INFO - DAG(s) dict_keys(['example_branch_operator']) retrieved from /home/airflow/.local/lib/python3.8/site-packages/airflow/example_dags/example_branch_operator.py
[2021-09-14 18:42:39,382] {logging_mixin.py:109} INFO - [2021-09-14 18:42:39,381] {dag.py:1833} INFO - Sync 1 DAGs
[2021-09-14 18:42:39,405] {logging_mixin.py:109} INFO - [2021-09-14 18:42:39,405] {dag.py:2306} INFO - Setting next_dagrun for example_branch_operator to 2021-09-12 00:00:00+00:00
[2021-09-14 18:42:39,438] {processor.py:170} INFO - Processing /home/airflow/.local/lib/python3.8/site-packages/airflow/example_dags/example_branch_operator.py took 0.106 seconds
[2021-09-14 18:43:09,548] {processor.py:162} INFO - Started process (PID=1315) to work on /home/airflow/.local/lib/python3.8/site-packages/airflow/example_dags/example_branch_operator.py
[2021-09-14 18:43:09,549] {processor.py:613} INFO - Processing file /home/airflow/.local/lib/python3.8/site-packages/airflow/example_dags/example_branch_operator.py for tasks to queue
[2021-09-14 18:43:09,551] {logging_mixin.py:109} INFO - [2021-09-14 18:43:09,550] {dagbag.py:496} INFO - Filling up the DagBag from /home/airflow/.local/lib/python3.8/site-packages/airflow/example_dags/example_branch_operator.py
[2021-09-14 18:43:09,566] {processor.py:623} INFO - DAG(s) dict_keys(['example_branch_operator']) retrieved from /home/airflow/.local/lib/python3.8/site-packages/airflow/example_dags/example_branch_operator.py
[2021-09-14 18:43:09,588] {logging_mixin.py:109} INFO - [2021-09-14 18:43:09,588] {dag.py:1833} INFO - Sync 1 DAGs
[2021-09-14 18:43:09,608] {logging_mixin.py:109} INFO - [2021-09-14 18:43:09,608] {dag.py:2306} INFO - Setting next_dagrun for example_branch_operator to 2021-09-12 00:00:00+00:00
[2021-09-14 18:43:09,620] {processor.py:170} INFO - Processing /home/airflow/.local/lib/python3.8/site-packages/airflow/example_dags/example_branch_operator.py took 0.075 seconds
[2021-09-14 18:43:40,095] {processor.py:162} INFO - Started process (PID=1373) to work on /home/airflow/.local/lib/python3.8/site-packages/airflow/example_dags/example_branch_operator.py
[2021-09-14 18:43:40,123] {processor.py:613} INFO - Processing file /home/airflow/.local/lib/python3.8/site-packages/airflow/example_dags/example_branch_operator.py for tasks to queue
[2021-09-14 18:43:40,123] {logging_mixin.py:109} INFO - [2021-09-14 18:43:40,123] {dagbag.py:496} INFO - Filling up the DagBag from /home/airflow/.local/lib/python3.8/site-packages/airflow/example_dags/example_branch_operator.py
[2021-09-14 18:43:40,133] {processor.py:623} INFO - DAG(s) dict_keys(['example_branch_operator']) retrieved from /home/airflow/.local/lib/python3.8/site-packages/airflow/example_dags/example_branch_operator.py
[2021-09-14 18:43:40,150] {logging_mixin.py:109} INFO - [2021-09-14 18:43:40,150] {dag.py:1833} INFO - Sync 1 DAGs
[2021-09-14 18:43:40,163] {logging_mixin.py:109} INFO - [2021-09-14 18:43:40,163] {dag.py:2306} INFO - Setting next_dagrun for example_branch_operator to 2021-09-12 00:00:00+00:00
[2021-09-14 18:43:40,170] {processor.py:170} INFO - Processing /home/airflow/.local/lib/python3.8/site-packages/airflow/example_dags/example_branch_operator.py took 0.078 seconds
[2021-09-14 18:44:10,997] {processor.py:162} INFO - Started process (PID=1429) to work on /home/airflow/.local/lib/python3.8/site-packages/airflow/example_dags/example_branch_operator.py
[2021-09-14 18:44:10,998] {processor.py:613} INFO - Processing file /home/airflow/.local/lib/python3.8/site-packages/airflow/example_dags/example_branch_operator.py for tasks to queue
[2021-09-14 18:44:10,998] {logging_mixin.py:109} INFO - [2021-09-14 18:44:10,998] {dagbag.py:496} INFO - Filling up the DagBag from /home/airflow/.local/lib/python3.8/site-packages/airflow/example_dags/example_branch_operator.py
[2021-09-14 18:44:11,010] {processor.py:623} INFO - DAG(s) dict_keys(['example_branch_operator']) retrieved from /home/airflow/.local/lib/python3.8/site-packages/airflow/example_dags/example_branch_operator.py
[2021-09-14 18:44:11,049] {logging_mixin.py:109} INFO - [2021-09-14 18:44:11,049] {dag.py:1833} INFO - Sync 1 DAGs
[2021-09-14 18:44:11,070] {logging_mixin.py:109} INFO - [2021-09-14 18:44:11,070] {dag.py:2306} INFO - Setting next_dagrun for example_branch_operator to 2021-09-12 00:00:00+00:00
[2021-09-14 18:44:11,078] {processor.py:170} INFO - Processing /home/airflow/.local/lib/python3.8/site-packages/airflow/example_dags/example_branch_operator.py took 0.084 seconds
[2021-09-14 18:44:41,392] {processor.py:162} INFO - Started process (PID=1476) to work on /home/airflow/.local/lib/python3.8/site-packages/airflow/example_dags/example_branch_operator.py
[2021-09-14 18:44:41,402] {processor.py:613} INFO - Processing file /home/airflow/.local/lib/python3.8/site-packages/airflow/example_dags/example_branch_operator.py for tasks to queue
[2021-09-14 18:44:41,414] {logging_mixin.py:109} INFO - [2021-09-14 18:44:41,414] {dagbag.py:496} INFO - Filling up the DagBag from /home/airflow/.local/lib/python3.8/site-packages/airflow/example_dags/example_branch_operator.py
[2021-09-14 18:44:41,439] {processor.py:623} INFO - DAG(s) dict_keys(['example_branch_operator']) retrieved from /home/airflow/.local/lib/python3.8/site-packages/airflow/example_dags/example_branch_operator.py
[2021-09-14 18:44:41,470] {logging_mixin.py:109} INFO - [2021-09-14 18:44:41,469] {dag.py:1833} INFO - Sync 1 DAGs
[2021-09-14 18:44:41,487] {logging_mixin.py:109} INFO - [2021-09-14 18:44:41,487] {dag.py:2306} INFO - Setting next_dagrun for example_branch_operator to 2021-09-12 00:00:00+00:00
[2021-09-14 18:44:41,502] {processor.py:170} INFO - Processing /home/airflow/.local/lib/python3.8/site-packages/airflow/example_dags/example_branch_operator.py took 0.132 seconds
[2021-09-14 18:45:11,669] {processor.py:162} INFO - Started process (PID=1532) to work on /home/airflow/.local/lib/python3.8/site-packages/airflow/example_dags/example_branch_operator.py
[2021-09-14 18:45:11,670] {processor.py:613} INFO - Processing file /home/airflow/.local/lib/python3.8/site-packages/airflow/example_dags/example_branch_operator.py for tasks to queue
[2021-09-14 18:45:11,671] {logging_mixin.py:109} INFO - [2021-09-14 18:45:11,671] {dagbag.py:496} INFO - Filling up the DagBag from /home/airflow/.local/lib/python3.8/site-packages/airflow/example_dags/example_branch_operator.py
[2021-09-14 18:45:11,681] {processor.py:623} INFO - DAG(s) dict_keys(['example_branch_operator']) retrieved from /home/airflow/.local/lib/python3.8/site-packages/airflow/example_dags/example_branch_operator.py
[2021-09-14 18:45:11,698] {logging_mixin.py:109} INFO - [2021-09-14 18:45:11,698] {dag.py:1833} INFO - Sync 1 DAGs
[2021-09-14 18:45:11,710] {logging_mixin.py:109} INFO - [2021-09-14 18:45:11,710] {dag.py:2306} INFO - Setting next_dagrun for example_branch_operator to 2021-09-12 00:00:00+00:00
[2021-09-14 18:45:11,720] {processor.py:170} INFO - Processing /home/airflow/.local/lib/python3.8/site-packages/airflow/example_dags/example_branch_operator.py took 0.055 seconds
[2021-09-14 18:45:42,171] {processor.py:162} INFO - Started process (PID=1575) to work on /home/airflow/.local/lib/python3.8/site-packages/airflow/example_dags/example_branch_operator.py
[2021-09-14 18:45:42,173] {processor.py:613} INFO - Processing file /home/airflow/.local/lib/python3.8/site-packages/airflow/example_dags/example_branch_operator.py for tasks to queue
[2021-09-14 18:45:42,174] {logging_mixin.py:109} INFO - [2021-09-14 18:45:42,173] {dagbag.py:496} INFO - Filling up the DagBag from /home/airflow/.local/lib/python3.8/site-packages/airflow/example_dags/example_branch_operator.py
[2021-09-14 18:45:42,185] {processor.py:623} INFO - DAG(s) dict_keys(['example_branch_operator']) retrieved from /home/airflow/.local/lib/python3.8/site-packages/airflow/example_dags/example_branch_operator.py
[2021-09-14 18:45:42,207] {logging_mixin.py:109} INFO - [2021-09-14 18:45:42,207] {dag.py:1833} INFO - Sync 1 DAGs
[2021-09-14 18:45:42,255] {logging_mixin.py:109} INFO - [2021-09-14 18:45:42,255] {dag.py:2306} INFO - Setting next_dagrun for example_branch_operator to 2021-09-12 00:00:00+00:00
[2021-09-14 18:45:42,276] {processor.py:170} INFO - Processing /home/airflow/.local/lib/python3.8/site-packages/airflow/example_dags/example_branch_operator.py took 0.108 seconds
[2021-09-14 18:46:12,596] {processor.py:162} INFO - Started process (PID=1630) to work on /home/airflow/.local/lib/python3.8/site-packages/airflow/example_dags/example_branch_operator.py
[2021-09-14 18:46:12,597] {processor.py:613} INFO - Processing file /home/airflow/.local/lib/python3.8/site-packages/airflow/example_dags/example_branch_operator.py for tasks to queue
[2021-09-14 18:46:12,598] {logging_mixin.py:109} INFO - [2021-09-14 18:46:12,598] {dagbag.py:496} INFO - Filling up the DagBag from /home/airflow/.local/lib/python3.8/site-packages/airflow/example_dags/example_branch_operator.py
[2021-09-14 18:46:12,610] {processor.py:623} INFO - DAG(s) dict_keys(['example_branch_operator']) retrieved from /home/airflow/.local/lib/python3.8/site-packages/airflow/example_dags/example_branch_operator.py
[2021-09-14 18:46:12,649] {logging_mixin.py:109} INFO - [2021-09-14 18:46:12,649] {dag.py:1833} INFO - Sync 1 DAGs
[2021-09-14 18:46:12,660] {logging_mixin.py:109} INFO - [2021-09-14 18:46:12,660] {dag.py:2306} INFO - Setting next_dagrun for example_branch_operator to 2021-09-12 00:00:00+00:00
[2021-09-14 18:46:12,666] {processor.py:170} INFO - Processing /home/airflow/.local/lib/python3.8/site-packages/airflow/example_dags/example_branch_operator.py took 0.072 seconds
[2021-09-14 18:46:43,493] {processor.py:162} INFO - Started process (PID=1685) to work on /home/airflow/.local/lib/python3.8/site-packages/airflow/example_dags/example_branch_operator.py
[2021-09-14 18:46:43,494] {processor.py:613} INFO - Processing file /home/airflow/.local/lib/python3.8/site-packages/airflow/example_dags/example_branch_operator.py for tasks to queue
[2021-09-14 18:46:43,498] {logging_mixin.py:109} INFO - [2021-09-14 18:46:43,498] {dagbag.py:496} INFO - Filling up the DagBag from /home/airflow/.local/lib/python3.8/site-packages/airflow/example_dags/example_branch_operator.py
[2021-09-14 18:46:43,514] {processor.py:623} INFO - DAG(s) dict_keys(['example_branch_operator']) retrieved from /home/airflow/.local/lib/python3.8/site-packages/airflow/example_dags/example_branch_operator.py
[2021-09-14 18:46:43,535] {logging_mixin.py:109} INFO - [2021-09-14 18:46:43,534] {dag.py:1833} INFO - Sync 1 DAGs
[2021-09-14 18:46:43,556] {logging_mixin.py:109} INFO - [2021-09-14 18:46:43,555] {dag.py:2306} INFO - Setting next_dagrun for example_branch_operator to 2021-09-12 00:00:00+00:00
[2021-09-14 18:46:43,628] {processor.py:170} INFO - Processing /home/airflow/.local/lib/python3.8/site-packages/airflow/example_dags/example_branch_operator.py took 0.140 seconds
[2021-09-14 18:47:13,903] {processor.py:162} INFO - Started process (PID=1732) to work on /home/airflow/.local/lib/python3.8/site-packages/airflow/example_dags/example_branch_operator.py
[2021-09-14 18:47:13,905] {processor.py:613} INFO - Processing file /home/airflow/.local/lib/python3.8/site-packages/airflow/example_dags/example_branch_operator.py for tasks to queue
[2021-09-14 18:47:13,905] {logging_mixin.py:109} INFO - [2021-09-14 18:47:13,905] {dagbag.py:496} INFO - Filling up the DagBag from /home/airflow/.local/lib/python3.8/site-packages/airflow/example_dags/example_branch_operator.py
[2021-09-14 18:47:13,916] {processor.py:623} INFO - DAG(s) dict_keys(['example_branch_operator']) retrieved from /home/airflow/.local/lib/python3.8/site-packages/airflow/example_dags/example_branch_operator.py
[2021-09-14 18:47:13,972] {logging_mixin.py:109} INFO - [2021-09-14 18:47:13,972] {dag.py:1833} INFO - Sync 1 DAGs
[2021-09-14 18:47:13,985] {logging_mixin.py:109} INFO - [2021-09-14 18:47:13,985] {dag.py:2306} INFO - Setting next_dagrun for example_branch_operator to 2021-09-12 00:00:00+00:00
[2021-09-14 18:47:13,993] {processor.py:170} INFO - Processing /home/airflow/.local/lib/python3.8/site-packages/airflow/example_dags/example_branch_operator.py took 0.092 seconds
[2021-09-14 18:47:44,574] {processor.py:162} INFO - Started process (PID=1790) to work on /home/airflow/.local/lib/python3.8/site-packages/airflow/example_dags/example_branch_operator.py
[2021-09-14 18:47:44,575] {processor.py:613} INFO - Processing file /home/airflow/.local/lib/python3.8/site-packages/airflow/example_dags/example_branch_operator.py for tasks to queue
[2021-09-14 18:47:44,576] {logging_mixin.py:109} INFO - [2021-09-14 18:47:44,576] {dagbag.py:496} INFO - Filling up the DagBag from /home/airflow/.local/lib/python3.8/site-packages/airflow/example_dags/example_branch_operator.py
[2021-09-14 18:47:44,591] {processor.py:623} INFO - DAG(s) dict_keys(['example_branch_operator']) retrieved from /home/airflow/.local/lib/python3.8/site-packages/airflow/example_dags/example_branch_operator.py
[2021-09-14 18:47:44,643] {logging_mixin.py:109} INFO - [2021-09-14 18:47:44,643] {dag.py:1833} INFO - Sync 1 DAGs
[2021-09-14 18:47:44,656] {logging_mixin.py:109} INFO - [2021-09-14 18:47:44,656] {dag.py:2306} INFO - Setting next_dagrun for example_branch_operator to 2021-09-12 00:00:00+00:00
[2021-09-14 18:47:44,662] {processor.py:170} INFO - Processing /home/airflow/.local/lib/python3.8/site-packages/airflow/example_dags/example_branch_operator.py took 0.091 seconds
[2021-09-14 18:48:14,991] {processor.py:162} INFO - Started process (PID=1837) to work on /home/airflow/.local/lib/python3.8/site-packages/airflow/example_dags/example_branch_operator.py
[2021-09-14 18:48:15,014] {processor.py:613} INFO - Processing file /home/airflow/.local/lib/python3.8/site-packages/airflow/example_dags/example_branch_operator.py for tasks to queue
[2021-09-14 18:48:15,015] {logging_mixin.py:109} INFO - [2021-09-14 18:48:15,015] {dagbag.py:496} INFO - Filling up the DagBag from /home/airflow/.local/lib/python3.8/site-packages/airflow/example_dags/example_branch_operator.py
[2021-09-14 18:48:15,026] {processor.py:623} INFO - DAG(s) dict_keys(['example_branch_operator']) retrieved from /home/airflow/.local/lib/python3.8/site-packages/airflow/example_dags/example_branch_operator.py
[2021-09-14 18:48:15,041] {logging_mixin.py:109} INFO - [2021-09-14 18:48:15,041] {dag.py:1833} INFO - Sync 1 DAGs
[2021-09-14 18:48:15,052] {logging_mixin.py:109} INFO - [2021-09-14 18:48:15,051] {dag.py:2306} INFO - Setting next_dagrun for example_branch_operator to 2021-09-12 00:00:00+00:00
[2021-09-14 18:48:15,059] {processor.py:170} INFO - Processing /home/airflow/.local/lib/python3.8/site-packages/airflow/example_dags/example_branch_operator.py took 0.071 seconds
[2021-09-14 18:48:45,468] {processor.py:162} INFO - Started process (PID=1894) to work on /home/airflow/.local/lib/python3.8/site-packages/airflow/example_dags/example_branch_operator.py
[2021-09-14 18:48:45,470] {processor.py:613} INFO - Processing file /home/airflow/.local/lib/python3.8/site-packages/airflow/example_dags/example_branch_operator.py for tasks to queue
[2021-09-14 18:48:45,471] {logging_mixin.py:109} INFO - [2021-09-14 18:48:45,471] {dagbag.py:496} INFO - Filling up the DagBag from /home/airflow/.local/lib/python3.8/site-packages/airflow/example_dags/example_branch_operator.py
[2021-09-14 18:48:45,496] {processor.py:623} INFO - DAG(s) dict_keys(['example_branch_operator']) retrieved from /home/airflow/.local/lib/python3.8/site-packages/airflow/example_dags/example_branch_operator.py
[2021-09-14 18:48:45,541] {logging_mixin.py:109} INFO - [2021-09-14 18:48:45,541] {dag.py:1833} INFO - Sync 1 DAGs
[2021-09-14 18:48:45,620] {logging_mixin.py:109} INFO - [2021-09-14 18:48:45,619] {dag.py:2306} INFO - Setting next_dagrun for example_branch_operator to 2021-09-12 00:00:00+00:00
[2021-09-14 18:48:45,627] {processor.py:170} INFO - Processing /home/airflow/.local/lib/python3.8/site-packages/airflow/example_dags/example_branch_operator.py took 0.162 seconds
[2021-09-14 18:49:16,252] {processor.py:162} INFO - Started process (PID=1950) to work on /home/airflow/.local/lib/python3.8/site-packages/airflow/example_dags/example_branch_operator.py
[2021-09-14 18:49:16,267] {processor.py:613} INFO - Processing file /home/airflow/.local/lib/python3.8/site-packages/airflow/example_dags/example_branch_operator.py for tasks to queue
[2021-09-14 18:49:16,270] {logging_mixin.py:109} INFO - [2021-09-14 18:49:16,269] {dagbag.py:496} INFO - Filling up the DagBag from /home/airflow/.local/lib/python3.8/site-packages/airflow/example_dags/example_branch_operator.py
[2021-09-14 18:49:16,297] {processor.py:623} INFO - DAG(s) dict_keys(['example_branch_operator']) retrieved from /home/airflow/.local/lib/python3.8/site-packages/airflow/example_dags/example_branch_operator.py
[2021-09-14 18:49:16,333] {logging_mixin.py:109} INFO - [2021-09-14 18:49:16,333] {dag.py:1833} INFO - Sync 1 DAGs
[2021-09-14 18:49:16,352] {logging_mixin.py:109} INFO - [2021-09-14 18:49:16,352] {dag.py:2306} INFO - Setting next_dagrun for example_branch_operator to 2021-09-12 00:00:00+00:00
[2021-09-14 18:49:16,375] {processor.py:170} INFO - Processing /home/airflow/.local/lib/python3.8/site-packages/airflow/example_dags/example_branch_operator.py took 0.127 seconds
[2021-09-14 18:49:46,636] {processor.py:162} INFO - Started process (PID=1997) to work on /home/airflow/.local/lib/python3.8/site-packages/airflow/example_dags/example_branch_operator.py
[2021-09-14 18:49:46,638] {processor.py:613} INFO - Processing file /home/airflow/.local/lib/python3.8/site-packages/airflow/example_dags/example_branch_operator.py for tasks to queue
[2021-09-14 18:49:46,639] {logging_mixin.py:109} INFO - [2021-09-14 18:49:46,639] {dagbag.py:496} INFO - Filling up the DagBag from /home/airflow/.local/lib/python3.8/site-packages/airflow/example_dags/example_branch_operator.py
[2021-09-14 18:49:46,654] {processor.py:623} INFO - DAG(s) dict_keys(['example_branch_operator']) retrieved from /home/airflow/.local/lib/python3.8/site-packages/airflow/example_dags/example_branch_operator.py
[2021-09-14 18:49:46,674] {logging_mixin.py:109} INFO - [2021-09-14 18:49:46,674] {dag.py:1833} INFO - Sync 1 DAGs
[2021-09-14 18:49:46,690] {logging_mixin.py:109} INFO - [2021-09-14 18:49:46,690] {dag.py:2306} INFO - Setting next_dagrun for example_branch_operator to 2021-09-12 00:00:00+00:00
[2021-09-14 18:49:46,701] {processor.py:170} INFO - Processing /home/airflow/.local/lib/python3.8/site-packages/airflow/example_dags/example_branch_operator.py took 0.068 seconds
[2021-09-14 18:50:16,840] {processor.py:162} INFO - Started process (PID=2052) to work on /home/airflow/.local/lib/python3.8/site-packages/airflow/example_dags/example_branch_operator.py
[2021-09-14 18:50:16,841] {processor.py:613} INFO - Processing file /home/airflow/.local/lib/python3.8/site-packages/airflow/example_dags/example_branch_operator.py for tasks to queue
[2021-09-14 18:50:16,842] {logging_mixin.py:109} INFO - [2021-09-14 18:50:16,842] {dagbag.py:496} INFO - Filling up the DagBag from /home/airflow/.local/lib/python3.8/site-packages/airflow/example_dags/example_branch_operator.py
[2021-09-14 18:50:16,853] {processor.py:623} INFO - DAG(s) dict_keys(['example_branch_operator']) retrieved from /home/airflow/.local/lib/python3.8/site-packages/airflow/example_dags/example_branch_operator.py
[2021-09-14 18:50:16,869] {logging_mixin.py:109} INFO - [2021-09-14 18:50:16,869] {dag.py:1833} INFO - Sync 1 DAGs
[2021-09-14 18:50:16,881] {logging_mixin.py:109} INFO - [2021-09-14 18:50:16,880] {dag.py:2306} INFO - Setting next_dagrun for example_branch_operator to 2021-09-12 00:00:00+00:00
[2021-09-14 18:50:16,887] {processor.py:170} INFO - Processing /home/airflow/.local/lib/python3.8/site-packages/airflow/example_dags/example_branch_operator.py took 0.049 seconds
[2021-09-14 18:50:47,299] {processor.py:162} INFO - Started process (PID=2101) to work on /home/airflow/.local/lib/python3.8/site-packages/airflow/example_dags/example_branch_operator.py
[2021-09-14 18:50:47,319] {processor.py:613} INFO - Processing file /home/airflow/.local/lib/python3.8/site-packages/airflow/example_dags/example_branch_operator.py for tasks to queue
[2021-09-14 18:50:47,320] {logging_mixin.py:109} INFO - [2021-09-14 18:50:47,320] {dagbag.py:496} INFO - Filling up the DagBag from /home/airflow/.local/lib/python3.8/site-packages/airflow/example_dags/example_branch_operator.py
[2021-09-14 18:50:47,330] {processor.py:623} INFO - DAG(s) dict_keys(['example_branch_operator']) retrieved from /home/airflow/.local/lib/python3.8/site-packages/airflow/example_dags/example_branch_operator.py
[2021-09-14 18:50:47,345] {logging_mixin.py:109} INFO - [2021-09-14 18:50:47,345] {dag.py:1833} INFO - Sync 1 DAGs
[2021-09-14 18:50:47,356] {logging_mixin.py:109} INFO - [2021-09-14 18:50:47,356] {dag.py:2306} INFO - Setting next_dagrun for example_branch_operator to 2021-09-12 00:00:00+00:00
[2021-09-14 18:50:47,363] {processor.py:170} INFO - Processing /home/airflow/.local/lib/python3.8/site-packages/airflow/example_dags/example_branch_operator.py took 0.066 seconds
[2021-09-14 18:51:18,076] {processor.py:162} INFO - Started process (PID=2164) to work on /home/airflow/.local/lib/python3.8/site-packages/airflow/example_dags/example_branch_operator.py
[2021-09-14 18:51:18,080] {processor.py:613} INFO - Processing file /home/airflow/.local/lib/python3.8/site-packages/airflow/example_dags/example_branch_operator.py for tasks to queue
[2021-09-14 18:51:18,082] {logging_mixin.py:109} INFO - [2021-09-14 18:51:18,082] {dagbag.py:496} INFO - Filling up the DagBag from /home/airflow/.local/lib/python3.8/site-packages/airflow/example_dags/example_branch_operator.py
[2021-09-14 18:51:18,109] {processor.py:623} INFO - DAG(s) dict_keys(['example_branch_operator']) retrieved from /home/airflow/.local/lib/python3.8/site-packages/airflow/example_dags/example_branch_operator.py
[2021-09-14 18:51:18,150] {logging_mixin.py:109} INFO - [2021-09-14 18:51:18,150] {dag.py:1833} INFO - Sync 1 DAGs
[2021-09-14 18:51:18,168] {logging_mixin.py:109} INFO - [2021-09-14 18:51:18,168] {dag.py:2306} INFO - Setting next_dagrun for example_branch_operator to 2021-09-12 00:00:00+00:00
[2021-09-14 18:51:18,195] {processor.py:170} INFO - Processing /home/airflow/.local/lib/python3.8/site-packages/airflow/example_dags/example_branch_operator.py took 0.125 seconds
[2021-09-14 18:51:48,942] {processor.py:162} INFO - Started process (PID=2211) to work on /home/airflow/.local/lib/python3.8/site-packages/airflow/example_dags/example_branch_operator.py
[2021-09-14 18:51:48,943] {processor.py:613} INFO - Processing file /home/airflow/.local/lib/python3.8/site-packages/airflow/example_dags/example_branch_operator.py for tasks to queue
[2021-09-14 18:51:48,944] {logging_mixin.py:109} INFO - [2021-09-14 18:51:48,944] {dagbag.py:496} INFO - Filling up the DagBag from /home/airflow/.local/lib/python3.8/site-packages/airflow/example_dags/example_branch_operator.py
[2021-09-14 18:51:48,954] {processor.py:623} INFO - DAG(s) dict_keys(['example_branch_operator']) retrieved from /home/airflow/.local/lib/python3.8/site-packages/airflow/example_dags/example_branch_operator.py
[2021-09-14 18:51:48,971] {logging_mixin.py:109} INFO - [2021-09-14 18:51:48,971] {dag.py:1833} INFO - Sync 1 DAGs
[2021-09-14 18:51:48,987] {logging_mixin.py:109} INFO - [2021-09-14 18:51:48,987] {dag.py:2306} INFO - Setting next_dagrun for example_branch_operator to 2021-09-12 00:00:00+00:00
[2021-09-14 18:51:48,996] {processor.py:170} INFO - Processing /home/airflow/.local/lib/python3.8/site-packages/airflow/example_dags/example_branch_operator.py took 0.057 seconds
[2021-09-14 18:52:19,101] {processor.py:162} INFO - Started process (PID=2269) to work on /home/airflow/.local/lib/python3.8/site-packages/airflow/example_dags/example_branch_operator.py
[2021-09-14 18:52:19,102] {processor.py:613} INFO - Processing file /home/airflow/.local/lib/python3.8/site-packages/airflow/example_dags/example_branch_operator.py for tasks to queue
[2021-09-14 18:52:19,103] {logging_mixin.py:109} INFO - [2021-09-14 18:52:19,103] {dagbag.py:496} INFO - Filling up the DagBag from /home/airflow/.local/lib/python3.8/site-packages/airflow/example_dags/example_branch_operator.py
[2021-09-14 18:52:19,114] {processor.py:623} INFO - DAG(s) dict_keys(['example_branch_operator']) retrieved from /home/airflow/.local/lib/python3.8/site-packages/airflow/example_dags/example_branch_operator.py
[2021-09-14 18:52:19,130] {logging_mixin.py:109} INFO - [2021-09-14 18:52:19,130] {dag.py:1833} INFO - Sync 1 DAGs
[2021-09-14 18:52:19,144] {logging_mixin.py:109} INFO - [2021-09-14 18:52:19,144] {dag.py:2306} INFO - Setting next_dagrun for example_branch_operator to 2021-09-12 00:00:00+00:00
[2021-09-14 18:52:19,151] {processor.py:170} INFO - Processing /home/airflow/.local/lib/python3.8/site-packages/airflow/example_dags/example_branch_operator.py took 0.052 seconds
[2021-09-14 18:52:49,497] {processor.py:162} INFO - Started process (PID=2326) to work on /home/airflow/.local/lib/python3.8/site-packages/airflow/example_dags/example_branch_operator.py
[2021-09-14 18:52:49,498] {processor.py:613} INFO - Processing file /home/airflow/.local/lib/python3.8/site-packages/airflow/example_dags/example_branch_operator.py for tasks to queue
[2021-09-14 18:52:49,499] {logging_mixin.py:109} INFO - [2021-09-14 18:52:49,498] {dagbag.py:496} INFO - Filling up the DagBag from /home/airflow/.local/lib/python3.8/site-packages/airflow/example_dags/example_branch_operator.py
[2021-09-14 18:52:49,513] {processor.py:623} INFO - DAG(s) dict_keys(['example_branch_operator']) retrieved from /home/airflow/.local/lib/python3.8/site-packages/airflow/example_dags/example_branch_operator.py
[2021-09-14 18:52:49,530] {logging_mixin.py:109} INFO - [2021-09-14 18:52:49,530] {dag.py:1833} INFO - Sync 1 DAGs
[2021-09-14 18:52:49,545] {logging_mixin.py:109} INFO - [2021-09-14 18:52:49,545] {dag.py:2306} INFO - Setting next_dagrun for example_branch_operator to 2021-09-12 00:00:00+00:00
[2021-09-14 18:52:49,551] {processor.py:170} INFO - Processing /home/airflow/.local/lib/python3.8/site-packages/airflow/example_dags/example_branch_operator.py took 0.058 seconds
[2021-09-14 18:53:19,820] {processor.py:162} INFO - Started process (PID=2372) to work on /home/airflow/.local/lib/python3.8/site-packages/airflow/example_dags/example_branch_operator.py
[2021-09-14 18:53:19,821] {processor.py:613} INFO - Processing file /home/airflow/.local/lib/python3.8/site-packages/airflow/example_dags/example_branch_operator.py for tasks to queue
[2021-09-14 18:53:19,822] {logging_mixin.py:109} INFO - [2021-09-14 18:53:19,822] {dagbag.py:496} INFO - Filling up the DagBag from /home/airflow/.local/lib/python3.8/site-packages/airflow/example_dags/example_branch_operator.py
[2021-09-14 18:53:19,832] {processor.py:623} INFO - DAG(s) dict_keys(['example_branch_operator']) retrieved from /home/airflow/.local/lib/python3.8/site-packages/airflow/example_dags/example_branch_operator.py
[2021-09-14 18:53:19,851] {logging_mixin.py:109} INFO - [2021-09-14 18:53:19,851] {dag.py:1833} INFO - Sync 1 DAGs
[2021-09-14 18:53:19,867] {logging_mixin.py:109} INFO - [2021-09-14 18:53:19,867] {dag.py:2306} INFO - Setting next_dagrun for example_branch_operator to 2021-09-12 00:00:00+00:00
[2021-09-14 18:53:19,878] {processor.py:170} INFO - Processing /home/airflow/.local/lib/python3.8/site-packages/airflow/example_dags/example_branch_operator.py took 0.060 seconds
[2021-09-14 18:53:50,271] {processor.py:162} INFO - Started process (PID=2428) to work on /home/airflow/.local/lib/python3.8/site-packages/airflow/example_dags/example_branch_operator.py
[2021-09-14 18:53:50,272] {processor.py:613} INFO - Processing file /home/airflow/.local/lib/python3.8/site-packages/airflow/example_dags/example_branch_operator.py for tasks to queue
[2021-09-14 18:53:50,272] {logging_mixin.py:109} INFO - [2021-09-14 18:53:50,272] {dagbag.py:496} INFO - Filling up the DagBag from /home/airflow/.local/lib/python3.8/site-packages/airflow/example_dags/example_branch_operator.py
[2021-09-14 18:53:50,282] {processor.py:623} INFO - DAG(s) dict_keys(['example_branch_operator']) retrieved from /home/airflow/.local/lib/python3.8/site-packages/airflow/example_dags/example_branch_operator.py
[2021-09-14 18:53:50,297] {logging_mixin.py:109} INFO - [2021-09-14 18:53:50,297] {dag.py:1833} INFO - Sync 1 DAGs
[2021-09-14 18:53:50,309] {logging_mixin.py:109} INFO - [2021-09-14 18:53:50,308] {dag.py:2306} INFO - Setting next_dagrun for example_branch_operator to 2021-09-12 00:00:00+00:00
[2021-09-14 18:53:50,315] {processor.py:170} INFO - Processing /home/airflow/.local/lib/python3.8/site-packages/airflow/example_dags/example_branch_operator.py took 0.047 seconds
[2021-09-14 18:54:20,725] {processor.py:162} INFO - Started process (PID=2476) to work on /home/airflow/.local/lib/python3.8/site-packages/airflow/example_dags/example_branch_operator.py
[2021-09-14 18:54:20,726] {processor.py:613} INFO - Processing file /home/airflow/.local/lib/python3.8/site-packages/airflow/example_dags/example_branch_operator.py for tasks to queue
[2021-09-14 18:54:20,727] {logging_mixin.py:109} INFO - [2021-09-14 18:54:20,727] {dagbag.py:496} INFO - Filling up the DagBag from /home/airflow/.local/lib/python3.8/site-packages/airflow/example_dags/example_branch_operator.py
[2021-09-14 18:54:20,736] {processor.py:623} INFO - DAG(s) dict_keys(['example_branch_operator']) retrieved from /home/airflow/.local/lib/python3.8/site-packages/airflow/example_dags/example_branch_operator.py
[2021-09-14 18:54:20,752] {logging_mixin.py:109} INFO - [2021-09-14 18:54:20,752] {dag.py:1833} INFO - Sync 1 DAGs
[2021-09-14 18:54:20,763] {logging_mixin.py:109} INFO - [2021-09-14 18:54:20,763] {dag.py:2306} INFO - Setting next_dagrun for example_branch_operator to 2021-09-12 00:00:00+00:00
[2021-09-14 18:54:20,769] {processor.py:170} INFO - Processing /home/airflow/.local/lib/python3.8/site-packages/airflow/example_dags/example_branch_operator.py took 0.047 seconds
[2021-09-14 18:54:50,949] {processor.py:162} INFO - Started process (PID=2531) to work on /home/airflow/.local/lib/python3.8/site-packages/airflow/example_dags/example_branch_operator.py
[2021-09-14 18:54:50,949] {processor.py:613} INFO - Processing file /home/airflow/.local/lib/python3.8/site-packages/airflow/example_dags/example_branch_operator.py for tasks to queue
[2021-09-14 18:54:50,950] {logging_mixin.py:109} INFO - [2021-09-14 18:54:50,950] {dagbag.py:496} INFO - Filling up the DagBag from /home/airflow/.local/lib/python3.8/site-packages/airflow/example_dags/example_branch_operator.py
[2021-09-14 18:54:50,964] {processor.py:623} INFO - DAG(s) dict_keys(['example_branch_operator']) retrieved from /home/airflow/.local/lib/python3.8/site-packages/airflow/example_dags/example_branch_operator.py
[2021-09-14 18:54:50,983] {logging_mixin.py:109} INFO - [2021-09-14 18:54:50,983] {dag.py:1833} INFO - Sync 1 DAGs
[2021-09-14 18:54:50,996] {logging_mixin.py:109} INFO - [2021-09-14 18:54:50,996] {dag.py:2306} INFO - Setting next_dagrun for example_branch_operator to 2021-09-12 00:00:00+00:00
[2021-09-14 18:54:51,006] {processor.py:170} INFO - Processing /home/airflow/.local/lib/python3.8/site-packages/airflow/example_dags/example_branch_operator.py took 0.060 seconds
[2021-09-14 18:55:21,318] {processor.py:162} INFO - Started process (PID=2577) to work on /home/airflow/.local/lib/python3.8/site-packages/airflow/example_dags/example_branch_operator.py
[2021-09-14 18:55:21,319] {processor.py:613} INFO - Processing file /home/airflow/.local/lib/python3.8/site-packages/airflow/example_dags/example_branch_operator.py for tasks to queue
[2021-09-14 18:55:21,320] {logging_mixin.py:109} INFO - [2021-09-14 18:55:21,320] {dagbag.py:496} INFO - Filling up the DagBag from /home/airflow/.local/lib/python3.8/site-packages/airflow/example_dags/example_branch_operator.py
[2021-09-14 18:55:21,331] {processor.py:623} INFO - DAG(s) dict_keys(['example_branch_operator']) retrieved from /home/airflow/.local/lib/python3.8/site-packages/airflow/example_dags/example_branch_operator.py
[2021-09-14 18:55:21,348] {logging_mixin.py:109} INFO - [2021-09-14 18:55:21,348] {dag.py:1833} INFO - Sync 1 DAGs
[2021-09-14 18:55:21,397] {logging_mixin.py:109} INFO - [2021-09-14 18:55:21,397] {dag.py:2306} INFO - Setting next_dagrun for example_branch_operator to 2021-09-12 00:00:00+00:00
[2021-09-14 18:55:21,406] {processor.py:170} INFO - Processing /home/airflow/.local/lib/python3.8/site-packages/airflow/example_dags/example_branch_operator.py took 0.091 seconds
[2021-09-14 18:55:52,248] {processor.py:162} INFO - Started process (PID=2633) to work on /home/airflow/.local/lib/python3.8/site-packages/airflow/example_dags/example_branch_operator.py
[2021-09-14 18:55:52,250] {processor.py:613} INFO - Processing file /home/airflow/.local/lib/python3.8/site-packages/airflow/example_dags/example_branch_operator.py for tasks to queue
[2021-09-14 18:55:52,253] {logging_mixin.py:109} INFO - [2021-09-14 18:55:52,253] {dagbag.py:496} INFO - Filling up the DagBag from /home/airflow/.local/lib/python3.8/site-packages/airflow/example_dags/example_branch_operator.py
[2021-09-14 18:55:52,288] {processor.py:623} INFO - DAG(s) dict_keys(['example_branch_operator']) retrieved from /home/airflow/.local/lib/python3.8/site-packages/airflow/example_dags/example_branch_operator.py
[2021-09-14 18:55:52,319] {logging_mixin.py:109} INFO - [2021-09-14 18:55:52,319] {dag.py:1833} INFO - Sync 1 DAGs
[2021-09-14 18:55:52,412] {logging_mixin.py:109} INFO - [2021-09-14 18:55:52,412] {dag.py:2306} INFO - Setting next_dagrun for example_branch_operator to 2021-09-12 00:00:00+00:00
[2021-09-14 18:55:52,422] {processor.py:170} INFO - Processing /home/airflow/.local/lib/python3.8/site-packages/airflow/example_dags/example_branch_operator.py took 0.179 seconds
[2021-09-14 18:56:22,620] {processor.py:162} INFO - Started process (PID=2689) to work on /home/airflow/.local/lib/python3.8/site-packages/airflow/example_dags/example_branch_operator.py
[2021-09-14 18:56:22,621] {processor.py:613} INFO - Processing file /home/airflow/.local/lib/python3.8/site-packages/airflow/example_dags/example_branch_operator.py for tasks to queue
[2021-09-14 18:56:22,622] {logging_mixin.py:109} INFO - [2021-09-14 18:56:22,622] {dagbag.py:496} INFO - Filling up the DagBag from /home/airflow/.local/lib/python3.8/site-packages/airflow/example_dags/example_branch_operator.py
[2021-09-14 18:56:22,633] {processor.py:623} INFO - DAG(s) dict_keys(['example_branch_operator']) retrieved from /home/airflow/.local/lib/python3.8/site-packages/airflow/example_dags/example_branch_operator.py
[2021-09-14 18:56:22,648] {logging_mixin.py:109} INFO - [2021-09-14 18:56:22,648] {dag.py:1833} INFO - Sync 1 DAGs
[2021-09-14 18:56:22,660] {logging_mixin.py:109} INFO - [2021-09-14 18:56:22,660] {dag.py:2306} INFO - Setting next_dagrun for example_branch_operator to 2021-09-12 00:00:00+00:00
[2021-09-14 18:56:22,666] {processor.py:170} INFO - Processing /home/airflow/.local/lib/python3.8/site-packages/airflow/example_dags/example_branch_operator.py took 0.049 seconds
[2021-09-14 18:56:52,841] {processor.py:162} INFO - Started process (PID=2738) to work on /home/airflow/.local/lib/python3.8/site-packages/airflow/example_dags/example_branch_operator.py
[2021-09-14 18:56:52,842] {processor.py:613} INFO - Processing file /home/airflow/.local/lib/python3.8/site-packages/airflow/example_dags/example_branch_operator.py for tasks to queue
[2021-09-14 18:56:52,842] {logging_mixin.py:109} INFO - [2021-09-14 18:56:52,842] {dagbag.py:496} INFO - Filling up the DagBag from /home/airflow/.local/lib/python3.8/site-packages/airflow/example_dags/example_branch_operator.py
[2021-09-14 18:56:52,857] {processor.py:623} INFO - DAG(s) dict_keys(['example_branch_operator']) retrieved from /home/airflow/.local/lib/python3.8/site-packages/airflow/example_dags/example_branch_operator.py
[2021-09-14 18:56:52,878] {logging_mixin.py:109} INFO - [2021-09-14 18:56:52,878] {dag.py:1833} INFO - Sync 1 DAGs
[2021-09-14 18:56:52,891] {logging_mixin.py:109} INFO - [2021-09-14 18:56:52,890] {dag.py:2306} INFO - Setting next_dagrun for example_branch_operator to 2021-09-12 00:00:00+00:00
[2021-09-14 18:56:52,897] {processor.py:170} INFO - Processing /home/airflow/.local/lib/python3.8/site-packages/airflow/example_dags/example_branch_operator.py took 0.060 seconds
[2021-09-14 18:57:23,614] {processor.py:162} INFO - Started process (PID=2794) to work on /home/airflow/.local/lib/python3.8/site-packages/airflow/example_dags/example_branch_operator.py
[2021-09-14 18:57:23,637] {processor.py:613} INFO - Processing file /home/airflow/.local/lib/python3.8/site-packages/airflow/example_dags/example_branch_operator.py for tasks to queue
[2021-09-14 18:57:23,638] {logging_mixin.py:109} INFO - [2021-09-14 18:57:23,638] {dagbag.py:496} INFO - Filling up the DagBag from /home/airflow/.local/lib/python3.8/site-packages/airflow/example_dags/example_branch_operator.py
[2021-09-14 18:57:23,651] {processor.py:623} INFO - DAG(s) dict_keys(['example_branch_operator']) retrieved from /home/airflow/.local/lib/python3.8/site-packages/airflow/example_dags/example_branch_operator.py
[2021-09-14 18:57:23,668] {logging_mixin.py:109} INFO - [2021-09-14 18:57:23,668] {dag.py:1833} INFO - Sync 1 DAGs
[2021-09-14 18:57:23,686] {logging_mixin.py:109} INFO - [2021-09-14 18:57:23,686] {dag.py:2306} INFO - Setting next_dagrun for example_branch_operator to 2021-09-12 00:00:00+00:00
[2021-09-14 18:57:23,698] {processor.py:170} INFO - Processing /home/airflow/.local/lib/python3.8/site-packages/airflow/example_dags/example_branch_operator.py took 0.087 seconds
[2021-09-14 18:57:54,543] {processor.py:162} INFO - Started process (PID=2841) to work on /home/airflow/.local/lib/python3.8/site-packages/airflow/example_dags/example_branch_operator.py
[2021-09-14 18:57:54,544] {processor.py:613} INFO - Processing file /home/airflow/.local/lib/python3.8/site-packages/airflow/example_dags/example_branch_operator.py for tasks to queue
[2021-09-14 18:57:54,545] {logging_mixin.py:109} INFO - [2021-09-14 18:57:54,545] {dagbag.py:496} INFO - Filling up the DagBag from /home/airflow/.local/lib/python3.8/site-packages/airflow/example_dags/example_branch_operator.py
[2021-09-14 18:57:54,556] {processor.py:623} INFO - DAG(s) dict_keys(['example_branch_operator']) retrieved from /home/airflow/.local/lib/python3.8/site-packages/airflow/example_dags/example_branch_operator.py
[2021-09-14 18:57:54,571] {logging_mixin.py:109} INFO - [2021-09-14 18:57:54,571] {dag.py:1833} INFO - Sync 1 DAGs
[2021-09-14 18:57:54,583] {logging_mixin.py:109} INFO - [2021-09-14 18:57:54,582] {dag.py:2306} INFO - Setting next_dagrun for example_branch_operator to 2021-09-12 00:00:00+00:00
[2021-09-14 18:57:54,590] {processor.py:170} INFO - Processing /home/airflow/.local/lib/python3.8/site-packages/airflow/example_dags/example_branch_operator.py took 0.050 seconds
[2021-09-14 18:58:25,594] {processor.py:162} INFO - Started process (PID=2897) to work on /home/airflow/.local/lib/python3.8/site-packages/airflow/example_dags/example_branch_operator.py
[2021-09-14 18:58:25,595] {processor.py:613} INFO - Processing file /home/airflow/.local/lib/python3.8/site-packages/airflow/example_dags/example_branch_operator.py for tasks to queue
[2021-09-14 18:58:25,596] {logging_mixin.py:109} INFO - [2021-09-14 18:58:25,596] {dagbag.py:496} INFO - Filling up the DagBag from /home/airflow/.local/lib/python3.8/site-packages/airflow/example_dags/example_branch_operator.py
[2021-09-14 18:58:25,606] {processor.py:623} INFO - DAG(s) dict_keys(['example_branch_operator']) retrieved from /home/airflow/.local/lib/python3.8/site-packages/airflow/example_dags/example_branch_operator.py
[2021-09-14 18:58:25,627] {logging_mixin.py:109} INFO - [2021-09-14 18:58:25,627] {dag.py:1833} INFO - Sync 1 DAGs
[2021-09-14 18:58:25,644] {logging_mixin.py:109} INFO - [2021-09-14 18:58:25,643] {dag.py:2306} INFO - Setting next_dagrun for example_branch_operator to 2021-09-12 00:00:00+00:00
[2021-09-14 18:58:25,654] {processor.py:170} INFO - Processing /home/airflow/.local/lib/python3.8/site-packages/airflow/example_dags/example_branch_operator.py took 0.063 seconds
[2021-09-14 18:58:55,895] {processor.py:162} INFO - Started process (PID=2954) to work on /home/airflow/.local/lib/python3.8/site-packages/airflow/example_dags/example_branch_operator.py
[2021-09-14 18:58:55,940] {processor.py:613} INFO - Processing file /home/airflow/.local/lib/python3.8/site-packages/airflow/example_dags/example_branch_operator.py for tasks to queue
[2021-09-14 18:58:55,941] {logging_mixin.py:109} INFO - [2021-09-14 18:58:55,941] {dagbag.py:496} INFO - Filling up the DagBag from /home/airflow/.local/lib/python3.8/site-packages/airflow/example_dags/example_branch_operator.py
[2021-09-14 18:58:55,954] {processor.py:623} INFO - DAG(s) dict_keys(['example_branch_operator']) retrieved from /home/airflow/.local/lib/python3.8/site-packages/airflow/example_dags/example_branch_operator.py
[2021-09-14 18:58:55,971] {logging_mixin.py:109} INFO - [2021-09-14 18:58:55,971] {dag.py:1833} INFO - Sync 1 DAGs
[2021-09-14 18:58:55,983] {logging_mixin.py:109} INFO - [2021-09-14 18:58:55,982] {dag.py:2306} INFO - Setting next_dagrun for example_branch_operator to 2021-09-12 00:00:00+00:00
[2021-09-14 18:58:55,989] {processor.py:170} INFO - Processing /home/airflow/.local/lib/python3.8/site-packages/airflow/example_dags/example_branch_operator.py took 0.096 seconds
[2021-09-14 18:59:26,280] {processor.py:162} INFO - Started process (PID=3001) to work on /home/airflow/.local/lib/python3.8/site-packages/airflow/example_dags/example_branch_operator.py
[2021-09-14 18:59:26,281] {processor.py:613} INFO - Processing file /home/airflow/.local/lib/python3.8/site-packages/airflow/example_dags/example_branch_operator.py for tasks to queue
[2021-09-14 18:59:26,281] {logging_mixin.py:109} INFO - [2021-09-14 18:59:26,281] {dagbag.py:496} INFO - Filling up the DagBag from /home/airflow/.local/lib/python3.8/site-packages/airflow/example_dags/example_branch_operator.py
[2021-09-14 18:59:26,333] {processor.py:623} INFO - DAG(s) dict_keys(['example_branch_operator']) retrieved from /home/airflow/.local/lib/python3.8/site-packages/airflow/example_dags/example_branch_operator.py
[2021-09-14 18:59:26,348] {logging_mixin.py:109} INFO - [2021-09-14 18:59:26,348] {dag.py:1833} INFO - Sync 1 DAGs
[2021-09-14 18:59:26,359] {logging_mixin.py:109} INFO - [2021-09-14 18:59:26,359] {dag.py:2306} INFO - Setting next_dagrun for example_branch_operator to 2021-09-12 00:00:00+00:00
[2021-09-14 18:59:26,366] {processor.py:170} INFO - Processing /home/airflow/.local/lib/python3.8/site-packages/airflow/example_dags/example_branch_operator.py took 0.089 seconds
[2021-09-14 18:59:56,678] {processor.py:162} INFO - Started process (PID=3058) to work on /home/airflow/.local/lib/python3.8/site-packages/airflow/example_dags/example_branch_operator.py
[2021-09-14 18:59:56,715] {processor.py:613} INFO - Processing file /home/airflow/.local/lib/python3.8/site-packages/airflow/example_dags/example_branch_operator.py for tasks to queue
[2021-09-14 18:59:56,716] {logging_mixin.py:109} INFO - [2021-09-14 18:59:56,716] {dagbag.py:496} INFO - Filling up the DagBag from /home/airflow/.local/lib/python3.8/site-packages/airflow/example_dags/example_branch_operator.py
[2021-09-14 18:59:56,727] {processor.py:623} INFO - DAG(s) dict_keys(['example_branch_operator']) retrieved from /home/airflow/.local/lib/python3.8/site-packages/airflow/example_dags/example_branch_operator.py
[2021-09-14 18:59:56,743] {logging_mixin.py:109} INFO - [2021-09-14 18:59:56,743] {dag.py:1833} INFO - Sync 1 DAGs
[2021-09-14 18:59:56,754] {logging_mixin.py:109} INFO - [2021-09-14 18:59:56,754] {dag.py:2306} INFO - Setting next_dagrun for example_branch_operator to 2021-09-12 00:00:00+00:00
[2021-09-14 18:59:56,761] {processor.py:170} INFO - Processing /home/airflow/.local/lib/python3.8/site-packages/airflow/example_dags/example_branch_operator.py took 0.086 seconds
[2021-09-14 19:00:27,114] {processor.py:162} INFO - Started process (PID=3116) to work on /home/airflow/.local/lib/python3.8/site-packages/airflow/example_dags/example_branch_operator.py
[2021-09-14 19:00:27,115] {processor.py:613} INFO - Processing file /home/airflow/.local/lib/python3.8/site-packages/airflow/example_dags/example_branch_operator.py for tasks to queue
[2021-09-14 19:00:27,116] {logging_mixin.py:109} INFO - [2021-09-14 19:00:27,116] {dagbag.py:496} INFO - Filling up the DagBag from /home/airflow/.local/lib/python3.8/site-packages/airflow/example_dags/example_branch_operator.py
[2021-09-14 19:00:27,126] {processor.py:623} INFO - DAG(s) dict_keys(['example_branch_operator']) retrieved from /home/airflow/.local/lib/python3.8/site-packages/airflow/example_dags/example_branch_operator.py
[2021-09-14 19:00:27,142] {logging_mixin.py:109} INFO - [2021-09-14 19:00:27,142] {dag.py:1833} INFO - Sync 1 DAGs
[2021-09-14 19:00:27,155] {logging_mixin.py:109} INFO - [2021-09-14 19:00:27,155] {dag.py:2306} INFO - Setting next_dagrun for example_branch_operator to 2021-09-12 00:00:00+00:00
[2021-09-14 19:00:27,162] {processor.py:170} INFO - Processing /home/airflow/.local/lib/python3.8/site-packages/airflow/example_dags/example_branch_operator.py took 0.050 seconds
[2021-09-14 19:00:57,974] {processor.py:162} INFO - Started process (PID=3164) to work on /home/airflow/.local/lib/python3.8/site-packages/airflow/example_dags/example_branch_operator.py
[2021-09-14 19:00:58,001] {processor.py:613} INFO - Processing file /home/airflow/.local/lib/python3.8/site-packages/airflow/example_dags/example_branch_operator.py for tasks to queue
[2021-09-14 19:00:58,001] {logging_mixin.py:109} INFO - [2021-09-14 19:00:58,001] {dagbag.py:496} INFO - Filling up the DagBag from /home/airflow/.local/lib/python3.8/site-packages/airflow/example_dags/example_branch_operator.py
[2021-09-14 19:00:58,012] {processor.py:623} INFO - DAG(s) dict_keys(['example_branch_operator']) retrieved from /home/airflow/.local/lib/python3.8/site-packages/airflow/example_dags/example_branch_operator.py
[2021-09-14 19:00:58,027] {logging_mixin.py:109} INFO - [2021-09-14 19:00:58,027] {dag.py:1833} INFO - Sync 1 DAGs
[2021-09-14 19:00:58,038] {logging_mixin.py:109} INFO - [2021-09-14 19:00:58,038] {dag.py:2306} INFO - Setting next_dagrun for example_branch_operator to 2021-09-12 00:00:00+00:00
[2021-09-14 19:00:58,046] {processor.py:170} INFO - Processing /home/airflow/.local/lib/python3.8/site-packages/airflow/example_dags/example_branch_operator.py took 0.075 seconds
[2021-09-14 19:01:29,009] {processor.py:162} INFO - Started process (PID=3220) to work on /home/airflow/.local/lib/python3.8/site-packages/airflow/example_dags/example_branch_operator.py
[2021-09-14 19:01:29,017] {processor.py:613} INFO - Processing file /home/airflow/.local/lib/python3.8/site-packages/airflow/example_dags/example_branch_operator.py for tasks to queue
[2021-09-14 19:01:29,022] {logging_mixin.py:109} INFO - [2021-09-14 19:01:29,022] {dagbag.py:496} INFO - Filling up the DagBag from /home/airflow/.local/lib/python3.8/site-packages/airflow/example_dags/example_branch_operator.py
[2021-09-14 19:01:29,046] {processor.py:623} INFO - DAG(s) dict_keys(['example_branch_operator']) retrieved from /home/airflow/.local/lib/python3.8/site-packages/airflow/example_dags/example_branch_operator.py
[2021-09-14 19:01:29,106] {logging_mixin.py:109} INFO - [2021-09-14 19:01:29,106] {dag.py:1833} INFO - Sync 1 DAGs
[2021-09-14 19:01:29,118] {logging_mixin.py:109} INFO - [2021-09-14 19:01:29,118] {dag.py:2306} INFO - Setting next_dagrun for example_branch_operator to 2021-09-12 00:00:00+00:00
[2021-09-14 19:01:29,126] {processor.py:170} INFO - Processing /home/airflow/.local/lib/python3.8/site-packages/airflow/example_dags/example_branch_operator.py took 0.120 seconds
[2021-09-14 19:01:59,303] {processor.py:162} INFO - Started process (PID=3269) to work on /home/airflow/.local/lib/python3.8/site-packages/airflow/example_dags/example_branch_operator.py
[2021-09-14 19:01:59,304] {processor.py:613} INFO - Processing file /home/airflow/.local/lib/python3.8/site-packages/airflow/example_dags/example_branch_operator.py for tasks to queue
[2021-09-14 19:01:59,304] {logging_mixin.py:109} INFO - [2021-09-14 19:01:59,304] {dagbag.py:496} INFO - Filling up the DagBag from /home/airflow/.local/lib/python3.8/site-packages/airflow/example_dags/example_branch_operator.py
[2021-09-14 19:01:59,314] {processor.py:623} INFO - DAG(s) dict_keys(['example_branch_operator']) retrieved from /home/airflow/.local/lib/python3.8/site-packages/airflow/example_dags/example_branch_operator.py
[2021-09-14 19:01:59,328] {logging_mixin.py:109} INFO - [2021-09-14 19:01:59,328] {dag.py:1833} INFO - Sync 1 DAGs
[2021-09-14 19:01:59,339] {logging_mixin.py:109} INFO - [2021-09-14 19:01:59,339] {dag.py:2306} INFO - Setting next_dagrun for example_branch_operator to 2021-09-12 00:00:00+00:00
[2021-09-14 19:01:59,346] {processor.py:170} INFO - Processing /home/airflow/.local/lib/python3.8/site-packages/airflow/example_dags/example_branch_operator.py took 0.046 seconds
[2021-09-14 19:02:30,771] {processor.py:162} INFO - Started process (PID=3326) to work on /home/airflow/.local/lib/python3.8/site-packages/airflow/example_dags/example_branch_operator.py
[2021-09-14 19:02:30,772] {processor.py:613} INFO - Processing file /home/airflow/.local/lib/python3.8/site-packages/airflow/example_dags/example_branch_operator.py for tasks to queue
[2021-09-14 19:02:30,773] {logging_mixin.py:109} INFO - [2021-09-14 19:02:30,773] {dagbag.py:496} INFO - Filling up the DagBag from /home/airflow/.local/lib/python3.8/site-packages/airflow/example_dags/example_branch_operator.py
[2021-09-14 19:02:30,804] {processor.py:623} INFO - DAG(s) dict_keys(['example_branch_operator']) retrieved from /home/airflow/.local/lib/python3.8/site-packages/airflow/example_dags/example_branch_operator.py
[2021-09-14 19:02:30,885] {logging_mixin.py:109} INFO - [2021-09-14 19:02:30,884] {dag.py:1833} INFO - Sync 1 DAGs
[2021-09-14 19:02:30,914] {logging_mixin.py:109} INFO - [2021-09-14 19:02:30,914] {dag.py:2306} INFO - Setting next_dagrun for example_branch_operator to 2021-09-12 00:00:00+00:00
[2021-09-14 19:02:30,933] {processor.py:170} INFO - Processing /home/airflow/.local/lib/python3.8/site-packages/airflow/example_dags/example_branch_operator.py took 0.166 seconds
[2021-09-14 19:03:01,184] {processor.py:162} INFO - Started process (PID=3382) to work on /home/airflow/.local/lib/python3.8/site-packages/airflow/example_dags/example_branch_operator.py
[2021-09-14 19:03:01,190] {processor.py:613} INFO - Processing file /home/airflow/.local/lib/python3.8/site-packages/airflow/example_dags/example_branch_operator.py for tasks to queue
[2021-09-14 19:03:01,190] {logging_mixin.py:109} INFO - [2021-09-14 19:03:01,190] {dagbag.py:496} INFO - Filling up the DagBag from /home/airflow/.local/lib/python3.8/site-packages/airflow/example_dags/example_branch_operator.py
[2021-09-14 19:03:01,226] {processor.py:623} INFO - DAG(s) dict_keys(['example_branch_operator']) retrieved from /home/airflow/.local/lib/python3.8/site-packages/airflow/example_dags/example_branch_operator.py
[2021-09-14 19:03:01,248] {logging_mixin.py:109} INFO - [2021-09-14 19:03:01,248] {dag.py:1833} INFO - Sync 1 DAGs
[2021-09-14 19:03:01,264] {logging_mixin.py:109} INFO - [2021-09-14 19:03:01,264] {dag.py:2306} INFO - Setting next_dagrun for example_branch_operator to 2021-09-12 00:00:00+00:00
[2021-09-14 19:03:01,319] {processor.py:170} INFO - Processing /home/airflow/.local/lib/python3.8/site-packages/airflow/example_dags/example_branch_operator.py took 0.139 seconds
[2021-09-14 19:03:32,424] {processor.py:162} INFO - Started process (PID=3430) to work on /home/airflow/.local/lib/python3.8/site-packages/airflow/example_dags/example_branch_operator.py
[2021-09-14 19:03:32,428] {processor.py:613} INFO - Processing file /home/airflow/.local/lib/python3.8/site-packages/airflow/example_dags/example_branch_operator.py for tasks to queue
[2021-09-14 19:03:32,430] {logging_mixin.py:109} INFO - [2021-09-14 19:03:32,430] {dagbag.py:496} INFO - Filling up the DagBag from /home/airflow/.local/lib/python3.8/site-packages/airflow/example_dags/example_branch_operator.py
[2021-09-14 19:03:32,470] {processor.py:623} INFO - DAG(s) dict_keys(['example_branch_operator']) retrieved from /home/airflow/.local/lib/python3.8/site-packages/airflow/example_dags/example_branch_operator.py
[2021-09-14 19:03:32,549] {logging_mixin.py:109} INFO - [2021-09-14 19:03:32,549] {dag.py:1833} INFO - Sync 1 DAGs
[2021-09-14 19:03:32,590] {logging_mixin.py:109} INFO - [2021-09-14 19:03:32,590] {dag.py:2306} INFO - Setting next_dagrun for example_branch_operator to 2021-09-12 00:00:00+00:00
[2021-09-14 19:03:32,630] {processor.py:170} INFO - Processing /home/airflow/.local/lib/python3.8/site-packages/airflow/example_dags/example_branch_operator.py took 0.210 seconds
