[2021-09-14 18:32:22,403] {processor.py:162} INFO - Started process (PID=186) to work on /home/airflow/.local/lib/python3.8/site-packages/airflow/example_dags/tutorial.py
[2021-09-14 18:32:22,404] {processor.py:613} INFO - Processing file /home/airflow/.local/lib/python3.8/site-packages/airflow/example_dags/tutorial.py for tasks to queue
[2021-09-14 18:32:22,404] {logging_mixin.py:109} INFO - [2021-09-14 18:32:22,404] {dagbag.py:496} INFO - Filling up the DagBag from /home/airflow/.local/lib/python3.8/site-packages/airflow/example_dags/tutorial.py
[2021-09-14 18:32:22,417] {processor.py:623} INFO - DAG(s) dict_keys(['tutorial']) retrieved from /home/airflow/.local/lib/python3.8/site-packages/airflow/example_dags/tutorial.py
[2021-09-14 18:32:24,713] {logging_mixin.py:109} INFO - [2021-09-14 18:32:24,713] {dag.py:1833} INFO - Sync 1 DAGs
[2021-09-14 18:32:24,722] {logging_mixin.py:109} INFO - [2021-09-14 18:32:24,722] {dag.py:1852} INFO - Creating ORM DAG for tutorial
[2021-09-14 18:32:24,726] {logging_mixin.py:109} INFO - [2021-09-14 18:32:24,726] {dag.py:2306} INFO - Setting next_dagrun for tutorial to 2021-09-12 00:00:00+00:00
[2021-09-14 18:32:24,735] {processor.py:170} INFO - Processing /home/airflow/.local/lib/python3.8/site-packages/airflow/example_dags/tutorial.py took 2.335 seconds
[2021-09-14 18:32:55,241] {processor.py:162} INFO - Started process (PID=258) to work on /home/airflow/.local/lib/python3.8/site-packages/airflow/example_dags/tutorial.py
[2021-09-14 18:32:55,242] {processor.py:613} INFO - Processing file /home/airflow/.local/lib/python3.8/site-packages/airflow/example_dags/tutorial.py for tasks to queue
[2021-09-14 18:32:55,242] {logging_mixin.py:109} INFO - [2021-09-14 18:32:55,242] {dagbag.py:496} INFO - Filling up the DagBag from /home/airflow/.local/lib/python3.8/site-packages/airflow/example_dags/tutorial.py
[2021-09-14 18:32:55,252] {processor.py:623} INFO - DAG(s) dict_keys(['tutorial']) retrieved from /home/airflow/.local/lib/python3.8/site-packages/airflow/example_dags/tutorial.py
[2021-09-14 18:32:55,268] {logging_mixin.py:109} INFO - [2021-09-14 18:32:55,268] {dag.py:1833} INFO - Sync 1 DAGs
[2021-09-14 18:32:55,279] {logging_mixin.py:109} INFO - [2021-09-14 18:32:55,279] {dag.py:2306} INFO - Setting next_dagrun for tutorial to 2021-09-12 00:00:00+00:00
[2021-09-14 18:32:55,289] {processor.py:170} INFO - Processing /home/airflow/.local/lib/python3.8/site-packages/airflow/example_dags/tutorial.py took 0.051 seconds
[2021-09-14 18:33:25,760] {processor.py:162} INFO - Started process (PID=305) to work on /home/airflow/.local/lib/python3.8/site-packages/airflow/example_dags/tutorial.py
[2021-09-14 18:33:25,761] {processor.py:613} INFO - Processing file /home/airflow/.local/lib/python3.8/site-packages/airflow/example_dags/tutorial.py for tasks to queue
[2021-09-14 18:33:25,762] {logging_mixin.py:109} INFO - [2021-09-14 18:33:25,762] {dagbag.py:496} INFO - Filling up the DagBag from /home/airflow/.local/lib/python3.8/site-packages/airflow/example_dags/tutorial.py
[2021-09-14 18:33:25,771] {processor.py:623} INFO - DAG(s) dict_keys(['tutorial']) retrieved from /home/airflow/.local/lib/python3.8/site-packages/airflow/example_dags/tutorial.py
[2021-09-14 18:33:25,789] {logging_mixin.py:109} INFO - [2021-09-14 18:33:25,789] {dag.py:1833} INFO - Sync 1 DAGs
[2021-09-14 18:33:25,802] {logging_mixin.py:109} INFO - [2021-09-14 18:33:25,802] {dag.py:2306} INFO - Setting next_dagrun for tutorial to 2021-09-12 00:00:00+00:00
[2021-09-14 18:33:25,811] {processor.py:170} INFO - Processing /home/airflow/.local/lib/python3.8/site-packages/airflow/example_dags/tutorial.py took 0.053 seconds
[2021-09-14 18:33:56,060] {processor.py:162} INFO - Started process (PID=362) to work on /home/airflow/.local/lib/python3.8/site-packages/airflow/example_dags/tutorial.py
[2021-09-14 18:33:56,063] {processor.py:613} INFO - Processing file /home/airflow/.local/lib/python3.8/site-packages/airflow/example_dags/tutorial.py for tasks to queue
[2021-09-14 18:33:56,066] {logging_mixin.py:109} INFO - [2021-09-14 18:33:56,066] {dagbag.py:496} INFO - Filling up the DagBag from /home/airflow/.local/lib/python3.8/site-packages/airflow/example_dags/tutorial.py
[2021-09-14 18:33:56,078] {processor.py:623} INFO - DAG(s) dict_keys(['tutorial']) retrieved from /home/airflow/.local/lib/python3.8/site-packages/airflow/example_dags/tutorial.py
[2021-09-14 18:33:56,109] {logging_mixin.py:109} INFO - [2021-09-14 18:33:56,108] {dag.py:1833} INFO - Sync 1 DAGs
[2021-09-14 18:33:56,128] {logging_mixin.py:109} INFO - [2021-09-14 18:33:56,128] {dag.py:2306} INFO - Setting next_dagrun for tutorial to 2021-09-12 00:00:00+00:00
[2021-09-14 18:33:56,137] {processor.py:170} INFO - Processing /home/airflow/.local/lib/python3.8/site-packages/airflow/example_dags/tutorial.py took 0.081 seconds
[2021-09-14 18:34:26,228] {processor.py:162} INFO - Started process (PID=410) to work on /home/airflow/.local/lib/python3.8/site-packages/airflow/example_dags/tutorial.py
[2021-09-14 18:34:26,229] {processor.py:613} INFO - Processing file /home/airflow/.local/lib/python3.8/site-packages/airflow/example_dags/tutorial.py for tasks to queue
[2021-09-14 18:34:26,230] {logging_mixin.py:109} INFO - [2021-09-14 18:34:26,230] {dagbag.py:496} INFO - Filling up the DagBag from /home/airflow/.local/lib/python3.8/site-packages/airflow/example_dags/tutorial.py
[2021-09-14 18:34:26,244] {processor.py:623} INFO - DAG(s) dict_keys(['tutorial']) retrieved from /home/airflow/.local/lib/python3.8/site-packages/airflow/example_dags/tutorial.py
[2021-09-14 18:34:26,290] {logging_mixin.py:109} INFO - [2021-09-14 18:34:26,290] {dag.py:1833} INFO - Sync 1 DAGs
[2021-09-14 18:34:26,307] {logging_mixin.py:109} INFO - [2021-09-14 18:34:26,307] {dag.py:2306} INFO - Setting next_dagrun for tutorial to 2021-09-12 00:00:00+00:00
[2021-09-14 18:34:26,317] {processor.py:170} INFO - Processing /home/airflow/.local/lib/python3.8/site-packages/airflow/example_dags/tutorial.py took 0.092 seconds
[2021-09-14 18:34:56,799] {processor.py:162} INFO - Started process (PID=465) to work on /home/airflow/.local/lib/python3.8/site-packages/airflow/example_dags/tutorial.py
[2021-09-14 18:34:56,803] {processor.py:613} INFO - Processing file /home/airflow/.local/lib/python3.8/site-packages/airflow/example_dags/tutorial.py for tasks to queue
[2021-09-14 18:34:56,803] {logging_mixin.py:109} INFO - [2021-09-14 18:34:56,803] {dagbag.py:496} INFO - Filling up the DagBag from /home/airflow/.local/lib/python3.8/site-packages/airflow/example_dags/tutorial.py
[2021-09-14 18:34:56,817] {processor.py:623} INFO - DAG(s) dict_keys(['tutorial']) retrieved from /home/airflow/.local/lib/python3.8/site-packages/airflow/example_dags/tutorial.py
[2021-09-14 18:34:56,847] {logging_mixin.py:109} INFO - [2021-09-14 18:34:56,847] {dag.py:1833} INFO - Sync 1 DAGs
[2021-09-14 18:34:56,871] {logging_mixin.py:109} INFO - [2021-09-14 18:34:56,871] {dag.py:2306} INFO - Setting next_dagrun for tutorial to 2021-09-12 00:00:00+00:00
[2021-09-14 18:34:56,886] {processor.py:170} INFO - Processing /home/airflow/.local/lib/python3.8/site-packages/airflow/example_dags/tutorial.py took 0.091 seconds
[2021-09-14 18:35:27,678] {processor.py:162} INFO - Started process (PID=520) to work on /home/airflow/.local/lib/python3.8/site-packages/airflow/example_dags/tutorial.py
[2021-09-14 18:35:27,679] {processor.py:613} INFO - Processing file /home/airflow/.local/lib/python3.8/site-packages/airflow/example_dags/tutorial.py for tasks to queue
[2021-09-14 18:35:27,681] {logging_mixin.py:109} INFO - [2021-09-14 18:35:27,681] {dagbag.py:496} INFO - Filling up the DagBag from /home/airflow/.local/lib/python3.8/site-packages/airflow/example_dags/tutorial.py
[2021-09-14 18:35:27,701] {processor.py:623} INFO - DAG(s) dict_keys(['tutorial']) retrieved from /home/airflow/.local/lib/python3.8/site-packages/airflow/example_dags/tutorial.py
[2021-09-14 18:35:27,743] {logging_mixin.py:109} INFO - [2021-09-14 18:35:27,743] {dag.py:1833} INFO - Sync 1 DAGs
[2021-09-14 18:35:27,757] {logging_mixin.py:109} INFO - [2021-09-14 18:35:27,757] {dag.py:2306} INFO - Setting next_dagrun for tutorial to 2021-09-12 00:00:00+00:00
[2021-09-14 18:35:27,780] {processor.py:170} INFO - Processing /home/airflow/.local/lib/python3.8/site-packages/airflow/example_dags/tutorial.py took 0.105 seconds
[2021-09-14 18:35:58,162] {processor.py:162} INFO - Started process (PID=567) to work on /home/airflow/.local/lib/python3.8/site-packages/airflow/example_dags/tutorial.py
[2021-09-14 18:35:58,163] {processor.py:613} INFO - Processing file /home/airflow/.local/lib/python3.8/site-packages/airflow/example_dags/tutorial.py for tasks to queue
[2021-09-14 18:35:58,164] {logging_mixin.py:109} INFO - [2021-09-14 18:35:58,163] {dagbag.py:496} INFO - Filling up the DagBag from /home/airflow/.local/lib/python3.8/site-packages/airflow/example_dags/tutorial.py
[2021-09-14 18:35:58,172] {processor.py:623} INFO - DAG(s) dict_keys(['tutorial']) retrieved from /home/airflow/.local/lib/python3.8/site-packages/airflow/example_dags/tutorial.py
[2021-09-14 18:35:58,190] {logging_mixin.py:109} INFO - [2021-09-14 18:35:58,190] {dag.py:1833} INFO - Sync 1 DAGs
[2021-09-14 18:35:58,203] {logging_mixin.py:109} INFO - [2021-09-14 18:35:58,203] {dag.py:2306} INFO - Setting next_dagrun for tutorial to 2021-09-12 00:00:00+00:00
[2021-09-14 18:35:58,213] {processor.py:170} INFO - Processing /home/airflow/.local/lib/python3.8/site-packages/airflow/example_dags/tutorial.py took 0.054 seconds
[2021-09-14 18:36:29,093] {processor.py:162} INFO - Started process (PID=622) to work on /home/airflow/.local/lib/python3.8/site-packages/airflow/example_dags/tutorial.py
[2021-09-14 18:36:29,095] {processor.py:613} INFO - Processing file /home/airflow/.local/lib/python3.8/site-packages/airflow/example_dags/tutorial.py for tasks to queue
[2021-09-14 18:36:29,096] {logging_mixin.py:109} INFO - [2021-09-14 18:36:29,096] {dagbag.py:496} INFO - Filling up the DagBag from /home/airflow/.local/lib/python3.8/site-packages/airflow/example_dags/tutorial.py
[2021-09-14 18:36:29,104] {processor.py:623} INFO - DAG(s) dict_keys(['tutorial']) retrieved from /home/airflow/.local/lib/python3.8/site-packages/airflow/example_dags/tutorial.py
[2021-09-14 18:36:29,120] {logging_mixin.py:109} INFO - [2021-09-14 18:36:29,120] {dag.py:1833} INFO - Sync 1 DAGs
[2021-09-14 18:36:29,130] {logging_mixin.py:109} INFO - [2021-09-14 18:36:29,130] {dag.py:2306} INFO - Setting next_dagrun for tutorial to 2021-09-12 00:00:00+00:00
[2021-09-14 18:36:29,138] {processor.py:170} INFO - Processing /home/airflow/.local/lib/python3.8/site-packages/airflow/example_dags/tutorial.py took 0.048 seconds
[2021-09-14 18:36:59,937] {processor.py:162} INFO - Started process (PID=671) to work on /home/airflow/.local/lib/python3.8/site-packages/airflow/example_dags/tutorial.py
[2021-09-14 18:36:59,938] {processor.py:613} INFO - Processing file /home/airflow/.local/lib/python3.8/site-packages/airflow/example_dags/tutorial.py for tasks to queue
[2021-09-14 18:36:59,939] {logging_mixin.py:109} INFO - [2021-09-14 18:36:59,939] {dagbag.py:496} INFO - Filling up the DagBag from /home/airflow/.local/lib/python3.8/site-packages/airflow/example_dags/tutorial.py
[2021-09-14 18:36:59,951] {processor.py:623} INFO - DAG(s) dict_keys(['tutorial']) retrieved from /home/airflow/.local/lib/python3.8/site-packages/airflow/example_dags/tutorial.py
[2021-09-14 18:36:59,976] {logging_mixin.py:109} INFO - [2021-09-14 18:36:59,976] {dag.py:1833} INFO - Sync 1 DAGs
[2021-09-14 18:37:00,002] {logging_mixin.py:109} INFO - [2021-09-14 18:37:00,002] {dag.py:2306} INFO - Setting next_dagrun for tutorial to 2021-09-12 00:00:00+00:00
[2021-09-14 18:37:00,016] {processor.py:170} INFO - Processing /home/airflow/.local/lib/python3.8/site-packages/airflow/example_dags/tutorial.py took 0.082 seconds
[2021-09-14 18:37:30,259] {processor.py:162} INFO - Started process (PID=727) to work on /home/airflow/.local/lib/python3.8/site-packages/airflow/example_dags/tutorial.py
[2021-09-14 18:37:30,261] {processor.py:613} INFO - Processing file /home/airflow/.local/lib/python3.8/site-packages/airflow/example_dags/tutorial.py for tasks to queue
[2021-09-14 18:37:30,261] {logging_mixin.py:109} INFO - [2021-09-14 18:37:30,261] {dagbag.py:496} INFO - Filling up the DagBag from /home/airflow/.local/lib/python3.8/site-packages/airflow/example_dags/tutorial.py
[2021-09-14 18:37:30,270] {processor.py:623} INFO - DAG(s) dict_keys(['tutorial']) retrieved from /home/airflow/.local/lib/python3.8/site-packages/airflow/example_dags/tutorial.py
[2021-09-14 18:37:30,286] {logging_mixin.py:109} INFO - [2021-09-14 18:37:30,286] {dag.py:1833} INFO - Sync 1 DAGs
[2021-09-14 18:37:30,295] {logging_mixin.py:109} INFO - [2021-09-14 18:37:30,295] {dag.py:2306} INFO - Setting next_dagrun for tutorial to 2021-09-12 00:00:00+00:00
[2021-09-14 18:37:30,301] {processor.py:170} INFO - Processing /home/airflow/.local/lib/python3.8/site-packages/airflow/example_dags/tutorial.py took 0.045 seconds
[2021-09-14 18:38:00,773] {processor.py:162} INFO - Started process (PID=775) to work on /home/airflow/.local/lib/python3.8/site-packages/airflow/example_dags/tutorial.py
[2021-09-14 18:38:00,774] {processor.py:613} INFO - Processing file /home/airflow/.local/lib/python3.8/site-packages/airflow/example_dags/tutorial.py for tasks to queue
[2021-09-14 18:38:00,775] {logging_mixin.py:109} INFO - [2021-09-14 18:38:00,775] {dagbag.py:496} INFO - Filling up the DagBag from /home/airflow/.local/lib/python3.8/site-packages/airflow/example_dags/tutorial.py
[2021-09-14 18:38:00,784] {processor.py:623} INFO - DAG(s) dict_keys(['tutorial']) retrieved from /home/airflow/.local/lib/python3.8/site-packages/airflow/example_dags/tutorial.py
[2021-09-14 18:38:00,800] {logging_mixin.py:109} INFO - [2021-09-14 18:38:00,800] {dag.py:1833} INFO - Sync 1 DAGs
[2021-09-14 18:38:00,810] {logging_mixin.py:109} INFO - [2021-09-14 18:38:00,810] {dag.py:2306} INFO - Setting next_dagrun for tutorial to 2021-09-12 00:00:00+00:00
[2021-09-14 18:38:00,818] {processor.py:170} INFO - Processing /home/airflow/.local/lib/python3.8/site-packages/airflow/example_dags/tutorial.py took 0.047 seconds
[2021-09-14 18:38:31,707] {processor.py:162} INFO - Started process (PID=830) to work on /home/airflow/.local/lib/python3.8/site-packages/airflow/example_dags/tutorial.py
[2021-09-14 18:38:31,709] {processor.py:613} INFO - Processing file /home/airflow/.local/lib/python3.8/site-packages/airflow/example_dags/tutorial.py for tasks to queue
[2021-09-14 18:38:31,710] {logging_mixin.py:109} INFO - [2021-09-14 18:38:31,710] {dagbag.py:496} INFO - Filling up the DagBag from /home/airflow/.local/lib/python3.8/site-packages/airflow/example_dags/tutorial.py
[2021-09-14 18:38:31,718] {processor.py:623} INFO - DAG(s) dict_keys(['tutorial']) retrieved from /home/airflow/.local/lib/python3.8/site-packages/airflow/example_dags/tutorial.py
[2021-09-14 18:38:31,737] {logging_mixin.py:109} INFO - [2021-09-14 18:38:31,737] {dag.py:1833} INFO - Sync 1 DAGs
[2021-09-14 18:38:31,748] {logging_mixin.py:109} INFO - [2021-09-14 18:38:31,748] {dag.py:2306} INFO - Setting next_dagrun for tutorial to 2021-09-12 00:00:00+00:00
[2021-09-14 18:38:31,759] {processor.py:170} INFO - Processing /home/airflow/.local/lib/python3.8/site-packages/airflow/example_dags/tutorial.py took 0.054 seconds
[2021-09-14 18:39:01,950] {processor.py:162} INFO - Started process (PID=878) to work on /home/airflow/.local/lib/python3.8/site-packages/airflow/example_dags/tutorial.py
[2021-09-14 18:39:01,951] {processor.py:613} INFO - Processing file /home/airflow/.local/lib/python3.8/site-packages/airflow/example_dags/tutorial.py for tasks to queue
[2021-09-14 18:39:01,951] {logging_mixin.py:109} INFO - [2021-09-14 18:39:01,951] {dagbag.py:496} INFO - Filling up the DagBag from /home/airflow/.local/lib/python3.8/site-packages/airflow/example_dags/tutorial.py
[2021-09-14 18:39:01,960] {processor.py:623} INFO - DAG(s) dict_keys(['tutorial']) retrieved from /home/airflow/.local/lib/python3.8/site-packages/airflow/example_dags/tutorial.py
[2021-09-14 18:39:01,975] {logging_mixin.py:109} INFO - [2021-09-14 18:39:01,975] {dag.py:1833} INFO - Sync 1 DAGs
[2021-09-14 18:39:01,984] {logging_mixin.py:109} INFO - [2021-09-14 18:39:01,984] {dag.py:2306} INFO - Setting next_dagrun for tutorial to 2021-09-12 00:00:00+00:00
[2021-09-14 18:39:01,992] {processor.py:170} INFO - Processing /home/airflow/.local/lib/python3.8/site-packages/airflow/example_dags/tutorial.py took 0.045 seconds
[2021-09-14 18:39:32,423] {processor.py:162} INFO - Started process (PID=934) to work on /home/airflow/.local/lib/python3.8/site-packages/airflow/example_dags/tutorial.py
[2021-09-14 18:39:32,424] {processor.py:613} INFO - Processing file /home/airflow/.local/lib/python3.8/site-packages/airflow/example_dags/tutorial.py for tasks to queue
[2021-09-14 18:39:32,425] {logging_mixin.py:109} INFO - [2021-09-14 18:39:32,425] {dagbag.py:496} INFO - Filling up the DagBag from /home/airflow/.local/lib/python3.8/site-packages/airflow/example_dags/tutorial.py
[2021-09-14 18:39:32,434] {processor.py:623} INFO - DAG(s) dict_keys(['tutorial']) retrieved from /home/airflow/.local/lib/python3.8/site-packages/airflow/example_dags/tutorial.py
[2021-09-14 18:39:32,448] {logging_mixin.py:109} INFO - [2021-09-14 18:39:32,448] {dag.py:1833} INFO - Sync 1 DAGs
[2021-09-14 18:39:32,457] {logging_mixin.py:109} INFO - [2021-09-14 18:39:32,457] {dag.py:2306} INFO - Setting next_dagrun for tutorial to 2021-09-12 00:00:00+00:00
[2021-09-14 18:39:32,466] {processor.py:170} INFO - Processing /home/airflow/.local/lib/python3.8/site-packages/airflow/example_dags/tutorial.py took 0.045 seconds
[2021-09-14 18:40:02,619] {processor.py:162} INFO - Started process (PID=983) to work on /home/airflow/.local/lib/python3.8/site-packages/airflow/example_dags/tutorial.py
[2021-09-14 18:40:02,620] {processor.py:613} INFO - Processing file /home/airflow/.local/lib/python3.8/site-packages/airflow/example_dags/tutorial.py for tasks to queue
[2021-09-14 18:40:02,621] {logging_mixin.py:109} INFO - [2021-09-14 18:40:02,621] {dagbag.py:496} INFO - Filling up the DagBag from /home/airflow/.local/lib/python3.8/site-packages/airflow/example_dags/tutorial.py
[2021-09-14 18:40:02,632] {processor.py:623} INFO - DAG(s) dict_keys(['tutorial']) retrieved from /home/airflow/.local/lib/python3.8/site-packages/airflow/example_dags/tutorial.py
[2021-09-14 18:40:02,651] {logging_mixin.py:109} INFO - [2021-09-14 18:40:02,651] {dag.py:1833} INFO - Sync 1 DAGs
[2021-09-14 18:40:02,687] {logging_mixin.py:109} INFO - [2021-09-14 18:40:02,687] {dag.py:2306} INFO - Setting next_dagrun for tutorial to 2021-09-12 00:00:00+00:00
[2021-09-14 18:40:02,694] {processor.py:170} INFO - Processing /home/airflow/.local/lib/python3.8/site-packages/airflow/example_dags/tutorial.py took 0.078 seconds
[2021-09-14 18:40:33,089] {processor.py:162} INFO - Started process (PID=1041) to work on /home/airflow/.local/lib/python3.8/site-packages/airflow/example_dags/tutorial.py
[2021-09-14 18:40:33,090] {processor.py:613} INFO - Processing file /home/airflow/.local/lib/python3.8/site-packages/airflow/example_dags/tutorial.py for tasks to queue
[2021-09-14 18:40:33,090] {logging_mixin.py:109} INFO - [2021-09-14 18:40:33,090] {dagbag.py:496} INFO - Filling up the DagBag from /home/airflow/.local/lib/python3.8/site-packages/airflow/example_dags/tutorial.py
[2021-09-14 18:40:33,099] {processor.py:623} INFO - DAG(s) dict_keys(['tutorial']) retrieved from /home/airflow/.local/lib/python3.8/site-packages/airflow/example_dags/tutorial.py
[2021-09-14 18:40:33,119] {logging_mixin.py:109} INFO - [2021-09-14 18:40:33,118] {dag.py:1833} INFO - Sync 1 DAGs
[2021-09-14 18:40:33,139] {logging_mixin.py:109} INFO - [2021-09-14 18:40:33,139] {dag.py:2306} INFO - Setting next_dagrun for tutorial to 2021-09-12 00:00:00+00:00
[2021-09-14 18:40:33,150] {processor.py:170} INFO - Processing /home/airflow/.local/lib/python3.8/site-packages/airflow/example_dags/tutorial.py took 0.064 seconds
[2021-09-14 18:41:03,545] {processor.py:162} INFO - Started process (PID=1096) to work on /home/airflow/.local/lib/python3.8/site-packages/airflow/example_dags/tutorial.py
[2021-09-14 18:41:03,546] {processor.py:613} INFO - Processing file /home/airflow/.local/lib/python3.8/site-packages/airflow/example_dags/tutorial.py for tasks to queue
[2021-09-14 18:41:03,547] {logging_mixin.py:109} INFO - [2021-09-14 18:41:03,547] {dagbag.py:496} INFO - Filling up the DagBag from /home/airflow/.local/lib/python3.8/site-packages/airflow/example_dags/tutorial.py
[2021-09-14 18:41:03,558] {processor.py:623} INFO - DAG(s) dict_keys(['tutorial']) retrieved from /home/airflow/.local/lib/python3.8/site-packages/airflow/example_dags/tutorial.py
[2021-09-14 18:41:03,577] {logging_mixin.py:109} INFO - [2021-09-14 18:41:03,577] {dag.py:1833} INFO - Sync 1 DAGs
[2021-09-14 18:41:03,597] {logging_mixin.py:109} INFO - [2021-09-14 18:41:03,597] {dag.py:2306} INFO - Setting next_dagrun for tutorial to 2021-09-12 00:00:00+00:00
[2021-09-14 18:41:03,607] {processor.py:170} INFO - Processing /home/airflow/.local/lib/python3.8/site-packages/airflow/example_dags/tutorial.py took 0.065 seconds
[2021-09-14 18:41:34,056] {processor.py:162} INFO - Started process (PID=1147) to work on /home/airflow/.local/lib/python3.8/site-packages/airflow/example_dags/tutorial.py
[2021-09-14 18:41:34,058] {processor.py:613} INFO - Processing file /home/airflow/.local/lib/python3.8/site-packages/airflow/example_dags/tutorial.py for tasks to queue
[2021-09-14 18:41:34,059] {logging_mixin.py:109} INFO - [2021-09-14 18:41:34,059] {dagbag.py:496} INFO - Filling up the DagBag from /home/airflow/.local/lib/python3.8/site-packages/airflow/example_dags/tutorial.py
[2021-09-14 18:41:34,070] {processor.py:623} INFO - DAG(s) dict_keys(['tutorial']) retrieved from /home/airflow/.local/lib/python3.8/site-packages/airflow/example_dags/tutorial.py
[2021-09-14 18:41:34,089] {logging_mixin.py:109} INFO - [2021-09-14 18:41:34,089] {dag.py:1833} INFO - Sync 1 DAGs
[2021-09-14 18:41:34,112] {logging_mixin.py:109} INFO - [2021-09-14 18:41:34,112] {dag.py:2306} INFO - Setting next_dagrun for tutorial to 2021-09-12 00:00:00+00:00
[2021-09-14 18:41:34,121] {processor.py:170} INFO - Processing /home/airflow/.local/lib/python3.8/site-packages/airflow/example_dags/tutorial.py took 0.068 seconds
[2021-09-14 18:42:04,397] {processor.py:162} INFO - Started process (PID=1202) to work on /home/airflow/.local/lib/python3.8/site-packages/airflow/example_dags/tutorial.py
[2021-09-14 18:42:04,398] {processor.py:613} INFO - Processing file /home/airflow/.local/lib/python3.8/site-packages/airflow/example_dags/tutorial.py for tasks to queue
[2021-09-14 18:42:04,398] {logging_mixin.py:109} INFO - [2021-09-14 18:42:04,398] {dagbag.py:496} INFO - Filling up the DagBag from /home/airflow/.local/lib/python3.8/site-packages/airflow/example_dags/tutorial.py
[2021-09-14 18:42:04,407] {processor.py:623} INFO - DAG(s) dict_keys(['tutorial']) retrieved from /home/airflow/.local/lib/python3.8/site-packages/airflow/example_dags/tutorial.py
[2021-09-14 18:42:04,422] {logging_mixin.py:109} INFO - [2021-09-14 18:42:04,422] {dag.py:1833} INFO - Sync 1 DAGs
[2021-09-14 18:42:04,431] {logging_mixin.py:109} INFO - [2021-09-14 18:42:04,431] {dag.py:2306} INFO - Setting next_dagrun for tutorial to 2021-09-12 00:00:00+00:00
[2021-09-14 18:42:04,439] {processor.py:170} INFO - Processing /home/airflow/.local/lib/python3.8/site-packages/airflow/example_dags/tutorial.py took 0.044 seconds
[2021-09-14 18:42:35,847] {processor.py:162} INFO - Started process (PID=1253) to work on /home/airflow/.local/lib/python3.8/site-packages/airflow/example_dags/tutorial.py
[2021-09-14 18:42:35,861] {processor.py:613} INFO - Processing file /home/airflow/.local/lib/python3.8/site-packages/airflow/example_dags/tutorial.py for tasks to queue
[2021-09-14 18:42:35,862] {logging_mixin.py:109} INFO - [2021-09-14 18:42:35,862] {dagbag.py:496} INFO - Filling up the DagBag from /home/airflow/.local/lib/python3.8/site-packages/airflow/example_dags/tutorial.py
[2021-09-14 18:42:35,890] {processor.py:623} INFO - DAG(s) dict_keys(['tutorial']) retrieved from /home/airflow/.local/lib/python3.8/site-packages/airflow/example_dags/tutorial.py
[2021-09-14 18:42:35,931] {logging_mixin.py:109} INFO - [2021-09-14 18:42:35,931] {dag.py:1833} INFO - Sync 1 DAGs
[2021-09-14 18:42:35,947] {logging_mixin.py:109} INFO - [2021-09-14 18:42:35,947] {dag.py:2306} INFO - Setting next_dagrun for tutorial to 2021-09-12 00:00:00+00:00
[2021-09-14 18:42:36,012] {processor.py:170} INFO - Processing /home/airflow/.local/lib/python3.8/site-packages/airflow/example_dags/tutorial.py took 0.168 seconds
[2021-09-14 18:43:07,243] {processor.py:162} INFO - Started process (PID=1309) to work on /home/airflow/.local/lib/python3.8/site-packages/airflow/example_dags/tutorial.py
[2021-09-14 18:43:07,245] {processor.py:613} INFO - Processing file /home/airflow/.local/lib/python3.8/site-packages/airflow/example_dags/tutorial.py for tasks to queue
[2021-09-14 18:43:07,245] {logging_mixin.py:109} INFO - [2021-09-14 18:43:07,245] {dagbag.py:496} INFO - Filling up the DagBag from /home/airflow/.local/lib/python3.8/site-packages/airflow/example_dags/tutorial.py
[2021-09-14 18:43:07,254] {processor.py:623} INFO - DAG(s) dict_keys(['tutorial']) retrieved from /home/airflow/.local/lib/python3.8/site-packages/airflow/example_dags/tutorial.py
[2021-09-14 18:43:07,270] {logging_mixin.py:109} INFO - [2021-09-14 18:43:07,270] {dag.py:1833} INFO - Sync 1 DAGs
[2021-09-14 18:43:07,279] {logging_mixin.py:109} INFO - [2021-09-14 18:43:07,279] {dag.py:2306} INFO - Setting next_dagrun for tutorial to 2021-09-12 00:00:00+00:00
[2021-09-14 18:43:07,289] {processor.py:170} INFO - Processing /home/airflow/.local/lib/python3.8/site-packages/airflow/example_dags/tutorial.py took 0.049 seconds
[2021-09-14 18:43:38,520] {processor.py:162} INFO - Started process (PID=1367) to work on /home/airflow/.local/lib/python3.8/site-packages/airflow/example_dags/tutorial.py
[2021-09-14 18:43:38,584] {processor.py:613} INFO - Processing file /home/airflow/.local/lib/python3.8/site-packages/airflow/example_dags/tutorial.py for tasks to queue
[2021-09-14 18:43:38,586] {logging_mixin.py:109} INFO - [2021-09-14 18:43:38,585] {dagbag.py:496} INFO - Filling up the DagBag from /home/airflow/.local/lib/python3.8/site-packages/airflow/example_dags/tutorial.py
[2021-09-14 18:43:38,598] {processor.py:623} INFO - DAG(s) dict_keys(['tutorial']) retrieved from /home/airflow/.local/lib/python3.8/site-packages/airflow/example_dags/tutorial.py
[2021-09-14 18:43:38,621] {logging_mixin.py:109} INFO - [2021-09-14 18:43:38,621] {dag.py:1833} INFO - Sync 1 DAGs
[2021-09-14 18:43:38,641] {logging_mixin.py:109} INFO - [2021-09-14 18:43:38,641] {dag.py:2306} INFO - Setting next_dagrun for tutorial to 2021-09-12 00:00:00+00:00
[2021-09-14 18:43:38,659] {processor.py:170} INFO - Processing /home/airflow/.local/lib/python3.8/site-packages/airflow/example_dags/tutorial.py took 0.142 seconds
[2021-09-14 18:44:09,594] {processor.py:162} INFO - Started process (PID=1416) to work on /home/airflow/.local/lib/python3.8/site-packages/airflow/example_dags/tutorial.py
[2021-09-14 18:44:09,595] {processor.py:613} INFO - Processing file /home/airflow/.local/lib/python3.8/site-packages/airflow/example_dags/tutorial.py for tasks to queue
[2021-09-14 18:44:09,596] {logging_mixin.py:109} INFO - [2021-09-14 18:44:09,596] {dagbag.py:496} INFO - Filling up the DagBag from /home/airflow/.local/lib/python3.8/site-packages/airflow/example_dags/tutorial.py
[2021-09-14 18:44:09,605] {processor.py:623} INFO - DAG(s) dict_keys(['tutorial']) retrieved from /home/airflow/.local/lib/python3.8/site-packages/airflow/example_dags/tutorial.py
[2021-09-14 18:44:09,626] {logging_mixin.py:109} INFO - [2021-09-14 18:44:09,626] {dag.py:1833} INFO - Sync 1 DAGs
[2021-09-14 18:44:09,637] {logging_mixin.py:109} INFO - [2021-09-14 18:44:09,637] {dag.py:2306} INFO - Setting next_dagrun for tutorial to 2021-09-12 00:00:00+00:00
[2021-09-14 18:44:09,645] {processor.py:170} INFO - Processing /home/airflow/.local/lib/python3.8/site-packages/airflow/example_dags/tutorial.py took 0.054 seconds
[2021-09-14 18:44:40,573] {processor.py:162} INFO - Started process (PID=1471) to work on /home/airflow/.local/lib/python3.8/site-packages/airflow/example_dags/tutorial.py
[2021-09-14 18:44:40,584] {processor.py:613} INFO - Processing file /home/airflow/.local/lib/python3.8/site-packages/airflow/example_dags/tutorial.py for tasks to queue
[2021-09-14 18:44:40,585] {logging_mixin.py:109} INFO - [2021-09-14 18:44:40,585] {dagbag.py:496} INFO - Filling up the DagBag from /home/airflow/.local/lib/python3.8/site-packages/airflow/example_dags/tutorial.py
[2021-09-14 18:44:40,618] {processor.py:623} INFO - DAG(s) dict_keys(['tutorial']) retrieved from /home/airflow/.local/lib/python3.8/site-packages/airflow/example_dags/tutorial.py
[2021-09-14 18:44:40,652] {logging_mixin.py:109} INFO - [2021-09-14 18:44:40,652] {dag.py:1833} INFO - Sync 1 DAGs
[2021-09-14 18:44:40,668] {logging_mixin.py:109} INFO - [2021-09-14 18:44:40,668] {dag.py:2306} INFO - Setting next_dagrun for tutorial to 2021-09-12 00:00:00+00:00
[2021-09-14 18:44:40,682] {processor.py:170} INFO - Processing /home/airflow/.local/lib/python3.8/site-packages/airflow/example_dags/tutorial.py took 0.112 seconds
[2021-09-14 18:45:11,121] {processor.py:162} INFO - Started process (PID=1527) to work on /home/airflow/.local/lib/python3.8/site-packages/airflow/example_dags/tutorial.py
[2021-09-14 18:45:11,122] {processor.py:613} INFO - Processing file /home/airflow/.local/lib/python3.8/site-packages/airflow/example_dags/tutorial.py for tasks to queue
[2021-09-14 18:45:11,122] {logging_mixin.py:109} INFO - [2021-09-14 18:45:11,122] {dagbag.py:496} INFO - Filling up the DagBag from /home/airflow/.local/lib/python3.8/site-packages/airflow/example_dags/tutorial.py
[2021-09-14 18:45:11,131] {processor.py:623} INFO - DAG(s) dict_keys(['tutorial']) retrieved from /home/airflow/.local/lib/python3.8/site-packages/airflow/example_dags/tutorial.py
[2021-09-14 18:45:11,146] {logging_mixin.py:109} INFO - [2021-09-14 18:45:11,146] {dag.py:1833} INFO - Sync 1 DAGs
[2021-09-14 18:45:11,203] {logging_mixin.py:109} INFO - [2021-09-14 18:45:11,203] {dag.py:2306} INFO - Setting next_dagrun for tutorial to 2021-09-12 00:00:00+00:00
[2021-09-14 18:45:11,209] {processor.py:170} INFO - Processing /home/airflow/.local/lib/python3.8/site-packages/airflow/example_dags/tutorial.py took 0.091 seconds
[2021-09-14 18:45:42,963] {processor.py:162} INFO - Started process (PID=1585) to work on /home/airflow/.local/lib/python3.8/site-packages/airflow/example_dags/tutorial.py
[2021-09-14 18:45:42,974] {processor.py:613} INFO - Processing file /home/airflow/.local/lib/python3.8/site-packages/airflow/example_dags/tutorial.py for tasks to queue
[2021-09-14 18:45:42,975] {logging_mixin.py:109} INFO - [2021-09-14 18:45:42,975] {dagbag.py:496} INFO - Filling up the DagBag from /home/airflow/.local/lib/python3.8/site-packages/airflow/example_dags/tutorial.py
[2021-09-14 18:45:42,989] {processor.py:623} INFO - DAG(s) dict_keys(['tutorial']) retrieved from /home/airflow/.local/lib/python3.8/site-packages/airflow/example_dags/tutorial.py
[2021-09-14 18:45:43,005] {logging_mixin.py:109} INFO - [2021-09-14 18:45:43,005] {dag.py:1833} INFO - Sync 1 DAGs
[2021-09-14 18:45:43,015] {logging_mixin.py:109} INFO - [2021-09-14 18:45:43,015] {dag.py:2306} INFO - Setting next_dagrun for tutorial to 2021-09-12 00:00:00+00:00
[2021-09-14 18:45:43,023] {processor.py:170} INFO - Processing /home/airflow/.local/lib/python3.8/site-packages/airflow/example_dags/tutorial.py took 0.063 seconds
[2021-09-14 18:46:14,077] {processor.py:162} INFO - Started process (PID=1635) to work on /home/airflow/.local/lib/python3.8/site-packages/airflow/example_dags/tutorial.py
[2021-09-14 18:46:14,078] {processor.py:613} INFO - Processing file /home/airflow/.local/lib/python3.8/site-packages/airflow/example_dags/tutorial.py for tasks to queue
[2021-09-14 18:46:14,079] {logging_mixin.py:109} INFO - [2021-09-14 18:46:14,078] {dagbag.py:496} INFO - Filling up the DagBag from /home/airflow/.local/lib/python3.8/site-packages/airflow/example_dags/tutorial.py
[2021-09-14 18:46:14,087] {processor.py:623} INFO - DAG(s) dict_keys(['tutorial']) retrieved from /home/airflow/.local/lib/python3.8/site-packages/airflow/example_dags/tutorial.py
[2021-09-14 18:46:14,104] {logging_mixin.py:109} INFO - [2021-09-14 18:46:14,104] {dag.py:1833} INFO - Sync 1 DAGs
[2021-09-14 18:46:14,118] {logging_mixin.py:109} INFO - [2021-09-14 18:46:14,118] {dag.py:2306} INFO - Setting next_dagrun for tutorial to 2021-09-12 00:00:00+00:00
[2021-09-14 18:46:14,125] {processor.py:170} INFO - Processing /home/airflow/.local/lib/python3.8/site-packages/airflow/example_dags/tutorial.py took 0.051 seconds
[2021-09-14 18:46:45,116] {processor.py:162} INFO - Started process (PID=1690) to work on /home/airflow/.local/lib/python3.8/site-packages/airflow/example_dags/tutorial.py
[2021-09-14 18:46:45,117] {processor.py:613} INFO - Processing file /home/airflow/.local/lib/python3.8/site-packages/airflow/example_dags/tutorial.py for tasks to queue
[2021-09-14 18:46:45,118] {logging_mixin.py:109} INFO - [2021-09-14 18:46:45,118] {dagbag.py:496} INFO - Filling up the DagBag from /home/airflow/.local/lib/python3.8/site-packages/airflow/example_dags/tutorial.py
[2021-09-14 18:46:45,127] {processor.py:623} INFO - DAG(s) dict_keys(['tutorial']) retrieved from /home/airflow/.local/lib/python3.8/site-packages/airflow/example_dags/tutorial.py
[2021-09-14 18:46:45,145] {logging_mixin.py:109} INFO - [2021-09-14 18:46:45,145] {dag.py:1833} INFO - Sync 1 DAGs
[2021-09-14 18:46:45,154] {logging_mixin.py:109} INFO - [2021-09-14 18:46:45,154] {dag.py:2306} INFO - Setting next_dagrun for tutorial to 2021-09-12 00:00:00+00:00
[2021-09-14 18:46:45,161] {processor.py:170} INFO - Processing /home/airflow/.local/lib/python3.8/site-packages/airflow/example_dags/tutorial.py took 0.048 seconds
[2021-09-14 18:47:15,549] {processor.py:162} INFO - Started process (PID=1737) to work on /home/airflow/.local/lib/python3.8/site-packages/airflow/example_dags/tutorial.py
[2021-09-14 18:47:15,550] {processor.py:613} INFO - Processing file /home/airflow/.local/lib/python3.8/site-packages/airflow/example_dags/tutorial.py for tasks to queue
[2021-09-14 18:47:15,551] {logging_mixin.py:109} INFO - [2021-09-14 18:47:15,551] {dagbag.py:496} INFO - Filling up the DagBag from /home/airflow/.local/lib/python3.8/site-packages/airflow/example_dags/tutorial.py
[2021-09-14 18:47:15,560] {processor.py:623} INFO - DAG(s) dict_keys(['tutorial']) retrieved from /home/airflow/.local/lib/python3.8/site-packages/airflow/example_dags/tutorial.py
[2021-09-14 18:47:15,578] {logging_mixin.py:109} INFO - [2021-09-14 18:47:15,577] {dag.py:1833} INFO - Sync 1 DAGs
[2021-09-14 18:47:15,590] {logging_mixin.py:109} INFO - [2021-09-14 18:47:15,590] {dag.py:2306} INFO - Setting next_dagrun for tutorial to 2021-09-12 00:00:00+00:00
[2021-09-14 18:47:15,597] {processor.py:170} INFO - Processing /home/airflow/.local/lib/python3.8/site-packages/airflow/example_dags/tutorial.py took 0.050 seconds
[2021-09-14 18:47:46,022] {processor.py:162} INFO - Started process (PID=1794) to work on /home/airflow/.local/lib/python3.8/site-packages/airflow/example_dags/tutorial.py
[2021-09-14 18:47:46,023] {processor.py:613} INFO - Processing file /home/airflow/.local/lib/python3.8/site-packages/airflow/example_dags/tutorial.py for tasks to queue
[2021-09-14 18:47:46,024] {logging_mixin.py:109} INFO - [2021-09-14 18:47:46,024] {dagbag.py:496} INFO - Filling up the DagBag from /home/airflow/.local/lib/python3.8/site-packages/airflow/example_dags/tutorial.py
[2021-09-14 18:47:46,036] {processor.py:623} INFO - DAG(s) dict_keys(['tutorial']) retrieved from /home/airflow/.local/lib/python3.8/site-packages/airflow/example_dags/tutorial.py
[2021-09-14 18:47:46,058] {logging_mixin.py:109} INFO - [2021-09-14 18:47:46,058] {dag.py:1833} INFO - Sync 1 DAGs
[2021-09-14 18:47:46,073] {logging_mixin.py:109} INFO - [2021-09-14 18:47:46,073] {dag.py:2306} INFO - Setting next_dagrun for tutorial to 2021-09-12 00:00:00+00:00
[2021-09-14 18:47:46,082] {processor.py:170} INFO - Processing /home/airflow/.local/lib/python3.8/site-packages/airflow/example_dags/tutorial.py took 0.063 seconds
[2021-09-14 18:48:16,352] {processor.py:162} INFO - Started process (PID=1850) to work on /home/airflow/.local/lib/python3.8/site-packages/airflow/example_dags/tutorial.py
[2021-09-14 18:48:16,353] {processor.py:613} INFO - Processing file /home/airflow/.local/lib/python3.8/site-packages/airflow/example_dags/tutorial.py for tasks to queue
[2021-09-14 18:48:16,354] {logging_mixin.py:109} INFO - [2021-09-14 18:48:16,354] {dagbag.py:496} INFO - Filling up the DagBag from /home/airflow/.local/lib/python3.8/site-packages/airflow/example_dags/tutorial.py
[2021-09-14 18:48:16,366] {processor.py:623} INFO - DAG(s) dict_keys(['tutorial']) retrieved from /home/airflow/.local/lib/python3.8/site-packages/airflow/example_dags/tutorial.py
[2021-09-14 18:48:16,389] {logging_mixin.py:109} INFO - [2021-09-14 18:48:16,389] {dag.py:1833} INFO - Sync 1 DAGs
[2021-09-14 18:48:16,403] {logging_mixin.py:109} INFO - [2021-09-14 18:48:16,403] {dag.py:2306} INFO - Setting next_dagrun for tutorial to 2021-09-12 00:00:00+00:00
[2021-09-14 18:48:16,414] {processor.py:170} INFO - Processing /home/airflow/.local/lib/python3.8/site-packages/airflow/example_dags/tutorial.py took 0.064 seconds
[2021-09-14 18:48:46,743] {processor.py:162} INFO - Started process (PID=1897) to work on /home/airflow/.local/lib/python3.8/site-packages/airflow/example_dags/tutorial.py
[2021-09-14 18:48:46,746] {processor.py:613} INFO - Processing file /home/airflow/.local/lib/python3.8/site-packages/airflow/example_dags/tutorial.py for tasks to queue
[2021-09-14 18:48:46,748] {logging_mixin.py:109} INFO - [2021-09-14 18:48:46,748] {dagbag.py:496} INFO - Filling up the DagBag from /home/airflow/.local/lib/python3.8/site-packages/airflow/example_dags/tutorial.py
[2021-09-14 18:48:46,780] {processor.py:623} INFO - DAG(s) dict_keys(['tutorial']) retrieved from /home/airflow/.local/lib/python3.8/site-packages/airflow/example_dags/tutorial.py
[2021-09-14 18:48:46,829] {logging_mixin.py:109} INFO - [2021-09-14 18:48:46,828] {dag.py:1833} INFO - Sync 1 DAGs
[2021-09-14 18:48:46,919] {logging_mixin.py:109} INFO - [2021-09-14 18:48:46,919] {dag.py:2306} INFO - Setting next_dagrun for tutorial to 2021-09-12 00:00:00+00:00
[2021-09-14 18:48:46,927] {processor.py:170} INFO - Processing /home/airflow/.local/lib/python3.8/site-packages/airflow/example_dags/tutorial.py took 0.188 seconds
[2021-09-14 18:49:17,470] {processor.py:162} INFO - Started process (PID=1953) to work on /home/airflow/.local/lib/python3.8/site-packages/airflow/example_dags/tutorial.py
[2021-09-14 18:49:17,471] {processor.py:613} INFO - Processing file /home/airflow/.local/lib/python3.8/site-packages/airflow/example_dags/tutorial.py for tasks to queue
[2021-09-14 18:49:17,472] {logging_mixin.py:109} INFO - [2021-09-14 18:49:17,472] {dagbag.py:496} INFO - Filling up the DagBag from /home/airflow/.local/lib/python3.8/site-packages/airflow/example_dags/tutorial.py
[2021-09-14 18:49:17,485] {processor.py:623} INFO - DAG(s) dict_keys(['tutorial']) retrieved from /home/airflow/.local/lib/python3.8/site-packages/airflow/example_dags/tutorial.py
[2021-09-14 18:49:17,512] {logging_mixin.py:109} INFO - [2021-09-14 18:49:17,512] {dag.py:1833} INFO - Sync 1 DAGs
[2021-09-14 18:49:17,536] {logging_mixin.py:109} INFO - [2021-09-14 18:49:17,536] {dag.py:2306} INFO - Setting next_dagrun for tutorial to 2021-09-12 00:00:00+00:00
[2021-09-14 18:49:17,546] {processor.py:170} INFO - Processing /home/airflow/.local/lib/python3.8/site-packages/airflow/example_dags/tutorial.py took 0.079 seconds
[2021-09-14 18:49:47,806] {processor.py:162} INFO - Started process (PID=2000) to work on /home/airflow/.local/lib/python3.8/site-packages/airflow/example_dags/tutorial.py
[2021-09-14 18:49:47,807] {processor.py:613} INFO - Processing file /home/airflow/.local/lib/python3.8/site-packages/airflow/example_dags/tutorial.py for tasks to queue
[2021-09-14 18:49:47,813] {logging_mixin.py:109} INFO - [2021-09-14 18:49:47,812] {dagbag.py:496} INFO - Filling up the DagBag from /home/airflow/.local/lib/python3.8/site-packages/airflow/example_dags/tutorial.py
[2021-09-14 18:49:47,852] {processor.py:623} INFO - DAG(s) dict_keys(['tutorial']) retrieved from /home/airflow/.local/lib/python3.8/site-packages/airflow/example_dags/tutorial.py
[2021-09-14 18:49:47,925] {logging_mixin.py:109} INFO - [2021-09-14 18:49:47,925] {dag.py:1833} INFO - Sync 1 DAGs
[2021-09-14 18:49:47,982] {logging_mixin.py:109} INFO - [2021-09-14 18:49:47,982] {dag.py:2306} INFO - Setting next_dagrun for tutorial to 2021-09-12 00:00:00+00:00
[2021-09-14 18:49:48,012] {processor.py:170} INFO - Processing /home/airflow/.local/lib/python3.8/site-packages/airflow/example_dags/tutorial.py took 0.210 seconds
[2021-09-14 18:50:18,983] {processor.py:162} INFO - Started process (PID=2055) to work on /home/airflow/.local/lib/python3.8/site-packages/airflow/example_dags/tutorial.py
[2021-09-14 18:50:18,984] {processor.py:613} INFO - Processing file /home/airflow/.local/lib/python3.8/site-packages/airflow/example_dags/tutorial.py for tasks to queue
[2021-09-14 18:50:18,985] {logging_mixin.py:109} INFO - [2021-09-14 18:50:18,985] {dagbag.py:496} INFO - Filling up the DagBag from /home/airflow/.local/lib/python3.8/site-packages/airflow/example_dags/tutorial.py
[2021-09-14 18:50:18,994] {processor.py:623} INFO - DAG(s) dict_keys(['tutorial']) retrieved from /home/airflow/.local/lib/python3.8/site-packages/airflow/example_dags/tutorial.py
[2021-09-14 18:50:19,010] {logging_mixin.py:109} INFO - [2021-09-14 18:50:19,010] {dag.py:1833} INFO - Sync 1 DAGs
[2021-09-14 18:50:19,022] {logging_mixin.py:109} INFO - [2021-09-14 18:50:19,022] {dag.py:2306} INFO - Setting next_dagrun for tutorial to 2021-09-12 00:00:00+00:00
[2021-09-14 18:50:19,029] {processor.py:170} INFO - Processing /home/airflow/.local/lib/python3.8/site-packages/airflow/example_dags/tutorial.py took 0.049 seconds
[2021-09-14 18:50:49,505] {processor.py:162} INFO - Started process (PID=2112) to work on /home/airflow/.local/lib/python3.8/site-packages/airflow/example_dags/tutorial.py
[2021-09-14 18:50:49,506] {processor.py:613} INFO - Processing file /home/airflow/.local/lib/python3.8/site-packages/airflow/example_dags/tutorial.py for tasks to queue
[2021-09-14 18:50:49,507] {logging_mixin.py:109} INFO - [2021-09-14 18:50:49,507] {dagbag.py:496} INFO - Filling up the DagBag from /home/airflow/.local/lib/python3.8/site-packages/airflow/example_dags/tutorial.py
[2021-09-14 18:50:49,522] {processor.py:623} INFO - DAG(s) dict_keys(['tutorial']) retrieved from /home/airflow/.local/lib/python3.8/site-packages/airflow/example_dags/tutorial.py
[2021-09-14 18:50:49,553] {logging_mixin.py:109} INFO - [2021-09-14 18:50:49,552] {dag.py:1833} INFO - Sync 1 DAGs
[2021-09-14 18:50:49,569] {logging_mixin.py:109} INFO - [2021-09-14 18:50:49,569] {dag.py:2306} INFO - Setting next_dagrun for tutorial to 2021-09-12 00:00:00+00:00
[2021-09-14 18:50:49,583] {processor.py:170} INFO - Processing /home/airflow/.local/lib/python3.8/site-packages/airflow/example_dags/tutorial.py took 0.084 seconds
[2021-09-14 18:51:20,346] {processor.py:162} INFO - Started process (PID=2167) to work on /home/airflow/.local/lib/python3.8/site-packages/airflow/example_dags/tutorial.py
[2021-09-14 18:51:20,347] {processor.py:613} INFO - Processing file /home/airflow/.local/lib/python3.8/site-packages/airflow/example_dags/tutorial.py for tasks to queue
[2021-09-14 18:51:20,347] {logging_mixin.py:109} INFO - [2021-09-14 18:51:20,347] {dagbag.py:496} INFO - Filling up the DagBag from /home/airflow/.local/lib/python3.8/site-packages/airflow/example_dags/tutorial.py
[2021-09-14 18:51:20,359] {processor.py:623} INFO - DAG(s) dict_keys(['tutorial']) retrieved from /home/airflow/.local/lib/python3.8/site-packages/airflow/example_dags/tutorial.py
[2021-09-14 18:51:20,377] {logging_mixin.py:109} INFO - [2021-09-14 18:51:20,377] {dag.py:1833} INFO - Sync 1 DAGs
[2021-09-14 18:51:20,390] {logging_mixin.py:109} INFO - [2021-09-14 18:51:20,390] {dag.py:2306} INFO - Setting next_dagrun for tutorial to 2021-09-12 00:00:00+00:00
[2021-09-14 18:51:20,400] {processor.py:170} INFO - Processing /home/airflow/.local/lib/python3.8/site-packages/airflow/example_dags/tutorial.py took 0.058 seconds
[2021-09-14 18:51:51,102] {processor.py:162} INFO - Started process (PID=2223) to work on /home/airflow/.local/lib/python3.8/site-packages/airflow/example_dags/tutorial.py
[2021-09-14 18:51:51,104] {processor.py:613} INFO - Processing file /home/airflow/.local/lib/python3.8/site-packages/airflow/example_dags/tutorial.py for tasks to queue
[2021-09-14 18:51:51,104] {logging_mixin.py:109} INFO - [2021-09-14 18:51:51,104] {dagbag.py:496} INFO - Filling up the DagBag from /home/airflow/.local/lib/python3.8/site-packages/airflow/example_dags/tutorial.py
[2021-09-14 18:51:51,117] {processor.py:623} INFO - DAG(s) dict_keys(['tutorial']) retrieved from /home/airflow/.local/lib/python3.8/site-packages/airflow/example_dags/tutorial.py
[2021-09-14 18:51:51,138] {logging_mixin.py:109} INFO - [2021-09-14 18:51:51,138] {dag.py:1833} INFO - Sync 1 DAGs
[2021-09-14 18:51:51,151] {logging_mixin.py:109} INFO - [2021-09-14 18:51:51,151] {dag.py:2306} INFO - Setting next_dagrun for tutorial to 2021-09-12 00:00:00+00:00
[2021-09-14 18:51:51,160] {processor.py:170} INFO - Processing /home/airflow/.local/lib/python3.8/site-packages/airflow/example_dags/tutorial.py took 0.062 seconds
[2021-09-14 18:52:21,292] {processor.py:162} INFO - Started process (PID=2271) to work on /home/airflow/.local/lib/python3.8/site-packages/airflow/example_dags/tutorial.py
[2021-09-14 18:52:21,293] {processor.py:613} INFO - Processing file /home/airflow/.local/lib/python3.8/site-packages/airflow/example_dags/tutorial.py for tasks to queue
[2021-09-14 18:52:21,294] {logging_mixin.py:109} INFO - [2021-09-14 18:52:21,294] {dagbag.py:496} INFO - Filling up the DagBag from /home/airflow/.local/lib/python3.8/site-packages/airflow/example_dags/tutorial.py
[2021-09-14 18:52:21,304] {processor.py:623} INFO - DAG(s) dict_keys(['tutorial']) retrieved from /home/airflow/.local/lib/python3.8/site-packages/airflow/example_dags/tutorial.py
[2021-09-14 18:52:21,319] {logging_mixin.py:109} INFO - [2021-09-14 18:52:21,319] {dag.py:1833} INFO - Sync 1 DAGs
[2021-09-14 18:52:21,329] {logging_mixin.py:109} INFO - [2021-09-14 18:52:21,329] {dag.py:2306} INFO - Setting next_dagrun for tutorial to 2021-09-12 00:00:00+00:00
[2021-09-14 18:52:21,337] {processor.py:170} INFO - Processing /home/airflow/.local/lib/python3.8/site-packages/airflow/example_dags/tutorial.py took 0.048 seconds
[2021-09-14 18:52:51,653] {processor.py:162} INFO - Started process (PID=2328) to work on /home/airflow/.local/lib/python3.8/site-packages/airflow/example_dags/tutorial.py
[2021-09-14 18:52:51,655] {processor.py:613} INFO - Processing file /home/airflow/.local/lib/python3.8/site-packages/airflow/example_dags/tutorial.py for tasks to queue
[2021-09-14 18:52:51,656] {logging_mixin.py:109} INFO - [2021-09-14 18:52:51,656] {dagbag.py:496} INFO - Filling up the DagBag from /home/airflow/.local/lib/python3.8/site-packages/airflow/example_dags/tutorial.py
[2021-09-14 18:52:51,667] {processor.py:623} INFO - DAG(s) dict_keys(['tutorial']) retrieved from /home/airflow/.local/lib/python3.8/site-packages/airflow/example_dags/tutorial.py
[2021-09-14 18:52:51,694] {logging_mixin.py:109} INFO - [2021-09-14 18:52:51,694] {dag.py:1833} INFO - Sync 1 DAGs
[2021-09-14 18:52:51,713] {logging_mixin.py:109} INFO - [2021-09-14 18:52:51,713] {dag.py:2306} INFO - Setting next_dagrun for tutorial to 2021-09-12 00:00:00+00:00
[2021-09-14 18:52:51,727] {processor.py:170} INFO - Processing /home/airflow/.local/lib/python3.8/site-packages/airflow/example_dags/tutorial.py took 0.077 seconds
[2021-09-14 18:53:21,980] {processor.py:162} INFO - Started process (PID=2374) to work on /home/airflow/.local/lib/python3.8/site-packages/airflow/example_dags/tutorial.py
[2021-09-14 18:53:21,981] {processor.py:613} INFO - Processing file /home/airflow/.local/lib/python3.8/site-packages/airflow/example_dags/tutorial.py for tasks to queue
[2021-09-14 18:53:21,982] {logging_mixin.py:109} INFO - [2021-09-14 18:53:21,981] {dagbag.py:496} INFO - Filling up the DagBag from /home/airflow/.local/lib/python3.8/site-packages/airflow/example_dags/tutorial.py
[2021-09-14 18:53:21,990] {processor.py:623} INFO - DAG(s) dict_keys(['tutorial']) retrieved from /home/airflow/.local/lib/python3.8/site-packages/airflow/example_dags/tutorial.py
[2021-09-14 18:53:22,006] {logging_mixin.py:109} INFO - [2021-09-14 18:53:22,006] {dag.py:1833} INFO - Sync 1 DAGs
[2021-09-14 18:53:22,017] {logging_mixin.py:109} INFO - [2021-09-14 18:53:22,017] {dag.py:2306} INFO - Setting next_dagrun for tutorial to 2021-09-12 00:00:00+00:00
[2021-09-14 18:53:22,027] {processor.py:170} INFO - Processing /home/airflow/.local/lib/python3.8/site-packages/airflow/example_dags/tutorial.py took 0.049 seconds
[2021-09-14 18:53:52,411] {processor.py:162} INFO - Started process (PID=2431) to work on /home/airflow/.local/lib/python3.8/site-packages/airflow/example_dags/tutorial.py
[2021-09-14 18:53:52,412] {processor.py:613} INFO - Processing file /home/airflow/.local/lib/python3.8/site-packages/airflow/example_dags/tutorial.py for tasks to queue
[2021-09-14 18:53:52,413] {logging_mixin.py:109} INFO - [2021-09-14 18:53:52,413] {dagbag.py:496} INFO - Filling up the DagBag from /home/airflow/.local/lib/python3.8/site-packages/airflow/example_dags/tutorial.py
[2021-09-14 18:53:52,421] {processor.py:623} INFO - DAG(s) dict_keys(['tutorial']) retrieved from /home/airflow/.local/lib/python3.8/site-packages/airflow/example_dags/tutorial.py
[2021-09-14 18:53:52,438] {logging_mixin.py:109} INFO - [2021-09-14 18:53:52,438] {dag.py:1833} INFO - Sync 1 DAGs
[2021-09-14 18:53:52,448] {logging_mixin.py:109} INFO - [2021-09-14 18:53:52,448] {dag.py:2306} INFO - Setting next_dagrun for tutorial to 2021-09-12 00:00:00+00:00
[2021-09-14 18:53:52,455] {processor.py:170} INFO - Processing /home/airflow/.local/lib/python3.8/site-packages/airflow/example_dags/tutorial.py took 0.048 seconds
[2021-09-14 18:54:22,841] {processor.py:162} INFO - Started process (PID=2479) to work on /home/airflow/.local/lib/python3.8/site-packages/airflow/example_dags/tutorial.py
[2021-09-14 18:54:22,842] {processor.py:613} INFO - Processing file /home/airflow/.local/lib/python3.8/site-packages/airflow/example_dags/tutorial.py for tasks to queue
[2021-09-14 18:54:22,842] {logging_mixin.py:109} INFO - [2021-09-14 18:54:22,842] {dagbag.py:496} INFO - Filling up the DagBag from /home/airflow/.local/lib/python3.8/site-packages/airflow/example_dags/tutorial.py
[2021-09-14 18:54:22,852] {processor.py:623} INFO - DAG(s) dict_keys(['tutorial']) retrieved from /home/airflow/.local/lib/python3.8/site-packages/airflow/example_dags/tutorial.py
[2021-09-14 18:54:22,869] {logging_mixin.py:109} INFO - [2021-09-14 18:54:22,869] {dag.py:1833} INFO - Sync 1 DAGs
[2021-09-14 18:54:22,879] {logging_mixin.py:109} INFO - [2021-09-14 18:54:22,879] {dag.py:2306} INFO - Setting next_dagrun for tutorial to 2021-09-12 00:00:00+00:00
[2021-09-14 18:54:22,886] {processor.py:170} INFO - Processing /home/airflow/.local/lib/python3.8/site-packages/airflow/example_dags/tutorial.py took 0.048 seconds
[2021-09-14 18:54:53,130] {processor.py:162} INFO - Started process (PID=2534) to work on /home/airflow/.local/lib/python3.8/site-packages/airflow/example_dags/tutorial.py
[2021-09-14 18:54:53,131] {processor.py:613} INFO - Processing file /home/airflow/.local/lib/python3.8/site-packages/airflow/example_dags/tutorial.py for tasks to queue
[2021-09-14 18:54:53,132] {logging_mixin.py:109} INFO - [2021-09-14 18:54:53,132] {dagbag.py:496} INFO - Filling up the DagBag from /home/airflow/.local/lib/python3.8/site-packages/airflow/example_dags/tutorial.py
[2021-09-14 18:54:53,143] {processor.py:623} INFO - DAG(s) dict_keys(['tutorial']) retrieved from /home/airflow/.local/lib/python3.8/site-packages/airflow/example_dags/tutorial.py
[2021-09-14 18:54:53,164] {logging_mixin.py:109} INFO - [2021-09-14 18:54:53,164] {dag.py:1833} INFO - Sync 1 DAGs
[2021-09-14 18:54:53,179] {logging_mixin.py:109} INFO - [2021-09-14 18:54:53,179] {dag.py:2306} INFO - Setting next_dagrun for tutorial to 2021-09-12 00:00:00+00:00
[2021-09-14 18:54:53,200] {processor.py:170} INFO - Processing /home/airflow/.local/lib/python3.8/site-packages/airflow/example_dags/tutorial.py took 0.074 seconds
[2021-09-14 18:55:23,620] {processor.py:162} INFO - Started process (PID=2589) to work on /home/airflow/.local/lib/python3.8/site-packages/airflow/example_dags/tutorial.py
[2021-09-14 18:55:23,621] {processor.py:613} INFO - Processing file /home/airflow/.local/lib/python3.8/site-packages/airflow/example_dags/tutorial.py for tasks to queue
[2021-09-14 18:55:23,622] {logging_mixin.py:109} INFO - [2021-09-14 18:55:23,621] {dagbag.py:496} INFO - Filling up the DagBag from /home/airflow/.local/lib/python3.8/site-packages/airflow/example_dags/tutorial.py
[2021-09-14 18:55:23,630] {processor.py:623} INFO - DAG(s) dict_keys(['tutorial']) retrieved from /home/airflow/.local/lib/python3.8/site-packages/airflow/example_dags/tutorial.py
[2021-09-14 18:55:23,651] {logging_mixin.py:109} INFO - [2021-09-14 18:55:23,651] {dag.py:1833} INFO - Sync 1 DAGs
[2021-09-14 18:55:23,661] {logging_mixin.py:109} INFO - [2021-09-14 18:55:23,661] {dag.py:2306} INFO - Setting next_dagrun for tutorial to 2021-09-12 00:00:00+00:00
[2021-09-14 18:55:23,670] {processor.py:170} INFO - Processing /home/airflow/.local/lib/python3.8/site-packages/airflow/example_dags/tutorial.py took 0.053 seconds
[2021-09-14 18:55:54,511] {processor.py:162} INFO - Started process (PID=2636) to work on /home/airflow/.local/lib/python3.8/site-packages/airflow/example_dags/tutorial.py
[2021-09-14 18:55:54,512] {processor.py:613} INFO - Processing file /home/airflow/.local/lib/python3.8/site-packages/airflow/example_dags/tutorial.py for tasks to queue
[2021-09-14 18:55:54,513] {logging_mixin.py:109} INFO - [2021-09-14 18:55:54,513] {dagbag.py:496} INFO - Filling up the DagBag from /home/airflow/.local/lib/python3.8/site-packages/airflow/example_dags/tutorial.py
[2021-09-14 18:55:54,526] {processor.py:623} INFO - DAG(s) dict_keys(['tutorial']) retrieved from /home/airflow/.local/lib/python3.8/site-packages/airflow/example_dags/tutorial.py
[2021-09-14 18:55:54,546] {logging_mixin.py:109} INFO - [2021-09-14 18:55:54,545] {dag.py:1833} INFO - Sync 1 DAGs
[2021-09-14 18:55:54,567] {logging_mixin.py:109} INFO - [2021-09-14 18:55:54,567] {dag.py:2306} INFO - Setting next_dagrun for tutorial to 2021-09-12 00:00:00+00:00
[2021-09-14 18:55:54,579] {processor.py:170} INFO - Processing /home/airflow/.local/lib/python3.8/site-packages/airflow/example_dags/tutorial.py took 0.074 seconds
[2021-09-14 18:56:24,760] {processor.py:162} INFO - Started process (PID=2691) to work on /home/airflow/.local/lib/python3.8/site-packages/airflow/example_dags/tutorial.py
[2021-09-14 18:56:24,762] {processor.py:613} INFO - Processing file /home/airflow/.local/lib/python3.8/site-packages/airflow/example_dags/tutorial.py for tasks to queue
[2021-09-14 18:56:24,762] {logging_mixin.py:109} INFO - [2021-09-14 18:56:24,762] {dagbag.py:496} INFO - Filling up the DagBag from /home/airflow/.local/lib/python3.8/site-packages/airflow/example_dags/tutorial.py
[2021-09-14 18:56:24,771] {processor.py:623} INFO - DAG(s) dict_keys(['tutorial']) retrieved from /home/airflow/.local/lib/python3.8/site-packages/airflow/example_dags/tutorial.py
[2021-09-14 18:56:24,788] {logging_mixin.py:109} INFO - [2021-09-14 18:56:24,788] {dag.py:1833} INFO - Sync 1 DAGs
[2021-09-14 18:56:24,797] {logging_mixin.py:109} INFO - [2021-09-14 18:56:24,797] {dag.py:2306} INFO - Setting next_dagrun for tutorial to 2021-09-12 00:00:00+00:00
[2021-09-14 18:56:24,803] {processor.py:170} INFO - Processing /home/airflow/.local/lib/python3.8/site-packages/airflow/example_dags/tutorial.py took 0.046 seconds
[2021-09-14 18:56:54,986] {processor.py:162} INFO - Started process (PID=2740) to work on /home/airflow/.local/lib/python3.8/site-packages/airflow/example_dags/tutorial.py
[2021-09-14 18:56:54,987] {processor.py:613} INFO - Processing file /home/airflow/.local/lib/python3.8/site-packages/airflow/example_dags/tutorial.py for tasks to queue
[2021-09-14 18:56:54,988] {logging_mixin.py:109} INFO - [2021-09-14 18:56:54,988] {dagbag.py:496} INFO - Filling up the DagBag from /home/airflow/.local/lib/python3.8/site-packages/airflow/example_dags/tutorial.py
[2021-09-14 18:56:54,997] {processor.py:623} INFO - DAG(s) dict_keys(['tutorial']) retrieved from /home/airflow/.local/lib/python3.8/site-packages/airflow/example_dags/tutorial.py
[2021-09-14 18:56:55,018] {logging_mixin.py:109} INFO - [2021-09-14 18:56:55,018] {dag.py:1833} INFO - Sync 1 DAGs
[2021-09-14 18:56:55,031] {logging_mixin.py:109} INFO - [2021-09-14 18:56:55,031] {dag.py:2306} INFO - Setting next_dagrun for tutorial to 2021-09-12 00:00:00+00:00
[2021-09-14 18:56:55,041] {processor.py:170} INFO - Processing /home/airflow/.local/lib/python3.8/site-packages/airflow/example_dags/tutorial.py took 0.058 seconds
[2021-09-14 18:57:25,781] {processor.py:162} INFO - Started process (PID=2797) to work on /home/airflow/.local/lib/python3.8/site-packages/airflow/example_dags/tutorial.py
[2021-09-14 18:57:25,784] {processor.py:613} INFO - Processing file /home/airflow/.local/lib/python3.8/site-packages/airflow/example_dags/tutorial.py for tasks to queue
[2021-09-14 18:57:25,784] {logging_mixin.py:109} INFO - [2021-09-14 18:57:25,784] {dagbag.py:496} INFO - Filling up the DagBag from /home/airflow/.local/lib/python3.8/site-packages/airflow/example_dags/tutorial.py
[2021-09-14 18:57:25,796] {processor.py:623} INFO - DAG(s) dict_keys(['tutorial']) retrieved from /home/airflow/.local/lib/python3.8/site-packages/airflow/example_dags/tutorial.py
[2021-09-14 18:57:25,816] {logging_mixin.py:109} INFO - [2021-09-14 18:57:25,816] {dag.py:1833} INFO - Sync 1 DAGs
[2021-09-14 18:57:25,831] {logging_mixin.py:109} INFO - [2021-09-14 18:57:25,831] {dag.py:2306} INFO - Setting next_dagrun for tutorial to 2021-09-12 00:00:00+00:00
[2021-09-14 18:57:25,843] {processor.py:170} INFO - Processing /home/airflow/.local/lib/python3.8/site-packages/airflow/example_dags/tutorial.py took 0.065 seconds
[2021-09-14 18:57:56,710] {processor.py:162} INFO - Started process (PID=2852) to work on /home/airflow/.local/lib/python3.8/site-packages/airflow/example_dags/tutorial.py
[2021-09-14 18:57:56,711] {processor.py:613} INFO - Processing file /home/airflow/.local/lib/python3.8/site-packages/airflow/example_dags/tutorial.py for tasks to queue
[2021-09-14 18:57:56,712] {logging_mixin.py:109} INFO - [2021-09-14 18:57:56,712] {dagbag.py:496} INFO - Filling up the DagBag from /home/airflow/.local/lib/python3.8/site-packages/airflow/example_dags/tutorial.py
[2021-09-14 18:57:56,724] {processor.py:623} INFO - DAG(s) dict_keys(['tutorial']) retrieved from /home/airflow/.local/lib/python3.8/site-packages/airflow/example_dags/tutorial.py
[2021-09-14 18:57:56,744] {logging_mixin.py:109} INFO - [2021-09-14 18:57:56,744] {dag.py:1833} INFO - Sync 1 DAGs
[2021-09-14 18:57:56,756] {logging_mixin.py:109} INFO - [2021-09-14 18:57:56,756] {dag.py:2306} INFO - Setting next_dagrun for tutorial to 2021-09-12 00:00:00+00:00
[2021-09-14 18:57:56,768] {processor.py:170} INFO - Processing /home/airflow/.local/lib/python3.8/site-packages/airflow/example_dags/tutorial.py took 0.060 seconds
[2021-09-14 18:58:26,903] {processor.py:162} INFO - Started process (PID=2900) to work on /home/airflow/.local/lib/python3.8/site-packages/airflow/example_dags/tutorial.py
[2021-09-14 18:58:26,904] {processor.py:613} INFO - Processing file /home/airflow/.local/lib/python3.8/site-packages/airflow/example_dags/tutorial.py for tasks to queue
[2021-09-14 18:58:26,905] {logging_mixin.py:109} INFO - [2021-09-14 18:58:26,905] {dagbag.py:496} INFO - Filling up the DagBag from /home/airflow/.local/lib/python3.8/site-packages/airflow/example_dags/tutorial.py
[2021-09-14 18:58:26,917] {processor.py:623} INFO - DAG(s) dict_keys(['tutorial']) retrieved from /home/airflow/.local/lib/python3.8/site-packages/airflow/example_dags/tutorial.py
[2021-09-14 18:58:26,939] {logging_mixin.py:109} INFO - [2021-09-14 18:58:26,939] {dag.py:1833} INFO - Sync 1 DAGs
[2021-09-14 18:58:26,953] {logging_mixin.py:109} INFO - [2021-09-14 18:58:26,953] {dag.py:2306} INFO - Setting next_dagrun for tutorial to 2021-09-12 00:00:00+00:00
[2021-09-14 18:58:26,962] {processor.py:170} INFO - Processing /home/airflow/.local/lib/python3.8/site-packages/airflow/example_dags/tutorial.py took 0.063 seconds
[2021-09-14 18:58:57,076] {processor.py:162} INFO - Started process (PID=2956) to work on /home/airflow/.local/lib/python3.8/site-packages/airflow/example_dags/tutorial.py
[2021-09-14 18:58:57,093] {processor.py:613} INFO - Processing file /home/airflow/.local/lib/python3.8/site-packages/airflow/example_dags/tutorial.py for tasks to queue
[2021-09-14 18:58:57,094] {logging_mixin.py:109} INFO - [2021-09-14 18:58:57,094] {dagbag.py:496} INFO - Filling up the DagBag from /home/airflow/.local/lib/python3.8/site-packages/airflow/example_dags/tutorial.py
[2021-09-14 18:58:57,103] {processor.py:623} INFO - DAG(s) dict_keys(['tutorial']) retrieved from /home/airflow/.local/lib/python3.8/site-packages/airflow/example_dags/tutorial.py
[2021-09-14 18:58:57,125] {logging_mixin.py:109} INFO - [2021-09-14 18:58:57,125] {dag.py:1833} INFO - Sync 1 DAGs
[2021-09-14 18:58:57,135] {logging_mixin.py:109} INFO - [2021-09-14 18:58:57,135] {dag.py:2306} INFO - Setting next_dagrun for tutorial to 2021-09-12 00:00:00+00:00
[2021-09-14 18:58:57,142] {processor.py:170} INFO - Processing /home/airflow/.local/lib/python3.8/site-packages/airflow/example_dags/tutorial.py took 0.069 seconds
[2021-09-14 18:59:27,490] {processor.py:162} INFO - Started process (PID=3004) to work on /home/airflow/.local/lib/python3.8/site-packages/airflow/example_dags/tutorial.py
[2021-09-14 18:59:27,523] {processor.py:613} INFO - Processing file /home/airflow/.local/lib/python3.8/site-packages/airflow/example_dags/tutorial.py for tasks to queue
[2021-09-14 18:59:27,524] {logging_mixin.py:109} INFO - [2021-09-14 18:59:27,524] {dagbag.py:496} INFO - Filling up the DagBag from /home/airflow/.local/lib/python3.8/site-packages/airflow/example_dags/tutorial.py
[2021-09-14 18:59:27,534] {processor.py:623} INFO - DAG(s) dict_keys(['tutorial']) retrieved from /home/airflow/.local/lib/python3.8/site-packages/airflow/example_dags/tutorial.py
[2021-09-14 18:59:27,550] {logging_mixin.py:109} INFO - [2021-09-14 18:59:27,550] {dag.py:1833} INFO - Sync 1 DAGs
[2021-09-14 18:59:27,562] {logging_mixin.py:109} INFO - [2021-09-14 18:59:27,562] {dag.py:2306} INFO - Setting next_dagrun for tutorial to 2021-09-12 00:00:00+00:00
[2021-09-14 18:59:27,575] {processor.py:170} INFO - Processing /home/airflow/.local/lib/python3.8/site-packages/airflow/example_dags/tutorial.py took 0.087 seconds
[2021-09-14 18:59:57,866] {processor.py:162} INFO - Started process (PID=3061) to work on /home/airflow/.local/lib/python3.8/site-packages/airflow/example_dags/tutorial.py
[2021-09-14 18:59:57,867] {processor.py:613} INFO - Processing file /home/airflow/.local/lib/python3.8/site-packages/airflow/example_dags/tutorial.py for tasks to queue
[2021-09-14 18:59:57,868] {logging_mixin.py:109} INFO - [2021-09-14 18:59:57,867] {dagbag.py:496} INFO - Filling up the DagBag from /home/airflow/.local/lib/python3.8/site-packages/airflow/example_dags/tutorial.py
[2021-09-14 18:59:57,876] {processor.py:623} INFO - DAG(s) dict_keys(['tutorial']) retrieved from /home/airflow/.local/lib/python3.8/site-packages/airflow/example_dags/tutorial.py
[2021-09-14 18:59:57,893] {logging_mixin.py:109} INFO - [2021-09-14 18:59:57,893] {dag.py:1833} INFO - Sync 1 DAGs
[2021-09-14 18:59:57,904] {logging_mixin.py:109} INFO - [2021-09-14 18:59:57,904] {dag.py:2306} INFO - Setting next_dagrun for tutorial to 2021-09-12 00:00:00+00:00
[2021-09-14 18:59:57,911] {processor.py:170} INFO - Processing /home/airflow/.local/lib/python3.8/site-packages/airflow/example_dags/tutorial.py took 0.048 seconds
[2021-09-14 19:00:28,308] {processor.py:162} INFO - Started process (PID=3119) to work on /home/airflow/.local/lib/python3.8/site-packages/airflow/example_dags/tutorial.py
[2021-09-14 19:00:28,310] {processor.py:613} INFO - Processing file /home/airflow/.local/lib/python3.8/site-packages/airflow/example_dags/tutorial.py for tasks to queue
[2021-09-14 19:00:28,311] {logging_mixin.py:109} INFO - [2021-09-14 19:00:28,311] {dagbag.py:496} INFO - Filling up the DagBag from /home/airflow/.local/lib/python3.8/site-packages/airflow/example_dags/tutorial.py
[2021-09-14 19:00:28,323] {processor.py:623} INFO - DAG(s) dict_keys(['tutorial']) retrieved from /home/airflow/.local/lib/python3.8/site-packages/airflow/example_dags/tutorial.py
[2021-09-14 19:00:28,348] {logging_mixin.py:109} INFO - [2021-09-14 19:00:28,348] {dag.py:1833} INFO - Sync 1 DAGs
[2021-09-14 19:00:28,363] {logging_mixin.py:109} INFO - [2021-09-14 19:00:28,362] {dag.py:2306} INFO - Setting next_dagrun for tutorial to 2021-09-12 00:00:00+00:00
[2021-09-14 19:00:28,370] {processor.py:170} INFO - Processing /home/airflow/.local/lib/python3.8/site-packages/airflow/example_dags/tutorial.py took 0.064 seconds
[2021-09-14 19:00:59,173] {processor.py:162} INFO - Started process (PID=3167) to work on /home/airflow/.local/lib/python3.8/site-packages/airflow/example_dags/tutorial.py
[2021-09-14 19:00:59,174] {processor.py:613} INFO - Processing file /home/airflow/.local/lib/python3.8/site-packages/airflow/example_dags/tutorial.py for tasks to queue
[2021-09-14 19:00:59,174] {logging_mixin.py:109} INFO - [2021-09-14 19:00:59,174] {dagbag.py:496} INFO - Filling up the DagBag from /home/airflow/.local/lib/python3.8/site-packages/airflow/example_dags/tutorial.py
[2021-09-14 19:00:59,184] {processor.py:623} INFO - DAG(s) dict_keys(['tutorial']) retrieved from /home/airflow/.local/lib/python3.8/site-packages/airflow/example_dags/tutorial.py
[2021-09-14 19:00:59,201] {logging_mixin.py:109} INFO - [2021-09-14 19:00:59,201] {dag.py:1833} INFO - Sync 1 DAGs
[2021-09-14 19:00:59,212] {logging_mixin.py:109} INFO - [2021-09-14 19:00:59,212] {dag.py:2306} INFO - Setting next_dagrun for tutorial to 2021-09-12 00:00:00+00:00
[2021-09-14 19:00:59,220] {processor.py:170} INFO - Processing /home/airflow/.local/lib/python3.8/site-packages/airflow/example_dags/tutorial.py took 0.050 seconds
[2021-09-14 19:01:29,513] {processor.py:162} INFO - Started process (PID=3223) to work on /home/airflow/.local/lib/python3.8/site-packages/airflow/example_dags/tutorial.py
[2021-09-14 19:01:29,516] {processor.py:613} INFO - Processing file /home/airflow/.local/lib/python3.8/site-packages/airflow/example_dags/tutorial.py for tasks to queue
[2021-09-14 19:01:29,517] {logging_mixin.py:109} INFO - [2021-09-14 19:01:29,517] {dagbag.py:496} INFO - Filling up the DagBag from /home/airflow/.local/lib/python3.8/site-packages/airflow/example_dags/tutorial.py
[2021-09-14 19:01:29,545] {processor.py:623} INFO - DAG(s) dict_keys(['tutorial']) retrieved from /home/airflow/.local/lib/python3.8/site-packages/airflow/example_dags/tutorial.py
[2021-09-14 19:01:29,585] {logging_mixin.py:109} INFO - [2021-09-14 19:01:29,585] {dag.py:1833} INFO - Sync 1 DAGs
[2021-09-14 19:01:29,600] {logging_mixin.py:109} INFO - [2021-09-14 19:01:29,600] {dag.py:2306} INFO - Setting next_dagrun for tutorial to 2021-09-12 00:00:00+00:00
[2021-09-14 19:01:29,612] {processor.py:170} INFO - Processing /home/airflow/.local/lib/python3.8/site-packages/airflow/example_dags/tutorial.py took 0.102 seconds
[2021-09-14 19:02:00,476] {processor.py:162} INFO - Started process (PID=3272) to work on /home/airflow/.local/lib/python3.8/site-packages/airflow/example_dags/tutorial.py
[2021-09-14 19:02:00,478] {processor.py:613} INFO - Processing file /home/airflow/.local/lib/python3.8/site-packages/airflow/example_dags/tutorial.py for tasks to queue
[2021-09-14 19:02:00,479] {logging_mixin.py:109} INFO - [2021-09-14 19:02:00,479] {dagbag.py:496} INFO - Filling up the DagBag from /home/airflow/.local/lib/python3.8/site-packages/airflow/example_dags/tutorial.py
[2021-09-14 19:02:00,488] {processor.py:623} INFO - DAG(s) dict_keys(['tutorial']) retrieved from /home/airflow/.local/lib/python3.8/site-packages/airflow/example_dags/tutorial.py
[2021-09-14 19:02:00,506] {logging_mixin.py:109} INFO - [2021-09-14 19:02:00,505] {dag.py:1833} INFO - Sync 1 DAGs
[2021-09-14 19:02:00,516] {logging_mixin.py:109} INFO - [2021-09-14 19:02:00,516] {dag.py:2306} INFO - Setting next_dagrun for tutorial to 2021-09-12 00:00:00+00:00
[2021-09-14 19:02:00,527] {processor.py:170} INFO - Processing /home/airflow/.local/lib/python3.8/site-packages/airflow/example_dags/tutorial.py took 0.054 seconds
[2021-09-14 19:02:31,129] {processor.py:162} INFO - Started process (PID=3329) to work on /home/airflow/.local/lib/python3.8/site-packages/airflow/example_dags/tutorial.py
[2021-09-14 19:02:31,132] {processor.py:613} INFO - Processing file /home/airflow/.local/lib/python3.8/site-packages/airflow/example_dags/tutorial.py for tasks to queue
[2021-09-14 19:02:31,134] {logging_mixin.py:109} INFO - [2021-09-14 19:02:31,134] {dagbag.py:496} INFO - Filling up the DagBag from /home/airflow/.local/lib/python3.8/site-packages/airflow/example_dags/tutorial.py
[2021-09-14 19:02:31,158] {processor.py:623} INFO - DAG(s) dict_keys(['tutorial']) retrieved from /home/airflow/.local/lib/python3.8/site-packages/airflow/example_dags/tutorial.py
[2021-09-14 19:02:31,201] {logging_mixin.py:109} INFO - [2021-09-14 19:02:31,201] {dag.py:1833} INFO - Sync 1 DAGs
[2021-09-14 19:02:31,229] {logging_mixin.py:109} INFO - [2021-09-14 19:02:31,229] {dag.py:2306} INFO - Setting next_dagrun for tutorial to 2021-09-12 00:00:00+00:00
[2021-09-14 19:02:31,240] {processor.py:170} INFO - Processing /home/airflow/.local/lib/python3.8/site-packages/airflow/example_dags/tutorial.py took 0.118 seconds
[2021-09-14 19:03:01,520] {processor.py:162} INFO - Started process (PID=3385) to work on /home/airflow/.local/lib/python3.8/site-packages/airflow/example_dags/tutorial.py
[2021-09-14 19:03:01,522] {processor.py:613} INFO - Processing file /home/airflow/.local/lib/python3.8/site-packages/airflow/example_dags/tutorial.py for tasks to queue
[2021-09-14 19:03:01,522] {logging_mixin.py:109} INFO - [2021-09-14 19:03:01,522] {dagbag.py:496} INFO - Filling up the DagBag from /home/airflow/.local/lib/python3.8/site-packages/airflow/example_dags/tutorial.py
[2021-09-14 19:03:01,534] {processor.py:623} INFO - DAG(s) dict_keys(['tutorial']) retrieved from /home/airflow/.local/lib/python3.8/site-packages/airflow/example_dags/tutorial.py
[2021-09-14 19:03:01,555] {logging_mixin.py:109} INFO - [2021-09-14 19:03:01,555] {dag.py:1833} INFO - Sync 1 DAGs
[2021-09-14 19:03:01,581] {logging_mixin.py:109} INFO - [2021-09-14 19:03:01,581] {dag.py:2306} INFO - Setting next_dagrun for tutorial to 2021-09-12 00:00:00+00:00
[2021-09-14 19:03:01,592] {processor.py:170} INFO - Processing /home/airflow/.local/lib/python3.8/site-packages/airflow/example_dags/tutorial.py took 0.080 seconds
[2021-09-14 19:03:32,782] {processor.py:162} INFO - Started process (PID=3433) to work on /home/airflow/.local/lib/python3.8/site-packages/airflow/example_dags/tutorial.py
[2021-09-14 19:03:32,784] {processor.py:613} INFO - Processing file /home/airflow/.local/lib/python3.8/site-packages/airflow/example_dags/tutorial.py for tasks to queue
[2021-09-14 19:03:32,785] {logging_mixin.py:109} INFO - [2021-09-14 19:03:32,785] {dagbag.py:496} INFO - Filling up the DagBag from /home/airflow/.local/lib/python3.8/site-packages/airflow/example_dags/tutorial.py
[2021-09-14 19:03:32,801] {processor.py:623} INFO - DAG(s) dict_keys(['tutorial']) retrieved from /home/airflow/.local/lib/python3.8/site-packages/airflow/example_dags/tutorial.py
[2021-09-14 19:03:32,850] {logging_mixin.py:109} INFO - [2021-09-14 19:03:32,850] {dag.py:1833} INFO - Sync 1 DAGs
[2021-09-14 19:03:32,867] {logging_mixin.py:109} INFO - [2021-09-14 19:03:32,867] {dag.py:2306} INFO - Setting next_dagrun for tutorial to 2021-09-12 00:00:00+00:00
[2021-09-14 19:03:32,881] {processor.py:170} INFO - Processing /home/airflow/.local/lib/python3.8/site-packages/airflow/example_dags/tutorial.py took 0.102 seconds
