[2021-09-14 18:32:22,876] {processor.py:162} INFO - Started process (PID=190) to work on /home/airflow/.local/lib/python3.8/site-packages/airflow/example_dags/tutorial_etl_dag.py
[2021-09-14 18:32:22,878] {processor.py:613} INFO - Processing file /home/airflow/.local/lib/python3.8/site-packages/airflow/example_dags/tutorial_etl_dag.py for tasks to queue
[2021-09-14 18:32:22,879] {logging_mixin.py:109} INFO - [2021-09-14 18:32:22,879] {dagbag.py:496} INFO - Filling up the DagBag from /home/airflow/.local/lib/python3.8/site-packages/airflow/example_dags/tutorial_etl_dag.py
[2021-09-14 18:32:22,891] {processor.py:623} INFO - DAG(s) dict_keys(['tutorial_etl_dag']) retrieved from /home/airflow/.local/lib/python3.8/site-packages/airflow/example_dags/tutorial_etl_dag.py
[2021-09-14 18:32:25,403] {logging_mixin.py:109} INFO - [2021-09-14 18:32:25,403] {dag.py:1833} INFO - Sync 1 DAGs
[2021-09-14 18:32:25,416] {logging_mixin.py:109} INFO - [2021-09-14 18:32:25,416] {dag.py:1852} INFO - Creating ORM DAG for tutorial_etl_dag
[2021-09-14 18:32:25,423] {logging_mixin.py:109} INFO - [2021-09-14 18:32:25,423] {dag.py:2306} INFO - Setting next_dagrun for tutorial_etl_dag to None
[2021-09-14 18:32:25,441] {processor.py:170} INFO - Processing /home/airflow/.local/lib/python3.8/site-packages/airflow/example_dags/tutorial_etl_dag.py took 2.568 seconds
[2021-09-14 18:32:56,245] {processor.py:162} INFO - Started process (PID=259) to work on /home/airflow/.local/lib/python3.8/site-packages/airflow/example_dags/tutorial_etl_dag.py
[2021-09-14 18:32:56,246] {processor.py:613} INFO - Processing file /home/airflow/.local/lib/python3.8/site-packages/airflow/example_dags/tutorial_etl_dag.py for tasks to queue
[2021-09-14 18:32:56,247] {logging_mixin.py:109} INFO - [2021-09-14 18:32:56,246] {dagbag.py:496} INFO - Filling up the DagBag from /home/airflow/.local/lib/python3.8/site-packages/airflow/example_dags/tutorial_etl_dag.py
[2021-09-14 18:32:56,256] {processor.py:623} INFO - DAG(s) dict_keys(['tutorial_etl_dag']) retrieved from /home/airflow/.local/lib/python3.8/site-packages/airflow/example_dags/tutorial_etl_dag.py
[2021-09-14 18:32:56,271] {logging_mixin.py:109} INFO - [2021-09-14 18:32:56,271] {dag.py:1833} INFO - Sync 1 DAGs
[2021-09-14 18:32:56,281] {logging_mixin.py:109} INFO - [2021-09-14 18:32:56,281] {dag.py:2306} INFO - Setting next_dagrun for tutorial_etl_dag to None
[2021-09-14 18:32:56,289] {processor.py:170} INFO - Processing /home/airflow/.local/lib/python3.8/site-packages/airflow/example_dags/tutorial_etl_dag.py took 0.046 seconds
[2021-09-14 18:33:26,767] {processor.py:162} INFO - Started process (PID=306) to work on /home/airflow/.local/lib/python3.8/site-packages/airflow/example_dags/tutorial_etl_dag.py
[2021-09-14 18:33:26,768] {processor.py:613} INFO - Processing file /home/airflow/.local/lib/python3.8/site-packages/airflow/example_dags/tutorial_etl_dag.py for tasks to queue
[2021-09-14 18:33:26,769] {logging_mixin.py:109} INFO - [2021-09-14 18:33:26,769] {dagbag.py:496} INFO - Filling up the DagBag from /home/airflow/.local/lib/python3.8/site-packages/airflow/example_dags/tutorial_etl_dag.py
[2021-09-14 18:33:26,782] {processor.py:623} INFO - DAG(s) dict_keys(['tutorial_etl_dag']) retrieved from /home/airflow/.local/lib/python3.8/site-packages/airflow/example_dags/tutorial_etl_dag.py
[2021-09-14 18:33:26,804] {logging_mixin.py:109} INFO - [2021-09-14 18:33:26,804] {dag.py:1833} INFO - Sync 1 DAGs
[2021-09-14 18:33:26,831] {logging_mixin.py:109} INFO - [2021-09-14 18:33:26,830] {dag.py:2306} INFO - Setting next_dagrun for tutorial_etl_dag to None
[2021-09-14 18:33:26,841] {processor.py:170} INFO - Processing /home/airflow/.local/lib/python3.8/site-packages/airflow/example_dags/tutorial_etl_dag.py took 0.077 seconds
[2021-09-14 18:33:57,061] {processor.py:162} INFO - Started process (PID=363) to work on /home/airflow/.local/lib/python3.8/site-packages/airflow/example_dags/tutorial_etl_dag.py
[2021-09-14 18:33:57,062] {processor.py:613} INFO - Processing file /home/airflow/.local/lib/python3.8/site-packages/airflow/example_dags/tutorial_etl_dag.py for tasks to queue
[2021-09-14 18:33:57,063] {logging_mixin.py:109} INFO - [2021-09-14 18:33:57,063] {dagbag.py:496} INFO - Filling up the DagBag from /home/airflow/.local/lib/python3.8/site-packages/airflow/example_dags/tutorial_etl_dag.py
[2021-09-14 18:33:57,072] {processor.py:623} INFO - DAG(s) dict_keys(['tutorial_etl_dag']) retrieved from /home/airflow/.local/lib/python3.8/site-packages/airflow/example_dags/tutorial_etl_dag.py
[2021-09-14 18:33:57,090] {logging_mixin.py:109} INFO - [2021-09-14 18:33:57,090] {dag.py:1833} INFO - Sync 1 DAGs
[2021-09-14 18:33:57,101] {logging_mixin.py:109} INFO - [2021-09-14 18:33:57,101] {dag.py:2306} INFO - Setting next_dagrun for tutorial_etl_dag to None
[2021-09-14 18:33:57,111] {processor.py:170} INFO - Processing /home/airflow/.local/lib/python3.8/site-packages/airflow/example_dags/tutorial_etl_dag.py took 0.052 seconds
[2021-09-14 18:34:27,233] {processor.py:162} INFO - Started process (PID=411) to work on /home/airflow/.local/lib/python3.8/site-packages/airflow/example_dags/tutorial_etl_dag.py
[2021-09-14 18:34:27,234] {processor.py:613} INFO - Processing file /home/airflow/.local/lib/python3.8/site-packages/airflow/example_dags/tutorial_etl_dag.py for tasks to queue
[2021-09-14 18:34:27,234] {logging_mixin.py:109} INFO - [2021-09-14 18:34:27,234] {dagbag.py:496} INFO - Filling up the DagBag from /home/airflow/.local/lib/python3.8/site-packages/airflow/example_dags/tutorial_etl_dag.py
[2021-09-14 18:34:27,243] {processor.py:623} INFO - DAG(s) dict_keys(['tutorial_etl_dag']) retrieved from /home/airflow/.local/lib/python3.8/site-packages/airflow/example_dags/tutorial_etl_dag.py
[2021-09-14 18:34:27,259] {logging_mixin.py:109} INFO - [2021-09-14 18:34:27,259] {dag.py:1833} INFO - Sync 1 DAGs
[2021-09-14 18:34:27,270] {logging_mixin.py:109} INFO - [2021-09-14 18:34:27,270] {dag.py:2306} INFO - Setting next_dagrun for tutorial_etl_dag to None
[2021-09-14 18:34:27,277] {processor.py:170} INFO - Processing /home/airflow/.local/lib/python3.8/site-packages/airflow/example_dags/tutorial_etl_dag.py took 0.047 seconds
[2021-09-14 18:34:57,800] {processor.py:162} INFO - Started process (PID=466) to work on /home/airflow/.local/lib/python3.8/site-packages/airflow/example_dags/tutorial_etl_dag.py
[2021-09-14 18:34:57,801] {processor.py:613} INFO - Processing file /home/airflow/.local/lib/python3.8/site-packages/airflow/example_dags/tutorial_etl_dag.py for tasks to queue
[2021-09-14 18:34:57,802] {logging_mixin.py:109} INFO - [2021-09-14 18:34:57,802] {dagbag.py:496} INFO - Filling up the DagBag from /home/airflow/.local/lib/python3.8/site-packages/airflow/example_dags/tutorial_etl_dag.py
[2021-09-14 18:34:57,811] {processor.py:623} INFO - DAG(s) dict_keys(['tutorial_etl_dag']) retrieved from /home/airflow/.local/lib/python3.8/site-packages/airflow/example_dags/tutorial_etl_dag.py
[2021-09-14 18:34:57,828] {logging_mixin.py:109} INFO - [2021-09-14 18:34:57,828] {dag.py:1833} INFO - Sync 1 DAGs
[2021-09-14 18:34:57,840] {logging_mixin.py:109} INFO - [2021-09-14 18:34:57,840] {dag.py:2306} INFO - Setting next_dagrun for tutorial_etl_dag to None
[2021-09-14 18:34:57,847] {processor.py:170} INFO - Processing /home/airflow/.local/lib/python3.8/site-packages/airflow/example_dags/tutorial_etl_dag.py took 0.050 seconds
[2021-09-14 18:35:28,741] {processor.py:162} INFO - Started process (PID=521) to work on /home/airflow/.local/lib/python3.8/site-packages/airflow/example_dags/tutorial_etl_dag.py
[2021-09-14 18:35:28,744] {processor.py:613} INFO - Processing file /home/airflow/.local/lib/python3.8/site-packages/airflow/example_dags/tutorial_etl_dag.py for tasks to queue
[2021-09-14 18:35:28,746] {logging_mixin.py:109} INFO - [2021-09-14 18:35:28,745] {dagbag.py:496} INFO - Filling up the DagBag from /home/airflow/.local/lib/python3.8/site-packages/airflow/example_dags/tutorial_etl_dag.py
[2021-09-14 18:35:28,758] {processor.py:623} INFO - DAG(s) dict_keys(['tutorial_etl_dag']) retrieved from /home/airflow/.local/lib/python3.8/site-packages/airflow/example_dags/tutorial_etl_dag.py
[2021-09-14 18:35:28,779] {logging_mixin.py:109} INFO - [2021-09-14 18:35:28,779] {dag.py:1833} INFO - Sync 1 DAGs
[2021-09-14 18:35:28,793] {logging_mixin.py:109} INFO - [2021-09-14 18:35:28,793] {dag.py:2306} INFO - Setting next_dagrun for tutorial_etl_dag to None
[2021-09-14 18:35:28,801] {processor.py:170} INFO - Processing /home/airflow/.local/lib/python3.8/site-packages/airflow/example_dags/tutorial_etl_dag.py took 0.063 seconds
[2021-09-14 18:35:59,167] {processor.py:162} INFO - Started process (PID=568) to work on /home/airflow/.local/lib/python3.8/site-packages/airflow/example_dags/tutorial_etl_dag.py
[2021-09-14 18:35:59,168] {processor.py:613} INFO - Processing file /home/airflow/.local/lib/python3.8/site-packages/airflow/example_dags/tutorial_etl_dag.py for tasks to queue
[2021-09-14 18:35:59,169] {logging_mixin.py:109} INFO - [2021-09-14 18:35:59,169] {dagbag.py:496} INFO - Filling up the DagBag from /home/airflow/.local/lib/python3.8/site-packages/airflow/example_dags/tutorial_etl_dag.py
[2021-09-14 18:35:59,178] {processor.py:623} INFO - DAG(s) dict_keys(['tutorial_etl_dag']) retrieved from /home/airflow/.local/lib/python3.8/site-packages/airflow/example_dags/tutorial_etl_dag.py
[2021-09-14 18:35:59,195] {logging_mixin.py:109} INFO - [2021-09-14 18:35:59,195] {dag.py:1833} INFO - Sync 1 DAGs
[2021-09-14 18:35:59,207] {logging_mixin.py:109} INFO - [2021-09-14 18:35:59,207] {dag.py:2306} INFO - Setting next_dagrun for tutorial_etl_dag to None
[2021-09-14 18:35:59,216] {processor.py:170} INFO - Processing /home/airflow/.local/lib/python3.8/site-packages/airflow/example_dags/tutorial_etl_dag.py took 0.051 seconds
[2021-09-14 18:36:30,205] {processor.py:162} INFO - Started process (PID=623) to work on /home/airflow/.local/lib/python3.8/site-packages/airflow/example_dags/tutorial_etl_dag.py
[2021-09-14 18:36:30,206] {processor.py:613} INFO - Processing file /home/airflow/.local/lib/python3.8/site-packages/airflow/example_dags/tutorial_etl_dag.py for tasks to queue
[2021-09-14 18:36:30,207] {logging_mixin.py:109} INFO - [2021-09-14 18:36:30,207] {dagbag.py:496} INFO - Filling up the DagBag from /home/airflow/.local/lib/python3.8/site-packages/airflow/example_dags/tutorial_etl_dag.py
[2021-09-14 18:36:30,215] {processor.py:623} INFO - DAG(s) dict_keys(['tutorial_etl_dag']) retrieved from /home/airflow/.local/lib/python3.8/site-packages/airflow/example_dags/tutorial_etl_dag.py
[2021-09-14 18:36:30,229] {logging_mixin.py:109} INFO - [2021-09-14 18:36:30,229] {dag.py:1833} INFO - Sync 1 DAGs
[2021-09-14 18:36:30,239] {logging_mixin.py:109} INFO - [2021-09-14 18:36:30,239] {dag.py:2306} INFO - Setting next_dagrun for tutorial_etl_dag to None
[2021-09-14 18:36:30,246] {processor.py:170} INFO - Processing /home/airflow/.local/lib/python3.8/site-packages/airflow/example_dags/tutorial_etl_dag.py took 0.044 seconds
[2021-09-14 18:37:00,939] {processor.py:162} INFO - Started process (PID=672) to work on /home/airflow/.local/lib/python3.8/site-packages/airflow/example_dags/tutorial_etl_dag.py
[2021-09-14 18:37:00,940] {processor.py:613} INFO - Processing file /home/airflow/.local/lib/python3.8/site-packages/airflow/example_dags/tutorial_etl_dag.py for tasks to queue
[2021-09-14 18:37:00,941] {logging_mixin.py:109} INFO - [2021-09-14 18:37:00,941] {dagbag.py:496} INFO - Filling up the DagBag from /home/airflow/.local/lib/python3.8/site-packages/airflow/example_dags/tutorial_etl_dag.py
[2021-09-14 18:37:00,950] {processor.py:623} INFO - DAG(s) dict_keys(['tutorial_etl_dag']) retrieved from /home/airflow/.local/lib/python3.8/site-packages/airflow/example_dags/tutorial_etl_dag.py
[2021-09-14 18:37:00,966] {logging_mixin.py:109} INFO - [2021-09-14 18:37:00,966] {dag.py:1833} INFO - Sync 1 DAGs
[2021-09-14 18:37:00,983] {logging_mixin.py:109} INFO - [2021-09-14 18:37:00,983] {dag.py:2306} INFO - Setting next_dagrun for tutorial_etl_dag to None
[2021-09-14 18:37:00,994] {processor.py:170} INFO - Processing /home/airflow/.local/lib/python3.8/site-packages/airflow/example_dags/tutorial_etl_dag.py took 0.057 seconds
[2021-09-14 18:37:31,266] {processor.py:162} INFO - Started process (PID=728) to work on /home/airflow/.local/lib/python3.8/site-packages/airflow/example_dags/tutorial_etl_dag.py
[2021-09-14 18:37:31,267] {processor.py:613} INFO - Processing file /home/airflow/.local/lib/python3.8/site-packages/airflow/example_dags/tutorial_etl_dag.py for tasks to queue
[2021-09-14 18:37:31,267] {logging_mixin.py:109} INFO - [2021-09-14 18:37:31,267] {dagbag.py:496} INFO - Filling up the DagBag from /home/airflow/.local/lib/python3.8/site-packages/airflow/example_dags/tutorial_etl_dag.py
[2021-09-14 18:37:31,277] {processor.py:623} INFO - DAG(s) dict_keys(['tutorial_etl_dag']) retrieved from /home/airflow/.local/lib/python3.8/site-packages/airflow/example_dags/tutorial_etl_dag.py
[2021-09-14 18:37:31,298] {logging_mixin.py:109} INFO - [2021-09-14 18:37:31,298] {dag.py:1833} INFO - Sync 1 DAGs
[2021-09-14 18:37:31,309] {logging_mixin.py:109} INFO - [2021-09-14 18:37:31,309] {dag.py:2306} INFO - Setting next_dagrun for tutorial_etl_dag to None
[2021-09-14 18:37:31,317] {processor.py:170} INFO - Processing /home/airflow/.local/lib/python3.8/site-packages/airflow/example_dags/tutorial_etl_dag.py took 0.054 seconds
[2021-09-14 18:38:01,798] {processor.py:162} INFO - Started process (PID=776) to work on /home/airflow/.local/lib/python3.8/site-packages/airflow/example_dags/tutorial_etl_dag.py
[2021-09-14 18:38:01,799] {processor.py:613} INFO - Processing file /home/airflow/.local/lib/python3.8/site-packages/airflow/example_dags/tutorial_etl_dag.py for tasks to queue
[2021-09-14 18:38:01,799] {logging_mixin.py:109} INFO - [2021-09-14 18:38:01,799] {dagbag.py:496} INFO - Filling up the DagBag from /home/airflow/.local/lib/python3.8/site-packages/airflow/example_dags/tutorial_etl_dag.py
[2021-09-14 18:38:01,808] {processor.py:623} INFO - DAG(s) dict_keys(['tutorial_etl_dag']) retrieved from /home/airflow/.local/lib/python3.8/site-packages/airflow/example_dags/tutorial_etl_dag.py
[2021-09-14 18:38:01,826] {logging_mixin.py:109} INFO - [2021-09-14 18:38:01,826] {dag.py:1833} INFO - Sync 1 DAGs
[2021-09-14 18:38:01,839] {logging_mixin.py:109} INFO - [2021-09-14 18:38:01,839] {dag.py:2306} INFO - Setting next_dagrun for tutorial_etl_dag to None
[2021-09-14 18:38:01,849] {processor.py:170} INFO - Processing /home/airflow/.local/lib/python3.8/site-packages/airflow/example_dags/tutorial_etl_dag.py took 0.054 seconds
[2021-09-14 18:38:32,748] {processor.py:162} INFO - Started process (PID=831) to work on /home/airflow/.local/lib/python3.8/site-packages/airflow/example_dags/tutorial_etl_dag.py
[2021-09-14 18:38:32,749] {processor.py:613} INFO - Processing file /home/airflow/.local/lib/python3.8/site-packages/airflow/example_dags/tutorial_etl_dag.py for tasks to queue
[2021-09-14 18:38:32,750] {logging_mixin.py:109} INFO - [2021-09-14 18:38:32,750] {dagbag.py:496} INFO - Filling up the DagBag from /home/airflow/.local/lib/python3.8/site-packages/airflow/example_dags/tutorial_etl_dag.py
[2021-09-14 18:38:32,758] {processor.py:623} INFO - DAG(s) dict_keys(['tutorial_etl_dag']) retrieved from /home/airflow/.local/lib/python3.8/site-packages/airflow/example_dags/tutorial_etl_dag.py
[2021-09-14 18:38:32,776] {logging_mixin.py:109} INFO - [2021-09-14 18:38:32,776] {dag.py:1833} INFO - Sync 1 DAGs
[2021-09-14 18:38:32,791] {logging_mixin.py:109} INFO - [2021-09-14 18:38:32,791] {dag.py:2306} INFO - Setting next_dagrun for tutorial_etl_dag to None
[2021-09-14 18:38:32,800] {processor.py:170} INFO - Processing /home/airflow/.local/lib/python3.8/site-packages/airflow/example_dags/tutorial_etl_dag.py took 0.055 seconds
[2021-09-14 18:39:02,972] {processor.py:162} INFO - Started process (PID=887) to work on /home/airflow/.local/lib/python3.8/site-packages/airflow/example_dags/tutorial_etl_dag.py
[2021-09-14 18:39:02,973] {processor.py:613} INFO - Processing file /home/airflow/.local/lib/python3.8/site-packages/airflow/example_dags/tutorial_etl_dag.py for tasks to queue
[2021-09-14 18:39:02,974] {logging_mixin.py:109} INFO - [2021-09-14 18:39:02,974] {dagbag.py:496} INFO - Filling up the DagBag from /home/airflow/.local/lib/python3.8/site-packages/airflow/example_dags/tutorial_etl_dag.py
[2021-09-14 18:39:02,989] {processor.py:623} INFO - DAG(s) dict_keys(['tutorial_etl_dag']) retrieved from /home/airflow/.local/lib/python3.8/site-packages/airflow/example_dags/tutorial_etl_dag.py
[2021-09-14 18:39:03,031] {logging_mixin.py:109} INFO - [2021-09-14 18:39:03,031] {dag.py:1833} INFO - Sync 1 DAGs
[2021-09-14 18:39:03,057] {logging_mixin.py:109} INFO - [2021-09-14 18:39:03,057] {dag.py:2306} INFO - Setting next_dagrun for tutorial_etl_dag to None
[2021-09-14 18:39:03,073] {processor.py:170} INFO - Processing /home/airflow/.local/lib/python3.8/site-packages/airflow/example_dags/tutorial_etl_dag.py took 0.104 seconds
[2021-09-14 18:39:33,381] {processor.py:162} INFO - Started process (PID=935) to work on /home/airflow/.local/lib/python3.8/site-packages/airflow/example_dags/tutorial_etl_dag.py
[2021-09-14 18:39:33,383] {processor.py:613} INFO - Processing file /home/airflow/.local/lib/python3.8/site-packages/airflow/example_dags/tutorial_etl_dag.py for tasks to queue
[2021-09-14 18:39:33,383] {logging_mixin.py:109} INFO - [2021-09-14 18:39:33,383] {dagbag.py:496} INFO - Filling up the DagBag from /home/airflow/.local/lib/python3.8/site-packages/airflow/example_dags/tutorial_etl_dag.py
[2021-09-14 18:39:33,399] {processor.py:623} INFO - DAG(s) dict_keys(['tutorial_etl_dag']) retrieved from /home/airflow/.local/lib/python3.8/site-packages/airflow/example_dags/tutorial_etl_dag.py
[2021-09-14 18:39:33,422] {logging_mixin.py:109} INFO - [2021-09-14 18:39:33,422] {dag.py:1833} INFO - Sync 1 DAGs
[2021-09-14 18:39:33,431] {logging_mixin.py:109} INFO - [2021-09-14 18:39:33,431] {dag.py:2306} INFO - Setting next_dagrun for tutorial_etl_dag to None
[2021-09-14 18:39:33,439] {processor.py:170} INFO - Processing /home/airflow/.local/lib/python3.8/site-packages/airflow/example_dags/tutorial_etl_dag.py took 0.061 seconds
[2021-09-14 18:40:03,706] {processor.py:162} INFO - Started process (PID=993) to work on /home/airflow/.local/lib/python3.8/site-packages/airflow/example_dags/tutorial_etl_dag.py
[2021-09-14 18:40:03,713] {processor.py:613} INFO - Processing file /home/airflow/.local/lib/python3.8/site-packages/airflow/example_dags/tutorial_etl_dag.py for tasks to queue
[2021-09-14 18:40:03,714] {logging_mixin.py:109} INFO - [2021-09-14 18:40:03,713] {dagbag.py:496} INFO - Filling up the DagBag from /home/airflow/.local/lib/python3.8/site-packages/airflow/example_dags/tutorial_etl_dag.py
[2021-09-14 18:40:03,731] {processor.py:623} INFO - DAG(s) dict_keys(['tutorial_etl_dag']) retrieved from /home/airflow/.local/lib/python3.8/site-packages/airflow/example_dags/tutorial_etl_dag.py
[2021-09-14 18:40:03,767] {logging_mixin.py:109} INFO - [2021-09-14 18:40:03,767] {dag.py:1833} INFO - Sync 1 DAGs
[2021-09-14 18:40:03,785] {logging_mixin.py:109} INFO - [2021-09-14 18:40:03,785] {dag.py:2306} INFO - Setting next_dagrun for tutorial_etl_dag to None
[2021-09-14 18:40:03,795] {processor.py:170} INFO - Processing /home/airflow/.local/lib/python3.8/site-packages/airflow/example_dags/tutorial_etl_dag.py took 0.092 seconds
[2021-09-14 18:40:34,250] {processor.py:162} INFO - Started process (PID=1042) to work on /home/airflow/.local/lib/python3.8/site-packages/airflow/example_dags/tutorial_etl_dag.py
[2021-09-14 18:40:34,251] {processor.py:613} INFO - Processing file /home/airflow/.local/lib/python3.8/site-packages/airflow/example_dags/tutorial_etl_dag.py for tasks to queue
[2021-09-14 18:40:34,252] {logging_mixin.py:109} INFO - [2021-09-14 18:40:34,252] {dagbag.py:496} INFO - Filling up the DagBag from /home/airflow/.local/lib/python3.8/site-packages/airflow/example_dags/tutorial_etl_dag.py
[2021-09-14 18:40:34,261] {processor.py:623} INFO - DAG(s) dict_keys(['tutorial_etl_dag']) retrieved from /home/airflow/.local/lib/python3.8/site-packages/airflow/example_dags/tutorial_etl_dag.py
[2021-09-14 18:40:34,277] {logging_mixin.py:109} INFO - [2021-09-14 18:40:34,276] {dag.py:1833} INFO - Sync 1 DAGs
[2021-09-14 18:40:34,286] {logging_mixin.py:109} INFO - [2021-09-14 18:40:34,286] {dag.py:2306} INFO - Setting next_dagrun for tutorial_etl_dag to None
[2021-09-14 18:40:34,294] {processor.py:170} INFO - Processing /home/airflow/.local/lib/python3.8/site-packages/airflow/example_dags/tutorial_etl_dag.py took 0.046 seconds
[2021-09-14 18:41:04,705] {processor.py:162} INFO - Started process (PID=1099) to work on /home/airflow/.local/lib/python3.8/site-packages/airflow/example_dags/tutorial_etl_dag.py
[2021-09-14 18:41:04,706] {processor.py:613} INFO - Processing file /home/airflow/.local/lib/python3.8/site-packages/airflow/example_dags/tutorial_etl_dag.py for tasks to queue
[2021-09-14 18:41:04,707] {logging_mixin.py:109} INFO - [2021-09-14 18:41:04,707] {dagbag.py:496} INFO - Filling up the DagBag from /home/airflow/.local/lib/python3.8/site-packages/airflow/example_dags/tutorial_etl_dag.py
[2021-09-14 18:41:04,716] {processor.py:623} INFO - DAG(s) dict_keys(['tutorial_etl_dag']) retrieved from /home/airflow/.local/lib/python3.8/site-packages/airflow/example_dags/tutorial_etl_dag.py
[2021-09-14 18:41:04,737] {logging_mixin.py:109} INFO - [2021-09-14 18:41:04,737] {dag.py:1833} INFO - Sync 1 DAGs
[2021-09-14 18:41:04,750] {logging_mixin.py:109} INFO - [2021-09-14 18:41:04,749] {dag.py:2306} INFO - Setting next_dagrun for tutorial_etl_dag to None
[2021-09-14 18:41:04,759] {processor.py:170} INFO - Processing /home/airflow/.local/lib/python3.8/site-packages/airflow/example_dags/tutorial_etl_dag.py took 0.056 seconds
[2021-09-14 18:41:35,191] {processor.py:162} INFO - Started process (PID=1148) to work on /home/airflow/.local/lib/python3.8/site-packages/airflow/example_dags/tutorial_etl_dag.py
[2021-09-14 18:41:35,193] {processor.py:613} INFO - Processing file /home/airflow/.local/lib/python3.8/site-packages/airflow/example_dags/tutorial_etl_dag.py for tasks to queue
[2021-09-14 18:41:35,193] {logging_mixin.py:109} INFO - [2021-09-14 18:41:35,193] {dagbag.py:496} INFO - Filling up the DagBag from /home/airflow/.local/lib/python3.8/site-packages/airflow/example_dags/tutorial_etl_dag.py
[2021-09-14 18:41:35,202] {processor.py:623} INFO - DAG(s) dict_keys(['tutorial_etl_dag']) retrieved from /home/airflow/.local/lib/python3.8/site-packages/airflow/example_dags/tutorial_etl_dag.py
[2021-09-14 18:41:35,218] {logging_mixin.py:109} INFO - [2021-09-14 18:41:35,218] {dag.py:1833} INFO - Sync 1 DAGs
[2021-09-14 18:41:35,230] {logging_mixin.py:109} INFO - [2021-09-14 18:41:35,230] {dag.py:2306} INFO - Setting next_dagrun for tutorial_etl_dag to None
[2021-09-14 18:41:35,239] {processor.py:170} INFO - Processing /home/airflow/.local/lib/python3.8/site-packages/airflow/example_dags/tutorial_etl_dag.py took 0.051 seconds
[2021-09-14 18:42:05,523] {processor.py:162} INFO - Started process (PID=1204) to work on /home/airflow/.local/lib/python3.8/site-packages/airflow/example_dags/tutorial_etl_dag.py
[2021-09-14 18:42:05,525] {processor.py:613} INFO - Processing file /home/airflow/.local/lib/python3.8/site-packages/airflow/example_dags/tutorial_etl_dag.py for tasks to queue
[2021-09-14 18:42:05,526] {logging_mixin.py:109} INFO - [2021-09-14 18:42:05,526] {dagbag.py:496} INFO - Filling up the DagBag from /home/airflow/.local/lib/python3.8/site-packages/airflow/example_dags/tutorial_etl_dag.py
[2021-09-14 18:42:05,538] {processor.py:623} INFO - DAG(s) dict_keys(['tutorial_etl_dag']) retrieved from /home/airflow/.local/lib/python3.8/site-packages/airflow/example_dags/tutorial_etl_dag.py
[2021-09-14 18:42:05,553] {logging_mixin.py:109} INFO - [2021-09-14 18:42:05,553] {dag.py:1833} INFO - Sync 1 DAGs
[2021-09-14 18:42:05,564] {logging_mixin.py:109} INFO - [2021-09-14 18:42:05,564] {dag.py:2306} INFO - Setting next_dagrun for tutorial_etl_dag to None
[2021-09-14 18:42:05,578] {processor.py:170} INFO - Processing /home/airflow/.local/lib/python3.8/site-packages/airflow/example_dags/tutorial_etl_dag.py took 0.058 seconds
[2021-09-14 18:42:36,053] {processor.py:162} INFO - Started process (PID=1254) to work on /home/airflow/.local/lib/python3.8/site-packages/airflow/example_dags/tutorial_etl_dag.py
[2021-09-14 18:42:36,098] {processor.py:613} INFO - Processing file /home/airflow/.local/lib/python3.8/site-packages/airflow/example_dags/tutorial_etl_dag.py for tasks to queue
[2021-09-14 18:42:36,100] {logging_mixin.py:109} INFO - [2021-09-14 18:42:36,100] {dagbag.py:496} INFO - Filling up the DagBag from /home/airflow/.local/lib/python3.8/site-packages/airflow/example_dags/tutorial_etl_dag.py
[2021-09-14 18:42:36,113] {processor.py:623} INFO - DAG(s) dict_keys(['tutorial_etl_dag']) retrieved from /home/airflow/.local/lib/python3.8/site-packages/airflow/example_dags/tutorial_etl_dag.py
[2021-09-14 18:42:36,135] {logging_mixin.py:109} INFO - [2021-09-14 18:42:36,135] {dag.py:1833} INFO - Sync 1 DAGs
[2021-09-14 18:42:36,166] {logging_mixin.py:109} INFO - [2021-09-14 18:42:36,166] {dag.py:2306} INFO - Setting next_dagrun for tutorial_etl_dag to None
[2021-09-14 18:42:36,196] {processor.py:170} INFO - Processing /home/airflow/.local/lib/python3.8/site-packages/airflow/example_dags/tutorial_etl_dag.py took 0.147 seconds
[2021-09-14 18:43:07,241] {processor.py:162} INFO - Started process (PID=1310) to work on /home/airflow/.local/lib/python3.8/site-packages/airflow/example_dags/tutorial_etl_dag.py
[2021-09-14 18:43:07,242] {processor.py:613} INFO - Processing file /home/airflow/.local/lib/python3.8/site-packages/airflow/example_dags/tutorial_etl_dag.py for tasks to queue
[2021-09-14 18:43:07,243] {logging_mixin.py:109} INFO - [2021-09-14 18:43:07,243] {dagbag.py:496} INFO - Filling up the DagBag from /home/airflow/.local/lib/python3.8/site-packages/airflow/example_dags/tutorial_etl_dag.py
[2021-09-14 18:43:07,252] {processor.py:623} INFO - DAG(s) dict_keys(['tutorial_etl_dag']) retrieved from /home/airflow/.local/lib/python3.8/site-packages/airflow/example_dags/tutorial_etl_dag.py
[2021-09-14 18:43:07,269] {logging_mixin.py:109} INFO - [2021-09-14 18:43:07,268] {dag.py:1833} INFO - Sync 1 DAGs
[2021-09-14 18:43:07,279] {logging_mixin.py:109} INFO - [2021-09-14 18:43:07,279] {dag.py:2306} INFO - Setting next_dagrun for tutorial_etl_dag to None
[2021-09-14 18:43:07,287] {processor.py:170} INFO - Processing /home/airflow/.local/lib/python3.8/site-packages/airflow/example_dags/tutorial_etl_dag.py took 0.049 seconds
[2021-09-14 18:43:38,648] {processor.py:162} INFO - Started process (PID=1368) to work on /home/airflow/.local/lib/python3.8/site-packages/airflow/example_dags/tutorial_etl_dag.py
[2021-09-14 18:43:38,650] {processor.py:613} INFO - Processing file /home/airflow/.local/lib/python3.8/site-packages/airflow/example_dags/tutorial_etl_dag.py for tasks to queue
[2021-09-14 18:43:38,651] {logging_mixin.py:109} INFO - [2021-09-14 18:43:38,651] {dagbag.py:496} INFO - Filling up the DagBag from /home/airflow/.local/lib/python3.8/site-packages/airflow/example_dags/tutorial_etl_dag.py
[2021-09-14 18:43:38,673] {processor.py:623} INFO - DAG(s) dict_keys(['tutorial_etl_dag']) retrieved from /home/airflow/.local/lib/python3.8/site-packages/airflow/example_dags/tutorial_etl_dag.py
[2021-09-14 18:43:38,695] {logging_mixin.py:109} INFO - [2021-09-14 18:43:38,695] {dag.py:1833} INFO - Sync 1 DAGs
[2021-09-14 18:43:38,734] {logging_mixin.py:109} INFO - [2021-09-14 18:43:38,734] {dag.py:2306} INFO - Setting next_dagrun for tutorial_etl_dag to None
[2021-09-14 18:43:38,742] {processor.py:170} INFO - Processing /home/airflow/.local/lib/python3.8/site-packages/airflow/example_dags/tutorial_etl_dag.py took 0.097 seconds
[2021-09-14 18:44:09,704] {processor.py:162} INFO - Started process (PID=1417) to work on /home/airflow/.local/lib/python3.8/site-packages/airflow/example_dags/tutorial_etl_dag.py
[2021-09-14 18:44:09,748] {processor.py:613} INFO - Processing file /home/airflow/.local/lib/python3.8/site-packages/airflow/example_dags/tutorial_etl_dag.py for tasks to queue
[2021-09-14 18:44:09,749] {logging_mixin.py:109} INFO - [2021-09-14 18:44:09,749] {dagbag.py:496} INFO - Filling up the DagBag from /home/airflow/.local/lib/python3.8/site-packages/airflow/example_dags/tutorial_etl_dag.py
[2021-09-14 18:44:09,758] {processor.py:623} INFO - DAG(s) dict_keys(['tutorial_etl_dag']) retrieved from /home/airflow/.local/lib/python3.8/site-packages/airflow/example_dags/tutorial_etl_dag.py
[2021-09-14 18:44:09,772] {logging_mixin.py:109} INFO - [2021-09-14 18:44:09,772] {dag.py:1833} INFO - Sync 1 DAGs
[2021-09-14 18:44:09,782] {logging_mixin.py:109} INFO - [2021-09-14 18:44:09,782] {dag.py:2306} INFO - Setting next_dagrun for tutorial_etl_dag to None
[2021-09-14 18:44:09,789] {processor.py:170} INFO - Processing /home/airflow/.local/lib/python3.8/site-packages/airflow/example_dags/tutorial_etl_dag.py took 0.087 seconds
[2021-09-14 18:44:40,769] {processor.py:162} INFO - Started process (PID=1472) to work on /home/airflow/.local/lib/python3.8/site-packages/airflow/example_dags/tutorial_etl_dag.py
[2021-09-14 18:44:40,770] {processor.py:613} INFO - Processing file /home/airflow/.local/lib/python3.8/site-packages/airflow/example_dags/tutorial_etl_dag.py for tasks to queue
[2021-09-14 18:44:40,772] {logging_mixin.py:109} INFO - [2021-09-14 18:44:40,771] {dagbag.py:496} INFO - Filling up the DagBag from /home/airflow/.local/lib/python3.8/site-packages/airflow/example_dags/tutorial_etl_dag.py
[2021-09-14 18:44:40,780] {processor.py:623} INFO - DAG(s) dict_keys(['tutorial_etl_dag']) retrieved from /home/airflow/.local/lib/python3.8/site-packages/airflow/example_dags/tutorial_etl_dag.py
[2021-09-14 18:44:40,802] {logging_mixin.py:109} INFO - [2021-09-14 18:44:40,802] {dag.py:1833} INFO - Sync 1 DAGs
[2021-09-14 18:44:40,821] {logging_mixin.py:109} INFO - [2021-09-14 18:44:40,820] {dag.py:2306} INFO - Setting next_dagrun for tutorial_etl_dag to None
[2021-09-14 18:44:40,829] {processor.py:170} INFO - Processing /home/airflow/.local/lib/python3.8/site-packages/airflow/example_dags/tutorial_etl_dag.py took 0.062 seconds
[2021-09-14 18:45:11,377] {processor.py:162} INFO - Started process (PID=1529) to work on /home/airflow/.local/lib/python3.8/site-packages/airflow/example_dags/tutorial_etl_dag.py
[2021-09-14 18:45:11,378] {processor.py:613} INFO - Processing file /home/airflow/.local/lib/python3.8/site-packages/airflow/example_dags/tutorial_etl_dag.py for tasks to queue
[2021-09-14 18:45:11,378] {logging_mixin.py:109} INFO - [2021-09-14 18:45:11,378] {dagbag.py:496} INFO - Filling up the DagBag from /home/airflow/.local/lib/python3.8/site-packages/airflow/example_dags/tutorial_etl_dag.py
[2021-09-14 18:45:11,390] {processor.py:623} INFO - DAG(s) dict_keys(['tutorial_etl_dag']) retrieved from /home/airflow/.local/lib/python3.8/site-packages/airflow/example_dags/tutorial_etl_dag.py
[2021-09-14 18:45:11,407] {logging_mixin.py:109} INFO - [2021-09-14 18:45:11,407] {dag.py:1833} INFO - Sync 1 DAGs
[2021-09-14 18:45:11,418] {logging_mixin.py:109} INFO - [2021-09-14 18:45:11,418] {dag.py:2306} INFO - Setting next_dagrun for tutorial_etl_dag to None
[2021-09-14 18:45:11,425] {processor.py:170} INFO - Processing /home/airflow/.local/lib/python3.8/site-packages/airflow/example_dags/tutorial_etl_dag.py took 0.052 seconds
[2021-09-14 18:45:43,043] {processor.py:162} INFO - Started process (PID=1587) to work on /home/airflow/.local/lib/python3.8/site-packages/airflow/example_dags/tutorial_etl_dag.py
[2021-09-14 18:45:43,083] {processor.py:613} INFO - Processing file /home/airflow/.local/lib/python3.8/site-packages/airflow/example_dags/tutorial_etl_dag.py for tasks to queue
[2021-09-14 18:45:43,084] {logging_mixin.py:109} INFO - [2021-09-14 18:45:43,084] {dagbag.py:496} INFO - Filling up the DagBag from /home/airflow/.local/lib/python3.8/site-packages/airflow/example_dags/tutorial_etl_dag.py
[2021-09-14 18:45:43,096] {processor.py:623} INFO - DAG(s) dict_keys(['tutorial_etl_dag']) retrieved from /home/airflow/.local/lib/python3.8/site-packages/airflow/example_dags/tutorial_etl_dag.py
[2021-09-14 18:45:43,112] {logging_mixin.py:109} INFO - [2021-09-14 18:45:43,112] {dag.py:1833} INFO - Sync 1 DAGs
[2021-09-14 18:45:43,123] {logging_mixin.py:109} INFO - [2021-09-14 18:45:43,123] {dag.py:2306} INFO - Setting next_dagrun for tutorial_etl_dag to None
[2021-09-14 18:45:43,129] {processor.py:170} INFO - Processing /home/airflow/.local/lib/python3.8/site-packages/airflow/example_dags/tutorial_etl_dag.py took 0.089 seconds
[2021-09-14 18:46:14,220] {processor.py:162} INFO - Started process (PID=1636) to work on /home/airflow/.local/lib/python3.8/site-packages/airflow/example_dags/tutorial_etl_dag.py
[2021-09-14 18:46:14,229] {processor.py:613} INFO - Processing file /home/airflow/.local/lib/python3.8/site-packages/airflow/example_dags/tutorial_etl_dag.py for tasks to queue
[2021-09-14 18:46:14,230] {logging_mixin.py:109} INFO - [2021-09-14 18:46:14,229] {dagbag.py:496} INFO - Filling up the DagBag from /home/airflow/.local/lib/python3.8/site-packages/airflow/example_dags/tutorial_etl_dag.py
[2021-09-14 18:46:14,240] {processor.py:623} INFO - DAG(s) dict_keys(['tutorial_etl_dag']) retrieved from /home/airflow/.local/lib/python3.8/site-packages/airflow/example_dags/tutorial_etl_dag.py
[2021-09-14 18:46:14,259] {logging_mixin.py:109} INFO - [2021-09-14 18:46:14,259] {dag.py:1833} INFO - Sync 1 DAGs
[2021-09-14 18:46:14,271] {logging_mixin.py:109} INFO - [2021-09-14 18:46:14,271] {dag.py:2306} INFO - Setting next_dagrun for tutorial_etl_dag to None
[2021-09-14 18:46:14,279] {processor.py:170} INFO - Processing /home/airflow/.local/lib/python3.8/site-packages/airflow/example_dags/tutorial_etl_dag.py took 0.063 seconds
[2021-09-14 18:46:45,273] {processor.py:162} INFO - Started process (PID=1691) to work on /home/airflow/.local/lib/python3.8/site-packages/airflow/example_dags/tutorial_etl_dag.py
[2021-09-14 18:46:45,293] {processor.py:613} INFO - Processing file /home/airflow/.local/lib/python3.8/site-packages/airflow/example_dags/tutorial_etl_dag.py for tasks to queue
[2021-09-14 18:46:45,294] {logging_mixin.py:109} INFO - [2021-09-14 18:46:45,293] {dagbag.py:496} INFO - Filling up the DagBag from /home/airflow/.local/lib/python3.8/site-packages/airflow/example_dags/tutorial_etl_dag.py
[2021-09-14 18:46:45,302] {processor.py:623} INFO - DAG(s) dict_keys(['tutorial_etl_dag']) retrieved from /home/airflow/.local/lib/python3.8/site-packages/airflow/example_dags/tutorial_etl_dag.py
[2021-09-14 18:46:45,316] {logging_mixin.py:109} INFO - [2021-09-14 18:46:45,316] {dag.py:1833} INFO - Sync 1 DAGs
[2021-09-14 18:46:45,325] {logging_mixin.py:109} INFO - [2021-09-14 18:46:45,325] {dag.py:2306} INFO - Setting next_dagrun for tutorial_etl_dag to None
[2021-09-14 18:46:45,331] {processor.py:170} INFO - Processing /home/airflow/.local/lib/python3.8/site-packages/airflow/example_dags/tutorial_etl_dag.py took 0.061 seconds
[2021-09-14 18:47:15,685] {processor.py:162} INFO - Started process (PID=1738) to work on /home/airflow/.local/lib/python3.8/site-packages/airflow/example_dags/tutorial_etl_dag.py
[2021-09-14 18:47:15,686] {processor.py:613} INFO - Processing file /home/airflow/.local/lib/python3.8/site-packages/airflow/example_dags/tutorial_etl_dag.py for tasks to queue
[2021-09-14 18:47:15,687] {logging_mixin.py:109} INFO - [2021-09-14 18:47:15,687] {dagbag.py:496} INFO - Filling up the DagBag from /home/airflow/.local/lib/python3.8/site-packages/airflow/example_dags/tutorial_etl_dag.py
[2021-09-14 18:47:15,699] {processor.py:623} INFO - DAG(s) dict_keys(['tutorial_etl_dag']) retrieved from /home/airflow/.local/lib/python3.8/site-packages/airflow/example_dags/tutorial_etl_dag.py
[2021-09-14 18:47:15,722] {logging_mixin.py:109} INFO - [2021-09-14 18:47:15,722] {dag.py:1833} INFO - Sync 1 DAGs
[2021-09-14 18:47:15,737] {logging_mixin.py:109} INFO - [2021-09-14 18:47:15,737] {dag.py:2306} INFO - Setting next_dagrun for tutorial_etl_dag to None
[2021-09-14 18:47:15,748] {processor.py:170} INFO - Processing /home/airflow/.local/lib/python3.8/site-packages/airflow/example_dags/tutorial_etl_dag.py took 0.067 seconds
[2021-09-14 18:47:46,285] {processor.py:162} INFO - Started process (PID=1796) to work on /home/airflow/.local/lib/python3.8/site-packages/airflow/example_dags/tutorial_etl_dag.py
[2021-09-14 18:47:46,286] {processor.py:613} INFO - Processing file /home/airflow/.local/lib/python3.8/site-packages/airflow/example_dags/tutorial_etl_dag.py for tasks to queue
[2021-09-14 18:47:46,287] {logging_mixin.py:109} INFO - [2021-09-14 18:47:46,287] {dagbag.py:496} INFO - Filling up the DagBag from /home/airflow/.local/lib/python3.8/site-packages/airflow/example_dags/tutorial_etl_dag.py
[2021-09-14 18:47:46,302] {processor.py:623} INFO - DAG(s) dict_keys(['tutorial_etl_dag']) retrieved from /home/airflow/.local/lib/python3.8/site-packages/airflow/example_dags/tutorial_etl_dag.py
[2021-09-14 18:47:46,326] {logging_mixin.py:109} INFO - [2021-09-14 18:47:46,326] {dag.py:1833} INFO - Sync 1 DAGs
[2021-09-14 18:47:46,339] {logging_mixin.py:109} INFO - [2021-09-14 18:47:46,339] {dag.py:2306} INFO - Setting next_dagrun for tutorial_etl_dag to None
[2021-09-14 18:47:46,349] {processor.py:170} INFO - Processing /home/airflow/.local/lib/python3.8/site-packages/airflow/example_dags/tutorial_etl_dag.py took 0.068 seconds
[2021-09-14 18:48:16,487] {processor.py:162} INFO - Started process (PID=1851) to work on /home/airflow/.local/lib/python3.8/site-packages/airflow/example_dags/tutorial_etl_dag.py
[2021-09-14 18:48:16,490] {processor.py:613} INFO - Processing file /home/airflow/.local/lib/python3.8/site-packages/airflow/example_dags/tutorial_etl_dag.py for tasks to queue
[2021-09-14 18:48:16,490] {logging_mixin.py:109} INFO - [2021-09-14 18:48:16,490] {dagbag.py:496} INFO - Filling up the DagBag from /home/airflow/.local/lib/python3.8/site-packages/airflow/example_dags/tutorial_etl_dag.py
[2021-09-14 18:48:16,499] {processor.py:623} INFO - DAG(s) dict_keys(['tutorial_etl_dag']) retrieved from /home/airflow/.local/lib/python3.8/site-packages/airflow/example_dags/tutorial_etl_dag.py
[2021-09-14 18:48:16,520] {logging_mixin.py:109} INFO - [2021-09-14 18:48:16,520] {dag.py:1833} INFO - Sync 1 DAGs
[2021-09-14 18:48:16,536] {logging_mixin.py:109} INFO - [2021-09-14 18:48:16,536] {dag.py:2306} INFO - Setting next_dagrun for tutorial_etl_dag to None
[2021-09-14 18:48:16,545] {processor.py:170} INFO - Processing /home/airflow/.local/lib/python3.8/site-packages/airflow/example_dags/tutorial_etl_dag.py took 0.061 seconds
[2021-09-14 18:48:46,958] {processor.py:162} INFO - Started process (PID=1898) to work on /home/airflow/.local/lib/python3.8/site-packages/airflow/example_dags/tutorial_etl_dag.py
[2021-09-14 18:48:47,027] {processor.py:613} INFO - Processing file /home/airflow/.local/lib/python3.8/site-packages/airflow/example_dags/tutorial_etl_dag.py for tasks to queue
[2021-09-14 18:48:47,028] {logging_mixin.py:109} INFO - [2021-09-14 18:48:47,028] {dagbag.py:496} INFO - Filling up the DagBag from /home/airflow/.local/lib/python3.8/site-packages/airflow/example_dags/tutorial_etl_dag.py
[2021-09-14 18:48:47,043] {processor.py:623} INFO - DAG(s) dict_keys(['tutorial_etl_dag']) retrieved from /home/airflow/.local/lib/python3.8/site-packages/airflow/example_dags/tutorial_etl_dag.py
[2021-09-14 18:48:47,071] {logging_mixin.py:109} INFO - [2021-09-14 18:48:47,071] {dag.py:1833} INFO - Sync 1 DAGs
[2021-09-14 18:48:47,092] {logging_mixin.py:109} INFO - [2021-09-14 18:48:47,092] {dag.py:2306} INFO - Setting next_dagrun for tutorial_etl_dag to None
[2021-09-14 18:48:47,120] {processor.py:170} INFO - Processing /home/airflow/.local/lib/python3.8/site-packages/airflow/example_dags/tutorial_etl_dag.py took 0.165 seconds
[2021-09-14 18:49:17,609] {processor.py:162} INFO - Started process (PID=1954) to work on /home/airflow/.local/lib/python3.8/site-packages/airflow/example_dags/tutorial_etl_dag.py
[2021-09-14 18:49:17,630] {processor.py:613} INFO - Processing file /home/airflow/.local/lib/python3.8/site-packages/airflow/example_dags/tutorial_etl_dag.py for tasks to queue
[2021-09-14 18:49:17,630] {logging_mixin.py:109} INFO - [2021-09-14 18:49:17,630] {dagbag.py:496} INFO - Filling up the DagBag from /home/airflow/.local/lib/python3.8/site-packages/airflow/example_dags/tutorial_etl_dag.py
[2021-09-14 18:49:17,640] {processor.py:623} INFO - DAG(s) dict_keys(['tutorial_etl_dag']) retrieved from /home/airflow/.local/lib/python3.8/site-packages/airflow/example_dags/tutorial_etl_dag.py
[2021-09-14 18:49:17,655] {logging_mixin.py:109} INFO - [2021-09-14 18:49:17,655] {dag.py:1833} INFO - Sync 1 DAGs
[2021-09-14 18:49:17,664] {logging_mixin.py:109} INFO - [2021-09-14 18:49:17,664] {dag.py:2306} INFO - Setting next_dagrun for tutorial_etl_dag to None
[2021-09-14 18:49:17,673] {processor.py:170} INFO - Processing /home/airflow/.local/lib/python3.8/site-packages/airflow/example_dags/tutorial_etl_dag.py took 0.067 seconds
[2021-09-14 18:49:48,149] {processor.py:162} INFO - Started process (PID=2001) to work on /home/airflow/.local/lib/python3.8/site-packages/airflow/example_dags/tutorial_etl_dag.py
[2021-09-14 18:49:48,157] {processor.py:613} INFO - Processing file /home/airflow/.local/lib/python3.8/site-packages/airflow/example_dags/tutorial_etl_dag.py for tasks to queue
[2021-09-14 18:49:48,158] {logging_mixin.py:109} INFO - [2021-09-14 18:49:48,158] {dagbag.py:496} INFO - Filling up the DagBag from /home/airflow/.local/lib/python3.8/site-packages/airflow/example_dags/tutorial_etl_dag.py
[2021-09-14 18:49:48,173] {processor.py:623} INFO - DAG(s) dict_keys(['tutorial_etl_dag']) retrieved from /home/airflow/.local/lib/python3.8/site-packages/airflow/example_dags/tutorial_etl_dag.py
[2021-09-14 18:49:48,226] {logging_mixin.py:109} INFO - [2021-09-14 18:49:48,226] {dag.py:1833} INFO - Sync 1 DAGs
[2021-09-14 18:49:48,261] {logging_mixin.py:109} INFO - [2021-09-14 18:49:48,261] {dag.py:2306} INFO - Setting next_dagrun for tutorial_etl_dag to None
[2021-09-14 18:49:48,274] {processor.py:170} INFO - Processing /home/airflow/.local/lib/python3.8/site-packages/airflow/example_dags/tutorial_etl_dag.py took 0.129 seconds
[2021-09-14 18:50:19,121] {processor.py:162} INFO - Started process (PID=2056) to work on /home/airflow/.local/lib/python3.8/site-packages/airflow/example_dags/tutorial_etl_dag.py
[2021-09-14 18:50:19,121] {processor.py:613} INFO - Processing file /home/airflow/.local/lib/python3.8/site-packages/airflow/example_dags/tutorial_etl_dag.py for tasks to queue
[2021-09-14 18:50:19,122] {logging_mixin.py:109} INFO - [2021-09-14 18:50:19,122] {dagbag.py:496} INFO - Filling up the DagBag from /home/airflow/.local/lib/python3.8/site-packages/airflow/example_dags/tutorial_etl_dag.py
[2021-09-14 18:50:19,131] {processor.py:623} INFO - DAG(s) dict_keys(['tutorial_etl_dag']) retrieved from /home/airflow/.local/lib/python3.8/site-packages/airflow/example_dags/tutorial_etl_dag.py
[2021-09-14 18:50:19,145] {logging_mixin.py:109} INFO - [2021-09-14 18:50:19,145] {dag.py:1833} INFO - Sync 1 DAGs
[2021-09-14 18:50:19,155] {logging_mixin.py:109} INFO - [2021-09-14 18:50:19,155] {dag.py:2306} INFO - Setting next_dagrun for tutorial_etl_dag to None
[2021-09-14 18:50:19,163] {processor.py:170} INFO - Processing /home/airflow/.local/lib/python3.8/site-packages/airflow/example_dags/tutorial_etl_dag.py took 0.045 seconds
[2021-09-14 18:50:49,822] {processor.py:162} INFO - Started process (PID=2114) to work on /home/airflow/.local/lib/python3.8/site-packages/airflow/example_dags/tutorial_etl_dag.py
[2021-09-14 18:50:49,830] {processor.py:613} INFO - Processing file /home/airflow/.local/lib/python3.8/site-packages/airflow/example_dags/tutorial_etl_dag.py for tasks to queue
[2021-09-14 18:50:49,831] {logging_mixin.py:109} INFO - [2021-09-14 18:50:49,831] {dagbag.py:496} INFO - Filling up the DagBag from /home/airflow/.local/lib/python3.8/site-packages/airflow/example_dags/tutorial_etl_dag.py
[2021-09-14 18:50:49,841] {processor.py:623} INFO - DAG(s) dict_keys(['tutorial_etl_dag']) retrieved from /home/airflow/.local/lib/python3.8/site-packages/airflow/example_dags/tutorial_etl_dag.py
[2021-09-14 18:50:49,855] {logging_mixin.py:109} INFO - [2021-09-14 18:50:49,855] {dag.py:1833} INFO - Sync 1 DAGs
[2021-09-14 18:50:49,865] {logging_mixin.py:109} INFO - [2021-09-14 18:50:49,865] {dag.py:2306} INFO - Setting next_dagrun for tutorial_etl_dag to None
[2021-09-14 18:50:49,872] {processor.py:170} INFO - Processing /home/airflow/.local/lib/python3.8/site-packages/airflow/example_dags/tutorial_etl_dag.py took 0.052 seconds
[2021-09-14 18:51:20,530] {processor.py:162} INFO - Started process (PID=2168) to work on /home/airflow/.local/lib/python3.8/site-packages/airflow/example_dags/tutorial_etl_dag.py
[2021-09-14 18:51:20,531] {processor.py:613} INFO - Processing file /home/airflow/.local/lib/python3.8/site-packages/airflow/example_dags/tutorial_etl_dag.py for tasks to queue
[2021-09-14 18:51:20,531] {logging_mixin.py:109} INFO - [2021-09-14 18:51:20,531] {dagbag.py:496} INFO - Filling up the DagBag from /home/airflow/.local/lib/python3.8/site-packages/airflow/example_dags/tutorial_etl_dag.py
[2021-09-14 18:51:20,540] {processor.py:623} INFO - DAG(s) dict_keys(['tutorial_etl_dag']) retrieved from /home/airflow/.local/lib/python3.8/site-packages/airflow/example_dags/tutorial_etl_dag.py
[2021-09-14 18:51:20,555] {logging_mixin.py:109} INFO - [2021-09-14 18:51:20,555] {dag.py:1833} INFO - Sync 1 DAGs
[2021-09-14 18:51:20,575] {logging_mixin.py:109} INFO - [2021-09-14 18:51:20,575] {dag.py:2306} INFO - Setting next_dagrun for tutorial_etl_dag to None
[2021-09-14 18:51:20,583] {processor.py:170} INFO - Processing /home/airflow/.local/lib/python3.8/site-packages/airflow/example_dags/tutorial_etl_dag.py took 0.056 seconds
[2021-09-14 18:51:51,293] {processor.py:162} INFO - Started process (PID=2224) to work on /home/airflow/.local/lib/python3.8/site-packages/airflow/example_dags/tutorial_etl_dag.py
[2021-09-14 18:51:51,294] {processor.py:613} INFO - Processing file /home/airflow/.local/lib/python3.8/site-packages/airflow/example_dags/tutorial_etl_dag.py for tasks to queue
[2021-09-14 18:51:51,295] {logging_mixin.py:109} INFO - [2021-09-14 18:51:51,295] {dagbag.py:496} INFO - Filling up the DagBag from /home/airflow/.local/lib/python3.8/site-packages/airflow/example_dags/tutorial_etl_dag.py
[2021-09-14 18:51:51,303] {processor.py:623} INFO - DAG(s) dict_keys(['tutorial_etl_dag']) retrieved from /home/airflow/.local/lib/python3.8/site-packages/airflow/example_dags/tutorial_etl_dag.py
[2021-09-14 18:51:51,318] {logging_mixin.py:109} INFO - [2021-09-14 18:51:51,318] {dag.py:1833} INFO - Sync 1 DAGs
[2021-09-14 18:51:51,327] {logging_mixin.py:109} INFO - [2021-09-14 18:51:51,327] {dag.py:2306} INFO - Setting next_dagrun for tutorial_etl_dag to None
[2021-09-14 18:51:51,333] {processor.py:170} INFO - Processing /home/airflow/.local/lib/python3.8/site-packages/airflow/example_dags/tutorial_etl_dag.py took 0.042 seconds
[2021-09-14 18:52:21,443] {processor.py:162} INFO - Started process (PID=2273) to work on /home/airflow/.local/lib/python3.8/site-packages/airflow/example_dags/tutorial_etl_dag.py
[2021-09-14 18:52:21,451] {processor.py:613} INFO - Processing file /home/airflow/.local/lib/python3.8/site-packages/airflow/example_dags/tutorial_etl_dag.py for tasks to queue
[2021-09-14 18:52:21,452] {logging_mixin.py:109} INFO - [2021-09-14 18:52:21,452] {dagbag.py:496} INFO - Filling up the DagBag from /home/airflow/.local/lib/python3.8/site-packages/airflow/example_dags/tutorial_etl_dag.py
[2021-09-14 18:52:21,463] {processor.py:623} INFO - DAG(s) dict_keys(['tutorial_etl_dag']) retrieved from /home/airflow/.local/lib/python3.8/site-packages/airflow/example_dags/tutorial_etl_dag.py
[2021-09-14 18:52:21,518] {logging_mixin.py:109} INFO - [2021-09-14 18:52:21,518] {dag.py:1833} INFO - Sync 1 DAGs
[2021-09-14 18:52:21,535] {logging_mixin.py:109} INFO - [2021-09-14 18:52:21,535] {dag.py:2306} INFO - Setting next_dagrun for tutorial_etl_dag to None
[2021-09-14 18:52:21,546] {processor.py:170} INFO - Processing /home/airflow/.local/lib/python3.8/site-packages/airflow/example_dags/tutorial_etl_dag.py took 0.106 seconds
[2021-09-14 18:52:51,795] {processor.py:162} INFO - Started process (PID=2330) to work on /home/airflow/.local/lib/python3.8/site-packages/airflow/example_dags/tutorial_etl_dag.py
[2021-09-14 18:52:51,796] {processor.py:613} INFO - Processing file /home/airflow/.local/lib/python3.8/site-packages/airflow/example_dags/tutorial_etl_dag.py for tasks to queue
[2021-09-14 18:52:51,797] {logging_mixin.py:109} INFO - [2021-09-14 18:52:51,797] {dagbag.py:496} INFO - Filling up the DagBag from /home/airflow/.local/lib/python3.8/site-packages/airflow/example_dags/tutorial_etl_dag.py
[2021-09-14 18:52:51,809] {processor.py:623} INFO - DAG(s) dict_keys(['tutorial_etl_dag']) retrieved from /home/airflow/.local/lib/python3.8/site-packages/airflow/example_dags/tutorial_etl_dag.py
[2021-09-14 18:52:51,858] {logging_mixin.py:109} INFO - [2021-09-14 18:52:51,858] {dag.py:1833} INFO - Sync 1 DAGs
[2021-09-14 18:52:51,900] {logging_mixin.py:109} INFO - [2021-09-14 18:52:51,900] {dag.py:2306} INFO - Setting next_dagrun for tutorial_etl_dag to None
[2021-09-14 18:52:51,910] {processor.py:170} INFO - Processing /home/airflow/.local/lib/python3.8/site-packages/airflow/example_dags/tutorial_etl_dag.py took 0.119 seconds
[2021-09-14 18:53:22,106] {processor.py:162} INFO - Started process (PID=2376) to work on /home/airflow/.local/lib/python3.8/site-packages/airflow/example_dags/tutorial_etl_dag.py
[2021-09-14 18:53:22,146] {processor.py:613} INFO - Processing file /home/airflow/.local/lib/python3.8/site-packages/airflow/example_dags/tutorial_etl_dag.py for tasks to queue
[2021-09-14 18:53:22,147] {logging_mixin.py:109} INFO - [2021-09-14 18:53:22,147] {dagbag.py:496} INFO - Filling up the DagBag from /home/airflow/.local/lib/python3.8/site-packages/airflow/example_dags/tutorial_etl_dag.py
[2021-09-14 18:53:22,155] {processor.py:623} INFO - DAG(s) dict_keys(['tutorial_etl_dag']) retrieved from /home/airflow/.local/lib/python3.8/site-packages/airflow/example_dags/tutorial_etl_dag.py
[2021-09-14 18:53:22,172] {logging_mixin.py:109} INFO - [2021-09-14 18:53:22,172] {dag.py:1833} INFO - Sync 1 DAGs
[2021-09-14 18:53:22,182] {logging_mixin.py:109} INFO - [2021-09-14 18:53:22,182] {dag.py:2306} INFO - Setting next_dagrun for tutorial_etl_dag to None
[2021-09-14 18:53:22,190] {processor.py:170} INFO - Processing /home/airflow/.local/lib/python3.8/site-packages/airflow/example_dags/tutorial_etl_dag.py took 0.087 seconds
[2021-09-14 18:53:52,556] {processor.py:162} INFO - Started process (PID=2432) to work on /home/airflow/.local/lib/python3.8/site-packages/airflow/example_dags/tutorial_etl_dag.py
[2021-09-14 18:53:52,557] {processor.py:613} INFO - Processing file /home/airflow/.local/lib/python3.8/site-packages/airflow/example_dags/tutorial_etl_dag.py for tasks to queue
[2021-09-14 18:53:52,558] {logging_mixin.py:109} INFO - [2021-09-14 18:53:52,558] {dagbag.py:496} INFO - Filling up the DagBag from /home/airflow/.local/lib/python3.8/site-packages/airflow/example_dags/tutorial_etl_dag.py
[2021-09-14 18:53:52,566] {processor.py:623} INFO - DAG(s) dict_keys(['tutorial_etl_dag']) retrieved from /home/airflow/.local/lib/python3.8/site-packages/airflow/example_dags/tutorial_etl_dag.py
[2021-09-14 18:53:52,579] {logging_mixin.py:109} INFO - [2021-09-14 18:53:52,579] {dag.py:1833} INFO - Sync 1 DAGs
[2021-09-14 18:53:52,588] {logging_mixin.py:109} INFO - [2021-09-14 18:53:52,588] {dag.py:2306} INFO - Setting next_dagrun for tutorial_etl_dag to None
[2021-09-14 18:53:52,594] {processor.py:170} INFO - Processing /home/airflow/.local/lib/python3.8/site-packages/airflow/example_dags/tutorial_etl_dag.py took 0.040 seconds
[2021-09-14 18:54:22,989] {processor.py:162} INFO - Started process (PID=2480) to work on /home/airflow/.local/lib/python3.8/site-packages/airflow/example_dags/tutorial_etl_dag.py
[2021-09-14 18:54:22,998] {processor.py:613} INFO - Processing file /home/airflow/.local/lib/python3.8/site-packages/airflow/example_dags/tutorial_etl_dag.py for tasks to queue
[2021-09-14 18:54:22,999] {logging_mixin.py:109} INFO - [2021-09-14 18:54:22,998] {dagbag.py:496} INFO - Filling up the DagBag from /home/airflow/.local/lib/python3.8/site-packages/airflow/example_dags/tutorial_etl_dag.py
[2021-09-14 18:54:23,008] {processor.py:623} INFO - DAG(s) dict_keys(['tutorial_etl_dag']) retrieved from /home/airflow/.local/lib/python3.8/site-packages/airflow/example_dags/tutorial_etl_dag.py
[2021-09-14 18:54:23,023] {logging_mixin.py:109} INFO - [2021-09-14 18:54:23,023] {dag.py:1833} INFO - Sync 1 DAGs
[2021-09-14 18:54:23,033] {logging_mixin.py:109} INFO - [2021-09-14 18:54:23,033] {dag.py:2306} INFO - Setting next_dagrun for tutorial_etl_dag to None
[2021-09-14 18:54:23,039] {processor.py:170} INFO - Processing /home/airflow/.local/lib/python3.8/site-packages/airflow/example_dags/tutorial_etl_dag.py took 0.053 seconds
[2021-09-14 18:54:53,267] {processor.py:162} INFO - Started process (PID=2535) to work on /home/airflow/.local/lib/python3.8/site-packages/airflow/example_dags/tutorial_etl_dag.py
[2021-09-14 18:54:53,272] {processor.py:613} INFO - Processing file /home/airflow/.local/lib/python3.8/site-packages/airflow/example_dags/tutorial_etl_dag.py for tasks to queue
[2021-09-14 18:54:53,272] {logging_mixin.py:109} INFO - [2021-09-14 18:54:53,272] {dagbag.py:496} INFO - Filling up the DagBag from /home/airflow/.local/lib/python3.8/site-packages/airflow/example_dags/tutorial_etl_dag.py
[2021-09-14 18:54:53,281] {processor.py:623} INFO - DAG(s) dict_keys(['tutorial_etl_dag']) retrieved from /home/airflow/.local/lib/python3.8/site-packages/airflow/example_dags/tutorial_etl_dag.py
[2021-09-14 18:54:53,299] {logging_mixin.py:109} INFO - [2021-09-14 18:54:53,299] {dag.py:1833} INFO - Sync 1 DAGs
[2021-09-14 18:54:53,311] {logging_mixin.py:109} INFO - [2021-09-14 18:54:53,311] {dag.py:2306} INFO - Setting next_dagrun for tutorial_etl_dag to None
[2021-09-14 18:54:53,320] {processor.py:170} INFO - Processing /home/airflow/.local/lib/python3.8/site-packages/airflow/example_dags/tutorial_etl_dag.py took 0.056 seconds
[2021-09-14 18:55:23,763] {processor.py:162} INFO - Started process (PID=2590) to work on /home/airflow/.local/lib/python3.8/site-packages/airflow/example_dags/tutorial_etl_dag.py
[2021-09-14 18:55:23,787] {processor.py:613} INFO - Processing file /home/airflow/.local/lib/python3.8/site-packages/airflow/example_dags/tutorial_etl_dag.py for tasks to queue
[2021-09-14 18:55:23,789] {logging_mixin.py:109} INFO - [2021-09-14 18:55:23,789] {dagbag.py:496} INFO - Filling up the DagBag from /home/airflow/.local/lib/python3.8/site-packages/airflow/example_dags/tutorial_etl_dag.py
[2021-09-14 18:55:23,800] {processor.py:623} INFO - DAG(s) dict_keys(['tutorial_etl_dag']) retrieved from /home/airflow/.local/lib/python3.8/site-packages/airflow/example_dags/tutorial_etl_dag.py
[2021-09-14 18:55:23,817] {logging_mixin.py:109} INFO - [2021-09-14 18:55:23,817] {dag.py:1833} INFO - Sync 1 DAGs
[2021-09-14 18:55:23,827] {logging_mixin.py:109} INFO - [2021-09-14 18:55:23,827] {dag.py:2306} INFO - Setting next_dagrun for tutorial_etl_dag to None
[2021-09-14 18:55:23,833] {processor.py:170} INFO - Processing /home/airflow/.local/lib/python3.8/site-packages/airflow/example_dags/tutorial_etl_dag.py took 0.074 seconds
[2021-09-14 18:55:54,761] {processor.py:162} INFO - Started process (PID=2637) to work on /home/airflow/.local/lib/python3.8/site-packages/airflow/example_dags/tutorial_etl_dag.py
[2021-09-14 18:55:54,762] {processor.py:613} INFO - Processing file /home/airflow/.local/lib/python3.8/site-packages/airflow/example_dags/tutorial_etl_dag.py for tasks to queue
[2021-09-14 18:55:54,763] {logging_mixin.py:109} INFO - [2021-09-14 18:55:54,763] {dagbag.py:496} INFO - Filling up the DagBag from /home/airflow/.local/lib/python3.8/site-packages/airflow/example_dags/tutorial_etl_dag.py
[2021-09-14 18:55:54,771] {processor.py:623} INFO - DAG(s) dict_keys(['tutorial_etl_dag']) retrieved from /home/airflow/.local/lib/python3.8/site-packages/airflow/example_dags/tutorial_etl_dag.py
[2021-09-14 18:55:54,786] {logging_mixin.py:109} INFO - [2021-09-14 18:55:54,786] {dag.py:1833} INFO - Sync 1 DAGs
[2021-09-14 18:55:54,795] {logging_mixin.py:109} INFO - [2021-09-14 18:55:54,795] {dag.py:2306} INFO - Setting next_dagrun for tutorial_etl_dag to None
[2021-09-14 18:55:54,802] {processor.py:170} INFO - Processing /home/airflow/.local/lib/python3.8/site-packages/airflow/example_dags/tutorial_etl_dag.py took 0.044 seconds
[2021-09-14 18:56:25,024] {processor.py:162} INFO - Started process (PID=2693) to work on /home/airflow/.local/lib/python3.8/site-packages/airflow/example_dags/tutorial_etl_dag.py
[2021-09-14 18:56:25,025] {processor.py:613} INFO - Processing file /home/airflow/.local/lib/python3.8/site-packages/airflow/example_dags/tutorial_etl_dag.py for tasks to queue
[2021-09-14 18:56:25,026] {logging_mixin.py:109} INFO - [2021-09-14 18:56:25,026] {dagbag.py:496} INFO - Filling up the DagBag from /home/airflow/.local/lib/python3.8/site-packages/airflow/example_dags/tutorial_etl_dag.py
[2021-09-14 18:56:25,035] {processor.py:623} INFO - DAG(s) dict_keys(['tutorial_etl_dag']) retrieved from /home/airflow/.local/lib/python3.8/site-packages/airflow/example_dags/tutorial_etl_dag.py
[2021-09-14 18:56:25,050] {logging_mixin.py:109} INFO - [2021-09-14 18:56:25,050] {dag.py:1833} INFO - Sync 1 DAGs
[2021-09-14 18:56:25,059] {logging_mixin.py:109} INFO - [2021-09-14 18:56:25,059] {dag.py:2306} INFO - Setting next_dagrun for tutorial_etl_dag to None
[2021-09-14 18:56:25,066] {processor.py:170} INFO - Processing /home/airflow/.local/lib/python3.8/site-packages/airflow/example_dags/tutorial_etl_dag.py took 0.045 seconds
[2021-09-14 18:56:55,260] {processor.py:162} INFO - Started process (PID=2742) to work on /home/airflow/.local/lib/python3.8/site-packages/airflow/example_dags/tutorial_etl_dag.py
[2021-09-14 18:56:55,261] {processor.py:613} INFO - Processing file /home/airflow/.local/lib/python3.8/site-packages/airflow/example_dags/tutorial_etl_dag.py for tasks to queue
[2021-09-14 18:56:55,263] {logging_mixin.py:109} INFO - [2021-09-14 18:56:55,263] {dagbag.py:496} INFO - Filling up the DagBag from /home/airflow/.local/lib/python3.8/site-packages/airflow/example_dags/tutorial_etl_dag.py
[2021-09-14 18:56:55,274] {processor.py:623} INFO - DAG(s) dict_keys(['tutorial_etl_dag']) retrieved from /home/airflow/.local/lib/python3.8/site-packages/airflow/example_dags/tutorial_etl_dag.py
[2021-09-14 18:56:55,291] {logging_mixin.py:109} INFO - [2021-09-14 18:56:55,290] {dag.py:1833} INFO - Sync 1 DAGs
[2021-09-14 18:56:55,304] {logging_mixin.py:109} INFO - [2021-09-14 18:56:55,304] {dag.py:2306} INFO - Setting next_dagrun for tutorial_etl_dag to None
[2021-09-14 18:56:55,320] {processor.py:170} INFO - Processing /home/airflow/.local/lib/python3.8/site-packages/airflow/example_dags/tutorial_etl_dag.py took 0.062 seconds
[2021-09-14 18:57:25,920] {processor.py:162} INFO - Started process (PID=2798) to work on /home/airflow/.local/lib/python3.8/site-packages/airflow/example_dags/tutorial_etl_dag.py
[2021-09-14 18:57:25,921] {processor.py:613} INFO - Processing file /home/airflow/.local/lib/python3.8/site-packages/airflow/example_dags/tutorial_etl_dag.py for tasks to queue
[2021-09-14 18:57:25,921] {logging_mixin.py:109} INFO - [2021-09-14 18:57:25,921] {dagbag.py:496} INFO - Filling up the DagBag from /home/airflow/.local/lib/python3.8/site-packages/airflow/example_dags/tutorial_etl_dag.py
[2021-09-14 18:57:25,932] {processor.py:623} INFO - DAG(s) dict_keys(['tutorial_etl_dag']) retrieved from /home/airflow/.local/lib/python3.8/site-packages/airflow/example_dags/tutorial_etl_dag.py
[2021-09-14 18:57:25,948] {logging_mixin.py:109} INFO - [2021-09-14 18:57:25,948] {dag.py:1833} INFO - Sync 1 DAGs
[2021-09-14 18:57:25,959] {logging_mixin.py:109} INFO - [2021-09-14 18:57:25,959] {dag.py:2306} INFO - Setting next_dagrun for tutorial_etl_dag to None
[2021-09-14 18:57:25,968] {processor.py:170} INFO - Processing /home/airflow/.local/lib/python3.8/site-packages/airflow/example_dags/tutorial_etl_dag.py took 0.051 seconds
[2021-09-14 18:57:56,848] {processor.py:162} INFO - Started process (PID=2853) to work on /home/airflow/.local/lib/python3.8/site-packages/airflow/example_dags/tutorial_etl_dag.py
[2021-09-14 18:57:56,849] {processor.py:613} INFO - Processing file /home/airflow/.local/lib/python3.8/site-packages/airflow/example_dags/tutorial_etl_dag.py for tasks to queue
[2021-09-14 18:57:56,850] {logging_mixin.py:109} INFO - [2021-09-14 18:57:56,850] {dagbag.py:496} INFO - Filling up the DagBag from /home/airflow/.local/lib/python3.8/site-packages/airflow/example_dags/tutorial_etl_dag.py
[2021-09-14 18:57:56,858] {processor.py:623} INFO - DAG(s) dict_keys(['tutorial_etl_dag']) retrieved from /home/airflow/.local/lib/python3.8/site-packages/airflow/example_dags/tutorial_etl_dag.py
[2021-09-14 18:57:56,873] {logging_mixin.py:109} INFO - [2021-09-14 18:57:56,873] {dag.py:1833} INFO - Sync 1 DAGs
[2021-09-14 18:57:56,883] {logging_mixin.py:109} INFO - [2021-09-14 18:57:56,883] {dag.py:2306} INFO - Setting next_dagrun for tutorial_etl_dag to None
[2021-09-14 18:57:56,890] {processor.py:170} INFO - Processing /home/airflow/.local/lib/python3.8/site-packages/airflow/example_dags/tutorial_etl_dag.py took 0.044 seconds
[2021-09-14 18:58:27,069] {processor.py:162} INFO - Started process (PID=2901) to work on /home/airflow/.local/lib/python3.8/site-packages/airflow/example_dags/tutorial_etl_dag.py
[2021-09-14 18:58:27,070] {processor.py:613} INFO - Processing file /home/airflow/.local/lib/python3.8/site-packages/airflow/example_dags/tutorial_etl_dag.py for tasks to queue
[2021-09-14 18:58:27,070] {logging_mixin.py:109} INFO - [2021-09-14 18:58:27,070] {dagbag.py:496} INFO - Filling up the DagBag from /home/airflow/.local/lib/python3.8/site-packages/airflow/example_dags/tutorial_etl_dag.py
[2021-09-14 18:58:27,079] {processor.py:623} INFO - DAG(s) dict_keys(['tutorial_etl_dag']) retrieved from /home/airflow/.local/lib/python3.8/site-packages/airflow/example_dags/tutorial_etl_dag.py
[2021-09-14 18:58:27,092] {logging_mixin.py:109} INFO - [2021-09-14 18:58:27,092] {dag.py:1833} INFO - Sync 1 DAGs
[2021-09-14 18:58:27,102] {logging_mixin.py:109} INFO - [2021-09-14 18:58:27,102] {dag.py:2306} INFO - Setting next_dagrun for tutorial_etl_dag to None
[2021-09-14 18:58:27,110] {processor.py:170} INFO - Processing /home/airflow/.local/lib/python3.8/site-packages/airflow/example_dags/tutorial_etl_dag.py took 0.043 seconds
[2021-09-14 18:58:57,264] {processor.py:162} INFO - Started process (PID=2958) to work on /home/airflow/.local/lib/python3.8/site-packages/airflow/example_dags/tutorial_etl_dag.py
[2021-09-14 18:58:57,273] {processor.py:613} INFO - Processing file /home/airflow/.local/lib/python3.8/site-packages/airflow/example_dags/tutorial_etl_dag.py for tasks to queue
[2021-09-14 18:58:57,273] {logging_mixin.py:109} INFO - [2021-09-14 18:58:57,273] {dagbag.py:496} INFO - Filling up the DagBag from /home/airflow/.local/lib/python3.8/site-packages/airflow/example_dags/tutorial_etl_dag.py
[2021-09-14 18:58:57,281] {processor.py:623} INFO - DAG(s) dict_keys(['tutorial_etl_dag']) retrieved from /home/airflow/.local/lib/python3.8/site-packages/airflow/example_dags/tutorial_etl_dag.py
[2021-09-14 18:58:57,295] {logging_mixin.py:109} INFO - [2021-09-14 18:58:57,295] {dag.py:1833} INFO - Sync 1 DAGs
[2021-09-14 18:58:57,304] {logging_mixin.py:109} INFO - [2021-09-14 18:58:57,304] {dag.py:2306} INFO - Setting next_dagrun for tutorial_etl_dag to None
[2021-09-14 18:58:57,311] {processor.py:170} INFO - Processing /home/airflow/.local/lib/python3.8/site-packages/airflow/example_dags/tutorial_etl_dag.py took 0.049 seconds
[2021-09-14 18:59:27,594] {processor.py:162} INFO - Started process (PID=3005) to work on /home/airflow/.local/lib/python3.8/site-packages/airflow/example_dags/tutorial_etl_dag.py
[2021-09-14 18:59:27,652] {processor.py:613} INFO - Processing file /home/airflow/.local/lib/python3.8/site-packages/airflow/example_dags/tutorial_etl_dag.py for tasks to queue
[2021-09-14 18:59:27,654] {logging_mixin.py:109} INFO - [2021-09-14 18:59:27,653] {dagbag.py:496} INFO - Filling up the DagBag from /home/airflow/.local/lib/python3.8/site-packages/airflow/example_dags/tutorial_etl_dag.py
[2021-09-14 18:59:27,665] {processor.py:623} INFO - DAG(s) dict_keys(['tutorial_etl_dag']) retrieved from /home/airflow/.local/lib/python3.8/site-packages/airflow/example_dags/tutorial_etl_dag.py
[2021-09-14 18:59:27,686] {logging_mixin.py:109} INFO - [2021-09-14 18:59:27,686] {dag.py:1833} INFO - Sync 1 DAGs
[2021-09-14 18:59:27,702] {logging_mixin.py:109} INFO - [2021-09-14 18:59:27,702] {dag.py:2306} INFO - Setting next_dagrun for tutorial_etl_dag to None
[2021-09-14 18:59:27,714] {processor.py:170} INFO - Processing /home/airflow/.local/lib/python3.8/site-packages/airflow/example_dags/tutorial_etl_dag.py took 0.123 seconds
[2021-09-14 18:59:57,874] {processor.py:162} INFO - Started process (PID=3062) to work on /home/airflow/.local/lib/python3.8/site-packages/airflow/example_dags/tutorial_etl_dag.py
[2021-09-14 18:59:57,875] {processor.py:613} INFO - Processing file /home/airflow/.local/lib/python3.8/site-packages/airflow/example_dags/tutorial_etl_dag.py for tasks to queue
[2021-09-14 18:59:57,876] {logging_mixin.py:109} INFO - [2021-09-14 18:59:57,876] {dagbag.py:496} INFO - Filling up the DagBag from /home/airflow/.local/lib/python3.8/site-packages/airflow/example_dags/tutorial_etl_dag.py
[2021-09-14 18:59:57,885] {processor.py:623} INFO - DAG(s) dict_keys(['tutorial_etl_dag']) retrieved from /home/airflow/.local/lib/python3.8/site-packages/airflow/example_dags/tutorial_etl_dag.py
[2021-09-14 18:59:57,902] {logging_mixin.py:109} INFO - [2021-09-14 18:59:57,902] {dag.py:1833} INFO - Sync 1 DAGs
[2021-09-14 18:59:57,912] {logging_mixin.py:109} INFO - [2021-09-14 18:59:57,912] {dag.py:2306} INFO - Setting next_dagrun for tutorial_etl_dag to None
[2021-09-14 18:59:57,919] {processor.py:170} INFO - Processing /home/airflow/.local/lib/python3.8/site-packages/airflow/example_dags/tutorial_etl_dag.py took 0.047 seconds
[2021-09-14 19:00:28,314] {processor.py:162} INFO - Started process (PID=3120) to work on /home/airflow/.local/lib/python3.8/site-packages/airflow/example_dags/tutorial_etl_dag.py
[2021-09-14 19:00:28,315] {processor.py:613} INFO - Processing file /home/airflow/.local/lib/python3.8/site-packages/airflow/example_dags/tutorial_etl_dag.py for tasks to queue
[2021-09-14 19:00:28,315] {logging_mixin.py:109} INFO - [2021-09-14 19:00:28,315] {dagbag.py:496} INFO - Filling up the DagBag from /home/airflow/.local/lib/python3.8/site-packages/airflow/example_dags/tutorial_etl_dag.py
[2021-09-14 19:00:28,324] {processor.py:623} INFO - DAG(s) dict_keys(['tutorial_etl_dag']) retrieved from /home/airflow/.local/lib/python3.8/site-packages/airflow/example_dags/tutorial_etl_dag.py
[2021-09-14 19:00:28,347] {logging_mixin.py:109} INFO - [2021-09-14 19:00:28,347] {dag.py:1833} INFO - Sync 1 DAGs
[2021-09-14 19:00:28,360] {logging_mixin.py:109} INFO - [2021-09-14 19:00:28,360] {dag.py:2306} INFO - Setting next_dagrun for tutorial_etl_dag to None
[2021-09-14 19:00:28,369] {processor.py:170} INFO - Processing /home/airflow/.local/lib/python3.8/site-packages/airflow/example_dags/tutorial_etl_dag.py took 0.058 seconds
[2021-09-14 19:00:59,177] {processor.py:162} INFO - Started process (PID=3168) to work on /home/airflow/.local/lib/python3.8/site-packages/airflow/example_dags/tutorial_etl_dag.py
[2021-09-14 19:00:59,179] {processor.py:613} INFO - Processing file /home/airflow/.local/lib/python3.8/site-packages/airflow/example_dags/tutorial_etl_dag.py for tasks to queue
[2021-09-14 19:00:59,179] {logging_mixin.py:109} INFO - [2021-09-14 19:00:59,179] {dagbag.py:496} INFO - Filling up the DagBag from /home/airflow/.local/lib/python3.8/site-packages/airflow/example_dags/tutorial_etl_dag.py
[2021-09-14 19:00:59,188] {processor.py:623} INFO - DAG(s) dict_keys(['tutorial_etl_dag']) retrieved from /home/airflow/.local/lib/python3.8/site-packages/airflow/example_dags/tutorial_etl_dag.py
[2021-09-14 19:00:59,202] {logging_mixin.py:109} INFO - [2021-09-14 19:00:59,202] {dag.py:1833} INFO - Sync 1 DAGs
[2021-09-14 19:00:59,214] {logging_mixin.py:109} INFO - [2021-09-14 19:00:59,213] {dag.py:2306} INFO - Setting next_dagrun for tutorial_etl_dag to None
[2021-09-14 19:00:59,221] {processor.py:170} INFO - Processing /home/airflow/.local/lib/python3.8/site-packages/airflow/example_dags/tutorial_etl_dag.py took 0.048 seconds
[2021-09-14 19:01:29,682] {processor.py:162} INFO - Started process (PID=3224) to work on /home/airflow/.local/lib/python3.8/site-packages/airflow/example_dags/tutorial_etl_dag.py
[2021-09-14 19:01:29,683] {processor.py:613} INFO - Processing file /home/airflow/.local/lib/python3.8/site-packages/airflow/example_dags/tutorial_etl_dag.py for tasks to queue
[2021-09-14 19:01:29,685] {logging_mixin.py:109} INFO - [2021-09-14 19:01:29,684] {dagbag.py:496} INFO - Filling up the DagBag from /home/airflow/.local/lib/python3.8/site-packages/airflow/example_dags/tutorial_etl_dag.py
[2021-09-14 19:01:29,696] {processor.py:623} INFO - DAG(s) dict_keys(['tutorial_etl_dag']) retrieved from /home/airflow/.local/lib/python3.8/site-packages/airflow/example_dags/tutorial_etl_dag.py
[2021-09-14 19:01:29,716] {logging_mixin.py:109} INFO - [2021-09-14 19:01:29,716] {dag.py:1833} INFO - Sync 1 DAGs
[2021-09-14 19:01:29,731] {logging_mixin.py:109} INFO - [2021-09-14 19:01:29,731] {dag.py:2306} INFO - Setting next_dagrun for tutorial_etl_dag to None
[2021-09-14 19:01:29,740] {processor.py:170} INFO - Processing /home/airflow/.local/lib/python3.8/site-packages/airflow/example_dags/tutorial_etl_dag.py took 0.061 seconds
[2021-09-14 19:02:00,518] {processor.py:162} INFO - Started process (PID=3273) to work on /home/airflow/.local/lib/python3.8/site-packages/airflow/example_dags/tutorial_etl_dag.py
[2021-09-14 19:02:00,519] {processor.py:613} INFO - Processing file /home/airflow/.local/lib/python3.8/site-packages/airflow/example_dags/tutorial_etl_dag.py for tasks to queue
[2021-09-14 19:02:00,520] {logging_mixin.py:109} INFO - [2021-09-14 19:02:00,520] {dagbag.py:496} INFO - Filling up the DagBag from /home/airflow/.local/lib/python3.8/site-packages/airflow/example_dags/tutorial_etl_dag.py
[2021-09-14 19:02:00,532] {processor.py:623} INFO - DAG(s) dict_keys(['tutorial_etl_dag']) retrieved from /home/airflow/.local/lib/python3.8/site-packages/airflow/example_dags/tutorial_etl_dag.py
[2021-09-14 19:02:00,550] {logging_mixin.py:109} INFO - [2021-09-14 19:02:00,550] {dag.py:1833} INFO - Sync 1 DAGs
[2021-09-14 19:02:00,619] {logging_mixin.py:109} INFO - [2021-09-14 19:02:00,619] {dag.py:2306} INFO - Setting next_dagrun for tutorial_etl_dag to None
[2021-09-14 19:02:00,626] {processor.py:170} INFO - Processing /home/airflow/.local/lib/python3.8/site-packages/airflow/example_dags/tutorial_etl_dag.py took 0.112 seconds
[2021-09-14 19:02:31,280] {processor.py:162} INFO - Started process (PID=3330) to work on /home/airflow/.local/lib/python3.8/site-packages/airflow/example_dags/tutorial_etl_dag.py
[2021-09-14 19:02:31,310] {processor.py:613} INFO - Processing file /home/airflow/.local/lib/python3.8/site-packages/airflow/example_dags/tutorial_etl_dag.py for tasks to queue
[2021-09-14 19:02:31,311] {logging_mixin.py:109} INFO - [2021-09-14 19:02:31,311] {dagbag.py:496} INFO - Filling up the DagBag from /home/airflow/.local/lib/python3.8/site-packages/airflow/example_dags/tutorial_etl_dag.py
[2021-09-14 19:02:31,323] {processor.py:623} INFO - DAG(s) dict_keys(['tutorial_etl_dag']) retrieved from /home/airflow/.local/lib/python3.8/site-packages/airflow/example_dags/tutorial_etl_dag.py
[2021-09-14 19:02:31,362] {logging_mixin.py:109} INFO - [2021-09-14 19:02:31,362] {dag.py:1833} INFO - Sync 1 DAGs
[2021-09-14 19:02:31,377] {logging_mixin.py:109} INFO - [2021-09-14 19:02:31,377] {dag.py:2306} INFO - Setting next_dagrun for tutorial_etl_dag to None
[2021-09-14 19:02:31,386] {processor.py:170} INFO - Processing /home/airflow/.local/lib/python3.8/site-packages/airflow/example_dags/tutorial_etl_dag.py took 0.110 seconds
[2021-09-14 19:03:01,602] {processor.py:162} INFO - Started process (PID=3386) to work on /home/airflow/.local/lib/python3.8/site-packages/airflow/example_dags/tutorial_etl_dag.py
[2021-09-14 19:03:01,604] {processor.py:613} INFO - Processing file /home/airflow/.local/lib/python3.8/site-packages/airflow/example_dags/tutorial_etl_dag.py for tasks to queue
[2021-09-14 19:03:01,605] {logging_mixin.py:109} INFO - [2021-09-14 19:03:01,605] {dagbag.py:496} INFO - Filling up the DagBag from /home/airflow/.local/lib/python3.8/site-packages/airflow/example_dags/tutorial_etl_dag.py
[2021-09-14 19:03:01,618] {processor.py:623} INFO - DAG(s) dict_keys(['tutorial_etl_dag']) retrieved from /home/airflow/.local/lib/python3.8/site-packages/airflow/example_dags/tutorial_etl_dag.py
[2021-09-14 19:03:01,652] {logging_mixin.py:109} INFO - [2021-09-14 19:03:01,652] {dag.py:1833} INFO - Sync 1 DAGs
[2021-09-14 19:03:01,661] {logging_mixin.py:109} INFO - [2021-09-14 19:03:01,661] {dag.py:2306} INFO - Setting next_dagrun for tutorial_etl_dag to None
[2021-09-14 19:03:01,669] {processor.py:170} INFO - Processing /home/airflow/.local/lib/python3.8/site-packages/airflow/example_dags/tutorial_etl_dag.py took 0.070 seconds
[2021-09-14 19:03:32,971] {processor.py:162} INFO - Started process (PID=3434) to work on /home/airflow/.local/lib/python3.8/site-packages/airflow/example_dags/tutorial_etl_dag.py
[2021-09-14 19:03:32,973] {processor.py:613} INFO - Processing file /home/airflow/.local/lib/python3.8/site-packages/airflow/example_dags/tutorial_etl_dag.py for tasks to queue
[2021-09-14 19:03:32,974] {logging_mixin.py:109} INFO - [2021-09-14 19:03:32,974] {dagbag.py:496} INFO - Filling up the DagBag from /home/airflow/.local/lib/python3.8/site-packages/airflow/example_dags/tutorial_etl_dag.py
[2021-09-14 19:03:32,992] {processor.py:623} INFO - DAG(s) dict_keys(['tutorial_etl_dag']) retrieved from /home/airflow/.local/lib/python3.8/site-packages/airflow/example_dags/tutorial_etl_dag.py
[2021-09-14 19:03:33,034] {logging_mixin.py:109} INFO - [2021-09-14 19:03:33,033] {dag.py:1833} INFO - Sync 1 DAGs
[2021-09-14 19:03:33,048] {logging_mixin.py:109} INFO - [2021-09-14 19:03:33,048] {dag.py:2306} INFO - Setting next_dagrun for tutorial_etl_dag to None
[2021-09-14 19:03:33,063] {processor.py:170} INFO - Processing /home/airflow/.local/lib/python3.8/site-packages/airflow/example_dags/tutorial_etl_dag.py took 0.096 seconds
