[2021-09-14 18:32:24,913] {processor.py:162} INFO - Started process (PID=196) to work on /home/airflow/.local/lib/python3.8/site-packages/airflow/example_dags/tutorial_taskflow_api_etl.py
[2021-09-14 18:32:24,915] {processor.py:613} INFO - Processing file /home/airflow/.local/lib/python3.8/site-packages/airflow/example_dags/tutorial_taskflow_api_etl.py for tasks to queue
[2021-09-14 18:32:24,916] {logging_mixin.py:109} INFO - [2021-09-14 18:32:24,916] {dagbag.py:496} INFO - Filling up the DagBag from /home/airflow/.local/lib/python3.8/site-packages/airflow/example_dags/tutorial_taskflow_api_etl.py
[2021-09-14 18:32:24,934] {processor.py:623} INFO - DAG(s) dict_keys(['tutorial_taskflow_api_etl']) retrieved from /home/airflow/.local/lib/python3.8/site-packages/airflow/example_dags/tutorial_taskflow_api_etl.py
[2021-09-14 18:32:27,397] {logging_mixin.py:109} INFO - [2021-09-14 18:32:27,397] {dag.py:1833} INFO - Sync 1 DAGs
[2021-09-14 18:32:27,408] {logging_mixin.py:109} INFO - [2021-09-14 18:32:27,407] {dag.py:1852} INFO - Creating ORM DAG for tutorial_taskflow_api_etl
[2021-09-14 18:32:27,416] {logging_mixin.py:109} INFO - [2021-09-14 18:32:27,416] {dag.py:2306} INFO - Setting next_dagrun for tutorial_taskflow_api_etl to None
[2021-09-14 18:32:27,430] {processor.py:170} INFO - Processing /home/airflow/.local/lib/python3.8/site-packages/airflow/example_dags/tutorial_taskflow_api_etl.py took 2.520 seconds
[2021-09-14 18:32:58,259] {processor.py:162} INFO - Started process (PID=261) to work on /home/airflow/.local/lib/python3.8/site-packages/airflow/example_dags/tutorial_taskflow_api_etl.py
[2021-09-14 18:32:58,260] {processor.py:613} INFO - Processing file /home/airflow/.local/lib/python3.8/site-packages/airflow/example_dags/tutorial_taskflow_api_etl.py for tasks to queue
[2021-09-14 18:32:58,261] {logging_mixin.py:109} INFO - [2021-09-14 18:32:58,261] {dagbag.py:496} INFO - Filling up the DagBag from /home/airflow/.local/lib/python3.8/site-packages/airflow/example_dags/tutorial_taskflow_api_etl.py
[2021-09-14 18:32:58,274] {processor.py:623} INFO - DAG(s) dict_keys(['tutorial_taskflow_api_etl']) retrieved from /home/airflow/.local/lib/python3.8/site-packages/airflow/example_dags/tutorial_taskflow_api_etl.py
[2021-09-14 18:32:58,540] {logging_mixin.py:109} INFO - [2021-09-14 18:32:58,540] {dag.py:1833} INFO - Sync 1 DAGs
[2021-09-14 18:32:58,548] {logging_mixin.py:109} INFO - [2021-09-14 18:32:58,548] {dag.py:2306} INFO - Setting next_dagrun for tutorial_taskflow_api_etl to None
[2021-09-14 18:32:58,556] {processor.py:170} INFO - Processing /home/airflow/.local/lib/python3.8/site-packages/airflow/example_dags/tutorial_taskflow_api_etl.py took 0.300 seconds
[2021-09-14 18:33:28,887] {processor.py:162} INFO - Started process (PID=316) to work on /home/airflow/.local/lib/python3.8/site-packages/airflow/example_dags/tutorial_taskflow_api_etl.py
[2021-09-14 18:33:28,890] {processor.py:613} INFO - Processing file /home/airflow/.local/lib/python3.8/site-packages/airflow/example_dags/tutorial_taskflow_api_etl.py for tasks to queue
[2021-09-14 18:33:28,891] {logging_mixin.py:109} INFO - [2021-09-14 18:33:28,891] {dagbag.py:496} INFO - Filling up the DagBag from /home/airflow/.local/lib/python3.8/site-packages/airflow/example_dags/tutorial_taskflow_api_etl.py
[2021-09-14 18:33:28,907] {processor.py:623} INFO - DAG(s) dict_keys(['tutorial_taskflow_api_etl']) retrieved from /home/airflow/.local/lib/python3.8/site-packages/airflow/example_dags/tutorial_taskflow_api_etl.py
[2021-09-14 18:33:29,202] {logging_mixin.py:109} INFO - [2021-09-14 18:33:29,202] {dag.py:1833} INFO - Sync 1 DAGs
[2021-09-14 18:33:29,212] {logging_mixin.py:109} INFO - [2021-09-14 18:33:29,212] {dag.py:2306} INFO - Setting next_dagrun for tutorial_taskflow_api_etl to None
[2021-09-14 18:33:29,221] {processor.py:170} INFO - Processing /home/airflow/.local/lib/python3.8/site-packages/airflow/example_dags/tutorial_taskflow_api_etl.py took 0.337 seconds
[2021-09-14 18:33:59,324] {processor.py:162} INFO - Started process (PID=365) to work on /home/airflow/.local/lib/python3.8/site-packages/airflow/example_dags/tutorial_taskflow_api_etl.py
[2021-09-14 18:33:59,325] {processor.py:613} INFO - Processing file /home/airflow/.local/lib/python3.8/site-packages/airflow/example_dags/tutorial_taskflow_api_etl.py for tasks to queue
[2021-09-14 18:33:59,326] {logging_mixin.py:109} INFO - [2021-09-14 18:33:59,326] {dagbag.py:496} INFO - Filling up the DagBag from /home/airflow/.local/lib/python3.8/site-packages/airflow/example_dags/tutorial_taskflow_api_etl.py
[2021-09-14 18:33:59,337] {processor.py:623} INFO - DAG(s) dict_keys(['tutorial_taskflow_api_etl']) retrieved from /home/airflow/.local/lib/python3.8/site-packages/airflow/example_dags/tutorial_taskflow_api_etl.py
[2021-09-14 18:33:59,612] {logging_mixin.py:109} INFO - [2021-09-14 18:33:59,612] {dag.py:1833} INFO - Sync 1 DAGs
[2021-09-14 18:33:59,620] {logging_mixin.py:109} INFO - [2021-09-14 18:33:59,620] {dag.py:2306} INFO - Setting next_dagrun for tutorial_taskflow_api_etl to None
[2021-09-14 18:33:59,627] {processor.py:170} INFO - Processing /home/airflow/.local/lib/python3.8/site-packages/airflow/example_dags/tutorial_taskflow_api_etl.py took 0.305 seconds
[2021-09-14 18:34:30,677] {processor.py:162} INFO - Started process (PID=425) to work on /home/airflow/.local/lib/python3.8/site-packages/airflow/example_dags/tutorial_taskflow_api_etl.py
[2021-09-14 18:34:30,679] {processor.py:613} INFO - Processing file /home/airflow/.local/lib/python3.8/site-packages/airflow/example_dags/tutorial_taskflow_api_etl.py for tasks to queue
[2021-09-14 18:34:30,680] {logging_mixin.py:109} INFO - [2021-09-14 18:34:30,680] {dagbag.py:496} INFO - Filling up the DagBag from /home/airflow/.local/lib/python3.8/site-packages/airflow/example_dags/tutorial_taskflow_api_etl.py
[2021-09-14 18:34:30,698] {processor.py:623} INFO - DAG(s) dict_keys(['tutorial_taskflow_api_etl']) retrieved from /home/airflow/.local/lib/python3.8/site-packages/airflow/example_dags/tutorial_taskflow_api_etl.py
[2021-09-14 18:34:31,128] {logging_mixin.py:109} INFO - [2021-09-14 18:34:31,128] {dag.py:1833} INFO - Sync 1 DAGs
[2021-09-14 18:34:31,139] {logging_mixin.py:109} INFO - [2021-09-14 18:34:31,139] {dag.py:2306} INFO - Setting next_dagrun for tutorial_taskflow_api_etl to None
[2021-09-14 18:34:31,150] {processor.py:170} INFO - Processing /home/airflow/.local/lib/python3.8/site-packages/airflow/example_dags/tutorial_taskflow_api_etl.py took 0.477 seconds
[2021-09-14 18:35:01,345] {processor.py:162} INFO - Started process (PID=472) to work on /home/airflow/.local/lib/python3.8/site-packages/airflow/example_dags/tutorial_taskflow_api_etl.py
[2021-09-14 18:35:01,347] {processor.py:613} INFO - Processing file /home/airflow/.local/lib/python3.8/site-packages/airflow/example_dags/tutorial_taskflow_api_etl.py for tasks to queue
[2021-09-14 18:35:01,348] {logging_mixin.py:109} INFO - [2021-09-14 18:35:01,348] {dagbag.py:496} INFO - Filling up the DagBag from /home/airflow/.local/lib/python3.8/site-packages/airflow/example_dags/tutorial_taskflow_api_etl.py
[2021-09-14 18:35:01,365] {processor.py:623} INFO - DAG(s) dict_keys(['tutorial_taskflow_api_etl']) retrieved from /home/airflow/.local/lib/python3.8/site-packages/airflow/example_dags/tutorial_taskflow_api_etl.py
[2021-09-14 18:35:01,629] {logging_mixin.py:109} INFO - [2021-09-14 18:35:01,629] {dag.py:1833} INFO - Sync 1 DAGs
[2021-09-14 18:35:01,638] {logging_mixin.py:109} INFO - [2021-09-14 18:35:01,638] {dag.py:2306} INFO - Setting next_dagrun for tutorial_taskflow_api_etl to None
[2021-09-14 18:35:01,645] {processor.py:170} INFO - Processing /home/airflow/.local/lib/python3.8/site-packages/airflow/example_dags/tutorial_taskflow_api_etl.py took 0.304 seconds
[2021-09-14 18:35:32,270] {processor.py:162} INFO - Started process (PID=528) to work on /home/airflow/.local/lib/python3.8/site-packages/airflow/example_dags/tutorial_taskflow_api_etl.py
[2021-09-14 18:35:32,271] {processor.py:613} INFO - Processing file /home/airflow/.local/lib/python3.8/site-packages/airflow/example_dags/tutorial_taskflow_api_etl.py for tasks to queue
[2021-09-14 18:35:32,272] {logging_mixin.py:109} INFO - [2021-09-14 18:35:32,272] {dagbag.py:496} INFO - Filling up the DagBag from /home/airflow/.local/lib/python3.8/site-packages/airflow/example_dags/tutorial_taskflow_api_etl.py
[2021-09-14 18:35:32,284] {processor.py:623} INFO - DAG(s) dict_keys(['tutorial_taskflow_api_etl']) retrieved from /home/airflow/.local/lib/python3.8/site-packages/airflow/example_dags/tutorial_taskflow_api_etl.py
[2021-09-14 18:35:32,592] {logging_mixin.py:109} INFO - [2021-09-14 18:35:32,592] {dag.py:1833} INFO - Sync 1 DAGs
[2021-09-14 18:35:32,609] {logging_mixin.py:109} INFO - [2021-09-14 18:35:32,609] {dag.py:2306} INFO - Setting next_dagrun for tutorial_taskflow_api_etl to None
[2021-09-14 18:35:32,625] {processor.py:170} INFO - Processing /home/airflow/.local/lib/python3.8/site-packages/airflow/example_dags/tutorial_taskflow_api_etl.py took 0.357 seconds
[2021-09-14 18:36:03,137] {processor.py:162} INFO - Started process (PID=582) to work on /home/airflow/.local/lib/python3.8/site-packages/airflow/example_dags/tutorial_taskflow_api_etl.py
[2021-09-14 18:36:03,155] {processor.py:613} INFO - Processing file /home/airflow/.local/lib/python3.8/site-packages/airflow/example_dags/tutorial_taskflow_api_etl.py for tasks to queue
[2021-09-14 18:36:03,158] {logging_mixin.py:109} INFO - [2021-09-14 18:36:03,158] {dagbag.py:496} INFO - Filling up the DagBag from /home/airflow/.local/lib/python3.8/site-packages/airflow/example_dags/tutorial_taskflow_api_etl.py
[2021-09-14 18:36:03,197] {processor.py:623} INFO - DAG(s) dict_keys(['tutorial_taskflow_api_etl']) retrieved from /home/airflow/.local/lib/python3.8/site-packages/airflow/example_dags/tutorial_taskflow_api_etl.py
[2021-09-14 18:36:03,910] {logging_mixin.py:109} INFO - [2021-09-14 18:36:03,910] {dag.py:1833} INFO - Sync 1 DAGs
[2021-09-14 18:36:03,970] {logging_mixin.py:109} INFO - [2021-09-14 18:36:03,970] {dag.py:2306} INFO - Setting next_dagrun for tutorial_taskflow_api_etl to None
[2021-09-14 18:36:04,050] {processor.py:170} INFO - Processing /home/airflow/.local/lib/python3.8/site-packages/airflow/example_dags/tutorial_taskflow_api_etl.py took 0.922 seconds
[2021-09-14 18:36:34,713] {processor.py:162} INFO - Started process (PID=631) to work on /home/airflow/.local/lib/python3.8/site-packages/airflow/example_dags/tutorial_taskflow_api_etl.py
[2021-09-14 18:36:34,715] {processor.py:613} INFO - Processing file /home/airflow/.local/lib/python3.8/site-packages/airflow/example_dags/tutorial_taskflow_api_etl.py for tasks to queue
[2021-09-14 18:36:34,716] {logging_mixin.py:109} INFO - [2021-09-14 18:36:34,716] {dagbag.py:496} INFO - Filling up the DagBag from /home/airflow/.local/lib/python3.8/site-packages/airflow/example_dags/tutorial_taskflow_api_etl.py
[2021-09-14 18:36:34,734] {processor.py:623} INFO - DAG(s) dict_keys(['tutorial_taskflow_api_etl']) retrieved from /home/airflow/.local/lib/python3.8/site-packages/airflow/example_dags/tutorial_taskflow_api_etl.py
[2021-09-14 18:36:35,009] {logging_mixin.py:109} INFO - [2021-09-14 18:36:35,009] {dag.py:1833} INFO - Sync 1 DAGs
[2021-09-14 18:36:35,018] {logging_mixin.py:109} INFO - [2021-09-14 18:36:35,018] {dag.py:2306} INFO - Setting next_dagrun for tutorial_taskflow_api_etl to None
[2021-09-14 18:36:35,026] {processor.py:170} INFO - Processing /home/airflow/.local/lib/python3.8/site-packages/airflow/example_dags/tutorial_taskflow_api_etl.py took 0.317 seconds
[2021-09-14 18:37:05,369] {processor.py:162} INFO - Started process (PID=689) to work on /home/airflow/.local/lib/python3.8/site-packages/airflow/example_dags/tutorial_taskflow_api_etl.py
[2021-09-14 18:37:05,370] {processor.py:613} INFO - Processing file /home/airflow/.local/lib/python3.8/site-packages/airflow/example_dags/tutorial_taskflow_api_etl.py for tasks to queue
[2021-09-14 18:37:05,370] {logging_mixin.py:109} INFO - [2021-09-14 18:37:05,370] {dagbag.py:496} INFO - Filling up the DagBag from /home/airflow/.local/lib/python3.8/site-packages/airflow/example_dags/tutorial_taskflow_api_etl.py
[2021-09-14 18:37:05,381] {processor.py:623} INFO - DAG(s) dict_keys(['tutorial_taskflow_api_etl']) retrieved from /home/airflow/.local/lib/python3.8/site-packages/airflow/example_dags/tutorial_taskflow_api_etl.py
[2021-09-14 18:37:05,705] {logging_mixin.py:109} INFO - [2021-09-14 18:37:05,705] {dag.py:1833} INFO - Sync 1 DAGs
[2021-09-14 18:37:05,719] {logging_mixin.py:109} INFO - [2021-09-14 18:37:05,719] {dag.py:2306} INFO - Setting next_dagrun for tutorial_taskflow_api_etl to None
[2021-09-14 18:37:05,741] {processor.py:170} INFO - Processing /home/airflow/.local/lib/python3.8/site-packages/airflow/example_dags/tutorial_taskflow_api_etl.py took 0.376 seconds
[2021-09-14 18:37:35,839] {processor.py:162} INFO - Started process (PID=736) to work on /home/airflow/.local/lib/python3.8/site-packages/airflow/example_dags/tutorial_taskflow_api_etl.py
[2021-09-14 18:37:35,840] {processor.py:613} INFO - Processing file /home/airflow/.local/lib/python3.8/site-packages/airflow/example_dags/tutorial_taskflow_api_etl.py for tasks to queue
[2021-09-14 18:37:35,841] {logging_mixin.py:109} INFO - [2021-09-14 18:37:35,841] {dagbag.py:496} INFO - Filling up the DagBag from /home/airflow/.local/lib/python3.8/site-packages/airflow/example_dags/tutorial_taskflow_api_etl.py
[2021-09-14 18:37:35,857] {processor.py:623} INFO - DAG(s) dict_keys(['tutorial_taskflow_api_etl']) retrieved from /home/airflow/.local/lib/python3.8/site-packages/airflow/example_dags/tutorial_taskflow_api_etl.py
[2021-09-14 18:37:36,095] {logging_mixin.py:109} INFO - [2021-09-14 18:37:36,094] {dag.py:1833} INFO - Sync 1 DAGs
[2021-09-14 18:37:36,103] {logging_mixin.py:109} INFO - [2021-09-14 18:37:36,103] {dag.py:2306} INFO - Setting next_dagrun for tutorial_taskflow_api_etl to None
[2021-09-14 18:37:36,112] {processor.py:170} INFO - Processing /home/airflow/.local/lib/python3.8/site-packages/airflow/example_dags/tutorial_taskflow_api_etl.py took 0.276 seconds
[2021-09-14 18:38:06,426] {processor.py:162} INFO - Started process (PID=792) to work on /home/airflow/.local/lib/python3.8/site-packages/airflow/example_dags/tutorial_taskflow_api_etl.py
[2021-09-14 18:38:06,427] {processor.py:613} INFO - Processing file /home/airflow/.local/lib/python3.8/site-packages/airflow/example_dags/tutorial_taskflow_api_etl.py for tasks to queue
[2021-09-14 18:38:06,428] {logging_mixin.py:109} INFO - [2021-09-14 18:38:06,428] {dagbag.py:496} INFO - Filling up the DagBag from /home/airflow/.local/lib/python3.8/site-packages/airflow/example_dags/tutorial_taskflow_api_etl.py
[2021-09-14 18:38:06,440] {processor.py:623} INFO - DAG(s) dict_keys(['tutorial_taskflow_api_etl']) retrieved from /home/airflow/.local/lib/python3.8/site-packages/airflow/example_dags/tutorial_taskflow_api_etl.py
[2021-09-14 18:38:06,696] {logging_mixin.py:109} INFO - [2021-09-14 18:38:06,696] {dag.py:1833} INFO - Sync 1 DAGs
[2021-09-14 18:38:06,706] {logging_mixin.py:109} INFO - [2021-09-14 18:38:06,706] {dag.py:2306} INFO - Setting next_dagrun for tutorial_taskflow_api_etl to None
[2021-09-14 18:38:06,716] {processor.py:170} INFO - Processing /home/airflow/.local/lib/python3.8/site-packages/airflow/example_dags/tutorial_taskflow_api_etl.py took 0.293 seconds
[2021-09-14 18:38:37,208] {processor.py:162} INFO - Started process (PID=839) to work on /home/airflow/.local/lib/python3.8/site-packages/airflow/example_dags/tutorial_taskflow_api_etl.py
[2021-09-14 18:38:37,210] {processor.py:613} INFO - Processing file /home/airflow/.local/lib/python3.8/site-packages/airflow/example_dags/tutorial_taskflow_api_etl.py for tasks to queue
[2021-09-14 18:38:37,211] {logging_mixin.py:109} INFO - [2021-09-14 18:38:37,211] {dagbag.py:496} INFO - Filling up the DagBag from /home/airflow/.local/lib/python3.8/site-packages/airflow/example_dags/tutorial_taskflow_api_etl.py
[2021-09-14 18:38:37,232] {processor.py:623} INFO - DAG(s) dict_keys(['tutorial_taskflow_api_etl']) retrieved from /home/airflow/.local/lib/python3.8/site-packages/airflow/example_dags/tutorial_taskflow_api_etl.py
[2021-09-14 18:38:37,563] {logging_mixin.py:109} INFO - [2021-09-14 18:38:37,562] {dag.py:1833} INFO - Sync 1 DAGs
[2021-09-14 18:38:37,577] {logging_mixin.py:109} INFO - [2021-09-14 18:38:37,577] {dag.py:2306} INFO - Setting next_dagrun for tutorial_taskflow_api_etl to None
[2021-09-14 18:38:37,599] {processor.py:170} INFO - Processing /home/airflow/.local/lib/python3.8/site-packages/airflow/example_dags/tutorial_taskflow_api_etl.py took 0.396 seconds
[2021-09-14 18:39:07,775] {processor.py:162} INFO - Started process (PID=897) to work on /home/airflow/.local/lib/python3.8/site-packages/airflow/example_dags/tutorial_taskflow_api_etl.py
[2021-09-14 18:39:07,777] {processor.py:613} INFO - Processing file /home/airflow/.local/lib/python3.8/site-packages/airflow/example_dags/tutorial_taskflow_api_etl.py for tasks to queue
[2021-09-14 18:39:07,778] {logging_mixin.py:109} INFO - [2021-09-14 18:39:07,778] {dagbag.py:496} INFO - Filling up the DagBag from /home/airflow/.local/lib/python3.8/site-packages/airflow/example_dags/tutorial_taskflow_api_etl.py
[2021-09-14 18:39:07,793] {processor.py:623} INFO - DAG(s) dict_keys(['tutorial_taskflow_api_etl']) retrieved from /home/airflow/.local/lib/python3.8/site-packages/airflow/example_dags/tutorial_taskflow_api_etl.py
[2021-09-14 18:39:08,074] {logging_mixin.py:109} INFO - [2021-09-14 18:39:08,074] {dag.py:1833} INFO - Sync 1 DAGs
[2021-09-14 18:39:08,083] {logging_mixin.py:109} INFO - [2021-09-14 18:39:08,083] {dag.py:2306} INFO - Setting next_dagrun for tutorial_taskflow_api_etl to None
[2021-09-14 18:39:08,091] {processor.py:170} INFO - Processing /home/airflow/.local/lib/python3.8/site-packages/airflow/example_dags/tutorial_taskflow_api_etl.py took 0.318 seconds
[2021-09-14 18:39:39,022] {processor.py:162} INFO - Started process (PID=943) to work on /home/airflow/.local/lib/python3.8/site-packages/airflow/example_dags/tutorial_taskflow_api_etl.py
[2021-09-14 18:39:39,023] {processor.py:613} INFO - Processing file /home/airflow/.local/lib/python3.8/site-packages/airflow/example_dags/tutorial_taskflow_api_etl.py for tasks to queue
[2021-09-14 18:39:39,024] {logging_mixin.py:109} INFO - [2021-09-14 18:39:39,024] {dagbag.py:496} INFO - Filling up the DagBag from /home/airflow/.local/lib/python3.8/site-packages/airflow/example_dags/tutorial_taskflow_api_etl.py
[2021-09-14 18:39:39,039] {processor.py:623} INFO - DAG(s) dict_keys(['tutorial_taskflow_api_etl']) retrieved from /home/airflow/.local/lib/python3.8/site-packages/airflow/example_dags/tutorial_taskflow_api_etl.py
[2021-09-14 18:39:39,390] {logging_mixin.py:109} INFO - [2021-09-14 18:39:39,390] {dag.py:1833} INFO - Sync 1 DAGs
[2021-09-14 18:39:39,403] {logging_mixin.py:109} INFO - [2021-09-14 18:39:39,402] {dag.py:2306} INFO - Setting next_dagrun for tutorial_taskflow_api_etl to None
[2021-09-14 18:39:39,415] {processor.py:170} INFO - Processing /home/airflow/.local/lib/python3.8/site-packages/airflow/example_dags/tutorial_taskflow_api_etl.py took 0.396 seconds
[2021-09-14 18:40:10,343] {processor.py:162} INFO - Started process (PID=1001) to work on /home/airflow/.local/lib/python3.8/site-packages/airflow/example_dags/tutorial_taskflow_api_etl.py
[2021-09-14 18:40:10,344] {processor.py:613} INFO - Processing file /home/airflow/.local/lib/python3.8/site-packages/airflow/example_dags/tutorial_taskflow_api_etl.py for tasks to queue
[2021-09-14 18:40:10,345] {logging_mixin.py:109} INFO - [2021-09-14 18:40:10,345] {dagbag.py:496} INFO - Filling up the DagBag from /home/airflow/.local/lib/python3.8/site-packages/airflow/example_dags/tutorial_taskflow_api_etl.py
[2021-09-14 18:40:10,363] {processor.py:623} INFO - DAG(s) dict_keys(['tutorial_taskflow_api_etl']) retrieved from /home/airflow/.local/lib/python3.8/site-packages/airflow/example_dags/tutorial_taskflow_api_etl.py
[2021-09-14 18:40:10,629] {logging_mixin.py:109} INFO - [2021-09-14 18:40:10,629] {dag.py:1833} INFO - Sync 1 DAGs
[2021-09-14 18:40:10,638] {logging_mixin.py:109} INFO - [2021-09-14 18:40:10,638] {dag.py:2306} INFO - Setting next_dagrun for tutorial_taskflow_api_etl to None
[2021-09-14 18:40:10,646] {processor.py:170} INFO - Processing /home/airflow/.local/lib/python3.8/site-packages/airflow/example_dags/tutorial_taskflow_api_etl.py took 0.307 seconds
[2021-09-14 18:40:40,858] {processor.py:162} INFO - Started process (PID=1059) to work on /home/airflow/.local/lib/python3.8/site-packages/airflow/example_dags/tutorial_taskflow_api_etl.py
[2021-09-14 18:40:40,860] {processor.py:613} INFO - Processing file /home/airflow/.local/lib/python3.8/site-packages/airflow/example_dags/tutorial_taskflow_api_etl.py for tasks to queue
[2021-09-14 18:40:40,861] {logging_mixin.py:109} INFO - [2021-09-14 18:40:40,861] {dagbag.py:496} INFO - Filling up the DagBag from /home/airflow/.local/lib/python3.8/site-packages/airflow/example_dags/tutorial_taskflow_api_etl.py
[2021-09-14 18:40:40,875] {processor.py:623} INFO - DAG(s) dict_keys(['tutorial_taskflow_api_etl']) retrieved from /home/airflow/.local/lib/python3.8/site-packages/airflow/example_dags/tutorial_taskflow_api_etl.py
[2021-09-14 18:40:41,254] {logging_mixin.py:109} INFO - [2021-09-14 18:40:41,254] {dag.py:1833} INFO - Sync 1 DAGs
[2021-09-14 18:40:41,266] {logging_mixin.py:109} INFO - [2021-09-14 18:40:41,266] {dag.py:2306} INFO - Setting next_dagrun for tutorial_taskflow_api_etl to None
[2021-09-14 18:40:41,332] {processor.py:170} INFO - Processing /home/airflow/.local/lib/python3.8/site-packages/airflow/example_dags/tutorial_taskflow_api_etl.py took 0.477 seconds
[2021-09-14 18:41:11,451] {processor.py:162} INFO - Started process (PID=1107) to work on /home/airflow/.local/lib/python3.8/site-packages/airflow/example_dags/tutorial_taskflow_api_etl.py
[2021-09-14 18:41:11,452] {processor.py:613} INFO - Processing file /home/airflow/.local/lib/python3.8/site-packages/airflow/example_dags/tutorial_taskflow_api_etl.py for tasks to queue
[2021-09-14 18:41:11,452] {logging_mixin.py:109} INFO - [2021-09-14 18:41:11,452] {dagbag.py:496} INFO - Filling up the DagBag from /home/airflow/.local/lib/python3.8/site-packages/airflow/example_dags/tutorial_taskflow_api_etl.py
[2021-09-14 18:41:11,463] {processor.py:623} INFO - DAG(s) dict_keys(['tutorial_taskflow_api_etl']) retrieved from /home/airflow/.local/lib/python3.8/site-packages/airflow/example_dags/tutorial_taskflow_api_etl.py
[2021-09-14 18:41:11,689] {logging_mixin.py:109} INFO - [2021-09-14 18:41:11,688] {dag.py:1833} INFO - Sync 1 DAGs
[2021-09-14 18:41:11,697] {logging_mixin.py:109} INFO - [2021-09-14 18:41:11,697] {dag.py:2306} INFO - Setting next_dagrun for tutorial_taskflow_api_etl to None
[2021-09-14 18:41:11,707] {processor.py:170} INFO - Processing /home/airflow/.local/lib/python3.8/site-packages/airflow/example_dags/tutorial_taskflow_api_etl.py took 0.259 seconds
[2021-09-14 18:41:41,986] {processor.py:162} INFO - Started process (PID=1165) to work on /home/airflow/.local/lib/python3.8/site-packages/airflow/example_dags/tutorial_taskflow_api_etl.py
[2021-09-14 18:41:41,987] {processor.py:613} INFO - Processing file /home/airflow/.local/lib/python3.8/site-packages/airflow/example_dags/tutorial_taskflow_api_etl.py for tasks to queue
[2021-09-14 18:41:41,987] {logging_mixin.py:109} INFO - [2021-09-14 18:41:41,987] {dagbag.py:496} INFO - Filling up the DagBag from /home/airflow/.local/lib/python3.8/site-packages/airflow/example_dags/tutorial_taskflow_api_etl.py
[2021-09-14 18:41:41,998] {processor.py:623} INFO - DAG(s) dict_keys(['tutorial_taskflow_api_etl']) retrieved from /home/airflow/.local/lib/python3.8/site-packages/airflow/example_dags/tutorial_taskflow_api_etl.py
[2021-09-14 18:41:42,270] {logging_mixin.py:109} INFO - [2021-09-14 18:41:42,270] {dag.py:1833} INFO - Sync 1 DAGs
[2021-09-14 18:41:42,283] {logging_mixin.py:109} INFO - [2021-09-14 18:41:42,283] {dag.py:2306} INFO - Setting next_dagrun for tutorial_taskflow_api_etl to None
[2021-09-14 18:41:42,297] {processor.py:170} INFO - Processing /home/airflow/.local/lib/python3.8/site-packages/airflow/example_dags/tutorial_taskflow_api_etl.py took 0.314 seconds
[2021-09-14 18:42:13,193] {processor.py:162} INFO - Started process (PID=1214) to work on /home/airflow/.local/lib/python3.8/site-packages/airflow/example_dags/tutorial_taskflow_api_etl.py
[2021-09-14 18:42:13,195] {processor.py:613} INFO - Processing file /home/airflow/.local/lib/python3.8/site-packages/airflow/example_dags/tutorial_taskflow_api_etl.py for tasks to queue
[2021-09-14 18:42:13,195] {logging_mixin.py:109} INFO - [2021-09-14 18:42:13,195] {dagbag.py:496} INFO - Filling up the DagBag from /home/airflow/.local/lib/python3.8/site-packages/airflow/example_dags/tutorial_taskflow_api_etl.py
[2021-09-14 18:42:13,213] {processor.py:623} INFO - DAG(s) dict_keys(['tutorial_taskflow_api_etl']) retrieved from /home/airflow/.local/lib/python3.8/site-packages/airflow/example_dags/tutorial_taskflow_api_etl.py
[2021-09-14 18:42:13,445] {logging_mixin.py:109} INFO - [2021-09-14 18:42:13,444] {dag.py:1833} INFO - Sync 1 DAGs
[2021-09-14 18:42:13,454] {logging_mixin.py:109} INFO - [2021-09-14 18:42:13,453] {dag.py:2306} INFO - Setting next_dagrun for tutorial_taskflow_api_etl to None
[2021-09-14 18:42:13,461] {processor.py:170} INFO - Processing /home/airflow/.local/lib/python3.8/site-packages/airflow/example_dags/tutorial_taskflow_api_etl.py took 0.271 seconds
[2021-09-14 18:42:43,703] {processor.py:162} INFO - Started process (PID=1272) to work on /home/airflow/.local/lib/python3.8/site-packages/airflow/example_dags/tutorial_taskflow_api_etl.py
[2021-09-14 18:42:43,704] {processor.py:613} INFO - Processing file /home/airflow/.local/lib/python3.8/site-packages/airflow/example_dags/tutorial_taskflow_api_etl.py for tasks to queue
[2021-09-14 18:42:43,705] {logging_mixin.py:109} INFO - [2021-09-14 18:42:43,705] {dagbag.py:496} INFO - Filling up the DagBag from /home/airflow/.local/lib/python3.8/site-packages/airflow/example_dags/tutorial_taskflow_api_etl.py
[2021-09-14 18:42:43,717] {processor.py:623} INFO - DAG(s) dict_keys(['tutorial_taskflow_api_etl']) retrieved from /home/airflow/.local/lib/python3.8/site-packages/airflow/example_dags/tutorial_taskflow_api_etl.py
[2021-09-14 18:42:43,965] {logging_mixin.py:109} INFO - [2021-09-14 18:42:43,965] {dag.py:1833} INFO - Sync 1 DAGs
[2021-09-14 18:42:43,976] {logging_mixin.py:109} INFO - [2021-09-14 18:42:43,975] {dag.py:2306} INFO - Setting next_dagrun for tutorial_taskflow_api_etl to None
[2021-09-14 18:42:43,984] {processor.py:170} INFO - Processing /home/airflow/.local/lib/python3.8/site-packages/airflow/example_dags/tutorial_taskflow_api_etl.py took 0.283 seconds
[2021-09-14 18:43:14,984] {processor.py:162} INFO - Started process (PID=1329) to work on /home/airflow/.local/lib/python3.8/site-packages/airflow/example_dags/tutorial_taskflow_api_etl.py
[2021-09-14 18:43:14,986] {processor.py:613} INFO - Processing file /home/airflow/.local/lib/python3.8/site-packages/airflow/example_dags/tutorial_taskflow_api_etl.py for tasks to queue
[2021-09-14 18:43:14,987] {logging_mixin.py:109} INFO - [2021-09-14 18:43:14,987] {dagbag.py:496} INFO - Filling up the DagBag from /home/airflow/.local/lib/python3.8/site-packages/airflow/example_dags/tutorial_taskflow_api_etl.py
[2021-09-14 18:43:15,003] {processor.py:623} INFO - DAG(s) dict_keys(['tutorial_taskflow_api_etl']) retrieved from /home/airflow/.local/lib/python3.8/site-packages/airflow/example_dags/tutorial_taskflow_api_etl.py
[2021-09-14 18:43:15,349] {logging_mixin.py:109} INFO - [2021-09-14 18:43:15,349] {dag.py:1833} INFO - Sync 1 DAGs
[2021-09-14 18:43:15,363] {logging_mixin.py:109} INFO - [2021-09-14 18:43:15,363] {dag.py:2306} INFO - Setting next_dagrun for tutorial_taskflow_api_etl to None
[2021-09-14 18:43:15,389] {processor.py:170} INFO - Processing /home/airflow/.local/lib/python3.8/site-packages/airflow/example_dags/tutorial_taskflow_api_etl.py took 0.408 seconds
[2021-09-14 18:43:45,497] {processor.py:162} INFO - Started process (PID=1378) to work on /home/airflow/.local/lib/python3.8/site-packages/airflow/example_dags/tutorial_taskflow_api_etl.py
[2021-09-14 18:43:45,499] {processor.py:613} INFO - Processing file /home/airflow/.local/lib/python3.8/site-packages/airflow/example_dags/tutorial_taskflow_api_etl.py for tasks to queue
[2021-09-14 18:43:45,500] {logging_mixin.py:109} INFO - [2021-09-14 18:43:45,500] {dagbag.py:496} INFO - Filling up the DagBag from /home/airflow/.local/lib/python3.8/site-packages/airflow/example_dags/tutorial_taskflow_api_etl.py
[2021-09-14 18:43:45,515] {processor.py:623} INFO - DAG(s) dict_keys(['tutorial_taskflow_api_etl']) retrieved from /home/airflow/.local/lib/python3.8/site-packages/airflow/example_dags/tutorial_taskflow_api_etl.py
[2021-09-14 18:43:45,736] {logging_mixin.py:109} INFO - [2021-09-14 18:43:45,736] {dag.py:1833} INFO - Sync 1 DAGs
[2021-09-14 18:43:45,746] {logging_mixin.py:109} INFO - [2021-09-14 18:43:45,746] {dag.py:2306} INFO - Setting next_dagrun for tutorial_taskflow_api_etl to None
[2021-09-14 18:43:45,754] {processor.py:170} INFO - Processing /home/airflow/.local/lib/python3.8/site-packages/airflow/example_dags/tutorial_taskflow_api_etl.py took 0.260 seconds
[2021-09-14 18:44:16,301] {processor.py:162} INFO - Started process (PID=1434) to work on /home/airflow/.local/lib/python3.8/site-packages/airflow/example_dags/tutorial_taskflow_api_etl.py
[2021-09-14 18:44:16,302] {processor.py:613} INFO - Processing file /home/airflow/.local/lib/python3.8/site-packages/airflow/example_dags/tutorial_taskflow_api_etl.py for tasks to queue
[2021-09-14 18:44:16,303] {logging_mixin.py:109} INFO - [2021-09-14 18:44:16,303] {dagbag.py:496} INFO - Filling up the DagBag from /home/airflow/.local/lib/python3.8/site-packages/airflow/example_dags/tutorial_taskflow_api_etl.py
[2021-09-14 18:44:16,319] {processor.py:623} INFO - DAG(s) dict_keys(['tutorial_taskflow_api_etl']) retrieved from /home/airflow/.local/lib/python3.8/site-packages/airflow/example_dags/tutorial_taskflow_api_etl.py
[2021-09-14 18:44:16,558] {logging_mixin.py:109} INFO - [2021-09-14 18:44:16,558] {dag.py:1833} INFO - Sync 1 DAGs
[2021-09-14 18:44:16,569] {logging_mixin.py:109} INFO - [2021-09-14 18:44:16,569] {dag.py:2306} INFO - Setting next_dagrun for tutorial_taskflow_api_etl to None
[2021-09-14 18:44:16,582] {processor.py:170} INFO - Processing /home/airflow/.local/lib/python3.8/site-packages/airflow/example_dags/tutorial_taskflow_api_etl.py took 0.284 seconds
[2021-09-14 18:44:46,792] {processor.py:162} INFO - Started process (PID=1489) to work on /home/airflow/.local/lib/python3.8/site-packages/airflow/example_dags/tutorial_taskflow_api_etl.py
[2021-09-14 18:44:46,793] {processor.py:613} INFO - Processing file /home/airflow/.local/lib/python3.8/site-packages/airflow/example_dags/tutorial_taskflow_api_etl.py for tasks to queue
[2021-09-14 18:44:46,794] {logging_mixin.py:109} INFO - [2021-09-14 18:44:46,794] {dagbag.py:496} INFO - Filling up the DagBag from /home/airflow/.local/lib/python3.8/site-packages/airflow/example_dags/tutorial_taskflow_api_etl.py
[2021-09-14 18:44:46,806] {processor.py:623} INFO - DAG(s) dict_keys(['tutorial_taskflow_api_etl']) retrieved from /home/airflow/.local/lib/python3.8/site-packages/airflow/example_dags/tutorial_taskflow_api_etl.py
[2021-09-14 18:44:47,111] {logging_mixin.py:109} INFO - [2021-09-14 18:44:47,111] {dag.py:1833} INFO - Sync 1 DAGs
[2021-09-14 18:44:47,124] {logging_mixin.py:109} INFO - [2021-09-14 18:44:47,124] {dag.py:2306} INFO - Setting next_dagrun for tutorial_taskflow_api_etl to None
[2021-09-14 18:44:47,132] {processor.py:170} INFO - Processing /home/airflow/.local/lib/python3.8/site-packages/airflow/example_dags/tutorial_taskflow_api_etl.py took 0.343 seconds
[2021-09-14 18:45:18,009] {processor.py:162} INFO - Started process (PID=1537) to work on /home/airflow/.local/lib/python3.8/site-packages/airflow/example_dags/tutorial_taskflow_api_etl.py
[2021-09-14 18:45:18,011] {processor.py:613} INFO - Processing file /home/airflow/.local/lib/python3.8/site-packages/airflow/example_dags/tutorial_taskflow_api_etl.py for tasks to queue
[2021-09-14 18:45:18,012] {logging_mixin.py:109} INFO - [2021-09-14 18:45:18,012] {dagbag.py:496} INFO - Filling up the DagBag from /home/airflow/.local/lib/python3.8/site-packages/airflow/example_dags/tutorial_taskflow_api_etl.py
[2021-09-14 18:45:18,024] {processor.py:623} INFO - DAG(s) dict_keys(['tutorial_taskflow_api_etl']) retrieved from /home/airflow/.local/lib/python3.8/site-packages/airflow/example_dags/tutorial_taskflow_api_etl.py
[2021-09-14 18:45:18,330] {logging_mixin.py:109} INFO - [2021-09-14 18:45:18,330] {dag.py:1833} INFO - Sync 1 DAGs
[2021-09-14 18:45:18,339] {logging_mixin.py:109} INFO - [2021-09-14 18:45:18,339] {dag.py:2306} INFO - Setting next_dagrun for tutorial_taskflow_api_etl to None
[2021-09-14 18:45:18,347] {processor.py:170} INFO - Processing /home/airflow/.local/lib/python3.8/site-packages/airflow/example_dags/tutorial_taskflow_api_etl.py took 0.341 seconds
[2021-09-14 18:45:49,858] {processor.py:162} INFO - Started process (PID=1595) to work on /home/airflow/.local/lib/python3.8/site-packages/airflow/example_dags/tutorial_taskflow_api_etl.py
[2021-09-14 18:45:49,859] {processor.py:613} INFO - Processing file /home/airflow/.local/lib/python3.8/site-packages/airflow/example_dags/tutorial_taskflow_api_etl.py for tasks to queue
[2021-09-14 18:45:49,860] {logging_mixin.py:109} INFO - [2021-09-14 18:45:49,860] {dagbag.py:496} INFO - Filling up the DagBag from /home/airflow/.local/lib/python3.8/site-packages/airflow/example_dags/tutorial_taskflow_api_etl.py
[2021-09-14 18:45:49,871] {processor.py:623} INFO - DAG(s) dict_keys(['tutorial_taskflow_api_etl']) retrieved from /home/airflow/.local/lib/python3.8/site-packages/airflow/example_dags/tutorial_taskflow_api_etl.py
[2021-09-14 18:45:50,099] {logging_mixin.py:109} INFO - [2021-09-14 18:45:50,099] {dag.py:1833} INFO - Sync 1 DAGs
[2021-09-14 18:45:50,107] {logging_mixin.py:109} INFO - [2021-09-14 18:45:50,106] {dag.py:2306} INFO - Setting next_dagrun for tutorial_taskflow_api_etl to None
[2021-09-14 18:45:50,114] {processor.py:170} INFO - Processing /home/airflow/.local/lib/python3.8/site-packages/airflow/example_dags/tutorial_taskflow_api_etl.py took 0.258 seconds
[2021-09-14 18:46:20,867] {processor.py:162} INFO - Started process (PID=1650) to work on /home/airflow/.local/lib/python3.8/site-packages/airflow/example_dags/tutorial_taskflow_api_etl.py
[2021-09-14 18:46:20,868] {processor.py:613} INFO - Processing file /home/airflow/.local/lib/python3.8/site-packages/airflow/example_dags/tutorial_taskflow_api_etl.py for tasks to queue
[2021-09-14 18:46:20,869] {logging_mixin.py:109} INFO - [2021-09-14 18:46:20,869] {dagbag.py:496} INFO - Filling up the DagBag from /home/airflow/.local/lib/python3.8/site-packages/airflow/example_dags/tutorial_taskflow_api_etl.py
[2021-09-14 18:46:20,880] {processor.py:623} INFO - DAG(s) dict_keys(['tutorial_taskflow_api_etl']) retrieved from /home/airflow/.local/lib/python3.8/site-packages/airflow/example_dags/tutorial_taskflow_api_etl.py
[2021-09-14 18:46:21,111] {logging_mixin.py:109} INFO - [2021-09-14 18:46:21,111] {dag.py:1833} INFO - Sync 1 DAGs
[2021-09-14 18:46:21,119] {logging_mixin.py:109} INFO - [2021-09-14 18:46:21,119] {dag.py:2306} INFO - Setting next_dagrun for tutorial_taskflow_api_etl to None
[2021-09-14 18:46:21,128] {processor.py:170} INFO - Processing /home/airflow/.local/lib/python3.8/site-packages/airflow/example_dags/tutorial_taskflow_api_etl.py took 0.265 seconds
[2021-09-14 18:46:52,105] {processor.py:162} INFO - Started process (PID=1697) to work on /home/airflow/.local/lib/python3.8/site-packages/airflow/example_dags/tutorial_taskflow_api_etl.py
[2021-09-14 18:46:52,106] {processor.py:613} INFO - Processing file /home/airflow/.local/lib/python3.8/site-packages/airflow/example_dags/tutorial_taskflow_api_etl.py for tasks to queue
[2021-09-14 18:46:52,107] {logging_mixin.py:109} INFO - [2021-09-14 18:46:52,107] {dagbag.py:496} INFO - Filling up the DagBag from /home/airflow/.local/lib/python3.8/site-packages/airflow/example_dags/tutorial_taskflow_api_etl.py
[2021-09-14 18:46:52,120] {processor.py:623} INFO - DAG(s) dict_keys(['tutorial_taskflow_api_etl']) retrieved from /home/airflow/.local/lib/python3.8/site-packages/airflow/example_dags/tutorial_taskflow_api_etl.py
[2021-09-14 18:46:52,376] {logging_mixin.py:109} INFO - [2021-09-14 18:46:52,376] {dag.py:1833} INFO - Sync 1 DAGs
[2021-09-14 18:46:52,385] {logging_mixin.py:109} INFO - [2021-09-14 18:46:52,385] {dag.py:2306} INFO - Setting next_dagrun for tutorial_taskflow_api_etl to None
[2021-09-14 18:46:52,393] {processor.py:170} INFO - Processing /home/airflow/.local/lib/python3.8/site-packages/airflow/example_dags/tutorial_taskflow_api_etl.py took 0.291 seconds
[2021-09-14 18:47:22,576] {processor.py:162} INFO - Started process (PID=1752) to work on /home/airflow/.local/lib/python3.8/site-packages/airflow/example_dags/tutorial_taskflow_api_etl.py
[2021-09-14 18:47:22,577] {processor.py:613} INFO - Processing file /home/airflow/.local/lib/python3.8/site-packages/airflow/example_dags/tutorial_taskflow_api_etl.py for tasks to queue
[2021-09-14 18:47:22,578] {logging_mixin.py:109} INFO - [2021-09-14 18:47:22,578] {dagbag.py:496} INFO - Filling up the DagBag from /home/airflow/.local/lib/python3.8/site-packages/airflow/example_dags/tutorial_taskflow_api_etl.py
[2021-09-14 18:47:22,589] {processor.py:623} INFO - DAG(s) dict_keys(['tutorial_taskflow_api_etl']) retrieved from /home/airflow/.local/lib/python3.8/site-packages/airflow/example_dags/tutorial_taskflow_api_etl.py
[2021-09-14 18:47:22,807] {logging_mixin.py:109} INFO - [2021-09-14 18:47:22,807] {dag.py:1833} INFO - Sync 1 DAGs
[2021-09-14 18:47:22,815] {logging_mixin.py:109} INFO - [2021-09-14 18:47:22,815] {dag.py:2306} INFO - Setting next_dagrun for tutorial_taskflow_api_etl to None
[2021-09-14 18:47:22,823] {processor.py:170} INFO - Processing /home/airflow/.local/lib/python3.8/site-packages/airflow/example_dags/tutorial_taskflow_api_etl.py took 0.250 seconds
[2021-09-14 18:47:52,950] {processor.py:162} INFO - Started process (PID=1809) to work on /home/airflow/.local/lib/python3.8/site-packages/airflow/example_dags/tutorial_taskflow_api_etl.py
[2021-09-14 18:47:52,961] {processor.py:613} INFO - Processing file /home/airflow/.local/lib/python3.8/site-packages/airflow/example_dags/tutorial_taskflow_api_etl.py for tasks to queue
[2021-09-14 18:47:52,962] {logging_mixin.py:109} INFO - [2021-09-14 18:47:52,962] {dagbag.py:496} INFO - Filling up the DagBag from /home/airflow/.local/lib/python3.8/site-packages/airflow/example_dags/tutorial_taskflow_api_etl.py
[2021-09-14 18:47:52,978] {processor.py:623} INFO - DAG(s) dict_keys(['tutorial_taskflow_api_etl']) retrieved from /home/airflow/.local/lib/python3.8/site-packages/airflow/example_dags/tutorial_taskflow_api_etl.py
[2021-09-14 18:47:53,298] {logging_mixin.py:109} INFO - [2021-09-14 18:47:53,298] {dag.py:1833} INFO - Sync 1 DAGs
[2021-09-14 18:47:53,309] {logging_mixin.py:109} INFO - [2021-09-14 18:47:53,309] {dag.py:2306} INFO - Setting next_dagrun for tutorial_taskflow_api_etl to None
[2021-09-14 18:47:53,320] {processor.py:170} INFO - Processing /home/airflow/.local/lib/python3.8/site-packages/airflow/example_dags/tutorial_taskflow_api_etl.py took 0.372 seconds
[2021-09-14 18:48:24,461] {processor.py:162} INFO - Started process (PID=1860) to work on /home/airflow/.local/lib/python3.8/site-packages/airflow/example_dags/tutorial_taskflow_api_etl.py
[2021-09-14 18:48:24,516] {processor.py:613} INFO - Processing file /home/airflow/.local/lib/python3.8/site-packages/airflow/example_dags/tutorial_taskflow_api_etl.py for tasks to queue
[2021-09-14 18:48:24,516] {logging_mixin.py:109} INFO - [2021-09-14 18:48:24,516] {dagbag.py:496} INFO - Filling up the DagBag from /home/airflow/.local/lib/python3.8/site-packages/airflow/example_dags/tutorial_taskflow_api_etl.py
[2021-09-14 18:48:24,533] {processor.py:623} INFO - DAG(s) dict_keys(['tutorial_taskflow_api_etl']) retrieved from /home/airflow/.local/lib/python3.8/site-packages/airflow/example_dags/tutorial_taskflow_api_etl.py
[2021-09-14 18:48:24,806] {logging_mixin.py:109} INFO - [2021-09-14 18:48:24,806] {dag.py:1833} INFO - Sync 1 DAGs
[2021-09-14 18:48:24,816] {logging_mixin.py:109} INFO - [2021-09-14 18:48:24,816] {dag.py:2306} INFO - Setting next_dagrun for tutorial_taskflow_api_etl to None
[2021-09-14 18:48:24,825] {processor.py:170} INFO - Processing /home/airflow/.local/lib/python3.8/site-packages/airflow/example_dags/tutorial_taskflow_api_etl.py took 0.367 seconds
[2021-09-14 18:48:55,214] {processor.py:162} INFO - Started process (PID=1916) to work on /home/airflow/.local/lib/python3.8/site-packages/airflow/example_dags/tutorial_taskflow_api_etl.py
[2021-09-14 18:48:55,217] {processor.py:613} INFO - Processing file /home/airflow/.local/lib/python3.8/site-packages/airflow/example_dags/tutorial_taskflow_api_etl.py for tasks to queue
[2021-09-14 18:48:55,217] {logging_mixin.py:109} INFO - [2021-09-14 18:48:55,217] {dagbag.py:496} INFO - Filling up the DagBag from /home/airflow/.local/lib/python3.8/site-packages/airflow/example_dags/tutorial_taskflow_api_etl.py
[2021-09-14 18:48:55,228] {processor.py:623} INFO - DAG(s) dict_keys(['tutorial_taskflow_api_etl']) retrieved from /home/airflow/.local/lib/python3.8/site-packages/airflow/example_dags/tutorial_taskflow_api_etl.py
[2021-09-14 18:48:55,455] {logging_mixin.py:109} INFO - [2021-09-14 18:48:55,455] {dag.py:1833} INFO - Sync 1 DAGs
[2021-09-14 18:48:55,463] {logging_mixin.py:109} INFO - [2021-09-14 18:48:55,463] {dag.py:2306} INFO - Setting next_dagrun for tutorial_taskflow_api_etl to None
[2021-09-14 18:48:55,471] {processor.py:170} INFO - Processing /home/airflow/.local/lib/python3.8/site-packages/airflow/example_dags/tutorial_taskflow_api_etl.py took 0.260 seconds
[2021-09-14 18:49:25,832] {processor.py:162} INFO - Started process (PID=1964) to work on /home/airflow/.local/lib/python3.8/site-packages/airflow/example_dags/tutorial_taskflow_api_etl.py
[2021-09-14 18:49:25,850] {processor.py:613} INFO - Processing file /home/airflow/.local/lib/python3.8/site-packages/airflow/example_dags/tutorial_taskflow_api_etl.py for tasks to queue
[2021-09-14 18:49:25,851] {logging_mixin.py:109} INFO - [2021-09-14 18:49:25,850] {dagbag.py:496} INFO - Filling up the DagBag from /home/airflow/.local/lib/python3.8/site-packages/airflow/example_dags/tutorial_taskflow_api_etl.py
[2021-09-14 18:49:25,863] {processor.py:623} INFO - DAG(s) dict_keys(['tutorial_taskflow_api_etl']) retrieved from /home/airflow/.local/lib/python3.8/site-packages/airflow/example_dags/tutorial_taskflow_api_etl.py
[2021-09-14 18:49:26,152] {logging_mixin.py:109} INFO - [2021-09-14 18:49:26,151] {dag.py:1833} INFO - Sync 1 DAGs
[2021-09-14 18:49:26,168] {logging_mixin.py:109} INFO - [2021-09-14 18:49:26,168] {dag.py:2306} INFO - Setting next_dagrun for tutorial_taskflow_api_etl to None
[2021-09-14 18:49:26,178] {processor.py:170} INFO - Processing /home/airflow/.local/lib/python3.8/site-packages/airflow/example_dags/tutorial_taskflow_api_etl.py took 0.349 seconds
[2021-09-14 18:49:57,108] {processor.py:162} INFO - Started process (PID=2019) to work on /home/airflow/.local/lib/python3.8/site-packages/airflow/example_dags/tutorial_taskflow_api_etl.py
[2021-09-14 18:49:57,114] {processor.py:613} INFO - Processing file /home/airflow/.local/lib/python3.8/site-packages/airflow/example_dags/tutorial_taskflow_api_etl.py for tasks to queue
[2021-09-14 18:49:57,114] {logging_mixin.py:109} INFO - [2021-09-14 18:49:57,114] {dagbag.py:496} INFO - Filling up the DagBag from /home/airflow/.local/lib/python3.8/site-packages/airflow/example_dags/tutorial_taskflow_api_etl.py
[2021-09-14 18:49:57,141] {processor.py:623} INFO - DAG(s) dict_keys(['tutorial_taskflow_api_etl']) retrieved from /home/airflow/.local/lib/python3.8/site-packages/airflow/example_dags/tutorial_taskflow_api_etl.py
[2021-09-14 18:49:57,587] {logging_mixin.py:109} INFO - [2021-09-14 18:49:57,586] {dag.py:1833} INFO - Sync 1 DAGs
[2021-09-14 18:49:57,597] {logging_mixin.py:109} INFO - [2021-09-14 18:49:57,597] {dag.py:2306} INFO - Setting next_dagrun for tutorial_taskflow_api_etl to None
[2021-09-14 18:49:57,697] {processor.py:170} INFO - Processing /home/airflow/.local/lib/python3.8/site-packages/airflow/example_dags/tutorial_taskflow_api_etl.py took 0.593 seconds
[2021-09-14 18:50:28,173] {processor.py:162} INFO - Started process (PID=2074) to work on /home/airflow/.local/lib/python3.8/site-packages/airflow/example_dags/tutorial_taskflow_api_etl.py
[2021-09-14 18:50:28,177] {processor.py:613} INFO - Processing file /home/airflow/.local/lib/python3.8/site-packages/airflow/example_dags/tutorial_taskflow_api_etl.py for tasks to queue
[2021-09-14 18:50:28,178] {logging_mixin.py:109} INFO - [2021-09-14 18:50:28,178] {dagbag.py:496} INFO - Filling up the DagBag from /home/airflow/.local/lib/python3.8/site-packages/airflow/example_dags/tutorial_taskflow_api_etl.py
[2021-09-14 18:50:28,203] {processor.py:623} INFO - DAG(s) dict_keys(['tutorial_taskflow_api_etl']) retrieved from /home/airflow/.local/lib/python3.8/site-packages/airflow/example_dags/tutorial_taskflow_api_etl.py
[2021-09-14 18:50:28,680] {logging_mixin.py:109} INFO - [2021-09-14 18:50:28,680] {dag.py:1833} INFO - Sync 1 DAGs
[2021-09-14 18:50:28,726] {logging_mixin.py:109} INFO - [2021-09-14 18:50:28,726] {dag.py:2306} INFO - Setting next_dagrun for tutorial_taskflow_api_etl to None
[2021-09-14 18:50:28,738] {processor.py:170} INFO - Processing /home/airflow/.local/lib/python3.8/site-packages/airflow/example_dags/tutorial_taskflow_api_etl.py took 0.568 seconds
[2021-09-14 18:50:59,682] {processor.py:162} INFO - Started process (PID=2127) to work on /home/airflow/.local/lib/python3.8/site-packages/airflow/example_dags/tutorial_taskflow_api_etl.py
[2021-09-14 18:50:59,699] {processor.py:613} INFO - Processing file /home/airflow/.local/lib/python3.8/site-packages/airflow/example_dags/tutorial_taskflow_api_etl.py for tasks to queue
[2021-09-14 18:50:59,700] {logging_mixin.py:109} INFO - [2021-09-14 18:50:59,700] {dagbag.py:496} INFO - Filling up the DagBag from /home/airflow/.local/lib/python3.8/site-packages/airflow/example_dags/tutorial_taskflow_api_etl.py
[2021-09-14 18:50:59,714] {processor.py:623} INFO - DAG(s) dict_keys(['tutorial_taskflow_api_etl']) retrieved from /home/airflow/.local/lib/python3.8/site-packages/airflow/example_dags/tutorial_taskflow_api_etl.py
[2021-09-14 18:50:59,994] {logging_mixin.py:109} INFO - [2021-09-14 18:50:59,994] {dag.py:1833} INFO - Sync 1 DAGs
[2021-09-14 18:51:00,003] {logging_mixin.py:109} INFO - [2021-09-14 18:51:00,003] {dag.py:2306} INFO - Setting next_dagrun for tutorial_taskflow_api_etl to None
[2021-09-14 18:51:00,011] {processor.py:170} INFO - Processing /home/airflow/.local/lib/python3.8/site-packages/airflow/example_dags/tutorial_taskflow_api_etl.py took 0.332 seconds
[2021-09-14 18:51:31,306] {processor.py:162} INFO - Started process (PID=2190) to work on /home/airflow/.local/lib/python3.8/site-packages/airflow/example_dags/tutorial_taskflow_api_etl.py
[2021-09-14 18:51:31,307] {processor.py:613} INFO - Processing file /home/airflow/.local/lib/python3.8/site-packages/airflow/example_dags/tutorial_taskflow_api_etl.py for tasks to queue
[2021-09-14 18:51:31,308] {logging_mixin.py:109} INFO - [2021-09-14 18:51:31,308] {dagbag.py:496} INFO - Filling up the DagBag from /home/airflow/.local/lib/python3.8/site-packages/airflow/example_dags/tutorial_taskflow_api_etl.py
[2021-09-14 18:51:31,324] {processor.py:623} INFO - DAG(s) dict_keys(['tutorial_taskflow_api_etl']) retrieved from /home/airflow/.local/lib/python3.8/site-packages/airflow/example_dags/tutorial_taskflow_api_etl.py
[2021-09-14 18:51:31,602] {logging_mixin.py:109} INFO - [2021-09-14 18:51:31,601] {dag.py:1833} INFO - Sync 1 DAGs
[2021-09-14 18:51:31,616] {logging_mixin.py:109} INFO - [2021-09-14 18:51:31,615] {dag.py:2306} INFO - Setting next_dagrun for tutorial_taskflow_api_etl to None
[2021-09-14 18:51:31,626] {processor.py:170} INFO - Processing /home/airflow/.local/lib/python3.8/site-packages/airflow/example_dags/tutorial_taskflow_api_etl.py took 0.323 seconds
[2021-09-14 18:52:02,712] {processor.py:162} INFO - Started process (PID=2247) to work on /home/airflow/.local/lib/python3.8/site-packages/airflow/example_dags/tutorial_taskflow_api_etl.py
[2021-09-14 18:52:02,713] {processor.py:613} INFO - Processing file /home/airflow/.local/lib/python3.8/site-packages/airflow/example_dags/tutorial_taskflow_api_etl.py for tasks to queue
[2021-09-14 18:52:02,713] {logging_mixin.py:109} INFO - [2021-09-14 18:52:02,713] {dagbag.py:496} INFO - Filling up the DagBag from /home/airflow/.local/lib/python3.8/site-packages/airflow/example_dags/tutorial_taskflow_api_etl.py
[2021-09-14 18:52:02,728] {processor.py:623} INFO - DAG(s) dict_keys(['tutorial_taskflow_api_etl']) retrieved from /home/airflow/.local/lib/python3.8/site-packages/airflow/example_dags/tutorial_taskflow_api_etl.py
[2021-09-14 18:52:02,968] {logging_mixin.py:109} INFO - [2021-09-14 18:52:02,967] {dag.py:1833} INFO - Sync 1 DAGs
[2021-09-14 18:52:02,977] {logging_mixin.py:109} INFO - [2021-09-14 18:52:02,977] {dag.py:2306} INFO - Setting next_dagrun for tutorial_taskflow_api_etl to None
[2021-09-14 18:52:02,985] {processor.py:170} INFO - Processing /home/airflow/.local/lib/python3.8/site-packages/airflow/example_dags/tutorial_taskflow_api_etl.py took 0.277 seconds
[2021-09-14 18:52:34,024] {processor.py:162} INFO - Started process (PID=2298) to work on /home/airflow/.local/lib/python3.8/site-packages/airflow/example_dags/tutorial_taskflow_api_etl.py
[2021-09-14 18:52:34,024] {processor.py:613} INFO - Processing file /home/airflow/.local/lib/python3.8/site-packages/airflow/example_dags/tutorial_taskflow_api_etl.py for tasks to queue
[2021-09-14 18:52:34,025] {logging_mixin.py:109} INFO - [2021-09-14 18:52:34,025] {dagbag.py:496} INFO - Filling up the DagBag from /home/airflow/.local/lib/python3.8/site-packages/airflow/example_dags/tutorial_taskflow_api_etl.py
[2021-09-14 18:52:34,041] {processor.py:623} INFO - DAG(s) dict_keys(['tutorial_taskflow_api_etl']) retrieved from /home/airflow/.local/lib/python3.8/site-packages/airflow/example_dags/tutorial_taskflow_api_etl.py
[2021-09-14 18:52:34,327] {logging_mixin.py:109} INFO - [2021-09-14 18:52:34,327] {dag.py:1833} INFO - Sync 1 DAGs
[2021-09-14 18:52:34,336] {logging_mixin.py:109} INFO - [2021-09-14 18:52:34,336] {dag.py:2306} INFO - Setting next_dagrun for tutorial_taskflow_api_etl to None
[2021-09-14 18:52:34,345] {processor.py:170} INFO - Processing /home/airflow/.local/lib/python3.8/site-packages/airflow/example_dags/tutorial_taskflow_api_etl.py took 0.324 seconds
[2021-09-14 18:53:04,490] {processor.py:162} INFO - Started process (PID=2354) to work on /home/airflow/.local/lib/python3.8/site-packages/airflow/example_dags/tutorial_taskflow_api_etl.py
[2021-09-14 18:53:04,491] {processor.py:613} INFO - Processing file /home/airflow/.local/lib/python3.8/site-packages/airflow/example_dags/tutorial_taskflow_api_etl.py for tasks to queue
[2021-09-14 18:53:04,492] {logging_mixin.py:109} INFO - [2021-09-14 18:53:04,492] {dagbag.py:496} INFO - Filling up the DagBag from /home/airflow/.local/lib/python3.8/site-packages/airflow/example_dags/tutorial_taskflow_api_etl.py
[2021-09-14 18:53:04,503] {processor.py:623} INFO - DAG(s) dict_keys(['tutorial_taskflow_api_etl']) retrieved from /home/airflow/.local/lib/python3.8/site-packages/airflow/example_dags/tutorial_taskflow_api_etl.py
[2021-09-14 18:53:04,834] {logging_mixin.py:109} INFO - [2021-09-14 18:53:04,834] {dag.py:1833} INFO - Sync 1 DAGs
[2021-09-14 18:53:04,853] {logging_mixin.py:109} INFO - [2021-09-14 18:53:04,853] {dag.py:2306} INFO - Setting next_dagrun for tutorial_taskflow_api_etl to None
[2021-09-14 18:53:04,864] {processor.py:170} INFO - Processing /home/airflow/.local/lib/python3.8/site-packages/airflow/example_dags/tutorial_taskflow_api_etl.py took 0.377 seconds
[2021-09-14 18:53:35,023] {processor.py:162} INFO - Started process (PID=2400) to work on /home/airflow/.local/lib/python3.8/site-packages/airflow/example_dags/tutorial_taskflow_api_etl.py
[2021-09-14 18:53:35,024] {processor.py:613} INFO - Processing file /home/airflow/.local/lib/python3.8/site-packages/airflow/example_dags/tutorial_taskflow_api_etl.py for tasks to queue
[2021-09-14 18:53:35,025] {logging_mixin.py:109} INFO - [2021-09-14 18:53:35,025] {dagbag.py:496} INFO - Filling up the DagBag from /home/airflow/.local/lib/python3.8/site-packages/airflow/example_dags/tutorial_taskflow_api_etl.py
[2021-09-14 18:53:35,036] {processor.py:623} INFO - DAG(s) dict_keys(['tutorial_taskflow_api_etl']) retrieved from /home/airflow/.local/lib/python3.8/site-packages/airflow/example_dags/tutorial_taskflow_api_etl.py
[2021-09-14 18:53:35,303] {logging_mixin.py:109} INFO - [2021-09-14 18:53:35,303] {dag.py:1833} INFO - Sync 1 DAGs
[2021-09-14 18:53:35,314] {logging_mixin.py:109} INFO - [2021-09-14 18:53:35,314] {dag.py:2306} INFO - Setting next_dagrun for tutorial_taskflow_api_etl to None
[2021-09-14 18:53:35,323] {processor.py:170} INFO - Processing /home/airflow/.local/lib/python3.8/site-packages/airflow/example_dags/tutorial_taskflow_api_etl.py took 0.303 seconds
[2021-09-14 18:54:06,344] {processor.py:162} INFO - Started process (PID=2457) to work on /home/airflow/.local/lib/python3.8/site-packages/airflow/example_dags/tutorial_taskflow_api_etl.py
[2021-09-14 18:54:06,346] {processor.py:613} INFO - Processing file /home/airflow/.local/lib/python3.8/site-packages/airflow/example_dags/tutorial_taskflow_api_etl.py for tasks to queue
[2021-09-14 18:54:06,346] {logging_mixin.py:109} INFO - [2021-09-14 18:54:06,346] {dagbag.py:496} INFO - Filling up the DagBag from /home/airflow/.local/lib/python3.8/site-packages/airflow/example_dags/tutorial_taskflow_api_etl.py
[2021-09-14 18:54:06,357] {processor.py:623} INFO - DAG(s) dict_keys(['tutorial_taskflow_api_etl']) retrieved from /home/airflow/.local/lib/python3.8/site-packages/airflow/example_dags/tutorial_taskflow_api_etl.py
[2021-09-14 18:54:06,582] {logging_mixin.py:109} INFO - [2021-09-14 18:54:06,582] {dag.py:1833} INFO - Sync 1 DAGs
[2021-09-14 18:54:06,591] {logging_mixin.py:109} INFO - [2021-09-14 18:54:06,591] {dag.py:2306} INFO - Setting next_dagrun for tutorial_taskflow_api_etl to None
[2021-09-14 18:54:06,601] {processor.py:170} INFO - Processing /home/airflow/.local/lib/python3.8/site-packages/airflow/example_dags/tutorial_taskflow_api_etl.py took 0.260 seconds
[2021-09-14 18:54:37,638] {processor.py:162} INFO - Started process (PID=2513) to work on /home/airflow/.local/lib/python3.8/site-packages/airflow/example_dags/tutorial_taskflow_api_etl.py
[2021-09-14 18:54:37,639] {processor.py:613} INFO - Processing file /home/airflow/.local/lib/python3.8/site-packages/airflow/example_dags/tutorial_taskflow_api_etl.py for tasks to queue
[2021-09-14 18:54:37,640] {logging_mixin.py:109} INFO - [2021-09-14 18:54:37,640] {dagbag.py:496} INFO - Filling up the DagBag from /home/airflow/.local/lib/python3.8/site-packages/airflow/example_dags/tutorial_taskflow_api_etl.py
[2021-09-14 18:54:37,655] {processor.py:623} INFO - DAG(s) dict_keys(['tutorial_taskflow_api_etl']) retrieved from /home/airflow/.local/lib/python3.8/site-packages/airflow/example_dags/tutorial_taskflow_api_etl.py
[2021-09-14 18:54:37,952] {logging_mixin.py:109} INFO - [2021-09-14 18:54:37,952] {dag.py:1833} INFO - Sync 1 DAGs
[2021-09-14 18:54:37,962] {logging_mixin.py:109} INFO - [2021-09-14 18:54:37,962] {dag.py:2306} INFO - Setting next_dagrun for tutorial_taskflow_api_etl to None
[2021-09-14 18:54:37,980] {processor.py:170} INFO - Processing /home/airflow/.local/lib/python3.8/site-packages/airflow/example_dags/tutorial_taskflow_api_etl.py took 0.346 seconds
[2021-09-14 18:55:08,200] {processor.py:162} INFO - Started process (PID=2560) to work on /home/airflow/.local/lib/python3.8/site-packages/airflow/example_dags/tutorial_taskflow_api_etl.py
[2021-09-14 18:55:08,203] {processor.py:613} INFO - Processing file /home/airflow/.local/lib/python3.8/site-packages/airflow/example_dags/tutorial_taskflow_api_etl.py for tasks to queue
[2021-09-14 18:55:08,204] {logging_mixin.py:109} INFO - [2021-09-14 18:55:08,204] {dagbag.py:496} INFO - Filling up the DagBag from /home/airflow/.local/lib/python3.8/site-packages/airflow/example_dags/tutorial_taskflow_api_etl.py
[2021-09-14 18:55:08,220] {processor.py:623} INFO - DAG(s) dict_keys(['tutorial_taskflow_api_etl']) retrieved from /home/airflow/.local/lib/python3.8/site-packages/airflow/example_dags/tutorial_taskflow_api_etl.py
[2021-09-14 18:55:08,633] {logging_mixin.py:109} INFO - [2021-09-14 18:55:08,633] {dag.py:1833} INFO - Sync 1 DAGs
[2021-09-14 18:55:08,651] {logging_mixin.py:109} INFO - [2021-09-14 18:55:08,651] {dag.py:2306} INFO - Setting next_dagrun for tutorial_taskflow_api_etl to None
[2021-09-14 18:55:08,672] {processor.py:170} INFO - Processing /home/airflow/.local/lib/python3.8/site-packages/airflow/example_dags/tutorial_taskflow_api_etl.py took 0.475 seconds
[2021-09-14 18:55:39,327] {processor.py:162} INFO - Started process (PID=2615) to work on /home/airflow/.local/lib/python3.8/site-packages/airflow/example_dags/tutorial_taskflow_api_etl.py
[2021-09-14 18:55:39,328] {processor.py:613} INFO - Processing file /home/airflow/.local/lib/python3.8/site-packages/airflow/example_dags/tutorial_taskflow_api_etl.py for tasks to queue
[2021-09-14 18:55:39,329] {logging_mixin.py:109} INFO - [2021-09-14 18:55:39,328] {dagbag.py:496} INFO - Filling up the DagBag from /home/airflow/.local/lib/python3.8/site-packages/airflow/example_dags/tutorial_taskflow_api_etl.py
[2021-09-14 18:55:39,343] {processor.py:623} INFO - DAG(s) dict_keys(['tutorial_taskflow_api_etl']) retrieved from /home/airflow/.local/lib/python3.8/site-packages/airflow/example_dags/tutorial_taskflow_api_etl.py
[2021-09-14 18:55:39,362] {logging_mixin.py:109} INFO - [2021-09-14 18:55:39,362] {dag.py:1833} INFO - Sync 1 DAGs
[2021-09-14 18:55:39,376] {logging_mixin.py:109} INFO - [2021-09-14 18:55:39,376] {dag.py:2306} INFO - Setting next_dagrun for tutorial_taskflow_api_etl to None
[2021-09-14 18:55:39,384] {processor.py:170} INFO - Processing /home/airflow/.local/lib/python3.8/site-packages/airflow/example_dags/tutorial_taskflow_api_etl.py took 0.060 seconds
[2021-09-14 18:56:10,249] {processor.py:162} INFO - Started process (PID=2671) to work on /home/airflow/.local/lib/python3.8/site-packages/airflow/example_dags/tutorial_taskflow_api_etl.py
[2021-09-14 18:56:10,250] {processor.py:613} INFO - Processing file /home/airflow/.local/lib/python3.8/site-packages/airflow/example_dags/tutorial_taskflow_api_etl.py for tasks to queue
[2021-09-14 18:56:10,251] {logging_mixin.py:109} INFO - [2021-09-14 18:56:10,251] {dagbag.py:496} INFO - Filling up the DagBag from /home/airflow/.local/lib/python3.8/site-packages/airflow/example_dags/tutorial_taskflow_api_etl.py
[2021-09-14 18:56:10,270] {processor.py:623} INFO - DAG(s) dict_keys(['tutorial_taskflow_api_etl']) retrieved from /home/airflow/.local/lib/python3.8/site-packages/airflow/example_dags/tutorial_taskflow_api_etl.py
[2021-09-14 18:56:10,663] {logging_mixin.py:109} INFO - [2021-09-14 18:56:10,663] {dag.py:1833} INFO - Sync 1 DAGs
[2021-09-14 18:56:10,679] {logging_mixin.py:109} INFO - [2021-09-14 18:56:10,679] {dag.py:2306} INFO - Setting next_dagrun for tutorial_taskflow_api_etl to None
[2021-09-14 18:56:10,690] {processor.py:170} INFO - Processing /home/airflow/.local/lib/python3.8/site-packages/airflow/example_dags/tutorial_taskflow_api_etl.py took 0.444 seconds
[2021-09-14 18:56:40,852] {processor.py:162} INFO - Started process (PID=2719) to work on /home/airflow/.local/lib/python3.8/site-packages/airflow/example_dags/tutorial_taskflow_api_etl.py
[2021-09-14 18:56:40,853] {processor.py:613} INFO - Processing file /home/airflow/.local/lib/python3.8/site-packages/airflow/example_dags/tutorial_taskflow_api_etl.py for tasks to queue
[2021-09-14 18:56:40,853] {logging_mixin.py:109} INFO - [2021-09-14 18:56:40,853] {dagbag.py:496} INFO - Filling up the DagBag from /home/airflow/.local/lib/python3.8/site-packages/airflow/example_dags/tutorial_taskflow_api_etl.py
[2021-09-14 18:56:40,864] {processor.py:623} INFO - DAG(s) dict_keys(['tutorial_taskflow_api_etl']) retrieved from /home/airflow/.local/lib/python3.8/site-packages/airflow/example_dags/tutorial_taskflow_api_etl.py
[2021-09-14 18:56:41,091] {logging_mixin.py:109} INFO - [2021-09-14 18:56:41,091] {dag.py:1833} INFO - Sync 1 DAGs
[2021-09-14 18:56:41,100] {logging_mixin.py:109} INFO - [2021-09-14 18:56:41,100] {dag.py:2306} INFO - Setting next_dagrun for tutorial_taskflow_api_etl to None
[2021-09-14 18:56:41,107] {processor.py:170} INFO - Processing /home/airflow/.local/lib/python3.8/site-packages/airflow/example_dags/tutorial_taskflow_api_etl.py took 0.258 seconds
[2021-09-14 18:57:11,498] {processor.py:162} INFO - Started process (PID=2776) to work on /home/airflow/.local/lib/python3.8/site-packages/airflow/example_dags/tutorial_taskflow_api_etl.py
[2021-09-14 18:57:11,499] {processor.py:613} INFO - Processing file /home/airflow/.local/lib/python3.8/site-packages/airflow/example_dags/tutorial_taskflow_api_etl.py for tasks to queue
[2021-09-14 18:57:11,500] {logging_mixin.py:109} INFO - [2021-09-14 18:57:11,500] {dagbag.py:496} INFO - Filling up the DagBag from /home/airflow/.local/lib/python3.8/site-packages/airflow/example_dags/tutorial_taskflow_api_etl.py
[2021-09-14 18:57:11,518] {processor.py:623} INFO - DAG(s) dict_keys(['tutorial_taskflow_api_etl']) retrieved from /home/airflow/.local/lib/python3.8/site-packages/airflow/example_dags/tutorial_taskflow_api_etl.py
[2021-09-14 18:57:11,766] {logging_mixin.py:109} INFO - [2021-09-14 18:57:11,766] {dag.py:1833} INFO - Sync 1 DAGs
[2021-09-14 18:57:11,776] {logging_mixin.py:109} INFO - [2021-09-14 18:57:11,776] {dag.py:2306} INFO - Setting next_dagrun for tutorial_taskflow_api_etl to None
[2021-09-14 18:57:11,786] {processor.py:170} INFO - Processing /home/airflow/.local/lib/python3.8/site-packages/airflow/example_dags/tutorial_taskflow_api_etl.py took 0.291 seconds
[2021-09-14 18:57:42,500] {processor.py:162} INFO - Started process (PID=2823) to work on /home/airflow/.local/lib/python3.8/site-packages/airflow/example_dags/tutorial_taskflow_api_etl.py
[2021-09-14 18:57:42,501] {processor.py:613} INFO - Processing file /home/airflow/.local/lib/python3.8/site-packages/airflow/example_dags/tutorial_taskflow_api_etl.py for tasks to queue
[2021-09-14 18:57:42,502] {logging_mixin.py:109} INFO - [2021-09-14 18:57:42,502] {dagbag.py:496} INFO - Filling up the DagBag from /home/airflow/.local/lib/python3.8/site-packages/airflow/example_dags/tutorial_taskflow_api_etl.py
[2021-09-14 18:57:42,514] {processor.py:623} INFO - DAG(s) dict_keys(['tutorial_taskflow_api_etl']) retrieved from /home/airflow/.local/lib/python3.8/site-packages/airflow/example_dags/tutorial_taskflow_api_etl.py
[2021-09-14 18:57:42,735] {logging_mixin.py:109} INFO - [2021-09-14 18:57:42,735] {dag.py:1833} INFO - Sync 1 DAGs
[2021-09-14 18:57:42,744] {logging_mixin.py:109} INFO - [2021-09-14 18:57:42,744] {dag.py:2306} INFO - Setting next_dagrun for tutorial_taskflow_api_etl to None
[2021-09-14 18:57:42,752] {processor.py:170} INFO - Processing /home/airflow/.local/lib/python3.8/site-packages/airflow/example_dags/tutorial_taskflow_api_etl.py took 0.255 seconds
[2021-09-14 18:58:13,335] {processor.py:162} INFO - Started process (PID=2878) to work on /home/airflow/.local/lib/python3.8/site-packages/airflow/example_dags/tutorial_taskflow_api_etl.py
[2021-09-14 18:58:13,336] {processor.py:613} INFO - Processing file /home/airflow/.local/lib/python3.8/site-packages/airflow/example_dags/tutorial_taskflow_api_etl.py for tasks to queue
[2021-09-14 18:58:13,337] {logging_mixin.py:109} INFO - [2021-09-14 18:58:13,337] {dagbag.py:496} INFO - Filling up the DagBag from /home/airflow/.local/lib/python3.8/site-packages/airflow/example_dags/tutorial_taskflow_api_etl.py
[2021-09-14 18:58:13,355] {processor.py:623} INFO - DAG(s) dict_keys(['tutorial_taskflow_api_etl']) retrieved from /home/airflow/.local/lib/python3.8/site-packages/airflow/example_dags/tutorial_taskflow_api_etl.py
[2021-09-14 18:58:13,673] {logging_mixin.py:109} INFO - [2021-09-14 18:58:13,672] {dag.py:1833} INFO - Sync 1 DAGs
[2021-09-14 18:58:13,682] {logging_mixin.py:109} INFO - [2021-09-14 18:58:13,682] {dag.py:2306} INFO - Setting next_dagrun for tutorial_taskflow_api_etl to None
[2021-09-14 18:58:13,691] {processor.py:170} INFO - Processing /home/airflow/.local/lib/python3.8/site-packages/airflow/example_dags/tutorial_taskflow_api_etl.py took 0.359 seconds
[2021-09-14 18:58:43,940] {processor.py:162} INFO - Started process (PID=2936) to work on /home/airflow/.local/lib/python3.8/site-packages/airflow/example_dags/tutorial_taskflow_api_etl.py
[2021-09-14 18:58:43,942] {processor.py:613} INFO - Processing file /home/airflow/.local/lib/python3.8/site-packages/airflow/example_dags/tutorial_taskflow_api_etl.py for tasks to queue
[2021-09-14 18:58:43,942] {logging_mixin.py:109} INFO - [2021-09-14 18:58:43,942] {dagbag.py:496} INFO - Filling up the DagBag from /home/airflow/.local/lib/python3.8/site-packages/airflow/example_dags/tutorial_taskflow_api_etl.py
[2021-09-14 18:58:43,953] {processor.py:623} INFO - DAG(s) dict_keys(['tutorial_taskflow_api_etl']) retrieved from /home/airflow/.local/lib/python3.8/site-packages/airflow/example_dags/tutorial_taskflow_api_etl.py
[2021-09-14 18:58:44,174] {logging_mixin.py:109} INFO - [2021-09-14 18:58:44,173] {dag.py:1833} INFO - Sync 1 DAGs
[2021-09-14 18:58:44,182] {logging_mixin.py:109} INFO - [2021-09-14 18:58:44,182] {dag.py:2306} INFO - Setting next_dagrun for tutorial_taskflow_api_etl to None
[2021-09-14 18:58:44,190] {processor.py:170} INFO - Processing /home/airflow/.local/lib/python3.8/site-packages/airflow/example_dags/tutorial_taskflow_api_etl.py took 0.253 seconds
[2021-09-14 18:59:14,323] {processor.py:162} INFO - Started process (PID=2984) to work on /home/airflow/.local/lib/python3.8/site-packages/airflow/example_dags/tutorial_taskflow_api_etl.py
[2021-09-14 18:59:14,324] {processor.py:613} INFO - Processing file /home/airflow/.local/lib/python3.8/site-packages/airflow/example_dags/tutorial_taskflow_api_etl.py for tasks to queue
[2021-09-14 18:59:14,325] {logging_mixin.py:109} INFO - [2021-09-14 18:59:14,325] {dagbag.py:496} INFO - Filling up the DagBag from /home/airflow/.local/lib/python3.8/site-packages/airflow/example_dags/tutorial_taskflow_api_etl.py
[2021-09-14 18:59:14,336] {processor.py:623} INFO - DAG(s) dict_keys(['tutorial_taskflow_api_etl']) retrieved from /home/airflow/.local/lib/python3.8/site-packages/airflow/example_dags/tutorial_taskflow_api_etl.py
[2021-09-14 18:59:14,591] {logging_mixin.py:109} INFO - [2021-09-14 18:59:14,591] {dag.py:1833} INFO - Sync 1 DAGs
[2021-09-14 18:59:14,602] {logging_mixin.py:109} INFO - [2021-09-14 18:59:14,602] {dag.py:2306} INFO - Setting next_dagrun for tutorial_taskflow_api_etl to None
[2021-09-14 18:59:14,611] {processor.py:170} INFO - Processing /home/airflow/.local/lib/python3.8/site-packages/airflow/example_dags/tutorial_taskflow_api_etl.py took 0.290 seconds
[2021-09-14 18:59:45,507] {processor.py:162} INFO - Started process (PID=3040) to work on /home/airflow/.local/lib/python3.8/site-packages/airflow/example_dags/tutorial_taskflow_api_etl.py
[2021-09-14 18:59:45,508] {processor.py:613} INFO - Processing file /home/airflow/.local/lib/python3.8/site-packages/airflow/example_dags/tutorial_taskflow_api_etl.py for tasks to queue
[2021-09-14 18:59:45,509] {logging_mixin.py:109} INFO - [2021-09-14 18:59:45,509] {dagbag.py:496} INFO - Filling up the DagBag from /home/airflow/.local/lib/python3.8/site-packages/airflow/example_dags/tutorial_taskflow_api_etl.py
[2021-09-14 18:59:45,520] {processor.py:623} INFO - DAG(s) dict_keys(['tutorial_taskflow_api_etl']) retrieved from /home/airflow/.local/lib/python3.8/site-packages/airflow/example_dags/tutorial_taskflow_api_etl.py
[2021-09-14 18:59:45,807] {logging_mixin.py:109} INFO - [2021-09-14 18:59:45,807] {dag.py:1833} INFO - Sync 1 DAGs
[2021-09-14 18:59:45,816] {logging_mixin.py:109} INFO - [2021-09-14 18:59:45,816] {dag.py:2306} INFO - Setting next_dagrun for tutorial_taskflow_api_etl to None
[2021-09-14 18:59:45,825] {processor.py:170} INFO - Processing /home/airflow/.local/lib/python3.8/site-packages/airflow/example_dags/tutorial_taskflow_api_etl.py took 0.321 seconds
[2021-09-14 19:00:15,989] {processor.py:162} INFO - Started process (PID=3097) to work on /home/airflow/.local/lib/python3.8/site-packages/airflow/example_dags/tutorial_taskflow_api_etl.py
[2021-09-14 19:00:15,993] {processor.py:613} INFO - Processing file /home/airflow/.local/lib/python3.8/site-packages/airflow/example_dags/tutorial_taskflow_api_etl.py for tasks to queue
[2021-09-14 19:00:15,994] {logging_mixin.py:109} INFO - [2021-09-14 19:00:15,994] {dagbag.py:496} INFO - Filling up the DagBag from /home/airflow/.local/lib/python3.8/site-packages/airflow/example_dags/tutorial_taskflow_api_etl.py
[2021-09-14 19:00:16,010] {processor.py:623} INFO - DAG(s) dict_keys(['tutorial_taskflow_api_etl']) retrieved from /home/airflow/.local/lib/python3.8/site-packages/airflow/example_dags/tutorial_taskflow_api_etl.py
[2021-09-14 19:00:16,283] {logging_mixin.py:109} INFO - [2021-09-14 19:00:16,283] {dag.py:1833} INFO - Sync 1 DAGs
[2021-09-14 19:00:16,293] {logging_mixin.py:109} INFO - [2021-09-14 19:00:16,293] {dag.py:2306} INFO - Setting next_dagrun for tutorial_taskflow_api_etl to None
[2021-09-14 19:00:16,310] {processor.py:170} INFO - Processing /home/airflow/.local/lib/python3.8/site-packages/airflow/example_dags/tutorial_taskflow_api_etl.py took 0.324 seconds
[2021-09-14 19:00:47,114] {processor.py:162} INFO - Started process (PID=3145) to work on /home/airflow/.local/lib/python3.8/site-packages/airflow/example_dags/tutorial_taskflow_api_etl.py
[2021-09-14 19:00:47,115] {processor.py:613} INFO - Processing file /home/airflow/.local/lib/python3.8/site-packages/airflow/example_dags/tutorial_taskflow_api_etl.py for tasks to queue
[2021-09-14 19:00:47,116] {logging_mixin.py:109} INFO - [2021-09-14 19:00:47,116] {dagbag.py:496} INFO - Filling up the DagBag from /home/airflow/.local/lib/python3.8/site-packages/airflow/example_dags/tutorial_taskflow_api_etl.py
[2021-09-14 19:00:47,127] {processor.py:623} INFO - DAG(s) dict_keys(['tutorial_taskflow_api_etl']) retrieved from /home/airflow/.local/lib/python3.8/site-packages/airflow/example_dags/tutorial_taskflow_api_etl.py
[2021-09-14 19:00:47,143] {logging_mixin.py:109} INFO - [2021-09-14 19:00:47,142] {dag.py:1833} INFO - Sync 1 DAGs
[2021-09-14 19:00:47,160] {logging_mixin.py:109} INFO - [2021-09-14 19:00:47,160] {dag.py:2306} INFO - Setting next_dagrun for tutorial_taskflow_api_etl to None
[2021-09-14 19:00:47,168] {processor.py:170} INFO - Processing /home/airflow/.local/lib/python3.8/site-packages/airflow/example_dags/tutorial_taskflow_api_etl.py took 0.056 seconds
[2021-09-14 19:01:17,721] {processor.py:162} INFO - Started process (PID=3201) to work on /home/airflow/.local/lib/python3.8/site-packages/airflow/example_dags/tutorial_taskflow_api_etl.py
[2021-09-14 19:01:17,722] {processor.py:613} INFO - Processing file /home/airflow/.local/lib/python3.8/site-packages/airflow/example_dags/tutorial_taskflow_api_etl.py for tasks to queue
[2021-09-14 19:01:17,723] {logging_mixin.py:109} INFO - [2021-09-14 19:01:17,723] {dagbag.py:496} INFO - Filling up the DagBag from /home/airflow/.local/lib/python3.8/site-packages/airflow/example_dags/tutorial_taskflow_api_etl.py
[2021-09-14 19:01:17,740] {processor.py:623} INFO - DAG(s) dict_keys(['tutorial_taskflow_api_etl']) retrieved from /home/airflow/.local/lib/python3.8/site-packages/airflow/example_dags/tutorial_taskflow_api_etl.py
[2021-09-14 19:01:17,965] {logging_mixin.py:109} INFO - [2021-09-14 19:01:17,965] {dag.py:1833} INFO - Sync 1 DAGs
[2021-09-14 19:01:17,980] {logging_mixin.py:109} INFO - [2021-09-14 19:01:17,980] {dag.py:2306} INFO - Setting next_dagrun for tutorial_taskflow_api_etl to None
[2021-09-14 19:01:17,994] {processor.py:170} INFO - Processing /home/airflow/.local/lib/python3.8/site-packages/airflow/example_dags/tutorial_taskflow_api_etl.py took 0.276 seconds
[2021-09-14 19:01:48,879] {processor.py:162} INFO - Started process (PID=3249) to work on /home/airflow/.local/lib/python3.8/site-packages/airflow/example_dags/tutorial_taskflow_api_etl.py
[2021-09-14 19:01:48,880] {processor.py:613} INFO - Processing file /home/airflow/.local/lib/python3.8/site-packages/airflow/example_dags/tutorial_taskflow_api_etl.py for tasks to queue
[2021-09-14 19:01:48,881] {logging_mixin.py:109} INFO - [2021-09-14 19:01:48,881] {dagbag.py:496} INFO - Filling up the DagBag from /home/airflow/.local/lib/python3.8/site-packages/airflow/example_dags/tutorial_taskflow_api_etl.py
[2021-09-14 19:01:48,893] {processor.py:623} INFO - DAG(s) dict_keys(['tutorial_taskflow_api_etl']) retrieved from /home/airflow/.local/lib/python3.8/site-packages/airflow/example_dags/tutorial_taskflow_api_etl.py
[2021-09-14 19:01:49,225] {logging_mixin.py:109} INFO - [2021-09-14 19:01:49,225] {dag.py:1833} INFO - Sync 1 DAGs
[2021-09-14 19:01:49,234] {logging_mixin.py:109} INFO - [2021-09-14 19:01:49,234] {dag.py:2306} INFO - Setting next_dagrun for tutorial_taskflow_api_etl to None
[2021-09-14 19:01:49,242] {processor.py:170} INFO - Processing /home/airflow/.local/lib/python3.8/site-packages/airflow/example_dags/tutorial_taskflow_api_etl.py took 0.366 seconds
[2021-09-14 19:02:20,290] {processor.py:162} INFO - Started process (PID=3307) to work on /home/airflow/.local/lib/python3.8/site-packages/airflow/example_dags/tutorial_taskflow_api_etl.py
[2021-09-14 19:02:20,291] {processor.py:613} INFO - Processing file /home/airflow/.local/lib/python3.8/site-packages/airflow/example_dags/tutorial_taskflow_api_etl.py for tasks to queue
[2021-09-14 19:02:20,292] {logging_mixin.py:109} INFO - [2021-09-14 19:02:20,292] {dagbag.py:496} INFO - Filling up the DagBag from /home/airflow/.local/lib/python3.8/site-packages/airflow/example_dags/tutorial_taskflow_api_etl.py
[2021-09-14 19:02:20,308] {processor.py:623} INFO - DAG(s) dict_keys(['tutorial_taskflow_api_etl']) retrieved from /home/airflow/.local/lib/python3.8/site-packages/airflow/example_dags/tutorial_taskflow_api_etl.py
[2021-09-14 19:02:20,616] {logging_mixin.py:109} INFO - [2021-09-14 19:02:20,616] {dag.py:1833} INFO - Sync 1 DAGs
[2021-09-14 19:02:20,626] {logging_mixin.py:109} INFO - [2021-09-14 19:02:20,626] {dag.py:2306} INFO - Setting next_dagrun for tutorial_taskflow_api_etl to None
[2021-09-14 19:02:20,636] {processor.py:170} INFO - Processing /home/airflow/.local/lib/python3.8/site-packages/airflow/example_dags/tutorial_taskflow_api_etl.py took 0.349 seconds
[2021-09-14 19:02:51,586] {processor.py:162} INFO - Started process (PID=3364) to work on /home/airflow/.local/lib/python3.8/site-packages/airflow/example_dags/tutorial_taskflow_api_etl.py
[2021-09-14 19:02:51,587] {processor.py:613} INFO - Processing file /home/airflow/.local/lib/python3.8/site-packages/airflow/example_dags/tutorial_taskflow_api_etl.py for tasks to queue
[2021-09-14 19:02:51,588] {logging_mixin.py:109} INFO - [2021-09-14 19:02:51,588] {dagbag.py:496} INFO - Filling up the DagBag from /home/airflow/.local/lib/python3.8/site-packages/airflow/example_dags/tutorial_taskflow_api_etl.py
[2021-09-14 19:02:51,604] {processor.py:623} INFO - DAG(s) dict_keys(['tutorial_taskflow_api_etl']) retrieved from /home/airflow/.local/lib/python3.8/site-packages/airflow/example_dags/tutorial_taskflow_api_etl.py
[2021-09-14 19:02:51,839] {logging_mixin.py:109} INFO - [2021-09-14 19:02:51,839] {dag.py:1833} INFO - Sync 1 DAGs
[2021-09-14 19:02:51,851] {logging_mixin.py:109} INFO - [2021-09-14 19:02:51,851] {dag.py:2306} INFO - Setting next_dagrun for tutorial_taskflow_api_etl to None
[2021-09-14 19:02:51,861] {processor.py:170} INFO - Processing /home/airflow/.local/lib/python3.8/site-packages/airflow/example_dags/tutorial_taskflow_api_etl.py took 0.277 seconds
[2021-09-14 19:03:22,131] {processor.py:162} INFO - Started process (PID=3411) to work on /home/airflow/.local/lib/python3.8/site-packages/airflow/example_dags/tutorial_taskflow_api_etl.py
[2021-09-14 19:03:22,132] {processor.py:613} INFO - Processing file /home/airflow/.local/lib/python3.8/site-packages/airflow/example_dags/tutorial_taskflow_api_etl.py for tasks to queue
[2021-09-14 19:03:22,133] {logging_mixin.py:109} INFO - [2021-09-14 19:03:22,133] {dagbag.py:496} INFO - Filling up the DagBag from /home/airflow/.local/lib/python3.8/site-packages/airflow/example_dags/tutorial_taskflow_api_etl.py
[2021-09-14 19:03:22,147] {processor.py:623} INFO - DAG(s) dict_keys(['tutorial_taskflow_api_etl']) retrieved from /home/airflow/.local/lib/python3.8/site-packages/airflow/example_dags/tutorial_taskflow_api_etl.py
[2021-09-14 19:03:22,383] {logging_mixin.py:109} INFO - [2021-09-14 19:03:22,382] {dag.py:1833} INFO - Sync 1 DAGs
[2021-09-14 19:03:22,391] {logging_mixin.py:109} INFO - [2021-09-14 19:03:22,391] {dag.py:2306} INFO - Setting next_dagrun for tutorial_taskflow_api_etl to None
[2021-09-14 19:03:22,398] {processor.py:170} INFO - Processing /home/airflow/.local/lib/python3.8/site-packages/airflow/example_dags/tutorial_taskflow_api_etl.py took 0.269 seconds
[2021-09-14 19:03:52,946] {processor.py:162} INFO - Started process (PID=3469) to work on /home/airflow/.local/lib/python3.8/site-packages/airflow/example_dags/tutorial_taskflow_api_etl.py
[2021-09-14 19:03:52,949] {processor.py:613} INFO - Processing file /home/airflow/.local/lib/python3.8/site-packages/airflow/example_dags/tutorial_taskflow_api_etl.py for tasks to queue
[2021-09-14 19:03:52,950] {logging_mixin.py:109} INFO - [2021-09-14 19:03:52,950] {dagbag.py:496} INFO - Filling up the DagBag from /home/airflow/.local/lib/python3.8/site-packages/airflow/example_dags/tutorial_taskflow_api_etl.py
[2021-09-14 19:03:52,971] {processor.py:623} INFO - DAG(s) dict_keys(['tutorial_taskflow_api_etl']) retrieved from /home/airflow/.local/lib/python3.8/site-packages/airflow/example_dags/tutorial_taskflow_api_etl.py
[2021-09-14 19:03:53,273] {logging_mixin.py:109} INFO - [2021-09-14 19:03:53,273] {dag.py:1833} INFO - Sync 1 DAGs
[2021-09-14 19:03:53,281] {logging_mixin.py:109} INFO - [2021-09-14 19:03:53,281] {dag.py:2306} INFO - Setting next_dagrun for tutorial_taskflow_api_etl to None
[2021-09-14 19:03:53,357] {processor.py:170} INFO - Processing /home/airflow/.local/lib/python3.8/site-packages/airflow/example_dags/tutorial_taskflow_api_etl.py took 0.414 seconds
